device: cuda:2
output directory: RESULTS/cifar10-10k/fc-tanh/seed_0/mse/ivon/lr_0.0005_h0_1.0_post_10_alpha_100.0_beta2_0.9995_beta_0.0_ess_10000000.0_ivon
Files already downloaded and verified
Files already downloaded and verified
optimizer is IVON
0	0.597	0.131	0.597	0.131
10	0.574	0.136	0.574	0.137
20	0.558	0.142	0.559	0.142
30	0.547	0.148	0.548	0.148
40	0.539	0.155	0.540	0.155
eigenvalues:  tensor([80.6514, 66.5506])
hess item is 0.975383460521698
50	0.532	0.160	0.533	0.162
60	0.526	0.168	0.528	0.168
70	0.521	0.173	0.523	0.173
80	0.517	0.178	0.519	0.177
90	0.513	0.184	0.515	0.183
eigenvalues:  tensor([80.3489, 66.1826])
hess item is 0.9513750672340393
100	0.510	0.189	0.512	0.186
110	0.507	0.194	0.509	0.190
120	0.505	0.198	0.506	0.194
130	0.502	0.201	0.504	0.196
140	0.500	0.205	0.502	0.199
eigenvalues:  tensor([79.9033, 65.7479])
hess item is 0.9279576539993286
150	0.498	0.208	0.500	0.201
160	0.496	0.211	0.498	0.203
170	0.494	0.212	0.496	0.206
180	0.492	0.215	0.494	0.208
190	0.490	0.217	0.492	0.211
eigenvalues:  tensor([79.4948, 65.3270])
hess item is 0.9051150679588318
200	0.488	0.219	0.491	0.214
210	0.487	0.221	0.489	0.216
220	0.485	0.223	0.488	0.218
230	0.484	0.224	0.487	0.219
240	0.482	0.226	0.485	0.221
eigenvalues:  tensor([79.1272, 64.9227])
hess item is 0.8828411102294922
250	0.481	0.228	0.484	0.224
260	0.480	0.229	0.483	0.225
270	0.479	0.231	0.481	0.226
280	0.477	0.234	0.480	0.228
290	0.476	0.235	0.479	0.228
eigenvalues:  tensor([78.7856, 64.5372])
hess item is 0.8611143231391907
300	0.475	0.238	0.478	0.230
310	0.474	0.240	0.477	0.230
320	0.473	0.241	0.476	0.232
330	0.472	0.244	0.475	0.233
340	0.471	0.245	0.474	0.235
eigenvalues:  tensor([78.4596, 64.1698])
hess item is 0.839928388595581
350	0.470	0.247	0.473	0.236
360	0.469	0.248	0.472	0.238
370	0.468	0.249	0.471	0.239
380	0.467	0.251	0.470	0.241
390	0.466	0.252	0.469	0.243
eigenvalues:  tensor([78.1404, 63.8170])
hess item is 0.8192654252052307
400	0.465	0.254	0.469	0.244
410	0.464	0.256	0.468	0.245
420	0.463	0.257	0.467	0.246
430	0.462	0.259	0.466	0.248
440	0.462	0.260	0.465	0.249
eigenvalues:  tensor([77.8398, 63.4803])
hess item is 0.7991135120391846
450	0.461	0.260	0.465	0.250
460	0.460	0.262	0.464	0.251
470	0.459	0.263	0.463	0.252
480	0.458	0.264	0.462	0.252
490	0.458	0.265	0.462	0.252
eigenvalues:  tensor([77.5441, 63.1597])
hess item is 0.7794606685638428
500	0.457	0.267	0.461	0.255
510	0.456	0.268	0.460	0.257
520	0.455	0.269	0.460	0.258
530	0.455	0.270	0.459	0.258
540	0.454	0.271	0.458	0.259
eigenvalues:  tensor([77.2545, 62.8503])
hess item is 0.7602911591529846
550	0.453	0.273	0.458	0.261
560	0.453	0.274	0.457	0.262
570	0.452	0.275	0.456	0.263
580	0.451	0.276	0.456	0.263
590	0.451	0.277	0.455	0.264
eigenvalues:  tensor([76.9865, 62.5548])
hess item is 0.7415845990180969
600	0.450	0.278	0.455	0.264
610	0.449	0.279	0.454	0.265
620	0.449	0.280	0.453	0.266
630	0.448	0.281	0.453	0.266
640	0.447	0.282	0.452	0.268
eigenvalues:  tensor([76.7123, 62.2755])
hess item is 0.7233511209487915
650	0.447	0.283	0.452	0.269
660	0.446	0.284	0.451	0.269
670	0.446	0.285	0.450	0.270
680	0.445	0.286	0.450	0.271
690	0.444	0.287	0.449	0.272
eigenvalues:  tensor([76.4458, 62.0168])
hess item is 0.7055662870407104
700	0.444	0.288	0.449	0.273
710	0.443	0.289	0.448	0.274
720	0.443	0.289	0.448	0.276
730	0.442	0.290	0.447	0.277
740	0.442	0.291	0.447	0.278
eigenvalues:  tensor([76.1952, 61.7862])
hess item is 0.6882156729698181
750	0.441	0.292	0.446	0.280
760	0.440	0.294	0.446	0.281
770	0.440	0.295	0.445	0.282
780	0.439	0.296	0.445	0.282
790	0.439	0.297	0.444	0.282
eigenvalues:  tensor([75.9527, 61.5921])
hess item is 0.6712928414344788
800	0.438	0.298	0.444	0.283
810	0.438	0.299	0.443	0.285
820	0.437	0.300	0.443	0.285
830	0.437	0.301	0.442	0.287
840	0.436	0.302	0.442	0.287
eigenvalues:  tensor([75.7089, 61.4350])
hess item is 0.6547879576683044
850	0.435	0.304	0.441	0.288
860	0.435	0.305	0.441	0.289
870	0.434	0.306	0.440	0.290
880	0.434	0.307	0.439	0.290
890	0.433	0.308	0.439	0.290
eigenvalues:  tensor([75.4806, 61.3063])
hess item is 0.6386908292770386
900	0.433	0.308	0.438	0.291
910	0.432	0.310	0.438	0.291
920	0.432	0.310	0.437	0.292
930	0.431	0.311	0.437	0.293
940	0.431	0.312	0.436	0.294
eigenvalues:  tensor([75.2606, 61.1923])
hess item is 0.6229947805404663
950	0.430	0.312	0.436	0.295
960	0.429	0.313	0.436	0.294
970	0.429	0.314	0.435	0.295
980	0.428	0.314	0.435	0.295
990	0.428	0.316	0.434	0.296
eigenvalues:  tensor([75.0417, 61.0880])
hess item is 0.607685923576355
1000	0.427	0.317	0.434	0.296
1010	0.427	0.318	0.433	0.297
1020	0.426	0.319	0.433	0.298
1030	0.426	0.321	0.432	0.298
1040	0.426	0.322	0.432	0.299
eigenvalues:  tensor([74.8349, 60.9911])
hess item is 0.5927557945251465
1050	0.425	0.324	0.432	0.299
1060	0.425	0.324	0.431	0.300
1070	0.424	0.325	0.431	0.301
1080	0.424	0.326	0.431	0.302
1090	0.424	0.327	0.430	0.302
eigenvalues:  tensor([74.6254, 60.8997])
hess item is 0.5781927704811096
1100	0.423	0.328	0.430	0.302
1110	0.423	0.329	0.429	0.303
1120	0.422	0.330	0.429	0.304
1130	0.422	0.330	0.429	0.304
1140	0.422	0.331	0.429	0.304
eigenvalues:  tensor([74.4289, 60.8109])
hess item is 0.5639902949333191
1150	0.421	0.331	0.428	0.305
1160	0.421	0.332	0.428	0.306
1170	0.421	0.333	0.428	0.307
1180	0.420	0.333	0.427	0.307
1190	0.420	0.334	0.427	0.308
eigenvalues:  tensor([74.2313, 60.7263])
hess item is 0.5501375794410706
1200	0.420	0.334	0.427	0.309
1210	0.419	0.335	0.426	0.309
1220	0.419	0.335	0.426	0.310
1230	0.419	0.336	0.426	0.311
1240	0.418	0.336	0.425	0.311
eigenvalues:  tensor([74.0467, 60.6407])
hess item is 0.5366272926330566
1250	0.418	0.337	0.425	0.311
1260	0.418	0.338	0.425	0.312
1270	0.417	0.339	0.425	0.312
1280	0.417	0.339	0.424	0.312
1290	0.417	0.340	0.424	0.313
eigenvalues:  tensor([73.8707, 60.5608])
hess item is 0.5234534740447998
1300	0.416	0.340	0.424	0.314
1310	0.416	0.341	0.424	0.314
1320	0.416	0.342	0.423	0.315
1330	0.416	0.343	0.423	0.315
1340	0.415	0.343	0.423	0.315
eigenvalues:  tensor([73.6937, 60.4817])
hess item is 0.5106026530265808
1350	0.415	0.344	0.423	0.316
1360	0.415	0.344	0.422	0.316
1370	0.414	0.345	0.422	0.317
1380	0.414	0.345	0.422	0.317
1390	0.414	0.346	0.422	0.317
eigenvalues:  tensor([73.5179, 60.4067])
hess item is 0.4980689585208893
1400	0.414	0.347	0.421	0.318
1410	0.413	0.347	0.421	0.319
1420	0.413	0.348	0.421	0.319
1430	0.413	0.349	0.421	0.320
1440	0.413	0.349	0.421	0.321
eigenvalues:  tensor([73.3502, 60.3314])
hess item is 0.48584291338920593
1450	0.412	0.349	0.420	0.321
1460	0.412	0.350	0.420	0.322
1470	0.412	0.350	0.420	0.322
1480	0.412	0.351	0.420	0.323
1490	0.411	0.352	0.420	0.323
eigenvalues:  tensor([73.1880, 60.2605])
hess item is 0.4739203453063965
1500	0.411	0.352	0.419	0.323
1510	0.411	0.353	0.419	0.324
1520	0.411	0.353	0.419	0.325
1530	0.410	0.354	0.419	0.325
1540	0.410	0.355	0.419	0.325
eigenvalues:  tensor([73.0303, 60.1910])
hess item is 0.4622918665409088
1550	0.410	0.355	0.418	0.325
1560	0.410	0.355	0.418	0.326
1570	0.410	0.357	0.418	0.326
1580	0.409	0.357	0.418	0.326
1590	0.409	0.358	0.418	0.327
eigenvalues:  tensor([72.8716, 60.1194])
hess item is 0.4509522318840027
1600	0.409	0.358	0.418	0.327
1610	0.409	0.359	0.417	0.328
1620	0.408	0.359	0.417	0.328
1630	0.408	0.359	0.417	0.329
1640	0.408	0.360	0.417	0.329
eigenvalues:  tensor([72.7195, 60.0562])
hess item is 0.4398914575576782
1650	0.408	0.361	0.417	0.330
1660	0.408	0.361	0.417	0.330
1670	0.407	0.362	0.416	0.331
1680	0.407	0.362	0.416	0.331
1690	0.407	0.363	0.416	0.332
eigenvalues:  tensor([72.5765, 59.9861])
hess item is 0.429104208946228
1700	0.407	0.363	0.416	0.333
1710	0.407	0.364	0.416	0.332
1720	0.406	0.364	0.416	0.333
1730	0.406	0.365	0.415	0.334
1740	0.406	0.365	0.415	0.334
eigenvalues:  tensor([72.4257, 59.9232])
hess item is 0.4185818135738373
1750	0.406	0.365	0.415	0.335
1760	0.406	0.365	0.415	0.336
1770	0.405	0.366	0.415	0.336
1780	0.405	0.366	0.415	0.336
1790	0.405	0.367	0.415	0.336
eigenvalues:  tensor([72.2869, 59.8581])
hess item is 0.40831950306892395
1800	0.405	0.368	0.414	0.336
1810	0.405	0.368	0.414	0.337
1820	0.405	0.368	0.414	0.337
1830	0.404	0.369	0.414	0.338
1840	0.404	0.369	0.414	0.339
eigenvalues:  tensor([72.1498, 59.8006])
hess item is 0.39831119775772095
1850	0.404	0.370	0.414	0.339
1860	0.404	0.370	0.414	0.340
1870	0.404	0.371	0.413	0.340
1880	0.403	0.371	0.413	0.340
1890	0.403	0.372	0.413	0.341
eigenvalues:  tensor([72.0211, 59.7388])
hess item is 0.38854965567588806
1900	0.403	0.372	0.413	0.342
1910	0.403	0.373	0.413	0.342
1920	0.403	0.373	0.413	0.342
1930	0.403	0.375	0.413	0.342
1940	0.402	0.375	0.413	0.343
eigenvalues:  tensor([71.8812, 59.6790])
hess item is 0.37903034687042236
1950	0.402	0.376	0.412	0.343
1960	0.402	0.377	0.412	0.343
1970	0.402	0.378	0.412	0.343
1980	0.402	0.379	0.412	0.343
1990	0.402	0.379	0.412	0.344
eigenvalues:  tensor([71.7573, 59.6221])
hess item is 0.3697449564933777
2000	0.401	0.380	0.412	0.344
2010	0.401	0.380	0.412	0.344
2020	0.401	0.381	0.412	0.344
2030	0.401	0.381	0.411	0.345
2040	0.401	0.382	0.411	0.345
eigenvalues:  tensor([71.6306, 59.5671])
hess item is 0.360689640045166
2050	0.401	0.383	0.411	0.345
2060	0.401	0.382	0.411	0.346
2070	0.400	0.382	0.411	0.347
2080	0.400	0.384	0.411	0.347
2090	0.400	0.384	0.411	0.347
eigenvalues:  tensor([71.5022, 59.5108])
hess item is 0.3518577516078949
2100	0.400	0.385	0.411	0.347
2110	0.400	0.386	0.411	0.347
2120	0.400	0.386	0.411	0.347
2130	0.399	0.386	0.410	0.348
2140	0.399	0.386	0.410	0.348
eigenvalues:  tensor([71.3894, 59.4602])
hess item is 0.343243807554245
2150	0.399	0.386	0.410	0.348
2160	0.399	0.387	0.410	0.347
2170	0.399	0.387	0.410	0.348
2180	0.399	0.388	0.410	0.348
2190	0.399	0.388	0.410	0.349
eigenvalues:  tensor([71.2673, 59.4078])
hess item is 0.33484208583831787
2200	0.398	0.388	0.410	0.350
2210	0.398	0.388	0.410	0.350
2220	0.398	0.388	0.409	0.350
2230	0.398	0.389	0.409	0.351
2240	0.398	0.390	0.409	0.351
eigenvalues:  tensor([71.1555, 59.3579])
hess item is 0.326647013425827
2250	0.398	0.390	0.409	0.351
2260	0.398	0.390	0.409	0.352
2270	0.397	0.390	0.409	0.352
2280	0.397	0.390	0.409	0.352
2290	0.397	0.391	0.409	0.352
eigenvalues:  tensor([71.0519, 59.3058])
hess item is 0.31865429878234863
2300	0.397	0.391	0.409	0.352
2310	0.397	0.392	0.409	0.352
2320	0.397	0.393	0.409	0.352
2330	0.397	0.393	0.408	0.353
2340	0.396	0.393	0.408	0.353
eigenvalues:  tensor([70.9384, 59.2597])
hess item is 0.3108591139316559
2350	0.396	0.394	0.408	0.353
2360	0.396	0.394	0.408	0.354
2370	0.396	0.395	0.408	0.354
2380	0.396	0.395	0.408	0.354
2390	0.396	0.395	0.408	0.355
eigenvalues:  tensor([70.8264, 59.2172])
hess item is 0.30325695872306824
2400	0.396	0.396	0.408	0.356
2410	0.395	0.396	0.408	0.356
2420	0.395	0.396	0.408	0.356
2430	0.395	0.397	0.408	0.356
2440	0.395	0.397	0.408	0.356
eigenvalues:  tensor([70.7200, 59.1726])
hess item is 0.29584264755249023
2450	0.395	0.397	0.407	0.357
2460	0.395	0.398	0.407	0.357
2470	0.395	0.398	0.407	0.356
2480	0.395	0.399	0.407	0.357
2490	0.394	0.399	0.407	0.357
eigenvalues:  tensor([70.6147, 59.1393])
hess item is 0.2886110246181488
2500	0.394	0.400	0.407	0.356
2510	0.394	0.400	0.407	0.356
2520	0.394	0.401	0.407	0.356
2530	0.394	0.401	0.407	0.357
2540	0.394	0.401	0.407	0.357
eigenvalues:  tensor([70.5118, 59.0985])
hess item is 0.28155967593193054
2550	0.394	0.401	0.407	0.357
2560	0.394	0.401	0.407	0.358
2570	0.393	0.402	0.406	0.358
2580	0.393	0.402	0.406	0.358
2590	0.393	0.403	0.406	0.358
eigenvalues:  tensor([70.4148, 59.0578])
hess item is 0.2746810019016266
2600	0.393	0.403	0.406	0.358
2610	0.393	0.403	0.406	0.358
2620	0.393	0.403	0.406	0.358
2630	0.393	0.404	0.406	0.358
2640	0.393	0.404	0.406	0.359
eigenvalues:  tensor([70.3215, 59.0230])
hess item is 0.26797136664390564
2650	0.392	0.404	0.406	0.359
2660	0.392	0.404	0.406	0.359
2670	0.392	0.405	0.406	0.359
2680	0.392	0.405	0.406	0.359
2690	0.392	0.405	0.406	0.360
eigenvalues:  tensor([70.2223, 58.9838])
hess item is 0.2614291310310364
2700	0.392	0.405	0.406	0.360
2710	0.392	0.406	0.405	0.360
2720	0.392	0.406	0.405	0.361
2730	0.391	0.407	0.405	0.361
2740	0.391	0.407	0.405	0.361
eigenvalues:  tensor([70.1323, 58.9488])
hess item is 0.25504764914512634
2750	0.391	0.408	0.405	0.362
2760	0.391	0.408	0.405	0.361
2770	0.391	0.409	0.405	0.362
2780	0.391	0.409	0.405	0.362
2790	0.391	0.410	0.405	0.362
eigenvalues:  tensor([70.0358, 58.9205])
hess item is 0.2488238513469696
2800	0.391	0.410	0.405	0.362
2810	0.390	0.410	0.405	0.362
2820	0.390	0.411	0.405	0.362
2830	0.390	0.412	0.405	0.362
2840	0.390	0.412	0.405	0.362
eigenvalues:  tensor([69.9422, 58.8888])
hess item is 0.24275390803813934
2850	0.390	0.413	0.404	0.362
2860	0.390	0.413	0.404	0.362
2870	0.390	0.414	0.404	0.363
2880	0.390	0.414	0.404	0.363
2890	0.390	0.414	0.404	0.363
eigenvalues:  tensor([69.8671, 58.8600])
hess item is 0.23683319985866547
2900	0.389	0.415	0.404	0.363
2910	0.389	0.415	0.404	0.364
2920	0.389	0.416	0.404	0.364
2930	0.389	0.416	0.404	0.364
2940	0.389	0.417	0.404	0.364
eigenvalues:  tensor([69.7706, 58.8382])
hess item is 0.23105953633785248
2950	0.389	0.417	0.404	0.364
2960	0.389	0.418	0.404	0.365
2970	0.389	0.418	0.404	0.365
2980	0.389	0.419	0.404	0.365
2990	0.388	0.420	0.404	0.366
eigenvalues:  tensor([69.6779, 58.8120])
hess item is 0.22542834281921387
3000	0.388	0.421	0.404	0.366
3010	0.388	0.421	0.403	0.366
3020	0.388	0.421	0.403	0.366
3030	0.388	0.422	0.403	0.367
3040	0.388	0.423	0.403	0.367
eigenvalues:  tensor([69.5932, 58.7852])
hess item is 0.21993598341941833
3050	0.388	0.423	0.403	0.368
3060	0.388	0.424	0.403	0.367
3070	0.387	0.424	0.403	0.368
3080	0.387	0.424	0.403	0.368
3090	0.387	0.425	0.403	0.369
eigenvalues:  tensor([69.5083, 58.7651])
hess item is 0.21457970142364502
3100	0.387	0.425	0.403	0.369
3110	0.387	0.426	0.403	0.369
3120	0.387	0.426	0.403	0.369
3130	0.387	0.426	0.403	0.369
3140	0.387	0.426	0.403	0.370
eigenvalues:  tensor([69.4247, 58.7396])
hess item is 0.20935553312301636
3150	0.387	0.427	0.403	0.369
3160	0.386	0.427	0.403	0.370
3170	0.386	0.428	0.403	0.370
3180	0.386	0.428	0.402	0.370
3190	0.386	0.428	0.402	0.370
eigenvalues:  tensor([69.3432, 58.7260])
hess item is 0.20425976812839508
3200	0.386	0.428	0.402	0.371
3210	0.386	0.429	0.402	0.371
3220	0.386	0.429	0.402	0.371
3230	0.386	0.430	0.402	0.371
3240	0.386	0.430	0.402	0.371
eigenvalues:  tensor([69.2484, 58.7071])
hess item is 0.1992902308702469
3250	0.385	0.430	0.402	0.371
3260	0.385	0.430	0.402	0.371
3270	0.385	0.431	0.402	0.371
3280	0.385	0.431	0.402	0.371
3290	0.385	0.431	0.402	0.371
eigenvalues:  tensor([69.1699, 58.6862])
hess item is 0.19444310665130615
3300	0.385	0.432	0.402	0.371
3310	0.385	0.432	0.402	0.371
3320	0.385	0.432	0.402	0.372
3330	0.385	0.433	0.402	0.372
3340	0.384	0.432	0.402	0.373
eigenvalues:  tensor([69.0932, 58.6815])
hess item is 0.1897156685590744
3350	0.384	0.432	0.402	0.372
3360	0.384	0.433	0.401	0.372
3370	0.384	0.433	0.401	0.372
3380	0.384	0.433	0.401	0.372
3390	0.384	0.433	0.401	0.373
eigenvalues:  tensor([69.0127, 58.6692])
hess item is 0.18510405719280243
3400	0.384	0.433	0.401	0.373
3410	0.384	0.434	0.401	0.373
3420	0.384	0.434	0.401	0.373
3430	0.383	0.435	0.401	0.374
3440	0.383	0.435	0.401	0.374
eigenvalues:  tensor([68.9315, 58.6559])
hess item is 0.1806076020002365
3450	0.383	0.435	0.401	0.374
3460	0.383	0.436	0.401	0.374
3470	0.383	0.435	0.401	0.373
3480	0.383	0.437	0.401	0.375
3490	0.383	0.436	0.401	0.375
eigenvalues:  tensor([68.8440, 58.6453])
hess item is 0.17622233927249908
3500	0.383	0.436	0.401	0.375
3510	0.383	0.436	0.401	0.375
3520	0.382	0.436	0.401	0.375
3530	0.382	0.437	0.401	0.375
3540	0.382	0.437	0.401	0.375
eigenvalues:  tensor([68.7677, 58.6312])
hess item is 0.17194440960884094
3550	0.382	0.437	0.400	0.375
3560	0.382	0.438	0.400	0.375
3570	0.382	0.439	0.400	0.375
3580	0.382	0.439	0.400	0.376
3590	0.382	0.440	0.400	0.376
eigenvalues:  tensor([68.6828, 58.6293])
hess item is 0.1677725464105606
3600	0.381	0.441	0.400	0.376
3610	0.381	0.441	0.400	0.376
3620	0.381	0.441	0.400	0.377
3630	0.381	0.443	0.400	0.376
3640	0.381	0.443	0.400	0.377
eigenvalues:  tensor([68.5978, 58.6257])
hess item is 0.16370484232902527
3650	0.381	0.444	0.400	0.376
3660	0.381	0.443	0.400	0.377
3670	0.381	0.444	0.400	0.378
3680	0.381	0.445	0.400	0.377
3690	0.380	0.445	0.400	0.377
eigenvalues:  tensor([68.5191, 58.6201])
hess item is 0.1597374826669693
3700	0.380	0.445	0.400	0.377
3710	0.380	0.446	0.400	0.377
3720	0.380	0.446	0.400	0.378
3730	0.380	0.447	0.400	0.378
3740	0.380	0.446	0.400	0.379
eigenvalues:  tensor([68.4518, 58.6090])
hess item is 0.15586785972118378
3750	0.380	0.446	0.399	0.379
3760	0.380	0.447	0.399	0.379
3770	0.380	0.447	0.399	0.379
3780	0.379	0.448	0.399	0.379
3790	0.379	0.448	0.399	0.379
eigenvalues:  tensor([68.3692, 58.6091])
hess item is 0.1520935446023941
3800	0.379	0.449	0.399	0.380
3810	0.379	0.450	0.399	0.381
3820	0.379	0.450	0.399	0.380
3830	0.379	0.450	0.399	0.380
3840	0.379	0.450	0.399	0.381
eigenvalues:  tensor([68.2840, 58.6062])
hess item is 0.1484125703573227
3850	0.379	0.451	0.399	0.380
3860	0.379	0.451	0.399	0.381
3870	0.378	0.451	0.399	0.381
3880	0.378	0.451	0.399	0.381
3890	0.378	0.451	0.399	0.382
eigenvalues:  tensor([68.2219, 58.6107])
hess item is 0.14482219517230988
3900	0.378	0.453	0.399	0.382
3910	0.378	0.452	0.399	0.381
3920	0.378	0.452	0.399	0.383
3930	0.378	0.453	0.399	0.382
3940	0.378	0.454	0.399	0.382
eigenvalues:  tensor([68.1352, 58.6134])
hess item is 0.14132137596607208
3950	0.378	0.454	0.399	0.382
3960	0.377	0.454	0.399	0.382
3970	0.377	0.455	0.398	0.383
3980	0.377	0.455	0.398	0.382
3990	0.377	0.455	0.398	0.383
eigenvalues:  tensor([68.0778, 58.6057])
hess item is 0.13790671527385712
4000	0.377	0.455	0.398	0.383
4010	0.377	0.456	0.398	0.383
4020	0.377	0.457	0.398	0.383
4030	0.377	0.458	0.398	0.384
4040	0.377	0.458	0.398	0.383
eigenvalues:  tensor([68.0062, 58.6209])
hess item is 0.13457630574703217
4050	0.376	0.459	0.398	0.384
4060	0.376	0.459	0.398	0.384
4070	0.376	0.459	0.398	0.384
4080	0.376	0.460	0.398	0.384
4090	0.376	0.460	0.398	0.384
eigenvalues:  tensor([67.9418, 58.6202])
hess item is 0.13132815062999725
4100	0.376	0.460	0.398	0.384
4110	0.376	0.460	0.398	0.383
4120	0.376	0.461	0.398	0.385
4130	0.376	0.461	0.398	0.384
4140	0.375	0.462	0.398	0.384
eigenvalues:  tensor([67.8853, 58.6310])
hess item is 0.12815997004508972
4150	0.375	0.463	0.398	0.385
4160	0.375	0.463	0.398	0.385
4170	0.375	0.463	0.398	0.385
4180	0.375	0.464	0.398	0.384
4190	0.375	0.464	0.398	0.386
eigenvalues:  tensor([67.8260, 58.6422])
hess item is 0.12507130205631256
4200	0.375	0.465	0.397	0.385
4210	0.375	0.465	0.397	0.386
4220	0.374	0.466	0.397	0.385
4230	0.374	0.466	0.397	0.386
4240	0.374	0.465	0.397	0.386
eigenvalues:  tensor([67.7730, 58.6532])
hess item is 0.12205779552459717
4250	0.374	0.466	0.397	0.386
4260	0.374	0.467	0.397	0.386
4270	0.374	0.467	0.397	0.387
4280	0.374	0.466	0.397	0.387
4290	0.374	0.468	0.397	0.387
eigenvalues:  tensor([67.7204, 58.6738])
hess item is 0.1191190630197525
4300	0.374	0.468	0.397	0.387
4310	0.373	0.468	0.397	0.387
4320	0.373	0.469	0.397	0.387
4330	0.373	0.469	0.397	0.388
4340	0.373	0.470	0.397	0.389
eigenvalues:  tensor([67.6716, 58.6823])
hess item is 0.11625303328037262
4350	0.373	0.470	0.397	0.389
4360	0.373	0.470	0.397	0.388
4370	0.373	0.470	0.397	0.388
4380	0.373	0.470	0.397	0.388
4390	0.373	0.471	0.397	0.389
eigenvalues:  tensor([67.6334, 58.7045])
hess item is 0.11345815658569336
4400	0.372	0.472	0.397	0.390
4410	0.372	0.472	0.397	0.389
4420	0.372	0.472	0.397	0.389
4430	0.372	0.473	0.397	0.389
4440	0.372	0.473	0.397	0.389
eigenvalues:  tensor([67.6421, 58.7121])
hess item is 0.11073184013366699
4450	0.372	0.473	0.396	0.390
4460	0.372	0.473	0.396	0.389
4470	0.372	0.473	0.396	0.389
4480	0.371	0.474	0.396	0.389
4490	0.371	0.475	0.396	0.390
eigenvalues:  tensor([67.5729, 58.7384])
hess item is 0.1080731451511383
4500	0.371	0.475	0.396	0.390
4510	0.371	0.475	0.396	0.390
4520	0.371	0.475	0.396	0.390
4530	0.371	0.475	0.396	0.390
4540	0.371	0.476	0.396	0.391
eigenvalues:  tensor([67.5560, 58.7683])
hess item is 0.10547979921102524
4550	0.371	0.476	0.396	0.391
4560	0.370	0.476	0.396	0.391
4570	0.370	0.476	0.396	0.391
4580	0.370	0.477	0.396	0.391
4590	0.370	0.477	0.396	0.390
eigenvalues:  tensor([67.5490, 58.7895])
hess item is 0.10295086354017258
4600	0.370	0.477	0.396	0.391
4610	0.370	0.478	0.396	0.391
4620	0.370	0.478	0.396	0.391
4630	0.370	0.479	0.396	0.391
4640	0.370	0.479	0.396	0.391
eigenvalues:  tensor([67.5290, 58.8125])
hess item is 0.10048473626375198
4650	0.369	0.479	0.396	0.391
4660	0.369	0.480	0.396	0.392
4670	0.369	0.480	0.396	0.392
4680	0.369	0.481	0.396	0.392
4690	0.369	0.480	0.396	0.392
eigenvalues:  tensor([67.5354, 58.8498])
hess item is 0.0980793833732605
4700	0.369	0.480	0.396	0.392
4710	0.369	0.481	0.395	0.393
4720	0.369	0.481	0.395	0.393
4730	0.368	0.481	0.395	0.394
4740	0.368	0.483	0.395	0.394
eigenvalues:  tensor([67.5256, 58.8892])
hess item is 0.09573392570018768
4750	0.368	0.483	0.395	0.393
4760	0.368	0.483	0.395	0.393
4770	0.368	0.484	0.395	0.394
4780	0.368	0.484	0.395	0.395
4790	0.368	0.484	0.395	0.394
eigenvalues:  tensor([67.5526, 58.9017])
hess item is 0.09344634413719177
4800	0.368	0.485	0.395	0.395
4810	0.367	0.486	0.395	0.395
4820	0.367	0.485	0.395	0.395
4830	0.367	0.486	0.395	0.395
4840	0.367	0.486	0.395	0.394
eigenvalues:  tensor([67.5800, 58.9476])
hess item is 0.09121528267860413
4850	0.367	0.486	0.395	0.395
4860	0.367	0.487	0.395	0.396
4870	0.367	0.487	0.395	0.396
4880	0.367	0.487	0.395	0.395
4890	0.366	0.488	0.395	0.395
eigenvalues:  tensor([67.5934, 58.9967])
hess item is 0.08904050290584564
4900	0.366	0.488	0.395	0.396
4910	0.366	0.489	0.395	0.396
4920	0.366	0.489	0.395	0.396
4930	0.366	0.489	0.395	0.397
4940	0.366	0.491	0.395	0.396
eigenvalues:  tensor([67.6509, 59.0449])
hess item is 0.08691847324371338
4950	0.366	0.490	0.395	0.396
4960	0.366	0.490	0.395	0.396
4970	0.365	0.490	0.395	0.397
4980	0.365	0.492	0.395	0.396
4990	0.365	0.492	0.394	0.396
eigenvalues:  tensor([67.6654, 59.0741])
hess item is 0.08484909683465958
5000	0.365	0.492	0.394	0.397
5010	0.365	0.492	0.394	0.398
5020	0.365	0.493	0.394	0.397
5030	0.365	0.493	0.394	0.397
5040	0.364	0.495	0.394	0.398
eigenvalues:  tensor([67.7567, 59.1251])
hess item is 0.08283119648694992
5050	0.364	0.495	0.394	0.399
5060	0.364	0.495	0.394	0.399
5070	0.364	0.495	0.394	0.398
5080	0.364	0.495	0.394	0.399
5090	0.364	0.495	0.394	0.398
eigenvalues:  tensor([67.8071, 59.1783])
hess item is 0.08086396008729935
5100	0.364	0.496	0.394	0.398
5110	0.364	0.496	0.394	0.398
5120	0.363	0.497	0.394	0.398
5130	0.363	0.498	0.394	0.399
5140	0.363	0.497	0.394	0.399
eigenvalues:  tensor([67.8742, 59.2373])
hess item is 0.07894454896450043
5150	0.363	0.498	0.394	0.400
5160	0.363	0.498	0.394	0.400
5170	0.363	0.499	0.394	0.400
5180	0.363	0.499	0.394	0.400
5190	0.362	0.499	0.394	0.400
eigenvalues:  tensor([67.9514, 59.2869])
hess item is 0.07707256078720093
5200	0.362	0.499	0.394	0.400
5210	0.362	0.498	0.394	0.401
5220	0.362	0.500	0.394	0.401
5230	0.362	0.502	0.394	0.401
5240	0.362	0.502	0.394	0.401
eigenvalues:  tensor([68.0669, 59.3440])
hess item is 0.07524733990430832
5250	0.362	0.503	0.394	0.401
5260	0.362	0.503	0.394	0.400
5270	0.361	0.502	0.394	0.400
5280	0.361	0.503	0.394	0.401
5290	0.361	0.505	0.394	0.401
eigenvalues:  tensor([68.1247, 59.4109])
hess item is 0.07346758991479874
5300	0.361	0.505	0.394	0.401
5310	0.361	0.505	0.393	0.401
5320	0.361	0.506	0.393	0.401
5330	0.361	0.506	0.393	0.401
5340	0.360	0.507	0.393	0.402
eigenvalues:  tensor([68.2371, 59.4702])
hess item is 0.07173182815313339
5350	0.360	0.507	0.393	0.401
5360	0.360	0.507	0.393	0.402
5370	0.360	0.509	0.393	0.402
5380	0.360	0.508	0.393	0.402
5390	0.360	0.508	0.393	0.401
eigenvalues:  tensor([68.3729, 59.5300])
hess item is 0.07003946602344513
5400	0.360	0.510	0.393	0.402
5410	0.359	0.510	0.393	0.402
5420	0.359	0.511	0.393	0.402
5430	0.359	0.510	0.393	0.402
5440	0.359	0.511	0.393	0.403
eigenvalues:  tensor([68.4751, 59.6133])
hess item is 0.06838890165090561
5450	0.359	0.512	0.393	0.404
5460	0.359	0.512	0.393	0.403
5470	0.359	0.512	0.393	0.403
5480	0.358	0.513	0.393	0.403
5490	0.358	0.514	0.393	0.404
eigenvalues:  tensor([68.6209, 59.7001])
hess item is 0.06677942723035812
5500	0.358	0.515	0.393	0.404
5510	0.358	0.515	0.393	0.404
5520	0.358	0.515	0.393	0.403
5530	0.358	0.516	0.393	0.404
5540	0.358	0.518	0.393	0.404
eigenvalues:  tensor([68.7816, 59.7815])
hess item is 0.06520940363407135
5550	0.357	0.517	0.393	0.404
5560	0.357	0.519	0.393	0.404
5570	0.357	0.518	0.393	0.404
5580	0.357	0.520	0.393	0.404
5590	0.357	0.520	0.393	0.404
eigenvalues:  tensor([68.9288, 59.8950])
hess item is 0.06367942690849304
5600	0.357	0.520	0.393	0.405
5610	0.357	0.521	0.393	0.404
5620	0.356	0.521	0.393	0.405
5630	0.356	0.523	0.393	0.404
5640	0.356	0.522	0.393	0.405
eigenvalues:  tensor([69.1202, 59.9699])
hess item is 0.06218697503209114
5650	0.356	0.523	0.393	0.405
5660	0.356	0.523	0.393	0.405
5670	0.356	0.524	0.392	0.406
5680	0.355	0.524	0.392	0.406
5690	0.355	0.525	0.392	0.406
eigenvalues:  tensor([69.2438, 60.0733])
hess item is 0.060731615871191025
5700	0.355	0.525	0.392	0.406
5710	0.355	0.525	0.392	0.405
5720	0.355	0.525	0.392	0.406
5730	0.355	0.526	0.392	0.406
5740	0.355	0.526	0.392	0.405
eigenvalues:  tensor([69.4485, 60.1734])
hess item is 0.059312909841537476
5750	0.354	0.527	0.392	0.406
5760	0.354	0.528	0.392	0.406
5770	0.354	0.527	0.392	0.406
5780	0.354	0.529	0.392	0.406
5790	0.354	0.528	0.392	0.407
eigenvalues:  tensor([69.6236, 60.3008])
hess item is 0.05792922526597977
5800	0.354	0.530	0.392	0.407
5810	0.353	0.529	0.392	0.406
5820	0.353	0.531	0.392	0.407
5830	0.353	0.532	0.392	0.406
5840	0.353	0.532	0.392	0.407
eigenvalues:  tensor([69.8330, 60.4073])
hess item is 0.0565800666809082
5850	0.353	0.532	0.392	0.406
5860	0.353	0.533	0.392	0.407
5870	0.352	0.533	0.392	0.407
5880	0.352	0.534	0.392	0.407
5890	0.352	0.535	0.392	0.407
eigenvalues:  tensor([70.0527, 60.5285])
hess item is 0.055264297872781754
5900	0.352	0.536	0.392	0.407
5910	0.352	0.535	0.392	0.407
5920	0.352	0.536	0.392	0.407
5930	0.352	0.537	0.392	0.408
5940	0.351	0.538	0.392	0.408
eigenvalues:  tensor([70.3236, 60.6803])
hess item is 0.05398191511631012
5950	0.351	0.537	0.392	0.409
5960	0.351	0.538	0.392	0.407
5970	0.351	0.537	0.392	0.408
5980	0.351	0.541	0.392	0.409
5990	0.351	0.540	0.392	0.409
eigenvalues:  tensor([70.5114, 60.8195])
hess item is 0.052731506526470184
6000	0.350	0.539	0.392	0.408
6010	0.350	0.539	0.392	0.408
6020	0.350	0.541	0.392	0.409
6030	0.350	0.540	0.392	0.407
6040	0.350	0.542	0.392	0.410
eigenvalues:  tensor([70.7383, 60.9774])
hess item is 0.05151286721229553
6050	0.349	0.542	0.392	0.409
6060	0.349	0.543	0.392	0.410
6070	0.349	0.543	0.392	0.409
6080	0.349	0.543	0.392	0.410
6090	0.349	0.544	0.392	0.410
eigenvalues:  tensor([70.9844, 61.1331])
hess item is 0.05032406002283096
6100	0.349	0.545	0.392	0.410
6110	0.348	0.545	0.392	0.409
6120	0.348	0.545	0.391	0.410
6130	0.348	0.545	0.391	0.410
6140	0.348	0.546	0.391	0.410
eigenvalues:  tensor([71.2293, 61.2981])
hess item is 0.04916589707136154
6150	0.348	0.548	0.391	0.409
6160	0.348	0.548	0.391	0.407
6170	0.347	0.549	0.391	0.411
6180	0.347	0.548	0.391	0.409
6190	0.347	0.549	0.391	0.408
eigenvalues:  tensor([71.5382, 61.4723])
hess item is 0.048036277294158936
6200	0.347	0.551	0.391	0.410
6210	0.347	0.550	0.391	0.409
6220	0.347	0.552	0.391	0.410
6230	0.346	0.553	0.391	0.408
6240	0.346	0.552	0.391	0.410
eigenvalues:  tensor([71.7459, 61.6596])
hess item is 0.04693508520722389
6250	0.346	0.553	0.391	0.410
6260	0.346	0.554	0.391	0.409
6270	0.346	0.554	0.391	0.411
6280	0.345	0.555	0.391	0.410
6290	0.345	0.557	0.391	0.410
eigenvalues:  tensor([72.1213, 61.8552])
hess item is 0.04586076736450195
6300	0.345	0.556	0.391	0.409
6310	0.345	0.557	0.391	0.410
6320	0.345	0.557	0.391	0.410
6330	0.345	0.558	0.391	0.408
6340	0.344	0.560	0.391	0.410
eigenvalues:  tensor([72.3520, 62.0385])
hess item is 0.04481365159153938
6350	0.344	0.558	0.391	0.411
6360	0.344	0.559	0.391	0.410
6370	0.344	0.560	0.391	0.410
6380	0.344	0.561	0.391	0.410
6390	0.343	0.562	0.391	0.410
eigenvalues:  tensor([72.7096, 62.2445])
hess item is 0.04379291087388992
6400	0.343	0.562	0.391	0.409
6410	0.343	0.562	0.391	0.410
6420	0.343	0.563	0.391	0.412
6430	0.343	0.563	0.391	0.410
6440	0.342	0.564	0.391	0.411
eigenvalues:  tensor([73.0179, 62.4687])
hess item is 0.04279721528291702
6450	0.342	0.564	0.391	0.410
6460	0.342	0.565	0.391	0.410
6470	0.342	0.564	0.391	0.408
6480	0.342	0.565	0.391	0.412
6490	0.342	0.567	0.391	0.408
eigenvalues:  tensor([73.3927, 62.6856])
hess item is 0.04182787612080574
6500	0.341	0.568	0.391	0.411
6510	0.341	0.567	0.391	0.410
6520	0.341	0.568	0.391	0.412
6530	0.341	0.567	0.391	0.408
6540	0.340	0.569	0.391	0.411
eigenvalues:  tensor([73.7637, 62.9353])
hess item is 0.04088287800550461
6550	0.340	0.569	0.391	0.410
6560	0.340	0.570	0.391	0.411
6570	0.340	0.570	0.391	0.411
6580	0.340	0.571	0.391	0.410
6590	0.340	0.571	0.391	0.410
eigenvalues:  tensor([74.0976, 63.1701])
hess item is 0.039961475878953934
6600	0.339	0.573	0.391	0.411
6610	0.339	0.572	0.391	0.412
6620	0.339	0.574	0.391	0.412
6630	0.339	0.572	0.391	0.411
6640	0.338	0.573	0.391	0.410
eigenvalues:  tensor([74.3048, 63.4361])
hess item is 0.03906363621354103
6650	0.338	0.574	0.391	0.410
6660	0.338	0.574	0.391	0.410
6670	0.338	0.576	0.391	0.412
6680	0.338	0.576	0.391	0.410
6690	0.337	0.576	0.391	0.411
eigenvalues:  tensor([74.7142, 63.7097])
hess item is 0.0381883829832077
6700	0.337	0.577	0.391	0.411
6710	0.337	0.577	0.391	0.412
6720	0.337	0.577	0.391	0.410
6730	0.337	0.578	0.391	0.412
6740	0.336	0.580	0.391	0.413
eigenvalues:  tensor([75.0968, 63.9676])
hess item is 0.03733506798744202
6750	0.336	0.581	0.391	0.412
6760	0.336	0.580	0.391	0.412
6770	0.336	0.582	0.391	0.412
6780	0.336	0.581	0.391	0.411
6790	0.335	0.582	0.391	0.412
eigenvalues:  tensor([75.5440, 64.2709])
hess item is 0.03650335967540741
6800	0.335	0.582	0.391	0.411
6810	0.335	0.583	0.391	0.412
6820	0.335	0.584	0.391	0.412
6830	0.334	0.584	0.391	0.412
6840	0.334	0.585	0.391	0.412
eigenvalues:  tensor([75.9208, 64.5943])
hess item is 0.035692937672138214
6850	0.334	0.586	0.391	0.411
6860	0.334	0.587	0.391	0.413
6870	0.334	0.588	0.391	0.412
6880	0.333	0.589	0.391	0.412
6890	0.333	0.590	0.391	0.412
eigenvalues:  tensor([76.2887, 64.8790])
hess item is 0.03490329161286354
6900	0.333	0.591	0.391	0.413
6910	0.333	0.590	0.391	0.412
6920	0.332	0.592	0.391	0.412
6930	0.332	0.592	0.391	0.411
6940	0.332	0.594	0.391	0.412
eigenvalues:  tensor([76.8008, 65.2436])
hess item is 0.03413369879126549
6950	0.332	0.593	0.391	0.412
6960	0.332	0.594	0.391	0.412
6970	0.331	0.593	0.391	0.412
6980	0.331	0.594	0.391	0.413
6990	0.331	0.596	0.391	0.413
eigenvalues:  tensor([77.2140, 65.6657])
hess item is 0.03338414430618286
7000	0.331	0.596	0.391	0.412
7010	0.330	0.596	0.391	0.412
7020	0.330	0.597	0.391	0.412
7030	0.330	0.598	0.391	0.412
7040	0.330	0.600	0.391	0.415
eigenvalues:  tensor([77.6525, 65.9749])
hess item is 0.032654110342264175
7050	0.329	0.599	0.391	0.412
7060	0.329	0.600	0.391	0.412
7070	0.329	0.602	0.391	0.414
7080	0.329	0.601	0.391	0.413
7090	0.329	0.602	0.391	0.412
eigenvalues:  tensor([78.0310, 66.3193])
hess item is 0.03194238618016243
7100	0.328	0.603	0.391	0.413
7110	0.328	0.603	0.391	0.412
7120	0.328	0.604	0.391	0.413
7130	0.327	0.604	0.391	0.413
7140	0.327	0.606	0.391	0.414
eigenvalues:  tensor([78.4240, 66.6063])
hess item is 0.03124851919710636
7150	0.327	0.607	0.391	0.414
7160	0.327	0.609	0.391	0.415
7170	0.326	0.609	0.391	0.414
7180	0.326	0.608	0.391	0.415
7190	0.326	0.612	0.391	0.414
eigenvalues:  tensor([79.0127, 67.0516])
hess item is 0.030573276802897453
7200	0.326	0.611	0.391	0.413
7210	0.326	0.610	0.391	0.415
7220	0.325	0.611	0.391	0.414
7230	0.325	0.612	0.391	0.414
7240	0.325	0.613	0.391	0.414
eigenvalues:  tensor([79.5418, 67.4570])
hess item is 0.029915284365415573
7250	0.324	0.615	0.391	0.414
7260	0.324	0.615	0.391	0.415
7270	0.324	0.617	0.391	0.414
7280	0.324	0.618	0.391	0.416
7290	0.323	0.618	0.391	0.414
eigenvalues:  tensor([79.8466, 67.7998])
hess item is 0.02927507646381855
7300	0.323	0.618	0.391	0.417
7310	0.323	0.620	0.391	0.414
7320	0.323	0.620	0.391	0.415
7330	0.322	0.620	0.391	0.414
7340	0.322	0.621	0.391	0.415
eigenvalues:  tensor([80.2241, 68.1979])
hess item is 0.028650185093283653
7350	0.322	0.622	0.391	0.416
7360	0.322	0.621	0.391	0.414
7370	0.321	0.624	0.391	0.417
7380	0.321	0.623	0.391	0.414
7390	0.321	0.623	0.391	0.414
eigenvalues:  tensor([80.7775, 68.6559])
hess item is 0.028041638433933258
7400	0.321	0.624	0.392	0.413
7410	0.320	0.624	0.391	0.414
7420	0.320	0.629	0.391	0.417
7430	0.320	0.628	0.391	0.416
7440	0.319	0.627	0.391	0.415
eigenvalues:  tensor([81.3133, 69.0617])
hess item is 0.027449272572994232
7450	0.319	0.630	0.391	0.414
7460	0.319	0.629	0.392	0.416
7470	0.319	0.631	0.392	0.414
7480	0.318	0.629	0.392	0.414
7490	0.318	0.631	0.392	0.415
eigenvalues:  tensor([81.6749, 69.4800])
hess item is 0.026873264461755753
7500	0.318	0.632	0.392	0.415
7510	0.318	0.633	0.392	0.415
7520	0.317	0.633	0.392	0.417
7530	0.317	0.634	0.392	0.413
7540	0.317	0.635	0.392	0.416
eigenvalues:  tensor([82.1062, 69.9421])
hess item is 0.0263111162930727
7550	0.317	0.638	0.392	0.414
7560	0.316	0.637	0.392	0.415
7570	0.316	0.637	0.392	0.417
7580	0.316	0.640	0.392	0.415
7590	0.315	0.640	0.392	0.416
eigenvalues:  tensor([82.7024, 70.4535])
hess item is 0.025764264166355133
7600	0.315	0.641	0.392	0.417
7610	0.315	0.644	0.392	0.416
7620	0.314	0.644	0.392	0.416
7630	0.314	0.645	0.392	0.416
7640	0.314	0.644	0.392	0.417
eigenvalues:  tensor([83.1284, 70.8989])
hess item is 0.025231705978512764
7650	0.314	0.646	0.392	0.415
7660	0.313	0.647	0.392	0.416
7670	0.313	0.649	0.392	0.414
7680	0.313	0.646	0.392	0.417
7690	0.312	0.648	0.392	0.416
eigenvalues:  tensor([83.5737, 71.4059])
hess item is 0.024713842198252678
7700	0.312	0.650	0.392	0.417
7710	0.312	0.652	0.392	0.415
7720	0.312	0.653	0.392	0.416
7730	0.311	0.651	0.392	0.415
7740	0.311	0.654	0.392	0.415
eigenvalues:  tensor([84.1342, 71.9474])
hess item is 0.02421000972390175
7750	0.311	0.654	0.392	0.416
7760	0.310	0.657	0.393	0.414
7770	0.310	0.657	0.392	0.415
7780	0.310	0.654	0.393	0.417
7790	0.309	0.658	0.393	0.414
eigenvalues:  tensor([84.5896, 72.4035])
hess item is 0.02371813729405403
7800	0.309	0.660	0.393	0.413
7810	0.309	0.661	0.393	0.414
7820	0.308	0.659	0.392	0.416
7830	0.308	0.661	0.393	0.414
7840	0.308	0.661	0.393	0.414
eigenvalues:  tensor([85.1244, 73.0241])
hess item is 0.023240437731146812
7850	0.307	0.664	0.393	0.415
7860	0.307	0.662	0.393	0.415
7870	0.307	0.664	0.393	0.414
7880	0.307	0.665	0.393	0.413
7890	0.306	0.666	0.393	0.413
eigenvalues:  tensor([85.3681, 73.5073])
hess item is 0.022775733843445778
7900	0.306	0.664	0.393	0.415
7910	0.306	0.668	0.393	0.414
7920	0.305	0.668	0.393	0.414
7930	0.305	0.670	0.393	0.414
7940	0.305	0.671	0.393	0.414
eigenvalues:  tensor([85.8777, 74.0946])
hess item is 0.022323761135339737
7950	0.305	0.669	0.394	0.412
7960	0.304	0.671	0.393	0.416
7970	0.304	0.672	0.393	0.415
7980	0.304	0.676	0.393	0.415
7990	0.303	0.675	0.393	0.413
eigenvalues:  tensor([86.3105, 74.7073])
hess item is 0.021883321925997734
8000	0.303	0.671	0.394	0.415
8010	0.302	0.676	0.394	0.413
8020	0.302	0.678	0.394	0.415
8030	0.302	0.676	0.394	0.414
8040	0.301	0.680	0.394	0.414
eigenvalues:  tensor([86.7124, 75.2617])
hess item is 0.02145632728934288
8050	0.301	0.680	0.394	0.413
8060	0.301	0.677	0.394	0.415
8070	0.301	0.678	0.394	0.412
8080	0.301	0.680	0.395	0.413
8090	0.300	0.683	0.394	0.413
eigenvalues:  tensor([86.9209, 75.7224])
hess item is 0.02103973925113678
8100	0.300	0.683	0.394	0.412
8110	0.299	0.683	0.394	0.413
8120	0.299	0.686	0.394	0.413
8130	0.299	0.685	0.395	0.413
8140	0.299	0.688	0.395	0.413
eigenvalues:  tensor([87.3180, 76.1662])
hess item is 0.020634664222598076
8150	0.298	0.690	0.395	0.414
8160	0.299	0.686	0.396	0.412
8170	0.297	0.693	0.394	0.412
8180	0.297	0.693	0.395	0.411
8190	0.297	0.693	0.396	0.412
eigenvalues:  tensor([87.2321, 76.6869])
hess item is 0.02024230733513832
8200	0.296	0.694	0.395	0.414
8210	0.297	0.693	0.396	0.413
8220	0.296	0.693	0.395	0.412
8230	0.295	0.693	0.395	0.415
8240	0.297	0.692	0.398	0.412
eigenvalues:  tensor([85.2788, 77.2499])
hess item is 0.019860824570059776
8250	0.297	0.693	0.398	0.410
8260	0.295	0.696	0.396	0.413
8270	0.294	0.701	0.395	0.414
8280	0.295	0.698	0.397	0.412
8290	0.296	0.698	0.398	0.414
eigenvalues:  tensor([85.2844, 77.5177])
hess item is 0.019489025697112083
8300	0.294	0.703	0.396	0.412
8310	0.298	0.688	0.401	0.407
8320	0.302	0.682	0.405	0.402
8330	0.297	0.694	0.401	0.408
8340	0.293	0.705	0.397	0.415
eigenvalues:  tensor([81.4926, 77.5018])
hess item is 0.019130617380142212
8350	0.292	0.705	0.396	0.414
8360	0.292	0.706	0.397	0.413
8370	0.294	0.700	0.399	0.411
8380	0.296	0.694	0.402	0.406
8390	0.290	0.709	0.396	0.414
eigenvalues:  tensor([80.8779, 77.6114])
hess item is 0.018779665231704712
8400	0.291	0.713	0.398	0.413
8410	0.290	0.715	0.398	0.413
8420	0.289	0.713	0.397	0.413
8430	0.289	0.713	0.397	0.413
8440	0.289	0.710	0.397	0.413
eigenvalues:  tensor([81.9867, 77.5396])
hess item is 0.018436135724186897
8450	0.290	0.709	0.399	0.411
8460	0.290	0.709	0.399	0.413
8470	0.289	0.715	0.399	0.410
8480	0.292	0.701	0.402	0.407
8490	0.293	0.705	0.403	0.407
eigenvalues:  tensor([78.1808, 75.5997])
hess item is 0.01810728758573532
8500	0.296	0.698	0.407	0.403
8510	0.290	0.712	0.402	0.407
8520	0.285	0.721	0.397	0.414
8530	0.286	0.723	0.398	0.410
8540	0.287	0.720	0.400	0.413
eigenvalues:  tensor([78.2974, 76.0924])
hess item is 0.01778477616608143
8550	0.290	0.712	0.403	0.408
8560	0.290	0.708	0.404	0.404
8570	0.289	0.715	0.403	0.407
8580	0.285	0.719	0.399	0.414
8590	0.284	0.723	0.399	0.412
eigenvalues:  tensor([78.2832, 76.3321])
hess item is 0.017470136284828186
8600	0.285	0.720	0.400	0.410
8610	0.284	0.725	0.400	0.408
8620	0.285	0.719	0.401	0.411
8630	0.285	0.721	0.402	0.408
8640	0.294	0.699	0.411	0.398
eigenvalues:  tensor([76.5758, 74.2048])
hess item is 0.017166150733828545
8650	0.288	0.711	0.406	0.406
8660	0.297	0.695	0.415	0.394
8670	0.285	0.725	0.404	0.407
8680	0.284	0.726	0.402	0.409
8690	0.281	0.735	0.401	0.411
eigenvalues:  tensor([75.7362, 72.6213])
hess item is 0.01687222346663475
8700	0.283	0.729	0.403	0.410
8710	0.281	0.734	0.401	0.411
8720	0.283	0.727	0.404	0.407
8730	0.284	0.727	0.405	0.408
8740	0.280	0.738	0.402	0.408
eigenvalues:  tensor([74.7749, 73.3697])
hess item is 0.016581637784838676
8750	0.278	0.743	0.400	0.413
8760	0.281	0.735	0.403	0.414
8770	0.292	0.704	0.414	0.399
8780	0.282	0.726	0.405	0.408
8790	0.281	0.725	0.405	0.408
eigenvalues:  tensor([74.0648, 71.3937])
hess item is 0.016301410272717476
8800	0.284	0.713	0.408	0.406
8810	0.280	0.728	0.404	0.410
8820	0.279	0.731	0.403	0.411
8830	0.283	0.734	0.408	0.402
8840	0.284	0.729	0.410	0.400
eigenvalues:  tensor([72.2778, 70.2172])
hess item is 0.016031289473176003
8850	0.276	0.743	0.402	0.412
8860	0.280	0.736	0.407	0.406
8870	0.282	0.733	0.409	0.401
8880	0.277	0.744	0.405	0.407
8890	0.278	0.741	0.406	0.405
eigenvalues:  tensor([71.9853, 69.6721])
hess item is 0.0157649926841259
8900	0.281	0.729	0.410	0.402
8910	0.274	0.744	0.403	0.409
8920	0.276	0.746	0.406	0.409
8930	0.283	0.729	0.413	0.404
8940	0.280	0.738	0.409	0.405
eigenvalues:  tensor([69.4714, 68.2407])
hess item is 0.0155078349635005
8950	0.288	0.717	0.418	0.393
8960	0.281	0.726	0.412	0.400
8970	0.276	0.738	0.407	0.407
8980	0.275	0.739	0.406	0.410
8990	0.281	0.736	0.413	0.403
eigenvalues:  tensor([69.5336, 67.1172])
hess item is 0.0152583047747612
9000	0.273	0.752	0.405	0.407
9010	0.277	0.739	0.410	0.403
9020	0.272	0.752	0.406	0.405
9030	0.268	0.763	0.403	0.413
9040	0.273	0.758	0.408	0.409
eigenvalues:  tensor([69.4135, 67.5409])
hess item is 0.015010034665465355
9050	0.273	0.752	0.408	0.409
9060	0.280	0.742	0.416	0.392
9070	0.282	0.733	0.419	0.394
9080	0.273	0.752	0.410	0.406
9090	0.275	0.749	0.411	0.404
eigenvalues:  tensor([68.2358, 66.3004])
hess item is 0.0147726871073246
9100	0.267	0.768	0.405	0.410
9110	0.292	0.711	0.429	0.387
9120	0.274	0.746	0.413	0.400
9130	0.266	0.767	0.405	0.408
9140	0.272	0.749	0.411	0.405
eigenvalues:  tensor([67.4073, 64.4787])
hess item is 0.014539950527250767
9150	0.273	0.757	0.413	0.397
9160	0.269	0.764	0.410	0.401
9170	0.269	0.760	0.410	0.406
9180	0.287	0.722	0.427	0.390
9190	0.266	0.769	0.407	0.407
eigenvalues:  tensor([65.9416, 63.3958])
hess item is 0.01431296020746231
9200	0.280	0.735	0.421	0.392
9210	0.262	0.781	0.405	0.412
9220	0.277	0.748	0.420	0.398
9230	0.272	0.753	0.415	0.406
9240	0.273	0.748	0.416	0.399
eigenvalues:  tensor([64.8413, 62.9672])
hess item is 0.014094139449298382
9250	0.271	0.757	0.415	0.399
9260	0.265	0.766	0.410	0.405
9270	0.264	0.776	0.409	0.408
9280	0.274	0.760	0.421	0.392
9290	0.273	0.748	0.420	0.397
eigenvalues:  tensor([63.1075, 62.3656])
hess item is 0.013878067955374718
9300	0.275	0.751	0.422	0.394
9310	0.262	0.776	0.409	0.407
9320	0.265	0.764	0.413	0.407
9330	0.266	0.762	0.414	0.404
9340	0.265	0.772	0.413	0.408
eigenvalues:  tensor([65.1589, 62.4872])
hess item is 0.013666274957358837
9350	0.259	0.782	0.408	0.408
9360	0.261	0.780	0.410	0.410
9370	0.285	0.730	0.435	0.380
9380	0.264	0.778	0.414	0.397
9390	0.266	0.769	0.417	0.398
eigenvalues:  tensor([62.2237, 61.0291])
hess item is 0.01346376072615385
9400	0.265	0.774	0.417	0.401
9410	0.264	0.780	0.416	0.404
9420	0.260	0.788	0.413	0.406
9430	0.267	0.776	0.419	0.404
9440	0.270	0.763	0.422	0.393
eigenvalues:  tensor([62.6445, 60.3303])
hess item is 0.013263655826449394
9450	0.267	0.765	0.420	0.396
9460	0.266	0.763	0.419	0.403
9470	0.268	0.767	0.422	0.397
9480	0.267	0.772	0.422	0.400
9490	0.264	0.778	0.418	0.398
eigenvalues:  tensor([59.6596, 59.1377])
hess item is 0.013069719076156616
9500	0.259	0.784	0.415	0.403
9510	0.254	0.799	0.410	0.409
9520	0.255	0.790	0.413	0.409
9530	0.260	0.778	0.418	0.403
9540	0.262	0.776	0.420	0.398
eigenvalues:  tensor([60.0728, 59.3435])
hess item is 0.01287707407027483
9550	0.264	0.775	0.423	0.393
9560	0.265	0.777	0.424	0.393
9570	0.263	0.784	0.422	0.396
9580	0.255	0.802	0.415	0.402
9590	0.260	0.791	0.421	0.399
eigenvalues:  tensor([60.6859, 58.7607])
hess item is 0.012689940631389618
9600	0.255	0.799	0.415	0.401
9610	0.262	0.773	0.424	0.404
9620	0.254	0.798	0.416	0.402
9630	0.264	0.779	0.426	0.396
9640	0.256	0.794	0.418	0.405
eigenvalues:  tensor([60.3133, 59.0038])
hess item is 0.012509888969361782
9650	0.266	0.769	0.428	0.396
9660	0.257	0.787	0.420	0.401
9670	0.263	0.778	0.426	0.397
9680	0.256	0.796	0.419	0.401
9690	0.253	0.802	0.417	0.407
eigenvalues:  tensor([60.0078, 57.7255])
hess item is 0.01233594212681055
9700	0.261	0.784	0.425	0.397
9710	0.261	0.780	0.426	0.399
9720	0.264	0.770	0.429	0.394
9730	0.262	0.780	0.428	0.397
9740	0.251	0.802	0.418	0.401
eigenvalues:  tensor([57.4502, 56.0702])
hess item is 0.012164643034338951
9750	0.248	0.813	0.415	0.403
9760	0.251	0.799	0.419	0.405
9770	0.251	0.806	0.419	0.403
9780	0.258	0.793	0.427	0.391
9790	0.249	0.809	0.418	0.401
eigenvalues:  tensor([57.7165, 57.0834])
hess item is 0.011993881314992905
9800	0.266	0.781	0.434	0.383
9810	0.255	0.794	0.426	0.396
9820	0.254	0.792	0.425	0.398
9830	0.244	0.814	0.415	0.407
9840	0.250	0.802	0.422	0.403
eigenvalues:  tensor([59.1084, 56.8698])
hess item is 0.01182801928371191
9850	0.252	0.801	0.425	0.397
9860	0.253	0.800	0.426	0.395
9870	0.269	0.768	0.440	0.382
9880	0.252	0.803	0.424	0.400
9890	0.244	0.820	0.418	0.405
eigenvalues:  tensor([57.4786, 55.4547])
hess item is 0.011670587584376335
9900	0.260	0.788	0.434	0.391
9910	0.253	0.803	0.426	0.394
9920	0.262	0.784	0.437	0.387
9930	0.249	0.813	0.424	0.396
9940	0.249	0.808	0.425	0.401
eigenvalues:  tensor([55.5889, 54.9544])
hess item is 0.011512146331369877
9950	0.243	0.822	0.421	0.404
9960	0.238	0.837	0.416	0.403
9970	0.253	0.805	0.431	0.389
9980	0.248	0.814	0.427	0.394
9990	0.252	0.802	0.431	0.384
device: cuda:6
output directory: RESULTS/cifar10-10k/fc-tanh/seed_0/mse/ivon/lr_0.0005_h0_1.0_post_10_alpha_100.0_beta2_0.9995_beta_0.0_ess_10000000.0_ivon
Files already downloaded and verified
Files already downloaded and verified
optimizer is IVON
0	0.597	0.131	0.597	0.131
10	0.574	0.136	0.574	0.137
20	0.558	0.142	0.559	0.142
30	0.547	0.148	0.548	0.148
40	0.539	0.155	0.540	0.155
eigenvalues:  tensor([80.6514, 66.5506])
hess item is 0.975383460521698
50	0.532	0.160	0.533	0.162
60	0.526	0.168	0.528	0.168
70	0.521	0.173	0.523	0.173
80	0.517	0.178	0.519	0.177
90	0.513	0.184	0.515	0.183
eigenvalues:  tensor([80.3489, 66.1826])
hess item is 0.9513750672340393
100	0.510	0.189	0.512	0.186
110	0.507	0.194	0.509	0.190
120	0.505	0.198	0.506	0.194
130	0.502	0.201	0.504	0.196
140	0.500	0.205	0.502	0.199
eigenvalues:  tensor([79.9033, 65.7479])
hess item is 0.9279576539993286
150	0.498	0.208	0.500	0.201
160	0.496	0.211	0.498	0.203
170	0.494	0.212	0.496	0.206
180	0.492	0.215	0.494	0.208
190	0.490	0.217	0.492	0.211
eigenvalues:  tensor([79.4948, 65.3270])
hess item is 0.9051150679588318
200	0.488	0.219	0.491	0.214
210	0.487	0.221	0.489	0.216
220	0.485	0.223	0.488	0.218
230	0.484	0.224	0.487	0.219
240	0.482	0.226	0.485	0.221
eigenvalues:  tensor([79.1272, 64.9227])
hess item is 0.8828411102294922
250	0.481	0.228	0.484	0.224
260	0.480	0.229	0.483	0.225
270	0.479	0.231	0.481	0.226
280	0.477	0.234	0.480	0.228
290	0.476	0.235	0.479	0.228
eigenvalues:  tensor([78.7856, 64.5372])
hess item is 0.8611143231391907
300	0.475	0.238	0.478	0.230
310	0.474	0.240	0.477	0.230
320	0.473	0.241	0.476	0.232
330	0.472	0.244	0.475	0.233
340	0.471	0.245	0.474	0.235
eigenvalues:  tensor([78.4596, 64.1698])
hess item is 0.839928388595581
350	0.470	0.247	0.473	0.236
360	0.469	0.248	0.472	0.238
370	0.468	0.249	0.471	0.239
380	0.467	0.251	0.470	0.241
390	0.466	0.252	0.469	0.243
eigenvalues:  tensor([78.1404, 63.8170])
hess item is 0.8192654252052307
400	0.465	0.254	0.469	0.244
410	0.464	0.256	0.468	0.245
420	0.463	0.257	0.467	0.246
430	0.462	0.259	0.466	0.248
440	0.462	0.260	0.465	0.249
eigenvalues:  tensor([77.8398, 63.4803])
hess item is 0.7991135120391846
450	0.461	0.260	0.465	0.250
460	0.460	0.262	0.464	0.251
470	0.459	0.263	0.463	0.252
480	0.458	0.264	0.462	0.252
490	0.458	0.265	0.462	0.252
eigenvalues:  tensor([77.5441, 63.1597])
hess item is 0.7794606685638428
500	0.457	0.267	0.461	0.255
510	0.456	0.268	0.460	0.257
520	0.455	0.269	0.460	0.258
530	0.455	0.270	0.459	0.258
540	0.454	0.271	0.458	0.259
eigenvalues:  tensor([77.2545, 62.8503])
hess item is 0.7602911591529846
550	0.453	0.273	0.458	0.261
560	0.453	0.274	0.457	0.262
570	0.452	0.275	0.456	0.263
580	0.451	0.276	0.456	0.263
590	0.451	0.277	0.455	0.264
eigenvalues:  tensor([76.9865, 62.5548])
hess item is 0.7415845990180969
600	0.450	0.278	0.455	0.264
610	0.449	0.279	0.454	0.265
620	0.449	0.280	0.453	0.266
630	0.448	0.281	0.453	0.266
640	0.447	0.282	0.452	0.268
eigenvalues:  tensor([76.7123, 62.2755])
hess item is 0.7233511209487915
650	0.447	0.283	0.452	0.269
660	0.446	0.284	0.451	0.269
670	0.446	0.285	0.450	0.270
680	0.445	0.286	0.450	0.271
690	0.444	0.287	0.449	0.272
eigenvalues:  tensor([76.4458, 62.0168])
hess item is 0.7055662870407104
700	0.444	0.288	0.449	0.273
710	0.443	0.289	0.448	0.274
720	0.443	0.289	0.448	0.276
730	0.442	0.290	0.447	0.277
740	0.442	0.291	0.447	0.278
eigenvalues:  tensor([76.1952, 61.7862])
hess item is 0.6882156729698181
750	0.441	0.292	0.446	0.280
760	0.440	0.294	0.446	0.281
770	0.440	0.295	0.445	0.282
780	0.439	0.296	0.445	0.282
790	0.439	0.297	0.444	0.282
eigenvalues:  tensor([75.9527, 61.5921])
hess item is 0.6712928414344788
800	0.438	0.298	0.444	0.283
810	0.438	0.299	0.443	0.285
820	0.437	0.300	0.443	0.285
830	0.437	0.301	0.442	0.287
840	0.436	0.302	0.442	0.287
eigenvalues:  tensor([75.7089, 61.4350])
hess item is 0.6547879576683044
850	0.435	0.304	0.441	0.288
860	0.435	0.305	0.441	0.289
870	0.434	0.306	0.440	0.290
880	0.434	0.307	0.439	0.290
890	0.433	0.308	0.439	0.290
eigenvalues:  tensor([75.4806, 61.3063])
hess item is 0.6386908292770386
900	0.433	0.308	0.438	0.291
910	0.432	0.310	0.438	0.291
920	0.432	0.310	0.437	0.292
930	0.431	0.311	0.437	0.293
940	0.431	0.312	0.436	0.294
eigenvalues:  tensor([75.2606, 61.1923])
hess item is 0.6229947805404663
950	0.430	0.312	0.436	0.295
960	0.429	0.313	0.436	0.294
970	0.429	0.314	0.435	0.295
980	0.428	0.314	0.435	0.295
990	0.428	0.316	0.434	0.296
eigenvalues:  tensor([75.0417, 61.0880])
hess item is 0.607685923576355
1000	0.427	0.317	0.434	0.296
1010	0.427	0.318	0.433	0.297
1020	0.426	0.319	0.433	0.298
1030	0.426	0.321	0.432	0.298
1040	0.426	0.322	0.432	0.299
eigenvalues:  tensor([74.8349, 60.9911])
hess item is 0.5927557945251465
1050	0.425	0.324	0.432	0.299
1060	0.425	0.324	0.431	0.300
1070	0.424	0.325	0.431	0.301
1080	0.424	0.326	0.431	0.302
1090	0.424	0.327	0.430	0.302
eigenvalues:  tensor([74.6254, 60.8997])
hess item is 0.5781927704811096
1100	0.423	0.328	0.430	0.302
1110	0.423	0.329	0.429	0.303
1120	0.422	0.330	0.429	0.304
1130	0.422	0.330	0.429	0.304
1140	0.422	0.331	0.429	0.304
eigenvalues:  tensor([74.4289, 60.8109])
hess item is 0.5639902949333191
1150	0.421	0.331	0.428	0.305
1160	0.421	0.332	0.428	0.306
1170	0.421	0.333	0.428	0.307
1180	0.420	0.333	0.427	0.307
1190	0.420	0.334	0.427	0.308
eigenvalues:  tensor([74.2313, 60.7263])
hess item is 0.5501375794410706
1200	0.420	0.334	0.427	0.309
1210	0.419	0.335	0.426	0.309
1220	0.419	0.335	0.426	0.310
1230	0.419	0.336	0.426	0.311
1240	0.418	0.336	0.425	0.311
eigenvalues:  tensor([74.0467, 60.6407])
hess item is 0.5366272926330566
1250	0.418	0.337	0.425	0.311
1260	0.418	0.338	0.425	0.312
1270	0.417	0.339	0.425	0.312
1280	0.417	0.339	0.424	0.312
1290	0.417	0.340	0.424	0.313
eigenvalues:  tensor([73.8707, 60.5608])
hess item is 0.5234534740447998
1300	0.416	0.340	0.424	0.314
1310	0.416	0.341	0.424	0.314
1320	0.416	0.342	0.423	0.315
1330	0.416	0.343	0.423	0.315
1340	0.415	0.343	0.423	0.315
eigenvalues:  tensor([73.6937, 60.4817])
hess item is 0.5106026530265808
1350	0.415	0.344	0.423	0.316
1360	0.415	0.344	0.422	0.316
1370	0.414	0.345	0.422	0.317
1380	0.414	0.345	0.422	0.317
1390	0.414	0.346	0.422	0.317
eigenvalues:  tensor([73.5179, 60.4067])
hess item is 0.4980689585208893
1400	0.414	0.347	0.421	0.318
1410	0.413	0.347	0.421	0.319
1420	0.413	0.348	0.421	0.319
1430	0.413	0.349	0.421	0.320
1440	0.413	0.349	0.421	0.321
eigenvalues:  tensor([73.3502, 60.3314])
hess item is 0.48584291338920593
1450	0.412	0.349	0.420	0.321
1460	0.412	0.350	0.420	0.322
1470	0.412	0.350	0.420	0.322
1480	0.412	0.351	0.420	0.323
1490	0.411	0.352	0.420	0.323
eigenvalues:  tensor([73.1880, 60.2605])
hess item is 0.4739203453063965
1500	0.411	0.352	0.419	0.323
1510	0.411	0.353	0.419	0.324
1520	0.411	0.353	0.419	0.325
1530	0.410	0.354	0.419	0.325
1540	0.410	0.355	0.419	0.325
eigenvalues:  tensor([73.0303, 60.1910])
hess item is 0.4622918665409088
1550	0.410	0.355	0.418	0.325
1560	0.410	0.355	0.418	0.326
1570	0.410	0.357	0.418	0.326
1580	0.409	0.357	0.418	0.326
1590	0.409	0.358	0.418	0.327
eigenvalues:  tensor([72.8716, 60.1194])
hess item is 0.4509522318840027
1600	0.409	0.358	0.418	0.327
1610	0.409	0.359	0.417	0.328
1620	0.408	0.359	0.417	0.328
1630	0.408	0.359	0.417	0.329
1640	0.408	0.360	0.417	0.329
eigenvalues:  tensor([72.7195, 60.0562])
hess item is 0.4398914575576782
1650	0.408	0.361	0.417	0.330
1660	0.408	0.361	0.417	0.330
1670	0.407	0.362	0.416	0.331
1680	0.407	0.362	0.416	0.331
1690	0.407	0.363	0.416	0.332
eigenvalues:  tensor([72.5765, 59.9861])
hess item is 0.429104208946228
1700	0.407	0.363	0.416	0.333
1710	0.407	0.364	0.416	0.332
1720	0.406	0.364	0.416	0.333
1730	0.406	0.365	0.415	0.334
1740	0.406	0.365	0.415	0.334
eigenvalues:  tensor([72.4257, 59.9232])
hess item is 0.4185818135738373
1750	0.406	0.365	0.415	0.335
1760	0.406	0.365	0.415	0.336
1770	0.405	0.366	0.415	0.336
1780	0.405	0.366	0.415	0.336
1790	0.405	0.367	0.415	0.336
eigenvalues:  tensor([72.2869, 59.8581])
hess item is 0.40831950306892395
1800	0.405	0.368	0.414	0.336
1810	0.405	0.368	0.414	0.337
1820	0.405	0.368	0.414	0.337
1830	0.404	0.369	0.414	0.338
1840	0.404	0.369	0.414	0.339
eigenvalues:  tensor([72.1498, 59.8006])
hess item is 0.39831119775772095
1850	0.404	0.370	0.414	0.339
1860	0.404	0.370	0.414	0.340
1870	0.404	0.371	0.413	0.340
1880	0.403	0.371	0.413	0.340
1890	0.403	0.372	0.413	0.341
eigenvalues:  tensor([72.0211, 59.7388])
hess item is 0.38854965567588806
1900	0.403	0.372	0.413	0.342
1910	0.403	0.373	0.413	0.342
1920	0.403	0.373	0.413	0.342
1930	0.403	0.375	0.413	0.342
1940	0.402	0.375	0.413	0.343
eigenvalues:  tensor([71.8812, 59.6790])
hess item is 0.37903034687042236
1950	0.402	0.376	0.412	0.343
1960	0.402	0.377	0.412	0.343
1970	0.402	0.378	0.412	0.343
1980	0.402	0.379	0.412	0.343
1990	0.402	0.379	0.412	0.344
eigenvalues:  tensor([71.7573, 59.6221])
hess item is 0.3697449564933777
2000	0.401	0.380	0.412	0.344
2010	0.401	0.380	0.412	0.344
2020	0.401	0.381	0.412	0.344
2030	0.401	0.381	0.411	0.345
2040	0.401	0.382	0.411	0.345
eigenvalues:  tensor([71.6306, 59.5671])
hess item is 0.360689640045166
2050	0.401	0.383	0.411	0.345
2060	0.401	0.382	0.411	0.346
2070	0.400	0.382	0.411	0.347
2080	0.400	0.384	0.411	0.347
2090	0.400	0.384	0.411	0.347
eigenvalues:  tensor([71.5022, 59.5108])
hess item is 0.3518577516078949
2100	0.400	0.385	0.411	0.347
2110	0.400	0.386	0.411	0.347
2120	0.400	0.386	0.411	0.347
2130	0.399	0.386	0.410	0.348
2140	0.399	0.386	0.410	0.348
eigenvalues:  tensor([71.3894, 59.4602])
hess item is 0.343243807554245
2150	0.399	0.386	0.410	0.348
2160	0.399	0.387	0.410	0.347
2170	0.399	0.387	0.410	0.348
2180	0.399	0.388	0.410	0.348
2190	0.399	0.388	0.410	0.349
eigenvalues:  tensor([71.2673, 59.4078])
hess item is 0.33484208583831787
2200	0.398	0.388	0.410	0.350
2210	0.398	0.388	0.410	0.350
2220	0.398	0.388	0.409	0.350
2230	0.398	0.389	0.409	0.351
2240	0.398	0.390	0.409	0.351
eigenvalues:  tensor([71.1555, 59.3579])
hess item is 0.326647013425827
2250	0.398	0.390	0.409	0.351
2260	0.398	0.390	0.409	0.352
2270	0.397	0.390	0.409	0.352
2280	0.397	0.390	0.409	0.352
2290	0.397	0.391	0.409	0.352
eigenvalues:  tensor([71.0519, 59.3058])
hess item is 0.31865429878234863
2300	0.397	0.391	0.409	0.352
2310	0.397	0.392	0.409	0.352
2320	0.397	0.393	0.409	0.352
2330	0.397	0.393	0.408	0.353
2340	0.396	0.393	0.408	0.353
eigenvalues:  tensor([70.9384, 59.2597])
hess item is 0.3108591139316559
2350	0.396	0.394	0.408	0.353
2360	0.396	0.394	0.408	0.354
2370	0.396	0.395	0.408	0.354
2380	0.396	0.395	0.408	0.354
2390	0.396	0.395	0.408	0.355
eigenvalues:  tensor([70.8264, 59.2172])
hess item is 0.30325695872306824
2400	0.396	0.396	0.408	0.356
2410	0.395	0.396	0.408	0.356
2420	0.395	0.396	0.408	0.356
2430	0.395	0.397	0.408	0.356
2440	0.395	0.397	0.408	0.356
eigenvalues:  tensor([70.7200, 59.1726])
hess item is 0.29584264755249023
2450	0.395	0.397	0.407	0.357
2460	0.395	0.398	0.407	0.357
2470	0.395	0.398	0.407	0.356
2480	0.395	0.399	0.407	0.357
2490	0.394	0.399	0.407	0.357
eigenvalues:  tensor([70.6147, 59.1393])
hess item is 0.2886110246181488
2500	0.394	0.400	0.407	0.356
2510	0.394	0.400	0.407	0.356
2520	0.394	0.401	0.407	0.356
2530	0.394	0.401	0.407	0.357
2540	0.394	0.401	0.407	0.357
eigenvalues:  tensor([70.5118, 59.0985])
hess item is 0.28155967593193054
2550	0.394	0.401	0.407	0.357
2560	0.394	0.401	0.407	0.358
2570	0.393	0.402	0.406	0.358
2580	0.393	0.402	0.406	0.358
2590	0.393	0.403	0.406	0.358
eigenvalues:  tensor([70.4148, 59.0578])
hess item is 0.2746810019016266
2600	0.393	0.403	0.406	0.358
2610	0.393	0.403	0.406	0.358
2620	0.393	0.403	0.406	0.358
2630	0.393	0.404	0.406	0.358
2640	0.393	0.404	0.406	0.359
eigenvalues:  tensor([70.3215, 59.0230])
hess item is 0.26797136664390564
2650	0.392	0.404	0.406	0.359
2660	0.392	0.404	0.406	0.359
2670	0.392	0.405	0.406	0.359
2680	0.392	0.405	0.406	0.359
2690	0.392	0.405	0.406	0.360
eigenvalues:  tensor([70.2223, 58.9838])
hess item is 0.2614291310310364
2700	0.392	0.405	0.406	0.360
2710	0.392	0.406	0.405	0.360
2720	0.392	0.406	0.405	0.361
2730	0.391	0.407	0.405	0.361
2740	0.391	0.407	0.405	0.361
eigenvalues:  tensor([70.1323, 58.9488])
hess item is 0.25504764914512634
2750	0.391	0.408	0.405	0.362
2760	0.391	0.408	0.405	0.361
2770	0.391	0.409	0.405	0.362
2780	0.391	0.409	0.405	0.362
2790	0.391	0.410	0.405	0.362
eigenvalues:  tensor([70.0358, 58.9205])
hess item is 0.2488238513469696
2800	0.391	0.410	0.405	0.362
2810	0.390	0.410	0.405	0.362
2820	0.390	0.411	0.405	0.362
2830	0.390	0.412	0.405	0.362
2840	0.390	0.412	0.405	0.362
eigenvalues:  tensor([69.9422, 58.8888])
hess item is 0.24275390803813934
2850	0.390	0.413	0.404	0.362
2860	0.390	0.413	0.404	0.362
2870	0.390	0.414	0.404	0.363
2880	0.390	0.414	0.404	0.363
2890	0.390	0.414	0.404	0.363
eigenvalues:  tensor([69.8671, 58.8600])
hess item is 0.23683319985866547
2900	0.389	0.415	0.404	0.363
2910	0.389	0.415	0.404	0.364
2920	0.389	0.416	0.404	0.364
2930	0.389	0.416	0.404	0.364
2940	0.389	0.417	0.404	0.364
eigenvalues:  tensor([69.7706, 58.8382])
hess item is 0.23105953633785248
2950	0.389	0.417	0.404	0.364
2960	0.389	0.418	0.404	0.365
2970	0.389	0.418	0.404	0.365
2980	0.389	0.419	0.404	0.365
2990	0.388	0.420	0.404	0.366
eigenvalues:  tensor([69.6779, 58.8120])
hess item is 0.22542834281921387
3000	0.388	0.421	0.404	0.366
3010	0.388	0.421	0.403	0.366
3020	0.388	0.421	0.403	0.366
3030	0.388	0.422	0.403	0.367
3040	0.388	0.423	0.403	0.367
eigenvalues:  tensor([69.5932, 58.7852])
hess item is 0.21993598341941833
3050	0.388	0.423	0.403	0.368
3060	0.388	0.424	0.403	0.367
3070	0.387	0.424	0.403	0.368
3080	0.387	0.424	0.403	0.368
3090	0.387	0.425	0.403	0.369
eigenvalues:  tensor([69.5083, 58.7651])
hess item is 0.21457970142364502
3100	0.387	0.425	0.403	0.369
3110	0.387	0.426	0.403	0.369
3120	0.387	0.426	0.403	0.369
3130	0.387	0.426	0.403	0.369
3140	0.387	0.426	0.403	0.370
eigenvalues:  tensor([69.4247, 58.7396])
hess item is 0.20935553312301636
3150	0.387	0.427	0.403	0.369
3160	0.386	0.427	0.403	0.370
3170	0.386	0.428	0.403	0.370
3180	0.386	0.428	0.402	0.370
3190	0.386	0.428	0.402	0.370
eigenvalues:  tensor([69.3432, 58.7260])
hess item is 0.20425976812839508
3200	0.386	0.428	0.402	0.371
3210	0.386	0.429	0.402	0.371
3220	0.386	0.429	0.402	0.371
3230	0.386	0.430	0.402	0.371
3240	0.386	0.430	0.402	0.371
eigenvalues:  tensor([69.2484, 58.7071])
hess item is 0.1992902308702469
3250	0.385	0.430	0.402	0.371
3260	0.385	0.430	0.402	0.371
3270	0.385	0.431	0.402	0.371
3280	0.385	0.431	0.402	0.371
3290	0.385	0.431	0.402	0.371
eigenvalues:  tensor([69.1699, 58.6862])
hess item is 0.19444310665130615
3300	0.385	0.432	0.402	0.371
3310	0.385	0.432	0.402	0.371
3320	0.385	0.432	0.402	0.372
3330	0.385	0.433	0.402	0.372
3340	0.384	0.432	0.402	0.373
eigenvalues:  tensor([69.0932, 58.6815])
hess item is 0.1897156685590744
3350	0.384	0.432	0.402	0.372
3360	0.384	0.433	0.401	0.372
3370	0.384	0.433	0.401	0.372
3380	0.384	0.433	0.401	0.372
3390	0.384	0.433	0.401	0.373
eigenvalues:  tensor([69.0127, 58.6692])
hess item is 0.18510405719280243
3400	0.384	0.433	0.401	0.373
3410	0.384	0.434	0.401	0.373
3420	0.384	0.434	0.401	0.373
3430	0.383	0.435	0.401	0.374
3440	0.383	0.435	0.401	0.374
eigenvalues:  tensor([68.9315, 58.6559])
hess item is 0.1806076020002365
3450	0.383	0.435	0.401	0.374
3460	0.383	0.436	0.401	0.374
3470	0.383	0.435	0.401	0.373
3480	0.383	0.437	0.401	0.375
3490	0.383	0.436	0.401	0.375
eigenvalues:  tensor([68.8440, 58.6453])
hess item is 0.17622233927249908
3500	0.383	0.436	0.401	0.375
3510	0.383	0.436	0.401	0.375
3520	0.382	0.436	0.401	0.375
3530	0.382	0.437	0.401	0.375
3540	0.382	0.437	0.401	0.375
eigenvalues:  tensor([68.7677, 58.6312])
hess item is 0.17194440960884094
3550	0.382	0.437	0.400	0.375
3560	0.382	0.438	0.400	0.375
3570	0.382	0.439	0.400	0.375
3580	0.382	0.439	0.400	0.376
3590	0.382	0.440	0.400	0.376
eigenvalues:  tensor([68.6828, 58.6293])
hess item is 0.1677725464105606
3600	0.381	0.441	0.400	0.376
3610	0.381	0.441	0.400	0.376
3620	0.381	0.441	0.400	0.377
3630	0.381	0.443	0.400	0.376
3640	0.381	0.443	0.400	0.377
eigenvalues:  tensor([68.5978, 58.6257])
hess item is 0.16370484232902527
3650	0.381	0.444	0.400	0.376
3660	0.381	0.443	0.400	0.377
3670	0.381	0.444	0.400	0.378
3680	0.381	0.445	0.400	0.377
3690	0.380	0.445	0.400	0.377
eigenvalues:  tensor([68.5191, 58.6201])
hess item is 0.1597374826669693
3700	0.380	0.445	0.400	0.377
3710	0.380	0.446	0.400	0.377
3720	0.380	0.446	0.400	0.378
3730	0.380	0.447	0.400	0.378
3740	0.380	0.446	0.400	0.379
eigenvalues:  tensor([68.4518, 58.6090])
hess item is 0.15586785972118378
3750	0.380	0.446	0.399	0.379
3760	0.380	0.447	0.399	0.379
3770	0.380	0.447	0.399	0.379
3780	0.379	0.448	0.399	0.379
3790	0.379	0.448	0.399	0.379
eigenvalues:  tensor([68.3692, 58.6091])
hess item is 0.1520935446023941
3800	0.379	0.449	0.399	0.380
3810	0.379	0.450	0.399	0.381
3820	0.379	0.450	0.399	0.380
3830	0.379	0.450	0.399	0.380
3840	0.379	0.450	0.399	0.381
eigenvalues:  tensor([68.2840, 58.6062])
hess item is 0.1484125703573227
3850	0.379	0.451	0.399	0.380
3860	0.379	0.451	0.399	0.381
3870	0.378	0.451	0.399	0.381
3880	0.378	0.451	0.399	0.381
3890	0.378	0.451	0.399	0.382
eigenvalues:  tensor([68.2219, 58.6107])
hess item is 0.14482219517230988
3900	0.378	0.453	0.399	0.382
3910	0.378	0.452	0.399	0.381
3920	0.378	0.452	0.399	0.383
3930	0.378	0.453	0.399	0.382
3940	0.378	0.454	0.399	0.382
eigenvalues:  tensor([68.1352, 58.6134])
hess item is 0.14132137596607208
3950	0.378	0.454	0.399	0.382
3960	0.377	0.454	0.399	0.382
3970	0.377	0.455	0.398	0.383
3980	0.377	0.455	0.398	0.382
3990	0.377	0.455	0.398	0.383
eigenvalues:  tensor([68.0778, 58.6057])
hess item is 0.13790671527385712
4000	0.377	0.455	0.398	0.383
4010	0.377	0.456	0.398	0.383
4020	0.377	0.457	0.398	0.383
4030	0.377	0.458	0.398	0.384
4040	0.377	0.458	0.398	0.383
eigenvalues:  tensor([68.0062, 58.6209])
hess item is 0.13457630574703217
4050	0.376	0.459	0.398	0.384
4060	0.376	0.459	0.398	0.384
4070	0.376	0.459	0.398	0.384
4080	0.376	0.460	0.398	0.384
4090	0.376	0.460	0.398	0.384
eigenvalues:  tensor([67.9418, 58.6202])
hess item is 0.13132815062999725
4100	0.376	0.460	0.398	0.384
4110	0.376	0.460	0.398	0.383
4120	0.376	0.461	0.398	0.385
4130	0.376	0.461	0.398	0.384
4140	0.375	0.462	0.398	0.384
eigenvalues:  tensor([67.8853, 58.6310])
hess item is 0.12815997004508972
4150	0.375	0.463	0.398	0.385
4160	0.375	0.463	0.398	0.385
4170	0.375	0.463	0.398	0.385
4180	0.375	0.464	0.398	0.384
4190	0.375	0.464	0.398	0.386
eigenvalues:  tensor([67.8260, 58.6422])
hess item is 0.12507130205631256
4200	0.375	0.465	0.397	0.385
4210	0.375	0.465	0.397	0.386
4220	0.374	0.466	0.397	0.385
4230	0.374	0.466	0.397	0.386
4240	0.374	0.465	0.397	0.386
eigenvalues:  tensor([67.7730, 58.6532])
hess item is 0.12205779552459717
4250	0.374	0.466	0.397	0.386
4260	0.374	0.467	0.397	0.386
4270	0.374	0.467	0.397	0.387
4280	0.374	0.466	0.397	0.387
4290	0.374	0.468	0.397	0.387
eigenvalues:  tensor([67.7204, 58.6738])
hess item is 0.1191190630197525
4300	0.374	0.468	0.397	0.387
4310	0.373	0.468	0.397	0.387
4320	0.373	0.469	0.397	0.387
4330	0.373	0.469	0.397	0.388
4340	0.373	0.470	0.397	0.389
eigenvalues:  tensor([67.6716, 58.6823])
hess item is 0.11625303328037262
4350	0.373	0.470	0.397	0.389
4360	0.373	0.470	0.397	0.388
4370	0.373	0.470	0.397	0.388
4380	0.373	0.470	0.397	0.388
4390	0.373	0.471	0.397	0.389
eigenvalues:  tensor([67.6334, 58.7045])
hess item is 0.11345815658569336
4400	0.372	0.472	0.397	0.390
4410	0.372	0.472	0.397	0.389
4420	0.372	0.472	0.397	0.389
4430	0.372	0.473	0.397	0.389
4440	0.372	0.473	0.397	0.389
eigenvalues:  tensor([67.6421, 58.7121])
hess item is 0.11073184013366699
4450	0.372	0.473	0.396	0.390
4460	0.372	0.473	0.396	0.389
4470	0.372	0.473	0.396	0.389
4480	0.371	0.474	0.396	0.389
4490	0.371	0.475	0.396	0.390
eigenvalues:  tensor([67.5729, 58.7384])
hess item is 0.1080731451511383
4500	0.371	0.475	0.396	0.390
4510	0.371	0.475	0.396	0.390
4520	0.371	0.475	0.396	0.390
4530	0.371	0.475	0.396	0.390
4540	0.371	0.476	0.396	0.391
eigenvalues:  tensor([67.5560, 58.7683])
hess item is 0.10547979921102524
4550	0.371	0.476	0.396	0.391
4560	0.370	0.476	0.396	0.391
4570	0.370	0.476	0.396	0.391
4580	0.370	0.477	0.396	0.391
4590	0.370	0.477	0.396	0.390
eigenvalues:  tensor([67.5490, 58.7895])
hess item is 0.10295086354017258
4600	0.370	0.477	0.396	0.391
4610	0.370	0.478	0.396	0.391
4620	0.370	0.478	0.396	0.391
4630	0.370	0.479	0.396	0.391
4640	0.370	0.479	0.396	0.391
eigenvalues:  tensor([67.5290, 58.8125])
hess item is 0.10048473626375198
4650	0.369	0.479	0.396	0.391
4660	0.369	0.480	0.396	0.392
4670	0.369	0.480	0.396	0.392
4680	0.369	0.481	0.396	0.392
4690	0.369	0.480	0.396	0.392
eigenvalues:  tensor([67.5354, 58.8498])
hess item is 0.0980793833732605
4700	0.369	0.480	0.396	0.392
4710	0.369	0.481	0.395	0.393
4720	0.369	0.481	0.395	0.393
4730	0.368	0.481	0.395	0.394
4740	0.368	0.483	0.395	0.394
eigenvalues:  tensor([67.5256, 58.8892])
hess item is 0.09573392570018768
4750	0.368	0.483	0.395	0.393
4760	0.368	0.483	0.395	0.393
4770	0.368	0.484	0.395	0.394
4780	0.368	0.484	0.395	0.395
4790	0.368	0.484	0.395	0.394
eigenvalues:  tensor([67.5526, 58.9017])
hess item is 0.09344634413719177
4800	0.368	0.485	0.395	0.395
4810	0.367	0.486	0.395	0.395
4820	0.367	0.485	0.395	0.395
4830	0.367	0.486	0.395	0.395
4840	0.367	0.486	0.395	0.394
eigenvalues:  tensor([67.5800, 58.9476])
hess item is 0.09121528267860413
4850	0.367	0.486	0.395	0.395
4860	0.367	0.487	0.395	0.396
4870	0.367	0.487	0.395	0.396
4880	0.367	0.487	0.395	0.395
4890	0.366	0.488	0.395	0.395
eigenvalues:  tensor([67.5934, 58.9967])
hess item is 0.08904050290584564
4900	0.366	0.488	0.395	0.396
4910	0.366	0.489	0.395	0.396
4920	0.366	0.489	0.395	0.396
4930	0.366	0.489	0.395	0.397
4940	0.366	0.491	0.395	0.396
eigenvalues:  tensor([67.6509, 59.0449])
hess item is 0.08691847324371338
4950	0.366	0.490	0.395	0.396
4960	0.366	0.490	0.395	0.396
4970	0.365	0.490	0.395	0.397
4980	0.365	0.492	0.395	0.396
4990	0.365	0.492	0.394	0.396
eigenvalues:  tensor([67.6654, 59.0741])
hess item is 0.08484909683465958
5000	0.365	0.492	0.394	0.397
5010	0.365	0.492	0.394	0.398
5020	0.365	0.493	0.394	0.397
5030	0.365	0.493	0.394	0.397
5040	0.364	0.495	0.394	0.398
eigenvalues:  tensor([67.7567, 59.1251])
hess item is 0.08283119648694992
5050	0.364	0.495	0.394	0.399
5060	0.364	0.495	0.394	0.399
5070	0.364	0.495	0.394	0.398
5080	0.364	0.495	0.394	0.399
5090	0.364	0.495	0.394	0.398
eigenvalues:  tensor([67.8071, 59.1783])
hess item is 0.08086396008729935
5100	0.364	0.496	0.394	0.398
5110	0.364	0.496	0.394	0.398
5120	0.363	0.497	0.394	0.398
5130	0.363	0.498	0.394	0.399
5140	0.363	0.497	0.394	0.399
eigenvalues:  tensor([67.8742, 59.2373])
hess item is 0.07894454896450043
5150	0.363	0.498	0.394	0.400
5160	0.363	0.498	0.394	0.400
5170	0.363	0.499	0.394	0.400
5180	0.363	0.499	0.394	0.400
5190	0.362	0.499	0.394	0.400
eigenvalues:  tensor([67.9514, 59.2869])
hess item is 0.07707256078720093
5200	0.362	0.499	0.394	0.400
5210	0.362	0.498	0.394	0.401
5220	0.362	0.500	0.394	0.401
5230	0.362	0.502	0.394	0.401
5240	0.362	0.502	0.394	0.401
eigenvalues:  tensor([68.0669, 59.3440])
hess item is 0.07524733990430832
5250	0.362	0.503	0.394	0.401
5260	0.362	0.503	0.394	0.400
5270	0.361	0.502	0.394	0.400
5280	0.361	0.503	0.394	0.401
5290	0.361	0.505	0.394	0.401
eigenvalues:  tensor([68.1247, 59.4109])
hess item is 0.07346758991479874
5300	0.361	0.505	0.394	0.401
5310	0.361	0.505	0.393	0.401
5320	0.361	0.506	0.393	0.401
5330	0.361	0.506	0.393	0.401
5340	0.360	0.507	0.393	0.402
eigenvalues:  tensor([68.2371, 59.4702])
hess item is 0.07173182815313339
5350	0.360	0.507	0.393	0.401
5360	0.360	0.507	0.393	0.402
5370	0.360	0.509	0.393	0.402
5380	0.360	0.508	0.393	0.402
5390	0.360	0.508	0.393	0.401
eigenvalues:  tensor([68.3729, 59.5300])
hess item is 0.07003946602344513
5400	0.360	0.510	0.393	0.402
5410	0.359	0.510	0.393	0.402
5420	0.359	0.511	0.393	0.402
5430	0.359	0.510	0.393	0.402
5440	0.359	0.511	0.393	0.403
eigenvalues:  tensor([68.4751, 59.6133])
hess item is 0.06838890165090561
5450	0.359	0.512	0.393	0.404
5460	0.359	0.512	0.393	0.403
5470	0.359	0.512	0.393	0.403
5480	0.358	0.513	0.393	0.403
5490	0.358	0.514	0.393	0.404
eigenvalues:  tensor([68.6209, 59.7001])
hess item is 0.06677942723035812
5500	0.358	0.515	0.393	0.404
5510	0.358	0.515	0.393	0.404
5520	0.358	0.515	0.393	0.403
5530	0.358	0.516	0.393	0.404
5540	0.358	0.518	0.393	0.404
eigenvalues:  tensor([68.7816, 59.7815])
hess item is 0.06520940363407135
5550	0.357	0.517	0.393	0.404
5560	0.357	0.519	0.393	0.404
5570	0.357	0.518	0.393	0.404
5580	0.357	0.520	0.393	0.404
5590	0.357	0.520	0.393	0.404
eigenvalues:  tensor([68.9288, 59.8950])
hess item is 0.06367942690849304
5600	0.357	0.520	0.393	0.405
5610	0.357	0.521	0.393	0.404
5620	0.356	0.521	0.393	0.405
5630	0.356	0.523	0.393	0.404
5640	0.356	0.522	0.393	0.405
eigenvalues:  tensor([69.1202, 59.9699])
hess item is 0.06218697503209114
5650	0.356	0.523	0.393	0.405
5660	0.356	0.523	0.393	0.405
5670	0.356	0.524	0.392	0.406
5680	0.355	0.524	0.392	0.406
5690	0.355	0.525	0.392	0.406
eigenvalues:  tensor([69.2438, 60.0733])
hess item is 0.060731615871191025
5700	0.355	0.525	0.392	0.406
5710	0.355	0.525	0.392	0.405
5720	0.355	0.525	0.392	0.406
5730	0.355	0.526	0.392	0.406
5740	0.355	0.526	0.392	0.405
eigenvalues:  tensor([69.4485, 60.1734])
hess item is 0.059312909841537476
5750	0.354	0.527	0.392	0.406
5760	0.354	0.528	0.392	0.406
5770	0.354	0.527	0.392	0.406
5780	0.354	0.529	0.392	0.406
5790	0.354	0.528	0.392	0.407
eigenvalues:  tensor([69.6236, 60.3008])
hess item is 0.05792922526597977
5800	0.354	0.530	0.392	0.407
5810	0.353	0.529	0.392	0.406
5820	0.353	0.531	0.392	0.407
5830	0.353	0.532	0.392	0.406
5840	0.353	0.532	0.392	0.407
eigenvalues:  tensor([69.8330, 60.4073])
hess item is 0.0565800666809082
5850	0.353	0.532	0.392	0.406
5860	0.353	0.533	0.392	0.407
5870	0.352	0.533	0.392	0.407
5880	0.352	0.534	0.392	0.407
5890	0.352	0.535	0.392	0.407
eigenvalues:  tensor([70.0527, 60.5285])
hess item is 0.055264297872781754
5900	0.352	0.536	0.392	0.407
5910	0.352	0.535	0.392	0.407
5920	0.352	0.536	0.392	0.407
5930	0.352	0.537	0.392	0.408
5940	0.351	0.538	0.392	0.408
eigenvalues:  tensor([70.3236, 60.6803])
hess item is 0.05398191511631012
5950	0.351	0.537	0.392	0.409
5960	0.351	0.538	0.392	0.407
5970	0.351	0.537	0.392	0.408
5980	0.351	0.541	0.392	0.409
5990	0.351	0.540	0.392	0.409
eigenvalues:  tensor([70.5114, 60.8195])
hess item is 0.052731506526470184
6000	0.350	0.539	0.392	0.408
6010	0.350	0.539	0.392	0.408
6020	0.350	0.541	0.392	0.409
6030	0.350	0.540	0.392	0.407
6040	0.350	0.542	0.392	0.410
eigenvalues:  tensor([70.7383, 60.9774])
hess item is 0.05151286721229553
6050	0.349	0.542	0.392	0.409
6060	0.349	0.543	0.392	0.410
6070	0.349	0.543	0.392	0.409
6080	0.349	0.543	0.392	0.410
6090	0.349	0.544	0.392	0.410
eigenvalues:  tensor([70.9844, 61.1331])
hess item is 0.05032406002283096
6100	0.349	0.545	0.392	0.410
6110	0.348	0.545	0.392	0.409
6120	0.348	0.545	0.391	0.410
6130	0.348	0.545	0.391	0.410
6140	0.348	0.546	0.391	0.410
eigenvalues:  tensor([71.2293, 61.2981])
hess item is 0.04916589707136154
6150	0.348	0.548	0.391	0.409
6160	0.348	0.548	0.391	0.407
6170	0.347	0.549	0.391	0.411
6180	0.347	0.548	0.391	0.409
6190	0.347	0.549	0.391	0.408
eigenvalues:  tensor([71.5382, 61.4723])
hess item is 0.048036277294158936
6200	0.347	0.551	0.391	0.410
6210	0.347	0.550	0.391	0.409
6220	0.347	0.552	0.391	0.410
6230	0.346	0.553	0.391	0.408
6240	0.346	0.552	0.391	0.410
eigenvalues:  tensor([71.7459, 61.6596])
hess item is 0.04693508520722389
6250	0.346	0.553	0.391	0.410
6260	0.346	0.554	0.391	0.409
6270	0.346	0.554	0.391	0.411
6280	0.345	0.555	0.391	0.410
6290	0.345	0.557	0.391	0.410
eigenvalues:  tensor([72.1213, 61.8552])
hess item is 0.04586076736450195
6300	0.345	0.556	0.391	0.409
6310	0.345	0.557	0.391	0.410
6320	0.345	0.557	0.391	0.410
6330	0.345	0.558	0.391	0.408
6340	0.344	0.560	0.391	0.410
eigenvalues:  tensor([72.3520, 62.0385])
hess item is 0.04481365159153938
6350	0.344	0.558	0.391	0.411
6360	0.344	0.559	0.391	0.410
6370	0.344	0.560	0.391	0.410
6380	0.344	0.561	0.391	0.410
6390	0.343	0.562	0.391	0.410
eigenvalues:  tensor([72.7096, 62.2445])
hess item is 0.04379291087388992
6400	0.343	0.562	0.391	0.409
6410	0.343	0.562	0.391	0.410
6420	0.343	0.563	0.391	0.412
6430	0.343	0.563	0.391	0.410
6440	0.342	0.564	0.391	0.411
eigenvalues:  tensor([73.0179, 62.4687])
hess item is 0.04279721528291702
6450	0.342	0.564	0.391	0.410
6460	0.342	0.565	0.391	0.410
6470	0.342	0.564	0.391	0.408
6480	0.342	0.565	0.391	0.412
6490	0.342	0.567	0.391	0.408
eigenvalues:  tensor([73.3927, 62.6856])
hess item is 0.04182787612080574
6500	0.341	0.568	0.391	0.411
6510	0.341	0.567	0.391	0.410
6520	0.341	0.568	0.391	0.412
6530	0.341	0.567	0.391	0.408
6540	0.340	0.569	0.391	0.411
eigenvalues:  tensor([73.7637, 62.9353])
hess item is 0.04088287800550461
6550	0.340	0.569	0.391	0.410
6560	0.340	0.570	0.391	0.411
6570	0.340	0.570	0.391	0.411
6580	0.340	0.571	0.391	0.410
6590	0.340	0.571	0.391	0.410
eigenvalues:  tensor([74.0976, 63.1701])
hess item is 0.039961475878953934
6600	0.339	0.573	0.391	0.411
6610	0.339	0.572	0.391	0.412
6620	0.339	0.574	0.391	0.412
6630	0.339	0.572	0.391	0.411
6640	0.338	0.573	0.391	0.410
eigenvalues:  tensor([74.3048, 63.4361])
hess item is 0.03906363621354103
6650	0.338	0.574	0.391	0.410
6660	0.338	0.574	0.391	0.410
6670	0.338	0.576	0.391	0.412
6680	0.338	0.576	0.391	0.410
6690	0.337	0.576	0.391	0.411
eigenvalues:  tensor([74.7142, 63.7097])
hess item is 0.0381883829832077
6700	0.337	0.577	0.391	0.411
6710	0.337	0.577	0.391	0.412
6720	0.337	0.577	0.391	0.410
6730	0.337	0.578	0.391	0.412
6740	0.336	0.580	0.391	0.413
eigenvalues:  tensor([75.0968, 63.9676])
hess item is 0.03733506798744202
6750	0.336	0.581	0.391	0.412
6760	0.336	0.580	0.391	0.412
6770	0.336	0.582	0.391	0.412
6780	0.336	0.581	0.391	0.411
6790	0.335	0.582	0.391	0.412
eigenvalues:  tensor([75.5440, 64.2709])
hess item is 0.03650335967540741
6800	0.335	0.582	0.391	0.411
6810	0.335	0.583	0.391	0.412
6820	0.335	0.584	0.391	0.412
6830	0.334	0.584	0.391	0.412
6840	0.334	0.585	0.391	0.412
eigenvalues:  tensor([75.9208, 64.5943])
hess item is 0.035692937672138214
6850	0.334	0.586	0.391	0.411
6860	0.334	0.587	0.391	0.413
6870	0.334	0.588	0.391	0.412
6880	0.333	0.589	0.391	0.412
6890	0.333	0.590	0.391	0.412
eigenvalues:  tensor([76.2887, 64.8790])
hess item is 0.03490329161286354
6900	0.333	0.591	0.391	0.413
6910	0.333	0.590	0.391	0.412
6920	0.332	0.592	0.391	0.412
6930	0.332	0.592	0.391	0.411
6940	0.332	0.594	0.391	0.412
eigenvalues:  tensor([76.8008, 65.2436])
hess item is 0.03413369879126549
6950	0.332	0.593	0.391	0.412
6960	0.332	0.594	0.391	0.412
6970	0.331	0.593	0.391	0.412
6980	0.331	0.594	0.391	0.413
6990	0.331	0.596	0.391	0.413
eigenvalues:  tensor([77.2140, 65.6657])
hess item is 0.03338414430618286
7000	0.331	0.596	0.391	0.412
7010	0.330	0.596	0.391	0.412
7020	0.330	0.597	0.391	0.412
7030	0.330	0.598	0.391	0.412
7040	0.330	0.600	0.391	0.415
eigenvalues:  tensor([77.6525, 65.9749])
hess item is 0.032654110342264175
7050	0.329	0.599	0.391	0.412
7060	0.329	0.600	0.391	0.412
7070	0.329	0.602	0.391	0.414
7080	0.329	0.601	0.391	0.413
7090	0.329	0.602	0.391	0.412
eigenvalues:  tensor([78.0310, 66.3193])
hess item is 0.03194238618016243
7100	0.328	0.603	0.391	0.413
7110	0.328	0.603	0.391	0.412
7120	0.328	0.604	0.391	0.413
7130	0.327	0.604	0.391	0.413
7140	0.327	0.606	0.391	0.414
eigenvalues:  tensor([78.4240, 66.6063])
hess item is 0.03124851919710636
7150	0.327	0.607	0.391	0.414
7160	0.327	0.609	0.391	0.415
7170	0.326	0.609	0.391	0.414
7180	0.326	0.608	0.391	0.415
7190	0.326	0.612	0.391	0.414
eigenvalues:  tensor([79.0127, 67.0516])
hess item is 0.030573276802897453
7200	0.326	0.611	0.391	0.413
7210	0.326	0.610	0.391	0.415
7220	0.325	0.611	0.391	0.414
7230	0.325	0.612	0.391	0.414
7240	0.325	0.613	0.391	0.414
eigenvalues:  tensor([79.5418, 67.4570])
hess item is 0.029915284365415573
7250	0.324	0.615	0.391	0.414
7260	0.324	0.615	0.391	0.415
7270	0.324	0.617	0.391	0.414
7280	0.324	0.618	0.391	0.416
7290	0.323	0.618	0.391	0.414
eigenvalues:  tensor([79.8466, 67.7998])
hess item is 0.02927507646381855
7300	0.323	0.618	0.391	0.417
7310	0.323	0.620	0.391	0.414
7320	0.323	0.620	0.391	0.415
7330	0.322	0.620	0.391	0.414
7340	0.322	0.621	0.391	0.415
eigenvalues:  tensor([80.2241, 68.1979])
hess item is 0.028650185093283653
7350	0.322	0.622	0.391	0.416
7360	0.322	0.621	0.391	0.414
7370	0.321	0.624	0.391	0.417
7380	0.321	0.623	0.391	0.414
7390	0.321	0.623	0.391	0.414
eigenvalues:  tensor([80.7775, 68.6559])
hess item is 0.028041638433933258
7400	0.321	0.624	0.392	0.413
7410	0.320	0.624	0.391	0.414
7420	0.320	0.629	0.391	0.417
7430	0.320	0.628	0.391	0.416
7440	0.319	0.627	0.391	0.415
eigenvalues:  tensor([81.3133, 69.0617])
hess item is 0.027449272572994232
7450	0.319	0.630	0.391	0.414
7460	0.319	0.629	0.392	0.416
7470	0.319	0.631	0.392	0.414
7480	0.318	0.629	0.392	0.414
7490	0.318	0.631	0.392	0.415
eigenvalues:  tensor([81.6749, 69.4800])
hess item is 0.026873264461755753
7500	0.318	0.632	0.392	0.415
7510	0.318	0.633	0.392	0.415
7520	0.317	0.633	0.392	0.417
7530	0.317	0.634	0.392	0.413
7540	0.317	0.635	0.392	0.416
eigenvalues:  tensor([82.1062, 69.9421])
hess item is 0.0263111162930727
7550	0.317	0.638	0.392	0.414
7560	0.316	0.637	0.392	0.415
7570	0.316	0.637	0.392	0.417
7580	0.316	0.640	0.392	0.415
7590	0.315	0.640	0.392	0.416
eigenvalues:  tensor([82.7024, 70.4535])
hess item is 0.025764264166355133
7600	0.315	0.641	0.392	0.417
7610	0.315	0.644	0.392	0.416
7620	0.314	0.644	0.392	0.416
7630	0.314	0.645	0.392	0.416
7640	0.314	0.644	0.392	0.417
eigenvalues:  tensor([83.1284, 70.8989])
hess item is 0.025231705978512764
7650	0.314	0.646	0.392	0.415
7660	0.313	0.647	0.392	0.416
7670	0.313	0.649	0.392	0.414
7680	0.313	0.646	0.392	0.417
7690	0.312	0.648	0.392	0.416
eigenvalues:  tensor([83.5737, 71.4059])
hess item is 0.024713842198252678
7700	0.312	0.650	0.392	0.417
7710	0.312	0.652	0.392	0.415
7720	0.312	0.653	0.392	0.416
7730	0.311	0.651	0.392	0.415
7740	0.311	0.654	0.392	0.415
eigenvalues:  tensor([84.1342, 71.9474])
hess item is 0.02421000972390175
7750	0.311	0.654	0.392	0.416
7760	0.310	0.657	0.393	0.414
7770	0.310	0.657	0.392	0.415
7780	0.310	0.654	0.393	0.417
7790	0.309	0.658	0.393	0.414
eigenvalues:  tensor([84.5896, 72.4035])
hess item is 0.02371813729405403
7800	0.309	0.660	0.393	0.413
7810	0.309	0.661	0.393	0.414
7820	0.308	0.659	0.392	0.416
7830	0.308	0.661	0.393	0.414
7840	0.308	0.661	0.393	0.414
eigenvalues:  tensor([85.1244, 73.0241])
hess item is 0.023240437731146812
7850	0.307	0.664	0.393	0.415
7860	0.307	0.662	0.393	0.415
7870	0.307	0.664	0.393	0.414
7880	0.307	0.665	0.393	0.413
7890	0.306	0.666	0.393	0.413
eigenvalues:  tensor([85.3681, 73.5073])
hess item is 0.022775733843445778
7900	0.306	0.664	0.393	0.415
7910	0.306	0.668	0.393	0.414
7920	0.305	0.668	0.393	0.414
7930	0.305	0.670	0.393	0.414
7940	0.305	0.671	0.393	0.414
eigenvalues:  tensor([85.8777, 74.0946])
hess item is 0.022323761135339737
7950	0.305	0.669	0.394	0.412
7960	0.304	0.671	0.393	0.416
7970	0.304	0.672	0.393	0.415
7980	0.304	0.676	0.393	0.415
7990	0.303	0.675	0.393	0.413
eigenvalues:  tensor([86.3105, 74.7073])
hess item is 0.021883321925997734
8000	0.303	0.671	0.394	0.415
8010	0.302	0.676	0.394	0.413
8020	0.302	0.678	0.394	0.415
8030	0.302	0.676	0.394	0.414
8040	0.301	0.680	0.394	0.414
eigenvalues:  tensor([86.7124, 75.2617])
hess item is 0.02145632728934288
8050	0.301	0.680	0.394	0.413
8060	0.301	0.677	0.394	0.415
8070	0.301	0.678	0.394	0.412
8080	0.301	0.680	0.395	0.413
8090	0.300	0.683	0.394	0.413
eigenvalues:  tensor([86.9209, 75.7224])
hess item is 0.02103973925113678
8100	0.300	0.683	0.394	0.412
8110	0.299	0.683	0.394	0.413
8120	0.299	0.686	0.394	0.413
8130	0.299	0.685	0.395	0.413
8140	0.299	0.688	0.395	0.413
eigenvalues:  tensor([87.3180, 76.1662])
hess item is 0.020634664222598076
8150	0.298	0.690	0.395	0.414
8160	0.299	0.686	0.396	0.412
8170	0.297	0.693	0.394	0.412
8180	0.297	0.693	0.395	0.411
8190	0.297	0.693	0.396	0.412
eigenvalues:  tensor([87.2321, 76.6869])
hess item is 0.02024230733513832
8200	0.296	0.694	0.395	0.414
8210	0.297	0.693	0.396	0.413
8220	0.296	0.693	0.395	0.412
8230	0.295	0.693	0.395	0.415
8240	0.297	0.692	0.398	0.412
eigenvalues:  tensor([85.2788, 77.2499])
hess item is 0.019860824570059776
8250	0.297	0.693	0.398	0.410
8260	0.295	0.696	0.396	0.413
8270	0.294	0.701	0.395	0.414
8280	0.295	0.698	0.397	0.412
8290	0.296	0.698	0.398	0.414
eigenvalues:  tensor([85.2844, 77.5177])
hess item is 0.019489025697112083
8300	0.294	0.703	0.396	0.412
8310	0.298	0.688	0.401	0.407
8320	0.302	0.682	0.405	0.402
8330	0.297	0.694	0.401	0.408
8340	0.293	0.705	0.397	0.415
eigenvalues:  tensor([81.4926, 77.5018])
hess item is 0.019130617380142212
8350	0.292	0.705	0.396	0.414
8360	0.292	0.706	0.397	0.413
8370	0.294	0.700	0.399	0.411
8380	0.296	0.694	0.402	0.406
8390	0.290	0.709	0.396	0.414
eigenvalues:  tensor([80.8779, 77.6114])
hess item is 0.018779665231704712
8400	0.291	0.713	0.398	0.413
8410	0.290	0.715	0.398	0.413
8420	0.289	0.713	0.397	0.413
8430	0.289	0.713	0.397	0.413
8440	0.289	0.710	0.397	0.413
eigenvalues:  tensor([81.9867, 77.5396])
hess item is 0.018436135724186897
8450	0.290	0.709	0.399	0.411
8460	0.290	0.709	0.399	0.413
8470	0.289	0.715	0.399	0.410
8480	0.292	0.701	0.402	0.407
8490	0.293	0.705	0.403	0.407
eigenvalues:  tensor([78.1808, 75.5997])
hess item is 0.01810728758573532
8500	0.296	0.698	0.407	0.403
8510	0.290	0.712	0.402	0.407
8520	0.285	0.721	0.397	0.414
8530	0.286	0.723	0.398	0.410
8540	0.287	0.720	0.400	0.413
eigenvalues:  tensor([78.2974, 76.0924])
hess item is 0.01778477616608143
8550	0.290	0.712	0.403	0.408
8560	0.290	0.708	0.404	0.404
8570	0.289	0.715	0.403	0.407
8580	0.285	0.719	0.399	0.414
8590	0.284	0.723	0.399	0.412
eigenvalues:  tensor([78.2832, 76.3321])
hess item is 0.017470136284828186
8600	0.285	0.720	0.400	0.410
8610	0.284	0.725	0.400	0.408
8620	0.285	0.719	0.401	0.411
8630	0.285	0.721	0.402	0.408
8640	0.294	0.699	0.411	0.398
eigenvalues:  tensor([76.5758, 74.2048])
hess item is 0.017166150733828545
8650	0.288	0.711	0.406	0.406
8660	0.297	0.695	0.415	0.394
8670	0.285	0.725	0.404	0.407
8680	0.284	0.726	0.402	0.409
8690	0.281	0.735	0.401	0.411
eigenvalues:  tensor([75.7362, 72.6213])
hess item is 0.01687222346663475
8700	0.283	0.729	0.403	0.410
8710	0.281	0.734	0.401	0.411
8720	0.283	0.727	0.404	0.407
8730	0.284	0.727	0.405	0.408
8740	0.280	0.738	0.402	0.408
eigenvalues:  tensor([74.7749, 73.3697])
hess item is 0.016581637784838676
8750	0.278	0.743	0.400	0.413
8760	0.281	0.735	0.403	0.414
8770	0.292	0.704	0.414	0.399
8780	0.282	0.726	0.405	0.408
8790	0.281	0.725	0.405	0.408
eigenvalues:  tensor([74.0648, 71.3937])
hess item is 0.016301410272717476
8800	0.284	0.713	0.408	0.406
8810	0.280	0.728	0.404	0.410
8820	0.279	0.731	0.403	0.411
8830	0.283	0.734	0.408	0.402
8840	0.284	0.729	0.410	0.400
eigenvalues:  tensor([72.2778, 70.2172])
hess item is 0.016031289473176003
8850	0.276	0.743	0.402	0.412
8860	0.280	0.736	0.407	0.406
8870	0.282	0.733	0.409	0.401
8880	0.277	0.744	0.405	0.407
8890	0.278	0.741	0.406	0.405
eigenvalues:  tensor([71.9853, 69.6721])
hess item is 0.0157649926841259
8900	0.281	0.729	0.410	0.402
8910	0.274	0.744	0.403	0.409
8920	0.276	0.746	0.406	0.409
8930	0.283	0.729	0.413	0.404
8940	0.280	0.738	0.409	0.405
eigenvalues:  tensor([69.4714, 68.2407])
hess item is 0.0155078349635005
8950	0.288	0.717	0.418	0.393
8960	0.281	0.726	0.412	0.400
8970	0.276	0.738	0.407	0.407
8980	0.275	0.739	0.406	0.410
8990	0.281	0.736	0.413	0.403
eigenvalues:  tensor([69.5336, 67.1172])
hess item is 0.0152583047747612
9000	0.273	0.752	0.405	0.407
9010	0.277	0.739	0.410	0.403
9020	0.272	0.752	0.406	0.405
9030	0.268	0.763	0.403	0.413
9040	0.273	0.758	0.408	0.409
eigenvalues:  tensor([69.4135, 67.5409])
hess item is 0.015010034665465355
9050	0.273	0.752	0.408	0.409
9060	0.280	0.742	0.416	0.392
9070	0.282	0.733	0.419	0.394
9080	0.273	0.752	0.410	0.406
9090	0.275	0.749	0.411	0.404
eigenvalues:  tensor([68.2358, 66.3004])
hess item is 0.0147726871073246
9100	0.267	0.768	0.405	0.410
9110	0.292	0.711	0.429	0.387
9120	0.274	0.746	0.413	0.400
9130	0.266	0.767	0.405	0.408
9140	0.272	0.749	0.411	0.405
eigenvalues:  tensor([67.4073, 64.4787])
hess item is 0.014539950527250767
9150	0.273	0.757	0.413	0.397
9160	0.269	0.764	0.410	0.401
9170	0.269	0.760	0.410	0.406
9180	0.287	0.722	0.427	0.390
9190	0.266	0.769	0.407	0.407
eigenvalues:  tensor([65.9416, 63.3958])
hess item is 0.01431296020746231
9200	0.280	0.735	0.421	0.392
9210	0.262	0.781	0.405	0.412
9220	0.277	0.748	0.420	0.398
9230	0.272	0.753	0.415	0.406
9240	0.273	0.748	0.416	0.399
eigenvalues:  tensor([64.8413, 62.9672])
hess item is 0.014094139449298382
9250	0.271	0.757	0.415	0.399
9260	0.265	0.766	0.410	0.405
9270	0.264	0.776	0.409	0.408
9280	0.274	0.760	0.421	0.392
9290	0.273	0.748	0.420	0.397
eigenvalues:  tensor([63.1075, 62.3656])
hess item is 0.013878067955374718
9300	0.275	0.751	0.422	0.394
9310	0.262	0.776	0.409	0.407
9320	0.265	0.764	0.413	0.407
9330	0.266	0.762	0.414	0.404
9340	0.265	0.772	0.413	0.408
eigenvalues:  tensor([65.1589, 62.4872])
hess item is 0.013666274957358837
9350	0.259	0.782	0.408	0.408
9360	0.261	0.780	0.410	0.410
9370	0.285	0.730	0.435	0.380
9380	0.264	0.778	0.414	0.397
9390	0.266	0.769	0.417	0.398
eigenvalues:  tensor([62.2237, 61.0291])
hess item is 0.01346376072615385
9400	0.265	0.774	0.417	0.401
9410	0.264	0.780	0.416	0.404
9420	0.260	0.788	0.413	0.406
9430	0.267	0.776	0.419	0.404
9440	0.270	0.763	0.422	0.393
eigenvalues:  tensor([62.6445, 60.3303])
hess item is 0.013263655826449394
9450	0.267	0.765	0.420	0.396
9460	0.266	0.763	0.419	0.403
9470	0.268	0.767	0.422	0.397
9480	0.267	0.772	0.422	0.400
9490	0.264	0.778	0.418	0.398
eigenvalues:  tensor([59.6596, 59.1377])
hess item is 0.013069719076156616
9500	0.259	0.784	0.415	0.403
9510	0.254	0.799	0.410	0.409
9520	0.255	0.790	0.413	0.409
9530	0.260	0.778	0.418	0.403
9540	0.262	0.776	0.420	0.398
eigenvalues:  tensor([60.0728, 59.3435])
hess item is 0.01287707407027483
9550	0.264	0.775	0.423	0.393
9560	0.265	0.777	0.424	0.393
9570	0.263	0.784	0.422	0.396
9580	0.255	0.802	0.415	0.402
9590	0.260	0.791	0.421	0.399
eigenvalues:  tensor([60.6859, 58.7607])
hess item is 0.012689940631389618
9600	0.255	0.799	0.415	0.401
9610	0.262	0.773	0.424	0.404
9620	0.254	0.798	0.416	0.402
9630	0.264	0.779	0.426	0.396
9640	0.256	0.794	0.418	0.405
eigenvalues:  tensor([60.3133, 59.0038])
hess item is 0.012509888969361782
9650	0.266	0.769	0.428	0.396
9660	0.257	0.787	0.420	0.401
9670	0.263	0.778	0.426	0.397
9680	0.256	0.796	0.419	0.401
9690	0.253	0.802	0.417	0.407
eigenvalues:  tensor([60.0078, 57.7255])
hess item is 0.01233594212681055
9700	0.261	0.784	0.425	0.397
9710	0.261	0.780	0.426	0.399
9720	0.264	0.770	0.429	0.394
9730	0.262	0.780	0.428	0.397
9740	0.251	0.802	0.418	0.401
eigenvalues:  tensor([57.4502, 56.0702])
hess item is 0.012164643034338951
9750	0.248	0.813	0.415	0.403
9760	0.251	0.799	0.419	0.405
9770	0.251	0.806	0.419	0.403
9780	0.258	0.793	0.427	0.391
9790	0.249	0.809	0.418	0.401
eigenvalues:  tensor([57.7165, 57.0834])
hess item is 0.011993881314992905
9800	0.266	0.781	0.434	0.383
9810	0.255	0.794	0.426	0.396
9820	0.254	0.792	0.425	0.398
9830	0.244	0.814	0.415	0.407
9840	0.250	0.802	0.422	0.403
eigenvalues:  tensor([59.1084, 56.8698])
hess item is 0.01182801928371191
9850	0.252	0.801	0.425	0.397
9860	0.253	0.800	0.426	0.395
9870	0.269	0.768	0.440	0.382
9880	0.252	0.803	0.424	0.400
9890	0.244	0.820	0.418	0.405
eigenvalues:  tensor([57.4786, 55.4547])
hess item is 0.011670587584376335
9900	0.260	0.788	0.434	0.391
9910	0.253	0.803	0.426	0.394
9920	0.262	0.784	0.437	0.387
9930	0.249	0.813	0.424	0.396
9940	0.249	0.808	0.425	0.401
eigenvalues:  tensor([55.5889, 54.9544])
hess item is 0.011512146331369877
9950	0.243	0.822	0.421	0.404
9960	0.238	0.837	0.416	0.403
9970	0.253	0.805	0.431	0.389
9980	0.248	0.814	0.427	0.394
9990	0.252	0.802	0.431	0.384
