device: cuda:6
output directory: RESULTS/cifar10-10k/fc-tanh/seed_0/mse/ivon/lr_0.0005_h0_1.0_post_1_alpha_100.0_beta2_0.999_beta_0.0_ess_5000000.0_ivon
Files already downloaded and verified
Files already downloaded and verified
optimizer is IVON
0	0.597	0.131	0.597	0.131
10	0.574	0.136	0.574	0.137
20	0.558	0.142	0.559	0.142
30	0.547	0.148	0.548	0.149
40	0.539	0.154	0.540	0.155
eigenvalues:  tensor([80.6435, 66.5410])
preconditioned eigenvalues tensor([84.8872, 70.0577])
hess item is 0.9517955780029297
50	0.532	0.161	0.534	0.162
60	0.527	0.168	0.528	0.168
70	0.522	0.173	0.524	0.173
80	0.518	0.179	0.520	0.178
90	0.515	0.184	0.516	0.183
eigenvalues:  tensor([80.2670, 66.1268])
preconditioned eigenvalues tensor([88.8327, 73.1604])
hess item is 0.9056494235992432
100	0.512	0.191	0.513	0.186
110	0.508	0.195	0.510	0.191
120	0.506	0.198	0.508	0.194
130	0.503	0.201	0.505	0.197
140	0.501	0.206	0.503	0.200
eigenvalues:  tensor([79.8003, 65.6438])
preconditioned eigenvalues tensor([92.8029, 76.3331])
hess item is 0.8616973161697388
150	0.499	0.209	0.501	0.203
160	0.497	0.212	0.499	0.204
170	0.495	0.214	0.497	0.207
180	0.493	0.216	0.495	0.209
190	0.491	0.218	0.493	0.212
eigenvalues:  tensor([79.3506, 65.1744])
preconditioned eigenvalues tensor([96.9870, 79.6775])
hess item is 0.8198515176773071
200	0.489	0.221	0.492	0.215
210	0.487	0.223	0.490	0.217
220	0.486	0.225	0.488	0.219
230	0.484	0.227	0.487	0.221
240	0.482	0.228	0.485	0.223
eigenvalues:  tensor([78.9452, 64.7101])
preconditioned eigenvalues tensor([101.4326,  83.1264])
hess item is 0.7800800800323486
250	0.481	0.230	0.484	0.225
260	0.479	0.232	0.482	0.225
270	0.478	0.234	0.481	0.227
280	0.477	0.237	0.480	0.228
290	0.476	0.240	0.479	0.230
eigenvalues:  tensor([78.5753, 64.2632])
preconditioned eigenvalues tensor([106.1103,  86.8866])
hess item is 0.7422289252281189
300	0.474	0.242	0.477	0.232
310	0.473	0.244	0.476	0.232
320	0.472	0.245	0.475	0.234
330	0.471	0.246	0.474	0.236
340	0.470	0.247	0.473	0.238
eigenvalues:  tensor([78.2000, 63.8395])
preconditioned eigenvalues tensor([110.9401,  90.6064])
hess item is 0.7062375545501709
350	0.469	0.249	0.472	0.239
360	0.468	0.249	0.471	0.241
370	0.466	0.251	0.470	0.243
380	0.465	0.253	0.469	0.244
390	0.464	0.254	0.468	0.245
eigenvalues:  tensor([77.8619, 63.4212])
preconditioned eigenvalues tensor([115.8095,  94.7027])
hess item is 0.671970784664154
400	0.463	0.256	0.467	0.246
410	0.462	0.257	0.466	0.246
420	0.460	0.258	0.464	0.248
430	0.459	0.260	0.463	0.249
440	0.458	0.262	0.462	0.249
eigenvalues:  tensor([77.4976, 62.9832])
preconditioned eigenvalues tensor([121.4380,  98.6555])
hess item is 0.6393631100654602
450	0.457	0.264	0.461	0.250
460	0.456	0.265	0.460	0.252
470	0.455	0.266	0.459	0.254
480	0.454	0.267	0.458	0.255
490	0.453	0.269	0.458	0.255
eigenvalues:  tensor([77.1436, 62.5775])
preconditioned eigenvalues tensor([127.0099, 103.0007])
hess item is 0.6083820462226868
500	0.452	0.270	0.457	0.257
510	0.452	0.271	0.456	0.257
520	0.451	0.273	0.455	0.258
530	0.450	0.275	0.454	0.260
540	0.449	0.277	0.454	0.260
eigenvalues:  tensor([76.7991, 62.1786])
preconditioned eigenvalues tensor([132.8728, 107.5991])
hess item is 0.5789388418197632
550	0.448	0.278	0.453	0.262
560	0.447	0.279	0.452	0.263
570	0.447	0.281	0.451	0.265
580	0.446	0.282	0.450	0.266
590	0.445	0.282	0.449	0.267
eigenvalues:  tensor([76.4610, 61.7938])
preconditioned eigenvalues tensor([138.9271, 112.3561])
hess item is 0.5508867502212524
600	0.443	0.284	0.448	0.270
610	0.442	0.287	0.447	0.271
620	0.441	0.289	0.446	0.273
630	0.440	0.290	0.445	0.275
640	0.439	0.292	0.444	0.276
eigenvalues:  tensor([76.1372, 61.5714])
preconditioned eigenvalues tensor([145.3970, 117.4766])
hess item is 0.5241831541061401
650	0.439	0.293	0.444	0.278
660	0.438	0.294	0.443	0.279
670	0.437	0.295	0.442	0.280
680	0.437	0.297	0.442	0.281
690	0.436	0.299	0.441	0.283
eigenvalues:  tensor([75.8408, 61.4366])
preconditioned eigenvalues tensor([152.1752, 123.1729])
hess item is 0.4988067150115967
700	0.435	0.300	0.441	0.284
710	0.435	0.301	0.440	0.285
720	0.434	0.303	0.439	0.286
730	0.433	0.304	0.439	0.287
740	0.433	0.305	0.438	0.288
eigenvalues:  tensor([75.5160, 61.3233])
preconditioned eigenvalues tensor([159.2119, 129.1933])
hess item is 0.4746526777744293
750	0.432	0.306	0.438	0.289
760	0.432	0.308	0.437	0.289
770	0.431	0.310	0.437	0.291
780	0.430	0.309	0.436	0.291
790	0.430	0.311	0.436	0.292
eigenvalues:  tensor([75.1988, 61.2211])
preconditioned eigenvalues tensor([166.4970, 135.4732])
hess item is 0.4516371488571167
800	0.429	0.312	0.435	0.293
810	0.429	0.313	0.435	0.293
820	0.428	0.314	0.434	0.294
830	0.428	0.316	0.434	0.295
840	0.427	0.317	0.433	0.297
eigenvalues:  tensor([74.8941, 61.1011])
preconditioned eigenvalues tensor([174.2042, 142.0454])
hess item is 0.42975637316703796
850	0.427	0.319	0.433	0.298
860	0.426	0.320	0.432	0.298
870	0.426	0.321	0.432	0.299
880	0.425	0.322	0.431	0.299
890	0.425	0.322	0.431	0.299
eigenvalues:  tensor([74.6090, 61.0030])
preconditioned eigenvalues tensor([182.3229, 148.9608])
hess item is 0.4089425504207611
900	0.424	0.323	0.431	0.300
910	0.424	0.324	0.430	0.301
920	0.423	0.325	0.430	0.301
930	0.423	0.326	0.429	0.302
940	0.422	0.327	0.429	0.302
eigenvalues:  tensor([74.3217, 60.8932])
preconditioned eigenvalues tensor([190.7342, 156.1897])
hess item is 0.38914254307746887
950	0.422	0.329	0.428	0.303
960	0.421	0.331	0.428	0.304
970	0.421	0.332	0.428	0.304
980	0.420	0.333	0.427	0.305
990	0.420	0.334	0.427	0.305
eigenvalues:  tensor([74.0885, 60.8050])
preconditioned eigenvalues tensor([199.7648, 163.8270])
hess item is 0.3703128397464752
1000	0.419	0.335	0.426	0.306
1010	0.419	0.336	0.426	0.307
1020	0.418	0.336	0.426	0.308
1030	0.418	0.337	0.425	0.309
1040	0.418	0.337	0.425	0.309
eigenvalues:  tensor([73.7686, 60.7285])
preconditioned eigenvalues tensor([208.9384, 171.8559])
hess item is 0.3524417281150818
1050	0.417	0.338	0.425	0.309
1060	0.417	0.340	0.424	0.311
1070	0.416	0.341	0.424	0.311
1080	0.416	0.342	0.424	0.312
1090	0.416	0.343	0.423	0.312
eigenvalues:  tensor([73.4875, 60.6347])
preconditioned eigenvalues tensor([218.6574, 180.2529])
hess item is 0.33542096614837646
1100	0.415	0.344	0.423	0.313
1110	0.415	0.345	0.423	0.313
1120	0.414	0.346	0.422	0.314
1130	0.414	0.347	0.422	0.315
1140	0.414	0.348	0.422	0.316
eigenvalues:  tensor([73.2214, 60.5509])
preconditioned eigenvalues tensor([228.8093, 189.0206])
hess item is 0.3192112147808075
1150	0.413	0.349	0.421	0.316
1160	0.413	0.350	0.421	0.318
1170	0.412	0.350	0.421	0.319
1180	0.412	0.350	0.420	0.320
1190	0.412	0.353	0.420	0.321
eigenvalues:  tensor([72.9561, 60.4586])
preconditioned eigenvalues tensor([239.4266, 198.1871])
hess item is 0.3038003444671631
1200	0.411	0.353	0.420	0.323
1210	0.411	0.354	0.419	0.322
1220	0.411	0.355	0.419	0.323
1230	0.410	0.354	0.419	0.324
1240	0.410	0.356	0.418	0.325
eigenvalues:  tensor([72.7292, 60.3856])
preconditioned eigenvalues tensor([250.6306, 207.9649])
hess item is 0.28913843631744385
1250	0.410	0.357	0.418	0.326
1260	0.409	0.358	0.418	0.326
1270	0.409	0.358	0.418	0.326
1280	0.409	0.359	0.417	0.328
1290	0.408	0.360	0.417	0.328
eigenvalues:  tensor([72.4325, 60.3095])
preconditioned eigenvalues tensor([262.0570, 218.0236])
hess item is 0.27518391609191895
1300	0.408	0.362	0.417	0.330
1310	0.408	0.362	0.417	0.330
1320	0.407	0.364	0.416	0.331
1330	0.407	0.363	0.416	0.332
1340	0.407	0.365	0.416	0.332
eigenvalues:  tensor([72.2176, 60.2208])
preconditioned eigenvalues tensor([274.4264, 228.6972])
hess item is 0.2619022727012634
1350	0.406	0.366	0.416	0.331
1360	0.406	0.366	0.415	0.331
1370	0.406	0.368	0.415	0.332
1380	0.405	0.367	0.415	0.334
1390	0.405	0.368	0.415	0.334
eigenvalues:  tensor([71.9865, 60.1624])
preconditioned eigenvalues tensor([287.3044, 239.9636])
hess item is 0.24929459393024445
1400	0.405	0.369	0.414	0.335
1410	0.404	0.371	0.414	0.336
1420	0.404	0.371	0.414	0.336
1430	0.404	0.372	0.414	0.337
1440	0.404	0.372	0.413	0.338
eigenvalues:  tensor([71.7437, 60.0888])
preconditioned eigenvalues tensor([300.6401, 251.6629])
hess item is 0.23729445040225983
1450	0.403	0.374	0.413	0.338
1460	0.403	0.375	0.413	0.339
1470	0.403	0.375	0.413	0.340
1480	0.402	0.376	0.413	0.341
1490	0.402	0.378	0.412	0.341
eigenvalues:  tensor([71.5421, 60.0008])
preconditioned eigenvalues tensor([314.6885, 263.8225])
hess item is 0.22588616609573364
1500	0.402	0.379	0.412	0.343
1510	0.401	0.380	0.412	0.344
1520	0.401	0.382	0.412	0.345
1530	0.401	0.382	0.411	0.345
1540	0.400	0.383	0.411	0.347
eigenvalues:  tensor([71.3498, 59.9052])
preconditioned eigenvalues tensor([329.2529, 276.2660])
hess item is 0.2150201052427292
1550	0.400	0.384	0.411	0.348
1560	0.400	0.385	0.411	0.348
1570	0.400	0.384	0.411	0.347
1580	0.399	0.385	0.410	0.348
1590	0.399	0.387	0.410	0.351
eigenvalues:  tensor([71.0620, 59.8139])
preconditioned eigenvalues tensor([344.9309, 292.0634])
hess item is 0.2046869993209839
1600	0.399	0.386	0.410	0.350
1610	0.399	0.386	0.410	0.350
1620	0.398	0.387	0.409	0.351
1630	0.398	0.389	0.409	0.351
1640	0.398	0.390	0.409	0.352
eigenvalues:  tensor([70.8876, 59.6312])
preconditioned eigenvalues tensor([359.0762, 300.5996])
hess item is 0.1948470175266266
1650	0.398	0.392	0.409	0.353
1660	0.397	0.392	0.409	0.352
1670	0.397	0.393	0.409	0.353
1680	0.397	0.394	0.409	0.354
1690	0.397	0.393	0.408	0.354
eigenvalues:  tensor([70.6553, 59.5443])
preconditioned eigenvalues tensor([377.7167, 314.8851])
hess item is 0.18549485504627228
1700	0.396	0.393	0.408	0.356
1710	0.396	0.395	0.408	0.356
1720	0.396	0.396	0.408	0.357
1730	0.396	0.395	0.408	0.356
1740	0.395	0.396	0.408	0.355
eigenvalues:  tensor([70.4582, 59.3818])
preconditioned eigenvalues tensor([395.0935, 331.5942])
hess item is 0.1766054779291153
1750	0.395	0.398	0.407	0.356
1760	0.395	0.399	0.407	0.358
1770	0.395	0.399	0.407	0.357
1780	0.395	0.398	0.407	0.357
1790	0.394	0.399	0.407	0.357
eigenvalues:  tensor([70.2525, 59.2180])
preconditioned eigenvalues tensor([413.4688, 347.9882])
hess item is 0.16814664006233215
1800	0.394	0.401	0.407	0.358
1810	0.394	0.402	0.407	0.359
1820	0.394	0.403	0.407	0.358
1830	0.393	0.403	0.406	0.358
1840	0.393	0.403	0.406	0.360
eigenvalues:  tensor([70.1185, 59.0769])
preconditioned eigenvalues tensor([433.2902, 365.2566])
hess item is 0.16010162234306335
1850	0.393	0.405	0.406	0.360
1860	0.393	0.404	0.406	0.360
1870	0.393	0.405	0.406	0.360
1880	0.392	0.405	0.406	0.361
1890	0.392	0.406	0.406	0.361
eigenvalues:  tensor([69.8414, 58.9839])
preconditioned eigenvalues tensor([452.3167, 381.9597])
hess item is 0.15244324505329132
1900	0.392	0.406	0.406	0.363
1910	0.392	0.408	0.405	0.362
1920	0.392	0.409	0.405	0.362
1930	0.391	0.408	0.405	0.363
1940	0.391	0.409	0.405	0.364
eigenvalues:  tensor([69.6719, 58.8528])
preconditioned eigenvalues tensor([473.5843, 400.0591])
hess item is 0.14516320824623108
1950	0.391	0.410	0.405	0.364
1960	0.391	0.411	0.405	0.363
1970	0.391	0.412	0.405	0.365
1980	0.390	0.412	0.405	0.364
1990	0.390	0.412	0.404	0.366
eigenvalues:  tensor([69.4660, 58.7590])
preconditioned eigenvalues tensor([495.3166, 419.0384])
hess item is 0.13823682069778442
2000	0.390	0.413	0.404	0.366
2010	0.390	0.414	0.404	0.365
2020	0.390	0.415	0.404	0.365
2030	0.389	0.417	0.404	0.366
2040	0.389	0.418	0.404	0.367
eigenvalues:  tensor([69.2544, 58.5997])
preconditioned eigenvalues tensor([518.0021, 438.4769])
hess item is 0.13165073096752167
2050	0.389	0.420	0.404	0.367
2060	0.389	0.419	0.404	0.366
2070	0.389	0.418	0.404	0.367
2080	0.388	0.420	0.403	0.367
2090	0.388	0.422	0.403	0.367
eigenvalues:  tensor([69.0922, 58.4984])
preconditioned eigenvalues tensor([542.1980, 459.0588])
hess item is 0.12538036704063416
2100	0.388	0.421	0.403	0.367
2110	0.388	0.422	0.403	0.368
2120	0.387	0.423	0.403	0.368
2130	0.387	0.423	0.403	0.369
2140	0.387	0.425	0.403	0.368
eigenvalues:  tensor([68.8850, 58.3762])
preconditioned eigenvalues tensor([566.9156, 480.5311])
hess item is 0.11941460520029068
2150	0.387	0.427	0.403	0.367
2160	0.387	0.426	0.403	0.369
2170	0.387	0.427	0.403	0.369
2180	0.386	0.428	0.402	0.368
2190	0.386	0.428	0.402	0.369
eigenvalues:  tensor([68.5247, 58.2563])
preconditioned eigenvalues tensor([591.3311, 502.9674])
hess item is 0.1137479767203331
2200	0.386	0.428	0.402	0.370
2210	0.386	0.428	0.402	0.370
2220	0.385	0.431	0.402	0.370
2230	0.385	0.432	0.402	0.370
2240	0.385	0.433	0.402	0.371
eigenvalues:  tensor([68.4901, 58.1313])
preconditioned eigenvalues tensor([619.7874, 526.3837])
hess item is 0.10835485905408859
2250	0.385	0.434	0.402	0.368
2260	0.385	0.433	0.402	0.369
2270	0.384	0.436	0.402	0.370
2280	0.384	0.434	0.401	0.372
2290	0.384	0.435	0.401	0.372
eigenvalues:  tensor([68.1841, 58.0188])
preconditioned eigenvalues tensor([647.3195, 551.1194])
hess item is 0.10321815311908722
2300	0.384	0.434	0.401	0.371
2310	0.384	0.435	0.401	0.373
2320	0.384	0.435	0.401	0.374
2330	0.383	0.436	0.401	0.372
2340	0.383	0.437	0.401	0.374
eigenvalues:  tensor([68.0111, 57.9114])
preconditioned eigenvalues tensor([676.8875, 576.9084])
hess item is 0.09834044426679611
2350	0.383	0.437	0.401	0.375
2360	0.383	0.437	0.401	0.374
2370	0.383	0.439	0.401	0.374
2380	0.382	0.439	0.401	0.375
2390	0.382	0.439	0.400	0.375
eigenvalues:  tensor([67.7045, 57.7373])
preconditioned eigenvalues tensor([706.0300, 602.9047])
hess item is 0.09369909763336182
2400	0.382	0.441	0.400	0.376
2410	0.382	0.441	0.400	0.376
2420	0.382	0.442	0.400	0.375
2430	0.381	0.442	0.400	0.377
2440	0.381	0.444	0.400	0.376
eigenvalues:  tensor([67.5332, 57.6012])
preconditioned eigenvalues tensor([738.5837, 630.4734])
hess item is 0.08928759396076202
2450	0.381	0.444	0.400	0.375
2460	0.381	0.444	0.400	0.377
2470	0.380	0.445	0.400	0.376
2480	0.380	0.447	0.400	0.377
2490	0.380	0.447	0.399	0.377
eigenvalues:  tensor([67.1548, 57.4482])
preconditioned eigenvalues tensor([769.9638, 659.0875])
hess item is 0.08509045094251633
2500	0.380	0.447	0.399	0.378
2510	0.380	0.446	0.399	0.379
2520	0.380	0.447	0.399	0.378
2530	0.379	0.449	0.399	0.380
2540	0.379	0.451	0.399	0.379
eigenvalues:  tensor([66.8553, 57.3323])
preconditioned eigenvalues tensor([803.4194, 689.7215])
hess item is 0.08109646290540695
2550	0.379	0.450	0.399	0.380
2560	0.379	0.451	0.399	0.378
2570	0.378	0.451	0.399	0.379
2580	0.378	0.451	0.399	0.380
2590	0.378	0.451	0.399	0.381
eigenvalues:  tensor([66.7452, 57.2404])
preconditioned eigenvalues tensor([840.6175, 721.1196])
hess item is 0.07730040699243546
2600	0.378	0.453	0.399	0.380
2610	0.378	0.457	0.399	0.381
2620	0.377	0.453	0.398	0.382
2630	0.377	0.457	0.398	0.381
2640	0.377	0.456	0.398	0.382
eigenvalues:  tensor([66.4083, 57.0918])
preconditioned eigenvalues tensor([876.4574, 753.5662])
hess item is 0.07368848472833633
2650	0.377	0.455	0.398	0.382
2660	0.377	0.457	0.398	0.382
2670	0.377	0.458	0.398	0.384
2680	0.376	0.459	0.398	0.381
2690	0.376	0.459	0.398	0.385
eigenvalues:  tensor([66.0675, 56.8424])
preconditioned eigenvalues tensor([913.0761, 786.0269])
hess item is 0.07025358080863953
2700	0.376	0.462	0.398	0.386
2710	0.376	0.462	0.398	0.384
2720	0.375	0.462	0.398	0.383
2730	0.375	0.461	0.397	0.384
2740	0.375	0.461	0.397	0.385
eigenvalues:  tensor([65.8651, 56.7565])
preconditioned eigenvalues tensor([954.2720, 822.6595])
hess item is 0.06698532402515411
2750	0.375	0.463	0.397	0.386
2760	0.375	0.464	0.397	0.385
2770	0.374	0.464	0.397	0.386
2780	0.374	0.466	0.397	0.386
2790	0.374	0.463	0.397	0.384
eigenvalues:  tensor([65.4597, 56.5110])
preconditioned eigenvalues tensor([993.2704, 857.4761])
hess item is 0.06388257443904877
2800	0.374	0.469	0.397	0.384
2810	0.373	0.467	0.397	0.386
2820	0.373	0.470	0.397	0.387
2830	0.373	0.468	0.397	0.388
2840	0.373	0.469	0.396	0.389
eigenvalues:  tensor([65.2372, 56.4132])
preconditioned eigenvalues tensor([1036.7767,  896.1561])
hess item is 0.06091967597603798
2850	0.373	0.470	0.396	0.386
2860	0.373	0.470	0.397	0.389
2870	0.372	0.470	0.396	0.391
2880	0.372	0.472	0.396	0.390
2890	0.372	0.474	0.396	0.391
eigenvalues:  tensor([64.8480, 56.3678])
preconditioned eigenvalues tensor([1079.2511,  937.8200])
hess item is 0.05810759961605072
2900	0.372	0.472	0.396	0.388
2910	0.372	0.471	0.396	0.389
2920	0.371	0.475	0.396	0.391
2930	0.371	0.474	0.396	0.389
2940	0.371	0.477	0.396	0.391
eigenvalues:  tensor([64.5725, 56.1004])
preconditioned eigenvalues tensor([1125.1990,  977.5614])
hess item is 0.05543086305260658
2950	0.371	0.475	0.396	0.391
2960	0.371	0.477	0.396	0.392
2970	0.370	0.477	0.396	0.392
2980	0.370	0.477	0.396	0.392
2990	0.370	0.480	0.396	0.390
eigenvalues:  tensor([64.1754, 55.9299])
preconditioned eigenvalues tensor([1171.1158, 1020.1592])
hess item is 0.05288470536470413
3000	0.370	0.479	0.396	0.392
3010	0.369	0.479	0.396	0.391
3020	0.369	0.481	0.395	0.393
3030	0.369	0.481	0.395	0.392
3040	0.369	0.481	0.396	0.394
eigenvalues:  tensor([63.9698, 55.9047])
preconditioned eigenvalues tensor([1223.5352, 1068.0173])
hess item is 0.05046743154525757
3050	0.369	0.479	0.396	0.391
3060	0.368	0.482	0.395	0.396
3070	0.368	0.485	0.395	0.395
3080	0.368	0.482	0.395	0.390
3090	0.367	0.484	0.395	0.395
eigenvalues:  tensor([63.4391, 55.5336])
preconditioned eigenvalues tensor([1269.3618, 1109.5939])
hess item is 0.04817016050219536
3100	0.367	0.485	0.395	0.396
3110	0.367	0.487	0.395	0.394
3120	0.367	0.485	0.395	0.398
3130	0.367	0.488	0.395	0.393
3140	0.366	0.488	0.394	0.398
eigenvalues:  tensor([63.1290, 55.3188])
preconditioned eigenvalues tensor([1321.3846, 1156.5917])
hess item is 0.045980457216501236
3150	0.366	0.488	0.395	0.398
3160	0.366	0.490	0.394	0.398
3170	0.366	0.492	0.395	0.397
3180	0.365	0.493	0.394	0.398
3190	0.365	0.495	0.394	0.398
eigenvalues:  tensor([62.6726, 55.1641])
preconditioned eigenvalues tensor([1373.1920, 1206.4567])
hess item is 0.0439000241458416
3200	0.365	0.492	0.395	0.398
3210	0.365	0.494	0.394	0.399
3220	0.365	0.492	0.394	0.396
3230	0.364	0.498	0.394	0.398
3240	0.364	0.493	0.394	0.398
eigenvalues:  tensor([62.4871, 54.8622])
preconditioned eigenvalues tensor([1433.3317, 1255.3641])
hess item is 0.04192464426159859
3250	0.364	0.494	0.394	0.397
3260	0.364	0.496	0.394	0.396
3270	0.363	0.499	0.394	0.400
3280	0.363	0.501	0.393	0.401
3290	0.363	0.500	0.394	0.400
eigenvalues:  tensor([62.2213, 54.5285])
preconditioned eigenvalues tensor([1492.9491, 1304.9886])
hess item is 0.040056440979242325
3300	0.363	0.501	0.394	0.402
3310	0.362	0.501	0.393	0.401
3320	0.362	0.500	0.394	0.402
3330	0.362	0.502	0.394	0.400
3340	0.362	0.504	0.394	0.403
eigenvalues:  tensor([61.9179, 54.3237])
preconditioned eigenvalues tensor([1554.5940, 1358.5315])
hess item is 0.03827069699764252
3350	0.362	0.499	0.394	0.400
3360	0.361	0.503	0.393	0.401
3370	0.362	0.505	0.394	0.399
3380	0.361	0.504	0.393	0.402
3390	0.361	0.506	0.393	0.399
eigenvalues:  tensor([61.5505, 53.9900])
preconditioned eigenvalues tensor([1616.6302, 1413.1350])
hess item is 0.03657428175210953
3400	0.360	0.507	0.393	0.403
3410	0.360	0.502	0.393	0.400
3420	0.360	0.506	0.393	0.401
3430	0.360	0.507	0.393	0.400
3440	0.359	0.515	0.393	0.404
eigenvalues:  tensor([61.0839, 53.8412])
preconditioned eigenvalues tensor([1677.9622, 1473.3212])
hess item is 0.03495844826102257
3450	0.359	0.516	0.393	0.403
3460	0.359	0.514	0.393	0.404
3470	0.358	0.514	0.393	0.403
3480	0.358	0.515	0.393	0.404
3490	0.358	0.516	0.393	0.405
eigenvalues:  tensor([60.6079, 53.4405])
preconditioned eigenvalues tensor([1741.6011, 1527.7434])
hess item is 0.03342815116047859
3500	0.358	0.514	0.393	0.403
3510	0.358	0.516	0.393	0.405
3520	0.358	0.520	0.393	0.404
3530	0.357	0.519	0.392	0.406
3540	0.357	0.523	0.393	0.406
eigenvalues:  tensor([60.4207, 53.1029])
preconditioned eigenvalues tensor([1813.8236, 1589.2191])
hess item is 0.03197628632187843
3550	0.356	0.518	0.392	0.405
3560	0.356	0.519	0.392	0.404
3570	0.356	0.520	0.393	0.404
3580	0.356	0.526	0.392	0.407
3590	0.355	0.528	0.392	0.409
eigenvalues:  tensor([60.1826, 52.7841])
preconditioned eigenvalues tensor([1891.2583, 1651.8137])
hess item is 0.03059495985507965
3600	0.355	0.526	0.392	0.406
3610	0.355	0.527	0.392	0.409
3620	0.355	0.526	0.392	0.407
3630	0.354	0.524	0.392	0.406
3640	0.354	0.526	0.392	0.406
eigenvalues:  tensor([59.0240, 52.3229])
preconditioned eigenvalues tensor([1942.3142, 1708.2319])
hess item is 0.029288023710250854
3650	0.354	0.526	0.392	0.406
3660	0.353	0.529	0.392	0.407
3670	0.355	0.529	0.393	0.403
3680	0.353	0.529	0.392	0.404
3690	0.353	0.533	0.392	0.409
eigenvalues:  tensor([58.8859, 52.1988])
preconditioned eigenvalues tensor([2026.1333, 1781.1677])
hess item is 0.028042370453476906
3700	0.352	0.535	0.391	0.411
3710	0.352	0.533	0.391	0.409
3720	0.352	0.530	0.392	0.404
3730	0.352	0.535	0.391	0.407
3740	0.353	0.531	0.393	0.406
eigenvalues:  tensor([58.7411, 51.8685])
preconditioned eigenvalues tensor([2113.0537, 1850.6396])
hess item is 0.026855695992708206
3750	0.351	0.534	0.392	0.405
3760	0.351	0.535	0.391	0.407
3770	0.351	0.538	0.392	0.408
3780	0.350	0.542	0.391	0.411
3790	0.350	0.541	0.391	0.408
eigenvalues:  tensor([58.4223, 51.5661])
preconditioned eigenvalues tensor([2195.4180, 1920.2217])
hess item is 0.02572755143046379
3800	0.350	0.538	0.391	0.407
3810	0.350	0.536	0.391	0.408
3820	0.349	0.542	0.392	0.412
3830	0.350	0.538	0.392	0.407
3840	0.349	0.545	0.391	0.409
eigenvalues:  tensor([57.8435, 51.0014])
preconditioned eigenvalues tensor([2271.7627, 1984.2354])
hess item is 0.02466459572315216
3850	0.348	0.546	0.391	0.409
3860	0.348	0.540	0.391	0.408
3870	0.348	0.545	0.391	0.406
3880	0.347	0.549	0.391	0.412
3890	0.347	0.545	0.391	0.411
eigenvalues:  tensor([56.3635, 50.8640])
preconditioned eigenvalues tensor([2319.2075, 2073.5962])
hess item is 0.023662779480218887
3900	0.347	0.550	0.391	0.409
3910	0.347	0.548	0.391	0.411
3920	0.346	0.552	0.390	0.414
3930	0.347	0.548	0.391	0.412
3940	0.346	0.551	0.391	0.409
eigenvalues:  tensor([56.3350, 50.3935])
preconditioned eigenvalues tensor([2419.4783, 2138.8699])
hess item is 0.022693339735269547
3950	0.346	0.546	0.391	0.408
3960	0.345	0.555	0.391	0.410
3970	0.346	0.552	0.391	0.407
3980	0.344	0.555	0.390	0.410
3990	0.344	0.549	0.391	0.407
eigenvalues:  tensor([55.9279, 50.0367])
preconditioned eigenvalues tensor([2516.3901, 2221.8777])
hess item is 0.021779006347060204
4000	0.343	0.555	0.390	0.412
4010	0.344	0.560	0.391	0.410
4020	0.343	0.555	0.390	0.408
4030	0.343	0.563	0.391	0.414
4040	0.343	0.561	0.390	0.413
eigenvalues:  tensor([54.9083, 49.3042])
preconditioned eigenvalues tensor([2589.5327, 2287.5872])
hess item is 0.020922262221574783
4050	0.343	0.558	0.391	0.411
4060	0.342	0.556	0.390	0.411
4070	0.343	0.558	0.391	0.408
4080	0.342	0.561	0.390	0.409
4090	0.342	0.566	0.391	0.414
eigenvalues:  tensor([54.7322, 48.8785])
preconditioned eigenvalues tensor([2693.9932, 2373.8796])
hess item is 0.020096534863114357
4100	0.343	0.561	0.392	0.407
4110	0.340	0.573	0.390	0.415
4120	0.341	0.569	0.391	0.413
4130	0.341	0.569	0.392	0.409
4140	0.340	0.570	0.391	0.414
eigenvalues:  tensor([53.5194, 48.2649])
preconditioned eigenvalues tensor([2760.8982, 2441.3489])
hess item is 0.019320184364914894
4150	0.340	0.570	0.391	0.411
4160	0.341	0.564	0.392	0.413
4170	0.339	0.568	0.390	0.410
4180	0.338	0.569	0.390	0.412
4190	0.338	0.578	0.389	0.415
eigenvalues:  tensor([53.0866, 47.6272])
preconditioned eigenvalues tensor([2884.7212, 2540.1521])
hess item is 0.018583811819553375
4200	0.339	0.569	0.391	0.408
4210	0.339	0.570	0.391	0.408
4220	0.338	0.571	0.391	0.408
4230	0.339	0.571	0.392	0.410
4240	0.338	0.572	0.392	0.411
eigenvalues:  tensor([52.3810, 47.1118])
preconditioned eigenvalues tensor([2955.4502, 2616.6355])
hess item is 0.01788472756743431
4250	0.336	0.578	0.390	0.412
4260	0.338	0.571	0.393	0.407
4270	0.336	0.575	0.391	0.409
4280	0.337	0.575	0.393	0.410
4290	0.336	0.571	0.392	0.409
eigenvalues:  tensor([50.5484, 46.6105])
preconditioned eigenvalues tensor([2988.0408, 2711.7410])
hess item is 0.017240630462765694
4300	0.336	0.570	0.392	0.408
4310	0.334	0.581	0.390	0.418
4320	0.334	0.581	0.391	0.411
4330	0.337	0.579	0.394	0.406
4340	0.333	0.590	0.390	0.414
eigenvalues:  tensor([50.0122, 45.0556])
preconditioned eigenvalues tensor([3172.6318, 2821.1191])
hess item is 0.016631457954645157
4350	0.334	0.591	0.392	0.410
4360	0.333	0.582	0.390	0.414
4370	0.333	0.586	0.391	0.410
4380	0.331	0.596	0.391	0.413
4390	0.330	0.595	0.390	0.412
eigenvalues:  tensor([48.6674, 44.0881])
preconditioned eigenvalues tensor([3152.8066, 2825.4270])
hess item is 0.01604526862502098
4400	0.333	0.584	0.392	0.408
4410	0.330	0.600	0.390	0.417
4420	0.330	0.601	0.390	0.416
4430	0.330	0.599	0.391	0.417
4440	0.333	0.582	0.394	0.408
eigenvalues:  tensor([47.3555, 43.0781])
preconditioned eigenvalues tensor([3386.3345, 2839.3928])
hess item is 0.015505672432482243
4450	0.335	0.580	0.396	0.408
4460	0.332	0.587	0.394	0.410
4470	0.330	0.591	0.393	0.412
4480	0.330	0.590	0.392	0.412
4490	0.334	0.582	0.397	0.401
eigenvalues:  tensor([46.2331, 43.0751])
preconditioned eigenvalues tensor([3319.6780, 2986.7983])
hess item is 0.01499255746603012
4500	0.326	0.611	0.390	0.417
4510	0.327	0.602	0.391	0.414
4520	0.328	0.605	0.393	0.414
4530	0.330	0.595	0.394	0.408
4540	0.333	0.591	0.398	0.404
eigenvalues:  tensor([44.6856, 41.9469])
preconditioned eigenvalues tensor([3292.9822, 3074.8508])
hess item is 0.014507425017654896
4550	0.327	0.599	0.392	0.414
4560	0.327	0.600	0.392	0.413
4570	0.323	0.615	0.389	0.419
4580	0.326	0.604	0.392	0.412
4590	0.324	0.603	0.391	0.413
eigenvalues:  tensor([43.4236, 41.4608])
preconditioned eigenvalues tensor([3527.5559, 3252.6926])
hess item is 0.014046605676412582
4600	0.324	0.609	0.392	0.418
4610	0.324	0.615	0.391	0.416
4620	0.327	0.600	0.395	0.409
4630	0.325	0.610	0.393	0.412
4640	0.323	0.610	0.392	0.415
eigenvalues:  tensor([41.7574, 40.9358])
preconditioned eigenvalues tensor([3521.4797, 3458.1125])
hess item is 0.013625603169202805
4650	0.328	0.590	0.397	0.407
4660	0.335	0.580	0.403	0.398
4670	0.325	0.614	0.396	0.406
4680	0.321	0.614	0.392	0.411
4690	0.324	0.608	0.394	0.414
eigenvalues:  tensor([41.7760, 38.8951])
preconditioned eigenvalues tensor([3507.4819, 3341.0464])
hess item is 0.01322131883352995
4700	0.322	0.617	0.393	0.410
4710	0.323	0.616	0.395	0.412
4720	0.324	0.611	0.395	0.412
4730	0.322	0.614	0.395	0.410
4740	0.326	0.609	0.400	0.401
eigenvalues:  tensor([39.3772, 37.5749])
preconditioned eigenvalues tensor([3613.5989, 3464.9451])
hess item is 0.012877246364951134
4750	0.322	0.617	0.395	0.410
4760	0.319	0.628	0.392	0.419
4770	0.323	0.611	0.397	0.403
4780	0.322	0.620	0.396	0.407
4790	0.319	0.626	0.394	0.411
eigenvalues:  tensor([39.2213, 37.2632])
preconditioned eigenvalues tensor([4316.3325, 3957.8044])
hess item is 0.01251245941966772
4800	0.319	0.624	0.395	0.413
4810	0.320	0.629	0.395	0.412
4820	0.326	0.607	0.402	0.395
4830	0.316	0.627	0.393	0.416
4840	0.318	0.634	0.395	0.413
eigenvalues:  tensor([38.1349, 36.6807])
preconditioned eigenvalues tensor([3701.5566, 3572.0500])
hess item is 0.012169158086180687
4850	0.322	0.621	0.400	0.401
4860	0.314	0.632	0.392	0.414
4870	0.321	0.622	0.399	0.410
4880	0.315	0.636	0.393	0.417
4890	0.332	0.600	0.409	0.401
eigenvalues:  tensor([36.9228, 36.4000])
preconditioned eigenvalues tensor([3795.8660, 3704.1155])
hess item is 0.011863150633871555
4900	0.318	0.622	0.397	0.409
4910	0.338	0.576	0.417	0.382
4920	0.322	0.605	0.402	0.401
4930	0.316	0.636	0.397	0.410
4940	0.315	0.634	0.395	0.415
eigenvalues:  tensor([35.8765, 34.4205])
preconditioned eigenvalues tensor([4039.1411, 3706.6621])
hess item is 0.011592061258852482
4950	0.312	0.645	0.393	0.419
4960	0.321	0.619	0.403	0.404
4970	0.319	0.629	0.401	0.403
4980	0.313	0.638	0.395	0.412
4990	0.321	0.621	0.404	0.401
eigenvalues:  tensor([35.0790, 34.1392])
preconditioned eigenvalues tensor([4253.0854, 4232.9609])
hess item is 0.011336542665958405
5000	0.327	0.602	0.409	0.395
5010	0.318	0.616	0.403	0.405
5020	0.311	0.646	0.395	0.419
5030	0.324	0.617	0.409	0.394
5040	0.310	0.650	0.395	0.419
eigenvalues:  tensor([33.4250, 33.1855])
preconditioned eigenvalues tensor([3931.3062, 3744.1475])
hess item is 0.011092149652540684
5050	0.318	0.631	0.404	0.402
5060	0.312	0.643	0.397	0.416
5070	0.315	0.635	0.401	0.411
5080	0.323	0.607	0.409	0.396
5090	0.328	0.613	0.414	0.386
eigenvalues:  tensor([32.8539, 32.1425])
preconditioned eigenvalues tensor([4181.7515, 3644.0601])
hess item is 0.01087198592722416
5100	0.314	0.634	0.400	0.404
5110	0.312	0.635	0.400	0.405
5120	0.310	0.649	0.399	0.411
5130	0.309	0.658	0.399	0.403
5140	0.313	0.638	0.403	0.408
eigenvalues:  tensor([32.7200, 31.8162])
preconditioned eigenvalues tensor([4017.4749, 3859.3418])
hess item is 0.010623659007251263
5150	0.308	0.655	0.397	0.412
5160	0.313	0.641	0.402	0.405
5170	0.317	0.646	0.407	0.396
5180	0.307	0.653	0.399	0.410
5190	0.311	0.658	0.402	0.407
eigenvalues:  tensor([31.7537, 31.5286])
preconditioned eigenvalues tensor([3913.8911, 3908.8589])
hess item is 0.010383897460997105
5200	0.304	0.666	0.396	0.415
5210	0.310	0.646	0.403	0.402
5220	0.330	0.607	0.422	0.389
5230	0.307	0.661	0.400	0.416
5240	0.301	0.674	0.394	0.419
eigenvalues:  tensor([32.3836, 31.4845])
preconditioned eigenvalues tensor([4376.5840, 4033.0359])
hess item is 0.010165118612349033
5250	0.314	0.642	0.408	0.404
5260	0.309	0.653	0.404	0.405
5270	0.326	0.620	0.419	0.393
5280	0.299	0.681	0.394	0.416
5290	0.312	0.651	0.407	0.399
eigenvalues:  tensor([32.2035, 31.1739])
preconditioned eigenvalues tensor([3935.7834, 3781.3894])
hess item is 0.009958737529814243
5300	0.309	0.655	0.406	0.400
5310	0.335	0.607	0.430	0.370
5320	0.310	0.659	0.406	0.402
5330	0.305	0.669	0.401	0.411
5340	0.308	0.657	0.406	0.404
eigenvalues:  tensor([31.3298, 30.9024])
preconditioned eigenvalues tensor([4586.8560, 3893.4214])
hess item is 0.009792572818696499
5350	0.303	0.678	0.402	0.412
5360	0.308	0.666	0.407	0.406
5370	0.306	0.679	0.407	0.398
5380	0.305	0.664	0.405	0.401
5390	0.299	0.688	0.399	0.410
eigenvalues:  tensor([31.3888, 30.5777])
preconditioned eigenvalues tensor([4172.6582, 3782.7485])
hess item is 0.00961579754948616
5400	0.323	0.624	0.423	0.385
5410	0.304	0.670	0.405	0.405
5420	0.298	0.682	0.401	0.412
5430	0.301	0.672	0.403	0.405
5440	0.303	0.673	0.405	0.407
eigenvalues:  tensor([30.1929, 29.6784])
preconditioned eigenvalues tensor([3845.9656, 3635.1292])
hess item is 0.009440048597753048
5450	0.300	0.673	0.403	0.411
5460	0.292	0.700	0.395	0.415
5470	0.314	0.659	0.420	0.378
5480	0.293	0.700	0.399	0.416
5490	0.307	0.662	0.412	0.400
eigenvalues:  tensor([30.8959, 29.7733])
preconditioned eigenvalues tensor([3648.2180, 3635.1506])
hess item is 0.009270763956010342
5500	0.306	0.669	0.411	0.399
5510	0.302	0.680	0.408	0.404
5520	0.300	0.672	0.409	0.396
5530	0.290	0.705	0.398	0.418
5540	0.300	0.680	0.408	0.401
eigenvalues:  tensor([29.8488, 29.6164])
preconditioned eigenvalues tensor([3595.2896, 3551.2183])
hess item is 0.00909474492073059
5550	0.289	0.701	0.398	0.418
5560	0.306	0.665	0.417	0.393
5570	0.291	0.699	0.401	0.414
5580	0.286	0.716	0.397	0.412
5590	0.300	0.686	0.411	0.399
eigenvalues:  tensor([30.0768, 29.3729])
preconditioned eigenvalues tensor([3937.6704, 3876.8313])
hess item is 0.008927863091230392
5600	0.292	0.701	0.403	0.409
5610	0.298	0.682	0.410	0.401
5620	0.295	0.688	0.408	0.403
5630	0.291	0.697	0.403	0.412
5640	0.292	0.709	0.405	0.408
eigenvalues:  tensor([29.9783, 29.3965])
preconditioned eigenvalues tensor([3787.9922, 3622.2764])
hess item is 0.008778057061135769
5650	0.286	0.711	0.400	0.415
5660	0.288	0.702	0.401	0.411
5670	0.292	0.705	0.408	0.402
5680	0.286	0.716	0.401	0.409
5690	0.287	0.711	0.405	0.400
eigenvalues:  tensor([29.2963, 29.0392])
preconditioned eigenvalues tensor([3797.6172, 3672.2314])
hess item is 0.00861262809485197
5700	0.281	0.723	0.400	0.411
5710	0.282	0.717	0.399	0.418
5720	0.283	0.708	0.401	0.414
5730	0.284	0.720	0.403	0.407
5740	0.276	0.733	0.396	0.417
eigenvalues:  tensor([29.8911, 29.5268])
preconditioned eigenvalues tensor([4006.4346, 3576.9961])
hess item is 0.00843481719493866
5750	0.278	0.732	0.398	0.414
5760	0.280	0.718	0.400	0.413
5770	0.279	0.736	0.400	0.414
5780	0.280	0.729	0.403	0.409
5790	0.279	0.735	0.401	0.417
eigenvalues:  tensor([30.1074, 29.6514])
preconditioned eigenvalues tensor([4259.4194, 4215.3887])
hess item is 0.008273799903690815
5800	0.282	0.724	0.405	0.408
5810	0.274	0.750	0.399	0.416
5820	0.276	0.737	0.401	0.413
5830	0.277	0.735	0.403	0.415
5840	0.287	0.704	0.413	0.401
eigenvalues:  tensor([30.2023, 29.6808])
preconditioned eigenvalues tensor([3721.6648, 3579.3794])
hess item is 0.008130312897264957
5850	0.290	0.708	0.416	0.394
5860	0.273	0.749	0.401	0.416
5870	0.275	0.741	0.403	0.406
5880	0.274	0.733	0.403	0.415
5890	0.275	0.751	0.404	0.405
eigenvalues:  tensor([30.1212, 29.5548])
preconditioned eigenvalues tensor([5253.6978, 5161.0137])
hess item is 0.007981370203197002
5900	0.278	0.736	0.407	0.405
5910	0.270	0.753	0.401	0.415
5920	0.277	0.735	0.409	0.406
5930	0.273	0.750	0.405	0.409
5940	0.276	0.737	0.408	0.408
eigenvalues:  tensor([29.8843, 29.7603])
preconditioned eigenvalues tensor([4581.5820, 3701.2705])
hess item is 0.007830876857042313
5950	0.272	0.745	0.405	0.408
5960	0.269	0.758	0.402	0.410
5970	0.275	0.739	0.409	0.408
5980	0.265	0.765	0.399	0.418
5990	0.270	0.743	0.407	0.415
eigenvalues:  tensor([30.0632, 29.6922])
preconditioned eigenvalues tensor([3596.0024, 3572.3220])
hess item is 0.007701888680458069
6000	0.268	0.755	0.404	0.412
6010	0.264	0.780	0.401	0.416
6020	0.272	0.742	0.408	0.410
6030	0.269	0.755	0.407	0.413
6040	0.264	0.774	0.402	0.412
eigenvalues:  tensor([29.9590, 29.7185])
preconditioned eigenvalues tensor([4253.8984, 4046.7905])
hess item is 0.007588299922645092
6050	0.263	0.766	0.403	0.410
6060	0.265	0.756	0.406	0.411
6070	0.263	0.777	0.404	0.407
6080	0.263	0.766	0.405	0.410
6090	0.263	0.760	0.404	0.413
eigenvalues:  tensor([30.0322, 29.7909])
preconditioned eigenvalues tensor([3784.9746, 3766.0669])
hess item is 0.007446504198014736
6100	0.263	0.768	0.406	0.415
6110	0.275	0.745	0.418	0.393
6120	0.265	0.754	0.408	0.413
6130	0.259	0.775	0.405	0.410
6140	0.258	0.784	0.403	0.414
eigenvalues:  tensor([30.3375, 30.2365])
preconditioned eigenvalues tensor([5231.3726, 3842.9878])
hess item is 0.007304775528609753
6150	0.262	0.772	0.407	0.410
6160	0.264	0.770	0.411	0.407
6170	0.263	0.768	0.410	0.405
6180	0.257	0.776	0.405	0.414
6190	0.268	0.756	0.414	0.403
eigenvalues:  tensor([29.9222, 29.8168])
preconditioned eigenvalues tensor([3701.9570, 3554.7097])
hess item is 0.007208493072539568
6200	0.258	0.786	0.408	0.408
6210	0.257	0.786	0.407	0.408
6220	0.272	0.742	0.424	0.388
6230	0.261	0.779	0.412	0.406
6240	0.254	0.789	0.407	0.412
eigenvalues:  tensor([30.2629, 30.0998])
preconditioned eigenvalues tensor([3689.0981, 3561.9963])
hess item is 0.007089170627295971
6250	0.259	0.783	0.411	0.404
6260	0.254	0.794	0.407	0.414
6270	0.256	0.790	0.409	0.407
6280	0.258	0.782	0.413	0.402
6290	0.261	0.768	0.415	0.407
eigenvalues:  tensor([30.0012, 29.7448])
preconditioned eigenvalues tensor([3654.5100, 3492.4602])
hess item is 0.006997475866228342
6300	0.258	0.772	0.414	0.402
6310	0.267	0.760	0.421	0.400
6320	0.252	0.790	0.409	0.412
6330	0.246	0.811	0.405	0.410
6340	0.251	0.799	0.410	0.407
eigenvalues:  tensor([30.1811, 29.8504])
preconditioned eigenvalues tensor([3672.0569, 3650.2371])
hess item is 0.006877013016492128
6350	0.246	0.805	0.406	0.416
6360	0.262	0.777	0.423	0.390
6370	0.256	0.782	0.416	0.402
6380	0.257	0.774	0.420	0.405
6390	0.255	0.784	0.416	0.404
eigenvalues:  tensor([30.8047, 30.4623])
preconditioned eigenvalues tensor([3970.9976, 3895.2212])
hess item is 0.0068291486240923405
6400	0.253	0.788	0.414	0.410
6410	0.249	0.802	0.411	0.409
6420	0.246	0.808	0.410	0.412
6430	0.257	0.789	0.422	0.397
6440	0.244	0.813	0.408	0.409
eigenvalues:  tensor([30.2925, 30.0201])
preconditioned eigenvalues tensor([3889.0217, 3875.4973])
hess item is 0.006771471351385117
6450	0.244	0.809	0.409	0.413
6460	0.243	0.813	0.410	0.414
6470	0.253	0.798	0.419	0.401
6480	0.244	0.811	0.412	0.405
6490	0.247	0.809	0.416	0.399
eigenvalues:  tensor([30.6674, 30.1147])
preconditioned eigenvalues tensor([3881.0737, 3593.6580])
hess item is 0.006707627791911364
6500	0.245	0.810	0.412	0.408
6510	0.243	0.809	0.413	0.409
6520	0.242	0.814	0.413	0.411
6530	0.246	0.804	0.418	0.408
6540	0.243	0.810	0.414	0.410
eigenvalues:  tensor([30.5054, 30.4505])
preconditioned eigenvalues tensor([3754.3159, 3610.4023])
hess item is 0.00661891046911478
6550	0.243	0.819	0.415	0.408
6560	0.247	0.798	0.419	0.396
6570	0.238	0.823	0.412	0.410
6580	0.247	0.800	0.419	0.405
6590	0.236	0.823	0.411	0.408
eigenvalues:  tensor([30.6514, 30.3893])
preconditioned eigenvalues tensor([4428.7910, 4012.2466])
hess item is 0.006570571567863226
6600	0.241	0.810	0.415	0.409
6610	0.235	0.823	0.411	0.407
6620	0.235	0.826	0.413	0.415
6630	0.249	0.796	0.425	0.408
6640	0.244	0.818	0.421	0.399
eigenvalues:  tensor([30.4715, 30.3621])
preconditioned eigenvalues tensor([3681.8201, 3539.3699])
hess item is 0.0065128314308822155
6650	0.243	0.803	0.420	0.399
6660	0.235	0.830	0.414	0.407
6670	0.238	0.819	0.418	0.404
6680	0.236	0.826	0.417	0.405
6690	0.235	0.829	0.416	0.408
eigenvalues:  tensor([30.4369, 30.3850])
preconditioned eigenvalues tensor([3753.1602, 3615.7063])
hess item is 0.006442449986934662
6700	0.235	0.835	0.418	0.404
6710	0.237	0.826	0.420	0.403
6720	0.230	0.836	0.411	0.415
6730	0.238	0.815	0.422	0.400
6740	0.239	0.807	0.423	0.401
eigenvalues:  tensor([30.3622, 30.1064])
preconditioned eigenvalues tensor([3582.8894, 3479.4531])
hess item is 0.00637977896258235
6750	0.238	0.832	0.423	0.395
6760	0.232	0.831	0.419	0.405
6770	0.225	0.855	0.413	0.410
6780	0.233	0.827	0.419	0.407
6790	0.227	0.846	0.415	0.406
eigenvalues:  tensor([30.7334, 30.5016])
preconditioned eigenvalues tensor([3856.7249, 3813.7163])
hess item is 0.0063298484310507774
6800	0.231	0.841	0.419	0.405
6810	0.225	0.849	0.414	0.408
6820	0.232	0.836	0.421	0.397
6830	0.227	0.843	0.417	0.407
6840	0.228	0.837	0.419	0.406
eigenvalues:  tensor([31.3769, 31.1029])
preconditioned eigenvalues tensor([3877.7444, 3802.5706])
hess item is 0.006237211637198925
6850	0.226	0.843	0.417	0.410
6860	0.225	0.853	0.418	0.407
6870	0.225	0.846	0.418	0.408
6880	0.222	0.859	0.416	0.412
6890	0.223	0.849	0.417	0.407
eigenvalues:  tensor([30.7115, 30.3968])
preconditioned eigenvalues tensor([3582.3757, 3453.2473])
hess item is 0.006161542609333992
6900	0.220	0.854	0.415	0.412
6910	0.220	0.848	0.417	0.413
6920	0.233	0.833	0.427	0.397
6930	0.241	0.822	0.437	0.386
6940	0.221	0.861	0.418	0.407
eigenvalues:  tensor([31.3992, 30.9229])
preconditioned eigenvalues tensor([3546.1240, 3514.2581])
hess item is 0.006149651482701302
6950	0.224	0.851	0.422	0.400
6960	0.221	0.862	0.421	0.405
6970	0.236	0.820	0.434	0.397
6980	0.218	0.859	0.417	0.413
6990	0.221	0.854	0.420	0.403
eigenvalues:  tensor([30.8894, 30.6359])
preconditioned eigenvalues tensor([3523.4922, 3414.0459])
hess item is 0.00612289272248745
7000	0.223	0.849	0.422	0.403
7010	0.227	0.839	0.427	0.400
7020	0.219	0.860	0.421	0.401
7030	0.225	0.842	0.427	0.398
7040	0.226	0.842	0.427	0.397
eigenvalues:  tensor([30.7895, 30.5224])
preconditioned eigenvalues tensor([4051.1973, 3598.8450])
hess item is 0.0060959202237427235
7050	0.218	0.862	0.424	0.398
7060	0.223	0.853	0.427	0.403
7070	0.214	0.866	0.420	0.405
7080	0.214	0.868	0.420	0.405
7090	0.211	0.870	0.417	0.412
eigenvalues:  tensor([30.9813, 30.6185])
preconditioned eigenvalues tensor([3844.6885, 3686.2939])
hess item is 0.0060455105267465115
7100	0.213	0.876	0.420	0.403
7110	0.214	0.872	0.420	0.402
7120	0.210	0.878	0.418	0.408
7130	0.212	0.871	0.421	0.406
7140	0.212	0.871	0.423	0.402
eigenvalues:  tensor([31.1768, 30.7943])
preconditioned eigenvalues tensor([3509.3467, 3408.6875])
hess item is 0.005978892557322979
7150	0.209	0.871	0.420	0.407
7160	0.216	0.853	0.428	0.402
7170	0.211	0.875	0.424	0.401
7180	0.210	0.876	0.422	0.405
7190	0.213	0.866	0.427	0.399
eigenvalues:  tensor([31.2031, 30.7028])
preconditioned eigenvalues tensor([3643.5850, 3592.7263])
hess item is 0.005920751951634884
7200	0.206	0.887	0.420	0.404
7210	0.208	0.876	0.422	0.401
7220	0.208	0.882	0.424	0.398
7230	0.211	0.870	0.427	0.401
7240	0.208	0.873	0.426	0.403
eigenvalues:  tensor([31.1536, 30.7146])
preconditioned eigenvalues tensor([3584.7380, 3532.3584])
hess item is 0.005846834275871515
7250	0.208	0.879	0.426	0.400
7260	0.212	0.867	0.430	0.399
7270	0.204	0.893	0.422	0.401
7280	0.206	0.881	0.425	0.401
7290	0.206	0.885	0.426	0.404
eigenvalues:  tensor([31.1739, 30.6479])
preconditioned eigenvalues tensor([3686.2458, 3484.9746])
hess item is 0.005777393467724323
7300	0.203	0.888	0.425	0.406
7310	0.209	0.876	0.430	0.399
7320	0.210	0.873	0.432	0.401
7330	0.206	0.881	0.429	0.400
7340	0.205	0.883	0.429	0.402
eigenvalues:  tensor([31.0311, 30.4028])
preconditioned eigenvalues tensor([3662.0520, 3550.3738])
hess item is 0.0057196966372430325
7350	0.202	0.887	0.428	0.402
7360	0.199	0.894	0.424	0.406
7370	0.208	0.873	0.430	0.402
7380	0.206	0.885	0.431	0.401
7390	0.199	0.890	0.425	0.404
eigenvalues:  tensor([31.6148, 31.1148])
preconditioned eigenvalues tensor([3600.6470, 3491.4702])
hess item is 0.005680492613464594
7400	0.217	0.856	0.441	0.391
7410	0.202	0.884	0.430	0.398
7420	0.202	0.881	0.430	0.403
7430	0.208	0.866	0.437	0.400
7440	0.195	0.895	0.424	0.405
eigenvalues:  tensor([31.6689, 31.1971])
preconditioned eigenvalues tensor([3519.5142, 3467.1248])
hess item is 0.0056534199975430965
7450	0.200	0.890	0.429	0.403
7460	0.201	0.881	0.431	0.406
7470	0.197	0.888	0.428	0.403
7480	0.202	0.889	0.434	0.398
7490	0.199	0.888	0.428	0.400
eigenvalues:  tensor([31.4333, 30.9071])
preconditioned eigenvalues tensor([3488.3101, 3473.7563])
hess item is 0.005592742469161749
7500	0.193	0.902	0.425	0.407
7510	0.200	0.885	0.433	0.398
7520	0.209	0.871	0.441	0.389
7530	0.197	0.899	0.431	0.402
7540	0.200	0.894	0.436	0.401
eigenvalues:  tensor([32.0719, 31.7136])
preconditioned eigenvalues tensor([3683.3215, 3445.2085])
hess item is 0.005559195764362812
7550	0.198	0.891	0.433	0.398
7560	0.191	0.904	0.426	0.404
7570	0.206	0.865	0.442	0.394
7580	0.201	0.884	0.437	0.397
7590	0.192	0.903	0.431	0.402
eigenvalues:  tensor([31.4930, 31.0700])
preconditioned eigenvalues tensor([3546.9414, 3436.7749])
hess item is 0.005511032417416573
7600	0.191	0.905	0.430	0.405
7610	0.191	0.902	0.430	0.406
7620	0.194	0.897	0.434	0.400
7630	0.189	0.909	0.430	0.401
7640	0.193	0.894	0.433	0.400
eigenvalues:  tensor([31.4677, 31.0791])
preconditioned eigenvalues tensor([3521.9763, 3425.2795])
hess item is 0.005465730093419552
7650	0.189	0.908	0.429	0.401
7660	0.186	0.908	0.428	0.407
7670	0.195	0.898	0.437	0.395
7680	0.190	0.904	0.434	0.400
7690	0.190	0.905	0.434	0.401
eigenvalues:  tensor([31.1879, 30.6586])
preconditioned eigenvalues tensor([3532.5781, 3482.8955])
hess item is 0.005433127749711275
7700	0.186	0.907	0.432	0.401
7710	0.205	0.879	0.449	0.384
7720	0.190	0.903	0.437	0.396
7730	0.188	0.906	0.432	0.398
7740	0.185	0.914	0.431	0.400
eigenvalues:  tensor([31.5752, 31.2150])
preconditioned eigenvalues tensor([3496.1602, 3410.3628])
hess item is 0.005446488503366709
7750	0.185	0.914	0.432	0.402
7760	0.189	0.905	0.435	0.398
7770	0.191	0.896	0.438	0.396
7780	0.180	0.918	0.430	0.399
7790	0.187	0.905	0.436	0.401
eigenvalues:  tensor([31.3342, 31.0844])
preconditioned eigenvalues tensor([3531.7661, 3358.2671])
hess item is 0.005423699039965868
7800	0.185	0.911	0.433	0.398
7810	0.185	0.907	0.436	0.400
7820	0.186	0.902	0.436	0.403
7830	0.184	0.907	0.434	0.402
7840	0.186	0.908	0.438	0.397
eigenvalues:  tensor([31.6556, 31.2451])
preconditioned eigenvalues tensor([3464.3635, 3391.1890])
hess item is 0.005378650967031717
7850	0.185	0.908	0.436	0.398
7860	0.185	0.911	0.437	0.397
7870	0.182	0.910	0.435	0.401
7880	0.183	0.912	0.438	0.398
7890	0.182	0.915	0.435	0.398
eigenvalues:  tensor([31.6227, 31.1956])
preconditioned eigenvalues tensor([3464.6118, 3392.9119])
hess item is 0.005353829357773066
7900	0.185	0.909	0.440	0.399
7910	0.184	0.904	0.439	0.393
7920	0.182	0.911	0.439	0.396
7930	0.189	0.897	0.447	0.393
7940	0.187	0.905	0.445	0.397
eigenvalues:  tensor([32.0704, 31.6134])
preconditioned eigenvalues tensor([3528.7407, 3470.4031])
hess item is 0.0053378259763121605
7950	0.186	0.911	0.444	0.395
7960	0.179	0.918	0.438	0.401
7970	0.177	0.922	0.436	0.399
7980	0.185	0.906	0.444	0.393
7990	0.177	0.914	0.437	0.398
eigenvalues:  tensor([31.6702, 31.2907])
preconditioned eigenvalues tensor([4389.4790, 3769.1348])
hess item is 0.005322280339896679
8000	0.184	0.915	0.445	0.388
8010	0.179	0.915	0.439	0.399
8020	0.175	0.924	0.435	0.398
8030	0.179	0.921	0.441	0.393
8040	0.179	0.915	0.442	0.401
eigenvalues:  tensor([32.0227, 31.5987])
preconditioned eigenvalues tensor([3513.6021, 3375.6597])
hess item is 0.005268031265586615
8050	0.182	0.909	0.444	0.398
8060	0.183	0.909	0.447	0.394
8070	0.183	0.916	0.445	0.388
8080	0.175	0.918	0.438	0.395
8090	0.177	0.921	0.442	0.389
eigenvalues:  tensor([32.4430, 31.9555])
preconditioned eigenvalues tensor([3467.7544, 3296.1191])
hess item is 0.005274011287838221
8100	0.174	0.924	0.438	0.394
8110	0.176	0.922	0.442	0.393
8120	0.180	0.918	0.446	0.394
8130	0.171	0.927	0.440	0.397
8140	0.168	0.930	0.436	0.401
eigenvalues:  tensor([32.0412, 31.6252])
preconditioned eigenvalues tensor([3601.9685, 3445.2722])
hess item is 0.005220087710767984
8150	0.176	0.917	0.444	0.396
8160	0.176	0.920	0.444	0.393
8170	0.171	0.933	0.441	0.394
8180	0.167	0.933	0.439	0.406
8190	0.180	0.911	0.451	0.388
eigenvalues:  tensor([32.2427, 31.8328])
preconditioned eigenvalues tensor([3510.9580, 3321.4556])
hess item is 0.005169732961803675
8200	0.167	0.933	0.437	0.400
8210	0.167	0.936	0.440	0.394
8220	0.176	0.916	0.449	0.394
8230	0.171	0.928	0.445	0.396
8240	0.174	0.916	0.447	0.394
eigenvalues:  tensor([32.0984, 31.7291])
preconditioned eigenvalues tensor([3852.3184, 3771.2563])
hess item is 0.005167587660253048
8250	0.166	0.929	0.439	0.404
8260	0.173	0.924	0.446	0.396
8270	0.183	0.906	0.455	0.386
8280	0.167	0.928	0.441	0.396
8290	0.168	0.933	0.444	0.398
eigenvalues:  tensor([32.6194, 32.3030])
preconditioned eigenvalues tensor([3702.2383, 3471.1580])
hess item is 0.005161258392035961
8300	0.171	0.920	0.446	0.393
8310	0.172	0.924	0.448	0.400
8320	0.168	0.930	0.444	0.394
8330	0.165	0.941	0.442	0.400
8340	0.170	0.923	0.448	0.391
eigenvalues:  tensor([31.9060, 31.5083])
preconditioned eigenvalues tensor([3561.9395, 3495.4861])
hess item is 0.005125605035573244
8350	0.167	0.936	0.446	0.393
8360	0.163	0.941	0.442	0.394
8370	0.174	0.917	0.452	0.393
8380	0.166	0.937	0.444	0.393
8390	0.165	0.934	0.444	0.394
eigenvalues:  tensor([32.1123, 31.5619])
preconditioned eigenvalues tensor([3567.7441, 3362.0007])
hess item is 0.005137341562658548
8400	0.165	0.937	0.444	0.392
8410	0.169	0.928	0.449	0.386
8420	0.164	0.933	0.445	0.393
8430	0.164	0.936	0.446	0.396
8440	0.168	0.929	0.452	0.387
eigenvalues:  tensor([32.4859, 31.9363])
preconditioned eigenvalues tensor([3439.5737, 3417.2781])
hess item is 0.005058727692812681
8450	0.162	0.933	0.444	0.394
8460	0.164	0.936	0.447	0.397
8470	0.161	0.940	0.444	0.391
8480	0.160	0.937	0.445	0.394
8490	0.161	0.941	0.446	0.394
eigenvalues:  tensor([31.8592, 31.3999])
preconditioned eigenvalues tensor([3557.3677, 3360.9414])
hess item is 0.00501439580693841
8500	0.163	0.937	0.448	0.396
8510	0.168	0.930	0.453	0.382
8520	0.155	0.946	0.442	0.397
8530	0.161	0.937	0.448	0.398
8540	0.158	0.942	0.446	0.395
eigenvalues:  tensor([32.3175, 31.8580])
preconditioned eigenvalues tensor([3605.5198, 3509.1929])
hess item is 0.0049522873014211655
8550	0.160	0.942	0.448	0.398
8560	0.154	0.946	0.442	0.400
8570	0.155	0.944	0.443	0.398
8580	0.159	0.942	0.447	0.393
8590	0.165	0.930	0.451	0.391
eigenvalues:  tensor([33.1983, 32.7189])
preconditioned eigenvalues tensor([3528.0432, 3415.9221])
hess item is 0.00497998483479023
8600	0.162	0.931	0.451	0.390
8610	0.159	0.937	0.447	0.396
8620	0.163	0.937	0.451	0.385
8630	0.164	0.933	0.453	0.388
8640	0.154	0.950	0.444	0.390
eigenvalues:  tensor([32.3647, 31.9685])
preconditioned eigenvalues tensor([3513.2881, 3444.6548])
hess item is 0.004964672029018402
8650	0.166	0.931	0.458	0.391
8660	0.176	0.913	0.465	0.378
8670	0.159	0.944	0.450	0.394
8680	0.156	0.937	0.448	0.396
8690	0.155	0.942	0.447	0.397
eigenvalues:  tensor([32.1111, 31.6663])
preconditioned eigenvalues tensor([3805.2991, 3338.1719])
hess item is 0.004933279473334551
8700	0.152	0.949	0.446	0.395
8710	0.159	0.938	0.453	0.390
8720	0.158	0.938	0.453	0.391
8730	0.151	0.950	0.445	0.400
8740	0.151	0.949	0.446	0.396
eigenvalues:  tensor([32.3194, 31.8521])
preconditioned eigenvalues tensor([3511.9434, 3261.8391])
hess item is 0.0049008941277861595
8750	0.152	0.946	0.448	0.399
8760	0.160	0.935	0.453	0.388
8770	0.153	0.948	0.449	0.395
8780	0.155	0.944	0.453	0.390
8790	0.153	0.950	0.450	0.389
eigenvalues:  tensor([32.5267, 32.0961])
preconditioned eigenvalues tensor([3572.8938, 3288.1250])
hess item is 0.004872057121247053
8800	0.147	0.949	0.445	0.395
8810	0.153	0.942	0.451	0.396
8820	0.152	0.946	0.453	0.396
8830	0.155	0.936	0.456	0.391
8840	0.154	0.936	0.453	0.388
eigenvalues:  tensor([32.7922, 32.2222])
preconditioned eigenvalues tensor([3495.0576, 3247.6138])
hess item is 0.004849082324653864
8850	0.156	0.940	0.455	0.386
8860	0.153	0.941	0.453	0.391
8870	0.153	0.941	0.454	0.391
8880	0.153	0.941	0.454	0.394
8890	0.147	0.951	0.450	0.391
eigenvalues:  tensor([32.3572, 31.9408])
preconditioned eigenvalues tensor([3512.7954, 3350.3145])
hess item is 0.004812557715922594
8900	0.150	0.948	0.453	0.391
8910	0.155	0.938	0.457	0.391
8920	0.151	0.942	0.453	0.394
8930	0.147	0.952	0.451	0.394
8940	0.152	0.948	0.456	0.395
eigenvalues:  tensor([32.7565, 32.4014])
preconditioned eigenvalues tensor([3449.5674, 3379.7947])
hess item is 0.004808041267096996
8950	0.157	0.936	0.460	0.390
8960	0.149	0.950	0.454	0.391
8970	0.144	0.953	0.450	0.390
8980	0.146	0.952	0.453	0.397
8990	0.145	0.953	0.452	0.389
eigenvalues:  tensor([32.8726, 32.4930])
preconditioned eigenvalues tensor([3482.3091, 3428.7417])
hess item is 0.004806626122444868
9000	0.154	0.940	0.460	0.386
9010	0.148	0.951	0.454	0.394
9020	0.150	0.945	0.457	0.389
9030	0.144	0.953	0.454	0.392
9040	0.149	0.946	0.456	0.390
eigenvalues:  tensor([32.2841, 31.9396])
preconditioned eigenvalues tensor([3464.1602, 3358.3809])
hess item is 0.004771454259753227
9050	0.145	0.949	0.454	0.390
9060	0.151	0.943	0.461	0.391
9070	0.144	0.951	0.453	0.394
9080	0.145	0.954	0.455	0.385
9090	0.143	0.957	0.454	0.393
eigenvalues:  tensor([33.0009, 32.5956])
preconditioned eigenvalues tensor([3733.1355, 3571.3484])
hess item is 0.004750463180243969
9100	0.149	0.944	0.459	0.390
9110	0.144	0.952	0.454	0.391
9120	0.141	0.951	0.452	0.395
9130	0.141	0.956	0.454	0.389
9140	0.144	0.954	0.454	0.396
eigenvalues:  tensor([32.7697, 32.2816])
preconditioned eigenvalues tensor([3467.1458, 3332.9473])
hess item is 0.004703364800661802
9150	0.141	0.955	0.453	0.391
9160	0.147	0.952	0.459	0.387
9170	0.144	0.951	0.457	0.393
9180	0.148	0.945	0.463	0.380
9190	0.145	0.949	0.459	0.392
eigenvalues:  tensor([32.7224, 32.2653])
preconditioned eigenvalues tensor([3500.2102, 3271.3752])
hess item is 0.004725523293018341
9200	0.140	0.959	0.455	0.391
9210	0.154	0.938	0.466	0.383
9220	0.141	0.956	0.455	0.387
9230	0.140	0.957	0.454	0.392
9240	0.144	0.946	0.458	0.391
eigenvalues:  tensor([32.9215, 32.4211])
preconditioned eigenvalues tensor([3587.3049, 3235.8589])
hess item is 0.004717536736279726
9250	0.147	0.945	0.462	0.385
9260	0.136	0.961	0.453	0.394
9270	0.142	0.956	0.459	0.388
9280	0.141	0.951	0.459	0.389
9290	0.137	0.959	0.456	0.392
eigenvalues:  tensor([32.7937, 32.2716])
preconditioned eigenvalues tensor([3529.1870, 3315.6409])
hess item is 0.004703490529209375
9300	0.139	0.958	0.458	0.386
9310	0.139	0.962	0.458	0.393
9320	0.139	0.949	0.457	0.390
9330	0.142	0.950	0.461	0.391
9340	0.136	0.959	0.455	0.393
eigenvalues:  tensor([32.7413, 32.2618])
preconditioned eigenvalues tensor([3577.2720, 3297.3354])
hess item is 0.004661304410547018
9350	0.136	0.960	0.455	0.393
9360	0.140	0.957	0.458	0.390
9370	0.136	0.962	0.456	0.386
9380	0.136	0.961	0.456	0.392
9390	0.137	0.961	0.458	0.391
eigenvalues:  tensor([32.8031, 32.3371])
preconditioned eigenvalues tensor([3328.9607, 3182.0498])
hess item is 0.004658946301788092
9400	0.138	0.958	0.459	0.386
9410	0.134	0.961	0.456	0.393
9420	0.137	0.955	0.458	0.392
9430	0.140	0.952	0.462	0.384
9440	0.133	0.961	0.455	0.391
eigenvalues:  tensor([32.3776, 31.9981])
preconditioned eigenvalues tensor([3423.0869, 3259.3218])
hess item is 0.004634393844753504
9450	0.135	0.962	0.458	0.394
9460	0.145	0.954	0.467	0.383
9470	0.135	0.960	0.459	0.388
9480	0.135	0.963	0.459	0.391
9490	0.132	0.962	0.456	0.390
eigenvalues:  tensor([32.5910, 32.2660])
preconditioned eigenvalues tensor([3398.0320, 3269.0225])
hess item is 0.004616450984030962
9500	0.136	0.962	0.459	0.383
9510	0.138	0.954	0.461	0.389
9520	0.137	0.953	0.461	0.388
9530	0.134	0.963	0.458	0.386
9540	0.135	0.961	0.460	0.389
eigenvalues:  tensor([32.8654, 32.4580])
preconditioned eigenvalues tensor([3364.1553, 3145.9604])
hess item is 0.004571874625980854
9550	0.132	0.961	0.457	0.395
9560	0.130	0.966	0.458	0.391
9570	0.137	0.955	0.463	0.389
9580	0.130	0.966	0.457	0.389
9590	0.131	0.962	0.458	0.392
eigenvalues:  tensor([32.5002, 32.1139])
preconditioned eigenvalues tensor([3386.9434, 3199.0750])
hess item is 0.004571063444018364
9600	0.134	0.964	0.460	0.387
9610	0.134	0.960	0.463	0.390
9620	0.131	0.963	0.458	0.390
9630	0.136	0.960	0.463	0.386
9640	0.131	0.963	0.459	0.390
eigenvalues:  tensor([32.6898, 32.2753])
preconditioned eigenvalues tensor([4419.7407, 3234.4600])
hess item is 0.0045484877191483974
9650	0.139	0.956	0.468	0.380
9660	0.129	0.963	0.457	0.391
9670	0.126	0.966	0.457	0.393
9680	0.130	0.969	0.461	0.387
9690	0.129	0.965	0.459	0.390
eigenvalues:  tensor([32.6109, 32.2665])
preconditioned eigenvalues tensor([3396.7295, 3219.5090])
hess item is 0.004567436408251524
9700	0.128	0.965	0.459	0.392
9710	0.132	0.964	0.461	0.391
9720	0.134	0.953	0.464	0.391
9730	0.132	0.961	0.462	0.390
9740	0.138	0.955	0.469	0.385
eigenvalues:  tensor([33.0678, 32.6471])
preconditioned eigenvalues tensor([3436.9937, 3112.4043])
hess item is 0.0045441510155797005
9750	0.134	0.957	0.465	0.388
9760	0.127	0.965	0.459	0.394
9770	0.141	0.946	0.473	0.381
9780	0.126	0.966	0.459	0.390
9790	0.130	0.965	0.463	0.391
eigenvalues:  tensor([33.0357, 32.6297])
preconditioned eigenvalues tensor([3328.4070, 3171.0444])
hess item is 0.004513696767389774
9800	0.125	0.966	0.459	0.393
9810	0.129	0.962	0.462	0.391
9820	0.126	0.965	0.460	0.386
9830	0.132	0.958	0.466	0.387
9840	0.134	0.960	0.467	0.382
eigenvalues:  tensor([32.4226, 32.0348])
preconditioned eigenvalues tensor([3378.7993, 3143.3677])
hess item is 0.004479078575968742
9850	0.124	0.973	0.460	0.386
9860	0.127	0.965	0.462	0.391
9870	0.128	0.968	0.465	0.390
9880	0.130	0.965	0.467	0.387
9890	0.123	0.969	0.460	0.391
eigenvalues:  tensor([32.5817, 32.2023])
preconditioned eigenvalues tensor([3420.0034, 3161.9084])
hess item is 0.004447867162525654
9900	0.125	0.967	0.463	0.389
9910	0.122	0.970	0.461	0.392
9920	0.127	0.966	0.466	0.389
9930	0.122	0.968	0.460	0.389
9940	0.123	0.966	0.463	0.385
eigenvalues:  tensor([32.8926, 32.4663])
preconditioned eigenvalues tensor([3507.2896, 3157.4788])
hess item is 0.0044318572618067265
9950	0.127	0.962	0.465	0.384
9960	0.126	0.966	0.464	0.388
9970	0.129	0.963	0.469	0.389
9980	0.124	0.965	0.465	0.387
9990	0.122	0.972	0.464	0.390
