device: cuda:4
output directory: RESULTS/cifar10-10k/fc-tanh/seed_0/mse/ivon/lr_0.0005_h0_0.1_post_1_alpha_100.0_beta2_0.999_beta_0.0_ess_100000.0_ivon
Files already downloaded and verified
Files already downloaded and verified
optimizer is IVON
0	0.597	0.131	0.597	0.131
10	0.521	0.176	0.523	0.179
20	0.500	0.215	0.502	0.208
30	0.484	0.229	0.487	0.222
40	0.475	0.244	0.478	0.236
eigenvalues:  tensor([70.4739, 58.1890])
hess item is 0.09522200375795364
50	0.468	0.241	0.472	0.232
60	0.462	0.258	0.466	0.244
70	0.457	0.269	0.461	0.249
80	0.455	0.275	0.459	0.263
90	0.448	0.283	0.453	0.266
eigenvalues:  tensor([62.0659, 52.1280])
hess item is 0.09067622572183609
100	0.441	0.292	0.446	0.275
110	0.439	0.303	0.444	0.283
120	0.436	0.299	0.441	0.280
130	0.433	0.315	0.439	0.293
140	0.434	0.310	0.440	0.290
eigenvalues:  tensor([56.0045, 47.1662])
hess item is 0.08634506165981293
150	0.428	0.316	0.434	0.300
160	0.426	0.325	0.432	0.302
170	0.424	0.324	0.430	0.305
180	0.423	0.328	0.428	0.305
190	0.421	0.329	0.428	0.310
eigenvalues:  tensor([49.6523, 42.8842])
hess item is 0.08222275227308273
200	0.421	0.333	0.427	0.313
210	0.418	0.341	0.425	0.317
220	0.417	0.333	0.424	0.313
230	0.417	0.344	0.424	0.320
240	0.414	0.350	0.421	0.325
eigenvalues:  tensor([45.2784, 38.6140])
hess item is 0.07829705625772476
250	0.415	0.345	0.422	0.317
260	0.412	0.347	0.419	0.322
270	0.412	0.357	0.419	0.331
280	0.411	0.358	0.419	0.334
290	0.410	0.360	0.417	0.331
eigenvalues:  tensor([41.1634, 35.9786])
hess item is 0.074558325111866
300	0.409	0.359	0.416	0.333
310	0.409	0.357	0.417	0.334
320	0.408	0.366	0.416	0.342
330	0.408	0.370	0.415	0.340
340	0.407	0.367	0.415	0.341
eigenvalues:  tensor([37.7820, 33.6700])
hess item is 0.07099758833646774
350	0.407	0.373	0.414	0.347
360	0.407	0.368	0.415	0.341
370	0.406	0.366	0.414	0.345
380	0.404	0.376	0.412	0.352
390	0.407	0.370	0.415	0.339
eigenvalues:  tensor([35.2340, 31.7007])
hess item is 0.06760387867689133
400	0.404	0.377	0.412	0.349
410	0.405	0.373	0.413	0.343
420	0.403	0.374	0.412	0.347
430	0.403	0.378	0.412	0.351
440	0.403	0.378	0.412	0.350
eigenvalues:  tensor([32.8842, 29.8361])
hess item is 0.06437484174966812
450	0.402	0.386	0.411	0.357
460	0.403	0.383	0.412	0.350
470	0.403	0.380	0.412	0.347
480	0.401	0.382	0.410	0.353
490	0.401	0.378	0.410	0.353
eigenvalues:  tensor([30.8844, 28.1099])
hess item is 0.061301033943891525
500	0.401	0.384	0.410	0.354
510	0.401	0.382	0.410	0.355
520	0.401	0.383	0.410	0.354
530	0.400	0.382	0.409	0.357
540	0.401	0.379	0.410	0.356
eigenvalues:  tensor([29.1552, 26.4710])
hess item is 0.058377742767333984
550	0.400	0.385	0.409	0.355
560	0.399	0.388	0.408	0.357
570	0.399	0.382	0.408	0.353
580	0.400	0.378	0.410	0.350
590	0.398	0.390	0.408	0.361
eigenvalues:  tensor([27.7703, 25.3106])
hess item is 0.05559154972434044
600	0.398	0.394	0.407	0.361
610	0.397	0.398	0.407	0.365
620	0.397	0.395	0.407	0.363
630	0.397	0.395	0.407	0.365
640	0.397	0.396	0.407	0.366
eigenvalues:  tensor([26.4308, 24.3848])
hess item is 0.05293862149119377
650	0.397	0.389	0.407	0.362
660	0.397	0.398	0.406	0.368
670	0.396	0.400	0.406	0.367
680	0.397	0.389	0.407	0.361
690	0.398	0.389	0.408	0.362
eigenvalues:  tensor([25.0928, 23.7007])
hess item is 0.05041351541876793
700	0.396	0.395	0.406	0.359
710	0.395	0.401	0.405	0.367
720	0.396	0.395	0.406	0.365
730	0.396	0.396	0.406	0.367
740	0.395	0.398	0.405	0.365
eigenvalues:  tensor([24.1285, 22.6131])
hess item is 0.04800952598452568
750	0.395	0.399	0.405	0.366
760	0.395	0.396	0.405	0.368
770	0.395	0.395	0.405	0.363
780	0.397	0.398	0.406	0.366
790	0.395	0.390	0.406	0.359
eigenvalues:  tensor([23.2544, 22.3251])
hess item is 0.04572256654500961
800	0.395	0.395	0.405	0.365
810	0.396	0.396	0.406	0.365
820	0.395	0.399	0.405	0.370
830	0.395	0.400	0.406	0.370
840	0.396	0.390	0.406	0.364
eigenvalues:  tensor([22.1775, 21.6243])
hess item is 0.04354375973343849
850	0.394	0.402	0.404	0.375
860	0.394	0.398	0.405	0.368
870	0.394	0.401	0.405	0.369
880	0.394	0.404	0.404	0.373
890	0.394	0.406	0.405	0.369
eigenvalues:  tensor([21.5753, 21.1359])
hess item is 0.04146799445152283
900	0.394	0.395	0.405	0.370
910	0.393	0.405	0.403	0.372
920	0.393	0.402	0.403	0.369
930	0.393	0.410	0.403	0.373
940	0.393	0.408	0.404	0.371
eigenvalues:  tensor([20.8214, 20.2950])
hess item is 0.0394950695335865
950	0.394	0.404	0.404	0.373
960	0.395	0.396	0.405	0.366
970	0.395	0.391	0.405	0.363
980	0.394	0.399	0.404	0.365
990	0.393	0.400	0.403	0.372
eigenvalues:  tensor([20.5831, 19.8088])
hess item is 0.03761773183941841
1000	0.394	0.398	0.404	0.369
1010	0.393	0.401	0.404	0.372
1020	0.393	0.403	0.403	0.374
1030	0.393	0.407	0.403	0.374
1040	0.393	0.403	0.404	0.372
eigenvalues:  tensor([19.9673, 19.3284])
hess item is 0.03583354502916336
1050	0.393	0.407	0.404	0.374
1060	0.392	0.406	0.403	0.378
1070	0.395	0.398	0.405	0.374
1080	0.395	0.402	0.405	0.373
1090	0.393	0.407	0.404	0.378
eigenvalues:  tensor([19.8870, 18.9017])
hess item is 0.034134216606616974
1100	0.393	0.401	0.403	0.374
1110	0.393	0.403	0.404	0.371
1120	0.392	0.403	0.403	0.377
1130	0.393	0.406	0.403	0.376
1140	0.394	0.399	0.405	0.369
eigenvalues:  tensor([19.6111, 18.7396])
hess item is 0.032517366111278534
1150	0.393	0.393	0.404	0.370
1160	0.395	0.395	0.406	0.363
1170	0.392	0.400	0.403	0.370
1180	0.391	0.408	0.402	0.375
1190	0.392	0.407	0.403	0.376
eigenvalues:  tensor([18.7583, 18.1448])
hess item is 0.03097931109368801
1200	0.391	0.407	0.401	0.379
1210	0.392	0.404	0.402	0.373
1220	0.393	0.397	0.403	0.369
1230	0.392	0.400	0.402	0.375
1240	0.392	0.400	0.403	0.368
eigenvalues:  tensor([18.5924, 17.6635])
hess item is 0.029512641951441765
1250	0.392	0.403	0.403	0.373
1260	0.393	0.398	0.404	0.373
1270	0.393	0.406	0.404	0.376
1280	0.395	0.401	0.406	0.368
1290	0.394	0.399	0.405	0.368
eigenvalues:  tensor([17.7965, 17.0826])
hess item is 0.02811841480433941
1300	0.392	0.409	0.403	0.375
1310	0.391	0.407	0.403	0.380
1320	0.392	0.410	0.403	0.379
1330	0.392	0.409	0.403	0.376
1340	0.392	0.410	0.404	0.379
eigenvalues:  tensor([17.9312, 17.2108])
hess item is 0.02679223194718361
1350	0.393	0.402	0.405	0.374
1360	0.395	0.404	0.406	0.372
1370	0.393	0.403	0.404	0.374
1380	0.393	0.407	0.404	0.378
1390	0.393	0.407	0.404	0.377
eigenvalues:  tensor([17.6988, 17.1089])
hess item is 0.025530047714710236
1400	0.394	0.403	0.405	0.376
1410	0.392	0.406	0.404	0.374
1420	0.394	0.407	0.405	0.379
1430	0.393	0.409	0.404	0.382
1440	0.394	0.408	0.405	0.377
eigenvalues:  tensor([17.1912, 16.2694])
hess item is 0.02432846836745739
1450	0.393	0.408	0.404	0.378
1460	0.393	0.407	0.404	0.377
1470	0.394	0.403	0.405	0.369
1480	0.392	0.412	0.404	0.381
1490	0.393	0.414	0.403	0.381
eigenvalues:  tensor([16.6638, 15.8904])
hess item is 0.02318510413169861
1500	0.392	0.410	0.403	0.384
1510	0.392	0.407	0.403	0.383
1520	0.392	0.410	0.403	0.382
1530	0.390	0.419	0.401	0.382
1540	0.391	0.413	0.402	0.384
eigenvalues:  tensor([16.4816, 15.5834])
hess item is 0.022096827626228333
1550	0.392	0.416	0.402	0.381
1560	0.392	0.412	0.403	0.380
1570	0.392	0.405	0.404	0.375
1580	0.393	0.403	0.404	0.375
1590	0.393	0.407	0.403	0.381
eigenvalues:  tensor([16.2832, 15.5714])
hess item is 0.02106260508298874
1600	0.393	0.406	0.404	0.377
1610	0.393	0.403	0.404	0.376
1620	0.392	0.404	0.403	0.377
1630	0.393	0.402	0.404	0.376
1640	0.394	0.396	0.405	0.370
eigenvalues:  tensor([16.1152, 15.5301])
hess item is 0.020079176872968674
1650	0.393	0.407	0.404	0.377
1660	0.393	0.408	0.404	0.380
1670	0.393	0.405	0.404	0.379
1680	0.395	0.397	0.407	0.370
1690	0.395	0.398	0.406	0.369
eigenvalues:  tensor([15.7186, 15.0562])
hess item is 0.0191459059715271
1700	0.396	0.404	0.407	0.375
1710	0.396	0.405	0.407	0.380
1720	0.395	0.407	0.407	0.376
1730	0.395	0.400	0.406	0.374
1740	0.395	0.401	0.406	0.377
eigenvalues:  tensor([15.2989, 14.7330])
hess item is 0.018256694078445435
1750	0.394	0.402	0.405	0.376
1760	0.394	0.405	0.405	0.375
1770	0.396	0.400	0.407	0.372
1780	0.394	0.404	0.406	0.377
1790	0.396	0.400	0.407	0.375
eigenvalues:  tensor([15.3679, 14.6800])
hess item is 0.017406640574336052
1800	0.396	0.401	0.407	0.379
1810	0.395	0.406	0.406	0.378
1820	0.396	0.403	0.407	0.375
1830	0.397	0.402	0.408	0.380
1840	0.393	0.408	0.404	0.380
eigenvalues:  tensor([14.6997, 14.0619])
hess item is 0.016601474955677986
1850	0.393	0.408	0.404	0.379
1860	0.393	0.408	0.404	0.379
1870	0.394	0.399	0.405	0.377
1880	0.392	0.411	0.403	0.384
1890	0.396	0.405	0.407	0.378
eigenvalues:  tensor([15.0067, 14.4565])
hess item is 0.015834204852581024
1900	0.397	0.400	0.408	0.375
1910	0.397	0.399	0.408	0.373
1920	0.398	0.394	0.410	0.370
1930	0.393	0.410	0.404	0.382
1940	0.392	0.414	0.403	0.382
eigenvalues:  tensor([14.2673, 13.6848])
hess item is 0.015105480328202248
1950	0.394	0.405	0.405	0.378
1960	0.394	0.404	0.405	0.375
1970	0.397	0.402	0.407	0.374
1980	0.395	0.407	0.405	0.376
1990	0.395	0.405	0.405	0.375
eigenvalues:  tensor([14.0553, 13.3828])
hess item is 0.014412480406463146
2000	0.394	0.408	0.405	0.383
2010	0.395	0.408	0.406	0.380
2020	0.396	0.406	0.406	0.380
2030	0.396	0.408	0.407	0.376
2040	0.396	0.405	0.407	0.375
eigenvalues:  tensor([14.9479, 14.3410])
hess item is 0.013754187151789665
2050	0.403	0.392	0.413	0.364
2060	0.402	0.389	0.412	0.363
2070	0.402	0.396	0.412	0.368
2080	0.399	0.397	0.410	0.368
2090	0.396	0.397	0.407	0.369
eigenvalues:  tensor([14.3274, 13.6906])
hess item is 0.013126814737915993
2100	0.396	0.407	0.407	0.374
2110	0.394	0.409	0.405	0.378
2120	0.397	0.394	0.408	0.370
2130	0.396	0.405	0.407	0.374
2140	0.399	0.404	0.410	0.374
eigenvalues:  tensor([14.5024, 14.0277])
hess item is 0.012529876083135605
2150	0.399	0.402	0.410	0.372
2160	0.400	0.403	0.411	0.375
2170	0.402	0.397	0.413	0.374
2180	0.404	0.396	0.415	0.368
2190	0.404	0.398	0.415	0.371
eigenvalues:  tensor([14.3605, 13.9909])
hess item is 0.01196336280554533
2200	0.402	0.402	0.413	0.376
2210	0.401	0.403	0.412	0.374
2220	0.397	0.404	0.408	0.376
2230	0.399	0.393	0.410	0.371
2240	0.396	0.407	0.407	0.379
eigenvalues:  tensor([13.9124, 13.5936])
hess item is 0.011423797346651554
2250	0.396	0.405	0.407	0.372
2260	0.399	0.405	0.410	0.375
2270	0.400	0.399	0.411	0.373
2280	0.402	0.396	0.412	0.371
2290	0.399	0.401	0.410	0.378
eigenvalues:  tensor([14.2441, 13.9863])
hess item is 0.0109103349968791
2300	0.399	0.402	0.410	0.378
2310	0.398	0.404	0.409	0.378
2320	0.399	0.404	0.410	0.377
2330	0.400	0.395	0.411	0.374
2340	0.396	0.403	0.407	0.375
eigenvalues:  tensor([13.9737, 13.6451])
hess item is 0.010425918735563755
2350	0.397	0.401	0.407	0.373
2360	0.400	0.395	0.410	0.373
2370	0.404	0.389	0.415	0.366
2380	0.401	0.399	0.412	0.376
2390	0.401	0.408	0.412	0.380
eigenvalues:  tensor([13.4145, 13.0596])
hess item is 0.009961326606571674
2400	0.397	0.407	0.408	0.381
2410	0.397	0.409	0.408	0.381
2420	0.397	0.409	0.409	0.381
2430	0.398	0.407	0.410	0.379
2440	0.400	0.403	0.411	0.375
eigenvalues:  tensor([13.8606, 13.4837])
hess item is 0.00951978750526905
2450	0.403	0.399	0.414	0.373
2460	0.399	0.403	0.411	0.379
2470	0.398	0.407	0.410	0.383
2480	0.399	0.404	0.410	0.375
2490	0.401	0.394	0.413	0.370
eigenvalues:  tensor([14.5078, 14.1320])
hess item is 0.009099277667701244
2500	0.399	0.393	0.411	0.370
2510	0.400	0.396	0.411	0.372
2520	0.407	0.384	0.419	0.362
2530	0.405	0.389	0.416	0.368
2540	0.409	0.384	0.420	0.359
eigenvalues:  tensor([15.1294, 14.6937])
hess item is 0.008701596409082413
2550	0.402	0.397	0.414	0.372
2560	0.401	0.402	0.412	0.376
2570	0.402	0.398	0.413	0.373
2580	0.402	0.401	0.413	0.374
2590	0.402	0.401	0.413	0.372
eigenvalues:  tensor([15.1381, 14.7847])
hess item is 0.008324380032718182
2600	0.399	0.403	0.410	0.371
2610	0.399	0.398	0.410	0.370
2620	0.399	0.401	0.410	0.372
2630	0.399	0.405	0.411	0.380
2640	0.402	0.397	0.413	0.371
eigenvalues:  tensor([14.5966, 14.2069])
hess item is 0.007966836914420128
2650	0.399	0.403	0.410	0.375
2660	0.401	0.400	0.412	0.378
2670	0.402	0.399	0.413	0.373
2680	0.404	0.396	0.415	0.372
2690	0.407	0.392	0.418	0.373
eigenvalues:  tensor([15.0805, 14.7271])
hess item is 0.007623433601111174
2700	0.407	0.394	0.417	0.372
2710	0.409	0.392	0.420	0.371
2720	0.403	0.398	0.414	0.373
2730	0.402	0.402	0.413	0.377
2740	0.403	0.398	0.414	0.374
eigenvalues:  tensor([15.4742, 14.8987])
hess item is 0.007297204341739416
2750	0.403	0.398	0.414	0.374
2760	0.404	0.397	0.415	0.373
2770	0.404	0.394	0.415	0.370
2780	0.406	0.386	0.417	0.366
2790	0.409	0.383	0.420	0.363
eigenvalues:  tensor([15.5729, 14.9622])
hess item is 0.0069887153804302216
2800	0.406	0.388	0.417	0.368
2810	0.406	0.390	0.417	0.369
2820	0.403	0.400	0.414	0.378
2830	0.407	0.390	0.418	0.366
2840	0.406	0.401	0.417	0.373
eigenvalues:  tensor([15.3067, 14.7768])
hess item is 0.006693440023809671
2850	0.405	0.402	0.417	0.375
2860	0.405	0.402	0.416	0.375
2870	0.404	0.398	0.415	0.375
2880	0.402	0.401	0.414	0.378
2890	0.404	0.398	0.415	0.373
eigenvalues:  tensor([16.1071, 15.7000])
hess item is 0.006413030903786421
2900	0.401	0.400	0.412	0.376
2910	0.401	0.401	0.412	0.373
2920	0.402	0.400	0.413	0.374
2930	0.406	0.398	0.417	0.372
2940	0.407	0.397	0.418	0.371
eigenvalues:  tensor([16.2623, 16.0026])
hess item is 0.006149169988930225
2950	0.408	0.396	0.419	0.371
2960	0.406	0.393	0.417	0.373
2970	0.408	0.400	0.419	0.374
2980	0.413	0.390	0.424	0.370
2990	0.411	0.391	0.422	0.368
eigenvalues:  tensor([16.8941, 16.5272])
hess item is 0.005897095892578363
3000	0.406	0.396	0.417	0.370
3010	0.406	0.403	0.417	0.378
3020	0.403	0.398	0.415	0.373
3030	0.406	0.403	0.417	0.376
3040	0.407	0.400	0.419	0.375
eigenvalues:  tensor([18.0371, 17.6999])
hess item is 0.005658544600009918
3050	0.407	0.397	0.418	0.371
3060	0.409	0.394	0.420	0.374
3070	0.410	0.395	0.421	0.370
3080	0.408	0.391	0.420	0.369
3090	0.409	0.394	0.420	0.372
eigenvalues:  tensor([18.9333, 18.5778])
hess item is 0.005433414597064257
3100	0.409	0.393	0.421	0.369
3110	0.412	0.387	0.423	0.369
3120	0.410	0.395	0.421	0.371
3130	0.409	0.397	0.421	0.370
3140	0.409	0.396	0.420	0.372
eigenvalues:  tensor([19.0670, 18.6481])
hess item is 0.005214812699705362
3150	0.411	0.389	0.423	0.367
3160	0.408	0.393	0.420	0.368
3170	0.409	0.389	0.421	0.369
3180	0.407	0.391	0.419	0.370
3190	0.404	0.400	0.417	0.373
eigenvalues:  tensor([19.0678, 18.5324])
hess item is 0.005011794622987509
3200	0.410	0.394	0.423	0.368
3210	0.411	0.389	0.423	0.366
3220	0.409	0.391	0.421	0.367
3230	0.412	0.387	0.423	0.364
3240	0.412	0.387	0.424	0.365
eigenvalues:  tensor([19.9332, 19.5841])
hess item is 0.004819545894861221
3250	0.415	0.386	0.427	0.365
3260	0.414	0.384	0.426	0.367
3270	0.411	0.387	0.423	0.369
3280	0.411	0.393	0.422	0.368
3290	0.408	0.402	0.419	0.373
eigenvalues:  tensor([19.4344, 19.0724])
hess item is 0.00463637663051486
3300	0.409	0.397	0.420	0.368
3310	0.411	0.397	0.422	0.371
3320	0.412	0.386	0.423	0.366
3330	0.409	0.399	0.420	0.377
3340	0.409	0.396	0.420	0.371
eigenvalues:  tensor([20.1292, 19.7112])
hess item is 0.004464747849851847
3350	0.412	0.393	0.423	0.368
3360	0.410	0.385	0.421	0.362
3370	0.413	0.381	0.424	0.363
3380	0.411	0.392	0.422	0.371
3390	0.411	0.387	0.422	0.367
eigenvalues:  tensor([21.3881, 20.9093])
hess item is 0.004297921899706125
3400	0.411	0.393	0.422	0.370
3410	0.413	0.391	0.425	0.368
3420	0.414	0.393	0.425	0.370
3430	0.411	0.390	0.422	0.370
3440	0.409	0.396	0.421	0.370
eigenvalues:  tensor([22.7132, 22.3029])
hess item is 0.004140568431466818
3450	0.413	0.392	0.425	0.370
3460	0.412	0.393	0.423	0.369
3470	0.416	0.389	0.427	0.367
3480	0.416	0.382	0.427	0.362
3490	0.417	0.382	0.428	0.363
eigenvalues:  tensor([23.2997, 22.9484])
hess item is 0.003991978708654642
3500	0.412	0.385	0.424	0.368
3510	0.408	0.393	0.420	0.370
3520	0.409	0.389	0.421	0.366
3530	0.408	0.389	0.420	0.364
3540	0.406	0.390	0.417	0.368
eigenvalues:  tensor([24.3642, 24.0600])
hess item is 0.003850281937047839
3550	0.408	0.389	0.419	0.366
3560	0.411	0.386	0.422	0.367
3570	0.410	0.394	0.421	0.372
3580	0.410	0.391	0.420	0.370
3590	0.417	0.387	0.428	0.368
eigenvalues:  tensor([25.3492, 25.1114])
hess item is 0.0037165482062846422
3600	0.414	0.383	0.424	0.362
3610	0.413	0.382	0.424	0.360
3620	0.417	0.374	0.427	0.355
3630	0.413	0.381	0.424	0.361
3640	0.413	0.379	0.423	0.360
eigenvalues:  tensor([25.3513, 25.0917])
hess item is 0.003592441789805889
3650	0.408	0.393	0.419	0.373
3660	0.409	0.391	0.420	0.372
3670	0.406	0.390	0.418	0.370
3680	0.405	0.398	0.416	0.372
3690	0.410	0.391	0.421	0.371
eigenvalues:  tensor([26.1661, 25.8438])
hess item is 0.0034736974630504847
3700	0.412	0.381	0.424	0.359
3710	0.412	0.383	0.423	0.365
3720	0.410	0.389	0.421	0.366
3730	0.411	0.388	0.423	0.368
3740	0.415	0.382	0.426	0.362
eigenvalues:  tensor([26.1198, 25.8228])
hess item is 0.0033610546961426735
3750	0.410	0.389	0.421	0.368
3760	0.412	0.384	0.423	0.366
3770	0.409	0.387	0.420	0.369
3780	0.411	0.391	0.422	0.370
3790	0.411	0.386	0.423	0.365
eigenvalues:  tensor([27.9944, 27.7679])
hess item is 0.00325465458445251
3800	0.416	0.378	0.427	0.362
3810	0.418	0.381	0.429	0.362
3820	0.416	0.381	0.428	0.362
3830	0.416	0.383	0.428	0.360
3840	0.415	0.382	0.427	0.364
eigenvalues:  tensor([27.5892, 27.3932])
hess item is 0.0031552996952086687
3850	0.415	0.380	0.427	0.362
3860	0.418	0.376	0.430	0.361
3870	0.419	0.370	0.430	0.356
3880	0.418	0.379	0.429	0.360
3890	0.418	0.376	0.429	0.358
eigenvalues:  tensor([29.2199, 29.0775])
hess item is 0.0030624347273260355
3900	0.417	0.379	0.428	0.359
3910	0.414	0.377	0.425	0.360
3920	0.420	0.376	0.431	0.359
3930	0.419	0.378	0.430	0.359
3940	0.419	0.376	0.430	0.356
eigenvalues:  tensor([30.4058, 30.2124])
hess item is 0.0029740266036242247
3950	0.419	0.381	0.431	0.360
3960	0.416	0.383	0.427	0.362
3970	0.423	0.374	0.435	0.358
3980	0.420	0.371	0.432	0.358
3990	0.427	0.365	0.438	0.350
eigenvalues:  tensor([31.9917, 31.8199])
hess item is 0.0028907046653330326
4000	0.419	0.370	0.430	0.355
4010	0.420	0.371	0.431	0.356
4020	0.417	0.374	0.429	0.359
4030	0.416	0.374	0.428	0.360
4040	0.422	0.367	0.433	0.352
eigenvalues:  tensor([33.3607, 33.2016])
hess item is 0.0028097243048250675
4050	0.422	0.371	0.433	0.356
4060	0.424	0.368	0.435	0.351
4070	0.418	0.373	0.429	0.359
4080	0.418	0.373	0.429	0.359
4090	0.420	0.374	0.431	0.357
eigenvalues:  tensor([34.5161, 34.4019])
hess item is 0.0027330468874424696
4100	0.419	0.373	0.429	0.357
4110	0.418	0.375	0.429	0.357
4120	0.417	0.377	0.428	0.358
4130	0.418	0.369	0.429	0.352
4140	0.416	0.371	0.428	0.356
eigenvalues:  tensor([35.8265, 35.6510])
hess item is 0.0026607136242091656
4150	0.421	0.369	0.432	0.352
4160	0.417	0.372	0.428	0.359
4170	0.423	0.364	0.434	0.347
4180	0.420	0.363	0.432	0.348
4190	0.417	0.368	0.428	0.354
eigenvalues:  tensor([36.8636, 36.6960])
hess item is 0.0025962418876588345
4200	0.418	0.363	0.429	0.349
4210	0.418	0.368	0.430	0.352
4220	0.421	0.365	0.432	0.352
4230	0.418	0.370	0.428	0.356
4240	0.420	0.362	0.432	0.347
eigenvalues:  tensor([38.2654, 38.0768])
hess item is 0.00253576273098588
4250	0.417	0.371	0.428	0.354
4260	0.427	0.358	0.438	0.341
4270	0.420	0.362	0.430	0.348
4280	0.420	0.362	0.431	0.345
4290	0.423	0.360	0.434	0.342
eigenvalues:  tensor([40.8973, 40.7052])
hess item is 0.0024769194424152374
4300	0.422	0.357	0.433	0.340
4310	0.420	0.361	0.431	0.345
4320	0.426	0.353	0.437	0.337
4330	0.420	0.363	0.432	0.346
4340	0.422	0.362	0.434	0.347
eigenvalues:  tensor([41.1238, 40.9351])
hess item is 0.0024267733097076416
4350	0.418	0.368	0.429	0.354
4360	0.423	0.367	0.433	0.352
4370	0.424	0.361	0.435	0.349
4380	0.422	0.364	0.433	0.351
4390	0.423	0.364	0.435	0.350
eigenvalues:  tensor([42.8816, 42.7292])
hess item is 0.002374047413468361
4400	0.422	0.363	0.433	0.348
4410	0.428	0.353	0.440	0.341
4420	0.426	0.355	0.438	0.341
4430	0.423	0.361	0.435	0.346
4440	0.421	0.363	0.433	0.350
eigenvalues:  tensor([44.3644, 44.2053])
hess item is 0.0023310009855777025
4450	0.423	0.361	0.435	0.345
4460	0.423	0.360	0.435	0.347
4470	0.426	0.355	0.438	0.339
4480	0.421	0.359	0.433	0.343
4490	0.419	0.367	0.430	0.350
eigenvalues:  tensor([45.0132, 44.8655])
hess item is 0.002286693314090371
4500	0.419	0.361	0.430	0.346
4510	0.416	0.367	0.428	0.349
4520	0.420	0.363	0.431	0.344
4530	0.422	0.357	0.433	0.340
4540	0.430	0.344	0.442	0.327
eigenvalues:  tensor([46.7688, 46.6273])
hess item is 0.002248571254312992
4550	0.420	0.362	0.432	0.344
4560	0.420	0.365	0.432	0.345
4570	0.420	0.362	0.431	0.345
4580	0.421	0.358	0.432	0.342
4590	0.423	0.356	0.434	0.340
eigenvalues:  tensor([48.1246, 47.9787])
hess item is 0.0022134643513709307
4600	0.420	0.365	0.432	0.350
4610	0.425	0.360	0.436	0.346
4620	0.422	0.363	0.433	0.348
4630	0.421	0.357	0.433	0.342
4640	0.418	0.357	0.430	0.344
eigenvalues:  tensor([50.0224, 49.8907])
hess item is 0.0021825020667165518
4650	0.426	0.354	0.437	0.336
4660	0.429	0.350	0.440	0.334
4670	0.431	0.346	0.442	0.334
4680	0.425	0.354	0.437	0.339
4690	0.426	0.352	0.437	0.342
eigenvalues:  tensor([51.4486, 51.3011])
hess item is 0.002150167478248477
4700	0.419	0.359	0.431	0.347
4710	0.420	0.358	0.432	0.344
4720	0.423	0.357	0.435	0.341
4730	0.427	0.349	0.439	0.333
4740	0.424	0.355	0.435	0.342
eigenvalues:  tensor([52.6330, 52.5013])
hess item is 0.0021214850712567568
4750	0.421	0.354	0.433	0.340
4760	0.421	0.352	0.433	0.339
4770	0.421	0.358	0.432	0.343
4780	0.425	0.352	0.437	0.339
4790	0.426	0.350	0.438	0.336
eigenvalues:  tensor([54.6800, 54.5419])
hess item is 0.0020985917653888464
4800	0.427	0.349	0.439	0.337
4810	0.426	0.350	0.438	0.336
4820	0.424	0.351	0.436	0.338
4830	0.424	0.354	0.435	0.338
4840	0.422	0.355	0.434	0.340
eigenvalues:  tensor([55.7574, 55.6035])
hess item is 0.002073700539767742
4850	0.425	0.353	0.437	0.338
4860	0.423	0.353	0.435	0.338
4870	0.426	0.348	0.438	0.337
4880	0.424	0.351	0.436	0.338
4890	0.422	0.355	0.434	0.341
eigenvalues:  tensor([57.1459, 57.0064])
hess item is 0.002049690345302224
4900	0.422	0.354	0.434	0.341
4910	0.424	0.352	0.435	0.338
4920	0.427	0.345	0.439	0.332
4930	0.426	0.345	0.438	0.334
4940	0.424	0.351	0.436	0.336
eigenvalues:  tensor([58.5246, 58.3985])
hess item is 0.002032438525930047
4950	0.423	0.356	0.435	0.336
4960	0.422	0.351	0.434	0.339
4970	0.423	0.348	0.434	0.337
4980	0.424	0.350	0.436	0.337
4990	0.428	0.342	0.439	0.328
eigenvalues:  tensor([60.3129, 60.1804])
hess item is 0.002013800898566842
5000	0.424	0.347	0.436	0.334
5010	0.425	0.352	0.437	0.337
5020	0.424	0.354	0.435	0.341
5030	0.424	0.354	0.436	0.337
5040	0.424	0.351	0.436	0.337
eigenvalues:  tensor([60.9376, 60.8075])
hess item is 0.0019976580515503883
5050	0.426	0.348	0.437	0.335
5060	0.428	0.344	0.439	0.332
5070	0.425	0.349	0.436	0.337
5080	0.426	0.350	0.437	0.337
5090	0.425	0.356	0.436	0.338
eigenvalues:  tensor([62.3020, 62.1543])
hess item is 0.0019881899934262037
5100	0.425	0.356	0.436	0.339
5110	0.425	0.351	0.436	0.337
5120	0.428	0.342	0.439	0.329
5130	0.426	0.344	0.438	0.331
5140	0.427	0.345	0.438	0.331
eigenvalues:  tensor([64.4155, 64.2881])
hess item is 0.001977501669898629
5150	0.431	0.344	0.442	0.330
5160	0.428	0.345	0.439	0.331
5170	0.427	0.345	0.438	0.332
5180	0.428	0.345	0.439	0.330
5190	0.425	0.351	0.436	0.337
eigenvalues:  tensor([64.2520, 64.1264])
hess item is 0.0019633632618933916
5200	0.425	0.352	0.435	0.337
5210	0.425	0.347	0.436	0.333
5220	0.428	0.345	0.439	0.332
5230	0.427	0.347	0.438	0.333
5240	0.428	0.347	0.439	0.332
eigenvalues:  tensor([66.5779, 66.4520])
hess item is 0.0019587369170039892
5250	0.427	0.346	0.438	0.330
5260	0.428	0.344	0.438	0.329
5270	0.425	0.348	0.436	0.333
5280	0.422	0.350	0.433	0.334
5290	0.426	0.344	0.436	0.330
eigenvalues:  tensor([66.9064, 66.7713])
hess item is 0.0019484328804537654
5300	0.424	0.345	0.435	0.332
5310	0.423	0.351	0.434	0.333
5320	0.421	0.352	0.432	0.333
5330	0.429	0.343	0.440	0.325
5340	0.428	0.341	0.439	0.325
eigenvalues:  tensor([69.4420, 69.3187])
hess item is 0.0019418884767219424
5350	0.433	0.336	0.444	0.321
5360	0.427	0.344	0.438	0.326
5370	0.426	0.346	0.437	0.328
5380	0.430	0.345	0.441	0.325
5390	0.427	0.343	0.438	0.328
eigenvalues:  tensor([68.4047, 68.2840])
hess item is 0.0019383743638172746
5400	0.428	0.343	0.439	0.325
5410	0.430	0.345	0.441	0.324
5420	0.431	0.342	0.442	0.328
5430	0.431	0.338	0.442	0.322
5440	0.430	0.338	0.441	0.320
eigenvalues:  tensor([70.5454, 70.4347])
hess item is 0.0019337834091857076
5450	0.432	0.335	0.443	0.317
5460	0.429	0.339	0.440	0.322
5470	0.432	0.336	0.443	0.319
5480	0.431	0.338	0.441	0.322
5490	0.429	0.341	0.439	0.325
eigenvalues:  tensor([69.7938, 69.6871])
hess item is 0.001940412214025855
5500	0.428	0.343	0.438	0.325
5510	0.429	0.339	0.440	0.323
5520	0.430	0.334	0.441	0.318
5530	0.433	0.332	0.443	0.318
5540	0.431	0.338	0.441	0.319
eigenvalues:  tensor([71.7928, 71.6828])
hess item is 0.0019369887886568904
5550	0.429	0.340	0.440	0.324
5560	0.429	0.343	0.440	0.325
5570	0.424	0.349	0.434	0.333
5580	0.424	0.352	0.435	0.333
5590	0.430	0.345	0.440	0.326
eigenvalues:  tensor([73.0692, 72.9672])
hess item is 0.0019374017138034105
5600	0.431	0.336	0.442	0.319
5610	0.428	0.337	0.439	0.321
5620	0.428	0.340	0.439	0.323
5630	0.426	0.342	0.436	0.325
5640	0.431	0.335	0.441	0.318
eigenvalues:  tensor([74.0838, 73.9821])
hess item is 0.001940899877808988
5650	0.429	0.338	0.440	0.320
5660	0.427	0.337	0.437	0.320
5670	0.425	0.344	0.436	0.326
5680	0.426	0.339	0.436	0.325
5690	0.425	0.345	0.436	0.331
eigenvalues:  tensor([74.8174, 74.7196])
hess item is 0.0019450635882094502
5700	0.428	0.344	0.438	0.326
5710	0.426	0.342	0.436	0.323
5720	0.431	0.330	0.441	0.319
5730	0.428	0.333	0.438	0.320
5740	0.431	0.331	0.441	0.317
eigenvalues:  tensor([76.9044, 76.8137])
hess item is 0.0019491903949528933
5750	0.430	0.333	0.440	0.318
5760	0.429	0.334	0.440	0.319
5770	0.432	0.331	0.442	0.317
5780	0.436	0.325	0.446	0.312
5790	0.430	0.334	0.440	0.319
eigenvalues:  tensor([76.7636, 76.6689])
hess item is 0.0019530508434399962
5800	0.428	0.341	0.438	0.325
5810	0.426	0.342	0.436	0.327
5820	0.427	0.339	0.437	0.326
5830	0.429	0.335	0.439	0.323
5840	0.432	0.330	0.442	0.319
eigenvalues:  tensor([78.7779, 78.6922])
hess item is 0.001959156710654497
5850	0.431	0.331	0.442	0.319
5860	0.431	0.333	0.442	0.318
5870	0.433	0.333	0.443	0.316
5880	0.435	0.327	0.445	0.315
5890	0.431	0.333	0.442	0.317
eigenvalues:  tensor([80.1583, 80.0706])
hess item is 0.0019671721383929253
5900	0.434	0.328	0.444	0.314
5910	0.434	0.329	0.445	0.316
5920	0.431	0.334	0.442	0.319
5930	0.435	0.332	0.445	0.316
5940	0.431	0.337	0.441	0.321
eigenvalues:  tensor([78.8217, 78.7310])
hess item is 0.00197653123177588
5950	0.431	0.335	0.441	0.320
5960	0.432	0.334	0.442	0.317
5970	0.434	0.331	0.444	0.313
5980	0.434	0.332	0.444	0.315
5990	0.433	0.332	0.443	0.315
eigenvalues:  tensor([80.1799, 80.0916])
hess item is 0.0019813210237771273
6000	0.434	0.330	0.444	0.314
6010	0.433	0.332	0.443	0.317
6020	0.436	0.329	0.446	0.312
6030	0.437	0.327	0.447	0.312
6040	0.437	0.326	0.448	0.313
eigenvalues:  tensor([81.7952, 81.7130])
hess item is 0.0019884565845131874
6050	0.437	0.327	0.448	0.312
6060	0.432	0.330	0.443	0.315
6070	0.433	0.330	0.443	0.316
6080	0.433	0.332	0.443	0.316
6090	0.435	0.327	0.446	0.313
eigenvalues:  tensor([81.9922, 81.9103])
hess item is 0.001998385414481163
6100	0.435	0.328	0.446	0.313
6110	0.435	0.331	0.445	0.315
6120	0.434	0.330	0.444	0.315
6130	0.434	0.334	0.444	0.317
6140	0.435	0.328	0.445	0.313
eigenvalues:  tensor([82.0095, 81.9310])
hess item is 0.002003737725317478
6150	0.431	0.337	0.441	0.320
6160	0.431	0.334	0.442	0.315
6170	0.432	0.333	0.442	0.315
6180	0.432	0.334	0.442	0.315
6190	0.436	0.328	0.446	0.311
eigenvalues:  tensor([84.3883, 84.3168])
hess item is 0.002009000163525343
6200	0.437	0.329	0.447	0.312
6210	0.432	0.332	0.443	0.314
6220	0.432	0.335	0.442	0.315
6230	0.432	0.332	0.442	0.315
6240	0.432	0.333	0.443	0.317
eigenvalues:  tensor([84.1695, 84.0971])
hess item is 0.0020187566988170147
6250	0.432	0.333	0.442	0.316
6260	0.432	0.331	0.442	0.315
6270	0.432	0.332	0.442	0.313
6280	0.432	0.332	0.442	0.312
6290	0.433	0.330	0.443	0.312
eigenvalues:  tensor([84.8963, 84.8266])
hess item is 0.0020273039117455482
6300	0.436	0.324	0.446	0.309
6310	0.434	0.326	0.445	0.309
6320	0.436	0.326	0.446	0.308
6330	0.436	0.326	0.446	0.308
6340	0.437	0.324	0.447	0.306
eigenvalues:  tensor([85.7384, 85.6703])
hess item is 0.00203708466142416
6350	0.435	0.327	0.446	0.308
6360	0.434	0.328	0.444	0.308
6370	0.434	0.326	0.444	0.306
6380	0.433	0.327	0.444	0.308
6390	0.434	0.326	0.444	0.307
eigenvalues:  tensor([85.6367, 85.5742])
hess item is 0.0020510652102530003
6400	0.434	0.325	0.445	0.307
6410	0.431	0.331	0.442	0.311
6420	0.431	0.332	0.441	0.312
6430	0.432	0.329	0.443	0.311
6440	0.435	0.326	0.446	0.308
eigenvalues:  tensor([87.1614, 87.1023])
hess item is 0.002057580044493079
6450	0.437	0.321	0.448	0.304
6460	0.438	0.322	0.448	0.305
6470	0.440	0.318	0.450	0.302
6480	0.437	0.322	0.448	0.304
6490	0.439	0.321	0.449	0.303
eigenvalues:  tensor([86.2511, 86.1936])
hess item is 0.0020701352041214705
6500	0.437	0.322	0.447	0.304
6510	0.435	0.328	0.445	0.308
6520	0.436	0.324	0.447	0.306
6530	0.433	0.333	0.444	0.311
6540	0.434	0.332	0.444	0.312
eigenvalues:  tensor([85.1400, 85.0823])
hess item is 0.0020811769645661116
6550	0.432	0.331	0.443	0.312
6560	0.435	0.327	0.445	0.309
6570	0.433	0.326	0.444	0.312
6580	0.434	0.327	0.444	0.312
6590	0.435	0.324	0.445	0.309
eigenvalues:  tensor([85.9478, 85.8968])
hess item is 0.002095320262014866
6600	0.436	0.324	0.447	0.308
6610	0.434	0.327	0.445	0.310
6620	0.434	0.326	0.444	0.312
6630	0.435	0.325	0.445	0.309
6640	0.438	0.322	0.448	0.305
eigenvalues:  tensor([86.0794, 86.0293])
hess item is 0.002100032288581133
6650	0.436	0.326	0.446	0.309
6660	0.437	0.326	0.446	0.310
6670	0.435	0.328	0.445	0.312
6680	0.436	0.327	0.446	0.311
6690	0.436	0.325	0.447	0.311
eigenvalues:  tensor([85.3223, 85.2777])
hess item is 0.002110050292685628
6700	0.433	0.330	0.443	0.314
6710	0.433	0.329	0.443	0.313
6720	0.433	0.329	0.443	0.313
6730	0.435	0.326	0.445	0.311
6740	0.435	0.327	0.445	0.311
eigenvalues:  tensor([85.4868, 85.4411])
hess item is 0.0021180997136980295
6750	0.432	0.331	0.442	0.315
6760	0.433	0.328	0.443	0.314
6770	0.436	0.324	0.446	0.311
6780	0.433	0.326	0.444	0.312
6790	0.433	0.328	0.443	0.313
eigenvalues:  tensor([87.3158, 87.2730])
hess item is 0.002128667663782835
6800	0.435	0.324	0.445	0.309
6810	0.435	0.325	0.445	0.310
6820	0.436	0.324	0.446	0.308
6830	0.436	0.323	0.446	0.309
6840	0.435	0.323	0.445	0.310
eigenvalues:  tensor([87.0972, 87.0567])
hess item is 0.002139862859621644
6850	0.434	0.325	0.444	0.311
6860	0.432	0.327	0.442	0.314
6870	0.433	0.326	0.443	0.311
6880	0.433	0.327	0.443	0.312
6890	0.431	0.330	0.441	0.315
eigenvalues:  tensor([85.9965, 85.9557])
hess item is 0.0021538224536925554
6900	0.432	0.331	0.442	0.315
6910	0.433	0.331	0.443	0.314
6920	0.435	0.327	0.445	0.313
6930	0.435	0.325	0.445	0.313
6940	0.434	0.326	0.444	0.317
eigenvalues:  tensor([86.8570, 86.8208])
hess item is 0.002168515929952264
6950	0.435	0.326	0.444	0.313
6960	0.434	0.328	0.444	0.315
6970	0.435	0.329	0.444	0.315
6980	0.434	0.328	0.444	0.317
6990	0.435	0.325	0.445	0.312
eigenvalues:  tensor([86.6358, 86.6017])
hess item is 0.00218703574500978
7000	0.435	0.326	0.444	0.312
7010	0.435	0.327	0.444	0.312
7020	0.433	0.327	0.443	0.314
7030	0.436	0.325	0.446	0.312
7040	0.438	0.322	0.447	0.310
eigenvalues:  tensor([86.9817, 86.9490])
hess item is 0.002203113166615367
7050	0.436	0.324	0.446	0.312
7060	0.437	0.323	0.447	0.311
7070	0.437	0.321	0.447	0.309
7080	0.437	0.323	0.447	0.309
7090	0.435	0.324	0.445	0.311
eigenvalues:  tensor([86.9580, 86.9242])
hess item is 0.0022114471066743135
7100	0.435	0.325	0.445	0.310
7110	0.436	0.322	0.446	0.308
7120	0.436	0.324	0.446	0.307
7130	0.435	0.324	0.445	0.311
7140	0.434	0.326	0.444	0.311
eigenvalues:  tensor([86.8305, 86.7975])
hess item is 0.002226428361609578
7150	0.435	0.323	0.445	0.310
7160	0.435	0.323	0.444	0.311
7170	0.435	0.323	0.444	0.312
7180	0.435	0.324	0.445	0.311
7190	0.434	0.326	0.444	0.313
eigenvalues:  tensor([85.9388, 85.9089])
hess item is 0.0022405048366636038
7200	0.434	0.327	0.443	0.313
7210	0.434	0.327	0.444	0.315
7220	0.433	0.326	0.443	0.314
7230	0.435	0.324	0.444	0.313
7240	0.434	0.323	0.444	0.313
eigenvalues:  tensor([85.7584, 85.7294])
hess item is 0.0022530830465257168
7250	0.433	0.326	0.443	0.314
7260	0.433	0.326	0.443	0.313
7270	0.432	0.326	0.442	0.313
7280	0.434	0.325	0.443	0.312
7290	0.436	0.322	0.446	0.311
eigenvalues:  tensor([86.9456, 86.9186])
hess item is 0.0022608796134591103
7300	0.437	0.323	0.447	0.309
7310	0.437	0.324	0.447	0.308
7320	0.437	0.324	0.447	0.309
7330	0.434	0.329	0.444	0.315
7340	0.435	0.330	0.445	0.312
eigenvalues:  tensor([86.7501, 86.7238])
hess item is 0.002277631778270006
7350	0.436	0.329	0.446	0.313
7360	0.436	0.328	0.445	0.312
7370	0.437	0.326	0.446	0.311
7380	0.437	0.326	0.446	0.311
7390	0.437	0.326	0.447	0.311
eigenvalues:  tensor([87.3890, 87.3640])
hess item is 0.002290575997903943
7400	0.438	0.324	0.447	0.309
7410	0.438	0.323	0.448	0.308
7420	0.435	0.328	0.445	0.312
7430	0.435	0.329	0.445	0.313
7440	0.438	0.325	0.447	0.309
eigenvalues:  tensor([88.0265, 88.0044])
hess item is 0.0022997751366347075
7450	0.438	0.326	0.447	0.310
7460	0.437	0.326	0.446	0.311
7470	0.438	0.325	0.448	0.310
7480	0.438	0.324	0.448	0.310
7490	0.439	0.322	0.449	0.309
eigenvalues:  tensor([88.2860, 88.2650])
hess item is 0.0023123722057789564
7500	0.438	0.325	0.448	0.310
7510	0.436	0.328	0.446	0.312
7520	0.435	0.327	0.445	0.311
7530	0.434	0.330	0.443	0.312
7540	0.433	0.330	0.443	0.312
eigenvalues:  tensor([87.2803, 87.2606])
hess item is 0.002317015780135989
7550	0.435	0.328	0.444	0.312
7560	0.434	0.327	0.444	0.312
7570	0.435	0.326	0.445	0.310
7580	0.435	0.328	0.444	0.311
7590	0.434	0.329	0.443	0.312
eigenvalues:  tensor([87.1087, 87.0899])
hess item is 0.0023276312276721
7600	0.434	0.329	0.444	0.313
7610	0.435	0.327	0.445	0.311
7620	0.436	0.326	0.446	0.311
7630	0.437	0.324	0.446	0.310
7640	0.437	0.324	0.447	0.310
eigenvalues:  tensor([88.5598, 88.5424])
hess item is 0.0023372487630695105
7650	0.437	0.324	0.447	0.309
7660	0.437	0.324	0.447	0.310
7670	0.435	0.326	0.444	0.312
7680	0.435	0.329	0.444	0.313
7690	0.436	0.326	0.445	0.313
eigenvalues:  tensor([87.1105, 87.0942])
hess item is 0.002352135255932808
7700	0.435	0.327	0.445	0.312
7710	0.436	0.327	0.445	0.314
7720	0.435	0.327	0.445	0.313
7730	0.434	0.329	0.443	0.315
7740	0.435	0.327	0.444	0.313
eigenvalues:  tensor([86.2585, 86.2430])
hess item is 0.0023611884098500013
7750	0.434	0.329	0.443	0.316
7760	0.434	0.328	0.443	0.315
7770	0.437	0.323	0.446	0.311
7780	0.438	0.324	0.448	0.310
7790	0.438	0.322	0.447	0.310
eigenvalues:  tensor([86.5549, 86.5412])
hess item is 0.002377251395955682
7800	0.435	0.326	0.444	0.313
7810	0.436	0.326	0.445	0.313
7820	0.437	0.324	0.447	0.311
7830	0.435	0.326	0.445	0.313
7840	0.433	0.329	0.443	0.316
eigenvalues:  tensor([85.4297, 85.4169])
hess item is 0.002387791173532605
7850	0.434	0.327	0.444	0.315
7860	0.434	0.327	0.444	0.316
7870	0.433	0.329	0.443	0.318
7880	0.434	0.330	0.443	0.316
7890	0.434	0.329	0.444	0.316
eigenvalues:  tensor([84.1629, 84.1505])
hess item is 0.0024012441281229258
7900	0.434	0.330	0.443	0.317
7910	0.436	0.327	0.445	0.314
7920	0.437	0.325	0.447	0.313
7930	0.437	0.325	0.447	0.312
7940	0.437	0.326	0.447	0.313
eigenvalues:  tensor([86.1930, 86.1816])
hess item is 0.002411735476925969
7950	0.437	0.326	0.447	0.312
7960	0.436	0.328	0.446	0.314
7970	0.437	0.326	0.446	0.313
7980	0.437	0.325	0.447	0.315
7990	0.436	0.327	0.446	0.315
eigenvalues:  tensor([84.9329, 84.9215])
hess item is 0.002421776996925473
8000	0.435	0.330	0.445	0.316
8010	0.435	0.330	0.445	0.317
8020	0.436	0.330	0.445	0.317
8030	0.437	0.327	0.446	0.316
8040	0.436	0.329	0.445	0.316
eigenvalues:  tensor([84.9335, 84.9227])
hess item is 0.002436017384752631
8050	0.436	0.329	0.445	0.318
8060	0.435	0.330	0.445	0.317
8070	0.434	0.330	0.444	0.319
8080	0.433	0.331	0.442	0.320
8090	0.435	0.327	0.444	0.318
eigenvalues:  tensor([84.6956, 84.6853])
hess item is 0.002446726430207491
8100	0.435	0.327	0.444	0.318
8110	0.435	0.328	0.444	0.318
8120	0.434	0.328	0.444	0.319
8130	0.435	0.329	0.444	0.319
8140	0.435	0.327	0.444	0.317
eigenvalues:  tensor([84.2669, 84.2568])
hess item is 0.0024542801547795534
8150	0.435	0.330	0.444	0.318
8160	0.435	0.328	0.444	0.318
8170	0.435	0.328	0.444	0.316
8180	0.435	0.327	0.444	0.316
8190	0.434	0.330	0.444	0.316
eigenvalues:  tensor([83.7430, 83.7339])
hess item is 0.0024675435852259398
8200	0.434	0.333	0.443	0.319
8210	0.433	0.333	0.443	0.321
8220	0.434	0.331	0.444	0.319
8230	0.434	0.332	0.443	0.319
8240	0.433	0.330	0.443	0.318
eigenvalues:  tensor([84.9346, 84.9260])
hess item is 0.0024794619530439377
8250	0.435	0.328	0.444	0.318
8260	0.436	0.328	0.445	0.316
8270	0.436	0.329	0.445	0.318
8280	0.437	0.328	0.446	0.316
8290	0.437	0.328	0.447	0.314
eigenvalues:  tensor([85.1074, 85.0992])
hess item is 0.002493829233571887
8300	0.437	0.328	0.446	0.316
8310	0.439	0.325	0.448	0.312
8320	0.438	0.328	0.447	0.315
8330	0.438	0.327	0.447	0.315
8340	0.439	0.325	0.448	0.315
eigenvalues:  tensor([85.1337, 85.1261])
hess item is 0.0025077685713768005
8350	0.437	0.328	0.446	0.319
8360	0.437	0.328	0.446	0.317
8370	0.437	0.328	0.446	0.317
8380	0.435	0.331	0.444	0.321
8390	0.435	0.329	0.445	0.319
eigenvalues:  tensor([83.6597, 83.6525])
hess item is 0.00251245079562068
8400	0.434	0.332	0.444	0.321
8410	0.435	0.328	0.444	0.319
8420	0.436	0.329	0.445	0.318
8430	0.436	0.329	0.445	0.317
8440	0.436	0.328	0.446	0.315
eigenvalues:  tensor([85.0101, 85.0031])
hess item is 0.002525328891351819
8450	0.436	0.325	0.446	0.316
8460	0.436	0.327	0.445	0.317
8470	0.435	0.331	0.444	0.319
8480	0.436	0.327	0.445	0.315
8490	0.438	0.326	0.447	0.313
eigenvalues:  tensor([86.1968, 86.1902])
hess item is 0.002536772983148694
8500	0.438	0.325	0.447	0.313
8510	0.439	0.324	0.448	0.313
8520	0.436	0.327	0.445	0.315
8530	0.437	0.327	0.446	0.315
8540	0.436	0.326	0.445	0.314
eigenvalues:  tensor([85.0449, 85.0387])
hess item is 0.002544042421504855
8550	0.436	0.324	0.445	0.314
8560	0.435	0.325	0.444	0.315
8570	0.436	0.326	0.445	0.314
8580	0.436	0.325	0.446	0.315
8590	0.436	0.325	0.445	0.317
eigenvalues:  tensor([85.3436, 85.3379])
hess item is 0.002549616387113929
8600	0.436	0.326	0.445	0.319
8610	0.433	0.331	0.443	0.319
8620	0.435	0.326	0.444	0.317
8630	0.435	0.326	0.444	0.317
8640	0.435	0.327	0.444	0.319
eigenvalues:  tensor([84.7889, 84.7832])
hess item is 0.002558486768975854
8650	0.434	0.327	0.444	0.319
8660	0.434	0.329	0.443	0.319
8670	0.434	0.327	0.443	0.318
8680	0.434	0.327	0.443	0.318
8690	0.434	0.329	0.443	0.320
eigenvalues:  tensor([84.1689, 84.1633])
hess item is 0.002572351833805442
8700	0.434	0.329	0.443	0.319
8710	0.433	0.330	0.443	0.321
8720	0.434	0.327	0.443	0.318
8730	0.434	0.328	0.443	0.319
8740	0.435	0.326	0.444	0.320
eigenvalues:  tensor([84.2588, 84.2537])
hess item is 0.002580231986939907
8750	0.435	0.326	0.444	0.318
8760	0.435	0.324	0.445	0.317
8770	0.435	0.325	0.444	0.318
8780	0.436	0.326	0.445	0.318
8790	0.438	0.324	0.447	0.316
eigenvalues:  tensor([84.7208, 84.7159])
hess item is 0.0025889272801578045
8800	0.436	0.324	0.445	0.317
8810	0.437	0.325	0.446	0.319
8820	0.435	0.326	0.444	0.321
8830	0.435	0.327	0.444	0.320
8840	0.436	0.327	0.445	0.321
eigenvalues:  tensor([84.7604, 84.7556])
hess item is 0.0026044335681945086
8850	0.436	0.327	0.445	0.320
8860	0.436	0.327	0.445	0.320
8870	0.436	0.326	0.445	0.319
8880	0.437	0.327	0.445	0.319
8890	0.437	0.327	0.446	0.320
eigenvalues:  tensor([83.8850, 83.8803])
hess item is 0.0026120305992662907
8900	0.437	0.329	0.445	0.320
8910	0.436	0.330	0.445	0.322
8920	0.436	0.330	0.445	0.322
8930	0.437	0.328	0.446	0.322
8940	0.437	0.327	0.446	0.321
eigenvalues:  tensor([83.3443, 83.3401])
hess item is 0.0026262360624969006
8950	0.438	0.327	0.446	0.322
8960	0.437	0.327	0.446	0.321
8970	0.436	0.328	0.445	0.322
8980	0.435	0.329	0.444	0.324
8990	0.436	0.329	0.445	0.323
eigenvalues:  tensor([81.7077, 81.7037])
hess item is 0.002638096921145916
9000	0.436	0.327	0.445	0.322
9010	0.435	0.327	0.444	0.322
9020	0.435	0.328	0.444	0.322
9030	0.435	0.328	0.444	0.321
9040	0.434	0.328	0.443	0.324
eigenvalues:  tensor([80.0647, 80.0609])
hess item is 0.0026469281874597073
9050	0.434	0.330	0.443	0.326
9060	0.434	0.330	0.443	0.326
9070	0.435	0.329	0.444	0.326
9080	0.435	0.329	0.444	0.324
9090	0.436	0.326	0.445	0.322
eigenvalues:  tensor([82.1658, 82.1622])
hess item is 0.0026561960112303495
9100	0.437	0.327	0.446	0.321
9110	0.435	0.330	0.444	0.322
9120	0.436	0.329	0.445	0.321
9130	0.436	0.328	0.445	0.322
9140	0.436	0.329	0.444	0.322
eigenvalues:  tensor([82.3887, 82.3852])
hess item is 0.0026679192669689655
9150	0.436	0.328	0.445	0.320
9160	0.437	0.324	0.446	0.319
9170	0.437	0.326	0.446	0.319
9180	0.437	0.324	0.446	0.319
9190	0.437	0.324	0.445	0.319
eigenvalues:  tensor([82.8737, 82.8704])
hess item is 0.0026747228112071753
9200	0.437	0.325	0.445	0.320
9210	0.437	0.324	0.446	0.320
9220	0.437	0.326	0.445	0.320
9230	0.437	0.326	0.446	0.321
9240	0.435	0.328	0.444	0.321
eigenvalues:  tensor([81.2242, 81.2213])
hess item is 0.0026830118149518967
9250	0.435	0.328	0.443	0.322
9260	0.435	0.330	0.443	0.321
9270	0.435	0.330	0.443	0.321
9280	0.434	0.331	0.443	0.322
9290	0.435	0.331	0.443	0.321
eigenvalues:  tensor([80.9104, 80.9077])
hess item is 0.0026899969670921564
9300	0.434	0.331	0.443	0.322
9310	0.434	0.330	0.442	0.324
9320	0.434	0.329	0.442	0.322
9330	0.435	0.329	0.443	0.320
9340	0.434	0.327	0.443	0.321
eigenvalues:  tensor([80.8117, 80.8091])
hess item is 0.002692978363484144
9350	0.435	0.329	0.443	0.321
9360	0.435	0.329	0.443	0.320
9370	0.435	0.328	0.443	0.320
9380	0.434	0.331	0.443	0.320
9390	0.434	0.330	0.443	0.320
eigenvalues:  tensor([80.1748, 80.1722])
hess item is 0.00270119309425354
9400	0.435	0.330	0.443	0.322
9410	0.435	0.329	0.443	0.322
9420	0.435	0.328	0.443	0.322
9430	0.436	0.325	0.444	0.320
9440	0.436	0.325	0.444	0.320
eigenvalues:  tensor([80.4767, 80.4742])
hess item is 0.002711979206651449
9450	0.435	0.329	0.443	0.321
9460	0.435	0.328	0.443	0.322
9470	0.435	0.328	0.443	0.322
9480	0.434	0.329	0.442	0.324
9490	0.436	0.325	0.443	0.322
eigenvalues:  tensor([80.4654, 80.4631])
hess item is 0.0027178640011698008
9500	0.435	0.327	0.443	0.321
9510	0.436	0.325	0.443	0.322
9520	0.435	0.325	0.443	0.323
9530	0.436	0.325	0.443	0.322
9540	0.434	0.328	0.442	0.322
eigenvalues:  tensor([80.0546, 80.0524])
hess item is 0.0027295383624732494
9550	0.436	0.327	0.444	0.323
9560	0.436	0.330	0.443	0.324
9570	0.435	0.329	0.443	0.325
9580	0.436	0.330	0.443	0.324
9590	0.435	0.329	0.443	0.324
eigenvalues:  tensor([78.1878, 78.1857])
hess item is 0.0027367924340069294
9600	0.435	0.331	0.443	0.324
9610	0.434	0.333	0.442	0.325
9620	0.434	0.333	0.442	0.326
9630	0.433	0.334	0.441	0.326
9640	0.434	0.333	0.442	0.325
eigenvalues:  tensor([77.7670, 77.7650])
hess item is 0.0027459918055683374
9650	0.434	0.334	0.442	0.324
9660	0.433	0.338	0.441	0.326
9670	0.433	0.336	0.441	0.326
9680	0.433	0.335	0.441	0.325
9690	0.434	0.333	0.442	0.326
eigenvalues:  tensor([77.9683, 77.9665])
hess item is 0.0027545993216335773
9700	0.434	0.333	0.442	0.326
9710	0.434	0.333	0.441	0.326
9720	0.434	0.332	0.442	0.326
9730	0.433	0.334	0.441	0.326
9740	0.432	0.335	0.441	0.327
eigenvalues:  tensor([76.9809, 76.9792])
hess item is 0.0027606445364654064
9750	0.433	0.336	0.441	0.328
9760	0.434	0.330	0.442	0.326
9770	0.434	0.331	0.443	0.326
9780	0.435	0.331	0.443	0.325
9790	0.434	0.333	0.442	0.327
eigenvalues:  tensor([76.7037, 76.7022])
hess item is 0.0027659195475280285
9800	0.435	0.333	0.443	0.325
9810	0.435	0.331	0.443	0.324
9820	0.435	0.333	0.443	0.325
9830	0.434	0.333	0.443	0.324
9840	0.434	0.333	0.443	0.324
eigenvalues:  tensor([77.6165, 77.6151])
hess item is 0.0027699503116309643
9850	0.435	0.331	0.443	0.323
9860	0.433	0.333	0.442	0.325
9870	0.433	0.335	0.442	0.325
9880	0.434	0.333	0.442	0.324
9890	0.434	0.331	0.442	0.324
eigenvalues:  tensor([77.3567, 77.3554])
hess item is 0.0027744078543037176
9900	0.434	0.331	0.443	0.323
9910	0.434	0.333	0.442	0.324
9920	0.434	0.333	0.442	0.326
9930	0.434	0.334	0.442	0.326
9940	0.434	0.333	0.442	0.327
eigenvalues:  tensor([75.6868, 75.6855])
hess item is 0.0027846605516970158
9950	0.433	0.335	0.441	0.328
9960	0.434	0.336	0.442	0.328
9970	0.434	0.334	0.442	0.326
9980	0.434	0.332	0.443	0.326
9990	0.435	0.332	0.443	0.325
