device: cuda:5
output directory: RESULTS/cifar10-10k/fc-tanh/seed_0/mse/ivon/lr_0.0005_h0_1.0_post_1_alpha_100.0_beta2_0.999_beta_0.0_ess_3000000.0_ivon
Files already downloaded and verified
Files already downloaded and verified
optimizer is IVON
0	0.597	0.131	0.597	0.131
10	0.574	0.136	0.575	0.137
20	0.558	0.142	0.559	0.142
30	0.547	0.149	0.548	0.149
40	0.539	0.154	0.540	0.155
eigenvalues:  tensor([80.6476, 66.5457])
preconditioned eigenvalues tensor([84.8427, 70.0174])
hess item is 0.9516108632087708
50	0.532	0.161	0.534	0.162
60	0.527	0.168	0.528	0.168
70	0.522	0.174	0.524	0.173
80	0.518	0.179	0.520	0.177
90	0.515	0.185	0.516	0.183
eigenvalues:  tensor([80.2699, 66.1364])
preconditioned eigenvalues tensor([88.7695, 73.1264])
hess item is 0.9054135680198669
100	0.511	0.190	0.513	0.186
110	0.508	0.194	0.510	0.191
120	0.505	0.198	0.507	0.194
130	0.503	0.201	0.505	0.197
140	0.500	0.207	0.503	0.200
eigenvalues:  tensor([79.8106, 65.6588])
preconditioned eigenvalues tensor([92.7468, 76.3034])
hess item is 0.8614388108253479
150	0.498	0.209	0.500	0.203
160	0.496	0.212	0.498	0.205
170	0.494	0.213	0.496	0.207
180	0.492	0.216	0.495	0.210
190	0.490	0.219	0.493	0.213
eigenvalues:  tensor([79.3597, 65.1977])
preconditioned eigenvalues tensor([96.9255, 79.6477])
hess item is 0.8195903897285461
200	0.488	0.221	0.491	0.215
210	0.486	0.223	0.489	0.218
220	0.484	0.225	0.487	0.220
230	0.483	0.227	0.485	0.221
240	0.481	0.228	0.484	0.223
eigenvalues:  tensor([78.9490, 64.7409])
preconditioned eigenvalues tensor([101.3502,  83.1038])
hess item is 0.7798032164573669
250	0.480	0.231	0.483	0.226
260	0.478	0.233	0.481	0.226
270	0.477	0.236	0.480	0.228
280	0.476	0.238	0.479	0.229
290	0.474	0.239	0.477	0.231
eigenvalues:  tensor([78.5755, 64.3065])
preconditioned eigenvalues tensor([106.0091,  86.8110])
hess item is 0.7419481873512268
300	0.473	0.240	0.476	0.233
310	0.472	0.242	0.475	0.234
320	0.471	0.245	0.474	0.236
330	0.470	0.246	0.473	0.237
340	0.469	0.248	0.472	0.240
eigenvalues:  tensor([78.1923, 63.8934])
preconditioned eigenvalues tensor([110.8341,  90.6070])
hess item is 0.7059462666511536
350	0.468	0.250	0.471	0.241
360	0.466	0.251	0.470	0.243
370	0.465	0.253	0.469	0.244
380	0.464	0.254	0.468	0.246
390	0.463	0.255	0.467	0.247
eigenvalues:  tensor([77.8561, 63.4859])
preconditioned eigenvalues tensor([115.9804,  94.5878])
hess item is 0.6716799736022949
400	0.462	0.257	0.466	0.248
410	0.462	0.259	0.465	0.250
420	0.461	0.261	0.464	0.250
430	0.460	0.262	0.463	0.251
440	0.459	0.264	0.463	0.252
eigenvalues:  tensor([77.4893, 63.0690])
preconditioned eigenvalues tensor([121.3120,  98.7237])
hess item is 0.63907790184021
450	0.458	0.265	0.462	0.252
460	0.457	0.266	0.461	0.254
470	0.456	0.268	0.460	0.255
480	0.455	0.269	0.459	0.257
490	0.454	0.271	0.458	0.258
eigenvalues:  tensor([77.1314, 62.6830])
preconditioned eigenvalues tensor([126.8747, 103.0920])
hess item is 0.6080895662307739
500	0.453	0.273	0.458	0.259
510	0.453	0.275	0.457	0.261
520	0.452	0.277	0.456	0.262
530	0.451	0.277	0.455	0.263
540	0.450	0.279	0.455	0.264
eigenvalues:  tensor([76.7805, 62.3031])
preconditioned eigenvalues tensor([132.6842, 107.6691])
hess item is 0.5786306262016296
550	0.449	0.280	0.454	0.264
560	0.449	0.281	0.453	0.266
570	0.448	0.283	0.452	0.267
580	0.447	0.284	0.452	0.268
590	0.446	0.285	0.451	0.269
eigenvalues:  tensor([76.4333, 61.9281])
preconditioned eigenvalues tensor([138.7122, 112.5504])
hess item is 0.5505790710449219
600	0.445	0.288	0.449	0.271
610	0.443	0.290	0.448	0.273
620	0.442	0.291	0.447	0.274
630	0.441	0.293	0.447	0.275
640	0.441	0.294	0.446	0.275
eigenvalues:  tensor([76.1021, 61.5787])
preconditioned eigenvalues tensor([145.1827, 117.4742])
hess item is 0.5238826274871826
650	0.440	0.295	0.445	0.276
660	0.439	0.298	0.444	0.278
670	0.439	0.300	0.444	0.280
680	0.438	0.300	0.443	0.280
690	0.437	0.301	0.443	0.281
eigenvalues:  tensor([75.8033, 61.3340])
preconditioned eigenvalues tensor([151.9439, 122.9186])
hess item is 0.49850279092788696
700	0.436	0.302	0.442	0.283
710	0.436	0.303	0.441	0.284
720	0.435	0.305	0.441	0.285
730	0.435	0.305	0.440	0.287
740	0.434	0.307	0.440	0.288
eigenvalues:  tensor([75.4647, 61.1949])
preconditioned eigenvalues tensor([158.9228, 128.8271])
hess item is 0.4743589162826538
750	0.433	0.308	0.439	0.288
760	0.433	0.308	0.439	0.289
770	0.432	0.310	0.438	0.290
780	0.432	0.311	0.437	0.291
790	0.431	0.312	0.437	0.292
eigenvalues:  tensor([75.1330, 61.0795])
preconditioned eigenvalues tensor([166.1931, 135.0670])
hess item is 0.45136120915412903
800	0.430	0.313	0.436	0.293
810	0.430	0.315	0.436	0.294
820	0.429	0.316	0.435	0.294
830	0.429	0.317	0.435	0.295
840	0.428	0.318	0.434	0.296
eigenvalues:  tensor([74.8179, 60.9418])
preconditioned eigenvalues tensor([173.8542, 141.5701])
hess item is 0.4294953942298889
850	0.428	0.319	0.434	0.298
860	0.427	0.321	0.434	0.299
870	0.427	0.322	0.433	0.299
880	0.426	0.322	0.433	0.300
890	0.426	0.323	0.432	0.301
eigenvalues:  tensor([74.5233, 60.8342])
preconditioned eigenvalues tensor([181.9388, 148.4396])
hess item is 0.4086935222148895
900	0.425	0.325	0.432	0.302
910	0.425	0.325	0.431	0.302
920	0.424	0.327	0.431	0.303
930	0.424	0.328	0.430	0.304
940	0.423	0.330	0.430	0.304
eigenvalues:  tensor([74.2231, 60.7117])
preconditioned eigenvalues tensor([190.3062, 155.6022])
hess item is 0.38890576362609863
950	0.423	0.330	0.430	0.306
960	0.422	0.332	0.429	0.307
970	0.422	0.334	0.429	0.307
980	0.421	0.333	0.428	0.307
990	0.421	0.334	0.428	0.308
eigenvalues:  tensor([73.9892, 60.6161])
preconditioned eigenvalues tensor([199.3001, 163.1890])
hess item is 0.37008213996887207
1000	0.420	0.335	0.427	0.308
1010	0.420	0.336	0.427	0.310
1020	0.419	0.337	0.427	0.310
1030	0.419	0.338	0.426	0.312
1040	0.419	0.338	0.426	0.312
eigenvalues:  tensor([73.6472, 60.5355])
preconditioned eigenvalues tensor([208.3746, 171.1711])
hess item is 0.35220804810523987
1050	0.418	0.338	0.426	0.312
1060	0.418	0.340	0.425	0.312
1070	0.417	0.340	0.425	0.314
1080	0.417	0.340	0.424	0.314
1090	0.416	0.341	0.424	0.314
eigenvalues:  tensor([73.3550, 60.4362])
preconditioned eigenvalues tensor([218.0224, 179.5061])
hess item is 0.33519068360328674
1100	0.416	0.343	0.424	0.315
1110	0.416	0.344	0.423	0.315
1120	0.415	0.344	0.423	0.315
1130	0.415	0.345	0.423	0.317
1140	0.414	0.347	0.422	0.317
eigenvalues:  tensor([73.0767, 60.3497])
preconditioned eigenvalues tensor([228.1106, 188.2451])
hess item is 0.31899386644363403
1150	0.414	0.348	0.422	0.317
1160	0.414	0.349	0.422	0.319
1170	0.413	0.350	0.421	0.319
1180	0.413	0.350	0.421	0.321
1190	0.412	0.351	0.421	0.320
eigenvalues:  tensor([72.7973, 60.2495])
preconditioned eigenvalues tensor([238.6637, 197.3527])
hess item is 0.303589791059494
1200	0.412	0.352	0.420	0.322
1210	0.412	0.353	0.420	0.323
1220	0.411	0.354	0.420	0.323
1230	0.411	0.355	0.420	0.324
1240	0.411	0.356	0.419	0.325
eigenvalues:  tensor([72.5563, 60.1763])
preconditioned eigenvalues tensor([249.7781, 207.0590])
hess item is 0.2889367938041687
1250	0.410	0.356	0.419	0.327
1260	0.410	0.357	0.419	0.327
1270	0.410	0.359	0.418	0.326
1280	0.409	0.358	0.418	0.327
1290	0.409	0.359	0.418	0.328
eigenvalues:  tensor([72.2222, 60.0963])
preconditioned eigenvalues tensor([261.0422, 217.0872])
hess item is 0.27499204874038696
1300	0.408	0.360	0.417	0.330
1310	0.408	0.361	0.417	0.331
1320	0.408	0.363	0.417	0.331
1330	0.407	0.363	0.417	0.333
1340	0.407	0.364	0.416	0.334
eigenvalues:  tensor([71.9915, 59.9994])
preconditioned eigenvalues tensor([273.2898, 227.6816])
hess item is 0.26171988248825073
1350	0.407	0.366	0.416	0.333
1360	0.406	0.366	0.416	0.333
1370	0.406	0.366	0.416	0.333
1380	0.406	0.368	0.415	0.334
1390	0.406	0.369	0.415	0.335
eigenvalues:  tensor([71.7310, 59.9448])
preconditioned eigenvalues tensor([286.0009, 238.8770])
hess item is 0.2491135597229004
1400	0.405	0.370	0.415	0.336
1410	0.405	0.370	0.415	0.336
1420	0.405	0.371	0.414	0.338
1430	0.404	0.373	0.414	0.337
1440	0.404	0.374	0.414	0.339
eigenvalues:  tensor([71.4627, 59.8678])
preconditioned eigenvalues tensor([299.1573, 250.5187])
hess item is 0.23711803555488586
1450	0.404	0.375	0.414	0.339
1460	0.403	0.377	0.413	0.340
1470	0.403	0.376	0.413	0.339
1480	0.403	0.378	0.413	0.342
1490	0.402	0.379	0.413	0.341
eigenvalues:  tensor([71.2378, 59.7723])
preconditioned eigenvalues tensor([313.0616, 262.6089])
hess item is 0.22571362555027008
1500	0.402	0.380	0.413	0.344
1510	0.402	0.380	0.412	0.344
1520	0.402	0.382	0.412	0.344
1530	0.401	0.383	0.412	0.344
1540	0.401	0.383	0.412	0.346
eigenvalues:  tensor([71.0251, 59.6791])
preconditioned eigenvalues tensor([327.6341, 275.1759])
hess item is 0.21485422551631927
1550	0.401	0.385	0.411	0.347
1560	0.400	0.384	0.411	0.347
1570	0.400	0.386	0.411	0.348
1580	0.400	0.386	0.411	0.348
1590	0.399	0.387	0.410	0.349
eigenvalues:  tensor([70.6857, 59.5909])
preconditioned eigenvalues tensor([342.5461, 289.4691])
hess item is 0.20452989637851715
1600	0.399	0.387	0.410	0.350
1610	0.399	0.388	0.410	0.351
1620	0.399	0.388	0.410	0.351
1630	0.398	0.389	0.410	0.352
1640	0.398	0.391	0.409	0.352
eigenvalues:  tensor([70.4898, 59.3856])
preconditioned eigenvalues tensor([357.9453, 301.8174])
hess item is 0.1946966052055359
1650	0.398	0.394	0.409	0.353
1660	0.397	0.391	0.409	0.353
1670	0.397	0.393	0.409	0.352
1680	0.397	0.393	0.409	0.354
1690	0.397	0.393	0.409	0.355
eigenvalues:  tensor([70.2053, 59.3032])
preconditioned eigenvalues tensor([375.1740, 318.2367])
hess item is 0.1853501945734024
1700	0.396	0.393	0.408	0.356
1710	0.396	0.394	0.408	0.355
1720	0.396	0.396	0.408	0.356
1730	0.396	0.395	0.408	0.356
1740	0.396	0.396	0.408	0.355
eigenvalues:  tensor([69.9599, 59.1105])
preconditioned eigenvalues tensor([391.6513, 331.4257])
hess item is 0.17646510899066925
1750	0.395	0.398	0.408	0.356
1760	0.395	0.399	0.408	0.358
1770	0.395	0.399	0.407	0.357
1780	0.395	0.398	0.407	0.357
1790	0.394	0.400	0.407	0.357
eigenvalues:  tensor([69.7069, 58.8993])
preconditioned eigenvalues tensor([409.8067, 346.1920])
hess item is 0.16801080107688904
1800	0.394	0.400	0.407	0.358
1810	0.394	0.401	0.407	0.360
1820	0.394	0.402	0.407	0.358
1830	0.394	0.402	0.407	0.358
1840	0.393	0.404	0.406	0.359
eigenvalues:  tensor([69.5337, 58.7300])
preconditioned eigenvalues tensor([429.1652, 362.6941])
hess item is 0.15996965765953064
1850	0.393	0.405	0.406	0.358
1860	0.393	0.405	0.406	0.360
1870	0.393	0.405	0.406	0.360
1880	0.393	0.404	0.406	0.360
1890	0.392	0.406	0.406	0.362
eigenvalues:  tensor([69.1718, 58.6043])
preconditioned eigenvalues tensor([447.5320, 379.1136])
hess item is 0.1523168981075287
1900	0.392	0.406	0.406	0.362
1910	0.392	0.408	0.406	0.362
1920	0.392	0.409	0.405	0.362
1930	0.391	0.408	0.405	0.363
1940	0.391	0.409	0.405	0.364
eigenvalues:  tensor([68.9447, 58.4335])
preconditioned eigenvalues tensor([468.1378, 396.7668])
hess item is 0.14504042267799377
1950	0.391	0.410	0.405	0.365
1960	0.391	0.410	0.405	0.364
1970	0.391	0.411	0.405	0.364
1980	0.390	0.412	0.405	0.365
1990	0.390	0.413	0.405	0.365
eigenvalues:  tensor([68.6703, 58.3093])
preconditioned eigenvalues tensor([489.0896, 415.3963])
hess item is 0.13811752200126648
2000	0.390	0.413	0.404	0.366
2010	0.390	0.413	0.404	0.365
2020	0.390	0.414	0.404	0.365
2030	0.389	0.417	0.404	0.367
2040	0.389	0.418	0.404	0.366
eigenvalues:  tensor([68.3824, 58.0952])
preconditioned eigenvalues tensor([510.8740, 434.2491])
hess item is 0.13153430819511414
2050	0.389	0.420	0.404	0.367
2060	0.389	0.419	0.404	0.367
2070	0.389	0.419	0.404	0.368
2080	0.388	0.420	0.404	0.367
2090	0.388	0.420	0.403	0.367
eigenvalues:  tensor([68.1568, 57.9375])
preconditioned eigenvalues tensor([534.2117, 454.1161])
hess item is 0.12526804208755493
2100	0.388	0.421	0.403	0.366
2110	0.388	0.423	0.403	0.368
2120	0.388	0.423	0.403	0.369
2130	0.387	0.423	0.403	0.368
2140	0.387	0.424	0.403	0.368
eigenvalues:  tensor([67.8677, 57.7665])
preconditioned eigenvalues tensor([557.8220, 474.9316])
hess item is 0.11930546164512634
2150	0.387	0.426	0.403	0.368
2160	0.387	0.425	0.403	0.369
2170	0.387	0.427	0.403	0.370
2180	0.386	0.428	0.402	0.368
2190	0.386	0.428	0.402	0.368
eigenvalues:  tensor([67.3822, 57.5780])
preconditioned eigenvalues tensor([580.7162, 496.4415])
hess item is 0.11364202201366425
2200	0.386	0.428	0.402	0.370
2210	0.386	0.428	0.402	0.370
2220	0.386	0.430	0.402	0.370
2230	0.385	0.433	0.402	0.371
2240	0.385	0.433	0.402	0.371
eigenvalues:  tensor([67.2997, 57.4170])
preconditioned eigenvalues tensor([608.1669, 519.1641])
hess item is 0.10825204849243164
2250	0.385	0.433	0.402	0.368
2260	0.385	0.434	0.402	0.369
2270	0.385	0.435	0.402	0.370
2280	0.384	0.433	0.401	0.371
2290	0.384	0.434	0.401	0.372
eigenvalues:  tensor([66.8808, 57.2324])
preconditioned eigenvalues tensor([634.0200, 542.8855])
hess item is 0.10311770439147949
2300	0.384	0.434	0.401	0.372
2310	0.384	0.434	0.401	0.372
2320	0.384	0.435	0.401	0.373
2330	0.383	0.435	0.401	0.371
2340	0.383	0.435	0.401	0.374
eigenvalues:  tensor([66.6204, 57.0762])
preconditioned eigenvalues tensor([662.0168, 567.6548])
hess item is 0.09824185073375702
2350	0.383	0.437	0.401	0.375
2360	0.383	0.437	0.401	0.374
2370	0.383	0.439	0.401	0.373
2380	0.383	0.439	0.401	0.376
2390	0.382	0.438	0.400	0.375
eigenvalues:  tensor([66.1899, 56.8130])
preconditioned eigenvalues tensor([689.1382, 592.2176])
hess item is 0.09360208362340927
2400	0.382	0.441	0.400	0.377
2410	0.382	0.440	0.400	0.377
2420	0.382	0.441	0.400	0.375
2430	0.382	0.441	0.400	0.375
2440	0.381	0.444	0.400	0.377
eigenvalues:  tensor([65.9251, 56.6134])
preconditioned eigenvalues tensor([719.6839, 618.4701])
hess item is 0.08919163793325424
2450	0.381	0.444	0.400	0.374
2460	0.381	0.443	0.400	0.376
2470	0.381	0.445	0.400	0.377
2480	0.381	0.445	0.400	0.378
2490	0.380	0.444	0.400	0.377
eigenvalues:  tensor([65.4012, 56.3860])
preconditioned eigenvalues tensor([748.3573, 645.5256])
hess item is 0.08499517291784286
2500	0.380	0.446	0.400	0.378
2510	0.380	0.444	0.399	0.379
2520	0.380	0.447	0.399	0.378
2530	0.379	0.448	0.399	0.380
2540	0.380	0.451	0.399	0.379
eigenvalues:  tensor([64.9810, 56.1976])
preconditioned eigenvalues tensor([779.2541, 674.6401])
hess item is 0.0810021385550499
2550	0.379	0.449	0.399	0.380
2560	0.379	0.452	0.399	0.377
2570	0.379	0.451	0.399	0.380
2580	0.379	0.451	0.399	0.379
2590	0.378	0.451	0.399	0.381
eigenvalues:  tensor([64.8013, 56.0419])
preconditioned eigenvalues tensor([814.3484, 704.3710])
hess item is 0.07720663398504257
2600	0.378	0.451	0.399	0.378
2610	0.378	0.456	0.399	0.381
2620	0.378	0.453	0.398	0.382
2630	0.377	0.457	0.398	0.382
2640	0.377	0.454	0.398	0.383
eigenvalues:  tensor([64.3332, 55.8081])
preconditioned eigenvalues tensor([847.0867, 734.7803])
hess item is 0.07359487563371658
2650	0.377	0.454	0.398	0.382
2660	0.377	0.456	0.398	0.382
2670	0.377	0.457	0.398	0.383
2680	0.376	0.457	0.398	0.381
2690	0.376	0.459	0.398	0.385
eigenvalues:  tensor([63.8624, 55.4352])
preconditioned eigenvalues tensor([880.3666, 764.4662])
hess item is 0.07016006857156754
2700	0.376	0.461	0.398	0.386
2710	0.376	0.461	0.398	0.383
2720	0.376	0.460	0.398	0.383
2730	0.375	0.462	0.398	0.384
2740	0.375	0.461	0.398	0.386
eigenvalues:  tensor([63.5500, 55.2869])
preconditioned eigenvalues tensor([918.1261, 798.9465])
hess item is 0.06689131259918213
2750	0.375	0.464	0.397	0.387
2760	0.375	0.464	0.397	0.386
2770	0.375	0.465	0.397	0.386
2780	0.374	0.465	0.397	0.386
2790	0.374	0.463	0.397	0.384
eigenvalues:  tensor([62.9688, 54.9208])
preconditioned eigenvalues tensor([952.5813, 830.5709])
hess item is 0.06378710269927979
2800	0.374	0.467	0.397	0.385
2810	0.374	0.466	0.397	0.387
2820	0.374	0.469	0.397	0.386
2830	0.373	0.468	0.397	0.387
2840	0.373	0.469	0.397	0.388
eigenvalues:  tensor([62.6367, 54.7394])
preconditioned eigenvalues tensor([992.1863, 866.4748])
hess item is 0.06082309037446976
2850	0.373	0.470	0.397	0.387
2860	0.373	0.469	0.397	0.387
2870	0.373	0.470	0.397	0.391
2880	0.372	0.471	0.396	0.389
2890	0.372	0.475	0.396	0.390
eigenvalues:  tensor([62.0774, 54.6160])
preconditioned eigenvalues tensor([1029.3951,  905.1686])
hess item is 0.05800937861204147
2900	0.372	0.471	0.396	0.388
2910	0.372	0.470	0.397	0.389
2920	0.372	0.473	0.397	0.389
2930	0.372	0.470	0.396	0.388
2940	0.371	0.476	0.396	0.390
eigenvalues:  tensor([61.6527, 54.1982])
preconditioned eigenvalues tensor([1070.0410,  940.5466])
hess item is 0.05533089116215706
2950	0.371	0.474	0.396	0.390
2960	0.371	0.474	0.396	0.391
2970	0.371	0.478	0.396	0.392
2980	0.371	0.475	0.396	0.389
2990	0.370	0.480	0.396	0.389
eigenvalues:  tensor([61.0777, 53.9225])
preconditioned eigenvalues tensor([1110.0760,  978.9420])
hess item is 0.052782345563173294
3000	0.370	0.478	0.396	0.392
3010	0.370	0.478	0.396	0.391
3020	0.369	0.482	0.395	0.393
3030	0.369	0.479	0.395	0.390
3040	0.370	0.480	0.396	0.393
eigenvalues:  tensor([60.7035, 53.7750])
preconditioned eigenvalues tensor([1155.7456, 1022.1370])
hess item is 0.05036168545484543
3050	0.369	0.479	0.396	0.391
3060	0.369	0.481	0.395	0.396
3070	0.368	0.484	0.395	0.395
3080	0.368	0.480	0.395	0.390
3090	0.368	0.483	0.395	0.395
eigenvalues:  tensor([59.9304, 53.2282])
preconditioned eigenvalues tensor([1192.9460, 1057.4089])
hess item is 0.048060983419418335
3100	0.368	0.485	0.395	0.396
3110	0.368	0.484	0.395	0.394
3120	0.367	0.484	0.395	0.397
3130	0.367	0.486	0.395	0.394
3140	0.367	0.487	0.394	0.397
eigenvalues:  tensor([59.4373, 52.8530])
preconditioned eigenvalues tensor([1236.9972, 1098.2908])
hess item is 0.04586745798587799
3150	0.367	0.488	0.395	0.399
3160	0.366	0.489	0.395	0.397
3170	0.367	0.489	0.395	0.396
3180	0.366	0.493	0.394	0.398
3190	0.366	0.493	0.394	0.398
eigenvalues:  tensor([58.7928, 52.5668])
preconditioned eigenvalues tensor([1280.2040, 1142.0046])
hess item is 0.04378281533718109
3200	0.366	0.490	0.395	0.398
3210	0.365	0.491	0.394	0.398
3220	0.365	0.491	0.394	0.396
3230	0.365	0.496	0.394	0.397
3240	0.365	0.492	0.394	0.397
eigenvalues:  tensor([58.4292, 52.0622])
preconditioned eigenvalues tensor([1331.2446, 1182.5398])
hess item is 0.04180234298110008
3250	0.365	0.492	0.394	0.395
3260	0.364	0.492	0.394	0.395
3270	0.364	0.497	0.394	0.398
3280	0.364	0.499	0.393	0.401
3290	0.364	0.498	0.394	0.399
eigenvalues:  tensor([57.9174, 51.5327])
preconditioned eigenvalues tensor([1379.1577, 1223.0155])
hess item is 0.03992721810936928
3300	0.363	0.498	0.394	0.400
3310	0.363	0.499	0.393	0.402
3320	0.363	0.496	0.394	0.401
3330	0.363	0.500	0.394	0.400
3340	0.363	0.503	0.394	0.402
eigenvalues:  tensor([57.4201, 51.1484])
preconditioned eigenvalues tensor([1429.8817, 1267.5770])
hess item is 0.038135427981615067
3350	0.363	0.497	0.394	0.398
3360	0.362	0.501	0.393	0.400
3370	0.362	0.500	0.394	0.398
3380	0.362	0.501	0.393	0.401
3390	0.362	0.503	0.393	0.398
eigenvalues:  tensor([56.8157, 50.6269])
preconditioned eigenvalues tensor([1479.4163, 1312.1803])
hess item is 0.036432087421417236
3400	0.361	0.504	0.393	0.402
3410	0.361	0.498	0.393	0.397
3420	0.361	0.504	0.393	0.399
3430	0.360	0.504	0.393	0.399
3440	0.360	0.511	0.393	0.402
eigenvalues:  tensor([56.0435, 50.3110])
preconditioned eigenvalues tensor([1524.6299, 1361.9152])
hess item is 0.034809861332178116
3450	0.360	0.511	0.393	0.403
3460	0.360	0.511	0.393	0.402
3470	0.359	0.510	0.393	0.403
3480	0.359	0.510	0.393	0.402
3490	0.359	0.512	0.393	0.405
eigenvalues:  tensor([55.3920, 49.6630])
preconditioned eigenvalues tensor([1574.7361, 1403.0814])
hess item is 0.03327050805091858
3500	0.359	0.509	0.393	0.403
3510	0.359	0.511	0.393	0.405
3520	0.359	0.516	0.393	0.404
3530	0.358	0.515	0.392	0.404
3540	0.358	0.518	0.393	0.405
eigenvalues:  tensor([54.9293, 49.1357])
preconditioned eigenvalues tensor([1630.2380, 1451.8785])
hess item is 0.03180837258696556
3550	0.358	0.515	0.392	0.405
3560	0.358	0.514	0.392	0.404
3570	0.357	0.515	0.393	0.403
3580	0.357	0.521	0.392	0.408
3590	0.356	0.523	0.392	0.407
eigenvalues:  tensor([54.4998, 48.6004])
preconditioned eigenvalues tensor([1691.0876, 1499.8643])
hess item is 0.030416974797844887
3600	0.357	0.523	0.392	0.406
3610	0.356	0.522	0.392	0.408
3620	0.356	0.522	0.392	0.405
3630	0.355	0.522	0.392	0.404
3640	0.355	0.522	0.392	0.405
eigenvalues:  tensor([53.0349, 47.8979])
preconditioned eigenvalues tensor([1720.2623, 1539.0951])
hess item is 0.02909749373793602
3650	0.355	0.522	0.392	0.406
3660	0.355	0.527	0.392	0.408
3670	0.356	0.525	0.393	0.403
3680	0.355	0.524	0.392	0.404
3690	0.354	0.531	0.392	0.408
eigenvalues:  tensor([52.6019, 47.6474])
preconditioned eigenvalues tensor([1780.9617, 1598.6318])
hess item is 0.02783968299627304
3700	0.354	0.530	0.391	0.409
3710	0.353	0.528	0.391	0.410
3720	0.354	0.524	0.392	0.403
3730	0.353	0.526	0.391	0.406
3740	0.354	0.527	0.393	0.405
eigenvalues:  tensor([52.2500, 47.1158])
preconditioned eigenvalues tensor([1847.8237, 1649.4688])
hess item is 0.026641078293323517
3750	0.353	0.526	0.392	0.405
3760	0.352	0.531	0.391	0.406
3770	0.353	0.532	0.392	0.409
3780	0.352	0.536	0.391	0.411
3790	0.352	0.535	0.391	0.407
eigenvalues:  tensor([51.7833, 46.6573])
preconditioned eigenvalues tensor([1909.2823, 1703.0565])
hess item is 0.025500638410449028
3800	0.352	0.534	0.392	0.408
3810	0.351	0.530	0.391	0.408
3820	0.351	0.537	0.392	0.412
3830	0.351	0.532	0.392	0.407
3840	0.350	0.538	0.391	0.409
eigenvalues:  tensor([50.9918, 45.8664])
preconditioned eigenvalues tensor([1960.8674, 1744.0641])
hess item is 0.02442174218595028
3850	0.350	0.541	0.391	0.408
3860	0.350	0.537	0.391	0.409
3870	0.350	0.539	0.391	0.407
3880	0.349	0.544	0.391	0.412
3890	0.349	0.539	0.391	0.410
eigenvalues:  tensor([49.4980, 45.5458])
preconditioned eigenvalues tensor([1987.6108, 1807.5155])
hess item is 0.023398322984576225
3900	0.349	0.545	0.391	0.409
3910	0.348	0.542	0.391	0.414
3920	0.348	0.546	0.390	0.415
3930	0.349	0.541	0.391	0.411
3940	0.348	0.543	0.391	0.410
eigenvalues:  tensor([49.2628, 44.9277])
preconditioned eigenvalues tensor([2063.0547, 1856.7471])
hess item is 0.022412855178117752
3950	0.348	0.540	0.391	0.409
3960	0.347	0.548	0.391	0.411
3970	0.348	0.547	0.391	0.407
3980	0.346	0.549	0.390	0.412
3990	0.346	0.544	0.390	0.407
eigenvalues:  tensor([48.6243, 44.3097])
preconditioned eigenvalues tensor([2126.0195, 1909.9648])
hess item is 0.021481426432728767
4000	0.346	0.546	0.390	0.411
4010	0.346	0.550	0.391	0.409
4020	0.345	0.549	0.390	0.408
4030	0.345	0.555	0.391	0.412
4040	0.345	0.554	0.390	0.413
eigenvalues:  tensor([47.5615, 43.4509])
preconditioned eigenvalues tensor([2173.4326, 1951.0045])
hess item is 0.02060222253203392
4050	0.345	0.551	0.390	0.414
4060	0.344	0.545	0.390	0.410
4070	0.345	0.549	0.391	0.408
4080	0.345	0.551	0.391	0.407
4090	0.345	0.555	0.391	0.413
eigenvalues:  tensor([47.0955, 42.8105])
preconditioned eigenvalues tensor([2240.4712, 2002.2932])
hess item is 0.01975758746266365
4100	0.344	0.555	0.391	0.410
4110	0.342	0.565	0.390	0.415
4120	0.343	0.561	0.391	0.411
4130	0.343	0.562	0.390	0.412
4140	0.343	0.562	0.390	0.414
eigenvalues:  tensor([46.0140, 42.0027])
preconditioned eigenvalues tensor([2282.4443, 2041.4722])
hess item is 0.018957791849970818
4150	0.342	0.561	0.391	0.411
4160	0.344	0.554	0.392	0.412
4170	0.342	0.559	0.390	0.410
4180	0.341	0.560	0.390	0.412
4190	0.341	0.567	0.389	0.416
eigenvalues:  tensor([45.6192, 41.3677])
preconditioned eigenvalues tensor([2338.1631, 2093.2810])
hess item is 0.018195610493421555
4200	0.342	0.558	0.391	0.408
4210	0.342	0.562	0.391	0.409
4220	0.341	0.559	0.391	0.407
4230	0.341	0.563	0.392	0.409
4240	0.342	0.560	0.392	0.410
eigenvalues:  tensor([44.8431, 40.7088])
preconditioned eigenvalues tensor([2410.8811, 2150.0715])
hess item is 0.017470257356762886
4250	0.338	0.569	0.389	0.414
4260	0.341	0.561	0.392	0.409
4270	0.338	0.568	0.390	0.413
4280	0.339	0.568	0.392	0.413
4290	0.338	0.567	0.390	0.411
eigenvalues:  tensor([43.7118, 40.2331])
preconditioned eigenvalues tensor([2450.5283, 2216.3501])
hess item is 0.016789859160780907
4300	0.338	0.563	0.390	0.412
4310	0.337	0.572	0.389	0.418
4320	0.337	0.569	0.390	0.411
4330	0.339	0.573	0.392	0.412
4340	0.336	0.577	0.389	0.415
eigenvalues:  tensor([43.0707, 38.9211])
preconditioned eigenvalues tensor([2508.4385, 2222.7019])
hess item is 0.016141463071107864
4350	0.336	0.581	0.391	0.411
4360	0.337	0.572	0.390	0.414
4370	0.336	0.578	0.390	0.411
4380	0.335	0.587	0.390	0.412
4390	0.334	0.581	0.389	0.413
eigenvalues:  tensor([42.1181, 38.0606])
preconditioned eigenvalues tensor([2548.8364, 2257.8445])
hess item is 0.015519057400524616
4400	0.335	0.583	0.390	0.409
4410	0.333	0.586	0.389	0.416
4420	0.333	0.589	0.389	0.414
4430	0.334	0.588	0.390	0.419
4440	0.335	0.575	0.392	0.411
eigenvalues:  tensor([41.2445, 37.1265])
preconditioned eigenvalues tensor([2597.6670, 2286.7393])
hess item is 0.014936708845198154
4450	0.337	0.573	0.393	0.410
4460	0.335	0.578	0.392	0.414
4470	0.333	0.583	0.391	0.413
4480	0.334	0.580	0.391	0.415
4490	0.335	0.579	0.393	0.409
eigenvalues:  tensor([40.5479, 36.9587])
preconditioned eigenvalues tensor([2659.2939, 2343.1536])
hess item is 0.01437838189303875
4500	0.331	0.598	0.389	0.415
4510	0.331	0.593	0.389	0.418
4520	0.332	0.593	0.391	0.414
4530	0.335	0.583	0.394	0.406
4540	0.334	0.586	0.394	0.411
eigenvalues:  tensor([39.5237, 36.3416])
preconditioned eigenvalues tensor([2650.5430, 2400.9216])
hess item is 0.013846682384610176
4550	0.331	0.588	0.392	0.414
4560	0.331	0.588	0.391	0.414
4570	0.328	0.601	0.388	0.420
4580	0.330	0.591	0.391	0.415
4590	0.328	0.591	0.389	0.416
eigenvalues:  tensor([38.6575, 36.0109])
preconditioned eigenvalues tensor([2713.1719, 2476.7122])
hess item is 0.013340363278985023
4600	0.329	0.596	0.390	0.418
4610	0.328	0.602	0.389	0.417
4620	0.329	0.595	0.391	0.412
4630	0.327	0.597	0.390	0.418
4640	0.327	0.604	0.389	0.420
eigenvalues:  tensor([37.6941, 35.8797])
preconditioned eigenvalues tensor([2781.1313, 2612.0239])
hess item is 0.012860039249062538
4650	0.330	0.580	0.393	0.408
4660	0.332	0.583	0.394	0.407
4670	0.329	0.605	0.393	0.409
4680	0.327	0.601	0.392	0.411
4690	0.328	0.597	0.391	0.417
eigenvalues:  tensor([37.7068, 34.8358])
preconditioned eigenvalues tensor([2835.3936, 2718.6660])
hess item is 0.012400666251778603
4700	0.326	0.606	0.391	0.412
4710	0.327	0.600	0.393	0.416
4720	0.325	0.608	0.391	0.414
4730	0.325	0.610	0.391	0.414
4740	0.327	0.604	0.393	0.409
eigenvalues:  tensor([36.3438, 34.3325])
preconditioned eigenvalues tensor([2787.7012, 2632.1892])
hess item is 0.011966182850301266
4750	0.326	0.606	0.392	0.413
4760	0.322	0.617	0.389	0.422
4770	0.324	0.609	0.391	0.414
4780	0.324	0.615	0.391	0.418
4790	0.323	0.613	0.391	0.416
eigenvalues:  tensor([35.5567, 34.2895])
preconditioned eigenvalues tensor([2857.0020, 2693.4695])
hess item is 0.011552531272172928
4800	0.322	0.611	0.390	0.418
4810	0.322	0.620	0.390	0.419
4820	0.324	0.618	0.393	0.412
4830	0.321	0.618	0.391	0.418
4840	0.323	0.616	0.393	0.414
eigenvalues:  tensor([34.7115, 33.8834])
preconditioned eigenvalues tensor([2862.5010, 2766.0464])
hess item is 0.011159079149365425
4850	0.321	0.623	0.391	0.416
4860	0.318	0.629	0.388	0.419
4870	0.320	0.624	0.390	0.419
4880	0.318	0.625	0.390	0.420
4890	0.331	0.597	0.401	0.405
eigenvalues:  tensor([33.7803, 33.2930])
preconditioned eigenvalues tensor([2858.4666, 2771.5425])
hess item is 0.010786017403006554
4900	0.320	0.618	0.392	0.412
4910	0.327	0.604	0.398	0.403
4920	0.320	0.609	0.393	0.417
4930	0.320	0.626	0.393	0.416
4940	0.316	0.632	0.389	0.418
eigenvalues:  tensor([33.4669, 32.3722])
preconditioned eigenvalues tensor([3043.6758, 2850.7505])
hess item is 0.010434141382575035
4950	0.315	0.638	0.389	0.422
4960	0.317	0.627	0.392	0.419
4970	0.318	0.633	0.392	0.415
4980	0.316	0.631	0.390	0.417
4990	0.319	0.618	0.394	0.413
eigenvalues:  tensor([32.8418, 32.0938])
preconditioned eigenvalues tensor([3010.0581, 2834.3428])
hess item is 0.010096403770148754
5000	0.322	0.618	0.397	0.412
5010	0.319	0.616	0.395	0.414
5020	0.313	0.641	0.389	0.425
5030	0.317	0.630	0.393	0.415
5040	0.316	0.633	0.392	0.420
eigenvalues:  tensor([31.8944, 31.3314])
preconditioned eigenvalues tensor([2930.4998, 2850.6731])
hess item is 0.009781792759895325
5050	0.316	0.629	0.394	0.416
5060	0.315	0.634	0.393	0.419
5070	0.316	0.630	0.394	0.420
5080	0.321	0.611	0.398	0.410
5090	0.321	0.615	0.399	0.404
eigenvalues:  tensor([31.3501, 31.0222])
preconditioned eigenvalues tensor([2960.5620, 2806.6335])
hess item is 0.009495534934103489
5100	0.318	0.629	0.395	0.413
5110	0.313	0.630	0.392	0.419
5120	0.312	0.644	0.391	0.421
5130	0.313	0.647	0.393	0.418
5140	0.317	0.626	0.397	0.413
eigenvalues:  tensor([31.1319, 30.7472])
preconditioned eigenvalues tensor([2978.7769, 2937.7437])
hess item is 0.009203930385410786
5150	0.315	0.633	0.395	0.414
5160	0.313	0.641	0.394	0.414
5170	0.312	0.652	0.394	0.418
5180	0.309	0.646	0.391	0.420
5190	0.310	0.656	0.392	0.418
eigenvalues:  tensor([30.8791, 30.1937])
preconditioned eigenvalues tensor([3043.9055, 2942.3533])
hess item is 0.008921866305172443
5200	0.308	0.654	0.392	0.423
5210	0.310	0.639	0.394	0.412
5220	0.314	0.631	0.398	0.412
5230	0.307	0.653	0.391	0.424
5240	0.305	0.655	0.389	0.427
eigenvalues:  tensor([30.1154, 29.8031])
preconditioned eigenvalues tensor([2999.9380, 2837.6438])
hess item is 0.008669240400195122
5250	0.309	0.647	0.394	0.421
5260	0.308	0.648	0.393	0.414
5270	0.320	0.628	0.404	0.408
5280	0.305	0.661	0.391	0.421
5290	0.313	0.642	0.398	0.407
eigenvalues:  tensor([30.7057, 28.7933])
preconditioned eigenvalues tensor([3105.1008, 2808.2812])
hess item is 0.008426343090832233
5300	0.308	0.651	0.395	0.416
5310	0.315	0.644	0.401	0.408
5320	0.305	0.664	0.392	0.415
5330	0.306	0.659	0.393	0.419
5340	0.306	0.656	0.394	0.419
eigenvalues:  tensor([30.1879, 28.9210])
preconditioned eigenvalues tensor([3684.4871, 3536.7722])
hess item is 0.008189395070075989
5350	0.315	0.646	0.405	0.407
5360	0.315	0.641	0.403	0.408
5370	0.310	0.663	0.400	0.410
5380	0.304	0.664	0.394	0.415
5390	0.303	0.669	0.394	0.416
eigenvalues:  tensor([29.5265, 28.8251])
preconditioned eigenvalues tensor([3017.7144, 2935.5034])
hess item is 0.00797071773558855
5400	0.313	0.636	0.403	0.409
5410	0.309	0.654	0.399	0.414
5420	0.299	0.677	0.390	0.424
5430	0.300	0.670	0.391	0.421
5440	0.306	0.653	0.398	0.417
eigenvalues:  tensor([28.9345, 28.2721])
preconditioned eigenvalues tensor([3039.6077, 2869.7483])
hess item is 0.007756137289106846
5450	0.303	0.666	0.396	0.416
5460	0.299	0.678	0.392	0.418
5470	0.307	0.667	0.401	0.404
5480	0.296	0.681	0.390	0.424
5490	0.306	0.655	0.400	0.411
eigenvalues:  tensor([29.2946, 28.2844])
preconditioned eigenvalues tensor([3134.9307, 3097.3887])
hess item is 0.007551730610430241
5500	0.304	0.672	0.398	0.415
5510	0.299	0.675	0.395	0.421
5520	0.300	0.676	0.397	0.410
5530	0.299	0.676	0.395	0.423
5540	0.303	0.666	0.399	0.416
eigenvalues:  tensor([28.9358, 28.4984])
preconditioned eigenvalues tensor([3160.5500, 3069.4622])
hess item is 0.007341174408793449
5550	0.299	0.663	0.396	0.420
5560	0.308	0.652	0.406	0.401
5570	0.299	0.676	0.397	0.417
5580	0.299	0.673	0.398	0.412
5590	0.302	0.673	0.400	0.411
eigenvalues:  tensor([28.7406, 28.5008])
preconditioned eigenvalues tensor([4141.6226, 3256.8813])
hess item is 0.007158149499446154
5600	0.303	0.667	0.402	0.411
5610	0.304	0.664	0.403	0.409
5620	0.302	0.672	0.401	0.407
5630	0.293	0.689	0.393	0.426
5640	0.297	0.688	0.397	0.415
eigenvalues:  tensor([28.4321, 28.0877])
preconditioned eigenvalues tensor([3257.5918, 3163.1846])
hess item is 0.0069924029521644115
5650	0.295	0.684	0.395	0.424
5660	0.294	0.681	0.395	0.420
5670	0.298	0.681	0.400	0.415
5680	0.292	0.693	0.394	0.418
5690	0.293	0.692	0.396	0.415
eigenvalues:  tensor([28.0725, 27.9683])
preconditioned eigenvalues tensor([3207.5930, 3103.4846])
hess item is 0.006833087187260389
5700	0.292	0.693	0.395	0.416
5710	0.290	0.695	0.393	0.419
5720	0.291	0.693	0.394	0.425
5730	0.291	0.699	0.396	0.418
5740	0.288	0.702	0.393	0.423
eigenvalues:  tensor([28.4092, 28.3696])
preconditioned eigenvalues tensor([3135.7261, 3083.6926])
hess item is 0.006665212567895651
5750	0.289	0.702	0.393	0.423
5760	0.293	0.686	0.398	0.416
5770	0.288	0.712	0.394	0.418
5780	0.291	0.696	0.398	0.417
5790	0.290	0.703	0.397	0.418
eigenvalues:  tensor([28.4264, 28.1185])
preconditioned eigenvalues tensor([3020.2817, 2959.6077])
hess item is 0.006514627952128649
5800	0.288	0.705	0.396	0.416
5810	0.288	0.709	0.396	0.420
5820	0.286	0.702	0.395	0.422
5830	0.286	0.711	0.395	0.424
5840	0.291	0.690	0.400	0.416
eigenvalues:  tensor([28.2297, 28.0874])
preconditioned eigenvalues tensor([3032.1101, 2983.8877])
hess item is 0.006371745839715004
5850	0.296	0.690	0.405	0.407
5860	0.284	0.716	0.395	0.420
5870	0.284	0.714	0.396	0.419
5880	0.284	0.705	0.396	0.419
5890	0.284	0.721	0.397	0.417
eigenvalues:  tensor([28.0450, 27.8998])
preconditioned eigenvalues tensor([3121.3701, 3022.2156])
hess item is 0.00621877470985055
5900	0.283	0.723	0.395	0.420
5910	0.282	0.721	0.396	0.419
5920	0.296	0.684	0.409	0.404
5930	0.284	0.720	0.399	0.415
5940	0.283	0.718	0.398	0.416
eigenvalues:  tensor([28.2576, 27.8355])
preconditioned eigenvalues tensor([3199.4622, 2987.0642])
hess item is 0.006073137279599905
5950	0.284	0.711	0.399	0.415
5960	0.279	0.733	0.393	0.421
5970	0.281	0.720	0.397	0.422
5980	0.278	0.732	0.394	0.421
5990	0.279	0.726	0.397	0.423
eigenvalues:  tensor([28.2807, 28.2218])
preconditioned eigenvalues tensor([3709.3252, 3439.6433])
hess item is 0.005939190741628408
6000	0.281	0.721	0.399	0.417
6010	0.278	0.736	0.397	0.419
6020	0.278	0.724	0.396	0.421
6030	0.277	0.730	0.397	0.422
6040	0.274	0.743	0.394	0.420
eigenvalues:  tensor([28.2360, 28.0023])
preconditioned eigenvalues tensor([3078.4182, 2983.9382])
hess item is 0.005811954848468304
6050	0.275	0.728	0.395	0.418
6060	0.277	0.724	0.398	0.420
6070	0.273	0.749	0.395	0.418
6080	0.274	0.739	0.396	0.420
6090	0.278	0.723	0.399	0.415
eigenvalues:  tensor([28.5864, 28.4660])
preconditioned eigenvalues tensor([3083.2505, 2926.1631])
hess item is 0.005689926445484161
6100	0.275	0.734	0.398	0.421
6110	0.282	0.724	0.404	0.410
6120	0.281	0.715	0.404	0.417
6130	0.273	0.737	0.398	0.417
6140	0.271	0.749	0.396	0.425
eigenvalues:  tensor([28.8105, 28.4912])
preconditioned eigenvalues tensor([3104.9341, 3011.3071])
hess item is 0.00556226959452033
6150	0.272	0.744	0.398	0.422
6160	0.272	0.743	0.399	0.421
6170	0.273	0.734	0.399	0.420
6180	0.270	0.739	0.397	0.424
6190	0.275	0.734	0.400	0.422
eigenvalues:  tensor([28.3142, 28.0970])
preconditioned eigenvalues tensor([3344.8525, 3279.2981])
hess item is 0.0054574632085859776
6200	0.270	0.752	0.399	0.419
6210	0.271	0.749	0.400	0.418
6220	0.282	0.721	0.411	0.402
6230	0.272	0.746	0.402	0.413
6240	0.270	0.745	0.400	0.416
eigenvalues:  tensor([28.6995, 28.6031])
preconditioned eigenvalues tensor([3146.1858, 2981.1963])
hess item is 0.00535046448931098
6250	0.270	0.757	0.401	0.418
6260	0.269	0.757	0.399	0.417
6270	0.274	0.746	0.405	0.413
6280	0.268	0.757	0.400	0.415
6290	0.276	0.730	0.408	0.413
eigenvalues:  tensor([28.5053, 28.4071])
preconditioned eigenvalues tensor([3124.7019, 2909.0364])
hess item is 0.005246308166533709
6300	0.268	0.750	0.401	0.415
6310	0.279	0.733	0.410	0.407
6320	0.265	0.752	0.398	0.422
6330	0.265	0.768	0.399	0.416
6340	0.265	0.758	0.402	0.416
eigenvalues:  tensor([29.0221, 28.6255])
preconditioned eigenvalues tensor([3081.8948, 2861.1458])
hess item is 0.005146924871951342
6350	0.264	0.761	0.400	0.419
6360	0.277	0.739	0.414	0.398
6370	0.271	0.740	0.408	0.411
6380	0.267	0.751	0.405	0.417
6390	0.265	0.757	0.403	0.416
eigenvalues:  tensor([28.9444, 28.8041])
preconditioned eigenvalues tensor([3035.4604, 2996.8994])
hess item is 0.00507242139428854
6400	0.266	0.752	0.404	0.417
6410	0.264	0.768	0.401	0.413
6420	0.263	0.768	0.402	0.420
6430	0.263	0.771	0.403	0.416
6440	0.264	0.766	0.403	0.419
eigenvalues:  tensor([29.1325, 29.0116])
preconditioned eigenvalues tensor([3176.9680, 2941.6418])
hess item is 0.004999060649424791
6450	0.260	0.764	0.400	0.422
6460	0.264	0.769	0.406	0.412
6470	0.273	0.750	0.414	0.408
6480	0.261	0.769	0.403	0.417
6490	0.260	0.780	0.403	0.410
eigenvalues:  tensor([28.9800, 28.5210])
preconditioned eigenvalues tensor([2971.9382, 2921.7170])
hess item is 0.004930504597723484
6500	0.259	0.770	0.401	0.416
6510	0.258	0.779	0.401	0.419
6520	0.259	0.774	0.403	0.419
6530	0.259	0.775	0.403	0.418
6540	0.260	0.771	0.404	0.413
eigenvalues:  tensor([29.3214, 29.0506])
preconditioned eigenvalues tensor([2982.3130, 2852.2986])
hess item is 0.004855315666645765
6550	0.256	0.786	0.402	0.420
6560	0.262	0.762	0.407	0.407
6570	0.256	0.781	0.402	0.420
6580	0.260	0.775	0.405	0.417
6590	0.254	0.784	0.401	0.417
eigenvalues:  tensor([29.1421, 28.9678])
preconditioned eigenvalues tensor([2969.7390, 2848.9778])
hess item is 0.004790412727743387
6600	0.254	0.772	0.402	0.417
6610	0.251	0.792	0.400	0.421
6620	0.251	0.783	0.401	0.424
6630	0.259	0.768	0.408	0.415
6640	0.256	0.788	0.405	0.413
eigenvalues:  tensor([29.0796, 28.7133])
preconditioned eigenvalues tensor([2928.5857, 2843.0503])
hess item is 0.004722405690699816
6650	0.255	0.777	0.405	0.417
6660	0.252	0.789	0.404	0.416
6670	0.251	0.789	0.403	0.416
6680	0.249	0.795	0.401	0.419
6690	0.251	0.790	0.404	0.422
eigenvalues:  tensor([28.9155, 28.6626])
preconditioned eigenvalues tensor([3019.8516, 2828.3096])
hess item is 0.004645801614969969
6700	0.254	0.790	0.408	0.410
6710	0.254	0.789	0.408	0.413
6720	0.252	0.790	0.405	0.415
6730	0.253	0.782	0.407	0.409
6740	0.252	0.777	0.407	0.412
eigenvalues:  tensor([29.0414, 28.7796])
preconditioned eigenvalues tensor([3102.2158, 2897.5554])
hess item is 0.004591417033225298
6750	0.253	0.795	0.410	0.408
6760	0.252	0.786	0.409	0.409
6770	0.248	0.803	0.406	0.410
6780	0.247	0.793	0.404	0.419
6790	0.246	0.804	0.404	0.412
eigenvalues:  tensor([29.3338, 29.0953])
preconditioned eigenvalues tensor([3041.8376, 2913.8259])
hess item is 0.004542480688542128
6800	0.246	0.807	0.404	0.414
6810	0.243	0.806	0.402	0.421
6820	0.251	0.792	0.410	0.404
6830	0.243	0.809	0.403	0.420
6840	0.245	0.799	0.405	0.414
eigenvalues:  tensor([30.2491, 29.9437])
preconditioned eigenvalues tensor([2975.1572, 2883.0273])
hess item is 0.004470763262361288
6850	0.247	0.799	0.407	0.415
6860	0.245	0.808	0.406	0.414
6870	0.245	0.806	0.407	0.413
6880	0.241	0.811	0.405	0.419
6890	0.239	0.815	0.403	0.420
eigenvalues:  tensor([29.4651, 29.0967])
preconditioned eigenvalues tensor([3008.7183, 2879.2278])
hess item is 0.004406783729791641
6900	0.240	0.811	0.405	0.421
6910	0.237	0.814	0.402	0.422
6920	0.247	0.804	0.411	0.412
6930	0.245	0.804	0.411	0.409
6940	0.244	0.814	0.409	0.411
eigenvalues:  tensor([30.1619, 29.7071])
preconditioned eigenvalues tensor([2834.2241, 2772.8396])
hess item is 0.004370661452412605
6950	0.246	0.800	0.413	0.409
6960	0.239	0.820	0.407	0.414
6970	0.251	0.781	0.418	0.409
6980	0.239	0.819	0.406	0.419
6990	0.238	0.821	0.406	0.412
eigenvalues:  tensor([29.5331, 29.1795])
preconditioned eigenvalues tensor([2863.6069, 2814.8108])
hess item is 0.00432922225445509
7000	0.237	0.824	0.405	0.418
7010	0.242	0.801	0.410	0.413
7020	0.238	0.814	0.407	0.412
7030	0.241	0.804	0.412	0.413
7040	0.242	0.806	0.411	0.412
eigenvalues:  tensor([29.8891, 29.3798])
preconditioned eigenvalues tensor([2796.5193, 2733.0017])
hess item is 0.004284764640033245
7050	0.237	0.822	0.409	0.414
7060	0.239	0.815	0.412	0.412
7070	0.232	0.831	0.405	0.416
7080	0.235	0.822	0.408	0.415
7090	0.232	0.828	0.405	0.419
eigenvalues:  tensor([29.9115, 29.4172])
preconditioned eigenvalues tensor([2800.3711, 2763.8098])
hess item is 0.0042344448156654835
7100	0.232	0.841	0.407	0.412
7110	0.234	0.833	0.407	0.412
7120	0.231	0.834	0.406	0.414
7130	0.231	0.833	0.406	0.418
7140	0.233	0.830	0.410	0.413
eigenvalues:  tensor([30.4268, 29.9575])
preconditioned eigenvalues tensor([2921.9778, 2815.0847])
hess item is 0.004174979869276285
7150	0.230	0.831	0.407	0.414
7160	0.233	0.822	0.410	0.415
7170	0.231	0.833	0.410	0.411
7180	0.228	0.842	0.406	0.415
7190	0.231	0.825	0.411	0.411
eigenvalues:  tensor([30.3424, 29.8185])
preconditioned eigenvalues tensor([2805.9722, 2768.2717])
hess item is 0.0041142478585243225
7200	0.227	0.840	0.406	0.419
7210	0.228	0.837	0.408	0.416
7220	0.229	0.832	0.410	0.409
7230	0.230	0.834	0.411	0.413
7240	0.230	0.828	0.412	0.414
eigenvalues:  tensor([30.4185, 29.9584])
preconditioned eigenvalues tensor([2851.2439, 2782.6472])
hess item is 0.004071719944477081
7250	0.227	0.839	0.409	0.409
7260	0.236	0.819	0.418	0.409
7270	0.224	0.854	0.407	0.416
7280	0.230	0.832	0.413	0.410
7290	0.227	0.846	0.411	0.412
eigenvalues:  tensor([30.0796, 29.5497])
preconditioned eigenvalues tensor([2879.6353, 2874.2927])
hess item is 0.004029544070363045
7300	0.223	0.855	0.409	0.415
7310	0.230	0.834	0.415	0.413
7320	0.226	0.841	0.412	0.415
7330	0.222	0.857	0.409	0.414
7340	0.228	0.836	0.415	0.412
eigenvalues:  tensor([30.2013, 29.6895])
preconditioned eigenvalues tensor([3382.4956, 2858.2483])
hess item is 0.003982174210250378
7350	0.225	0.842	0.413	0.409
7360	0.222	0.859	0.410	0.414
7370	0.221	0.848	0.409	0.415
7380	0.225	0.846	0.414	0.415
7390	0.223	0.845	0.411	0.412
eigenvalues:  tensor([31.0772, 30.5326])
preconditioned eigenvalues tensor([2905.5964, 2823.2612])
hess item is 0.0039416286163032055
7400	0.236	0.821	0.424	0.401
7410	0.224	0.839	0.415	0.407
7420	0.222	0.844	0.413	0.411
7430	0.227	0.830	0.418	0.409
7440	0.224	0.844	0.414	0.414
eigenvalues:  tensor([30.8320, 30.4109])
preconditioned eigenvalues tensor([2797.8347, 2751.8416])
hess item is 0.0038955507334321737
7450	0.220	0.851	0.411	0.415
7460	0.222	0.845	0.414	0.413
7470	0.218	0.851	0.410	0.415
7480	0.220	0.856	0.413	0.408
7490	0.222	0.844	0.414	0.412
eigenvalues:  tensor([30.9078, 30.4175])
preconditioned eigenvalues tensor([2787.5515, 2691.0271])
hess item is 0.00385361909866333
7500	0.216	0.860	0.410	0.416
7510	0.220	0.851	0.415	0.409
7520	0.223	0.849	0.417	0.407
7530	0.218	0.859	0.413	0.415
7540	0.219	0.860	0.415	0.416
eigenvalues:  tensor([31.2816, 30.8748])
preconditioned eigenvalues tensor([2759.2351, 2722.2786])
hess item is 0.00381666561588645
7550	0.221	0.846	0.418	0.401
7560	0.217	0.861	0.413	0.413
7570	0.224	0.833	0.421	0.409
7580	0.220	0.849	0.417	0.411
7590	0.219	0.855	0.418	0.410
eigenvalues:  tensor([30.9206, 30.4445])
preconditioned eigenvalues tensor([2792.9749, 2728.3044])
hess item is 0.0037780222482979298
7600	0.213	0.866	0.413	0.414
7610	0.212	0.868	0.412	0.415
7620	0.213	0.867	0.414	0.409
7630	0.213	0.868	0.414	0.412
7640	0.214	0.858	0.415	0.412
eigenvalues:  tensor([30.9064, 30.4460])
preconditioned eigenvalues tensor([2786.9514, 2744.7642])
hess item is 0.003747709561139345
7650	0.212	0.868	0.413	0.412
7660	0.211	0.863	0.413	0.417
7670	0.212	0.873	0.415	0.414
7680	0.211	0.872	0.415	0.411
7690	0.212	0.867	0.415	0.412
eigenvalues:  tensor([30.8683, 30.3632])
preconditioned eigenvalues tensor([2796.6680, 2710.9604])
hess item is 0.0037141754291951656
7700	0.212	0.860	0.418	0.405
7710	0.219	0.852	0.423	0.403
7720	0.211	0.868	0.417	0.406
7730	0.209	0.874	0.414	0.408
7740	0.209	0.878	0.415	0.408
eigenvalues:  tensor([31.2735, 30.8010])
preconditioned eigenvalues tensor([2777.7776, 2696.4685])
hess item is 0.003703764174133539
7750	0.208	0.872	0.414	0.417
7760	0.215	0.861	0.421	0.408
7770	0.210	0.865	0.417	0.410
7780	0.205	0.878	0.414	0.410
7790	0.209	0.868	0.417	0.409
eigenvalues:  tensor([31.0966, 30.6186])
preconditioned eigenvalues tensor([2790.8096, 2705.8286])
hess item is 0.0036816000938415527
7800	0.206	0.876	0.414	0.411
7810	0.208	0.868	0.418	0.411
7820	0.206	0.872	0.416	0.410
7830	0.206	0.871	0.416	0.414
7840	0.209	0.869	0.421	0.407
eigenvalues:  tensor([31.2826, 30.7617])
preconditioned eigenvalues tensor([2856.8218, 2783.2400])
hess item is 0.0036442242562770844
7850	0.205	0.878	0.416	0.410
7860	0.207	0.875	0.418	0.412
7870	0.205	0.869	0.417	0.407
7880	0.205	0.876	0.419	0.413
7890	0.207	0.872	0.420	0.409
eigenvalues:  tensor([31.5383, 31.0338])
preconditioned eigenvalues tensor([2716.4827, 2706.3640])
hess item is 0.0036215230356901884
7900	0.206	0.873	0.420	0.410
7910	0.209	0.862	0.422	0.401
7920	0.205	0.870	0.419	0.410
7930	0.209	0.863	0.424	0.407
7940	0.205	0.877	0.421	0.410
eigenvalues:  tensor([31.4493, 31.0051])
preconditioned eigenvalues tensor([2718.6475, 2672.5525])
hess item is 0.0036059522535651922
7950	0.206	0.869	0.423	0.407
7960	0.203	0.884	0.419	0.409
7970	0.199	0.886	0.416	0.411
7980	0.204	0.879	0.422	0.409
7990	0.201	0.877	0.418	0.408
eigenvalues:  tensor([31.3080, 30.8437])
preconditioned eigenvalues tensor([2867.2205, 2710.0369])
hess item is 0.0035725494381040335
8000	0.203	0.888	0.420	0.407
8010	0.202	0.877	0.420	0.409
8020	0.198	0.889	0.417	0.413
8030	0.199	0.890	0.419	0.417
8040	0.202	0.877	0.422	0.412
eigenvalues:  tensor([31.6983, 31.2167])
preconditioned eigenvalues tensor([2733.7983, 2698.9797])
hess item is 0.0035394951701164246
8050	0.204	0.874	0.423	0.407
8060	0.200	0.883	0.421	0.411
8070	0.201	0.887	0.421	0.404
8080	0.199	0.877	0.420	0.409
8090	0.200	0.879	0.421	0.406
eigenvalues:  tensor([32.0134, 31.5267])
preconditioned eigenvalues tensor([2780.8328, 2625.7993])
hess item is 0.0035286357160657644
8100	0.198	0.884	0.419	0.412
8110	0.200	0.888	0.422	0.405
8120	0.200	0.881	0.422	0.411
8130	0.194	0.897	0.418	0.412
8140	0.196	0.886	0.419	0.414
eigenvalues:  tensor([32.1179, 31.6361])
preconditioned eigenvalues tensor([2764.8879, 2657.3125])
hess item is 0.003499826183542609
8150	0.198	0.880	0.422	0.406
8160	0.199	0.882	0.423	0.404
8170	0.195	0.898	0.420	0.409
8180	0.194	0.892	0.420	0.410
8190	0.200	0.879	0.426	0.403
eigenvalues:  tensor([32.2037, 31.7114])
preconditioned eigenvalues tensor([2821.6499, 2648.9744])
hess item is 0.0034709603060036898
8200	0.193	0.894	0.419	0.410
8210	0.194	0.901	0.421	0.408
8220	0.196	0.886	0.424	0.410
8230	0.195	0.892	0.423	0.415
8240	0.196	0.885	0.424	0.405
eigenvalues:  tensor([32.0711, 31.6290])
preconditioned eigenvalues tensor([2791.3125, 2675.8518])
hess item is 0.003452143631875515
8250	0.191	0.893	0.419	0.415
8260	0.194	0.891	0.422	0.412
8270	0.198	0.880	0.427	0.400
8280	0.192	0.891	0.421	0.414
8290	0.191	0.895	0.422	0.414
eigenvalues:  tensor([32.3896, 31.9966])
preconditioned eigenvalues tensor([2754.2898, 2669.5881])
hess item is 0.003444028552621603
8300	0.194	0.886	0.423	0.405
8310	0.195	0.887	0.425	0.411
8320	0.192	0.892	0.422	0.410
8330	0.191	0.901	0.423	0.409
8340	0.196	0.885	0.427	0.403
eigenvalues:  tensor([31.6563, 31.1752])
preconditioned eigenvalues tensor([2770.0662, 2688.9309])
hess item is 0.003416565014049411
8350	0.190	0.904	0.423	0.407
8360	0.189	0.898	0.422	0.410
8370	0.194	0.887	0.427	0.406
8380	0.190	0.901	0.423	0.411
8390	0.190	0.899	0.423	0.410
eigenvalues:  tensor([32.2063, 31.6648])
preconditioned eigenvalues tensor([2786.5974, 2659.8235])
hess item is 0.0034078964963555336
8400	0.189	0.902	0.422	0.405
8410	0.188	0.902	0.422	0.403
8420	0.190	0.899	0.425	0.407
8430	0.186	0.906	0.421	0.410
8440	0.194	0.891	0.431	0.399
eigenvalues:  tensor([32.5753, 31.9986])
preconditioned eigenvalues tensor([2823.7031, 2618.7510])
hess item is 0.003359719179570675
8450	0.187	0.899	0.423	0.404
8460	0.186	0.902	0.422	0.411
8470	0.187	0.906	0.424	0.402
8480	0.186	0.901	0.424	0.407
8490	0.185	0.907	0.423	0.410
eigenvalues:  tensor([32.0005, 31.4987])
preconditioned eigenvalues tensor([2838.5454, 2691.1130])
hess item is 0.003338929731398821
8500	0.193	0.896	0.431	0.408
8510	0.190	0.900	0.428	0.398
8520	0.181	0.914	0.421	0.410
8530	0.186	0.901	0.424	0.411
8540	0.189	0.898	0.428	0.403
eigenvalues:  tensor([32.3738, 31.9166])
preconditioned eigenvalues tensor([2749.6392, 2694.5381])
hess item is 0.003308260580524802
8550	0.185	0.903	0.425	0.413
8560	0.181	0.913	0.421	0.410
8570	0.182	0.908	0.423	0.410
8580	0.183	0.910	0.424	0.406
8590	0.187	0.896	0.426	0.414
eigenvalues:  tensor([32.6863, 32.1901])
preconditioned eigenvalues tensor([2746.0537, 2603.9814])
hess item is 0.0033140829764306545
8600	0.182	0.908	0.424	0.409
8610	0.182	0.907	0.423	0.411
8620	0.183	0.911	0.425	0.403
8630	0.185	0.899	0.427	0.403
8640	0.181	0.916	0.423	0.408
eigenvalues:  tensor([32.2996, 31.8605])
preconditioned eigenvalues tensor([2729.0825, 2719.2209])
hess item is 0.003288012696430087
8650	0.185	0.908	0.429	0.410
8660	0.193	0.890	0.436	0.397
8670	0.186	0.902	0.430	0.406
8680	0.179	0.905	0.424	0.406
8690	0.179	0.908	0.424	0.411
eigenvalues:  tensor([32.2164, 31.7163])
preconditioned eigenvalues tensor([2762.0610, 2635.2371])
hess item is 0.003262571059167385
8700	0.178	0.918	0.425	0.409
8710	0.181	0.907	0.427	0.405
8720	0.180	0.911	0.427	0.408
8730	0.178	0.916	0.425	0.406
8740	0.177	0.916	0.424	0.411
eigenvalues:  tensor([32.5345, 31.9819])
preconditioned eigenvalues tensor([2675.9275, 2583.9524])
hess item is 0.0032504680566489697
8750	0.178	0.911	0.425	0.412
8760	0.181	0.909	0.427	0.402
8770	0.178	0.915	0.426	0.409
8780	0.178	0.911	0.426	0.407
8790	0.178	0.916	0.425	0.407
eigenvalues:  tensor([32.5926, 32.1143])
preconditioned eigenvalues tensor([2771.4893, 2608.2822])
hess item is 0.0032446696422994137
8800	0.176	0.914	0.425	0.409
8810	0.179	0.905	0.428	0.406
8820	0.176	0.914	0.427	0.410
8830	0.180	0.906	0.431	0.403
8840	0.175	0.914	0.425	0.405
eigenvalues:  tensor([33.2647, 32.6682])
preconditioned eigenvalues tensor([2780.6953, 2631.3337])
hess item is 0.00323712220415473
8850	0.179	0.913	0.430	0.401
8860	0.178	0.911	0.429	0.403
8870	0.176	0.916	0.428	0.404
8880	0.174	0.918	0.426	0.406
8890	0.175	0.916	0.427	0.401
eigenvalues:  tensor([32.5152, 32.0126])
preconditioned eigenvalues tensor([2721.6577, 2601.4731])
hess item is 0.0031990478746593
8900	0.174	0.918	0.427	0.408
8910	0.176	0.914	0.429	0.410
8920	0.177	0.908	0.430	0.409
8930	0.173	0.920	0.428	0.404
8940	0.175	0.917	0.429	0.408
eigenvalues:  tensor([32.7120, 32.2077])
preconditioned eigenvalues tensor([2757.8977, 2622.0962])
hess item is 0.003190264105796814
8950	0.177	0.913	0.431	0.404
8960	0.176	0.914	0.430	0.405
8970	0.171	0.920	0.427	0.406
8980	0.174	0.917	0.430	0.410
8990	0.174	0.920	0.430	0.403
eigenvalues:  tensor([32.9422, 32.4614])
preconditioned eigenvalues tensor([2785.8379, 2567.2119])
hess item is 0.0031868943478912115
9000	0.173	0.921	0.429	0.400
9010	0.173	0.920	0.430	0.404
9020	0.172	0.922	0.429	0.405
9030	0.170	0.923	0.428	0.409
9040	0.173	0.916	0.431	0.406
eigenvalues:  tensor([32.4761, 31.9972])
preconditioned eigenvalues tensor([2811.6938, 2663.7664])
hess item is 0.0031635593622922897
9050	0.172	0.917	0.431	0.403
9060	0.177	0.911	0.435	0.402
9070	0.172	0.915	0.430	0.402
9080	0.172	0.921	0.431	0.401
9090	0.172	0.924	0.431	0.405
eigenvalues:  tensor([32.9357, 32.4277])
preconditioned eigenvalues tensor([2779.3135, 2594.1501])
hess item is 0.0031395945698022842
9100	0.170	0.920	0.430	0.405
9110	0.170	0.923	0.430	0.401
9120	0.169	0.921	0.430	0.407
9130	0.169	0.927	0.430	0.405
9140	0.167	0.930	0.427	0.408
eigenvalues:  tensor([32.8474, 32.3296])
preconditioned eigenvalues tensor([2752.7200, 2548.2024])
hess item is 0.0031057384330779314
9150	0.169	0.923	0.429	0.403
9160	0.171	0.923	0.431	0.404
9170	0.170	0.919	0.432	0.406
9180	0.170	0.915	0.433	0.398
9190	0.169	0.922	0.432	0.403
eigenvalues:  tensor([32.7403, 32.2030])
preconditioned eigenvalues tensor([2765.0188, 2601.0410])
hess item is 0.003110571764409542
9200	0.170	0.926	0.433	0.401
9210	0.171	0.918	0.433	0.402
9220	0.167	0.929	0.430	0.402
9230	0.166	0.930	0.428	0.407
9240	0.171	0.915	0.434	0.401
eigenvalues:  tensor([32.8875, 32.3611])
preconditioned eigenvalues tensor([2765.0330, 2603.2961])
hess item is 0.0030974200926721096
9250	0.168	0.922	0.433	0.402
9260	0.165	0.932	0.431	0.405
9270	0.167	0.923	0.432	0.403
9280	0.169	0.921	0.434	0.398
9290	0.165	0.929	0.432	0.408
eigenvalues:  tensor([32.8829, 32.3686])
preconditioned eigenvalues tensor([2773.4180, 2560.9075])
hess item is 0.003090162528678775
9300	0.166	0.924	0.432	0.399
9310	0.169	0.928	0.435	0.403
9320	0.167	0.919	0.432	0.398
9330	0.167	0.919	0.433	0.403
9340	0.163	0.933	0.430	0.405
eigenvalues:  tensor([32.9569, 32.4369])
preconditioned eigenvalues tensor([2755.6047, 2594.6440])
hess item is 0.003070739097893238
9350	0.163	0.933	0.429	0.403
9360	0.167	0.924	0.432	0.406
9370	0.165	0.931	0.432	0.397
9380	0.163	0.931	0.431	0.401
9390	0.163	0.932	0.431	0.403
eigenvalues:  tensor([33.0959, 32.5408])
preconditioned eigenvalues tensor([2683.6382, 2529.4104])
hess item is 0.003062106901779771
9400	0.163	0.932	0.431	0.403
9410	0.161	0.932	0.431	0.404
9420	0.163	0.923	0.432	0.404
9430	0.165	0.927	0.435	0.402
9440	0.161	0.933	0.430	0.406
eigenvalues:  tensor([32.8894, 32.3669])
preconditioned eigenvalues tensor([2753.0789, 2542.2749])
hess item is 0.003062364412471652
9450	0.164	0.930	0.434	0.400
9460	0.167	0.926	0.437	0.395
9470	0.161	0.931	0.432	0.404
9480	0.162	0.933	0.434	0.403
9490	0.162	0.932	0.433	0.399
eigenvalues:  tensor([32.9807, 32.5267])
preconditioned eigenvalues tensor([2718.3308, 2552.6543])
hess item is 0.0030485503375530243
9500	0.163	0.931	0.434	0.398
9510	0.161	0.933	0.433	0.401
9520	0.162	0.926	0.433	0.404
9530	0.162	0.932	0.433	0.403
9540	0.161	0.933	0.434	0.398
eigenvalues:  tensor([33.1778, 32.6828])
preconditioned eigenvalues tensor([2670.9800, 2523.3542])
hess item is 0.003018331713974476
9550	0.159	0.933	0.431	0.411
9560	0.159	0.937	0.433	0.404
9570	0.162	0.930	0.436	0.401
9580	0.161	0.933	0.435	0.402
9590	0.158	0.937	0.431	0.404
eigenvalues:  tensor([32.5707, 32.1012])
preconditioned eigenvalues tensor([2738.1929, 2598.0386])
hess item is 0.0030135544948279858
9600	0.161	0.934	0.436	0.402
9610	0.161	0.933	0.438	0.400
9620	0.160	0.934	0.434	0.401
9630	0.162	0.934	0.436	0.398
9640	0.158	0.936	0.433	0.401
eigenvalues:  tensor([33.2909, 32.7546])
preconditioned eigenvalues tensor([2748.2510, 2488.2444])
hess item is 0.003007223829627037
9650	0.161	0.932	0.437	0.394
9660	0.157	0.936	0.432	0.404
9670	0.156	0.934	0.434	0.405
9680	0.158	0.941	0.436	0.401
9690	0.156	0.939	0.434	0.397
eigenvalues:  tensor([33.3457, 32.8866])
preconditioned eigenvalues tensor([2741.3372, 2575.2085])
hess item is 0.0030190886463969946
9700	0.156	0.939	0.434	0.404
9710	0.159	0.933	0.436	0.402
9720	0.159	0.934	0.436	0.402
9730	0.157	0.935	0.434	0.401
9740	0.157	0.938	0.435	0.405
eigenvalues:  tensor([33.2789, 32.7602])
preconditioned eigenvalues tensor([2667.1272, 2501.1921])
hess item is 0.002998027019202709
9750	0.157	0.937	0.435	0.401
9760	0.156	0.939	0.435	0.405
9770	0.162	0.927	0.441	0.394
9780	0.155	0.935	0.434	0.402
9790	0.158	0.937	0.437	0.402
eigenvalues:  tensor([33.5810, 33.0865])
preconditioned eigenvalues tensor([2698.8213, 2528.0461])
hess item is 0.002989507047459483
9800	0.153	0.941	0.433	0.400
9810	0.159	0.929	0.440	0.400
9820	0.154	0.940	0.434	0.401
9830	0.155	0.940	0.435	0.404
9840	0.158	0.936	0.439	0.396
eigenvalues:  tensor([33.0549, 32.5741])
preconditioned eigenvalues tensor([2656.2996, 2498.1128])
hess item is 0.0029585205484181643
9850	0.155	0.945	0.436	0.398
9860	0.155	0.938	0.436	0.401
9870	0.155	0.938	0.438	0.401
9880	0.159	0.933	0.441	0.401
9890	0.153	0.939	0.435	0.402
eigenvalues:  tensor([33.1308, 32.6509])
preconditioned eigenvalues tensor([2723.8521, 2499.8760])
hess item is 0.002940193982794881
9900	0.152	0.943	0.435	0.400
9910	0.151	0.942	0.434	0.403
9920	0.154	0.939	0.438	0.397
9930	0.152	0.941	0.435	0.399
9940	0.154	0.940	0.438	0.397
eigenvalues:  tensor([33.4423, 32.9374])
preconditioned eigenvalues tensor([2787.8564, 2528.3291])
hess item is 0.0029386908281594515
9950	0.151	0.941	0.434	0.396
9960	0.153	0.937	0.436	0.402
9970	0.155	0.937	0.439	0.402
9980	0.153	0.935	0.439	0.396
9990	0.151	0.942	0.436	0.398
