device: cuda:1
output directory: RESULTS/cifar10-10k/fc-tanh/seed_0/mse/ivon/lr_0.0005_h0_1.0_post_1_alpha_100.0_beta2_0.999_beta_0.0_ess_100000.0_ivon
Files already downloaded and verified
Files already downloaded and verified
optimizer is IVON
0	0.597	0.131	0.597	0.131
10	0.575	0.136	0.575	0.137
20	0.559	0.142	0.560	0.141
30	0.548	0.148	0.549	0.149
40	0.540	0.153	0.541	0.154
eigenvalues:  tensor([80.5436, 66.4773])
preconditioned eigenvalues tensor([84.6563, 69.8773])
hess item is 0.951343297958374
50	0.533	0.159	0.534	0.160
60	0.527	0.167	0.529	0.167
70	0.522	0.174	0.524	0.173
80	0.518	0.179	0.520	0.177
90	0.514	0.185	0.516	0.183
eigenvalues:  tensor([79.9196, 65.9700])
preconditioned eigenvalues tensor([88.2791, 72.8759])
hess item is 0.9050725698471069
100	0.511	0.188	0.513	0.186
110	0.508	0.193	0.510	0.190
120	0.505	0.198	0.507	0.193
130	0.502	0.201	0.504	0.198
140	0.500	0.208	0.502	0.200
eigenvalues:  tensor([79.4407, 65.3920])
preconditioned eigenvalues tensor([92.2191, 75.9229])
hess item is 0.8610589504241943
150	0.498	0.211	0.500	0.203
160	0.495	0.212	0.498	0.206
170	0.493	0.215	0.496	0.208
180	0.491	0.216	0.494	0.210
190	0.489	0.218	0.492	0.212
eigenvalues:  tensor([78.7795, 64.8458])
preconditioned eigenvalues tensor([96.1081, 79.1261])
hess item is 0.8191986680030823
200	0.487	0.220	0.490	0.215
210	0.486	0.222	0.488	0.217
220	0.484	0.222	0.486	0.219
230	0.482	0.225	0.485	0.220
240	0.480	0.228	0.483	0.222
eigenvalues:  tensor([78.1645, 64.2253])
preconditioned eigenvalues tensor([100.2120,  82.3526])
hess item is 0.7793824076652527
250	0.479	0.230	0.482	0.225
260	0.477	0.232	0.480	0.226
270	0.476	0.233	0.479	0.228
280	0.474	0.236	0.477	0.230
290	0.473	0.240	0.476	0.232
eigenvalues:  tensor([77.6200, 63.6735])
preconditioned eigenvalues tensor([104.5716,  85.7960])
hess item is 0.7415081858634949
300	0.472	0.242	0.475	0.233
310	0.470	0.242	0.473	0.235
320	0.469	0.246	0.472	0.237
330	0.468	0.248	0.471	0.240
340	0.466	0.248	0.470	0.242
eigenvalues:  tensor([76.9676, 63.1522])
preconditioned eigenvalues tensor([108.9731,  89.4213])
hess item is 0.7054800987243652
350	0.465	0.252	0.469	0.244
360	0.464	0.254	0.468	0.245
370	0.463	0.257	0.466	0.249
380	0.462	0.259	0.465	0.250
390	0.461	0.260	0.464	0.250
eigenvalues:  tensor([76.5386, 62.6132])
preconditioned eigenvalues tensor([113.8663,  93.1608])
hess item is 0.6712045669555664
400	0.460	0.262	0.463	0.251
410	0.459	0.264	0.462	0.254
420	0.458	0.266	0.461	0.256
430	0.457	0.267	0.461	0.257
440	0.456	0.269	0.460	0.258
eigenvalues:  tensor([75.8767, 61.9837])
preconditioned eigenvalues tensor([118.6139,  96.9043])
hess item is 0.638603150844574
450	0.455	0.269	0.459	0.259
460	0.454	0.270	0.458	0.261
470	0.453	0.272	0.457	0.262
480	0.452	0.275	0.456	0.263
490	0.451	0.275	0.455	0.264
eigenvalues:  tensor([75.2432, 61.4260])
preconditioned eigenvalues tensor([123.5854, 100.8969])
hess item is 0.6075947284698486
500	0.450	0.278	0.454	0.266
510	0.449	0.280	0.454	0.267
520	0.449	0.281	0.453	0.267
530	0.448	0.283	0.452	0.269
540	0.447	0.285	0.451	0.271
eigenvalues:  tensor([74.5829, 60.8879])
preconditioned eigenvalues tensor([128.7110, 105.0911])
hess item is 0.5780990719795227
550	0.446	0.286	0.451	0.271
560	0.445	0.287	0.450	0.272
570	0.445	0.288	0.449	0.272
580	0.444	0.290	0.449	0.273
590	0.443	0.291	0.448	0.276
eigenvalues:  tensor([73.8354, 60.2900])
preconditioned eigenvalues tensor([133.8748, 109.3286])
hess item is 0.5500389337539673
600	0.442	0.292	0.447	0.277
610	0.442	0.296	0.446	0.279
620	0.441	0.295	0.446	0.280
630	0.440	0.296	0.445	0.281
640	0.439	0.298	0.444	0.282
eigenvalues:  tensor([73.1464, 59.7313])
preconditioned eigenvalues tensor([139.3351, 113.7931])
hess item is 0.5233435034751892
650	0.439	0.299	0.444	0.282
660	0.438	0.302	0.443	0.283
670	0.437	0.301	0.443	0.285
680	0.437	0.302	0.442	0.283
690	0.436	0.303	0.441	0.283
eigenvalues:  tensor([72.5935, 59.2749])
preconditioned eigenvalues tensor([145.2807, 118.6322])
hess item is 0.49795007705688477
700	0.436	0.303	0.441	0.286
710	0.435	0.305	0.440	0.288
720	0.434	0.306	0.440	0.288
730	0.434	0.306	0.439	0.290
740	0.433	0.311	0.439	0.290
eigenvalues:  tensor([71.7201, 58.6154])
preconditioned eigenvalues tensor([150.7872, 123.2520])
hess item is 0.4738014042377472
750	0.432	0.310	0.438	0.291
760	0.432	0.311	0.438	0.290
770	0.431	0.315	0.437	0.293
780	0.431	0.314	0.436	0.293
790	0.430	0.314	0.436	0.294
eigenvalues:  tensor([70.8909, 58.1897])
preconditioned eigenvalues tensor([156.5677, 128.5360])
hess item is 0.4508223235607147
800	0.430	0.317	0.436	0.295
810	0.429	0.319	0.435	0.295
820	0.429	0.320	0.435	0.296
830	0.428	0.320	0.434	0.297
840	0.428	0.321	0.434	0.298
eigenvalues:  tensor([70.0251, 57.5702])
preconditioned eigenvalues tensor([162.4439, 133.5751])
hess item is 0.4289630949497223
850	0.427	0.322	0.433	0.299
860	0.427	0.322	0.433	0.301
870	0.426	0.323	0.432	0.303
880	0.426	0.325	0.432	0.302
890	0.425	0.325	0.431	0.303
eigenvalues:  tensor([69.3299, 57.0130])
preconditioned eigenvalues tensor([168.9650, 138.9281])
hess item is 0.40816569328308105
900	0.425	0.325	0.431	0.303
910	0.424	0.325	0.430	0.303
920	0.424	0.327	0.430	0.303
930	0.423	0.328	0.430	0.305
940	0.423	0.328	0.429	0.304
eigenvalues:  tensor([68.4701, 56.3882])
preconditioned eigenvalues tensor([175.2534, 144.3133])
hess item is 0.38838428258895874
950	0.422	0.330	0.429	0.304
960	0.422	0.331	0.428	0.305
970	0.422	0.334	0.428	0.306
980	0.421	0.332	0.428	0.306
990	0.420	0.334	0.427	0.308
eigenvalues:  tensor([67.9268, 55.8271])
preconditioned eigenvalues tensor([182.6242, 150.0322])
hess item is 0.36956337094306946
1000	0.420	0.334	0.427	0.306
1010	0.420	0.336	0.426	0.310
1020	0.419	0.337	0.426	0.311
1030	0.419	0.338	0.426	0.310
1040	0.418	0.338	0.426	0.312
eigenvalues:  tensor([66.7182, 55.3638])
preconditioned eigenvalues tensor([188.3757, 156.2365])
hess item is 0.35166555643081665
1050	0.418	0.338	0.425	0.312
1060	0.418	0.340	0.425	0.313
1070	0.417	0.341	0.424	0.314
1080	0.417	0.341	0.424	0.315
1090	0.416	0.341	0.424	0.315
eigenvalues:  tensor([65.7920, 54.8386])
preconditioned eigenvalues tensor([195.1031, 162.4730])
hess item is 0.33463525772094727
1100	0.416	0.343	0.423	0.317
1110	0.416	0.345	0.423	0.316
1120	0.415	0.344	0.423	0.316
1130	0.415	0.344	0.422	0.317
1140	0.415	0.347	0.422	0.317
eigenvalues:  tensor([64.8289, 54.1750])
preconditioned eigenvalues tensor([201.8475, 168.5463])
hess item is 0.3184381127357483
1150	0.414	0.349	0.422	0.317
1160	0.414	0.348	0.422	0.320
1170	0.414	0.349	0.421	0.317
1180	0.413	0.349	0.421	0.321
1190	0.413	0.350	0.421	0.324
eigenvalues:  tensor([63.7986, 53.4398])
preconditioned eigenvalues tensor([208.5853, 174.5393])
hess item is 0.3030298948287964
1200	0.413	0.350	0.420	0.326
1210	0.412	0.352	0.420	0.325
1220	0.412	0.353	0.420	0.323
1230	0.412	0.354	0.420	0.324
1240	0.411	0.355	0.419	0.327
eigenvalues:  tensor([62.8562, 52.7684])
preconditioned eigenvalues tensor([215.7346, 180.9424])
hess item is 0.2883683741092682
1250	0.411	0.356	0.419	0.329
1260	0.411	0.355	0.419	0.326
1270	0.411	0.359	0.419	0.326
1280	0.410	0.357	0.418	0.326
1290	0.410	0.360	0.418	0.325
eigenvalues:  tensor([61.4226, 52.0972])
preconditioned eigenvalues tensor([221.2790, 187.4606])
hess item is 0.2744224965572357
1300	0.409	0.359	0.418	0.329
1310	0.409	0.361	0.418	0.331
1320	0.409	0.364	0.417	0.333
1330	0.409	0.360	0.417	0.333
1340	0.408	0.362	0.417	0.333
eigenvalues:  tensor([60.5104, 51.2190])
preconditioned eigenvalues tensor([228.8553, 193.5177])
hess item is 0.261148065328598
1350	0.408	0.364	0.417	0.333
1360	0.407	0.363	0.416	0.333
1370	0.407	0.364	0.416	0.333
1380	0.407	0.364	0.416	0.332
1390	0.407	0.368	0.416	0.330
eigenvalues:  tensor([59.2902, 50.6210])
preconditioned eigenvalues tensor([235.4021, 200.7154])
hess item is 0.24852491915225983
1400	0.407	0.369	0.416	0.333
1410	0.406	0.367	0.415	0.335
1420	0.406	0.367	0.415	0.339
1430	0.406	0.369	0.415	0.337
1440	0.405	0.369	0.414	0.338
eigenvalues:  tensor([58.3032, 49.9199])
preconditioned eigenvalues tensor([242.9315, 207.6838])
hess item is 0.2365119308233261
1450	0.405	0.370	0.414	0.338
1460	0.405	0.372	0.414	0.339
1470	0.405	0.369	0.415	0.337
1480	0.404	0.371	0.414	0.338
1490	0.404	0.373	0.413	0.340
eigenvalues:  tensor([57.2283, 49.1286])
preconditioned eigenvalues tensor([250.1326, 214.4331])
hess item is 0.2250857949256897
1500	0.404	0.374	0.413	0.344
1510	0.404	0.372	0.413	0.344
1520	0.403	0.376	0.413	0.345
1530	0.403	0.375	0.413	0.344
1540	0.403	0.377	0.412	0.343
eigenvalues:  tensor([56.1616, 48.2916])
preconditioned eigenvalues tensor([257.5571, 221.1350])
hess item is 0.21421508491039276
1550	0.402	0.377	0.412	0.346
1560	0.402	0.376	0.412	0.346
1570	0.402	0.380	0.412	0.343
1580	0.402	0.379	0.412	0.342
1590	0.401	0.380	0.411	0.344
eigenvalues:  tensor([54.5308, 47.5901])
preconditioned eigenvalues tensor([262.1772, 228.3983])
hess item is 0.20387835800647736
1600	0.401	0.379	0.411	0.345
1610	0.401	0.381	0.411	0.346
1620	0.401	0.382	0.411	0.347
1630	0.401	0.381	0.411	0.347
1640	0.400	0.385	0.411	0.350
eigenvalues:  tensor([53.6602, 46.4463])
preconditioned eigenvalues tensor([270.4922, 233.6320])
hess item is 0.19403600692749023
1650	0.401	0.383	0.411	0.349
1660	0.400	0.383	0.411	0.350
1670	0.400	0.385	0.410	0.350
1680	0.400	0.386	0.410	0.350
1690	0.400	0.384	0.410	0.347
eigenvalues:  tensor([52.1543, 45.7830])
preconditioned eigenvalues tensor([275.6404, 241.4084])
hess item is 0.18467393517494202
1700	0.399	0.383	0.410	0.348
1710	0.399	0.386	0.410	0.349
1720	0.399	0.385	0.410	0.353
1730	0.399	0.387	0.410	0.350
1740	0.399	0.386	0.410	0.351
eigenvalues:  tensor([51.0679, 44.7180])
preconditioned eigenvalues tensor([282.8152, 247.0215])
hess item is 0.17576786875724792
1750	0.399	0.388	0.409	0.349
1760	0.398	0.387	0.409	0.351
1770	0.398	0.388	0.409	0.353
1780	0.398	0.386	0.409	0.347
1790	0.398	0.387	0.409	0.350
eigenvalues:  tensor([49.6626, 43.5921])
preconditioned eigenvalues tensor([288.0101, 252.0133])
hess item is 0.16729143261909485
1800	0.398	0.391	0.409	0.354
1810	0.398	0.390	0.409	0.350
1820	0.398	0.392	0.409	0.353
1830	0.397	0.392	0.409	0.358
1840	0.397	0.395	0.408	0.357
eigenvalues:  tensor([48.7007, 42.7569])
preconditioned eigenvalues tensor([295.9691, 258.7719])
hess item is 0.15922905504703522
1850	0.396	0.397	0.408	0.359
1860	0.396	0.397	0.407	0.358
1870	0.396	0.396	0.408	0.359
1880	0.396	0.394	0.407	0.359
1890	0.396	0.395	0.407	0.360
eigenvalues:  tensor([46.6815, 41.8962])
preconditioned eigenvalues tensor([296.7472, 265.4055])
hess item is 0.15155762434005737
1900	0.396	0.394	0.407	0.360
1910	0.396	0.398	0.408	0.361
1920	0.396	0.395	0.408	0.354
1930	0.395	0.394	0.407	0.363
1940	0.395	0.399	0.406	0.363
eigenvalues:  tensor([45.5379, 40.7834])
preconditioned eigenvalues tensor([303.1923, 270.4125])
hess item is 0.14425687491893768
1950	0.394	0.399	0.406	0.361
1960	0.395	0.398	0.406	0.360
1970	0.395	0.399	0.407	0.360
1980	0.394	0.401	0.406	0.363
1990	0.394	0.400	0.406	0.361
eigenvalues:  tensor([44.1040, 40.1415])
preconditioned eigenvalues tensor([307.0522, 278.4647])
hess item is 0.1373113989830017
2000	0.394	0.401	0.406	0.364
2010	0.394	0.401	0.406	0.362
2020	0.394	0.397	0.406	0.361
2030	0.394	0.401	0.406	0.364
2040	0.393	0.403	0.405	0.364
eigenvalues:  tensor([42.5873, 39.0732])
preconditioned eigenvalues tensor([309.5097, 283.0652])
hess item is 0.13070370256900787
2050	0.394	0.404	0.406	0.360
2060	0.394	0.403	0.406	0.361
2070	0.393	0.400	0.405	0.367
2080	0.394	0.398	0.406	0.361
2090	0.393	0.400	0.406	0.359
eigenvalues:  tensor([41.3724, 38.0306])
preconditioned eigenvalues tensor([314.2153, 287.5373])
hess item is 0.12441586703062057
2100	0.393	0.401	0.405	0.363
2110	0.393	0.404	0.405	0.365
2120	0.393	0.401	0.405	0.362
2130	0.392	0.405	0.404	0.364
2140	0.393	0.402	0.406	0.365
eigenvalues:  tensor([40.1066, 37.1372])
preconditioned eigenvalues tensor([317.8506, 293.2486])
hess item is 0.11843013763427734
2150	0.393	0.405	0.405	0.364
2160	0.393	0.403	0.405	0.365
2170	0.392	0.403	0.405	0.364
2180	0.392	0.405	0.405	0.363
2190	0.392	0.401	0.405	0.365
eigenvalues:  tensor([38.4599, 36.3018])
preconditioned eigenvalues tensor([317.8891, 299.2715])
hess item is 0.11273805797100067
2200	0.393	0.403	0.406	0.368
2210	0.392	0.407	0.405	0.368
2220	0.391	0.408	0.404	0.368
2230	0.391	0.409	0.404	0.363
2240	0.390	0.412	0.403	0.368
eigenvalues:  tensor([37.7526, 35.3744])
preconditioned eigenvalues tensor([325.8796, 304.4615])
hess item is 0.10732122510671616
2250	0.390	0.415	0.403	0.369
2260	0.391	0.413	0.404	0.365
2270	0.391	0.413	0.404	0.368
2280	0.391	0.409	0.404	0.367
2290	0.390	0.413	0.403	0.370
eigenvalues:  tensor([36.6948, 34.6213])
preconditioned eigenvalues tensor([329.9911, 310.5116])
hess item is 0.10216272622346878
2300	0.390	0.410	0.403	0.371
2310	0.390	0.413	0.403	0.369
2320	0.390	0.412	0.403	0.373
2330	0.390	0.409	0.404	0.369
2340	0.389	0.413	0.403	0.370
eigenvalues:  tensor([35.6507, 33.7689])
preconditioned eigenvalues tensor([333.8065, 315.1248])
hess item is 0.09725873917341232
2350	0.390	0.411	0.403	0.370
2360	0.390	0.413	0.403	0.372
2370	0.390	0.411	0.403	0.369
2380	0.390	0.416	0.403	0.374
2390	0.390	0.414	0.403	0.374
eigenvalues:  tensor([34.5036, 32.8974])
preconditioned eigenvalues tensor([336.1033, 319.7316])
hess item is 0.09258858114480972
2400	0.389	0.417	0.402	0.376
2410	0.390	0.412	0.403	0.373
2420	0.389	0.416	0.402	0.375
2430	0.389	0.416	0.402	0.375
2440	0.388	0.417	0.402	0.375
eigenvalues:  tensor([33.6988, 32.1464])
preconditioned eigenvalues tensor([341.8048, 325.0975])
hess item is 0.0881456583738327
2450	0.389	0.412	0.402	0.372
2460	0.388	0.417	0.402	0.374
2470	0.388	0.420	0.402	0.377
2480	0.388	0.416	0.402	0.373
2490	0.388	0.416	0.402	0.375
eigenvalues:  tensor([32.4402, 31.5188])
preconditioned eigenvalues tensor([340.9795, 330.6939])
hess item is 0.08391809463500977
2500	0.389	0.419	0.403	0.375
2510	0.389	0.414	0.403	0.375
2520	0.389	0.412	0.403	0.371
2530	0.388	0.419	0.402	0.374
2540	0.391	0.414	0.404	0.368
eigenvalues:  tensor([31.6018, 30.7110])
preconditioned eigenvalues tensor([344.3854, 333.9291])
hess item is 0.07989640533924103
2550	0.388	0.421	0.402	0.374
2560	0.388	0.419	0.402	0.377
2570	0.388	0.417	0.402	0.374
2580	0.390	0.418	0.404	0.371
2590	0.387	0.419	0.401	0.376
eigenvalues:  tensor([30.8629, 29.9060])
preconditioned eigenvalues tensor([348.8762, 336.6373])
hess item is 0.07606841623783112
2600	0.387	0.417	0.401	0.374
2610	0.387	0.421	0.401	0.376
2620	0.387	0.421	0.401	0.378
2630	0.387	0.418	0.401	0.378
2640	0.387	0.419	0.401	0.374
eigenvalues:  tensor([30.1672, 29.3292])
preconditioned eigenvalues tensor([353.4190, 342.3326])
hess item is 0.07242556661367416
2650	0.387	0.416	0.401	0.375
2660	0.387	0.417	0.401	0.375
2670	0.388	0.411	0.402	0.370
2680	0.387	0.420	0.401	0.375
2690	0.387	0.417	0.401	0.376
eigenvalues:  tensor([29.4078, 28.5503])
preconditioned eigenvalues tensor([356.1043, 344.3506])
hess item is 0.06895951926708221
2700	0.388	0.421	0.401	0.378
2710	0.387	0.418	0.401	0.377
2720	0.387	0.420	0.401	0.377
2730	0.388	0.419	0.402	0.378
2740	0.387	0.421	0.401	0.381
eigenvalues:  tensor([28.5336, 27.8790])
preconditioned eigenvalues tensor([358.0992, 348.6783])
hess item is 0.06565853208303452
2750	0.386	0.422	0.401	0.379
2760	0.387	0.422	0.401	0.378
2770	0.386	0.420	0.400	0.381
2780	0.387	0.413	0.402	0.374
2790	0.387	0.417	0.401	0.373
eigenvalues:  tensor([27.7100, 27.1263])
preconditioned eigenvalues tensor([359.3256, 350.5323])
hess item is 0.06251975893974304
2800	0.387	0.423	0.401	0.382
2810	0.386	0.422	0.400	0.380
2820	0.386	0.419	0.400	0.379
2830	0.387	0.416	0.401	0.377
2840	0.386	0.423	0.401	0.379
eigenvalues:  tensor([27.2453, 26.6215])
preconditioned eigenvalues tensor([366.0302, 355.8214])
hess item is 0.05952797457575798
2850	0.386	0.424	0.400	0.381
2860	0.387	0.429	0.401	0.380
2870	0.386	0.427	0.400	0.383
2880	0.385	0.425	0.400	0.382
2890	0.386	0.424	0.400	0.381
eigenvalues:  tensor([26.7925, 26.2755])
preconditioned eigenvalues tensor([371.8329, 363.0655])
hess item is 0.056682974100112915
2900	0.385	0.430	0.399	0.381
2910	0.386	0.419	0.400	0.378
2920	0.385	0.427	0.400	0.382
2930	0.388	0.423	0.402	0.379
2940	0.388	0.423	0.402	0.381
eigenvalues:  tensor([26.3127, 25.7478])
preconditioned eigenvalues tensor([376.5681, 366.6302])
hess item is 0.053977154195308685
2950	0.386	0.419	0.400	0.380
2960	0.387	0.421	0.401	0.378
2970	0.386	0.420	0.400	0.382
2980	0.387	0.416	0.402	0.377
2990	0.386	0.424	0.400	0.377
eigenvalues:  tensor([25.8291, 25.2823])
preconditioned eigenvalues tensor([382.0849, 371.5773])
hess item is 0.05140042304992676
3000	0.385	0.424	0.400	0.381
3010	0.385	0.425	0.399	0.382
3020	0.384	0.432	0.399	0.386
3030	0.386	0.418	0.400	0.380
3040	0.387	0.422	0.402	0.379
eigenvalues:  tensor([25.5530, 24.7689])
preconditioned eigenvalues tensor([390.9078, 375.4900])
hess item is 0.048948366194963455
3050	0.386	0.418	0.401	0.379
3060	0.387	0.421	0.401	0.383
3070	0.385	0.430	0.399	0.387
3080	0.384	0.422	0.399	0.383
3090	0.385	0.420	0.399	0.382
eigenvalues:  tensor([25.1092, 24.2689])
preconditioned eigenvalues tensor([394.7606, 378.0781])
hess item is 0.046617258340120316
3100	0.386	0.422	0.400	0.382
3110	0.386	0.423	0.400	0.383
3120	0.386	0.419	0.401	0.378
3130	0.386	0.420	0.401	0.382
3140	0.386	0.424	0.400	0.385
eigenvalues:  tensor([24.7631, 23.8533])
preconditioned eigenvalues tensor([401.6662, 382.0306])
hess item is 0.04439539089798927
3150	0.387	0.423	0.401	0.380
3160	0.386	0.422	0.400	0.379
3170	0.385	0.425	0.400	0.385
3180	0.383	0.432	0.398	0.384
3190	0.383	0.437	0.398	0.387
eigenvalues:  tensor([24.2284, 23.5457])
preconditioned eigenvalues tensor([405.6001, 390.3552])
hess item is 0.042283348739147186
3200	0.385	0.427	0.399	0.387
3210	0.385	0.428	0.399	0.385
3220	0.386	0.423	0.400	0.384
3230	0.385	0.424	0.400	0.381
3240	0.386	0.418	0.400	0.380
eigenvalues:  tensor([23.8927, 23.0759])
preconditioned eigenvalues tensor([408.9834, 390.2886])
hess item is 0.04027331992983818
3250	0.386	0.418	0.400	0.380
3260	0.387	0.414	0.401	0.379
3270	0.385	0.418	0.400	0.379
3280	0.386	0.424	0.400	0.386
3290	0.385	0.423	0.400	0.385
eigenvalues:  tensor([23.5436, 22.6393])
preconditioned eigenvalues tensor([414.7709, 392.4950])
hess item is 0.03836185857653618
3300	0.386	0.420	0.400	0.380
3310	0.385	0.424	0.399	0.387
3320	0.386	0.419	0.400	0.382
3330	0.385	0.429	0.399	0.387
3340	0.385	0.424	0.400	0.383
eigenvalues:  tensor([23.1443, 22.1910])
preconditioned eigenvalues tensor([420.1494, 395.4281])
hess item is 0.03654332831501961
3350	0.386	0.420	0.401	0.382
3360	0.384	0.420	0.399	0.381
3370	0.385	0.417	0.400	0.382
3380	0.385	0.426	0.400	0.384
3390	0.385	0.424	0.400	0.383
eigenvalues:  tensor([22.9426, 21.9779])
preconditioned eigenvalues tensor([429.6440, 402.8292])
hess item is 0.03480978310108185
3400	0.386	0.420	0.400	0.382
3410	0.386	0.417	0.401	0.381
3420	0.387	0.419	0.401	0.380
3430	0.386	0.421	0.401	0.382
3440	0.385	0.427	0.399	0.385
eigenvalues:  tensor([22.4729, 21.4583])
preconditioned eigenvalues tensor([431.3006, 401.2154])
hess item is 0.033164456486701965
3450	0.387	0.417	0.401	0.382
3460	0.385	0.429	0.399	0.386
3470	0.386	0.427	0.400	0.385
3480	0.385	0.416	0.400	0.377
3490	0.386	0.422	0.400	0.382
eigenvalues:  tensor([22.2677, 21.3095])
preconditioned eigenvalues tensor([438.4309, 409.9803])
hess item is 0.0315946526825428
3500	0.386	0.420	0.400	0.381
3510	0.386	0.422	0.401	0.380
3520	0.386	0.422	0.400	0.382
3530	0.385	0.425	0.399	0.387
3540	0.384	0.432	0.398	0.390
eigenvalues:  tensor([21.8319, 21.0262])
preconditioned eigenvalues tensor([440.3229, 414.8125])
hess item is 0.030101539567112923
3550	0.386	0.422	0.400	0.383
3560	0.388	0.420	0.401	0.384
3570	0.386	0.420	0.400	0.382
3580	0.386	0.421	0.400	0.383
3590	0.386	0.421	0.400	0.385
eigenvalues:  tensor([21.5987, 20.7348])
preconditioned eigenvalues tensor([447.6495, 419.8377])
hess item is 0.02868252620100975
3600	0.387	0.417	0.401	0.381
3610	0.387	0.419	0.401	0.380
3620	0.390	0.412	0.404	0.376
3630	0.386	0.416	0.400	0.378
3640	0.387	0.414	0.401	0.376
eigenvalues:  tensor([21.3914, 20.5191])
preconditioned eigenvalues tensor([456.4495, 425.4936])
hess item is 0.027333011850714684
3650	0.386	0.424	0.400	0.386
3660	0.384	0.427	0.398	0.387
3670	0.385	0.421	0.399	0.383
3680	0.384	0.426	0.398	0.385
3690	0.386	0.425	0.400	0.381
eigenvalues:  tensor([21.2097, 20.2963])
preconditioned eigenvalues tensor([466.2921, 432.0769])
hess item is 0.02604842558503151
3700	0.385	0.425	0.400	0.383
3710	0.384	0.423	0.398	0.386
3720	0.385	0.423	0.399	0.385
3730	0.386	0.418	0.400	0.385
3740	0.388	0.418	0.402	0.384
eigenvalues:  tensor([20.7353, 20.1315])
preconditioned eigenvalues tensor([461.2366, 441.0382])
hess item is 0.02482459507882595
3750	0.385	0.422	0.399	0.390
3760	0.386	0.419	0.399	0.385
3770	0.385	0.426	0.398	0.388
3780	0.386	0.424	0.399	0.390
3790	0.385	0.423	0.398	0.389
eigenvalues:  tensor([20.8395, 20.1959])
preconditioned eigenvalues tensor([472.8642, 449.3645])
hess item is 0.023662595078349113
3800	0.386	0.418	0.400	0.383
3810	0.388	0.418	0.402	0.382
3820	0.387	0.426	0.401	0.385
3830	0.387	0.424	0.401	0.379
3840	0.386	0.425	0.400	0.391
eigenvalues:  tensor([20.4503, 19.7172])
preconditioned eigenvalues tensor([479.0243, 450.2841])
hess item is 0.022557085379958153
3850	0.385	0.425	0.399	0.386
3860	0.386	0.418	0.400	0.381
3870	0.389	0.403	0.403	0.372
3880	0.387	0.425	0.400	0.385
3890	0.387	0.416	0.401	0.379
eigenvalues:  tensor([20.2014, 19.5870])
preconditioned eigenvalues tensor([481.8434, 457.4592])
hess item is 0.02150478959083557
3900	0.386	0.419	0.400	0.381
3910	0.386	0.421	0.400	0.386
3920	0.389	0.414	0.402	0.379
3930	0.389	0.416	0.402	0.377
3940	0.389	0.411	0.403	0.376
eigenvalues:  tensor([19.8125, 19.3556])
preconditioned eigenvalues tensor([477.7892, 460.1450])
hess item is 0.020502235740423203
3950	0.389	0.420	0.402	0.383
3960	0.386	0.432	0.400	0.387
3970	0.390	0.414	0.403	0.380
3980	0.389	0.410	0.402	0.380
3990	0.389	0.412	0.403	0.381
eigenvalues:  tensor([20.1758, 19.5544])
preconditioned eigenvalues tensor([496.3892, 470.5850])
hess item is 0.019549062475562096
4000	0.389	0.406	0.403	0.374
4010	0.390	0.407	0.404	0.373
4020	0.389	0.416	0.402	0.382
4030	0.388	0.415	0.402	0.382
4040	0.390	0.407	0.404	0.377
eigenvalues:  tensor([19.7498, 19.1188])
preconditioned eigenvalues tensor([502.1884, 473.8584])
hess item is 0.01864251121878624
4050	0.390	0.413	0.403	0.381
4060	0.392	0.404	0.406	0.373
4070	0.388	0.416	0.401	0.380
4080	0.389	0.409	0.402	0.377
4090	0.390	0.409	0.403	0.378
eigenvalues:  tensor([20.2348, 19.5094])
preconditioned eigenvalues tensor([522.6072, 488.4283])
hess item is 0.017778240144252777
4100	0.391	0.409	0.404	0.377
4110	0.389	0.414	0.402	0.382
4120	0.388	0.416	0.401	0.381
4130	0.389	0.410	0.402	0.378
4140	0.388	0.415	0.401	0.382
eigenvalues:  tensor([19.9814, 19.4262])
preconditioned eigenvalues tensor([522.9725, 497.8892])
hess item is 0.016955146566033363
4150	0.390	0.411	0.403	0.377
4160	0.390	0.410	0.403	0.382
4170	0.391	0.403	0.404	0.373
4180	0.391	0.403	0.404	0.373
4190	0.389	0.410	0.402	0.376
eigenvalues:  tensor([20.1452, 19.6087])
preconditioned eigenvalues tensor([538.1798, 513.5908])
hess item is 0.01617451012134552
4200	0.390	0.409	0.403	0.375
4210	0.392	0.409	0.405	0.375
4220	0.393	0.406	0.406	0.377
4230	0.390	0.420	0.403	0.385
4240	0.393	0.406	0.406	0.377
eigenvalues:  tensor([20.1935, 19.8012])
preconditioned eigenvalues tensor([543.9476, 521.9872])
hess item is 0.015432797372341156
4250	0.390	0.416	0.403	0.382
4260	0.398	0.398	0.411	0.371
4270	0.392	0.407	0.405	0.377
4280	0.393	0.402	0.406	0.374
4290	0.394	0.407	0.407	0.378
eigenvalues:  tensor([20.6026, 20.0099])
preconditioned eigenvalues tensor([564.0132, 532.0734])
hess item is 0.014727802015841007
4300	0.394	0.407	0.407	0.374
4310	0.392	0.413	0.405	0.380
4320	0.398	0.395	0.411	0.366
4330	0.391	0.407	0.404	0.378
4340	0.392	0.407	0.405	0.378
eigenvalues:  tensor([20.0141, 19.4450])
preconditioned eigenvalues tensor([574.6996, 540.4725])
hess item is 0.014056858606636524
4350	0.392	0.406	0.405	0.378
4360	0.395	0.406	0.408	0.378
4370	0.396	0.398	0.408	0.371
4380	0.394	0.406	0.406	0.378
4390	0.393	0.406	0.406	0.379
eigenvalues:  tensor([19.9597, 19.2129])
preconditioned eigenvalues tensor([583.5923, 538.7939])
hess item is 0.013415678404271603
4400	0.393	0.416	0.405	0.382
4410	0.397	0.399	0.410	0.371
4420	0.395	0.396	0.408	0.369
4430	0.395	0.400	0.408	0.373
4440	0.393	0.401	0.406	0.374
eigenvalues:  tensor([20.1568, 19.4791])
preconditioned eigenvalues tensor([597.9590, 557.6613])
hess item is 0.012808908708393574
4450	0.393	0.406	0.406	0.374
4460	0.394	0.403	0.407	0.374
4470	0.395	0.399	0.408	0.368
4480	0.391	0.408	0.404	0.377
4490	0.391	0.413	0.404	0.380
eigenvalues:  tensor([19.6516, 19.0839])
preconditioned eigenvalues tensor([591.7609, 554.6016])
hess item is 0.01223024446517229
4500	0.391	0.410	0.403	0.378
4510	0.389	0.417	0.401	0.380
4520	0.392	0.410	0.404	0.373
4530	0.393	0.403	0.405	0.374
4540	0.397	0.395	0.409	0.368
eigenvalues:  tensor([19.5979, 19.2036])
preconditioned eigenvalues tensor([587.3394, 560.9529])
hess item is 0.011679988354444504
4550	0.392	0.412	0.405	0.378
4560	0.393	0.408	0.405	0.377
4570	0.392	0.402	0.404	0.375
4580	0.391	0.406	0.404	0.375
4590	0.394	0.401	0.407	0.373
eigenvalues:  tensor([19.1318, 18.7333])
preconditioned eigenvalues tensor([592.0652, 561.1419])
hess item is 0.011158888228237629
4600	0.392	0.410	0.405	0.378
4610	0.394	0.403	0.407	0.373
4620	0.394	0.409	0.407	0.378
4630	0.394	0.405	0.407	0.379
4640	0.391	0.410	0.404	0.379
eigenvalues:  tensor([19.4064, 18.9494])
preconditioned eigenvalues tensor([597.7251, 561.1597])
hess item is 0.010664217174053192
4650	0.395	0.397	0.408	0.373
4660	0.401	0.394	0.414	0.368
4670	0.401	0.397	0.414	0.368
4680	0.399	0.401	0.412	0.376
4690	0.399	0.403	0.412	0.375
eigenvalues:  tensor([19.6865, 19.2382])
preconditioned eigenvalues tensor([604.2301, 573.7606])
hess item is 0.0101908128708601
4700	0.393	0.409	0.405	0.378
4710	0.394	0.403	0.407	0.374
4720	0.395	0.406	0.408	0.376
4730	0.398	0.398	0.411	0.370
4740	0.397	0.402	0.409	0.370
eigenvalues:  tensor([20.2549, 19.7389])
preconditioned eigenvalues tensor([632.1675, 588.1581])
hess item is 0.0097408602014184
4750	0.393	0.404	0.406	0.375
4760	0.392	0.409	0.405	0.377
4770	0.392	0.409	0.405	0.377
4780	0.399	0.401	0.412	0.372
4790	0.402	0.398	0.414	0.369
eigenvalues:  tensor([21.2913, 20.8462])
preconditioned eigenvalues tensor([655.7658, 610.3965])
hess item is 0.009314365684986115
4800	0.405	0.391	0.418	0.362
4810	0.405	0.391	0.418	0.363
4820	0.400	0.397	0.412	0.371
4830	0.398	0.398	0.411	0.373
4840	0.401	0.398	0.414	0.371
eigenvalues:  tensor([21.6705, 21.1969])
preconditioned eigenvalues tensor([679.6617, 633.0782])
hess item is 0.008907700888812542
4850	0.397	0.402	0.410	0.375
4860	0.395	0.402	0.408	0.376
4870	0.399	0.394	0.412	0.369
4880	0.397	0.400	0.410	0.372
4890	0.395	0.407	0.408	0.380
eigenvalues:  tensor([22.1033, 21.6559])
preconditioned eigenvalues tensor([697.9949, 649.7841])
hess item is 0.008521664887666702
4900	0.396	0.409	0.408	0.379
4910	0.396	0.402	0.409	0.378
4920	0.399	0.393	0.413	0.366
4930	0.399	0.395	0.412	0.374
4940	0.398	0.400	0.412	0.373
eigenvalues:  tensor([21.7518, 21.3244])
preconditioned eigenvalues tensor([707.4451, 668.5383])
hess item is 0.008155066519975662
4950	0.396	0.409	0.409	0.381
4960	0.397	0.406	0.410	0.380
4970	0.400	0.401	0.412	0.376
4980	0.399	0.401	0.411	0.377
4990	0.404	0.389	0.417	0.363
eigenvalues:  tensor([22.1266, 21.5487])
preconditioned eigenvalues tensor([715.7972, 658.1562])
hess item is 0.007806421723216772
5000	0.401	0.390	0.414	0.363
5010	0.400	0.403	0.413	0.373
5020	0.400	0.405	0.412	0.376
5030	0.400	0.406	0.413	0.375
5040	0.402	0.402	0.415	0.372
eigenvalues:  tensor([22.2689, 21.8559])
preconditioned eigenvalues tensor([731.9155, 680.7428])
hess item is 0.007473099045455456
5050	0.401	0.396	0.415	0.369
5060	0.401	0.401	0.415	0.377
5070	0.401	0.402	0.414	0.374
5080	0.402	0.399	0.415	0.374
5090	0.402	0.399	0.415	0.372
eigenvalues:  tensor([22.8670, 22.2211])
preconditioned eigenvalues tensor([784.2381, 690.1908])
hess item is 0.007159881293773651
5100	0.398	0.405	0.411	0.379
5110	0.402	0.400	0.415	0.374
5120	0.405	0.393	0.417	0.368
5130	0.400	0.401	0.412	0.370
5140	0.403	0.392	0.416	0.364
eigenvalues:  tensor([24.1042, 23.3848])
preconditioned eigenvalues tensor([804.9044, 723.1196])
hess item is 0.006860674358904362
5150	0.411	0.391	0.423	0.366
5160	0.406	0.395	0.418	0.371
5170	0.403	0.399	0.416	0.375
5180	0.406	0.394	0.418	0.370
5190	0.404	0.392	0.416	0.370
eigenvalues:  tensor([24.6448, 23.8962])
preconditioned eigenvalues tensor([832.5511, 727.8467])
hess item is 0.00657291617244482
5200	0.404	0.393	0.417	0.370
5210	0.402	0.391	0.415	0.363
5220	0.413	0.379	0.425	0.354
5230	0.404	0.396	0.417	0.371
5240	0.404	0.398	0.417	0.366
eigenvalues:  tensor([25.0246, 24.2971])
preconditioned eigenvalues tensor([841.7993, 736.2917])
hess item is 0.006305423565208912
5250	0.403	0.389	0.415	0.360
5260	0.404	0.386	0.417	0.362
5270	0.401	0.396	0.414	0.369
5280	0.398	0.397	0.411	0.372
5290	0.402	0.385	0.415	0.360
eigenvalues:  tensor([25.8304, 25.2006])
preconditioned eigenvalues tensor([832.9968, 718.4528])
hess item is 0.006048306822776794
5300	0.401	0.394	0.414	0.366
5310	0.403	0.395	0.416	0.371
5320	0.399	0.400	0.411	0.373
5330	0.406	0.387	0.419	0.363
5340	0.405	0.391	0.418	0.370
eigenvalues:  tensor([26.8818, 26.3492])
preconditioned eigenvalues tensor([829.8854, 760.8104])
hess item is 0.00580371031537652
5350	0.416	0.376	0.429	0.353
5360	0.402	0.400	0.415	0.374
5370	0.405	0.391	0.418	0.370
5380	0.405	0.393	0.418	0.373
5390	0.402	0.389	0.415	0.364
eigenvalues:  tensor([26.6710, 26.2481])
preconditioned eigenvalues tensor([857.8824, 777.8340])
hess item is 0.005573799833655357
5400	0.402	0.392	0.415	0.368
5410	0.408	0.385	0.421	0.362
5420	0.409	0.378	0.422	0.355
5430	0.411	0.373	0.424	0.347
5440	0.410	0.376	0.423	0.352
eigenvalues:  tensor([28.4157, 27.9037])
preconditioned eigenvalues tensor([881.3319, 784.2249])
hess item is 0.0053556375205516815
5450	0.407	0.382	0.420	0.357
5460	0.404	0.389	0.417	0.363
5470	0.411	0.377	0.423	0.354
5480	0.408	0.385	0.420	0.361
5490	0.405	0.392	0.417	0.366
eigenvalues:  tensor([27.7152, 27.1632])
preconditioned eigenvalues tensor([879.7885, 789.0521])
hess item is 0.005153469275683165
5500	0.405	0.388	0.417	0.363
5510	0.411	0.380	0.424	0.354
5520	0.412	0.376	0.425	0.350
5530	0.413	0.381	0.425	0.357
5540	0.409	0.384	0.421	0.359
eigenvalues:  tensor([30.1831, 29.8239])
preconditioned eigenvalues tensor([888.0315, 831.2091])
hess item is 0.004953939002007246
5550	0.411	0.377	0.424	0.353
5560	0.409	0.379	0.422	0.355
5570	0.402	0.389	0.415	0.365
5580	0.403	0.391	0.415	0.368
5590	0.414	0.377	0.426	0.355
eigenvalues:  tensor([31.0457, 30.7343])
preconditioned eigenvalues tensor([874.7003, 815.0576])
hess item is 0.004765571095049381
5600	0.415	0.370	0.426	0.351
5610	0.408	0.374	0.420	0.359
5620	0.408	0.383	0.420	0.361
5630	0.405	0.387	0.417	0.368
5640	0.412	0.377	0.424	0.359
eigenvalues:  tensor([31.2630, 30.8948])
preconditioned eigenvalues tensor([895.8755, 818.3229])
hess item is 0.004588620271533728
5650	0.406	0.384	0.418	0.367
5660	0.404	0.378	0.416	0.360
5670	0.399	0.385	0.411	0.365
5680	0.405	0.383	0.418	0.361
5690	0.405	0.380	0.417	0.363
eigenvalues:  tensor([32.5207, 32.1252])
preconditioned eigenvalues tensor([912.8005, 823.0822])
hess item is 0.004419958218932152
5700	0.409	0.380	0.422	0.357
5710	0.406	0.378	0.418	0.355
5720	0.414	0.365	0.427	0.348
5730	0.408	0.375	0.420	0.357
5740	0.410	0.377	0.422	0.354
eigenvalues:  tensor([34.4826, 34.1099])
preconditioned eigenvalues tensor([902.5321, 811.5768])
hess item is 0.0042594242841005325
5750	0.413	0.373	0.425	0.349
5760	0.411	0.374	0.423	0.349
5770	0.407	0.375	0.419	0.356
5780	0.422	0.356	0.434	0.338
5790	0.407	0.378	0.419	0.357
eigenvalues:  tensor([35.0906, 34.6892])
preconditioned eigenvalues tensor([924.9100, 809.5599])
hess item is 0.004111152607947588
5800	0.405	0.382	0.417	0.364
5810	0.404	0.383	0.416	0.365
5820	0.407	0.379	0.419	0.359
5830	0.411	0.379	0.423	0.358
5840	0.415	0.363	0.428	0.346
eigenvalues:  tensor([37.3680, 36.9835])
preconditioned eigenvalues tensor([931.6230, 812.2781])
hess item is 0.00396913755685091
5850	0.412	0.374	0.424	0.354
5860	0.413	0.365	0.426	0.347
5870	0.415	0.367	0.427	0.348
5880	0.419	0.369	0.431	0.347
5890	0.409	0.376	0.422	0.356
eigenvalues:  tensor([38.8124, 38.4557])
preconditioned eigenvalues tensor([929.7975, 815.1096])
hess item is 0.0038348755333572626
5900	0.410	0.371	0.422	0.350
5910	0.412	0.370	0.424	0.347
5920	0.412	0.369	0.424	0.352
5930	0.417	0.369	0.429	0.346
5940	0.412	0.376	0.423	0.353
eigenvalues:  tensor([39.8935, 39.6133])
preconditioned eigenvalues tensor([892.4068, 811.2519])
hess item is 0.003708119038492441
5950	0.410	0.371	0.422	0.348
5960	0.415	0.373	0.426	0.354
5970	0.418	0.367	0.430	0.349
5980	0.415	0.370	0.426	0.351
5990	0.413	0.368	0.425	0.346
eigenvalues:  tensor([41.5703, 41.3588])
preconditioned eigenvalues tensor([901.2631, 826.9543])
hess item is 0.0035871940199285746
6000	0.415	0.364	0.426	0.347
6010	0.419	0.358	0.431	0.341
6020	0.416	0.367	0.428	0.346
6030	0.422	0.357	0.434	0.339
6040	0.419	0.360	0.430	0.342
eigenvalues:  tensor([44.0391, 43.8197])
preconditioned eigenvalues tensor([888.1788, 820.7103])
hess item is 0.0034740171395242214
6050	0.416	0.366	0.427	0.349
6060	0.413	0.362	0.424	0.343
6070	0.416	0.358	0.428	0.335
6080	0.413	0.365	0.424	0.350
6090	0.418	0.357	0.430	0.341
eigenvalues:  tensor([46.0444, 45.8862])
preconditioned eigenvalues tensor([900.7847, 841.9178])
hess item is 0.003368204226717353
6100	0.419	0.356	0.430	0.337
6110	0.416	0.364	0.428	0.348
6120	0.419	0.355	0.430	0.340
6130	0.419	0.363	0.430	0.344
6140	0.419	0.358	0.431	0.339
eigenvalues:  tensor([47.0080, 46.8935])
preconditioned eigenvalues tensor([896.6386, 849.6014])
hess item is 0.0032653510570526123
6150	0.411	0.370	0.422	0.351
6160	0.411	0.368	0.423	0.350
6170	0.412	0.362	0.423	0.346
6180	0.412	0.364	0.424	0.348
6190	0.416	0.359	0.427	0.342
eigenvalues:  tensor([49.1182, 48.9648])
preconditioned eigenvalues tensor([934.7991, 873.9537])
hess item is 0.003168191760778427
6200	0.419	0.348	0.431	0.335
6210	0.420	0.345	0.431	0.331
6220	0.414	0.364	0.425	0.348
6230	0.421	0.348	0.433	0.335
6240	0.419	0.351	0.430	0.336
eigenvalues:  tensor([51.0581, 50.9477])
preconditioned eigenvalues tensor([934.0342, 874.9789])
hess item is 0.0030822670087218285
6250	0.417	0.353	0.427	0.339
6260	0.415	0.353	0.426	0.335
6270	0.416	0.355	0.427	0.335
6280	0.416	0.355	0.427	0.336
6290	0.423	0.349	0.434	0.331
eigenvalues:  tensor([53.1577, 53.0759])
preconditioned eigenvalues tensor([900.5113, 856.4612])
hess item is 0.002999276388436556
6300	0.430	0.336	0.441	0.321
6310	0.418	0.345	0.429	0.330
6320	0.424	0.346	0.435	0.329
6330	0.424	0.343	0.435	0.325
6340	0.426	0.343	0.436	0.329
eigenvalues:  tensor([56.5181, 56.4193])
preconditioned eigenvalues tensor([919.3961, 850.4703])
hess item is 0.0029257088899612427
6350	0.420	0.350	0.431	0.331
6360	0.424	0.340	0.434	0.323
6370	0.430	0.329	0.441	0.313
6380	0.420	0.347	0.431	0.328
6390	0.424	0.346	0.435	0.330
eigenvalues:  tensor([58.0568, 58.0318])
preconditioned eigenvalues tensor([872.4507, 832.3232])
hess item is 0.002857225714251399
6400	0.420	0.343	0.432	0.327
6410	0.419	0.349	0.431	0.329
6420	0.419	0.344	0.430	0.327
6430	0.421	0.345	0.433	0.329
6440	0.426	0.343	0.437	0.325
eigenvalues:  tensor([60.0565, 60.0448])
preconditioned eigenvalues tensor([878.2016, 844.4365])
hess item is 0.0027826104778796434
6450	0.425	0.340	0.436	0.322
6460	0.425	0.337	0.437	0.323
6470	0.430	0.336	0.441	0.319
6480	0.429	0.335	0.440	0.320
6490	0.432	0.333	0.442	0.317
eigenvalues:  tensor([61.3834, 61.2917])
preconditioned eigenvalues tensor([843.3856, 805.7898])
hess item is 0.002721628174185753
6500	0.424	0.342	0.435	0.324
6510	0.422	0.342	0.433	0.328
6520	0.423	0.341	0.434	0.325
6530	0.421	0.351	0.432	0.333
6540	0.419	0.346	0.430	0.328
eigenvalues:  tensor([63.1002, 62.9933])
preconditioned eigenvalues tensor([861.7158, 798.0284])
hess item is 0.002664486411958933
6550	0.418	0.350	0.429	0.334
6560	0.423	0.339	0.434	0.324
6570	0.418	0.343	0.430	0.328
6580	0.424	0.335	0.435	0.319
6590	0.423	0.336	0.434	0.323
eigenvalues:  tensor([65.1309, 65.0521])
preconditioned eigenvalues tensor([842.4651, 799.5430])
hess item is 0.0026144557632505894
6600	0.425	0.337	0.436	0.321
6610	0.420	0.339	0.431	0.326
6620	0.420	0.343	0.431	0.327
6630	0.425	0.335	0.436	0.319
6640	0.432	0.329	0.442	0.313
eigenvalues:  tensor([68.0793, 67.9101])
preconditioned eigenvalues tensor([816.1250, 764.8148])
hess item is 0.0025624826084822416
6650	0.424	0.341	0.435	0.327
6660	0.424	0.345	0.434	0.331
6670	0.422	0.347	0.432	0.333
6680	0.426	0.336	0.436	0.323
6690	0.422	0.338	0.432	0.325
eigenvalues:  tensor([70.4894, 70.3314])
preconditioned eigenvalues tensor([815.5886, 754.7570])
hess item is 0.002510844962671399
6700	0.417	0.346	0.427	0.330
6710	0.416	0.343	0.426	0.328
6720	0.418	0.340	0.429	0.327
6730	0.424	0.328	0.434	0.315
6740	0.425	0.331	0.436	0.314
eigenvalues:  tensor([73.8976, 73.6972])
preconditioned eigenvalues tensor([802.5545, 745.0809])
hess item is 0.0024644392542541027
6750	0.421	0.350	0.431	0.333
6760	0.420	0.340	0.431	0.324
6770	0.425	0.330	0.436	0.317
6780	0.423	0.335	0.434	0.320
6790	0.422	0.331	0.433	0.317
eigenvalues:  tensor([76.4965, 76.2744])
preconditioned eigenvalues tensor([809.8032, 724.8440])
hess item is 0.0024240806233137846
6800	0.422	0.331	0.432	0.317
6810	0.421	0.330	0.432	0.319
6820	0.422	0.333	0.432	0.316
6830	0.421	0.331	0.431	0.319
6840	0.422	0.324	0.433	0.310
eigenvalues:  tensor([78.9133, 78.6869])
preconditioned eigenvalues tensor([795.5947, 703.1617])
hess item is 0.0023853881284594536
6850	0.419	0.333	0.429	0.319
6860	0.420	0.329	0.431	0.316
6870	0.424	0.325	0.435	0.311
6880	0.422	0.328	0.433	0.313
6890	0.420	0.336	0.431	0.320
eigenvalues:  tensor([80.3683, 80.1323])
preconditioned eigenvalues tensor([772.4465, 684.3008])
hess item is 0.002353168558329344
6900	0.418	0.334	0.429	0.322
6910	0.423	0.338	0.433	0.323
6920	0.424	0.333	0.435	0.317
6930	0.422	0.333	0.433	0.321
6940	0.420	0.334	0.431	0.319
eigenvalues:  tensor([82.3862, 82.1781])
preconditioned eigenvalues tensor([757.0994, 674.5342])
hess item is 0.0023271499667316675
6950	0.423	0.337	0.434	0.320
6960	0.418	0.341	0.428	0.328
6970	0.424	0.333	0.434	0.321
6980	0.424	0.331	0.433	0.317
6990	0.420	0.332	0.430	0.315
eigenvalues:  tensor([83.8918, 83.7089])
preconditioned eigenvalues tensor([742.3755, 665.3571])
hess item is 0.0023020850494503975
7000	0.419	0.336	0.429	0.319
7010	0.425	0.323	0.436	0.309
7020	0.417	0.335	0.427	0.324
7030	0.423	0.328	0.434	0.315
7040	0.425	0.321	0.436	0.310
eigenvalues:  tensor([86.9132, 86.7334])
preconditioned eigenvalues tensor([729.1150, 657.4418])
hess item is 0.0022774809040129185
7050	0.423	0.328	0.433	0.311
7060	0.425	0.325	0.435	0.308
7070	0.425	0.316	0.435	0.301
7080	0.424	0.318	0.434	0.304
7090	0.418	0.332	0.428	0.315
eigenvalues:  tensor([89.2580, 89.1164])
preconditioned eigenvalues tensor([700.6374, 636.8051])
hess item is 0.002256210660561919
7100	0.420	0.329	0.430	0.311
7110	0.421	0.322	0.431	0.308
7120	0.425	0.323	0.435	0.308
7130	0.421	0.322	0.431	0.308
7140	0.420	0.324	0.430	0.310
eigenvalues:  tensor([92.9230, 92.8051])
preconditioned eigenvalues tensor([689.6417, 642.5607])
hess item is 0.00223634485155344
7150	0.424	0.316	0.434	0.302
7160	0.424	0.315	0.434	0.301
7170	0.421	0.322	0.431	0.310
7180	0.422	0.325	0.431	0.308
7190	0.421	0.323	0.431	0.308
eigenvalues:  tensor([94.9389, 94.8343])
preconditioned eigenvalues tensor([670.3511, 627.6804])
hess item is 0.002219567308202386
7200	0.420	0.325	0.430	0.312
7210	0.422	0.328	0.431	0.315
7220	0.422	0.327	0.432	0.312
7230	0.423	0.319	0.433	0.306
7240	0.419	0.327	0.428	0.310
eigenvalues:  tensor([97.2065, 97.1132])
preconditioned eigenvalues tensor([660.7542, 628.1268])
hess item is 0.002206691075116396
7250	0.420	0.327	0.430	0.312
7260	0.422	0.317	0.432	0.304
7270	0.419	0.324	0.429	0.310
7280	0.420	0.324	0.429	0.314
7290	0.423	0.318	0.432	0.303
eigenvalues:  tensor([99.6776, 99.5884])
preconditioned eigenvalues tensor([654.1023, 610.9324])
hess item is 0.0021874764934182167
7300	0.423	0.316	0.432	0.303
7310	0.422	0.317	0.431	0.302
7320	0.419	0.320	0.429	0.308
7330	0.418	0.326	0.428	0.315
7340	0.422	0.323	0.431	0.311
eigenvalues:  tensor([102.6160, 102.5482])
preconditioned eigenvalues tensor([627.5287, 604.8575])
hess item is 0.0021817877423018217
7350	0.424	0.319	0.433	0.302
7360	0.422	0.318	0.432	0.303
7370	0.423	0.325	0.432	0.310
7380	0.422	0.321	0.432	0.309
7390	0.425	0.323	0.434	0.302
eigenvalues:  tensor([104.7983, 104.7096])
preconditioned eigenvalues tensor([629.9756, 605.4478])
hess item is 0.0021674165036529303
7400	0.425	0.316	0.434	0.301
7410	0.424	0.313	0.433	0.296
7420	0.419	0.321	0.429	0.304
7430	0.419	0.327	0.428	0.314
7440	0.424	0.314	0.433	0.298
eigenvalues:  tensor([106.5799, 106.4932])
preconditioned eigenvalues tensor([619.6790, 582.9459])
hess item is 0.002154968213289976
7450	0.423	0.315	0.432	0.299
7460	0.421	0.324	0.430	0.308
7470	0.421	0.322	0.430	0.310
7480	0.425	0.310	0.434	0.295
7490	0.427	0.317	0.436	0.301
eigenvalues:  tensor([108.5411, 108.4419])
preconditioned eigenvalues tensor([614.1403, 572.2050])
hess item is 0.0021523237228393555
7500	0.424	0.320	0.433	0.304
7510	0.425	0.316	0.434	0.300
7520	0.425	0.308	0.434	0.295
7530	0.423	0.317	0.432	0.303
7540	0.423	0.325	0.432	0.310
eigenvalues:  tensor([110.1509, 110.0799])
preconditioned eigenvalues tensor([579.0439, 549.9461])
hess item is 0.0021422961726784706
7550	0.425	0.313	0.434	0.298
7560	0.428	0.310	0.437	0.296
7570	0.426	0.314	0.435	0.298
7580	0.423	0.322	0.432	0.306
7590	0.420	0.322	0.429	0.307
eigenvalues:  tensor([110.7639, 110.6902])
preconditioned eigenvalues tensor([583.9100, 545.6360])
hess item is 0.0021404409781098366
7600	0.422	0.320	0.431	0.305
7610	0.421	0.320	0.430	0.305
7620	0.423	0.323	0.432	0.305
7630	0.424	0.318	0.433	0.304
7640	0.425	0.318	0.434	0.299
eigenvalues:  tensor([112.7489, 112.6670])
preconditioned eigenvalues tensor([596.8351, 530.6668])
hess item is 0.0021383215207606554
7650	0.425	0.319	0.434	0.303
7660	0.427	0.312	0.435	0.297
7670	0.420	0.319	0.429	0.303
7680	0.425	0.317	0.433	0.301
7690	0.426	0.313	0.435	0.298
eigenvalues:  tensor([114.0908, 114.0022])
preconditioned eigenvalues tensor([599.3547, 530.8082])
hess item is 0.0021373869385570288
7700	0.424	0.312	0.433	0.297
7710	0.424	0.315	0.433	0.299
7720	0.424	0.317	0.432	0.296
7730	0.421	0.325	0.429	0.311
7740	0.421	0.318	0.429	0.304
eigenvalues:  tensor([114.8260, 114.7372])
preconditioned eigenvalues tensor([603.7306, 533.5615])
hess item is 0.0021336323115974665
7750	0.420	0.318	0.429	0.303
7760	0.419	0.317	0.427	0.301
7770	0.424	0.311	0.432	0.296
7780	0.428	0.306	0.436	0.295
7790	0.426	0.302	0.434	0.289
eigenvalues:  tensor([117.2757, 117.1912])
preconditioned eigenvalues tensor([586.6841, 521.3404])
hess item is 0.002141892211511731
7800	0.422	0.312	0.431	0.297
7810	0.424	0.310	0.432	0.296
7820	0.427	0.305	0.436	0.293
7830	0.422	0.320	0.431	0.302
7840	0.422	0.322	0.430	0.308
eigenvalues:  tensor([118.0974, 118.0141])
preconditioned eigenvalues tensor([577.7698, 529.2551])
hess item is 0.002144356956705451
7850	0.423	0.313	0.431	0.300
7860	0.421	0.322	0.429	0.306
7870	0.420	0.326	0.429	0.312
7880	0.423	0.322	0.432	0.309
7890	0.422	0.318	0.430	0.306
eigenvalues:  tensor([118.2783, 118.1961])
preconditioned eigenvalues tensor([585.3610, 525.1453])
hess item is 0.002152172615751624
7900	0.421	0.320	0.430	0.306
7910	0.423	0.313	0.431	0.298
7920	0.428	0.298	0.437	0.283
7930	0.424	0.306	0.433	0.291
7940	0.427	0.309	0.436	0.294
eigenvalues:  tensor([119.8100, 119.7355])
preconditioned eigenvalues tensor([565.5079, 518.1643])
hess item is 0.002156314440071583
7950	0.424	0.309	0.432	0.296
7960	0.422	0.312	0.431	0.295
7970	0.424	0.308	0.433	0.292
7980	0.425	0.310	0.434	0.297
7990	0.424	0.310	0.432	0.295
eigenvalues:  tensor([120.9664, 120.9009])
preconditioned eigenvalues tensor([566.1691, 514.5776])
hess item is 0.002154108602553606
8000	0.423	0.313	0.431	0.299
8010	0.423	0.317	0.432	0.304
8020	0.424	0.316	0.432	0.303
8030	0.424	0.317	0.432	0.302
8040	0.427	0.310	0.436	0.296
eigenvalues:  tensor([121.4337, 121.3695])
preconditioned eigenvalues tensor([560.5266, 514.9930])
hess item is 0.0021586869843304157
8050	0.424	0.315	0.433	0.301
8060	0.423	0.313	0.432	0.297
8070	0.421	0.314	0.430	0.302
8080	0.421	0.315	0.430	0.302
8090	0.426	0.305	0.435	0.289
eigenvalues:  tensor([122.0844, 122.0275])
preconditioned eigenvalues tensor([551.6593, 511.7062])
hess item is 0.0021670048590749502
8100	0.424	0.309	0.432	0.293
8110	0.422	0.315	0.431	0.301
8120	0.423	0.314	0.431	0.300
8130	0.422	0.318	0.431	0.304
8140	0.421	0.319	0.430	0.305
eigenvalues:  tensor([123.1382, 123.0921])
preconditioned eigenvalues tensor([528.6849, 478.5372])
hess item is 0.002169384155422449
8150	0.422	0.318	0.431	0.305
8160	0.421	0.315	0.430	0.299
8170	0.422	0.318	0.430	0.304
8180	0.421	0.317	0.429	0.302
8190	0.421	0.318	0.430	0.304
eigenvalues:  tensor([123.9536, 123.9114])
preconditioned eigenvalues tensor([525.2718, 486.2209])
hess item is 0.002174094319343567
8200	0.422	0.317	0.430	0.302
8210	0.420	0.325	0.428	0.311
8220	0.424	0.314	0.433	0.303
8230	0.420	0.315	0.428	0.303
8240	0.419	0.322	0.427	0.308
eigenvalues:  tensor([123.7314, 123.6860])
preconditioned eigenvalues tensor([545.4606, 474.3555])
hess item is 0.0021827146410942078
8250	0.423	0.312	0.432	0.299
8260	0.424	0.310	0.433	0.295
8270	0.424	0.314	0.433	0.298
8280	0.426	0.316	0.434	0.301
8290	0.428	0.315	0.436	0.299
eigenvalues:  tensor([123.7439, 123.7029])
preconditioned eigenvalues tensor([531.5422, 474.6790])
hess item is 0.002198990434408188
8300	0.423	0.321	0.431	0.308
8310	0.427	0.311	0.435	0.298
8320	0.426	0.319	0.434	0.301
8330	0.426	0.319	0.434	0.303
8340	0.425	0.314	0.433	0.301
eigenvalues:  tensor([124.7496, 124.7060])
preconditioned eigenvalues tensor([523.5768, 453.5674])
hess item is 0.0022126096300780773
8350	0.423	0.320	0.431	0.309
8360	0.425	0.315	0.433	0.302
8370	0.428	0.313	0.436	0.298
8380	0.421	0.324	0.429	0.312
8390	0.423	0.314	0.431	0.300
eigenvalues:  tensor([124.8968, 124.8531])
preconditioned eigenvalues tensor([540.6993, 448.0606])
hess item is 0.002222096547484398
8400	0.423	0.314	0.431	0.301
8410	0.428	0.308	0.436	0.295
8420	0.425	0.309	0.433	0.295
8430	0.425	0.313	0.433	0.301
8440	0.425	0.314	0.433	0.298
eigenvalues:  tensor([125.7906, 125.7521])
preconditioned eigenvalues tensor([525.2638, 448.0573])
hess item is 0.0022314933594316244
8450	0.426	0.310	0.434	0.297
8460	0.423	0.314	0.431	0.303
8470	0.423	0.316	0.431	0.304
8480	0.425	0.310	0.433	0.298
8490	0.426	0.307	0.434	0.295
eigenvalues:  tensor([126.3820, 126.3382])
preconditioned eigenvalues tensor([498.0219, 437.2283])
hess item is 0.0022397178690880537
8500	0.426	0.308	0.434	0.294
8510	0.426	0.306	0.434	0.296
8520	0.424	0.319	0.431	0.306
8530	0.423	0.319	0.431	0.306
8540	0.421	0.319	0.429	0.307
eigenvalues:  tensor([126.3992, 126.3514])
preconditioned eigenvalues tensor([519.0925, 428.4016])
hess item is 0.0022508499678224325
8550	0.424	0.312	0.432	0.300
8560	0.422	0.313	0.430	0.302
8570	0.424	0.315	0.432	0.303
8580	0.422	0.317	0.430	0.306
8590	0.424	0.311	0.433	0.298
eigenvalues:  tensor([126.6230, 126.5832])
preconditioned eigenvalues tensor([505.0648, 426.5792])
hess item is 0.002248117933049798
8600	0.424	0.308	0.432	0.294
8610	0.422	0.315	0.430	0.302
8620	0.426	0.312	0.434	0.299
8630	0.426	0.304	0.434	0.291
8640	0.423	0.310	0.431	0.300
eigenvalues:  tensor([127.2750, 127.2324])
preconditioned eigenvalues tensor([522.3461, 422.9854])
hess item is 0.002252759411931038
8650	0.425	0.315	0.433	0.300
8660	0.423	0.321	0.431	0.305
8670	0.424	0.310	0.432	0.297
8680	0.425	0.312	0.433	0.297
8690	0.423	0.315	0.431	0.299
eigenvalues:  tensor([126.8849, 126.8492])
preconditioned eigenvalues tensor([504.9618, 428.3246])
hess item is 0.002273560967296362
8700	0.422	0.316	0.430	0.301
8710	0.425	0.309	0.432	0.295
8720	0.425	0.306	0.433	0.292
8730	0.427	0.310	0.434	0.295
8740	0.426	0.308	0.434	0.295
eigenvalues:  tensor([127.3813, 127.3485])
preconditioned eigenvalues tensor([524.8880, 416.1665])
hess item is 0.0022834327537566423
8750	0.426	0.309	0.434	0.296
8760	0.423	0.319	0.431	0.302
8770	0.422	0.318	0.430	0.303
8780	0.425	0.308	0.432	0.295
8790	0.432	0.301	0.439	0.290
eigenvalues:  tensor([127.5281, 127.4955])
preconditioned eigenvalues tensor([518.0269, 412.0307])
hess item is 0.0022922945208847523
8800	0.427	0.309	0.435	0.294
8810	0.427	0.306	0.434	0.293
8820	0.424	0.313	0.432	0.298
8830	0.425	0.308	0.433	0.296
8840	0.427	0.305	0.434	0.295
eigenvalues:  tensor([127.7041, 127.6725])
preconditioned eigenvalues tensor([520.2642, 412.2254])
hess item is 0.002304587746039033
8850	0.428	0.302	0.435	0.292
8860	0.427	0.307	0.435	0.295
8870	0.427	0.307	0.434	0.295
8880	0.431	0.299	0.439	0.288
8890	0.430	0.307	0.437	0.294
eigenvalues:  tensor([127.6111, 127.5794])
preconditioned eigenvalues tensor([530.2810, 403.8729])
hess item is 0.0023210658691823483
8900	0.428	0.308	0.436	0.297
8910	0.423	0.317	0.430	0.303
8920	0.424	0.315	0.432	0.300
8930	0.425	0.311	0.433	0.296
8940	0.428	0.305	0.436	0.293
eigenvalues:  tensor([127.9919, 127.9651])
preconditioned eigenvalues tensor([511.8316, 417.5600])
hess item is 0.002343464642763138
8950	0.429	0.308	0.436	0.294
8960	0.426	0.310	0.434	0.298
8970	0.424	0.310	0.432	0.298
8980	0.425	0.314	0.432	0.303
8990	0.426	0.312	0.433	0.300
eigenvalues:  tensor([128.4666, 128.4406])
preconditioned eigenvalues tensor([508.3163, 414.1982])
hess item is 0.0023599190171808004
9000	0.426	0.310	0.434	0.294
9010	0.424	0.315	0.431	0.301
9020	0.426	0.312	0.433	0.299
9030	0.427	0.306	0.435	0.291
9040	0.425	0.310	0.433	0.298
eigenvalues:  tensor([127.5253, 127.4965])
preconditioned eigenvalues tensor([515.2699, 410.3920])
hess item is 0.002371489768847823
9050	0.426	0.313	0.434	0.299
9060	0.425	0.316	0.432	0.302
9070	0.425	0.310	0.433	0.298
9080	0.425	0.309	0.433	0.298
9090	0.427	0.311	0.435	0.299
eigenvalues:  tensor([128.2447, 128.2173])
preconditioned eigenvalues tensor([526.1577, 399.7036])
hess item is 0.00237981416285038
9100	0.425	0.311	0.433	0.300
9110	0.423	0.321	0.430	0.310
9120	0.425	0.312	0.433	0.299
9130	0.427	0.308	0.435	0.295
9140	0.426	0.311	0.433	0.296
eigenvalues:  tensor([127.5621, 127.5372])
preconditioned eigenvalues tensor([524.4454, 388.4161])
hess item is 0.002402510726824403
9150	0.425	0.310	0.433	0.297
9160	0.428	0.306	0.435	0.293
9170	0.425	0.309	0.432	0.296
9180	0.427	0.305	0.435	0.292
9190	0.426	0.311	0.433	0.296
eigenvalues:  tensor([128.1151, 128.0896])
preconditioned eigenvalues tensor([484.7357, 388.7902])
hess item is 0.0024114386178553104
9200	0.424	0.312	0.432	0.299
9210	0.425	0.313	0.432	0.301
9220	0.424	0.312	0.432	0.298
9230	0.426	0.309	0.433	0.296
9240	0.425	0.311	0.433	0.298
eigenvalues:  tensor([127.8180, 127.7891])
preconditioned eigenvalues tensor([536.2718, 373.3780])
hess item is 0.002418080810457468
9250	0.424	0.317	0.431	0.303
9260	0.423	0.312	0.431	0.300
9270	0.423	0.314	0.430	0.301
9280	0.422	0.320	0.430	0.306
9290	0.424	0.314	0.432	0.298
eigenvalues:  tensor([128.1063, 128.0803])
preconditioned eigenvalues tensor([545.6615, 410.6794])
hess item is 0.002429470419883728
9300	0.424	0.314	0.431	0.300
9310	0.420	0.322	0.428	0.311
9320	0.422	0.319	0.430	0.307
9330	0.425	0.313	0.433	0.301
9340	0.425	0.316	0.432	0.304
eigenvalues:  tensor([128.4608, 128.4377])
preconditioned eigenvalues tensor([512.5668, 398.6620])
hess item is 0.002435237867757678
9350	0.426	0.308	0.434	0.298
9360	0.425	0.311	0.433	0.301
9370	0.425	0.313	0.432	0.302
9380	0.421	0.320	0.428	0.309
9390	0.422	0.319	0.429	0.311
eigenvalues:  tensor([128.3468, 128.3294])
preconditioned eigenvalues tensor([541.5731, 388.4466])
hess item is 0.0024471809156239033
9400	0.425	0.316	0.432	0.307
9410	0.425	0.314	0.432	0.304
9420	0.425	0.316	0.432	0.307
9430	0.425	0.313	0.433	0.301
9440	0.423	0.317	0.431	0.305
eigenvalues:  tensor([127.8366, 127.8167])
preconditioned eigenvalues tensor([568.4611, 378.5074])
hess item is 0.0024676716420799494
9450	0.422	0.318	0.430	0.305
9460	0.424	0.313	0.432	0.302
9470	0.425	0.313	0.433	0.301
9480	0.423	0.316	0.431	0.306
9490	0.428	0.308	0.435	0.299
eigenvalues:  tensor([128.8229, 128.8040])
preconditioned eigenvalues tensor([516.3253, 369.7579])
hess item is 0.0024751981254667044
9500	0.426	0.310	0.434	0.302
9510	0.425	0.309	0.433	0.301
9520	0.424	0.307	0.432	0.297
9530	0.424	0.310	0.432	0.300
9540	0.423	0.315	0.430	0.303
eigenvalues:  tensor([128.1261, 128.1076])
preconditioned eigenvalues tensor([567.6996, 467.4157])
hess item is 0.002495500724762678
9550	0.426	0.308	0.433	0.300
9560	0.425	0.312	0.432	0.301
9570	0.424	0.315	0.431	0.304
9580	0.426	0.312	0.434	0.300
9590	0.423	0.316	0.431	0.305
eigenvalues:  tensor([128.1897, 128.1742])
preconditioned eigenvalues tensor([588.0707, 437.7885])
hess item is 0.002503040712326765
9600	0.425	0.317	0.432	0.306
9610	0.424	0.315	0.432	0.305
9620	0.424	0.317	0.431	0.306
9630	0.424	0.319	0.432	0.306
9640	0.425	0.315	0.433	0.304
eigenvalues:  tensor([128.5336, 128.5178])
preconditioned eigenvalues tensor([504.9005, 395.8129])
hess item is 0.002514446619898081
9650	0.425	0.319	0.433	0.307
9660	0.424	0.319	0.432	0.307
9670	0.424	0.318	0.431	0.305
9680	0.423	0.318	0.431	0.307
9690	0.425	0.316	0.433	0.306
eigenvalues:  tensor([127.9813, 127.9662])
preconditioned eigenvalues tensor([562.4575, 426.7451])
hess item is 0.002526412717998028
9700	0.424	0.315	0.432	0.305
9710	0.426	0.313	0.433	0.303
9720	0.427	0.311	0.435	0.299
9730	0.425	0.314	0.432	0.303
9740	0.423	0.316	0.430	0.306
eigenvalues:  tensor([128.4384, 128.4243])
preconditioned eigenvalues tensor([499.8036, 370.3489])
hess item is 0.0025334057863801718
9750	0.424	0.315	0.431	0.301
9760	0.426	0.310	0.433	0.300
9770	0.426	0.314	0.433	0.304
9780	0.426	0.312	0.433	0.300
9790	0.428	0.314	0.436	0.301
eigenvalues:  tensor([129.5654, 129.5491])
preconditioned eigenvalues tensor([501.7124, 429.7572])
hess item is 0.0025378610007464886
9800	0.429	0.312	0.436	0.299
9810	0.428	0.314	0.435	0.300
9820	0.426	0.313	0.434	0.300
9830	0.425	0.316	0.433	0.303
9840	0.425	0.318	0.432	0.305
eigenvalues:  tensor([129.2700, 129.2563])
preconditioned eigenvalues tensor([ 487.8222, -458.1157])
hess item is 0.0025449232198297977
9850	0.425	0.314	0.432	0.304
9860	0.423	0.317	0.430	0.307
9870	0.425	0.315	0.432	0.304
9880	0.423	0.315	0.431	0.304
9890	0.423	0.316	0.431	0.306
eigenvalues:  tensor([129.4419, 129.4276])
preconditioned eigenvalues tensor([554.1173, 453.2645])
hess item is 0.0025515409652143717
9900	0.423	0.316	0.431	0.307
9910	0.425	0.315	0.432	0.304
9920	0.426	0.310	0.433	0.300
9930	0.427	0.310	0.434	0.303
9940	0.425	0.314	0.432	0.304
eigenvalues:  tensor([129.1567, 129.1422])
preconditioned eigenvalues tensor([ 496.6199, -406.0645])
hess item is 0.0025643790140748024
9950	0.424	0.316	0.431	0.307
9960	0.425	0.316	0.432	0.305
9970	0.425	0.314	0.432	0.304
9980	0.426	0.309	0.433	0.302
9990	0.426	0.310	0.433	0.303
