device: cuda:7
output directory: RESULTS/cifar10-10k/fc-tanh/seed_0/mse/ivon/lr_0.0005_h0_1.0_post_1_alpha_100.0_beta2_0.999_beta_0.0_ess_10000000.0_ivon
Files already downloaded and verified
Files already downloaded and verified
optimizer is IVON
0	0.597	0.131	0.597	0.131
10	0.574	0.136	0.574	0.137
20	0.559	0.142	0.559	0.142
30	0.547	0.148	0.548	0.149
40	0.539	0.154	0.540	0.155
eigenvalues:  tensor([80.6328, 66.5247])
preconditioned eigenvalues tensor([85.0071, 70.1568])
hess item is 0.9522598385810852
50	0.532	0.161	0.534	0.162
60	0.527	0.168	0.528	0.168
70	0.522	0.173	0.524	0.174
80	0.519	0.179	0.520	0.178
90	0.515	0.184	0.517	0.183
eigenvalues:  tensor([80.2435, 66.0902])
preconditioned eigenvalues tensor([88.9694, 73.2332])
hess item is 0.9062448143959045
100	0.512	0.191	0.514	0.186
110	0.509	0.195	0.511	0.191
120	0.506	0.198	0.508	0.194
130	0.504	0.202	0.506	0.197
140	0.501	0.205	0.503	0.199
eigenvalues:  tensor([79.7618, 65.5887])
preconditioned eigenvalues tensor([92.9329, 76.3857])
hess item is 0.8623486757278442
150	0.499	0.210	0.501	0.202
160	0.497	0.212	0.499	0.204
170	0.495	0.213	0.498	0.207
180	0.493	0.217	0.496	0.210
190	0.492	0.218	0.494	0.212
eigenvalues:  tensor([79.3027, 65.0887])
preconditioned eigenvalues tensor([97.0786, 79.7075])
hess item is 0.8205083608627319
200	0.490	0.220	0.492	0.214
210	0.488	0.222	0.491	0.216
220	0.486	0.225	0.489	0.218
230	0.485	0.226	0.487	0.220
240	0.483	0.228	0.486	0.222
eigenvalues:  tensor([78.9062, 64.5594])
preconditioned eigenvalues tensor([101.4469,  83.3176])
hess item is 0.7807765007019043
250	0.482	0.229	0.484	0.224
260	0.480	0.232	0.483	0.225
270	0.479	0.235	0.482	0.227
280	0.478	0.237	0.481	0.229
290	0.476	0.238	0.479	0.230
eigenvalues:  tensor([78.5514, 64.0151])
preconditioned eigenvalues tensor([106.3174,  86.8355])
hess item is 0.7429309487342834
300	0.475	0.241	0.478	0.232
310	0.474	0.242	0.477	0.233
320	0.472	0.244	0.475	0.233
330	0.471	0.245	0.474	0.234
340	0.469	0.247	0.473	0.237
eigenvalues:  tensor([78.1837, 63.5502])
preconditioned eigenvalues tensor([111.1680,  90.3771])
hess item is 0.7069618701934814
350	0.468	0.248	0.471	0.238
360	0.466	0.249	0.470	0.238
370	0.465	0.251	0.469	0.240
380	0.464	0.253	0.467	0.241
390	0.463	0.254	0.466	0.243
eigenvalues:  tensor([77.8412, 63.0957])
preconditioned eigenvalues tensor([115.6256,  94.9562])
hess item is 0.6726891994476318
400	0.462	0.256	0.465	0.245
410	0.460	0.256	0.464	0.245
420	0.458	0.257	0.462	0.245
430	0.457	0.259	0.461	0.247
440	0.456	0.261	0.460	0.248
eigenvalues:  tensor([77.4766, 62.6239])
preconditioned eigenvalues tensor([121.6975,  98.3095])
hess item is 0.6400666236877441
450	0.455	0.263	0.459	0.249
460	0.454	0.265	0.458	0.250
470	0.453	0.267	0.457	0.252
480	0.452	0.268	0.457	0.253
490	0.452	0.269	0.456	0.255
eigenvalues:  tensor([77.1425, 62.2333])
preconditioned eigenvalues tensor([127.3043, 102.5705])
hess item is 0.6090974807739258
500	0.451	0.270	0.455	0.255
510	0.450	0.271	0.454	0.257
520	0.449	0.273	0.453	0.258
530	0.448	0.275	0.453	0.260
540	0.447	0.277	0.452	0.261
eigenvalues:  tensor([76.8387, 61.9596])
preconditioned eigenvalues tensor([133.4127, 107.1786])
hess item is 0.5796844363212585
550	0.446	0.279	0.451	0.262
560	0.446	0.280	0.450	0.263
570	0.445	0.282	0.449	0.264
580	0.444	0.283	0.449	0.265
590	0.443	0.283	0.448	0.267
eigenvalues:  tensor([76.5397, 61.7897])
preconditioned eigenvalues tensor([139.4572, 112.3538])
hess item is 0.5516236424446106
600	0.442	0.285	0.447	0.269
610	0.441	0.286	0.445	0.272
620	0.440	0.288	0.445	0.273
630	0.439	0.292	0.444	0.276
640	0.438	0.293	0.443	0.278
eigenvalues:  tensor([76.2621, 61.6532])
preconditioned eigenvalues tensor([146.0303, 117.7805])
hess item is 0.5249007344245911
650	0.437	0.295	0.442	0.279
660	0.437	0.296	0.442	0.281
670	0.436	0.297	0.441	0.282
680	0.435	0.299	0.440	0.282
690	0.435	0.299	0.440	0.284
eigenvalues:  tensor([76.0040, 61.5302])
preconditioned eigenvalues tensor([152.8992, 123.5631])
hess item is 0.49952611327171326
700	0.434	0.301	0.439	0.285
710	0.433	0.303	0.439	0.286
720	0.433	0.304	0.438	0.287
730	0.432	0.306	0.438	0.287
740	0.431	0.308	0.437	0.289
eigenvalues:  tensor([75.7556, 61.4297])
preconditioned eigenvalues tensor([160.4604, 129.5907])
hess item is 0.47535040974617004
750	0.431	0.308	0.436	0.289
760	0.430	0.310	0.436	0.291
770	0.430	0.310	0.435	0.292
780	0.429	0.311	0.435	0.293
790	0.429	0.312	0.434	0.293
eigenvalues:  tensor([75.5761, 61.3348])
preconditioned eigenvalues tensor([167.7792, 135.9182])
hess item is 0.45229455828666687
800	0.428	0.313	0.434	0.294
810	0.427	0.314	0.433	0.295
820	0.427	0.315	0.433	0.295
830	0.426	0.316	0.432	0.296
840	0.426	0.317	0.432	0.298
eigenvalues:  tensor([75.3151, 61.2199])
preconditioned eigenvalues tensor([175.6445, 142.5707])
hess item is 0.430380642414093
850	0.425	0.319	0.431	0.298
860	0.425	0.320	0.431	0.298
870	0.424	0.322	0.431	0.299
880	0.424	0.323	0.430	0.299
890	0.423	0.324	0.430	0.301
eigenvalues:  tensor([75.0695, 61.1181])
preconditioned eigenvalues tensor([183.9305, 149.4612])
hess item is 0.4095408618450165
900	0.423	0.325	0.429	0.301
910	0.422	0.325	0.429	0.302
920	0.422	0.326	0.428	0.302
930	0.421	0.328	0.428	0.303
940	0.421	0.329	0.428	0.304
eigenvalues:  tensor([74.8178, 61.0086])
preconditioned eigenvalues tensor([192.4603, 156.7907])
hess item is 0.38971206545829773
950	0.421	0.330	0.427	0.306
960	0.420	0.331	0.427	0.307
970	0.420	0.333	0.426	0.307
980	0.419	0.335	0.426	0.308
990	0.419	0.335	0.426	0.309
eigenvalues:  tensor([74.6005, 60.9162])
preconditioned eigenvalues tensor([201.6596, 164.4252])
hess item is 0.3708685636520386
1000	0.418	0.336	0.425	0.310
1010	0.418	0.338	0.425	0.310
1020	0.418	0.338	0.425	0.310
1030	0.417	0.340	0.424	0.311
1040	0.417	0.340	0.424	0.312
eigenvalues:  tensor([74.2501, 60.8169])
preconditioned eigenvalues tensor([211.0129, 172.3784])
hess item is 0.35300251841545105
1050	0.416	0.340	0.424	0.313
1060	0.416	0.341	0.423	0.312
1070	0.416	0.342	0.423	0.312
1080	0.415	0.343	0.423	0.314
1090	0.415	0.345	0.422	0.314
eigenvalues:  tensor([73.8536, 60.6827])
preconditioned eigenvalues tensor([220.7124, 180.6151])
hess item is 0.33596745133399963
1100	0.414	0.346	0.422	0.315
1110	0.414	0.347	0.422	0.316
1120	0.414	0.348	0.421	0.317
1130	0.413	0.348	0.421	0.318
1140	0.413	0.349	0.421	0.319
eigenvalues:  tensor([73.5552, 60.5773])
preconditioned eigenvalues tensor([230.4148, 189.3560])
hess item is 0.31972458958625793
1150	0.412	0.349	0.420	0.320
1160	0.412	0.350	0.420	0.322
1170	0.412	0.351	0.420	0.323
1180	0.411	0.352	0.419	0.323
1190	0.411	0.353	0.419	0.324
eigenvalues:  tensor([73.2981, 60.4771])
preconditioned eigenvalues tensor([241.1597, 198.5939])
hess item is 0.3042985200881958
1200	0.411	0.354	0.419	0.325
1210	0.410	0.355	0.418	0.325
1220	0.410	0.356	0.418	0.327
1230	0.410	0.357	0.418	0.327
1240	0.409	0.358	0.418	0.329
eigenvalues:  tensor([73.1027, 60.3975])
preconditioned eigenvalues tensor([252.5698, 208.4420])
hess item is 0.2896142899990082
1250	0.409	0.359	0.417	0.329
1260	0.409	0.360	0.417	0.329
1270	0.408	0.361	0.417	0.329
1280	0.408	0.362	0.417	0.331
1290	0.408	0.362	0.416	0.331
eigenvalues:  tensor([72.8560, 60.3164])
preconditioned eigenvalues tensor([264.1749, 218.3783])
hess item is 0.27563712000846863
1300	0.407	0.363	0.416	0.332
1310	0.407	0.364	0.416	0.332
1320	0.407	0.365	0.416	0.332
1330	0.406	0.364	0.415	0.332
1340	0.406	0.366	0.415	0.333
eigenvalues:  tensor([72.6745, 60.2303])
preconditioned eigenvalues tensor([276.8500, 229.1068])
hess item is 0.2623341679573059
1350	0.406	0.367	0.415	0.334
1360	0.405	0.367	0.415	0.334
1370	0.405	0.369	0.414	0.335
1380	0.405	0.369	0.414	0.335
1390	0.404	0.370	0.414	0.336
eigenvalues:  tensor([72.4819, 60.1651])
preconditioned eigenvalues tensor([289.9574, 240.4466])
hess item is 0.24972113966941833
1400	0.404	0.370	0.414	0.336
1410	0.404	0.371	0.413	0.337
1420	0.404	0.372	0.413	0.338
1430	0.403	0.372	0.413	0.340
1440	0.403	0.374	0.413	0.340
eigenvalues:  tensor([72.2773, 60.0861])
preconditioned eigenvalues tensor([303.6406, 252.0959])
hess item is 0.2377064824104309
1450	0.403	0.374	0.413	0.340
1460	0.402	0.375	0.412	0.341
1470	0.402	0.375	0.412	0.342
1480	0.402	0.377	0.412	0.342
1490	0.402	0.379	0.412	0.343
eigenvalues:  tensor([72.1035, 59.9994])
preconditioned eigenvalues tensor([317.9157, 264.3692])
hess item is 0.22628618776798248
1500	0.401	0.379	0.412	0.345
1510	0.401	0.380	0.411	0.345
1520	0.401	0.381	0.411	0.345
1530	0.400	0.382	0.411	0.347
1540	0.400	0.383	0.411	0.347
eigenvalues:  tensor([71.9398, 59.9070])
preconditioned eigenvalues tensor([332.8373, 276.8719])
hess item is 0.21540401875972748
1550	0.400	0.383	0.410	0.349
1560	0.400	0.385	0.410	0.350
1570	0.399	0.384	0.410	0.350
1580	0.399	0.385	0.410	0.350
1590	0.399	0.387	0.410	0.350
eigenvalues:  tensor([71.7057, 59.8176])
preconditioned eigenvalues tensor([348.6105, 291.7687])
hess item is 0.20504942536354065
1600	0.399	0.387	0.410	0.351
1610	0.398	0.389	0.409	0.352
1620	0.398	0.389	0.409	0.354
1630	0.398	0.390	0.409	0.353
1640	0.398	0.391	0.409	0.355
eigenvalues:  tensor([71.5465, 59.6622])
preconditioned eigenvalues tensor([361.8340, 304.1179])
hess item is 0.19519318640232086
1650	0.397	0.393	0.409	0.356
1660	0.397	0.393	0.409	0.354
1670	0.397	0.394	0.408	0.354
1680	0.397	0.394	0.408	0.355
1690	0.396	0.395	0.408	0.356
eigenvalues:  tensor([71.3578, 59.5728])
preconditioned eigenvalues tensor([382.0226, 315.5527])
hess item is 0.18582682311534882
1700	0.396	0.395	0.408	0.356
1710	0.396	0.397	0.408	0.356
1720	0.396	0.397	0.408	0.356
1730	0.395	0.398	0.408	0.357
1740	0.395	0.399	0.407	0.357
eigenvalues:  tensor([71.1935, 59.4349])
preconditioned eigenvalues tensor([399.7066, 332.4297])
hess item is 0.17692546546459198
1750	0.395	0.400	0.407	0.358
1760	0.395	0.401	0.407	0.359
1770	0.395	0.400	0.407	0.357
1780	0.394	0.401	0.407	0.359
1790	0.394	0.401	0.407	0.359
eigenvalues:  tensor([71.0239, 59.2999])
preconditioned eigenvalues tensor([418.9221, 349.2653])
hess item is 0.16845446825027466
1800	0.394	0.403	0.407	0.359
1810	0.394	0.402	0.406	0.360
1820	0.394	0.402	0.406	0.359
1830	0.393	0.403	0.406	0.359
1840	0.393	0.404	0.406	0.360
eigenvalues:  tensor([70.9075, 59.1814])
preconditioned eigenvalues tensor([439.0681, 366.5971])
hess item is 0.1603984534740448
1850	0.393	0.405	0.406	0.360
1860	0.393	0.405	0.406	0.361
1870	0.392	0.406	0.406	0.360
1880	0.392	0.405	0.406	0.361
1890	0.392	0.406	0.405	0.361
eigenvalues:  tensor([70.6980, 59.1023])
preconditioned eigenvalues tensor([458.8069, 383.4396])
hess item is 0.15272630751132965
1900	0.392	0.407	0.405	0.360
1910	0.392	0.408	0.405	0.362
1920	0.391	0.408	0.405	0.362
1930	0.391	0.408	0.405	0.363
1940	0.391	0.410	0.405	0.363
eigenvalues:  tensor([70.5624, 59.0021])
preconditioned eigenvalues tensor([480.6702, 401.7801])
hess item is 0.14543607831001282
1950	0.391	0.410	0.405	0.364
1960	0.391	0.412	0.405	0.363
1970	0.390	0.412	0.404	0.364
1980	0.390	0.412	0.404	0.364
1990	0.390	0.415	0.404	0.364
eigenvalues:  tensor([70.3996, 58.9247])
preconditioned eigenvalues tensor([503.0257, 420.9589])
hess item is 0.13850037753582
2000	0.390	0.412	0.404	0.365
2010	0.390	0.415	0.404	0.366
2020	0.389	0.415	0.404	0.366
2030	0.389	0.417	0.404	0.366
2040	0.389	0.418	0.404	0.367
eigenvalues:  tensor([70.2346, 58.8079])
preconditioned eigenvalues tensor([526.4531, 440.7677])
hess item is 0.13190534710884094
2050	0.389	0.419	0.404	0.367
2060	0.389	0.420	0.404	0.366
2070	0.388	0.419	0.403	0.369
2080	0.388	0.421	0.403	0.368
2090	0.388	0.422	0.403	0.367
eigenvalues:  tensor([70.1042, 58.7393])
preconditioned eigenvalues tensor([551.2704, 461.8333])
hess item is 0.12562431395053864
2100	0.388	0.422	0.403	0.368
2110	0.388	0.423	0.403	0.367
2120	0.387	0.423	0.403	0.369
2130	0.387	0.424	0.403	0.369
2140	0.387	0.426	0.403	0.368
eigenvalues:  tensor([69.9408, 58.6521])
preconditioned eigenvalues tensor([576.8574, 483.7147])
hess item is 0.11964919418096542
2150	0.387	0.428	0.403	0.368
2160	0.387	0.426	0.403	0.369
2170	0.386	0.428	0.402	0.369
2180	0.386	0.428	0.402	0.369
2190	0.386	0.430	0.402	0.369
eigenvalues:  tensor([69.6703, 58.5698])
preconditioned eigenvalues tensor([602.4007, 506.6814])
hess item is 0.11397276073694229
2200	0.386	0.429	0.402	0.370
2210	0.386	0.430	0.402	0.370
2220	0.385	0.431	0.402	0.370
2230	0.385	0.431	0.402	0.370
2240	0.385	0.433	0.402	0.371
eigenvalues:  tensor([69.6388, 58.4819])
preconditioned eigenvalues tensor([631.5475, 530.6819])
hess item is 0.10857032984495163
2250	0.385	0.433	0.402	0.369
2260	0.385	0.435	0.402	0.370
2270	0.384	0.435	0.401	0.371
2280	0.384	0.435	0.401	0.372
2290	0.384	0.436	0.401	0.372
eigenvalues:  tensor([69.4020, 58.4112])
preconditioned eigenvalues tensor([660.1689, 555.9672])
hess item is 0.10342595726251602
2300	0.384	0.435	0.401	0.373
2310	0.384	0.436	0.401	0.373
2320	0.383	0.436	0.401	0.374
2330	0.383	0.436	0.401	0.373
2340	0.383	0.439	0.401	0.373
eigenvalues:  tensor([69.2695, 58.3422])
preconditioned eigenvalues tensor([690.8710, 582.4439])
hess item is 0.09854145348072052
2350	0.383	0.437	0.401	0.375
2360	0.383	0.438	0.401	0.375
2370	0.382	0.440	0.400	0.374
2380	0.382	0.439	0.400	0.375
2390	0.382	0.440	0.400	0.375
eigenvalues:  tensor([69.0362, 58.2362])
preconditioned eigenvalues tensor([721.3768, 609.4180])
hess item is 0.09389325976371765
2400	0.382	0.443	0.400	0.375
2410	0.382	0.441	0.400	0.377
2420	0.381	0.443	0.400	0.376
2430	0.381	0.443	0.400	0.378
2440	0.381	0.443	0.400	0.377
eigenvalues:  tensor([68.9026, 58.1561])
preconditioned eigenvalues tensor([755.2836, 637.9898])
hess item is 0.08947603404521942
2450	0.381	0.444	0.400	0.377
2460	0.380	0.445	0.400	0.377
2470	0.380	0.449	0.400	0.378
2480	0.380	0.447	0.399	0.377
2490	0.380	0.448	0.399	0.377
eigenvalues:  tensor([68.6222, 58.0558])
preconditioned eigenvalues tensor([788.6997, 667.6498])
hess item is 0.085273876786232
2500	0.380	0.449	0.399	0.377
2510	0.379	0.447	0.399	0.379
2520	0.379	0.447	0.399	0.379
2530	0.379	0.451	0.399	0.379
2540	0.379	0.452	0.399	0.379
eigenvalues:  tensor([68.4001, 57.9977])
preconditioned eigenvalues tensor([823.9329, 699.2953])
hess item is 0.08127395063638687
2550	0.379	0.451	0.399	0.380
2560	0.379	0.452	0.399	0.379
2570	0.378	0.451	0.399	0.379
2580	0.378	0.453	0.399	0.381
2590	0.378	0.453	0.399	0.381
eigenvalues:  tensor([68.3155, 57.9550])
preconditioned eigenvalues tensor([862.4075, 731.9509])
hess item is 0.07747287303209305
2600	0.378	0.454	0.398	0.381
2610	0.378	0.457	0.398	0.382
2620	0.377	0.454	0.398	0.384
2630	0.377	0.457	0.398	0.383
2640	0.377	0.455	0.398	0.382
eigenvalues:  tensor([68.0702, 57.8821])
preconditioned eigenvalues tensor([900.5604, 765.9582])
hess item is 0.0738564059138298
2650	0.377	0.455	0.398	0.382
2660	0.376	0.459	0.398	0.382
2670	0.376	0.457	0.398	0.383
2680	0.376	0.459	0.398	0.381
2690	0.376	0.461	0.398	0.383
eigenvalues:  tensor([67.8119, 57.7388])
preconditioned eigenvalues tensor([939.3608, 800.5473])
hess item is 0.07041732221841812
2700	0.376	0.462	0.398	0.385
2710	0.375	0.463	0.398	0.383
2720	0.375	0.463	0.397	0.384
2730	0.375	0.462	0.397	0.385
2740	0.375	0.461	0.397	0.386
eigenvalues:  tensor([67.6870, 57.7090])
preconditioned eigenvalues tensor([983.2578, 838.9023])
hess item is 0.06714528799057007
2750	0.375	0.464	0.397	0.387
2760	0.374	0.466	0.397	0.386
2770	0.374	0.466	0.397	0.386
2780	0.374	0.467	0.397	0.387
2790	0.374	0.466	0.397	0.385
eigenvalues:  tensor([67.4247, 57.5803])
preconditioned eigenvalues tensor([1025.7841,  876.3804])
hess item is 0.06404014676809311
2800	0.373	0.470	0.397	0.385
2810	0.373	0.470	0.397	0.385
2820	0.373	0.470	0.397	0.387
2830	0.373	0.469	0.397	0.389
2840	0.373	0.471	0.396	0.388
eigenvalues:  tensor([67.2846, 57.5575])
preconditioned eigenvalues tensor([1072.4375,  917.2769])
hess item is 0.06107450649142265
2850	0.372	0.472	0.396	0.387
2860	0.372	0.472	0.396	0.389
2870	0.372	0.472	0.396	0.391
2880	0.372	0.474	0.396	0.389
2890	0.372	0.474	0.396	0.389
eigenvalues:  tensor([67.0436, 57.5835])
preconditioned eigenvalues tensor([1119.1848,  961.3665])
hess item is 0.058260478079319
2900	0.371	0.475	0.396	0.388
2910	0.371	0.473	0.396	0.389
2920	0.371	0.477	0.396	0.390
2930	0.371	0.475	0.396	0.388
2940	0.370	0.478	0.396	0.391
eigenvalues:  tensor([66.8774, 57.4675])
preconditioned eigenvalues tensor([1169.3667, 1004.7951])
hess item is 0.05558213219046593
2950	0.370	0.476	0.396	0.391
2960	0.370	0.477	0.396	0.392
2970	0.370	0.479	0.396	0.390
2980	0.370	0.478	0.396	0.391
2990	0.369	0.482	0.396	0.390
eigenvalues:  tensor([66.6465, 57.4045])
preconditioned eigenvalues tensor([1220.2068, 1051.0900])
hess item is 0.053034860640764236
3000	0.369	0.479	0.395	0.392
3010	0.369	0.481	0.395	0.392
3020	0.369	0.483	0.395	0.392
3030	0.368	0.483	0.395	0.392
3040	0.368	0.484	0.395	0.394
eigenvalues:  tensor([66.6033, 57.4843])
preconditioned eigenvalues tensor([1278.4097, 1102.8204])
hess item is 0.05061787739396095
3050	0.368	0.482	0.395	0.393
3060	0.368	0.484	0.395	0.395
3070	0.368	0.484	0.395	0.394
3080	0.367	0.484	0.395	0.391
3090	0.367	0.486	0.395	0.396
eigenvalues:  tensor([66.2922, 57.3049])
preconditioned eigenvalues tensor([1331.4822, 1150.4979])
hess item is 0.048321060836315155
3100	0.367	0.487	0.395	0.396
3110	0.367	0.489	0.395	0.396
3120	0.366	0.488	0.395	0.398
3130	0.366	0.488	0.395	0.395
3140	0.366	0.490	0.394	0.397
eigenvalues:  tensor([66.1504, 57.2580])
preconditioned eigenvalues tensor([1390.4578, 1202.9396])
hess item is 0.04613234102725983
3150	0.366	0.490	0.394	0.398
3160	0.365	0.491	0.394	0.398
3170	0.365	0.493	0.395	0.398
3180	0.365	0.494	0.394	0.399
3190	0.365	0.496	0.394	0.398
eigenvalues:  tensor([65.8941, 57.2430])
preconditioned eigenvalues tensor([1450.0780, 1258.6357])
hess item is 0.04405337944626808
3200	0.365	0.495	0.394	0.399
3210	0.364	0.496	0.394	0.399
3220	0.364	0.493	0.394	0.398
3230	0.364	0.497	0.394	0.400
3240	0.364	0.496	0.394	0.397
eigenvalues:  tensor([65.8903, 57.1540])
preconditioned eigenvalues tensor([1518.6738, 1315.2383])
hess item is 0.042080678045749664
3250	0.363	0.497	0.394	0.399
3260	0.363	0.499	0.394	0.398
3270	0.363	0.501	0.394	0.400
3280	0.362	0.502	0.393	0.400
3290	0.362	0.501	0.393	0.400
eigenvalues:  tensor([65.8686, 57.0467])
preconditioned eigenvalues tensor([1588.9788, 1374.1362])
hess item is 0.04021690785884857
3300	0.362	0.503	0.393	0.401
3310	0.362	0.503	0.393	0.402
3320	0.362	0.503	0.393	0.402
3330	0.361	0.504	0.393	0.399
3340	0.361	0.506	0.393	0.402
eigenvalues:  tensor([65.7721, 57.0307])
preconditioned eigenvalues tensor([1660.9485, 1436.1538])
hess item is 0.03843415528535843
3350	0.361	0.503	0.393	0.401
3360	0.360	0.506	0.393	0.402
3370	0.361	0.507	0.393	0.402
3380	0.360	0.507	0.393	0.404
3390	0.360	0.509	0.393	0.400
eigenvalues:  tensor([65.6285, 56.9225])
preconditioned eigenvalues tensor([1734.0151, 1501.1432])
hess item is 0.03674223646521568
3400	0.359	0.509	0.393	0.403
3410	0.359	0.506	0.393	0.400
3420	0.359	0.510	0.393	0.402
3430	0.359	0.511	0.393	0.402
3440	0.358	0.518	0.393	0.403
eigenvalues:  tensor([65.4962, 56.9547])
preconditioned eigenvalues tensor([1811.1345, 1571.2505])
hess item is 0.03513100743293762
3450	0.358	0.518	0.393	0.404
3460	0.358	0.517	0.393	0.405
3470	0.358	0.517	0.393	0.404
3480	0.357	0.517	0.393	0.404
3490	0.357	0.518	0.393	0.405
eigenvalues:  tensor([65.2509, 56.8434])
preconditioned eigenvalues tensor([1889.2091, 1639.5948])
hess item is 0.03360751271247864
3500	0.357	0.518	0.392	0.403
3510	0.357	0.520	0.392	0.406
3520	0.356	0.525	0.392	0.406
3530	0.356	0.522	0.392	0.406
3540	0.356	0.525	0.392	0.405
eigenvalues:  tensor([65.3325, 56.7453])
preconditioned eigenvalues tensor([1977.1686, 1714.5782])
hess item is 0.03216459974646568
3550	0.355	0.523	0.392	0.405
3560	0.355	0.524	0.392	0.406
3570	0.355	0.524	0.392	0.404
3580	0.355	0.528	0.392	0.409
3590	0.354	0.529	0.392	0.409
eigenvalues:  tensor([65.3687, 56.7209])
preconditioned eigenvalues tensor([2072.9746, 1793.2441])
hess item is 0.03079259768128395
3600	0.354	0.530	0.392	0.407
3610	0.354	0.530	0.392	0.408
3620	0.353	0.528	0.392	0.407
3630	0.353	0.531	0.392	0.408
3640	0.353	0.531	0.392	0.407
eigenvalues:  tensor([64.6674, 56.5682])
preconditioned eigenvalues tensor([2149.6155, 1868.9720])
hess item is 0.029498767107725143
3650	0.353	0.530	0.392	0.406
3660	0.352	0.534	0.392	0.408
3670	0.353	0.534	0.392	0.405
3680	0.352	0.533	0.392	0.408
3690	0.352	0.537	0.392	0.409
eigenvalues:  tensor([64.9021, 56.6267])
preconditioned eigenvalues tensor([2259.5747, 1957.0211])
hess item is 0.028265509754419327
3700	0.351	0.539	0.391	0.411
3710	0.351	0.537	0.391	0.409
3720	0.351	0.536	0.392	0.407
3730	0.350	0.539	0.391	0.408
3740	0.351	0.537	0.392	0.407
eigenvalues:  tensor([65.0182, 56.5834])
preconditioned eigenvalues tensor([2370.8167, 2048.4070])
hess item is 0.027090609073638916
3750	0.350	0.541	0.391	0.405
3760	0.349	0.540	0.391	0.408
3770	0.349	0.544	0.391	0.409
3780	0.349	0.546	0.391	0.411
3790	0.349	0.546	0.391	0.408
eigenvalues:  tensor([64.9621, 56.5209])
preconditioned eigenvalues tensor([2474.6536, 2136.5100])
hess item is 0.02597607672214508
3800	0.348	0.543	0.391	0.408
3810	0.348	0.540	0.391	0.408
3820	0.348	0.546	0.391	0.410
3830	0.348	0.544	0.392	0.406
3840	0.347	0.549	0.391	0.410
eigenvalues:  tensor([64.8120, 56.3223])
preconditioned eigenvalues tensor([2587.6375, 2230.1731])
hess item is 0.02493170276284218
3850	0.347	0.550	0.391	0.409
3860	0.347	0.547	0.391	0.410
3870	0.347	0.551	0.392	0.405
3880	0.346	0.554	0.391	0.412
3890	0.345	0.552	0.391	0.410
eigenvalues:  tensor([63.6077, 56.3934])
preconditioned eigenvalues tensor([2674.4272, 2337.0598])
hess item is 0.023961326107382774
3900	0.345	0.554	0.391	0.409
3910	0.345	0.552	0.391	0.411
3920	0.344	0.558	0.390	0.413
3930	0.345	0.555	0.391	0.414
3940	0.344	0.557	0.391	0.409
eigenvalues:  tensor([63.9378, 56.2286])
preconditioned eigenvalues tensor([2806.1248, 2442.7112])
hess item is 0.023014796897768974
3950	0.344	0.553	0.391	0.406
3960	0.343	0.560	0.390	0.411
3970	0.344	0.556	0.392	0.407
3980	0.342	0.558	0.390	0.411
3990	0.342	0.554	0.391	0.406
eigenvalues:  tensor([63.9217, 56.2261])
preconditioned eigenvalues tensor([2953.7732, 2560.4163])
hess item is 0.022123804315924644
4000	0.341	0.564	0.391	0.411
4010	0.341	0.565	0.390	0.413
4020	0.341	0.562	0.391	0.410
4030	0.341	0.568	0.391	0.413
4040	0.340	0.568	0.390	0.413
eigenvalues:  tensor([63.0638, 55.7785])
preconditioned eigenvalues tensor([3077.6335, 2664.5803])
hess item is 0.02130568027496338
4050	0.341	0.564	0.391	0.413
4060	0.339	0.564	0.390	0.412
4070	0.341	0.561	0.392	0.406
4080	0.339	0.569	0.390	0.412
4090	0.339	0.572	0.391	0.414
eigenvalues:  tensor([63.3592, 55.6877])
preconditioned eigenvalues tensor([3304.6541, 2951.3586])
hess item is 0.02051299251616001
4100	0.341	0.568	0.394	0.405
4110	0.337	0.577	0.390	0.413
4120	0.339	0.577	0.392	0.413
4130	0.339	0.572	0.393	0.405
4140	0.337	0.576	0.391	0.412
eigenvalues:  tensor([62.1212, 55.4064])
preconditioned eigenvalues tensor([3277.7939, 2950.9658])
hess item is 0.019780676811933517
4150	0.337	0.574	0.391	0.411
4160	0.338	0.574	0.392	0.413
4170	0.336	0.575	0.391	0.411
4180	0.335	0.576	0.390	0.412
4190	0.335	0.582	0.390	0.415
eigenvalues:  tensor([60.4805, 54.8218])
preconditioned eigenvalues tensor([3716.5154, 3116.5459])
hess item is 0.01912475936114788
4200	0.336	0.576	0.392	0.409
4210	0.336	0.580	0.392	0.405
4220	0.334	0.582	0.391	0.410
4230	0.336	0.578	0.393	0.407
4240	0.335	0.580	0.392	0.414
eigenvalues:  tensor([59.7612, 54.4762])
preconditioned eigenvalues tensor([3880.2397, 3207.3694])
hess item is 0.01848684996366501
4250	0.333	0.587	0.391	0.413
4260	0.338	0.570	0.396	0.400
4270	0.336	0.573	0.395	0.401
4280	0.337	0.575	0.397	0.403
4290	0.345	0.553	0.404	0.388
eigenvalues:  tensor([54.0365, 53.3750])
preconditioned eigenvalues tensor([3861.8623, 3589.9045])
hess item is 0.018010906875133514
4300	0.337	0.567	0.397	0.399
4310	0.333	0.577	0.393	0.407
4320	0.332	0.588	0.392	0.409
4330	0.340	0.576	0.400	0.397
4340	0.329	0.597	0.390	0.416
eigenvalues:  tensor([52.8969, 51.8357])
preconditioned eigenvalues tensor([4981.5083, 3851.9224])
hess item is 0.017539771273732185
4350	0.336	0.588	0.398	0.402
4360	0.331	0.585	0.392	0.410
4370	0.330	0.593	0.393	0.407
4380	0.330	0.601	0.393	0.412
4390	0.333	0.594	0.396	0.402
eigenvalues:  tensor([50.5534, 48.3345])
preconditioned eigenvalues tensor([4220.7632, 3938.3113])
hess item is 0.017131680622696877
4400	0.338	0.573	0.401	0.393
4410	0.336	0.584	0.400	0.398
4420	0.328	0.604	0.393	0.410
4430	0.342	0.567	0.405	0.389
4440	0.335	0.581	0.400	0.402
eigenvalues:  tensor([47.6382, 46.4896])
preconditioned eigenvalues tensor([5441.9756, 3997.6250])
hess item is 0.016891930252313614
4450	0.349	0.554	0.413	0.388
4460	0.338	0.579	0.403	0.403
4470	0.334	0.582	0.400	0.399
4480	0.334	0.585	0.400	0.402
4490	0.346	0.556	0.413	0.381
eigenvalues:  tensor([46.6980, 44.0466])
preconditioned eigenvalues tensor([4274.6792, 4226.3164])
hess item is 0.016639452427625656
4500	0.328	0.604	0.395	0.411
4510	0.339	0.583	0.406	0.390
4520	0.329	0.602	0.397	0.405
4530	0.342	0.561	0.410	0.380
4540	0.332	0.597	0.401	0.398
eigenvalues:  tensor([44.1298, 41.3542])
preconditioned eigenvalues tensor([4409.7534, 4359.4849])
hess item is 0.016474662348628044
4550	0.337	0.584	0.405	0.400
4560	0.341	0.571	0.408	0.395
4570	0.331	0.601	0.399	0.398
4580	0.326	0.611	0.395	0.407
4590	0.331	0.572	0.402	0.397
eigenvalues:  tensor([40.3659, 40.0735])
preconditioned eigenvalues tensor([4864.8198, 4390.1748])
hess item is 0.016329243779182434
4600	0.328	0.601	0.398	0.404
4610	0.345	0.562	0.414	0.385
4620	0.335	0.586	0.405	0.400
4630	0.332	0.589	0.404	0.399
4640	0.331	0.585	0.404	0.394
eigenvalues:  tensor([40.2104, 38.6014])
preconditioned eigenvalues tensor([4622.4048, 4010.9841])
hess item is 0.01615908555686474
4650	0.357	0.541	0.429	0.369
4660	0.339	0.574	0.410	0.390
4670	0.340	0.584	0.412	0.386
4680	0.324	0.611	0.396	0.407
4690	0.340	0.582	0.412	0.398
eigenvalues:  tensor([37.3149, 36.8491])
preconditioned eigenvalues tensor([4894.6499, 4607.5972])
hess item is 0.016074638813734055
4700	0.326	0.609	0.399	0.402
4710	0.328	0.608	0.402	0.405
4720	0.335	0.588	0.408	0.392
4730	0.334	0.590	0.408	0.399
4740	0.327	0.601	0.403	0.399
eigenvalues:  tensor([36.2996, 35.7530])
preconditioned eigenvalues tensor([4582.6597, 4338.5449])
hess item is 0.015866173431277275
4750	0.322	0.613	0.398	0.406
4760	0.318	0.632	0.394	0.414
4770	0.330	0.595	0.407	0.396
4780	0.337	0.582	0.414	0.378
4790	0.336	0.584	0.413	0.386
eigenvalues:  tensor([36.0119, 34.5709])
preconditioned eigenvalues tensor([4659.6616, 4142.0635])
hess item is 0.015716085210442543
4800	0.322	0.612	0.401	0.408
4810	0.330	0.599	0.407	0.396
4820	0.321	0.622	0.402	0.397
4830	0.325	0.602	0.405	0.405
4840	0.316	0.631	0.397	0.410
eigenvalues:  tensor([35.5129, 34.2528])
preconditioned eigenvalues tensor([4638.9434, 4296.4917])
hess item is 0.015443132258951664
4850	0.314	0.638	0.395	0.414
4860	0.321	0.617	0.402	0.402
4870	0.326	0.603	0.407	0.396
4880	0.317	0.636	0.400	0.412
4890	0.352	0.567	0.434	0.374
eigenvalues:  tensor([35.5450, 34.2632])
preconditioned eigenvalues tensor([5040.5859, 4395.7300])
hess item is 0.015207462944090366
4900	0.327	0.612	0.410	0.392
4910	0.346	0.546	0.429	0.367
4920	0.331	0.587	0.414	0.382
4930	0.318	0.640	0.402	0.399
4940	0.318	0.629	0.401	0.409
eigenvalues:  tensor([34.1622, 33.1042])
preconditioned eigenvalues tensor([4323.0513, 4076.0127])
hess item is 0.015085992403328419
4950	0.315	0.641	0.399	0.417
4960	0.316	0.638	0.402	0.404
4970	0.315	0.641	0.401	0.405
4980	0.310	0.649	0.396	0.414
4990	0.317	0.635	0.405	0.405
eigenvalues:  tensor([33.8514, 32.2972])
preconditioned eigenvalues tensor([4428.4697, 4384.2183])
hess item is 0.014822465367615223
5000	0.318	0.633	0.405	0.399
5010	0.335	0.598	0.425	0.388
5020	0.308	0.660	0.396	0.413
5030	0.318	0.632	0.409	0.391
5040	0.308	0.656	0.399	0.413
eigenvalues:  tensor([32.3822, 32.2281])
preconditioned eigenvalues tensor([4530.3496, 4253.2031])
hess item is 0.01462847925722599
5050	0.306	0.660	0.397	0.415
5060	0.320	0.633	0.410	0.396
5070	0.309	0.652	0.401	0.410
5080	0.326	0.610	0.418	0.382
5090	0.321	0.629	0.415	0.384
eigenvalues:  tensor([33.1052, 32.1682])
preconditioned eigenvalues tensor([4340.3281, 4122.9932])
hess item is 0.014471160247921944
5100	0.308	0.647	0.402	0.403
5110	0.312	0.632	0.406	0.399
5120	0.302	0.677	0.397	0.411
5130	0.308	0.655	0.405	0.399
5140	0.307	0.663	0.404	0.407
eigenvalues:  tensor([32.2017, 31.7829])
preconditioned eigenvalues tensor([4062.8730, 4025.6399])
hess item is 0.014170113019645214
5150	0.303	0.670	0.401	0.409
5160	0.307	0.665	0.403	0.402
5170	0.300	0.688	0.398	0.410
5180	0.307	0.661	0.407	0.395
5190	0.310	0.661	0.408	0.403
eigenvalues:  tensor([32.0429, 31.1186])
preconditioned eigenvalues tensor([5792.0049, 5031.0005])
hess item is 0.013923121616244316
5200	0.296	0.692	0.397	0.417
5210	0.310	0.650	0.411	0.395
5220	0.311	0.651	0.413	0.394
5230	0.298	0.678	0.401	0.414
5240	0.300	0.678	0.403	0.411
eigenvalues:  tensor([32.2675, 31.8526])
preconditioned eigenvalues tensor([4255.6240, 4159.9170])
hess item is 0.013707690872251987
5250	0.310	0.657	0.413	0.401
5260	0.299	0.683	0.403	0.410
5270	0.304	0.680	0.408	0.408
5280	0.294	0.696	0.400	0.414
5290	0.294	0.693	0.399	0.414
eigenvalues:  tensor([32.0386, 31.2702])
preconditioned eigenvalues tensor([5257.8594, 4434.4429])
hess item is 0.013487488962709904
5300	0.303	0.672	0.409	0.400
5310	0.304	0.683	0.410	0.394
5320	0.296	0.695	0.404	0.407
5330	0.291	0.702	0.399	0.419
5340	0.296	0.689	0.405	0.405
eigenvalues:  tensor([32.6054, 32.1939])
preconditioned eigenvalues tensor([4326.5659, 4205.9272])
hess item is 0.013307956047356129
5350	0.296	0.694	0.408	0.408
5360	0.291	0.704	0.402	0.411
5370	0.298	0.696	0.410	0.398
5380	0.292	0.695	0.404	0.407
5390	0.288	0.709	0.400	0.413
eigenvalues:  tensor([32.7859, 32.3096])
preconditioned eigenvalues tensor([4697.3481, 4185.9629])
hess item is 0.01317882351577282
5400	0.319	0.638	0.430	0.385
5410	0.296	0.694	0.409	0.403
5420	0.287	0.711	0.403	0.408
5430	0.298	0.678	0.412	0.402
5440	0.288	0.716	0.403	0.413
eigenvalues:  tensor([31.3577, 31.0997])
preconditioned eigenvalues tensor([4164.4521, 3949.6770])
hess item is 0.012999369762837887
5450	0.288	0.706	0.404	0.412
5460	0.287	0.712	0.404	0.406
5470	0.296	0.696	0.414	0.400
5480	0.288	0.707	0.406	0.408
5490	0.299	0.688	0.419	0.395
eigenvalues:  tensor([32.7699, 31.4314])
preconditioned eigenvalues tensor([4330.2144, 4090.6218])
hess item is 0.012825719080865383
5500	0.292	0.705	0.410	0.406
5510	0.288	0.703	0.408	0.401
5520	0.288	0.699	0.410	0.399
5530	0.281	0.724	0.402	0.410
5540	0.284	0.718	0.406	0.406
eigenvalues:  tensor([31.4159, 31.0929])
preconditioned eigenvalues tensor([3992.2788, 3865.0530])
hess item is 0.012723246589303017
5550	0.285	0.714	0.407	0.404
5560	0.286	0.717	0.409	0.402
5570	0.275	0.741	0.399	0.419
5580	0.274	0.743	0.400	0.419
5590	0.280	0.738	0.405	0.407
eigenvalues:  tensor([31.0052, 30.7088])
preconditioned eigenvalues tensor([4376.8706, 4207.8281])
hess item is 0.012520981952548027
5600	0.281	0.730	0.408	0.407
5610	0.291	0.710	0.418	0.393
5620	0.291	0.699	0.418	0.395
5630	0.279	0.723	0.407	0.412
5640	0.270	0.761	0.400	0.415
eigenvalues:  tensor([31.1670, 30.8486])
preconditioned eigenvalues tensor([4215.0737, 4102.2051])
hess item is 0.01239993330091238
5650	0.280	0.728	0.410	0.405
5660	0.282	0.718	0.412	0.404
5670	0.278	0.739	0.410	0.403
5680	0.275	0.742	0.407	0.409
5690	0.282	0.724	0.416	0.391
eigenvalues:  tensor([31.1278, 30.6357])
preconditioned eigenvalues tensor([4692.2471, 4587.7612])
hess item is 0.012255571782588959
5700	0.282	0.720	0.417	0.394
5710	0.275	0.737	0.409	0.412
5720	0.278	0.724	0.412	0.412
5730	0.274	0.747	0.411	0.397
5740	0.270	0.747	0.405	0.412
eigenvalues:  tensor([31.7830, 30.8897])
preconditioned eigenvalues tensor([4357.7563, 3998.0454])
hess item is 0.012095002457499504
5750	0.276	0.739	0.412	0.405
5760	0.268	0.752	0.405	0.414
5770	0.272	0.754	0.410	0.408
5780	0.268	0.759	0.408	0.408
5790	0.269	0.754	0.410	0.411
eigenvalues:  tensor([31.5164, 31.0997])
preconditioned eigenvalues tensor([4701.3301, 4147.9526])
hess item is 0.011919465847313404
5800	0.274	0.746	0.416	0.398
5810	0.263	0.779	0.405	0.414
5820	0.266	0.753	0.409	0.410
5830	0.274	0.747	0.418	0.400
5840	0.279	0.735	0.422	0.397
eigenvalues:  tensor([31.7017, 31.5863])
preconditioned eigenvalues tensor([4491.0190, 4192.4077])
hess item is 0.011811073869466782
5850	0.270	0.751	0.413	0.406
5860	0.263	0.768	0.408	0.414
5870	0.265	0.762	0.410	0.404
5880	0.267	0.746	0.414	0.407
5890	0.262	0.778	0.411	0.407
eigenvalues:  tensor([31.2338, 30.8040])
preconditioned eigenvalues tensor([4769.2871, 4225.1846])
hess item is 0.011628658510744572
5900	0.265	0.769	0.412	0.405
5910	0.258	0.777	0.408	0.412
5920	0.262	0.775	0.413	0.403
5930	0.267	0.764	0.417	0.405
5940	0.265	0.760	0.415	0.405
eigenvalues:  tensor([31.2899, 31.0967])
preconditioned eigenvalues tensor([4893.4517, 4290.0859])
hess item is 0.011485072784125805
5950	0.260	0.780	0.412	0.410
5960	0.267	0.766	0.420	0.397
5970	0.267	0.760	0.421	0.407
5980	0.251	0.802	0.406	0.415
5990	0.264	0.764	0.419	0.411
eigenvalues:  tensor([31.6062, 31.2129])
preconditioned eigenvalues tensor([4878.8408, 4584.9404])
hess item is 0.011368010193109512
6000	0.263	0.776	0.418	0.403
6010	0.258	0.789	0.414	0.402
6020	0.254	0.786	0.412	0.412
6030	0.262	0.778	0.423	0.404
6040	0.251	0.804	0.411	0.408
eigenvalues:  tensor([31.5303, 31.0187])
preconditioned eigenvalues tensor([4496.0171, 4418.8672])
hess item is 0.011265535838901997
6050	0.256	0.784	0.417	0.407
6060	0.259	0.780	0.419	0.400
6070	0.262	0.775	0.422	0.400
6080	0.245	0.813	0.407	0.412
6090	0.248	0.791	0.412	0.407
eigenvalues:  tensor([31.4551, 31.1331])
preconditioned eigenvalues tensor([4333.4536, 4204.7017])
hess item is 0.011178877204656601
6100	0.259	0.790	0.424	0.402
6110	0.253	0.799	0.418	0.398
6120	0.253	0.783	0.419	0.407
6130	0.260	0.770	0.426	0.391
6140	0.256	0.795	0.423	0.400
eigenvalues:  tensor([31.7444, 31.4252])
preconditioned eigenvalues tensor([4633.8447, 4265.2231])
hess item is 0.011059793643653393
6150	0.261	0.779	0.426	0.400
6160	0.249	0.809	0.416	0.405
6170	0.253	0.785	0.422	0.401
6180	0.251	0.791	0.419	0.404
6190	0.260	0.784	0.427	0.398
eigenvalues:  tensor([31.2179, 31.0239])
preconditioned eigenvalues tensor([4354.9106, 4188.6445])
hess item is 0.01102571003139019
6200	0.245	0.815	0.418	0.403
6210	0.249	0.804	0.421	0.400
6220	0.262	0.776	0.434	0.385
6230	0.249	0.805	0.422	0.404
6240	0.240	0.818	0.414	0.406
eigenvalues:  tensor([31.3983, 31.2410])
preconditioned eigenvalues tensor([4224.1348, 4203.4907])
hess item is 0.010986926965415478
6250	0.246	0.805	0.420	0.403
6260	0.244	0.814	0.420	0.405
6270	0.265	0.771	0.439	0.387
6280	0.237	0.830	0.414	0.406
6290	0.242	0.809	0.420	0.401
eigenvalues:  tensor([31.9231, 31.3438])
preconditioned eigenvalues tensor([5224.8599, 4558.5942])
hess item is 0.010970288887619972
6300	0.238	0.820	0.417	0.405
6310	0.238	0.825	0.415	0.409
6320	0.247	0.808	0.426	0.403
6330	0.235	0.833	0.416	0.405
6340	0.237	0.835	0.420	0.404
eigenvalues:  tensor([31.2165, 31.1178])
preconditioned eigenvalues tensor([4170.4980, 4135.8936])
hess item is 0.010825620032846928
6350	0.242	0.816	0.425	0.399
6360	0.259	0.787	0.442	0.377
6370	0.236	0.832	0.420	0.402
6380	0.246	0.808	0.432	0.400
6390	0.248	0.802	0.432	0.398
eigenvalues:  tensor([32.2685, 31.6989])
preconditioned eigenvalues tensor([4349.3657, 4240.8667])
hess item is 0.010874164290726185
6400	0.250	0.799	0.435	0.401
6410	0.247	0.814	0.433	0.395
6420	0.230	0.837	0.417	0.414
6430	0.240	0.823	0.429	0.396
6440	0.234	0.831	0.421	0.406
eigenvalues:  tensor([31.9458, 31.1456])
preconditioned eigenvalues tensor([4716.6235, 4279.6353])
hess item is 0.010826516896486282
6450	0.233	0.826	0.423	0.407
6460	0.239	0.813	0.431	0.396
6470	0.249	0.807	0.436	0.394
6480	0.237	0.836	0.428	0.401
6490	0.229	0.840	0.422	0.405
eigenvalues:  tensor([31.5673, 31.3109])
preconditioned eigenvalues tensor([4711.5405, 4403.9341])
hess item is 0.010804221965372562
6500	0.229	0.839	0.423	0.407
6510	0.229	0.839	0.424	0.402
6520	0.229	0.842	0.425	0.401
6530	0.246	0.810	0.443	0.386
6540	0.233	0.826	0.428	0.405
eigenvalues:  tensor([31.5934, 31.2234])
preconditioned eigenvalues tensor([8972.1914, 5054.5557])
hess item is 0.010734111070632935
6550	0.224	0.848	0.421	0.404
6560	0.224	0.848	0.422	0.398
6570	0.221	0.865	0.421	0.402
6580	0.231	0.841	0.428	0.400
6590	0.223	0.849	0.424	0.404
eigenvalues:  tensor([31.4080, 31.0584])
preconditioned eigenvalues tensor([5042.8789, 4644.1030])
hess item is 0.01063300296664238
6600	0.222	0.855	0.423	0.407
6610	0.220	0.858	0.423	0.405
6620	0.217	0.868	0.422	0.409
6630	0.234	0.825	0.438	0.403
6640	0.240	0.821	0.443	0.382
eigenvalues:  tensor([31.8639, 31.5703])
preconditioned eigenvalues tensor([4189.1465, 4066.9087])
hess item is 0.010577076114714146
6650	0.226	0.837	0.432	0.396
6660	0.224	0.854	0.430	0.395
6670	0.226	0.848	0.431	0.395
6680	0.223	0.855	0.431	0.403
6690	0.218	0.868	0.426	0.405
eigenvalues:  tensor([31.7797, 31.6803])
preconditioned eigenvalues tensor([4426.3213, 4143.0024])
hess item is 0.010540550574660301
6700	0.219	0.865	0.427	0.400
6710	0.223	0.854	0.433	0.402
6720	0.220	0.858	0.428	0.401
6730	0.228	0.848	0.438	0.393
6740	0.223	0.850	0.435	0.391
eigenvalues:  tensor([31.5189, 31.4337])
preconditioned eigenvalues tensor([4469.0298, 4422.6299])
hess item is 0.010514001362025738
6750	0.212	0.880	0.426	0.403
6760	0.219	0.856	0.432	0.397
6770	0.212	0.874	0.427	0.397
6780	0.218	0.860	0.431	0.400
6790	0.214	0.871	0.429	0.399
eigenvalues:  tensor([32.3618, 32.2184])
preconditioned eigenvalues tensor([4548.4082, 4111.1553])
hess item is 0.010487332940101624
6800	0.222	0.862	0.438	0.387
6810	0.216	0.863	0.432	0.396
6820	0.213	0.876	0.430	0.398
6830	0.219	0.857	0.439	0.394
6840	0.223	0.846	0.441	0.389
eigenvalues:  tensor([32.0164, 31.8196])
preconditioned eigenvalues tensor([4492.8696, 4059.2112])
hess item is 0.010376856662333012
6850	0.212	0.869	0.431	0.406
6860	0.214	0.878	0.436	0.391
6870	0.210	0.877	0.431	0.398
6880	0.216	0.869	0.437	0.392
6890	0.217	0.858	0.438	0.391
eigenvalues:  tensor([31.9608, 31.6063])
preconditioned eigenvalues tensor([4106.8940, 4080.1992])
hess item is 0.010329964570701122
6900	0.209	0.884	0.432	0.400
6910	0.210	0.867	0.436	0.402
6920	0.209	0.874	0.433	0.399
6930	0.216	0.873	0.442	0.383
6940	0.198	0.901	0.425	0.406
eigenvalues:  tensor([32.5324, 32.2819])
preconditioned eigenvalues tensor([4463.5820, 4416.9629])
hess item is 0.01026757899671793
6950	0.208	0.882	0.434	0.392
6960	0.219	0.868	0.445	0.388
6970	0.225	0.849	0.451	0.392
6980	0.205	0.878	0.432	0.403
6990	0.205	0.887	0.434	0.394
eigenvalues:  tensor([31.8647, 31.5325])
preconditioned eigenvalues tensor([4409.4102, 4217.3560])
hess item is 0.010301738977432251
7000	0.207	0.882	0.438	0.394
7010	0.216	0.858	0.446	0.384
7020	0.204	0.884	0.437	0.391
7030	0.218	0.859	0.448	0.384
7040	0.217	0.859	0.445	0.391
eigenvalues:  tensor([31.9271, 31.3222])
preconditioned eigenvalues tensor([4886.2168, 4653.3115])
hess item is 0.010352992452681065
7050	0.206	0.890	0.441	0.386
7060	0.213	0.871	0.447	0.386
7070	0.217	0.857	0.452	0.380
7080	0.204	0.890	0.439	0.388
7090	0.198	0.888	0.433	0.405
eigenvalues:  tensor([32.4295, 31.9067])
preconditioned eigenvalues tensor([4000.5383, 3945.9639])
hess item is 0.010433182120323181
7100	0.201	0.899	0.437	0.393
7110	0.200	0.902	0.436	0.394
7120	0.196	0.898	0.433	0.400
7130	0.195	0.902	0.434	0.398
7140	0.196	0.896	0.437	0.398
eigenvalues:  tensor([32.1298, 31.7697])
preconditioned eigenvalues tensor([4093.6211, 4080.3770])
hess item is 0.010332080535590649
7150	0.204	0.882	0.444	0.394
7160	0.201	0.890	0.440	0.397
7170	0.194	0.904	0.435	0.396
7180	0.196	0.899	0.437	0.400
7190	0.197	0.894	0.440	0.398
eigenvalues:  tensor([32.5965, 32.2328])
preconditioned eigenvalues tensor([4460.9033, 4184.0884])
hess item is 0.01030622236430645
7200	0.201	0.897	0.444	0.383
7210	0.195	0.898	0.439	0.395
7220	0.197	0.899	0.441	0.386
7230	0.198	0.897	0.445	0.389
7240	0.191	0.904	0.438	0.398
eigenvalues:  tensor([31.8367, 31.4350])
preconditioned eigenvalues tensor([4504.4258, 4361.6343])
hess item is 0.01018489245325327
7250	0.190	0.912	0.439	0.392
7260	0.201	0.895	0.448	0.391
7270	0.192	0.908	0.441	0.387
7280	0.188	0.911	0.439	0.393
7290	0.189	0.909	0.441	0.397
eigenvalues:  tensor([32.2523, 31.8616])
preconditioned eigenvalues tensor([4607.3076, 4599.9941])
hess item is 0.010063781403005123
7300	0.199	0.887	0.450	0.393
7310	0.195	0.904	0.447	0.387
7320	0.201	0.887	0.454	0.387
7330	0.201	0.889	0.453	0.381
7340	0.193	0.904	0.448	0.390
eigenvalues:  tensor([32.2600, 31.4726])
preconditioned eigenvalues tensor([4229.9512, 4209.0801])
hess item is 0.010011125355958939
7350	0.187	0.911	0.444	0.395
7360	0.186	0.921	0.443	0.395
7370	0.203	0.883	0.457	0.387
7380	0.196	0.905	0.453	0.384
7390	0.182	0.922	0.440	0.395
eigenvalues:  tensor([32.2490, 31.4862])
preconditioned eigenvalues tensor([4459.5698, 4349.5264])
hess item is 0.009969213046133518
7400	0.204	0.880	0.459	0.382
7410	0.188	0.916	0.447	0.386
7420	0.194	0.895	0.452	0.394
7430	0.194	0.893	0.453	0.390
7440	0.178	0.926	0.438	0.401
eigenvalues:  tensor([32.7939, 32.0047])
preconditioned eigenvalues tensor([4073.9158, 3966.1526])
hess item is 0.0099782794713974
7450	0.187	0.909	0.448	0.386
7460	0.193	0.900	0.454	0.388
7470	0.198	0.883	0.460	0.389
7480	0.191	0.910	0.455	0.379
7490	0.182	0.912	0.443	0.398
eigenvalues:  tensor([31.9913, 31.7592])
preconditioned eigenvalues tensor([4034.4312, 3977.5234])
hess item is 0.009911146014928818
7500	0.180	0.922	0.445	0.394
7510	0.176	0.924	0.442	0.394
7520	0.194	0.900	0.458	0.380
7530	0.186	0.918	0.452	0.388
7540	0.183	0.917	0.451	0.391
eigenvalues:  tensor([33.3101, 32.8326])
preconditioned eigenvalues tensor([4116.8628, 4096.2910])
hess item is 0.009945530444383621
7550	0.182	0.913	0.448	0.391
7560	0.178	0.927	0.444	0.393
7570	0.191	0.895	0.460	0.385
7580	0.189	0.900	0.458	0.379
7590	0.180	0.919	0.452	0.387
eigenvalues:  tensor([32.5545, 32.0142])
preconditioned eigenvalues tensor([4626.4585, 4317.1089])
hess item is 0.009868230670690536
7600	0.179	0.923	0.449	0.393
7610	0.180	0.915	0.450	0.392
7620	0.179	0.919	0.451	0.391
7630	0.174	0.930	0.449	0.396
7640	0.188	0.905	0.462	0.381
eigenvalues:  tensor([32.6481, 32.0561])
preconditioned eigenvalues tensor([4142.3389, 4014.1753])
hess item is 0.009831788949668407
7650	0.172	0.935	0.444	0.393
7660	0.176	0.922	0.450	0.392
7670	0.173	0.931	0.449	0.392
7680	0.176	0.925	0.451	0.396
7690	0.175	0.924	0.451	0.390
eigenvalues:  tensor([32.2509, 31.9278])
preconditioned eigenvalues tensor([5701.1191, 4210.9829])
hess item is 0.009786657989025116
7700	0.173	0.925	0.452	0.392
7710	0.182	0.911	0.461	0.375
7720	0.172	0.929	0.451	0.389
7730	0.171	0.934	0.448	0.389
7740	0.182	0.916	0.458	0.385
eigenvalues:  tensor([32.1054, 31.8428])
preconditioned eigenvalues tensor([4242.5991, 4103.2051])
hess item is 0.009863200597465038
7750	0.171	0.931	0.450	0.391
7760	0.170	0.931	0.451	0.392
7770	0.194	0.895	0.472	0.381
7780	0.169	0.934	0.450	0.393
7790	0.182	0.909	0.462	0.386
eigenvalues:  tensor([32.0629, 31.9826])
preconditioned eigenvalues tensor([5266.2334, 4985.7158])
hess item is 0.009905415587127209
7800	0.180	0.917	0.460	0.383
7810	0.170	0.929	0.455	0.390
7820	0.171	0.926	0.453	0.388
7830	0.180	0.913	0.463	0.382
7840	0.168	0.930	0.454	0.389
eigenvalues:  tensor([32.2901, 32.1983])
preconditioned eigenvalues tensor([4576.3018, 4145.8774])
hess item is 0.009866156615316868
7850	0.174	0.925	0.460	0.380
7860	0.172	0.932	0.456	0.387
7870	0.175	0.916	0.461	0.386
7880	0.168	0.936	0.456	0.388
7890	0.169	0.928	0.456	0.386
eigenvalues:  tensor([32.1355, 31.6472])
preconditioned eigenvalues tensor([4074.3486, 3977.3213])
hess item is 0.009868104010820389
7900	0.163	0.943	0.453	0.390
7910	0.168	0.926	0.459	0.380
7920	0.167	0.932	0.458	0.385
7930	0.173	0.920	0.465	0.382
7940	0.168	0.934	0.460	0.385
eigenvalues:  tensor([32.8989, 32.7139])
preconditioned eigenvalues tensor([4031.9512, 3912.2241])
hess item is 0.009860004298388958
7950	0.173	0.929	0.466	0.383
7960	0.161	0.944	0.455	0.391
7970	0.168	0.937	0.458	0.382
7980	0.170	0.923	0.462	0.378
7990	0.166	0.929	0.460	0.389
eigenvalues:  tensor([31.7539, 31.6169])
preconditioned eigenvalues tensor([4588.9199, 4437.2383])
hess item is 0.00983557291328907
8000	0.170	0.937	0.464	0.378
8010	0.176	0.919	0.469	0.383
8020	0.159	0.947	0.454	0.388
8030	0.172	0.929	0.471	0.377
8040	0.166	0.931	0.463	0.387
eigenvalues:  tensor([33.1760, 32.9614])
preconditioned eigenvalues tensor([4134.8477, 4048.0205])
hess item is 0.009786603972315788
8050	0.168	0.926	0.464	0.386
8060	0.168	0.932	0.468	0.378
8070	0.173	0.928	0.470	0.377
8080	0.164	0.933	0.462	0.385
8090	0.157	0.949	0.457	0.386
eigenvalues:  tensor([33.1739, 32.7699])
preconditioned eigenvalues tensor([4063.4263, 3943.3811])
hess item is 0.009825420565903187
8100	0.167	0.934	0.466	0.377
8110	0.157	0.948	0.459	0.382
8120	0.171	0.929	0.471	0.378
8130	0.162	0.940	0.465	0.379
8140	0.152	0.951	0.455	0.389
eigenvalues:  tensor([32.6693, 32.2082])
preconditioned eigenvalues tensor([4129.9468, 3877.8174])
hess item is 0.009743335656821728
8150	0.155	0.943	0.460	0.390
8160	0.159	0.941	0.464	0.379
8170	0.155	0.954	0.460	0.382
8180	0.152	0.952	0.459	0.385
8190	0.171	0.925	0.477	0.372
eigenvalues:  tensor([32.8788, 32.4312])
preconditioned eigenvalues tensor([5117.0225, 4904.4155])
hess item is 0.009694047272205353
8200	0.156	0.945	0.462	0.380
8210	0.162	0.939	0.470	0.374
8220	0.160	0.943	0.467	0.383
8230	0.164	0.942	0.471	0.379
8240	0.171	0.921	0.478	0.372
eigenvalues:  tensor([33.0465, 32.4880])
preconditioned eigenvalues tensor([4332.6299, 4077.7380])
hess item is 0.009717229753732681
8250	0.152	0.951	0.460	0.388
8260	0.176	0.916	0.482	0.376
8270	0.161	0.942	0.469	0.376
8280	0.149	0.951	0.458	0.386
8290	0.164	0.937	0.473	0.380
eigenvalues:  tensor([33.7111, 33.4371])
preconditioned eigenvalues tensor([3891.4580, 3881.8591])
hess item is 0.009777124039828777
8300	0.164	0.935	0.472	0.376
8310	0.153	0.945	0.465	0.387
8320	0.154	0.951	0.465	0.375
8330	0.155	0.951	0.467	0.380
8340	0.156	0.944	0.468	0.384
eigenvalues:  tensor([32.6688, 32.1927])
preconditioned eigenvalues tensor([4325.0405, 4311.1602])
hess item is 0.009731370955705643
8350	0.157	0.948	0.472	0.375
8360	0.150	0.955	0.464	0.379
8370	0.156	0.942	0.473	0.378
8380	0.150	0.952	0.465	0.390
8390	0.149	0.950	0.466	0.378
eigenvalues:  tensor([32.3497, 32.1442])
preconditioned eigenvalues tensor([3914.6252, 3813.6055])
hess item is 0.009738953784108162
8400	0.148	0.955	0.465	0.379
8410	0.155	0.948	0.471	0.373
8420	0.155	0.946	0.470	0.375
8430	0.145	0.957	0.464	0.388
8440	0.161	0.943	0.482	0.367
eigenvalues:  tensor([32.3897, 32.2013])
preconditioned eigenvalues tensor([4454.8081, 4321.3271])
hess item is 0.009585288353264332
8450	0.144	0.955	0.466	0.382
8460	0.150	0.950	0.469	0.377
8470	0.150	0.955	0.471	0.375
8480	0.150	0.951	0.473	0.380
8490	0.152	0.948	0.474	0.378
eigenvalues:  tensor([32.7269, 32.3474])
preconditioned eigenvalues tensor([5006.4619, 4311.7871])
hess item is 0.009510623291134834
8500	0.143	0.957	0.466	0.384
8510	0.156	0.940	0.480	0.365
8520	0.147	0.953	0.470	0.376
8530	0.149	0.950	0.473	0.382
8540	0.143	0.960	0.469	0.381
eigenvalues:  tensor([32.7533, 32.4368])
preconditioned eigenvalues tensor([4279.0630, 4155.3667])
hess item is 0.009467673487961292
8550	0.143	0.960	0.469	0.383
8560	0.146	0.951	0.470	0.387
8570	0.142	0.960	0.467	0.385
8580	0.142	0.961	0.468	0.386
8590	0.151	0.946	0.476	0.382
eigenvalues:  tensor([33.2133, 32.7936])
preconditioned eigenvalues tensor([4043.8230, 3956.7981])
hess item is 0.009435837157070637
8600	0.153	0.943	0.483	0.372
8610	0.143	0.954	0.470	0.389
8620	0.159	0.941	0.486	0.370
8630	0.149	0.951	0.478	0.380
8640	0.145	0.957	0.475	0.376
eigenvalues:  tensor([32.6103, 32.4098])
preconditioned eigenvalues tensor([4135.6445, 4073.0542])
hess item is 0.009401331655681133
8650	0.147	0.954	0.477	0.375
8660	0.169	0.928	0.497	0.364
8670	0.145	0.957	0.473	0.381
8680	0.137	0.962	0.470	0.383
8690	0.135	0.963	0.469	0.388
eigenvalues:  tensor([32.9352, 32.8401])
preconditioned eigenvalues tensor([3891.0601, 3785.3154])
hess item is 0.009344788268208504
8700	0.138	0.960	0.472	0.384
8710	0.151	0.947	0.484	0.374
8720	0.143	0.954	0.479	0.375
8730	0.137	0.962	0.470	0.386
8740	0.137	0.963	0.472	0.383
eigenvalues:  tensor([32.6599, 32.2809])
preconditioned eigenvalues tensor([4415.3159, 3937.6118])
hess item is 0.00927729718387127
8750	0.141	0.964	0.477	0.377
8760	0.143	0.954	0.477	0.381
8770	0.138	0.963	0.475	0.376
8780	0.134	0.967	0.473	0.380
8790	0.135	0.966	0.473	0.377
eigenvalues:  tensor([33.0397, 32.7104])
preconditioned eigenvalues tensor([4664.6890, 3923.4209])
hess item is 0.009184991009533405
8800	0.136	0.959	0.475	0.382
8810	0.146	0.951	0.483	0.377
8820	0.144	0.959	0.484	0.375
8830	0.146	0.945	0.487	0.377
8840	0.141	0.953	0.480	0.376
eigenvalues:  tensor([33.6966, 33.1951])
preconditioned eigenvalues tensor([4102.2437, 4095.3445])
hess item is 0.009135796688497066
8850	0.156	0.935	0.494	0.361
8860	0.135	0.961	0.476	0.377
8870	0.151	0.938	0.489	0.360
8880	0.150	0.950	0.492	0.370
8890	0.133	0.965	0.474	0.376
eigenvalues:  tensor([32.6129, 32.1640])
preconditioned eigenvalues tensor([4077.6606, 3872.7864])
hess item is 0.009157958440482616
8900	0.137	0.962	0.480	0.375
8910	0.154	0.935	0.494	0.373
8920	0.139	0.953	0.482	0.384
8930	0.137	0.959	0.479	0.379
8940	0.151	0.949	0.494	0.365
eigenvalues:  tensor([33.2372, 32.9149])
preconditioned eigenvalues tensor([4634.9390, 4455.6680])
hess item is 0.009136629290878773
8950	0.155	0.926	0.497	0.356
8960	0.142	0.956	0.484	0.379
8970	0.129	0.966	0.473	0.382
8980	0.132	0.967	0.477	0.381
8990	0.131	0.965	0.478	0.375
eigenvalues:  tensor([33.1815, 32.8844])
preconditioned eigenvalues tensor([4852.7412, 4269.0337])
hess item is 0.009214148856699467
9000	0.144	0.949	0.491	0.369
9010	0.133	0.965	0.480	0.384
9020	0.134	0.962	0.479	0.380
9030	0.134	0.965	0.484	0.374
9040	0.144	0.952	0.490	0.373
eigenvalues:  tensor([32.7924, 32.5909])
preconditioned eigenvalues tensor([3973.9224, 3794.8103])
hess item is 0.009217578917741776
9050	0.135	0.957	0.485	0.373
9060	0.130	0.968	0.480	0.381
9070	0.130	0.966	0.481	0.377
9080	0.133	0.962	0.485	0.378
9090	0.134	0.965	0.487	0.374
eigenvalues:  tensor([33.5359, 33.1377])
preconditioned eigenvalues tensor([4811.8809, 4208.3330])
hess item is 0.009188137948513031
9100	0.142	0.947	0.493	0.368
9110	0.125	0.969	0.476	0.381
9120	0.128	0.965	0.480	0.380
9130	0.125	0.970	0.478	0.378
9140	0.124	0.972	0.476	0.382
eigenvalues:  tensor([33.1418, 32.5013])
preconditioned eigenvalues tensor([4000.9707, 3876.6912])
hess item is 0.00913345254957676
9150	0.130	0.964	0.481	0.380
9160	0.140	0.959	0.492	0.374
9170	0.131	0.964	0.483	0.377
9180	0.143	0.948	0.498	0.360
9190	0.132	0.962	0.487	0.376
eigenvalues:  tensor([33.0554, 32.3315])
preconditioned eigenvalues tensor([4444.5625, 4170.5264])
hess item is 0.009186278097331524
9200	0.127	0.967	0.482	0.369
9210	0.140	0.957	0.494	0.370
9220	0.131	0.966	0.486	0.374
9230	0.129	0.970	0.482	0.379
9240	0.123	0.968	0.479	0.384
eigenvalues:  tensor([33.8781, 33.3793])
preconditioned eigenvalues tensor([4297.6392, 4219.8408])
hess item is 0.009190557524561882
9250	0.152	0.935	0.506	0.366
9260	0.123	0.972	0.480	0.383
9270	0.121	0.974	0.480	0.379
9280	0.128	0.969	0.487	0.374
9290	0.126	0.967	0.487	0.375
eigenvalues:  tensor([33.0585, 32.4142])
preconditioned eigenvalues tensor([4343.8154, 4033.7512])
hess item is 0.009178003296256065
9300	0.128	0.968	0.487	0.370
9310	0.125	0.974	0.484	0.380
9320	0.120	0.973	0.481	0.378
9330	0.125	0.971	0.486	0.376
9340	0.121	0.972	0.481	0.377
eigenvalues:  tensor([33.2001, 32.5424])
preconditioned eigenvalues tensor([3975.3816, 3916.1985])
hess item is 0.009114407002925873
9350	0.119	0.972	0.478	0.383
9360	0.125	0.971	0.486	0.374
9370	0.123	0.971	0.486	0.375
9380	0.126	0.968	0.488	0.374
9390	0.121	0.974	0.485	0.375
eigenvalues:  tensor([33.2836, 32.5290])
preconditioned eigenvalues tensor([4541.3101, 3985.5813])
hess item is 0.009077966213226318
9400	0.131	0.963	0.493	0.365
9410	0.119	0.970	0.484	0.381
9420	0.133	0.960	0.497	0.370
9430	0.136	0.953	0.497	0.368
9440	0.124	0.964	0.486	0.380
eigenvalues:  tensor([33.3764, 32.5169])
preconditioned eigenvalues tensor([4437.1191, 4004.9905])
hess item is 0.009025545790791512
9450	0.127	0.969	0.492	0.376
9460	0.131	0.969	0.496	0.371
9470	0.124	0.970	0.488	0.372
9480	0.121	0.973	0.488	0.373
9490	0.115	0.974	0.481	0.380
eigenvalues:  tensor([32.9458, 32.3482])
preconditioned eigenvalues tensor([5498.3618, 4778.9409])
hess item is 0.008954430930316448
9500	0.118	0.974	0.485	0.375
9510	0.130	0.963	0.495	0.369
9520	0.124	0.970	0.490	0.373
9530	0.126	0.969	0.491	0.372
9540	0.118	0.972	0.487	0.375
eigenvalues:  tensor([33.0478, 32.3731])
preconditioned eigenvalues tensor([3847.1519, 3744.7178])
hess item is 0.008859142661094666
9550	0.116	0.972	0.485	0.380
9560	0.130	0.958	0.499	0.372
9570	0.128	0.964	0.494	0.370
9580	0.120	0.968	0.489	0.376
9590	0.117	0.974	0.488	0.374
eigenvalues:  tensor([33.5903, 32.8932])
preconditioned eigenvalues tensor([4771.7734, 4086.5608])
hess item is 0.008927413262426853
9600	0.127	0.968	0.494	0.373
9610	0.114	0.977	0.485	0.376
9620	0.118	0.975	0.488	0.375
9630	0.126	0.967	0.495	0.367
9640	0.117	0.975	0.486	0.378
eigenvalues:  tensor([33.4718, 32.8719])
preconditioned eigenvalues tensor([4352.2256, 3813.3254])
hess item is 0.00893018301576376
9650	0.140	0.950	0.511	0.354
9660	0.115	0.974	0.486	0.373
9670	0.110	0.975	0.484	0.379
9680	0.116	0.976	0.489	0.372
9690	0.111	0.977	0.485	0.372
eigenvalues:  tensor([33.2187, 32.7105])
preconditioned eigenvalues tensor([4219.1455, 4125.9658])
hess item is 0.008949767798185349
9700	0.112	0.977	0.488	0.375
9710	0.122	0.971	0.494	0.378
9720	0.120	0.964	0.493	0.376
9730	0.132	0.956	0.502	0.370
9740	0.128	0.965	0.501	0.369
eigenvalues:  tensor([33.4758, 33.2226])
preconditioned eigenvalues tensor([3951.3013, 3741.8782])
hess item is 0.008974447846412659
9750	0.119	0.971	0.494	0.373
9760	0.116	0.971	0.491	0.380
9770	0.121	0.967	0.497	0.367
9780	0.110	0.976	0.487	0.381
9790	0.116	0.972	0.491	0.373
eigenvalues:  tensor([33.1671, 32.8024])
preconditioned eigenvalues tensor([5008.5874, 4229.5996])
hess item is 0.008909880183637142
9800	0.112	0.978	0.489	0.373
9810	0.117	0.969	0.493	0.381
9820	0.114	0.973	0.490	0.368
9830	0.123	0.963	0.499	0.372
9840	0.123	0.968	0.498	0.371
eigenvalues:  tensor([32.7033, 32.2767])
preconditioned eigenvalues tensor([4881.4185, 3846.7363])
hess item is 0.008854787796735764
9850	0.106	0.983	0.487	0.372
9860	0.110	0.978	0.488	0.378
9870	0.109	0.981	0.489	0.377
9880	0.119	0.975	0.499	0.371
9890	0.109	0.981	0.490	0.378
eigenvalues:  tensor([33.0903, 32.6364])
preconditioned eigenvalues tensor([4206.4614, 3838.7141])
hess item is 0.008786296471953392
9900	0.114	0.974	0.496	0.377
9910	0.105	0.981	0.488	0.379
9920	0.114	0.975	0.498	0.367
9930	0.108	0.977	0.492	0.378
9940	0.106	0.978	0.491	0.375
eigenvalues:  tensor([32.8952, 32.4254])
preconditioned eigenvalues tensor([3810.5728, 3642.4780])
hess item is 0.008657082915306091
9950	0.110	0.976	0.494	0.371
9960	0.109	0.978	0.494	0.372
9970	0.111	0.979	0.499	0.374
9980	0.103	0.981	0.491	0.377
9990	0.105	0.980	0.494	0.376
