device: cuda:3
output directory: RESULTS/cifar10-10k/fc-tanh/seed_0/mse/ivon/lr_0.0005_h0_0.1_post_10_alpha_100.0_beta2_0.995_beta_0.0_ess_1000000.0_ivon
Files already downloaded and verified
Files already downloaded and verified
optimizer is IVON
0	0.597	0.131	0.597	0.131
10	0.513	0.188	0.514	0.186
20	0.491	0.219	0.494	0.212
30	0.478	0.238	0.481	0.229
40	0.468	0.253	0.472	0.244
eigenvalues:  tensor([75.9927, 62.0777])
hess item is 0.07854176312685013
50	0.461	0.265	0.465	0.257
60	0.454	0.279	0.458	0.265
70	0.448	0.288	0.453	0.272
80	0.443	0.296	0.448	0.282
90	0.438	0.307	0.444	0.290
eigenvalues:  tensor([71.7691, 58.4722])
hess item is 0.06181292235851288
100	0.434	0.313	0.440	0.292
110	0.430	0.322	0.437	0.299
120	0.427	0.329	0.434	0.308
130	0.424	0.335	0.431	0.310
140	0.421	0.342	0.428	0.313
eigenvalues:  tensor([67.2058, 55.9920])
hess item is 0.04876919463276863
150	0.418	0.345	0.426	0.320
160	0.415	0.351	0.423	0.321
170	0.412	0.357	0.420	0.328
180	0.409	0.362	0.418	0.330
190	0.407	0.367	0.416	0.336
eigenvalues:  tensor([62.3595, 52.9040])
hess item is 0.03858376294374466
200	0.405	0.372	0.415	0.342
210	0.404	0.373	0.414	0.345
220	0.403	0.382	0.413	0.346
230	0.401	0.385	0.411	0.350
240	0.399	0.391	0.410	0.355
eigenvalues:  tensor([56.6885, 49.3167])
hess item is 0.03062366507947445
250	0.398	0.393	0.410	0.355
260	0.397	0.395	0.409	0.356
270	0.396	0.399	0.408	0.359
280	0.395	0.404	0.407	0.362
290	0.393	0.407	0.406	0.361
eigenvalues:  tensor([51.4887, 45.6250])
hess item is 0.024390673264861107
300	0.392	0.407	0.406	0.363
310	0.391	0.411	0.405	0.367
320	0.390	0.414	0.404	0.371
330	0.389	0.417	0.404	0.370
340	0.389	0.415	0.403	0.370
eigenvalues:  tensor([45.8223, 41.4824])
hess item is 0.019494833424687386
350	0.388	0.422	0.403	0.369
360	0.387	0.423	0.402	0.371
370	0.386	0.424	0.402	0.372
380	0.385	0.430	0.401	0.376
390	0.385	0.433	0.401	0.377
eigenvalues:  tensor([40.7615, 38.1563])
hess item is 0.01564917340874672
400	0.384	0.429	0.401	0.376
410	0.383	0.434	0.400	0.377
420	0.382	0.439	0.400	0.379
430	0.382	0.439	0.399	0.380
440	0.381	0.443	0.399	0.382
eigenvalues:  tensor([36.7413, 35.5503])
hess item is 0.012615174986422062
450	0.381	0.443	0.399	0.382
460	0.381	0.440	0.399	0.381
470	0.380	0.447	0.398	0.388
480	0.380	0.442	0.399	0.384
490	0.379	0.447	0.398	0.384
eigenvalues:  tensor([34.6522, 33.5636])
hess item is 0.010220978409051895
500	0.379	0.444	0.398	0.384
510	0.378	0.452	0.397	0.387
520	0.378	0.443	0.398	0.385
530	0.377	0.454	0.397	0.388
540	0.377	0.449	0.397	0.385
eigenvalues:  tensor([33.2362, 32.2561])
hess item is 0.008325442671775818
550	0.377	0.448	0.397	0.387
560	0.376	0.449	0.397	0.387
570	0.376	0.456	0.397	0.390
580	0.375	0.457	0.396	0.389
590	0.375	0.456	0.396	0.391
eigenvalues:  tensor([32.7654, 31.7559])
hess item is 0.006826259661465883
600	0.375	0.454	0.396	0.394
610	0.375	0.451	0.396	0.389
620	0.375	0.452	0.396	0.390
630	0.374	0.455	0.396	0.391
640	0.374	0.454	0.395	0.394
eigenvalues:  tensor([32.9646, 32.0843])
hess item is 0.00564458267763257
650	0.374	0.458	0.396	0.391
660	0.374	0.448	0.396	0.386
670	0.372	0.460	0.395	0.396
680	0.372	0.458	0.395	0.393
690	0.373	0.458	0.396	0.394
eigenvalues:  tensor([33.1751, 32.4741])
hess item is 0.004717850126326084
700	0.372	0.461	0.394	0.400
710	0.372	0.458	0.395	0.393
720	0.372	0.458	0.395	0.394
730	0.372	0.458	0.394	0.394
740	0.372	0.456	0.395	0.393
eigenvalues:  tensor([34.0595, 33.6264])
hess item is 0.003982336726039648
750	0.372	0.453	0.395	0.392
760	0.371	0.462	0.394	0.396
770	0.371	0.457	0.394	0.394
780	0.371	0.466	0.394	0.399
790	0.371	0.461	0.394	0.396
eigenvalues:  tensor([34.6474, 34.4669])
hess item is 0.0034133833833038807
800	0.370	0.461	0.394	0.397
810	0.372	0.454	0.395	0.390
820	0.370	0.461	0.394	0.394
830	0.371	0.460	0.394	0.394
840	0.372	0.456	0.395	0.394
eigenvalues:  tensor([36.5832, 36.3089])
hess item is 0.0029561740811914206
850	0.372	0.451	0.396	0.388
860	0.372	0.451	0.395	0.387
870	0.370	0.452	0.394	0.394
880	0.370	0.456	0.394	0.392
890	0.372	0.460	0.396	0.392
eigenvalues:  tensor([37.6796, 37.1556])
hess item is 0.002601497108116746
900	0.372	0.455	0.396	0.391
910	0.370	0.456	0.395	0.392
920	0.370	0.461	0.394	0.395
930	0.371	0.455	0.394	0.390
940	0.370	0.453	0.394	0.394
eigenvalues:  tensor([39.1773, 38.4640])
hess item is 0.002327812137082219
950	0.371	0.455	0.395	0.391
960	0.373	0.451	0.397	0.388
970	0.372	0.451	0.396	0.390
980	0.372	0.449	0.396	0.388
990	0.371	0.451	0.395	0.391
eigenvalues:  tensor([41.1946, 40.4825])
hess item is 0.002118281088769436
1000	0.372	0.447	0.396	0.391
1010	0.370	0.453	0.394	0.392
1020	0.370	0.458	0.394	0.396
1030	0.371	0.455	0.395	0.393
1040	0.371	0.454	0.395	0.393
eigenvalues:  tensor([42.9530, 42.0808])
hess item is 0.0019533175509423018
1050	0.372	0.447	0.397	0.387
1060	0.372	0.451	0.396	0.390
1070	0.372	0.450	0.396	0.388
1080	0.373	0.442	0.397	0.384
1090	0.372	0.447	0.396	0.388
eigenvalues:  tensor([45.3575, 44.4099])
hess item is 0.0018468507332727313
1100	0.376	0.438	0.399	0.380
1110	0.374	0.441	0.398	0.384
1120	0.375	0.444	0.399	0.389
1130	0.374	0.440	0.398	0.386
1140	0.373	0.444	0.397	0.388
eigenvalues:  tensor([46.9640, 45.8693])
hess item is 0.001758988481014967
1150	0.374	0.447	0.398	0.389
1160	0.374	0.443	0.398	0.386
1170	0.375	0.439	0.399	0.383
1180	0.374	0.443	0.399	0.388
1190	0.374	0.440	0.398	0.386
eigenvalues:  tensor([48.2280, 47.2566])
hess item is 0.001702043809928
1200	0.376	0.441	0.400	0.385
1210	0.375	0.440	0.399	0.383
1220	0.375	0.438	0.399	0.384
1230	0.375	0.440	0.399	0.386
1240	0.375	0.438	0.399	0.384
eigenvalues:  tensor([49.6645, 48.7035])
hess item is 0.0016550603322684765
1250	0.375	0.437	0.399	0.383
1260	0.377	0.433	0.401	0.380
1270	0.375	0.435	0.399	0.382
1280	0.375	0.434	0.399	0.381
1290	0.375	0.437	0.399	0.383
eigenvalues:  tensor([51.4213, 50.3958])
hess item is 0.0016181818209588528
1300	0.374	0.438	0.398	0.386
1310	0.375	0.437	0.400	0.382
1320	0.375	0.434	0.400	0.384
1330	0.376	0.431	0.400	0.382
1340	0.376	0.434	0.400	0.381
eigenvalues:  tensor([53.2969, 52.2783])
hess item is 0.0015990677056834102
1350	0.377	0.430	0.401	0.382
1360	0.376	0.432	0.400	0.383
1370	0.375	0.439	0.400	0.384
1380	0.375	0.435	0.400	0.384
1390	0.377	0.431	0.401	0.381
eigenvalues:  tensor([54.6845, 53.8003])
hess item is 0.001581654418259859
1400	0.376	0.430	0.400	0.380
1410	0.379	0.429	0.403	0.377
1420	0.378	0.429	0.402	0.380
1430	0.376	0.431	0.401	0.381
1440	0.379	0.423	0.403	0.379
eigenvalues:  tensor([56.4360, 55.6030])
hess item is 0.0015795122599229217
1450	0.378	0.424	0.402	0.377
1460	0.377	0.426	0.402	0.379
1470	0.376	0.432	0.401	0.380
1480	0.377	0.429	0.402	0.377
1490	0.378	0.425	0.402	0.379
eigenvalues:  tensor([57.3570, 56.3609])
hess item is 0.0015791486948728561
1500	0.376	0.433	0.401	0.381
1510	0.377	0.431	0.401	0.379
1520	0.377	0.433	0.401	0.377
1530	0.378	0.429	0.402	0.380
1540	0.376	0.431	0.400	0.380
eigenvalues:  tensor([59.1218, 58.1874])
hess item is 0.0015714486362412572
1550	0.378	0.427	0.402	0.379
1560	0.377	0.432	0.402	0.382
1570	0.377	0.424	0.402	0.378
1580	0.377	0.426	0.402	0.379
1590	0.377	0.424	0.402	0.378
eigenvalues:  tensor([60.8786, 59.8701])
hess item is 0.0015670459251850843
1600	0.379	0.422	0.403	0.373
1610	0.376	0.430	0.401	0.379
1620	0.378	0.426	0.402	0.373
1630	0.378	0.427	0.402	0.375
1640	0.377	0.427	0.401	0.377
eigenvalues:  tensor([62.0471, 61.1127])
hess item is 0.0015699262730777264
1650	0.377	0.428	0.401	0.376
1660	0.378	0.426	0.402	0.377
1670	0.378	0.425	0.402	0.373
1680	0.376	0.431	0.400	0.381
1690	0.376	0.426	0.401	0.378
eigenvalues:  tensor([63.4850, 62.5783])
hess item is 0.0015834573423489928
1700	0.378	0.421	0.403	0.375
1710	0.377	0.426	0.402	0.378
1720	0.376	0.426	0.401	0.377
1730	0.376	0.426	0.401	0.378
1740	0.377	0.423	0.402	0.377
eigenvalues:  tensor([64.6252, 63.7829])
hess item is 0.0015934569528326392
1750	0.378	0.424	0.403	0.374
1760	0.377	0.422	0.402	0.378
1770	0.380	0.421	0.404	0.374
1780	0.378	0.425	0.402	0.376
1790	0.377	0.425	0.401	0.379
eigenvalues:  tensor([66.0952, 65.2110])
hess item is 0.0016037826426327229
1800	0.378	0.421	0.403	0.376
1810	0.377	0.423	0.402	0.377
1820	0.376	0.425	0.401	0.376
1830	0.378	0.421	0.403	0.374
1840	0.379	0.421	0.404	0.373
eigenvalues:  tensor([67.0283, 66.2098])
hess item is 0.0016019101021811366
1850	0.378	0.424	0.402	0.377
1860	0.376	0.428	0.401	0.377
1870	0.376	0.427	0.401	0.377
1880	0.376	0.427	0.401	0.378
1890	0.377	0.427	0.402	0.377
eigenvalues:  tensor([68.5036, 67.6595])
hess item is 0.0016101226210594177
1900	0.378	0.424	0.402	0.374
1910	0.376	0.424	0.401	0.378
1920	0.378	0.418	0.403	0.375
1930	0.377	0.424	0.402	0.377
1940	0.376	0.426	0.401	0.378
eigenvalues:  tensor([69.6083, 68.8137])
hess item is 0.0016515061724931002
1950	0.377	0.422	0.402	0.374
1960	0.375	0.428	0.400	0.380
1970	0.376	0.427	0.401	0.378
1980	0.377	0.422	0.402	0.378
1990	0.377	0.423	0.402	0.379
eigenvalues:  tensor([70.6989, 69.8480])
hess item is 0.0016611726023256779
2000	0.376	0.423	0.401	0.378
2010	0.378	0.420	0.403	0.376
2020	0.375	0.426	0.401	0.380
2030	0.377	0.424	0.402	0.375
2040	0.376	0.424	0.401	0.380
eigenvalues:  tensor([71.3825, 70.4476])
hess item is 0.0016927761025726795
2050	0.376	0.423	0.401	0.376
2060	0.377	0.421	0.401	0.376
2070	0.376	0.423	0.401	0.379
2080	0.377	0.421	0.402	0.374
2090	0.376	0.426	0.401	0.377
eigenvalues:  tensor([72.5313, 71.5419])
hess item is 0.001709967153146863
2100	0.376	0.421	0.401	0.378
2110	0.375	0.423	0.400	0.379
2120	0.375	0.428	0.400	0.378
2130	0.375	0.424	0.400	0.378
2140	0.377	0.422	0.402	0.378
eigenvalues:  tensor([74.0091, 73.0347])
hess item is 0.001727239927276969
2150	0.376	0.421	0.401	0.375
2160	0.375	0.423	0.400	0.379
2170	0.377	0.423	0.402	0.377
2180	0.376	0.423	0.401	0.378
2190	0.375	0.427	0.400	0.382
eigenvalues:  tensor([74.9260, 74.0906])
hess item is 0.0017383638769388199
2200	0.375	0.422	0.400	0.381
2210	0.376	0.422	0.401	0.380
2220	0.375	0.421	0.400	0.381
2230	0.376	0.421	0.401	0.379
2240	0.375	0.425	0.400	0.380
eigenvalues:  tensor([75.9778, 75.0780])
hess item is 0.0017483700066804886
2250	0.375	0.421	0.401	0.379
2260	0.375	0.423	0.401	0.379
2270	0.376	0.423	0.401	0.379
2280	0.374	0.428	0.400	0.383
2290	0.375	0.426	0.400	0.380
eigenvalues:  tensor([77.4472, 76.4957])
hess item is 0.0017737381858751178
2300	0.376	0.422	0.401	0.379
2310	0.375	0.425	0.400	0.379
2320	0.373	0.428	0.399	0.383
2330	0.375	0.421	0.401	0.378
2340	0.374	0.423	0.400	0.380
eigenvalues:  tensor([77.7023, 76.8534])
hess item is 0.0017844679532572627
2350	0.374	0.423	0.399	0.384
2360	0.373	0.425	0.399	0.384
2370	0.375	0.421	0.400	0.380
2380	0.374	0.424	0.399	0.377
2390	0.375	0.421	0.401	0.380
eigenvalues:  tensor([78.8665, 77.9757])
hess item is 0.0017897572834044695
2400	0.375	0.426	0.400	0.380
2410	0.374	0.424	0.400	0.382
2420	0.374	0.423	0.399	0.381
2430	0.376	0.421	0.401	0.378
2440	0.375	0.422	0.400	0.376
eigenvalues:  tensor([80.3878, 79.4986])
hess item is 0.0018075848929584026
2450	0.374	0.422	0.400	0.377
2460	0.373	0.425	0.398	0.379
2470	0.374	0.422	0.399	0.382
2480	0.374	0.422	0.399	0.382
2490	0.374	0.422	0.399	0.380
eigenvalues:  tensor([80.8537, 79.9920])
hess item is 0.0018099311273545027
2500	0.372	0.423	0.398	0.385
2510	0.374	0.424	0.400	0.380
2520	0.374	0.424	0.400	0.381
2530	0.374	0.425	0.400	0.378
2540	0.373	0.424	0.400	0.382
eigenvalues:  tensor([82.0145, 81.0106])
hess item is 0.0018282788805663586
2550	0.374	0.424	0.400	0.378
2560	0.374	0.422	0.400	0.378
2570	0.373	0.427	0.399	0.380
2580	0.373	0.426	0.399	0.378
2590	0.374	0.422	0.400	0.378
eigenvalues:  tensor([82.9470, 81.9673])
hess item is 0.0018266660626977682
2600	0.374	0.423	0.400	0.378
2610	0.374	0.421	0.400	0.376
2620	0.373	0.422	0.399	0.379
2630	0.374	0.425	0.400	0.379
2640	0.374	0.419	0.399	0.381
eigenvalues:  tensor([83.6777, 82.6908])
hess item is 0.0018404118018224835
2650	0.373	0.424	0.399	0.381
2660	0.373	0.425	0.399	0.382
2670	0.374	0.425	0.399	0.380
2680	0.373	0.423	0.399	0.382
2690	0.374	0.419	0.400	0.378
eigenvalues:  tensor([84.9061, 84.0340])
hess item is 0.001854345086030662
2700	0.373	0.424	0.398	0.383
2710	0.373	0.424	0.398	0.381
2720	0.374	0.423	0.400	0.378
2730	0.372	0.425	0.399	0.379
2740	0.373	0.422	0.400	0.378
eigenvalues:  tensor([85.9561, 85.0389])
hess item is 0.001886071520857513
2750	0.372	0.424	0.399	0.379
2760	0.372	0.422	0.398	0.380
2770	0.374	0.419	0.400	0.375
2780	0.374	0.420	0.400	0.373
2790	0.374	0.418	0.400	0.375
eigenvalues:  tensor([86.8512, 86.0200])
hess item is 0.0018846766324713826
2800	0.372	0.420	0.398	0.377
2810	0.373	0.415	0.399	0.378
2820	0.373	0.420	0.399	0.380
2830	0.373	0.417	0.399	0.379
2840	0.372	0.420	0.398	0.377
eigenvalues:  tensor([89.0748, 88.0901])
hess item is 0.0018808555323630571
2850	0.374	0.415	0.400	0.374
2860	0.372	0.420	0.398	0.378
2870	0.373	0.418	0.399	0.377
2880	0.372	0.423	0.398	0.379
2890	0.373	0.420	0.399	0.377
eigenvalues:  tensor([89.2147, 88.1838])
hess item is 0.0018837490351870656
2900	0.371	0.424	0.397	0.380
2910	0.372	0.420	0.398	0.377
2920	0.372	0.421	0.398	0.378
2930	0.373	0.421	0.398	0.377
2940	0.372	0.423	0.398	0.380
eigenvalues:  tensor([90.6254, 89.5612])
hess item is 0.0018996759317815304
2950	0.373	0.421	0.398	0.378
2960	0.372	0.419	0.398	0.381
2970	0.373	0.416	0.399	0.377
2980	0.373	0.417	0.399	0.377
2990	0.373	0.416	0.399	0.378
eigenvalues:  tensor([91.3769, 90.3528])
hess item is 0.0019206991419196129
3000	0.371	0.420	0.397	0.382
3010	0.372	0.416	0.398	0.378
3020	0.373	0.415	0.400	0.375
3030	0.372	0.419	0.398	0.380
3040	0.371	0.418	0.396	0.384
eigenvalues:  tensor([92.2708, 91.2311])
hess item is 0.0019331686198711395
3050	0.372	0.418	0.398	0.381
3060	0.373	0.420	0.399	0.377
3070	0.374	0.415	0.399	0.375
3080	0.372	0.419	0.398	0.377
3090	0.371	0.419	0.398	0.375
eigenvalues:  tensor([93.8945, 92.8609])
hess item is 0.0019271301571279764
3100	0.372	0.419	0.398	0.376
3110	0.372	0.420	0.398	0.374
3120	0.371	0.421	0.397	0.380
3130	0.372	0.420	0.398	0.378
3140	0.372	0.419	0.398	0.375
eigenvalues:  tensor([94.0043, 92.9956])
hess item is 0.0019239974208176136
3150	0.371	0.424	0.397	0.379
3160	0.373	0.417	0.399	0.374
3170	0.373	0.418	0.398	0.377
3180	0.371	0.419	0.397	0.380
3190	0.372	0.420	0.398	0.378
eigenvalues:  tensor([95.6292, 94.6332])
hess item is 0.0019504062365740538
3200	0.371	0.417	0.398	0.375
3210	0.371	0.421	0.397	0.375
3220	0.370	0.423	0.396	0.380
3230	0.371	0.418	0.398	0.372
3240	0.372	0.415	0.398	0.378
eigenvalues:  tensor([95.5409, 94.5408])
hess item is 0.001976089784875512
3250	0.371	0.419	0.397	0.376
3260	0.370	0.420	0.396	0.375
3270	0.372	0.415	0.398	0.374
3280	0.372	0.416	0.398	0.372
3290	0.372	0.417	0.399	0.373
eigenvalues:  tensor([96.8863, 95.9742])
hess item is 0.0019952028524130583
3300	0.372	0.419	0.398	0.376
3310	0.372	0.417	0.398	0.374
3320	0.373	0.420	0.399	0.375
3330	0.371	0.420	0.397	0.377
3340	0.373	0.415	0.399	0.373
eigenvalues:  tensor([97.8761, 97.0351])
hess item is 0.0020121820271015167
3350	0.371	0.419	0.398	0.374
3360	0.371	0.417	0.397	0.376
3370	0.372	0.416	0.398	0.372
3380	0.372	0.417	0.398	0.371
3390	0.372	0.420	0.398	0.375
eigenvalues:  tensor([98.1814, 97.4462])
hess item is 0.002026823116466403
3400	0.372	0.418	0.398	0.372
3410	0.372	0.419	0.397	0.375
3420	0.371	0.423	0.397	0.374
3430	0.371	0.421	0.397	0.375
3440	0.371	0.421	0.397	0.375
eigenvalues:  tensor([98.7222, 97.8606])
hess item is 0.0020414746832102537
3450	0.372	0.416	0.397	0.375
3460	0.371	0.420	0.397	0.375
3470	0.372	0.418	0.397	0.377
3480	0.373	0.414	0.397	0.375
3490	0.371	0.421	0.396	0.377
eigenvalues:  tensor([99.1680, 98.3704])
hess item is 0.0020437617786228657
3500	0.371	0.419	0.396	0.375
3510	0.372	0.417	0.397	0.375
3520	0.372	0.416	0.397	0.379
3530	0.372	0.418	0.397	0.376
3540	0.372	0.416	0.396	0.374
eigenvalues:  tensor([99.8602, 98.9344])
hess item is 0.0020363039802759886
3550	0.372	0.419	0.396	0.378
3560	0.373	0.415	0.397	0.374
3570	0.371	0.419	0.396	0.377
3580	0.370	0.419	0.395	0.378
3590	0.372	0.419	0.397	0.377
eigenvalues:  tensor([99.4131, 98.6522])
hess item is 0.0020564307924360037
3600	0.371	0.422	0.397	0.374
3610	0.372	0.420	0.396	0.377
3620	0.372	0.417	0.396	0.378
3630	0.372	0.413	0.396	0.375
3640	0.371	0.416	0.396	0.376
eigenvalues:  tensor([100.1681,  99.5002])
hess item is 0.0020855788607150316
3650	0.372	0.413	0.396	0.373
3660	0.373	0.413	0.397	0.376
3670	0.373	0.415	0.396	0.376
3680	0.373	0.414	0.396	0.376
3690	0.372	0.413	0.396	0.375
eigenvalues:  tensor([100.7762,  99.9040])
hess item is 0.002079292666167021
3700	0.373	0.414	0.396	0.376
3710	0.373	0.414	0.397	0.371
3720	0.373	0.414	0.396	0.376
3730	0.374	0.415	0.396	0.373
3740	0.375	0.414	0.398	0.371
eigenvalues:  tensor([101.5823, 100.6575])
hess item is 0.0020962688140571117
3750	0.374	0.412	0.397	0.373
3760	0.374	0.412	0.398	0.370
3770	0.374	0.415	0.397	0.373
3780	0.375	0.410	0.398	0.368
3790	0.373	0.413	0.396	0.370
eigenvalues:  tensor([99.9127, 99.0598])
hess item is 0.0020968359895050526
3800	0.374	0.407	0.396	0.369
3810	0.375	0.407	0.398	0.369
3820	0.374	0.412	0.397	0.375
3830	0.374	0.413	0.397	0.374
3840	0.377	0.407	0.399	0.367
eigenvalues:  tensor([99.8094, 98.9410])
hess item is 0.0021093119867146015
3850	0.375	0.408	0.397	0.371
3860	0.375	0.407	0.397	0.370
3870	0.375	0.408	0.396	0.369
3880	0.374	0.409	0.395	0.373
3890	0.374	0.414	0.395	0.371
eigenvalues:  tensor([99.9030, 99.0268])
hess item is 0.0021148964297026396
3900	0.374	0.411	0.395	0.371
3910	0.374	0.412	0.395	0.373
3920	0.374	0.407	0.395	0.373
3930	0.375	0.409	0.395	0.373
3940	0.375	0.411	0.396	0.366
eigenvalues:  tensor([99.8669, 99.3230])
hess item is 0.0021138417068868876
3950	0.375	0.412	0.395	0.372
3960	0.376	0.408	0.396	0.369
3970	0.375	0.407	0.395	0.370
3980	0.377	0.405	0.396	0.368
3990	0.376	0.408	0.395	0.370
eigenvalues:  tensor([98.0210, 97.6359])
hess item is 0.0021314111072570086
4000	0.376	0.408	0.395	0.368
4010	0.377	0.403	0.396	0.367
4020	0.378	0.403	0.397	0.364
4030	0.378	0.399	0.398	0.362
4040	0.376	0.406	0.395	0.364
eigenvalues:  tensor([95.0889, 94.7514])
hess item is 0.002143832854926586
4050	0.375	0.408	0.395	0.368
4060	0.376	0.407	0.396	0.368
4070	0.377	0.405	0.396	0.367
4080	0.377	0.403	0.396	0.370
4090	0.378	0.405	0.396	0.369
eigenvalues:  tensor([95.6411, 94.7842])
hess item is 0.002133546397089958
4100	0.377	0.401	0.396	0.365
4110	0.378	0.398	0.396	0.365
4120	0.377	0.401	0.395	0.368
4130	0.377	0.406	0.395	0.368
4140	0.378	0.401	0.395	0.369
eigenvalues:  tensor([93.6568, 92.9681])
hess item is 0.0021192620042711496
4150	0.377	0.407	0.395	0.371
4160	0.379	0.401	0.396	0.366
4170	0.378	0.400	0.396	0.369
4180	0.377	0.408	0.395	0.372
4190	0.379	0.396	0.396	0.361
eigenvalues:  tensor([97.0251, 96.5549])
hess item is 0.0021223307121545076
4200	0.379	0.399	0.396	0.364
4210	0.379	0.399	0.397	0.363
4220	0.379	0.401	0.397	0.365
4230	0.379	0.402	0.396	0.371
4240	0.378	0.405	0.396	0.370
eigenvalues:  tensor([94.6950, 94.1256])
hess item is 0.0020924159325659275
4250	0.379	0.403	0.396	0.364
4260	0.378	0.402	0.396	0.370
4270	0.378	0.406	0.395	0.371
4280	0.379	0.401	0.395	0.369
4290	0.378	0.403	0.395	0.374
eigenvalues:  tensor([94.8006, 94.3543])
hess item is 0.0021105350460857153
4300	0.378	0.404	0.395	0.368
4310	0.379	0.403	0.396	0.370
4320	0.379	0.396	0.396	0.366
4330	0.378	0.407	0.396	0.371
4340	0.378	0.410	0.396	0.365
eigenvalues:  tensor([92.3727, 91.8388])
hess item is 0.0021183164790272713
4350	0.378	0.401	0.396	0.365
4360	0.380	0.394	0.396	0.361
4370	0.379	0.399	0.395	0.366
4380	0.380	0.398	0.396	0.366
4390	0.380	0.393	0.397	0.359
eigenvalues:  tensor([92.9854, 92.4008])
hess item is 0.0021056956611573696
4400	0.378	0.399	0.396	0.361
4410	0.378	0.407	0.396	0.361
4420	0.379	0.401	0.396	0.363
4430	0.379	0.406	0.396	0.359
4440	0.379	0.403	0.396	0.360
eigenvalues:  tensor([93.8971, 93.2621])
hess item is 0.002104626502841711
4450	0.380	0.404	0.396	0.360
4460	0.380	0.403	0.396	0.363
4470	0.380	0.399	0.395	0.368
4480	0.381	0.396	0.396	0.361
4490	0.380	0.402	0.396	0.364
eigenvalues:  tensor([93.9253, 92.8734])
hess item is 0.002094763098284602
4500	0.381	0.398	0.397	0.361
4510	0.381	0.396	0.398	0.357
4520	0.381	0.396	0.398	0.359
4530	0.382	0.393	0.398	0.354
4540	0.381	0.401	0.397	0.364
eigenvalues:  tensor([94.6105, 94.0399])
hess item is 0.002108960645273328
4550	0.382	0.396	0.398	0.359
4560	0.382	0.392	0.397	0.362
4570	0.382	0.389	0.397	0.362
4580	0.383	0.388	0.397	0.356
4590	0.383	0.391	0.398	0.361
eigenvalues:  tensor([94.7652, 94.2985])
hess item is 0.0021183460485190153
4600	0.382	0.387	0.396	0.362
4610	0.381	0.394	0.396	0.363
4620	0.381	0.397	0.397	0.357
4630	0.382	0.393	0.397	0.350
4640	0.380	0.395	0.396	0.361
eigenvalues:  tensor([93.5696, 93.0271])
hess item is 0.002146683633327484
4650	0.381	0.396	0.396	0.360
4660	0.381	0.392	0.397	0.362
4670	0.381	0.385	0.397	0.360
4680	0.381	0.396	0.397	0.359
4690	0.380	0.399	0.396	0.366
eigenvalues:  tensor([90.8706, 90.3315])
hess item is 0.0021527144126594067
4700	0.381	0.396	0.396	0.362
4710	0.382	0.389	0.397	0.359
4720	0.383	0.387	0.397	0.355
4730	0.382	0.390	0.397	0.360
4740	0.381	0.395	0.396	0.362
eigenvalues:  tensor([86.7816, 86.2315])
hess item is 0.0021571856923401356
4750	0.382	0.396	0.395	0.363
4760	0.382	0.397	0.395	0.360
4770	0.384	0.389	0.397	0.357
4780	0.384	0.394	0.397	0.357
4790	0.385	0.386	0.397	0.358
eigenvalues:  tensor([88.6533, 88.4229])
hess item is 0.0021518138237297535
4800	0.385	0.385	0.398	0.353
4810	0.384	0.391	0.397	0.362
4820	0.384	0.389	0.397	0.358
4830	0.384	0.384	0.398	0.358
4840	0.384	0.390	0.398	0.357
eigenvalues:  tensor([87.0775, 86.6249])
hess item is 0.0021278345957398415
4850	0.383	0.392	0.397	0.360
4860	0.384	0.382	0.397	0.355
4870	0.385	0.386	0.398	0.355
4880	0.386	0.383	0.398	0.349
4890	0.385	0.383	0.398	0.353
eigenvalues:  tensor([89.5237, 89.2317])
hess item is 0.002123982645571232
4900	0.385	0.384	0.398	0.349
4910	0.386	0.388	0.399	0.354
4920	0.386	0.379	0.399	0.347
4930	0.385	0.380	0.398	0.350
4940	0.386	0.383	0.399	0.354
eigenvalues:  tensor([89.5825, 89.3844])
hess item is 0.002119058044627309
4950	0.385	0.384	0.399	0.350
4960	0.385	0.387	0.397	0.359
4970	0.385	0.386	0.399	0.350
4980	0.385	0.387	0.399	0.350
4990	0.385	0.389	0.399	0.349
eigenvalues:  tensor([89.9261, 89.5890])
hess item is 0.002117678988724947
5000	0.386	0.387	0.399	0.348
5010	0.386	0.384	0.398	0.350
5020	0.385	0.389	0.398	0.351
5030	0.386	0.390	0.399	0.353
5040	0.385	0.387	0.398	0.351
eigenvalues:  tensor([90.7700, 90.6798])
hess item is 0.00213301507756114
5050	0.386	0.386	0.398	0.354
5060	0.385	0.390	0.398	0.356
5070	0.386	0.384	0.398	0.346
5080	0.385	0.389	0.398	0.353
5090	0.385	0.389	0.398	0.354
eigenvalues:  tensor([88.8482, 88.4333])
hess item is 0.002131765941157937
5100	0.385	0.382	0.398	0.352
5110	0.386	0.380	0.399	0.348
5120	0.386	0.390	0.399	0.350
5130	0.385	0.390	0.398	0.355
5140	0.385	0.391	0.398	0.355
eigenvalues:  tensor([93.0233, 92.8363])
hess item is 0.0021376374643296003
5150	0.385	0.392	0.398	0.353
5160	0.385	0.389	0.399	0.349
5170	0.386	0.380	0.399	0.349
5180	0.387	0.384	0.399	0.346
5190	0.386	0.390	0.399	0.356
eigenvalues:  tensor([96.7220, 96.5817])
hess item is 0.0021370158065110445
5200	0.386	0.384	0.399	0.348
5210	0.386	0.386	0.400	0.350
5220	0.386	0.384	0.399	0.350
5230	0.386	0.384	0.399	0.346
5240	0.386	0.384	0.399	0.349
eigenvalues:  tensor([94.7294, 94.4121])
hess item is 0.002150263637304306
5250	0.386	0.384	0.400	0.347
5260	0.385	0.386	0.399	0.356
5270	0.386	0.386	0.400	0.348
5280	0.386	0.381	0.399	0.348
5290	0.386	0.382	0.399	0.353
eigenvalues:  tensor([98.3791, 98.0597])
hess item is 0.0021485285833477974
5300	0.386	0.380	0.399	0.349
5310	0.386	0.382	0.400	0.346
5320	0.387	0.381	0.399	0.350
5330	0.386	0.381	0.399	0.351
5340	0.386	0.381	0.399	0.344
eigenvalues:  tensor([96.3591, 96.0393])
hess item is 0.002163149183616042
5350	0.387	0.375	0.401	0.346
5360	0.387	0.380	0.400	0.349
5370	0.388	0.379	0.400	0.348
5380	0.387	0.375	0.400	0.351
5390	0.386	0.380	0.398	0.351
eigenvalues:  tensor([95.0732, 94.8874])
hess item is 0.0021906604524701834
5400	0.386	0.382	0.398	0.355
5410	0.385	0.385	0.397	0.351
5420	0.385	0.383	0.398	0.354
5430	0.385	0.379	0.397	0.356
5440	0.386	0.379	0.399	0.349
eigenvalues:  tensor([95.5566, 95.3615])
hess item is 0.002178167924284935
5450	0.386	0.379	0.399	0.348
5460	0.386	0.379	0.398	0.353
5470	0.386	0.378	0.398	0.350
5480	0.387	0.375	0.399	0.350
5490	0.386	0.377	0.399	0.347
eigenvalues:  tensor([94.6706, 94.4295])
hess item is 0.0021800126414746046
5500	0.388	0.374	0.400	0.346
5510	0.386	0.381	0.399	0.347
5520	0.387	0.369	0.400	0.344
5530	0.386	0.379	0.399	0.350
5540	0.386	0.378	0.398	0.353
eigenvalues:  tensor([96.6687, 96.5835])
hess item is 0.0021860473789274693
5550	0.386	0.376	0.399	0.351
5560	0.386	0.381	0.400	0.344
5570	0.387	0.376	0.400	0.346
5580	0.387	0.378	0.400	0.349
5590	0.388	0.382	0.401	0.345
eigenvalues:  tensor([99.0678, 98.8720])
hess item is 0.0022249023895710707
5600	0.387	0.379	0.400	0.345
5610	0.387	0.377	0.401	0.344
5620	0.387	0.380	0.400	0.349
5630	0.386	0.378	0.400	0.351
5640	0.386	0.380	0.399	0.346
eigenvalues:  tensor([99.5559, 99.4715])
hess item is 0.00223249732516706
5650	0.386	0.379	0.400	0.348
5660	0.387	0.374	0.400	0.346
5670	0.385	0.379	0.399	0.349
5680	0.385	0.383	0.399	0.347
5690	0.385	0.384	0.398	0.348
eigenvalues:  tensor([95.8163, 95.5884])
hess item is 0.002254079794511199
5700	0.386	0.383	0.399	0.344
5710	0.387	0.381	0.399	0.347
5720	0.387	0.378	0.400	0.344
5730	0.387	0.379	0.400	0.345
5740	0.388	0.373	0.401	0.337
eigenvalues:  tensor([96.5741, 96.4446])
hess item is 0.0022440445609390736
5750	0.388	0.380	0.400	0.349
5760	0.388	0.375	0.399	0.345
5770	0.388	0.376	0.400	0.347
5780	0.387	0.372	0.400	0.343
5790	0.387	0.374	0.400	0.342
eigenvalues:  tensor([100.0590,  99.8874])
hess item is 0.0022729572374373674
5800	0.387	0.376	0.400	0.343
5810	0.387	0.379	0.399	0.349
5820	0.388	0.373	0.401	0.339
5830	0.387	0.376	0.400	0.346
5840	0.387	0.380	0.400	0.348
eigenvalues:  tensor([101.2253, 101.1919])
hess item is 0.00226972671225667
5850	0.387	0.378	0.400	0.346
5860	0.387	0.380	0.400	0.344
5870	0.386	0.380	0.399	0.349
5880	0.387	0.374	0.399	0.346
5890	0.386	0.381	0.399	0.349
eigenvalues:  tensor([100.6660, 100.5923])
hess item is 0.0022577615454792976
5900	0.386	0.378	0.400	0.345
5910	0.385	0.383	0.399	0.345
5920	0.386	0.382	0.400	0.350
5930	0.386	0.385	0.400	0.349
5940	0.386	0.380	0.400	0.347
eigenvalues:  tensor([103.0457, 102.7768])
hess item is 0.0022683062124997377
5950	0.387	0.383	0.400	0.350
5960	0.387	0.379	0.400	0.347
5970	0.386	0.387	0.399	0.350
5980	0.385	0.377	0.399	0.349
5990	0.386	0.382	0.399	0.347
eigenvalues:  tensor([103.4593, 103.3029])
hess item is 0.0022546183317899704
6000	0.385	0.383	0.398	0.354
6010	0.385	0.382	0.398	0.347
6020	0.386	0.384	0.399	0.346
6030	0.386	0.377	0.399	0.347
6040	0.386	0.384	0.399	0.356
eigenvalues:  tensor([104.0401, 103.8754])
hess item is 0.0022906363010406494
6050	0.385	0.386	0.398	0.357
6060	0.385	0.380	0.399	0.352
6070	0.386	0.383	0.399	0.349
6080	0.385	0.384	0.399	0.350
6090	0.385	0.386	0.399	0.350
eigenvalues:  tensor([107.6517, 107.4305])
hess item is 0.0023125119041651487
6100	0.386	0.380	0.399	0.348
6110	0.385	0.385	0.399	0.350
6120	0.384	0.386	0.398	0.353
6130	0.384	0.385	0.398	0.351
6140	0.383	0.392	0.398	0.352
eigenvalues:  tensor([102.5072, 102.3418])
hess item is 0.002334444783627987
6150	0.384	0.387	0.399	0.349
6160	0.384	0.385	0.399	0.348
6170	0.385	0.382	0.399	0.349
6180	0.385	0.383	0.399	0.349
6190	0.383	0.386	0.398	0.350
eigenvalues:  tensor([102.9053, 102.6582])
hess item is 0.0023292037658393383
6200	0.384	0.389	0.399	0.353
6210	0.385	0.382	0.400	0.346
6220	0.384	0.387	0.399	0.349
6230	0.384	0.382	0.399	0.350
6240	0.384	0.384	0.399	0.354
eigenvalues:  tensor([103.8915, 103.5999])
hess item is 0.0023349705152213573
6250	0.385	0.384	0.399	0.345
6260	0.385	0.384	0.400	0.343
6270	0.384	0.383	0.400	0.349
6280	0.383	0.389	0.400	0.350
6290	0.383	0.387	0.399	0.350
eigenvalues:  tensor([105.4860, 105.2044])
hess item is 0.002318220678716898
6300	0.384	0.390	0.399	0.354
6310	0.384	0.391	0.399	0.350
6320	0.385	0.387	0.399	0.352
6330	0.384	0.386	0.399	0.350
6340	0.384	0.387	0.398	0.348
eigenvalues:  tensor([102.6308, 102.4777])
hess item is 0.0023227434139698744
6350	0.383	0.395	0.398	0.354
6360	0.383	0.392	0.398	0.354
6370	0.383	0.393	0.399	0.349
6380	0.383	0.391	0.400	0.343
6390	0.384	0.382	0.399	0.350
eigenvalues:  tensor([104.3450, 104.0335])
hess item is 0.002322543179616332
6400	0.383	0.394	0.399	0.351
6410	0.384	0.383	0.399	0.348
6420	0.383	0.386	0.399	0.346
6430	0.383	0.391	0.399	0.350
6440	0.383	0.393	0.399	0.350
eigenvalues:  tensor([106.4512, 106.1843])
hess item is 0.0023193126544356346
6450	0.383	0.388	0.399	0.347
6460	0.382	0.391	0.398	0.350
6470	0.383	0.394	0.399	0.350
6480	0.383	0.389	0.399	0.348
6490	0.382	0.395	0.398	0.349
eigenvalues:  tensor([105.6139, 105.4333])
hess item is 0.0023084867279976606
6500	0.382	0.396	0.398	0.352
6510	0.382	0.395	0.398	0.354
6520	0.382	0.390	0.398	0.351
6530	0.382	0.393	0.398	0.355
6540	0.381	0.391	0.398	0.349
eigenvalues:  tensor([106.2548, 106.1145])
hess item is 0.002306606387719512
6550	0.382	0.391	0.397	0.354
6560	0.382	0.389	0.398	0.352
6570	0.382	0.386	0.398	0.352
6580	0.383	0.391	0.399	0.354
6590	0.383	0.387	0.398	0.352
eigenvalues:  tensor([105.1955, 105.0318])
hess item is 0.00233309343457222
6600	0.382	0.391	0.397	0.354
6610	0.382	0.387	0.398	0.356
6620	0.382	0.387	0.398	0.353
6630	0.382	0.386	0.398	0.353
6640	0.381	0.391	0.397	0.356
eigenvalues:  tensor([107.0618, 106.8261])
hess item is 0.0023198197595775127
6650	0.382	0.387	0.399	0.349
6660	0.382	0.393	0.399	0.345
6670	0.381	0.395	0.400	0.347
6680	0.382	0.393	0.399	0.348
6690	0.382	0.391	0.399	0.350
eigenvalues:  tensor([106.3144, 106.2331])
hess item is 0.002339186379685998
6700	0.382	0.394	0.399	0.352
6710	0.382	0.392	0.399	0.353
6720	0.382	0.389	0.399	0.354
6730	0.381	0.393	0.399	0.350
6740	0.383	0.398	0.399	0.354
eigenvalues:  tensor([108.8539, 108.6317])
hess item is 0.0023651556111872196
6750	0.382	0.392	0.400	0.350
6760	0.381	0.400	0.398	0.351
6770	0.381	0.396	0.398	0.354
6780	0.382	0.396	0.398	0.351
6790	0.381	0.394	0.399	0.349
eigenvalues:  tensor([109.2356, 109.1609])
hess item is 0.0023563425056636333
6800	0.381	0.392	0.398	0.356
6810	0.380	0.399	0.398	0.354
6820	0.380	0.396	0.398	0.354
6830	0.380	0.396	0.398	0.353
6840	0.380	0.396	0.399	0.351
eigenvalues:  tensor([110.1365, 109.9187])
hess item is 0.00236032297834754
6850	0.381	0.401	0.398	0.352
6860	0.381	0.396	0.399	0.350
6870	0.381	0.391	0.399	0.351
6880	0.381	0.390	0.399	0.351
6890	0.382	0.391	0.399	0.346
eigenvalues:  tensor([111.6184, 111.2825])
hess item is 0.0023807534016668797
6900	0.381	0.393	0.399	0.347
6910	0.380	0.394	0.398	0.349
6920	0.381	0.396	0.399	0.355
6930	0.380	0.396	0.399	0.353
6940	0.380	0.396	0.399	0.352
eigenvalues:  tensor([110.3637, 110.0482])
hess item is 0.0023706492502242327
6950	0.380	0.403	0.398	0.356
6960	0.380	0.399	0.399	0.354
6970	0.380	0.398	0.399	0.353
6980	0.380	0.396	0.399	0.354
6990	0.380	0.399	0.399	0.352
eigenvalues:  tensor([110.3768, 109.9964])
hess item is 0.002393103204667568
7000	0.381	0.396	0.399	0.355
7010	0.380	0.394	0.399	0.355
7020	0.380	0.395	0.399	0.353
7030	0.379	0.396	0.398	0.356
7040	0.379	0.399	0.398	0.353
eigenvalues:  tensor([110.4655, 110.2601])
hess item is 0.002398147014901042
7050	0.380	0.398	0.399	0.350
7060	0.380	0.394	0.398	0.350
7070	0.381	0.397	0.399	0.351
7080	0.380	0.399	0.399	0.356
7090	0.380	0.396	0.399	0.355
eigenvalues:  tensor([111.1678, 110.9855])
hess item is 0.002424966311082244
7100	0.380	0.397	0.399	0.353
7110	0.380	0.397	0.399	0.353
7120	0.379	0.396	0.398	0.350
7130	0.379	0.396	0.398	0.354
7140	0.380	0.400	0.398	0.354
eigenvalues:  tensor([111.2678, 111.1537])
hess item is 0.0024120693560689688
7150	0.379	0.402	0.398	0.359
7160	0.379	0.403	0.398	0.360
7170	0.379	0.400	0.398	0.354
7180	0.379	0.399	0.398	0.356
7190	0.378	0.401	0.397	0.359
eigenvalues:  tensor([110.4637, 110.2762])
hess item is 0.0024495250545442104
7200	0.379	0.398	0.397	0.359
7210	0.379	0.401	0.397	0.365
7220	0.379	0.399	0.397	0.361
7230	0.379	0.398	0.398	0.356
7240	0.378	0.403	0.397	0.358
eigenvalues:  tensor([110.5865, 110.4046])
hess item is 0.002436527516692877
7250	0.378	0.400	0.396	0.359
7260	0.378	0.397	0.396	0.362
7270	0.377	0.403	0.396	0.361
7280	0.378	0.402	0.396	0.360
7290	0.379	0.404	0.397	0.359
eigenvalues:  tensor([109.6696, 109.5391])
hess item is 0.0024424998555332422
7300	0.378	0.407	0.397	0.359
7310	0.378	0.405	0.398	0.358
7320	0.377	0.405	0.397	0.359
7330	0.377	0.407	0.397	0.359
7340	0.377	0.401	0.396	0.358
eigenvalues:  tensor([110.0704, 110.0361])
hess item is 0.002436487004160881
7350	0.378	0.402	0.397	0.354
7360	0.378	0.401	0.397	0.354
7370	0.378	0.400	0.398	0.352
7380	0.378	0.402	0.398	0.354
7390	0.378	0.401	0.397	0.354
eigenvalues:  tensor([111.3328, 111.1314])
hess item is 0.0024329989682883024
7400	0.378	0.405	0.398	0.355
7410	0.379	0.400	0.398	0.355
7420	0.378	0.402	0.397	0.356
7430	0.378	0.400	0.399	0.351
7440	0.377	0.410	0.397	0.355
eigenvalues:  tensor([110.1769, 110.0244])
hess item is 0.002450927160680294
7450	0.377	0.405	0.397	0.362
7460	0.378	0.402	0.398	0.356
7470	0.378	0.403	0.398	0.354
7480	0.378	0.404	0.397	0.357
7490	0.377	0.406	0.397	0.358
eigenvalues:  tensor([110.1776, 110.0679])
hess item is 0.0024376276414841413
7500	0.378	0.400	0.398	0.352
7510	0.378	0.400	0.398	0.353
7520	0.378	0.401	0.398	0.354
7530	0.378	0.400	0.397	0.354
7540	0.377	0.408	0.397	0.356
eigenvalues:  tensor([111.4747, 111.3465])
hess item is 0.0024131922982633114
7550	0.377	0.406	0.397	0.354
7560	0.377	0.408	0.397	0.357
7570	0.377	0.404	0.398	0.354
7580	0.377	0.404	0.398	0.354
7590	0.377	0.403	0.397	0.358
eigenvalues:  tensor([113.1072, 112.9192])
hess item is 0.0024147152435034513
7600	0.377	0.403	0.397	0.359
7610	0.377	0.400	0.398	0.355
7620	0.377	0.403	0.398	0.361
7630	0.377	0.405	0.398	0.356
7640	0.377	0.403	0.398	0.354
eigenvalues:  tensor([113.0576, 112.9013])
hess item is 0.0024165604263544083
7650	0.377	0.403	0.397	0.355
7660	0.377	0.409	0.398	0.355
7670	0.377	0.403	0.398	0.351
7680	0.377	0.404	0.398	0.354
7690	0.377	0.406	0.398	0.358
eigenvalues:  tensor([114.2777, 114.0582])
hess item is 0.002445693826302886
7700	0.377	0.407	0.398	0.356
7710	0.377	0.409	0.398	0.354
7720	0.377	0.406	0.398	0.354
7730	0.378	0.405	0.399	0.352
7740	0.377	0.407	0.399	0.354
eigenvalues:  tensor([113.7302, 113.5550])
hess item is 0.0024350883904844522
7750	0.378	0.411	0.399	0.353
7760	0.377	0.411	0.399	0.354
7770	0.377	0.409	0.399	0.356
7780	0.377	0.408	0.399	0.354
7790	0.377	0.411	0.399	0.353
eigenvalues:  tensor([114.8686, 114.7558])
hess item is 0.002429482527077198
7800	0.378	0.407	0.400	0.353
7810	0.377	0.405	0.400	0.352
7820	0.377	0.408	0.400	0.354
7830	0.377	0.408	0.400	0.355
7840	0.377	0.406	0.399	0.356
eigenvalues:  tensor([113.3901, 113.2788])
hess item is 0.002459054347127676
7850	0.377	0.407	0.399	0.354
7860	0.377	0.410	0.399	0.356
7870	0.377	0.408	0.398	0.355
7880	0.377	0.403	0.399	0.351
7890	0.376	0.407	0.399	0.355
eigenvalues:  tensor([114.8075, 114.6845])
hess item is 0.002495455788448453
7900	0.376	0.411	0.398	0.355
7910	0.376	0.406	0.399	0.356
7920	0.376	0.406	0.399	0.352
7930	0.376	0.407	0.399	0.354
7940	0.376	0.409	0.399	0.354
eigenvalues:  tensor([114.8982, 114.7722])
hess item is 0.0024983545299619436
7950	0.376	0.411	0.399	0.354
7960	0.376	0.414	0.399	0.352
7970	0.376	0.407	0.398	0.355
7980	0.376	0.412	0.398	0.358
7990	0.376	0.409	0.398	0.351
eigenvalues:  tensor([115.3731, 115.1838])
hess item is 0.002526510041207075
8000	0.376	0.409	0.398	0.357
8010	0.376	0.410	0.398	0.359
8020	0.376	0.405	0.399	0.350
8030	0.376	0.410	0.399	0.350
8040	0.376	0.412	0.399	0.351
eigenvalues:  tensor([116.3537, 116.3081])
hess item is 0.0025254832580685616
8050	0.375	0.409	0.398	0.355
8060	0.375	0.410	0.398	0.355
8070	0.376	0.407	0.398	0.356
8080	0.375	0.408	0.398	0.354
8090	0.376	0.406	0.398	0.352
eigenvalues:  tensor([117.5410, 117.4722])
hess item is 0.0025122850202023983
8100	0.376	0.406	0.399	0.351
8110	0.376	0.406	0.399	0.350
8120	0.376	0.407	0.399	0.350
8130	0.376	0.404	0.399	0.347
8140	0.376	0.410	0.398	0.349
eigenvalues:  tensor([116.9090, 116.7205])
hess item is 0.0025051541160792112
8150	0.375	0.412	0.398	0.354
8160	0.375	0.409	0.398	0.355
8170	0.375	0.411	0.398	0.351
8180	0.376	0.410	0.398	0.354
8190	0.376	0.407	0.399	0.354
eigenvalues:  tensor([118.0115, 117.7521])
hess item is 0.002543295966461301
8200	0.376	0.408	0.398	0.354
8210	0.376	0.413	0.398	0.356
8220	0.376	0.412	0.398	0.353
8230	0.376	0.409	0.398	0.350
8240	0.376	0.410	0.398	0.354
eigenvalues:  tensor([119.4037, 119.1988])
hess item is 0.0025684479624032974
8250	0.375	0.408	0.398	0.354
8260	0.375	0.411	0.398	0.354
8270	0.376	0.408	0.398	0.354
8280	0.376	0.409	0.398	0.360
8290	0.376	0.411	0.398	0.357
eigenvalues:  tensor([119.2987, 119.0764])
hess item is 0.002578826854005456
8300	0.376	0.409	0.398	0.350
8310	0.375	0.408	0.398	0.351
8320	0.375	0.409	0.397	0.350
8330	0.375	0.413	0.397	0.356
8340	0.375	0.411	0.398	0.355
eigenvalues:  tensor([121.0070, 120.8447])
hess item is 0.0025826343335211277
8350	0.375	0.406	0.398	0.348
8360	0.375	0.407	0.399	0.350
8370	0.375	0.410	0.398	0.348
8380	0.375	0.410	0.398	0.352
8390	0.375	0.408	0.398	0.349
eigenvalues:  tensor([121.2618, 121.1258])
hess item is 0.002567081479355693
8400	0.375	0.408	0.399	0.350
8410	0.375	0.408	0.399	0.351
8420	0.375	0.411	0.399	0.350
8430	0.375	0.409	0.399	0.350
8440	0.374	0.415	0.399	0.354
eigenvalues:  tensor([120.5275, 120.4209])
hess item is 0.0025762778241187334
8450	0.374	0.415	0.399	0.353
8460	0.374	0.414	0.399	0.355
8470	0.375	0.412	0.399	0.353
8480	0.375	0.414	0.399	0.354
8490	0.375	0.410	0.399	0.355
eigenvalues:  tensor([119.7516, 119.6717])
hess item is 0.0025758070405572653
8500	0.375	0.412	0.399	0.356
8510	0.374	0.414	0.399	0.354
8520	0.374	0.415	0.399	0.354
8530	0.374	0.412	0.398	0.352
8540	0.375	0.410	0.398	0.352
eigenvalues:  tensor([119.7743, 119.6899])
hess item is 0.0025524920783936977
8550	0.375	0.414	0.398	0.354
8560	0.374	0.416	0.399	0.350
8570	0.374	0.415	0.398	0.354
8580	0.374	0.417	0.399	0.355
8590	0.375	0.417	0.399	0.355
eigenvalues:  tensor([118.9683, 118.8697])
hess item is 0.002539366949349642
8600	0.374	0.413	0.399	0.355
8610	0.374	0.414	0.399	0.352
8620	0.375	0.413	0.399	0.357
8630	0.374	0.412	0.399	0.357
8640	0.374	0.415	0.399	0.350
eigenvalues:  tensor([118.8563, 118.7593])
hess item is 0.0025534143205732107
8650	0.373	0.416	0.399	0.352
8660	0.374	0.418	0.399	0.354
8670	0.373	0.411	0.399	0.349
8680	0.374	0.412	0.399	0.351
8690	0.373	0.417	0.398	0.353
eigenvalues:  tensor([120.7259, 120.6128])
hess item is 0.002555856015533209
8700	0.373	0.418	0.398	0.354
8710	0.373	0.414	0.399	0.352
8720	0.373	0.417	0.399	0.353
8730	0.373	0.412	0.399	0.352
8740	0.373	0.417	0.399	0.350
eigenvalues:  tensor([120.4978, 120.4514])
hess item is 0.0025653596967458725
8750	0.372	0.421	0.399	0.352
8760	0.373	0.418	0.399	0.350
8770	0.373	0.418	0.399	0.350
8780	0.372	0.421	0.399	0.356
8790	0.373	0.416	0.399	0.353
eigenvalues:  tensor([119.9212, 119.8720])
hess item is 0.002587757771834731
8800	0.373	0.415	0.399	0.348
8810	0.373	0.413	0.399	0.355
8820	0.373	0.416	0.399	0.350
8830	0.373	0.417	0.399	0.353
8840	0.372	0.416	0.399	0.352
eigenvalues:  tensor([120.8072, 120.7254])
hess item is 0.002595851430669427
8850	0.373	0.415	0.399	0.350
8860	0.373	0.418	0.399	0.355
8870	0.372	0.419	0.399	0.354
8880	0.373	0.417	0.399	0.354
8890	0.372	0.419	0.398	0.354
eigenvalues:  tensor([120.2612, 120.1531])
hess item is 0.0025854031555354595
8900	0.372	0.417	0.399	0.353
8910	0.372	0.413	0.399	0.352
8920	0.373	0.416	0.399	0.354
8930	0.373	0.413	0.399	0.353
8940	0.373	0.414	0.399	0.351
eigenvalues:  tensor([119.7758, 119.5791])
hess item is 0.002597871469333768
8950	0.372	0.418	0.399	0.351
8960	0.372	0.416	0.399	0.353
8970	0.372	0.418	0.399	0.352
8980	0.372	0.415	0.399	0.352
8990	0.372	0.416	0.399	0.353
eigenvalues:  tensor([120.0195, 119.8167])
hess item is 0.0025983424857258797
9000	0.372	0.417	0.399	0.351
9010	0.372	0.416	0.399	0.349
9020	0.371	0.418	0.399	0.354
9030	0.372	0.417	0.399	0.354
9040	0.372	0.415	0.399	0.353
eigenvalues:  tensor([121.2596, 121.0955])
hess item is 0.0025545840617269278
9050	0.371	0.419	0.399	0.351
9060	0.371	0.421	0.398	0.351
9070	0.371	0.417	0.399	0.350
9080	0.371	0.414	0.399	0.351
9090	0.371	0.417	0.399	0.350
eigenvalues:  tensor([121.8006, 121.6693])
hess item is 0.002555646700784564
9100	0.371	0.416	0.399	0.352
9110	0.370	0.419	0.399	0.354
9120	0.371	0.422	0.399	0.351
9130	0.371	0.426	0.399	0.354
9140	0.370	0.425	0.399	0.353
eigenvalues:  tensor([121.7519, 121.6003])
hess item is 0.0025591147132217884
9150	0.371	0.424	0.399	0.355
9160	0.370	0.428	0.399	0.355
9170	0.370	0.426	0.399	0.358
9180	0.370	0.422	0.399	0.355
9190	0.370	0.422	0.399	0.358
eigenvalues:  tensor([120.8461, 120.7179])
hess item is 0.0025791339576244354
9200	0.370	0.423	0.399	0.354
9210	0.370	0.420	0.399	0.355
9220	0.370	0.421	0.398	0.355
9230	0.370	0.419	0.399	0.355
9240	0.371	0.420	0.400	0.349
eigenvalues:  tensor([121.3008, 121.1710])
hess item is 0.0025694300420582294
9250	0.371	0.420	0.400	0.351
9260	0.370	0.422	0.399	0.352
9270	0.370	0.423	0.400	0.351
9280	0.370	0.419	0.399	0.352
9290	0.370	0.423	0.399	0.356
eigenvalues:  tensor([121.1958, 121.0664])
hess item is 0.002574516460299492
9300	0.370	0.423	0.399	0.356
9310	0.370	0.422	0.399	0.356
9320	0.370	0.421	0.399	0.357
9330	0.371	0.415	0.400	0.350
9340	0.371	0.419	0.400	0.353
eigenvalues:  tensor([121.7453, 121.5449])
hess item is 0.002593216486275196
9350	0.371	0.421	0.399	0.355
9360	0.371	0.424	0.400	0.354
9370	0.371	0.423	0.399	0.355
9380	0.371	0.425	0.399	0.354
9390	0.371	0.419	0.399	0.349
eigenvalues:  tensor([122.1764, 121.9947])
hess item is 0.002600953681394458
9400	0.371	0.418	0.399	0.352
9410	0.372	0.418	0.400	0.352
9420	0.371	0.418	0.400	0.350
9430	0.371	0.417	0.399	0.357
9440	0.371	0.421	0.398	0.356
eigenvalues:  tensor([122.4304, 122.2877])
hess item is 0.002614067168906331
9450	0.371	0.422	0.399	0.359
9460	0.370	0.424	0.399	0.358
9470	0.370	0.418	0.399	0.352
9480	0.370	0.421	0.400	0.353
9490	0.370	0.428	0.400	0.355
eigenvalues:  tensor([122.4084, 122.2342])
hess item is 0.0026114534121006727
9500	0.369	0.427	0.400	0.353
9510	0.369	0.425	0.400	0.353
9520	0.369	0.423	0.399	0.355
9530	0.369	0.423	0.399	0.350
9540	0.369	0.423	0.399	0.351
eigenvalues:  tensor([122.8678, 122.6907])
hess item is 0.002619953127577901
9550	0.369	0.426	0.399	0.353
9560	0.369	0.424	0.399	0.354
9570	0.369	0.424	0.398	0.356
9580	0.369	0.428	0.398	0.357
9590	0.368	0.427	0.398	0.357
eigenvalues:  tensor([122.3304, 122.2387])
hess item is 0.0026171321514993906
9600	0.369	0.426	0.398	0.353
9610	0.368	0.429	0.398	0.357
9620	0.368	0.426	0.397	0.360
9630	0.370	0.422	0.398	0.361
9640	0.369	0.423	0.398	0.358
eigenvalues:  tensor([121.8272, 121.6821])
hess item is 0.002616018755361438
9650	0.369	0.424	0.398	0.358
9660	0.369	0.427	0.398	0.359
9670	0.369	0.424	0.398	0.358
9680	0.369	0.427	0.399	0.357
9690	0.369	0.428	0.398	0.352
eigenvalues:  tensor([122.5495, 122.4057])
hess item is 0.0026123677380383015
9700	0.368	0.429	0.398	0.360
9710	0.368	0.431	0.398	0.360
9720	0.368	0.430	0.398	0.358
9730	0.368	0.431	0.398	0.358
9740	0.367	0.431	0.397	0.363
eigenvalues:  tensor([122.0542, 121.9744])
hess item is 0.002599660074338317
9750	0.368	0.426	0.397	0.359
9760	0.367	0.426	0.397	0.357
9770	0.368	0.426	0.397	0.356
9780	0.367	0.425	0.397	0.359
9790	0.367	0.426	0.397	0.363
eigenvalues:  tensor([123.0323, 122.9597])
hess item is 0.0026045385748147964
9800	0.367	0.429	0.397	0.361
9810	0.367	0.427	0.397	0.360
9820	0.367	0.429	0.396	0.362
9830	0.367	0.428	0.396	0.361
9840	0.367	0.427	0.397	0.359
eigenvalues:  tensor([122.2383, 122.1895])
hess item is 0.0026047909632325172
9850	0.367	0.430	0.397	0.356
9860	0.367	0.429	0.397	0.360
9870	0.367	0.427	0.397	0.359
9880	0.368	0.426	0.397	0.357
9890	0.367	0.427	0.397	0.359
eigenvalues:  tensor([122.1040, 122.0159])
hess item is 0.0026273997500538826
9900	0.367	0.431	0.398	0.363
9910	0.367	0.429	0.398	0.360
9920	0.368	0.430	0.398	0.363
9930	0.367	0.428	0.397	0.367
9940	0.367	0.432	0.397	0.363
eigenvalues:  tensor([122.8631, 122.7680])
hess item is 0.002638877835124731
9950	0.366	0.432	0.397	0.364
9960	0.366	0.433	0.397	0.364
9970	0.366	0.432	0.396	0.365
9980	0.366	0.430	0.396	0.365
9990	0.367	0.428	0.397	0.363
