device: cuda:4
output directory: RESULTS/cifar10-10k/fc-tanh/seed_0/mse/ivon/lr_0.0005_h0_1.0_post_1_alpha_100.0_beta2_0.9995_beta_0.0_ess_1000000.0_ivon
Files already downloaded and verified
Files already downloaded and verified
optimizer is IVON
0	0.597	0.131	0.597	0.131
10	0.574	0.136	0.575	0.137
20	0.558	0.142	0.559	0.142
30	0.547	0.149	0.548	0.148
40	0.539	0.154	0.540	0.155
eigenvalues:  tensor([80.6505, 66.5496])
hess item is 0.9753845930099487
50	0.532	0.161	0.533	0.161
60	0.527	0.167	0.528	0.167
70	0.522	0.172	0.524	0.173
80	0.518	0.177	0.520	0.177
90	0.514	0.183	0.516	0.183
eigenvalues:  tensor([80.2782, 66.1582])
hess item is 0.9513707160949707
100	0.511	0.188	0.513	0.185
110	0.508	0.192	0.510	0.189
120	0.505	0.197	0.507	0.193
130	0.503	0.200	0.505	0.196
140	0.500	0.205	0.502	0.199
eigenvalues:  tensor([79.8586, 65.7089])
hess item is 0.927950382232666
150	0.498	0.209	0.500	0.201
160	0.496	0.211	0.498	0.204
170	0.494	0.211	0.496	0.206
180	0.492	0.214	0.494	0.208
190	0.490	0.217	0.492	0.211
eigenvalues:  tensor([79.4256, 65.2865])
hess item is 0.9051104784011841
200	0.488	0.220	0.491	0.213
210	0.486	0.222	0.489	0.216
220	0.484	0.224	0.487	0.219
230	0.482	0.225	0.485	0.220
240	0.481	0.227	0.484	0.222
eigenvalues:  tensor([79.0348, 64.8647])
hess item is 0.8828374743461609
250	0.479	0.228	0.482	0.224
260	0.478	0.230	0.481	0.226
270	0.477	0.233	0.479	0.227
280	0.475	0.234	0.478	0.230
290	0.474	0.237	0.477	0.232
eigenvalues:  tensor([78.6902, 64.4753])
hess item is 0.8611159920692444
300	0.472	0.239	0.475	0.233
310	0.471	0.241	0.474	0.234
320	0.470	0.243	0.473	0.236
330	0.469	0.244	0.472	0.236
340	0.468	0.246	0.471	0.237
eigenvalues:  tensor([78.3307, 64.1122])
hess item is 0.8399311304092407
350	0.467	0.249	0.470	0.239
360	0.466	0.250	0.469	0.240
370	0.464	0.252	0.468	0.243
380	0.463	0.254	0.467	0.244
390	0.463	0.254	0.466	0.246
eigenvalues:  tensor([78.0403, 63.7602])
hess item is 0.8192651867866516
400	0.462	0.257	0.465	0.248
410	0.461	0.258	0.464	0.250
420	0.460	0.260	0.463	0.251
430	0.459	0.261	0.462	0.252
440	0.458	0.263	0.462	0.254
eigenvalues:  tensor([77.7126, 63.3996])
hess item is 0.7991101741790771
450	0.457	0.264	0.461	0.256
460	0.456	0.266	0.460	0.256
470	0.455	0.268	0.459	0.257
480	0.455	0.270	0.459	0.259
490	0.454	0.272	0.458	0.260
eigenvalues:  tensor([77.3944, 63.0790])
hess item is 0.779455840587616
500	0.453	0.273	0.457	0.260
510	0.452	0.274	0.456	0.261
520	0.452	0.276	0.456	0.261
530	0.451	0.276	0.455	0.262
540	0.450	0.277	0.454	0.263
eigenvalues:  tensor([77.0860, 62.7666])
hess item is 0.7602897882461548
550	0.449	0.277	0.454	0.264
560	0.449	0.278	0.453	0.265
570	0.448	0.280	0.452	0.266
580	0.447	0.282	0.452	0.266
590	0.447	0.282	0.451	0.267
eigenvalues:  tensor([76.7712, 62.4619])
hess item is 0.7415918707847595
600	0.446	0.283	0.450	0.268
610	0.445	0.283	0.450	0.268
620	0.445	0.284	0.449	0.268
630	0.444	0.286	0.449	0.269
640	0.443	0.287	0.448	0.271
eigenvalues:  tensor([76.4861, 62.1760])
hess item is 0.723354697227478
650	0.443	0.288	0.447	0.271
660	0.442	0.289	0.447	0.273
670	0.442	0.290	0.446	0.274
680	0.441	0.290	0.446	0.273
690	0.440	0.291	0.445	0.274
eigenvalues:  tensor([76.2439, 61.9235])
hess item is 0.7055684924125671
700	0.440	0.292	0.445	0.275
710	0.439	0.293	0.444	0.277
720	0.439	0.295	0.444	0.278
730	0.438	0.296	0.443	0.278
740	0.438	0.298	0.443	0.279
eigenvalues:  tensor([75.9454, 61.6495])
hess item is 0.6882265210151672
750	0.437	0.299	0.442	0.279
760	0.437	0.299	0.442	0.280
770	0.436	0.301	0.442	0.281
780	0.436	0.300	0.441	0.281
790	0.435	0.301	0.441	0.282
eigenvalues:  tensor([75.6548, 61.4215])
hess item is 0.6713043451309204
800	0.435	0.301	0.440	0.283
810	0.434	0.301	0.440	0.283
820	0.434	0.303	0.439	0.284
830	0.434	0.304	0.439	0.286
840	0.433	0.305	0.439	0.286
eigenvalues:  tensor([75.3790, 61.1951])
hess item is 0.6548020243644714
850	0.433	0.305	0.438	0.287
860	0.432	0.307	0.438	0.289
870	0.432	0.308	0.437	0.289
880	0.431	0.310	0.437	0.290
890	0.431	0.310	0.437	0.290
eigenvalues:  tensor([75.1287, 61.0071])
hess item is 0.6387046575546265
900	0.431	0.310	0.436	0.290
910	0.430	0.310	0.436	0.291
920	0.430	0.312	0.436	0.292
930	0.429	0.313	0.435	0.292
940	0.429	0.313	0.435	0.292
eigenvalues:  tensor([74.8744, 60.8203])
hess item is 0.6230058670043945
950	0.429	0.314	0.435	0.293
960	0.428	0.314	0.434	0.294
970	0.428	0.316	0.434	0.294
980	0.427	0.316	0.433	0.295
990	0.427	0.316	0.433	0.296
eigenvalues:  tensor([74.6919, 60.6655])
hess item is 0.607692539691925
1000	0.427	0.318	0.433	0.296
1010	0.426	0.319	0.432	0.297
1020	0.426	0.320	0.432	0.298
1030	0.426	0.321	0.432	0.299
1040	0.425	0.322	0.432	0.299
eigenvalues:  tensor([74.3889, 60.5449])
hess item is 0.5927644371986389
1050	0.425	0.322	0.431	0.299
1060	0.424	0.323	0.431	0.300
1070	0.424	0.323	0.431	0.301
1080	0.424	0.324	0.430	0.301
1090	0.423	0.325	0.430	0.301
eigenvalues:  tensor([74.1592, 60.4286])
hess item is 0.578201174736023
1100	0.423	0.325	0.430	0.301
1110	0.423	0.326	0.429	0.302
1120	0.422	0.327	0.429	0.303
1130	0.422	0.328	0.429	0.302
1140	0.422	0.328	0.429	0.303
eigenvalues:  tensor([73.9264, 60.3025])
hess item is 0.5639985203742981
1150	0.421	0.329	0.428	0.302
1160	0.421	0.329	0.428	0.302
1170	0.421	0.330	0.428	0.302
1180	0.421	0.331	0.427	0.303
1190	0.420	0.330	0.427	0.304
eigenvalues:  tensor([73.6840, 60.1813])
hess item is 0.5501469969749451
1200	0.420	0.330	0.427	0.304
1210	0.420	0.330	0.427	0.306
1220	0.419	0.331	0.426	0.306
1230	0.419	0.332	0.426	0.306
1240	0.419	0.332	0.426	0.307
eigenvalues:  tensor([73.5007, 60.0629])
hess item is 0.5366368293762207
1250	0.418	0.333	0.426	0.308
1260	0.418	0.333	0.425	0.309
1270	0.418	0.334	0.425	0.308
1280	0.418	0.334	0.425	0.309
1290	0.417	0.336	0.425	0.310
eigenvalues:  tensor([73.1868, 59.9588])
hess item is 0.5234604477882385
1300	0.417	0.336	0.424	0.310
1310	0.417	0.336	0.424	0.310
1320	0.417	0.337	0.424	0.311
1330	0.416	0.337	0.424	0.311
1340	0.416	0.338	0.424	0.312
eigenvalues:  tensor([73.0158, 59.8326])
hess item is 0.5106042623519897
1350	0.416	0.338	0.423	0.312
1360	0.415	0.339	0.423	0.312
1370	0.415	0.339	0.423	0.313
1380	0.415	0.340	0.423	0.313
1390	0.415	0.341	0.422	0.313
eigenvalues:  tensor([72.7996, 59.7436])
hess item is 0.4980703890323639
1400	0.414	0.341	0.422	0.314
1410	0.414	0.341	0.422	0.315
1420	0.414	0.341	0.422	0.314
1430	0.414	0.343	0.422	0.315
1440	0.413	0.344	0.421	0.315
eigenvalues:  tensor([72.5873, 59.6488])
hess item is 0.48584502935409546
1450	0.413	0.345	0.421	0.317
1460	0.413	0.346	0.421	0.318
1470	0.413	0.346	0.421	0.317
1480	0.412	0.347	0.421	0.318
1490	0.412	0.348	0.420	0.317
eigenvalues:  tensor([72.4043, 59.5442])
hess item is 0.4739242494106293
1500	0.412	0.349	0.420	0.318
1510	0.412	0.350	0.420	0.319
1520	0.411	0.350	0.420	0.321
1530	0.411	0.350	0.420	0.320
1540	0.411	0.352	0.419	0.320
eigenvalues:  tensor([72.2383, 59.4382])
hess item is 0.4622950255870819
1550	0.411	0.351	0.419	0.321
1560	0.411	0.352	0.419	0.321
1570	0.410	0.354	0.419	0.321
1580	0.410	0.354	0.419	0.322
1590	0.410	0.355	0.419	0.323
eigenvalues:  tensor([71.9626, 59.3543])
hess item is 0.4509560167789459
1600	0.410	0.354	0.418	0.323
1610	0.409	0.355	0.418	0.324
1620	0.409	0.356	0.418	0.324
1630	0.409	0.357	0.418	0.325
1640	0.409	0.358	0.418	0.325
eigenvalues:  tensor([71.8065, 59.1984])
hess item is 0.4398900866508484
1650	0.409	0.358	0.417	0.326
1660	0.408	0.358	0.417	0.327
1670	0.408	0.358	0.417	0.327
1680	0.408	0.359	0.417	0.328
1690	0.408	0.359	0.417	0.327
eigenvalues:  tensor([71.5621, 59.1400])
hess item is 0.4291003942489624
1700	0.408	0.360	0.417	0.327
1710	0.407	0.361	0.417	0.327
1720	0.407	0.362	0.416	0.329
1730	0.407	0.361	0.416	0.329
1740	0.407	0.362	0.416	0.329
eigenvalues:  tensor([71.4131, 59.0326])
hess item is 0.4185793697834015
1750	0.407	0.362	0.416	0.329
1760	0.406	0.363	0.416	0.330
1770	0.406	0.364	0.416	0.332
1780	0.406	0.365	0.415	0.330
1790	0.406	0.364	0.415	0.331
eigenvalues:  tensor([71.1988, 58.9054])
hess item is 0.4083171784877777
1800	0.406	0.365	0.415	0.333
1810	0.405	0.367	0.415	0.333
1820	0.405	0.366	0.415	0.333
1830	0.405	0.369	0.415	0.334
1840	0.405	0.369	0.415	0.333
eigenvalues:  tensor([71.0710, 58.8037])
hess item is 0.3983091711997986
1850	0.405	0.370	0.414	0.333
1860	0.404	0.370	0.414	0.333
1870	0.404	0.371	0.414	0.335
1880	0.404	0.373	0.414	0.334
1890	0.404	0.373	0.414	0.335
eigenvalues:  tensor([70.7752, 58.7362])
hess item is 0.3885458707809448
1900	0.404	0.374	0.414	0.336
1910	0.404	0.374	0.414	0.336
1920	0.403	0.375	0.414	0.336
1930	0.403	0.376	0.413	0.336
1940	0.403	0.376	0.413	0.338
eigenvalues:  tensor([70.6329, 58.6299])
hess item is 0.3790254592895508
1950	0.403	0.377	0.413	0.338
1960	0.403	0.376	0.413	0.340
1970	0.403	0.376	0.413	0.340
1980	0.402	0.377	0.413	0.340
1990	0.402	0.377	0.413	0.339
eigenvalues:  tensor([70.4307, 58.5534])
hess item is 0.36974048614501953
2000	0.402	0.380	0.412	0.341
2010	0.402	0.380	0.412	0.342
2020	0.402	0.380	0.412	0.342
2030	0.402	0.380	0.412	0.343
2040	0.401	0.382	0.412	0.343
eigenvalues:  tensor([70.1986, 58.4298])
hess item is 0.3606850802898407
2050	0.401	0.380	0.412	0.343
2060	0.401	0.382	0.412	0.343
2070	0.401	0.382	0.412	0.345
2080	0.401	0.382	0.411	0.345
2090	0.401	0.383	0.411	0.347
eigenvalues:  tensor([70.0589, 58.3465])
hess item is 0.3518509864807129
2100	0.400	0.383	0.411	0.346
2110	0.400	0.383	0.411	0.346
2120	0.400	0.384	0.411	0.346
2130	0.400	0.384	0.411	0.347
2140	0.400	0.386	0.411	0.348
eigenvalues:  tensor([69.8446, 58.2491])
hess item is 0.343234121799469
2150	0.400	0.386	0.411	0.348
2160	0.400	0.386	0.411	0.347
2170	0.399	0.386	0.411	0.347
2180	0.399	0.387	0.410	0.349
2190	0.399	0.387	0.410	0.348
eigenvalues:  tensor([69.5212, 58.1803])
hess item is 0.3348328769207001
2200	0.399	0.388	0.410	0.349
2210	0.399	0.389	0.410	0.349
2220	0.399	0.388	0.410	0.350
2230	0.398	0.388	0.410	0.350
2240	0.398	0.390	0.410	0.350
eigenvalues:  tensor([69.4809, 58.0747])
hess item is 0.3266368806362152
2250	0.398	0.390	0.410	0.350
2260	0.398	0.389	0.410	0.349
2270	0.398	0.390	0.409	0.351
2280	0.398	0.391	0.409	0.352
2290	0.398	0.392	0.409	0.351
eigenvalues:  tensor([69.2293, 57.9782])
hess item is 0.31864088773727417
2300	0.397	0.392	0.409	0.352
2310	0.397	0.392	0.409	0.351
2320	0.397	0.392	0.409	0.353
2330	0.397	0.392	0.409	0.352
2340	0.397	0.393	0.409	0.354
eigenvalues:  tensor([69.0700, 57.8785])
hess item is 0.3108462989330292
2350	0.397	0.392	0.409	0.353
2360	0.397	0.394	0.409	0.353
2370	0.396	0.393	0.409	0.352
2380	0.396	0.394	0.408	0.354
2390	0.396	0.394	0.408	0.353
eigenvalues:  tensor([68.8491, 57.7824])
hess item is 0.303242951631546
2400	0.396	0.395	0.408	0.355
2410	0.396	0.396	0.408	0.355
2420	0.396	0.396	0.408	0.355
2430	0.396	0.397	0.408	0.355
2440	0.396	0.395	0.408	0.356
eigenvalues:  tensor([68.7617, 57.6861])
hess item is 0.2958287000656128
2450	0.395	0.395	0.408	0.356
2460	0.395	0.397	0.408	0.356
2470	0.395	0.397	0.408	0.356
2480	0.395	0.397	0.408	0.357
2490	0.395	0.398	0.407	0.356
eigenvalues:  tensor([68.4159, 57.5574])
hess item is 0.2885972261428833
2500	0.395	0.400	0.407	0.356
2510	0.395	0.398	0.407	0.356
2520	0.394	0.398	0.407	0.356
2530	0.394	0.400	0.407	0.357
2540	0.394	0.400	0.407	0.357
eigenvalues:  tensor([68.2096, 57.4769])
hess item is 0.28154313564300537
2550	0.394	0.401	0.407	0.359
2560	0.394	0.400	0.407	0.358
2570	0.394	0.401	0.407	0.358
2580	0.394	0.400	0.407	0.359
2590	0.394	0.402	0.407	0.359
eigenvalues:  tensor([68.0560, 57.3744])
hess item is 0.27466434240341187
2600	0.393	0.403	0.407	0.359
2610	0.393	0.404	0.406	0.361
2620	0.393	0.403	0.406	0.360
2630	0.393	0.403	0.406	0.360
2640	0.393	0.404	0.406	0.360
eigenvalues:  tensor([67.8923, 57.3207])
hess item is 0.26795482635498047
2650	0.393	0.403	0.406	0.360
2660	0.393	0.403	0.406	0.359
2670	0.393	0.404	0.406	0.360
2680	0.392	0.404	0.406	0.359
2690	0.392	0.405	0.406	0.361
eigenvalues:  tensor([67.6831, 57.1862])
hess item is 0.26141026616096497
2700	0.392	0.405	0.406	0.361
2710	0.392	0.406	0.406	0.360
2720	0.392	0.406	0.406	0.361
2730	0.392	0.407	0.405	0.360
2740	0.392	0.407	0.405	0.361
eigenvalues:  tensor([67.5812, 57.0785])
hess item is 0.25502705574035645
2750	0.392	0.409	0.405	0.361
2760	0.391	0.407	0.405	0.362
2770	0.391	0.408	0.405	0.361
2780	0.391	0.408	0.405	0.361
2790	0.391	0.408	0.405	0.362
eigenvalues:  tensor([67.2921, 56.9253])
hess item is 0.2488034963607788
2800	0.391	0.410	0.405	0.363
2810	0.391	0.410	0.405	0.363
2820	0.391	0.410	0.405	0.363
2830	0.391	0.410	0.405	0.362
2840	0.390	0.411	0.405	0.362
eigenvalues:  tensor([67.1071, 56.8293])
hess item is 0.2427287995815277
2850	0.390	0.411	0.405	0.363
2860	0.390	0.412	0.405	0.363
2870	0.390	0.413	0.405	0.364
2880	0.390	0.413	0.404	0.363
2890	0.390	0.415	0.404	0.364
eigenvalues:  tensor([66.8474, 56.7856])
hess item is 0.2368064969778061
2900	0.390	0.415	0.404	0.364
2910	0.390	0.413	0.404	0.363
2920	0.390	0.414	0.404	0.365
2930	0.389	0.415	0.404	0.363
2940	0.389	0.415	0.404	0.365
eigenvalues:  tensor([66.6619, 56.6186])
hess item is 0.23103033006191254
2950	0.389	0.415	0.404	0.364
2960	0.389	0.417	0.404	0.366
2970	0.389	0.416	0.404	0.364
2980	0.389	0.416	0.404	0.366
2990	0.389	0.418	0.404	0.366
eigenvalues:  tensor([66.4669, 56.5377])
hess item is 0.2253963202238083
3000	0.389	0.418	0.404	0.365
3010	0.388	0.419	0.404	0.366
3020	0.388	0.421	0.404	0.367
3030	0.388	0.419	0.403	0.366
3040	0.388	0.419	0.403	0.368
eigenvalues:  tensor([66.3818, 56.4790])
hess item is 0.2199016511440277
3050	0.388	0.421	0.404	0.368
3060	0.388	0.421	0.403	0.366
3070	0.388	0.421	0.403	0.369
3080	0.388	0.421	0.403	0.369
3090	0.388	0.423	0.403	0.368
eigenvalues:  tensor([65.9778, 56.3052])
hess item is 0.21454373002052307
3100	0.387	0.422	0.403	0.368
3110	0.387	0.423	0.403	0.369
3120	0.387	0.423	0.403	0.369
3130	0.387	0.426	0.403	0.370
3140	0.387	0.424	0.403	0.369
eigenvalues:  tensor([65.7300, 56.1272])
hess item is 0.20931576192378998
3150	0.387	0.423	0.403	0.370
3160	0.387	0.423	0.403	0.370
3170	0.387	0.424	0.403	0.371
3180	0.387	0.428	0.403	0.371
3190	0.386	0.427	0.403	0.371
eigenvalues:  tensor([65.5530, 56.0585])
hess item is 0.20421649515628815
3200	0.386	0.428	0.402	0.370
3210	0.386	0.431	0.402	0.370
3220	0.386	0.429	0.402	0.370
3230	0.386	0.427	0.402	0.370
3240	0.386	0.425	0.402	0.370
eigenvalues:  tensor([65.3611, 55.9418])
hess item is 0.19924414157867432
3250	0.386	0.427	0.402	0.369
3260	0.386	0.428	0.402	0.371
3270	0.386	0.427	0.402	0.372
3280	0.385	0.430	0.402	0.371
3290	0.385	0.430	0.402	0.370
eigenvalues:  tensor([65.1286, 55.7800])
hess item is 0.19439710676670074
3300	0.385	0.430	0.402	0.370
3310	0.385	0.431	0.402	0.372
3320	0.385	0.431	0.402	0.371
3330	0.385	0.432	0.402	0.372
3340	0.385	0.430	0.402	0.372
eigenvalues:  tensor([64.9092, 55.6504])
hess item is 0.1896664798259735
3350	0.385	0.432	0.402	0.371
3360	0.385	0.432	0.402	0.373
3370	0.384	0.433	0.401	0.372
3380	0.384	0.432	0.401	0.373
3390	0.384	0.432	0.401	0.370
eigenvalues:  tensor([64.6392, 55.4942])
hess item is 0.18505379557609558
3400	0.384	0.432	0.401	0.373
3410	0.384	0.432	0.401	0.371
3420	0.384	0.432	0.401	0.373
3430	0.384	0.433	0.401	0.373
3440	0.384	0.433	0.401	0.374
eigenvalues:  tensor([64.3287, 55.3033])
hess item is 0.18055377900600433
3450	0.384	0.434	0.401	0.375
3460	0.383	0.434	0.401	0.374
3470	0.383	0.434	0.401	0.374
3480	0.383	0.434	0.401	0.373
3490	0.383	0.432	0.401	0.373
eigenvalues:  tensor([64.0931, 55.1731])
hess item is 0.1761651486158371
3500	0.383	0.436	0.401	0.373
3510	0.383	0.436	0.401	0.374
3520	0.383	0.435	0.401	0.375
3530	0.383	0.437	0.401	0.374
3540	0.383	0.439	0.401	0.377
eigenvalues:  tensor([63.8859, 55.0099])
hess item is 0.17188596725463867
3550	0.382	0.440	0.400	0.375
3560	0.382	0.438	0.400	0.374
3570	0.382	0.437	0.400	0.377
3580	0.382	0.437	0.400	0.376
3590	0.382	0.438	0.400	0.376
eigenvalues:  tensor([63.6571, 54.8711])
hess item is 0.1677122265100479
3600	0.382	0.439	0.400	0.377
3610	0.382	0.441	0.400	0.376
3620	0.382	0.440	0.400	0.375
3630	0.382	0.442	0.400	0.374
3640	0.382	0.440	0.400	0.376
eigenvalues:  tensor([63.2327, 54.7538])
hess item is 0.16364224255084991
3650	0.381	0.440	0.400	0.375
3660	0.381	0.442	0.400	0.376
3670	0.381	0.445	0.400	0.376
3680	0.381	0.443	0.400	0.377
3690	0.381	0.442	0.400	0.378
eigenvalues:  tensor([62.9058, 54.6051])
hess item is 0.1596723347902298
3700	0.381	0.445	0.400	0.377
3710	0.381	0.443	0.400	0.379
3720	0.381	0.445	0.400	0.377
3730	0.381	0.443	0.400	0.378
3740	0.380	0.444	0.400	0.378
eigenvalues:  tensor([62.7077, 54.5037])
hess item is 0.1557992398738861
3750	0.380	0.446	0.399	0.379
3760	0.380	0.445	0.399	0.378
3770	0.380	0.443	0.399	0.380
3780	0.380	0.446	0.399	0.378
3790	0.380	0.446	0.399	0.380
eigenvalues:  tensor([62.4616, 54.3128])
hess item is 0.15202166140079498
3800	0.380	0.445	0.399	0.378
3810	0.380	0.447	0.399	0.379
3820	0.380	0.448	0.399	0.381
3830	0.379	0.448	0.399	0.382
3840	0.379	0.448	0.399	0.381
eigenvalues:  tensor([62.2630, 54.1756])
hess item is 0.1483389139175415
3850	0.379	0.452	0.399	0.379
3860	0.379	0.450	0.399	0.379
3870	0.379	0.448	0.399	0.378
3880	0.379	0.449	0.399	0.381
3890	0.379	0.450	0.399	0.380
eigenvalues:  tensor([61.8648, 54.0203])
hess item is 0.14474593102931976
3900	0.379	0.450	0.399	0.380
3910	0.379	0.451	0.399	0.382
3920	0.378	0.452	0.399	0.380
3930	0.378	0.451	0.399	0.381
3940	0.378	0.451	0.399	0.382
eigenvalues:  tensor([61.6129, 53.8306])
hess item is 0.14123888313770294
3950	0.378	0.453	0.399	0.382
3960	0.378	0.453	0.399	0.385
3970	0.378	0.454	0.399	0.381
3980	0.378	0.453	0.398	0.383
3990	0.378	0.454	0.398	0.382
eigenvalues:  tensor([61.2807, 53.7105])
hess item is 0.13782146573066711
4000	0.378	0.452	0.398	0.381
4010	0.378	0.454	0.398	0.382
4020	0.378	0.457	0.398	0.384
4030	0.377	0.456	0.398	0.383
4040	0.377	0.456	0.398	0.383
eigenvalues:  tensor([60.9506, 53.4264])
hess item is 0.1344889998435974
4050	0.377	0.456	0.398	0.384
4060	0.377	0.456	0.398	0.382
4070	0.377	0.456	0.398	0.384
4080	0.377	0.458	0.398	0.383
4090	0.377	0.458	0.398	0.385
eigenvalues:  tensor([60.6636, 53.2472])
hess item is 0.1312365084886551
4100	0.377	0.457	0.398	0.383
4110	0.377	0.459	0.398	0.386
4120	0.376	0.458	0.398	0.386
4130	0.376	0.460	0.398	0.387
4140	0.376	0.460	0.398	0.385
eigenvalues:  tensor([60.3291, 53.0647])
hess item is 0.12806378304958344
4150	0.376	0.460	0.398	0.386
4160	0.376	0.460	0.398	0.384
4170	0.376	0.463	0.397	0.384
4180	0.376	0.462	0.397	0.385
4190	0.376	0.462	0.397	0.384
eigenvalues:  tensor([60.1183, 52.9371])
hess item is 0.12496975809335709
4200	0.375	0.463	0.397	0.384
4210	0.375	0.462	0.397	0.386
4220	0.375	0.462	0.397	0.386
4230	0.375	0.461	0.397	0.386
4240	0.375	0.463	0.397	0.387
eigenvalues:  tensor([59.5790, 52.7278])
hess item is 0.1219528466463089
4250	0.375	0.463	0.397	0.386
4260	0.375	0.465	0.397	0.387
4270	0.375	0.463	0.397	0.386
4280	0.375	0.462	0.397	0.385
4290	0.374	0.466	0.397	0.385
eigenvalues:  tensor([59.4120, 52.6447])
hess item is 0.11901027709245682
4300	0.374	0.464	0.397	0.386
4310	0.374	0.467	0.397	0.389
4320	0.374	0.464	0.397	0.388
4330	0.374	0.467	0.397	0.389
4340	0.374	0.465	0.397	0.388
eigenvalues:  tensor([59.0909, 52.3660])
hess item is 0.11614108085632324
4350	0.374	0.468	0.397	0.386
4360	0.374	0.465	0.397	0.387
4370	0.374	0.467	0.397	0.389
4380	0.373	0.467	0.397	0.388
4390	0.373	0.469	0.397	0.389
eigenvalues:  tensor([58.8306, 52.1414])
hess item is 0.11333819478750229
4400	0.373	0.470	0.396	0.389
4410	0.373	0.468	0.397	0.389
4420	0.373	0.469	0.396	0.389
4430	0.373	0.470	0.396	0.390
4440	0.373	0.469	0.396	0.388
eigenvalues:  tensor([58.4252, 51.7971])
hess item is 0.1106087863445282
4450	0.373	0.472	0.396	0.390
4460	0.373	0.469	0.396	0.391
4470	0.373	0.470	0.396	0.389
4480	0.373	0.471	0.396	0.388
4490	0.372	0.471	0.396	0.390
eigenvalues:  tensor([57.9376, 51.6698])
hess item is 0.10794533789157867
4500	0.372	0.472	0.396	0.389
4510	0.372	0.473	0.396	0.390
4520	0.372	0.474	0.396	0.389
4530	0.372	0.470	0.396	0.389
4540	0.372	0.470	0.396	0.390
eigenvalues:  tensor([57.5928, 51.5137])
hess item is 0.10534757375717163
4550	0.372	0.472	0.396	0.387
4560	0.372	0.472	0.396	0.389
4570	0.371	0.476	0.396	0.390
4580	0.371	0.476	0.396	0.389
4590	0.371	0.472	0.396	0.390
eigenvalues:  tensor([57.2979, 51.2192])
hess item is 0.10281293094158173
4600	0.371	0.474	0.396	0.390
4610	0.371	0.475	0.396	0.389
4620	0.371	0.475	0.396	0.391
4630	0.371	0.474	0.396	0.389
4640	0.371	0.474	0.396	0.391
eigenvalues:  tensor([57.1284, 51.1086])
hess item is 0.10034089535474777
4650	0.371	0.470	0.396	0.387
4660	0.371	0.476	0.396	0.392
4670	0.370	0.478	0.396	0.391
4680	0.370	0.476	0.395	0.391
4690	0.370	0.475	0.395	0.391
eigenvalues:  tensor([56.8864, 50.8147])
hess item is 0.09792989492416382
4700	0.370	0.476	0.395	0.393
4710	0.370	0.476	0.395	0.392
4720	0.370	0.477	0.395	0.392
4730	0.370	0.478	0.395	0.392
4740	0.370	0.477	0.396	0.391
eigenvalues:  tensor([56.5675, 50.5540])
hess item is 0.09557706862688065
4750	0.370	0.478	0.395	0.394
4760	0.369	0.479	0.395	0.394
4770	0.369	0.480	0.395	0.395
4780	0.369	0.477	0.395	0.395
4790	0.369	0.479	0.395	0.393
eigenvalues:  tensor([56.2217, 50.4578])
hess item is 0.09328385442495346
4800	0.369	0.480	0.395	0.393
4810	0.369	0.481	0.395	0.394
4820	0.369	0.484	0.395	0.394
4830	0.369	0.483	0.395	0.395
4840	0.369	0.482	0.395	0.394
eigenvalues:  tensor([55.8091, 50.0968])
hess item is 0.09104680269956589
4850	0.369	0.481	0.395	0.396
4860	0.368	0.484	0.395	0.396
4870	0.368	0.483	0.395	0.396
4880	0.368	0.483	0.395	0.395
4890	0.368	0.482	0.395	0.394
eigenvalues:  tensor([55.6052, 49.8750])
hess item is 0.08886387199163437
4900	0.368	0.481	0.395	0.393
4910	0.368	0.483	0.395	0.395
4920	0.368	0.485	0.395	0.397
4930	0.367	0.485	0.395	0.397
4940	0.367	0.483	0.395	0.395
eigenvalues:  tensor([55.0789, 49.5702])
hess item is 0.08673422783613205
4950	0.367	0.485	0.394	0.396
4960	0.367	0.488	0.395	0.396
4970	0.367	0.487	0.394	0.396
4980	0.367	0.484	0.395	0.394
4990	0.367	0.480	0.395	0.393
eigenvalues:  tensor([54.6644, 49.3551])
hess item is 0.08465924859046936
5000	0.367	0.485	0.394	0.396
5010	0.367	0.488	0.394	0.396
5020	0.366	0.487	0.394	0.396
5030	0.366	0.488	0.394	0.397
5040	0.366	0.488	0.394	0.397
eigenvalues:  tensor([54.4514, 49.1173])
hess item is 0.08263331651687622
5050	0.366	0.484	0.394	0.394
5060	0.366	0.490	0.395	0.395
5070	0.366	0.490	0.394	0.394
5080	0.366	0.488	0.394	0.397
5090	0.366	0.490	0.394	0.398
eigenvalues:  tensor([53.8924, 48.6489])
hess item is 0.0806608721613884
5100	0.366	0.491	0.394	0.398
5110	0.365	0.489	0.394	0.399
5120	0.365	0.490	0.394	0.397
5130	0.365	0.495	0.394	0.399
5140	0.365	0.493	0.394	0.398
eigenvalues:  tensor([53.5436, 48.5305])
hess item is 0.07873272150754929
5150	0.365	0.493	0.394	0.396
5160	0.365	0.493	0.394	0.398
5170	0.365	0.493	0.394	0.399
5180	0.365	0.493	0.394	0.398
5190	0.364	0.494	0.393	0.400
eigenvalues:  tensor([53.4141, 48.3272])
hess item is 0.07685230672359467
5200	0.365	0.495	0.394	0.399
5210	0.364	0.495	0.394	0.400
5220	0.364	0.496	0.394	0.400
5230	0.364	0.494	0.393	0.398
5240	0.364	0.494	0.394	0.400
eigenvalues:  tensor([52.8260, 48.0079])
hess item is 0.07501962780952454
5250	0.364	0.497	0.393	0.398
5260	0.364	0.499	0.393	0.399
5270	0.364	0.499	0.394	0.398
5280	0.364	0.500	0.393	0.402
5290	0.364	0.496	0.394	0.397
eigenvalues:  tensor([52.5975, 47.5621])
hess item is 0.0732329785823822
5300	0.363	0.501	0.393	0.400
5310	0.363	0.503	0.393	0.400
5320	0.363	0.500	0.393	0.402
5330	0.363	0.501	0.393	0.402
5340	0.363	0.497	0.393	0.399
eigenvalues:  tensor([52.4198, 47.4048])
hess item is 0.07148823142051697
5350	0.363	0.496	0.394	0.399
5360	0.363	0.500	0.393	0.400
5370	0.363	0.501	0.393	0.401
5380	0.363	0.499	0.393	0.399
5390	0.362	0.501	0.393	0.401
eigenvalues:  tensor([51.7508, 46.9431])
hess item is 0.06978745758533478
5400	0.362	0.502	0.393	0.401
5410	0.362	0.504	0.393	0.403
5420	0.363	0.501	0.393	0.401
5430	0.362	0.503	0.393	0.403
5440	0.362	0.505	0.393	0.404
eigenvalues:  tensor([51.2466, 46.6206])
hess item is 0.06812860071659088
5450	0.362	0.506	0.393	0.404
5460	0.362	0.506	0.393	0.403
5470	0.361	0.505	0.393	0.403
5480	0.361	0.502	0.393	0.400
5490	0.361	0.505	0.393	0.405
eigenvalues:  tensor([51.0495, 46.3115])
hess item is 0.06650987267494202
5500	0.361	0.506	0.392	0.403
5510	0.361	0.500	0.393	0.400
5520	0.361	0.501	0.393	0.399
5530	0.361	0.507	0.393	0.404
5540	0.360	0.508	0.392	0.406
eigenvalues:  tensor([50.6085, 45.9417])
hess item is 0.06492936611175537
5550	0.361	0.503	0.393	0.401
5560	0.360	0.509	0.392	0.401
5570	0.360	0.507	0.392	0.404
5580	0.360	0.510	0.392	0.405
5590	0.360	0.507	0.393	0.401
eigenvalues:  tensor([50.2585, 45.6064])
hess item is 0.0633879229426384
5600	0.360	0.508	0.392	0.403
5610	0.360	0.507	0.392	0.401
5620	0.360	0.509	0.392	0.405
5630	0.360	0.509	0.392	0.404
5640	0.360	0.511	0.392	0.402
eigenvalues:  tensor([49.7953, 45.3117])
hess item is 0.06188695505261421
5650	0.359	0.512	0.392	0.405
5660	0.359	0.512	0.392	0.403
5670	0.359	0.518	0.392	0.405
5680	0.359	0.512	0.392	0.402
5690	0.359	0.514	0.392	0.407
eigenvalues:  tensor([49.4908, 45.0028])
hess item is 0.06042307987809181
5700	0.359	0.513	0.392	0.406
5710	0.359	0.512	0.392	0.403
5720	0.359	0.512	0.392	0.405
5730	0.358	0.516	0.392	0.404
5740	0.358	0.508	0.392	0.403
eigenvalues:  tensor([49.2079, 44.7437])
hess item is 0.05899301543831825
5750	0.358	0.515	0.392	0.407
5760	0.358	0.508	0.392	0.401
5770	0.358	0.511	0.392	0.404
5780	0.358	0.510	0.392	0.404
5790	0.358	0.518	0.392	0.406
eigenvalues:  tensor([48.9616, 44.4111])
hess item is 0.05759894847869873
5800	0.357	0.519	0.392	0.406
5810	0.357	0.516	0.392	0.403
5820	0.357	0.517	0.391	0.407
5830	0.357	0.517	0.392	0.407
5840	0.357	0.516	0.392	0.405
eigenvalues:  tensor([48.5061, 44.1358])
hess item is 0.056238651275634766
5850	0.357	0.518	0.392	0.408
5860	0.357	0.520	0.392	0.406
5870	0.357	0.520	0.391	0.407
5880	0.356	0.522	0.391	0.408
5890	0.357	0.518	0.392	0.406
eigenvalues:  tensor([48.3023, 43.6701])
hess item is 0.054910678416490555
5900	0.356	0.519	0.391	0.409
5910	0.357	0.520	0.392	0.408
5920	0.357	0.519	0.392	0.409
5930	0.356	0.521	0.391	0.407
5940	0.356	0.524	0.391	0.408
eigenvalues:  tensor([47.8802, 43.3228])
hess item is 0.053616151213645935
5950	0.356	0.522	0.391	0.411
5960	0.356	0.521	0.391	0.409
5970	0.356	0.520	0.391	0.407
5980	0.355	0.525	0.391	0.409
5990	0.355	0.524	0.391	0.406
eigenvalues:  tensor([47.8508, 43.2143])
hess item is 0.05235357955098152
6000	0.356	0.521	0.392	0.406
6010	0.356	0.523	0.392	0.408
6020	0.355	0.524	0.391	0.407
6030	0.355	0.523	0.391	0.405
6040	0.355	0.526	0.391	0.411
eigenvalues:  tensor([47.2825, 42.6960])
hess item is 0.05112217739224434
6050	0.355	0.522	0.391	0.405
6060	0.354	0.523	0.391	0.406
6070	0.354	0.528	0.391	0.410
6080	0.354	0.524	0.391	0.407
6090	0.354	0.525	0.391	0.407
eigenvalues:  tensor([46.7418, 42.1716])
hess item is 0.04992135241627693
6100	0.354	0.521	0.391	0.404
6110	0.354	0.525	0.391	0.405
6120	0.354	0.527	0.391	0.407
6130	0.353	0.529	0.391	0.410
6140	0.354	0.525	0.391	0.404
eigenvalues:  tensor([46.4249, 41.9226])
hess item is 0.0487462654709816
6150	0.353	0.530	0.390	0.410
6160	0.354	0.530	0.391	0.409
6170	0.353	0.526	0.391	0.407
6180	0.353	0.528	0.390	0.408
6190	0.353	0.525	0.390	0.408
eigenvalues:  tensor([46.0540, 41.5307])
hess item is 0.04760364070534706
6200	0.353	0.529	0.391	0.410
6210	0.352	0.529	0.391	0.409
6220	0.353	0.531	0.391	0.410
6230	0.352	0.529	0.391	0.408
6240	0.353	0.527	0.391	0.412
eigenvalues:  tensor([45.8546, 41.2140])
hess item is 0.04648810625076294
6250	0.352	0.532	0.391	0.410
6260	0.352	0.533	0.390	0.410
6270	0.352	0.533	0.391	0.410
6280	0.352	0.536	0.390	0.411
6290	0.352	0.533	0.391	0.409
eigenvalues:  tensor([45.1132, 40.9066])
hess item is 0.04539976269006729
6300	0.351	0.536	0.390	0.409
6310	0.351	0.533	0.390	0.410
6320	0.351	0.536	0.390	0.411
6330	0.351	0.535	0.390	0.409
6340	0.351	0.535	0.390	0.408
eigenvalues:  tensor([44.7793, 40.2866])
hess item is 0.04433870688080788
6350	0.351	0.529	0.390	0.408
6360	0.351	0.533	0.391	0.404
6370	0.351	0.534	0.391	0.407
6380	0.351	0.532	0.390	0.407
6390	0.350	0.541	0.390	0.411
eigenvalues:  tensor([44.4091, 40.0722])
hess item is 0.043302953243255615
6400	0.350	0.538	0.390	0.409
6410	0.350	0.536	0.390	0.409
6420	0.350	0.534	0.391	0.410
6430	0.350	0.536	0.390	0.408
6440	0.351	0.534	0.391	0.407
eigenvalues:  tensor([43.7924, 39.6903])
hess item is 0.04229393228888512
6450	0.350	0.532	0.390	0.406
6460	0.350	0.543	0.390	0.412
6470	0.350	0.535	0.391	0.408
6480	0.349	0.539	0.390	0.410
6490	0.349	0.536	0.390	0.408
eigenvalues:  tensor([43.5034, 39.1620])
hess item is 0.04130914807319641
6500	0.349	0.537	0.390	0.413
6510	0.349	0.542	0.390	0.412
6520	0.349	0.541	0.390	0.410
6530	0.349	0.542	0.390	0.414
6540	0.349	0.540	0.390	0.415
eigenvalues:  tensor([43.2109, 39.0982])
hess item is 0.04034852236509323
6550	0.349	0.546	0.390	0.413
6560	0.349	0.545	0.390	0.410
6570	0.348	0.537	0.390	0.408
6580	0.348	0.545	0.389	0.413
6590	0.348	0.539	0.390	0.409
eigenvalues:  tensor([42.6908, 38.4562])
hess item is 0.03940980136394501
6600	0.348	0.537	0.390	0.407
6610	0.348	0.547	0.390	0.414
6620	0.347	0.545	0.389	0.412
6630	0.347	0.543	0.390	0.414
6640	0.348	0.542	0.390	0.411
eigenvalues:  tensor([42.5391, 38.2211])
hess item is 0.038496434688568115
6650	0.347	0.548	0.389	0.415
6660	0.347	0.542	0.390	0.410
6670	0.347	0.549	0.390	0.414
6680	0.346	0.547	0.389	0.409
6690	0.346	0.548	0.390	0.414
eigenvalues:  tensor([42.1548, 38.2100])
hess item is 0.03760288283228874
6700	0.347	0.545	0.391	0.412
6710	0.346	0.552	0.389	0.415
6720	0.347	0.545	0.390	0.409
6730	0.346	0.546	0.389	0.412
6740	0.346	0.544	0.390	0.412
eigenvalues:  tensor([41.8333, 37.7599])
hess item is 0.03673281520605087
6750	0.346	0.551	0.389	0.412
6760	0.346	0.550	0.390	0.409
6770	0.345	0.551	0.389	0.411
6780	0.345	0.546	0.389	0.415
6790	0.346	0.552	0.390	0.414
eigenvalues:  tensor([41.6891, 37.5846])
hess item is 0.03588258847594261
6800	0.345	0.552	0.389	0.412
6810	0.345	0.550	0.389	0.412
6820	0.345	0.549	0.389	0.413
6830	0.345	0.550	0.389	0.412
6840	0.344	0.558	0.389	0.417
eigenvalues:  tensor([41.0619, 37.1369])
hess item is 0.03505391255021095
6850	0.345	0.550	0.389	0.413
6860	0.345	0.551	0.389	0.415
6870	0.344	0.551	0.389	0.413
6880	0.344	0.552	0.389	0.414
6890	0.344	0.550	0.389	0.413
eigenvalues:  tensor([40.8872, 36.9045])
hess item is 0.03424372524023056
6900	0.343	0.553	0.389	0.412
6910	0.343	0.557	0.389	0.414
6920	0.344	0.555	0.389	0.414
6930	0.343	0.553	0.389	0.414
6940	0.343	0.557	0.389	0.412
eigenvalues:  tensor([40.6897, 36.5954])
hess item is 0.03345571085810661
6950	0.344	0.553	0.390	0.411
6960	0.343	0.559	0.390	0.412
6970	0.343	0.553	0.389	0.412
6980	0.343	0.559	0.389	0.417
6990	0.342	0.555	0.388	0.412
eigenvalues:  tensor([40.2068, 35.9583])
hess item is 0.03268596902489662
7000	0.342	0.560	0.389	0.415
7010	0.343	0.549	0.389	0.412
7020	0.342	0.562	0.388	0.414
7030	0.343	0.557	0.390	0.414
7040	0.343	0.560	0.390	0.413
eigenvalues:  tensor([39.8881, 35.5660])
hess item is 0.031935207545757294
7050	0.342	0.551	0.389	0.414
7060	0.341	0.559	0.389	0.416
7070	0.341	0.562	0.389	0.417
7080	0.341	0.562	0.389	0.415
7090	0.341	0.563	0.388	0.414
eigenvalues:  tensor([39.4414, 35.3768])
hess item is 0.031201960518956184
7100	0.341	0.562	0.389	0.414
7110	0.342	0.559	0.390	0.412
7120	0.341	0.566	0.388	0.417
7130	0.341	0.563	0.389	0.415
7140	0.341	0.562	0.389	0.418
eigenvalues:  tensor([39.2273, 35.1567])
hess item is 0.030485080555081367
7150	0.340	0.559	0.389	0.415
7160	0.341	0.562	0.389	0.413
7170	0.341	0.562	0.390	0.411
7180	0.340	0.567	0.389	0.414
7190	0.340	0.563	0.389	0.416
eigenvalues:  tensor([38.9814, 34.9628])
hess item is 0.029787806794047356
7200	0.340	0.565	0.389	0.413
7210	0.340	0.568	0.389	0.417
7220	0.339	0.566	0.388	0.415
7230	0.340	0.562	0.389	0.415
7240	0.339	0.567	0.388	0.416
eigenvalues:  tensor([38.6135, 34.4304])
hess item is 0.029108338057994843
7250	0.339	0.569	0.389	0.413
7260	0.339	0.567	0.388	0.414
7270	0.338	0.570	0.388	0.419
7280	0.338	0.570	0.388	0.416
7290	0.338	0.571	0.388	0.418
eigenvalues:  tensor([38.3023, 34.2729])
hess item is 0.02844454161822796
7300	0.338	0.573	0.389	0.414
7310	0.339	0.569	0.389	0.415
7320	0.339	0.572	0.389	0.412
7330	0.337	0.576	0.388	0.418
7340	0.338	0.569	0.388	0.417
eigenvalues:  tensor([37.9736, 33.8211])
hess item is 0.027796350419521332
7350	0.338	0.570	0.389	0.415
7360	0.337	0.572	0.388	0.418
7370	0.337	0.574	0.388	0.415
7380	0.337	0.572	0.388	0.417
7390	0.338	0.569	0.389	0.415
eigenvalues:  tensor([37.4852, 33.7126])
hess item is 0.02716454118490219
7400	0.339	0.571	0.390	0.412
7410	0.337	0.567	0.389	0.414
7420	0.337	0.570	0.389	0.417
7430	0.336	0.573	0.388	0.419
7440	0.338	0.564	0.389	0.414
eigenvalues:  tensor([36.9473, 33.5722])
hess item is 0.026546774432063103
7450	0.336	0.566	0.388	0.416
7460	0.336	0.582	0.388	0.417
7470	0.335	0.573	0.388	0.416
7480	0.336	0.574	0.388	0.417
7490	0.336	0.578	0.388	0.416
eigenvalues:  tensor([36.6895, 33.0911])
hess item is 0.025944264605641365
7500	0.335	0.578	0.388	0.419
7510	0.335	0.577	0.388	0.416
7520	0.336	0.581	0.388	0.419
7530	0.336	0.573	0.389	0.415
7540	0.335	0.580	0.388	0.418
eigenvalues:  tensor([36.7189, 32.8710])
hess item is 0.025355996564030647
7550	0.335	0.574	0.388	0.415
7560	0.334	0.579	0.388	0.418
7570	0.335	0.574	0.389	0.417
7580	0.334	0.586	0.388	0.421
7590	0.334	0.585	0.388	0.418
eigenvalues:  tensor([36.1795, 32.6040])
hess item is 0.02478303387761116
7600	0.335	0.580	0.388	0.418
7610	0.333	0.584	0.387	0.421
7620	0.334	0.582	0.389	0.419
7630	0.333	0.586	0.388	0.418
7640	0.334	0.578	0.388	0.415
eigenvalues:  tensor([36.1109, 32.2923])
hess item is 0.02422424592077732
7650	0.333	0.582	0.388	0.420
7660	0.334	0.575	0.389	0.415
7670	0.333	0.590	0.388	0.418
7680	0.333	0.593	0.388	0.419
7690	0.332	0.588	0.387	0.419
eigenvalues:  tensor([35.4700, 31.8191])
hess item is 0.023677576333284378
7700	0.333	0.579	0.389	0.416
7710	0.333	0.586	0.388	0.417
7720	0.332	0.587	0.388	0.417
7730	0.333	0.586	0.388	0.416
7740	0.332	0.587	0.388	0.417
eigenvalues:  tensor([35.3023, 31.6325])
hess item is 0.023146819323301315
7750	0.331	0.587	0.387	0.421
7760	0.331	0.590	0.387	0.420
7770	0.333	0.584	0.389	0.418
7780	0.331	0.586	0.387	0.420
7790	0.332	0.580	0.389	0.418
eigenvalues:  tensor([34.9735, 31.4003])
hess item is 0.022629225626587868
7800	0.331	0.589	0.387	0.421
7810	0.331	0.588	0.387	0.421
7820	0.331	0.582	0.388	0.421
7830	0.331	0.590	0.388	0.420
7840	0.331	0.592	0.388	0.423
eigenvalues:  tensor([34.7467, 31.0958])
hess item is 0.022121766582131386
7850	0.330	0.590	0.387	0.423
7860	0.331	0.587	0.388	0.421
7870	0.330	0.592	0.387	0.423
7880	0.330	0.593	0.388	0.422
7890	0.330	0.586	0.388	0.421
eigenvalues:  tensor([34.3457, 30.9764])
hess item is 0.021626539528369904
7900	0.330	0.591	0.387	0.422
7910	0.330	0.591	0.389	0.417
7920	0.331	0.580	0.389	0.418
7930	0.329	0.594	0.387	0.424
7940	0.330	0.598	0.389	0.418
eigenvalues:  tensor([33.9819, 30.6673])
hess item is 0.021144313737750053
7950	0.329	0.595	0.388	0.422
7960	0.329	0.593	0.388	0.419
7970	0.328	0.594	0.387	0.421
7980	0.329	0.597	0.388	0.418
7990	0.329	0.596	0.388	0.421
eigenvalues:  tensor([33.7794, 30.7631])
hess item is 0.020672786980867386
8000	0.328	0.600	0.388	0.420
8010	0.328	0.603	0.388	0.418
8020	0.327	0.601	0.387	0.422
8030	0.327	0.599	0.387	0.420
8040	0.328	0.596	0.387	0.422
eigenvalues:  tensor([33.4966, 30.6949])
hess item is 0.02021227777004242
8050	0.327	0.603	0.387	0.419
8060	0.328	0.599	0.388	0.421
8070	0.327	0.605	0.387	0.421
8080	0.327	0.595	0.388	0.420
8090	0.327	0.603	0.387	0.426
eigenvalues:  tensor([33.1242, 30.1473])
hess item is 0.019765781238675117
8100	0.327	0.597	0.387	0.421
8110	0.327	0.603	0.388	0.421
8120	0.326	0.606	0.387	0.425
8130	0.325	0.607	0.386	0.425
8140	0.326	0.597	0.387	0.423
eigenvalues:  tensor([33.0309, 30.0192])
hess item is 0.019327126443386078
8150	0.326	0.601	0.387	0.421
8160	0.326	0.604	0.387	0.424
8170	0.326	0.603	0.388	0.422
8180	0.326	0.606	0.388	0.423
8190	0.327	0.597	0.389	0.415
eigenvalues:  tensor([32.8893, 29.7453])
hess item is 0.018899403512477875
8200	0.326	0.605	0.388	0.423
8210	0.326	0.609	0.389	0.419
8220	0.325	0.604	0.388	0.420
8230	0.326	0.599	0.389	0.419
8240	0.325	0.602	0.388	0.424
eigenvalues:  tensor([32.6189, 29.5127])
hess item is 0.018484115600585938
8250	0.324	0.609	0.387	0.422
8260	0.325	0.607	0.388	0.420
8270	0.325	0.604	0.388	0.419
8280	0.324	0.604	0.387	0.425
8290	0.323	0.606	0.387	0.424
eigenvalues:  tensor([32.0768, 29.3632])
hess item is 0.01807975210249424
8300	0.323	0.610	0.387	0.428
8310	0.326	0.597	0.389	0.423
8320	0.323	0.613	0.387	0.421
8330	0.324	0.609	0.388	0.423
8340	0.323	0.612	0.387	0.423
eigenvalues:  tensor([31.8792, 29.1343])
hess item is 0.017682716250419617
8350	0.323	0.610	0.388	0.417
8360	0.322	0.612	0.387	0.426
8370	0.322	0.615	0.387	0.423
8380	0.323	0.610	0.388	0.422
8390	0.322	0.608	0.388	0.423
eigenvalues:  tensor([31.4613, 29.1045])
hess item is 0.017295224592089653
8400	0.322	0.617	0.387	0.423
8410	0.321	0.617	0.387	0.424
8420	0.322	0.617	0.387	0.423
8430	0.321	0.617	0.387	0.425
8440	0.321	0.613	0.387	0.422
eigenvalues:  tensor([31.2194, 29.1079])
hess item is 0.016916602849960327
8450	0.321	0.618	0.386	0.424
8460	0.321	0.613	0.387	0.426
8470	0.322	0.613	0.388	0.421
8480	0.323	0.608	0.389	0.420
8490	0.321	0.618	0.387	0.425
eigenvalues:  tensor([30.8128, 28.8096])
hess item is 0.0165483970195055
8500	0.323	0.610	0.389	0.423
8510	0.322	0.617	0.389	0.422
8520	0.319	0.624	0.386	0.425
8530	0.320	0.618	0.387	0.426
8540	0.321	0.619	0.388	0.424
eigenvalues:  tensor([30.5329, 28.7220])
hess item is 0.01618904061615467
8550	0.320	0.619	0.387	0.427
8560	0.319	0.623	0.387	0.423
8570	0.319	0.621	0.387	0.426
8580	0.319	0.625	0.387	0.423
8590	0.320	0.618	0.387	0.424
eigenvalues:  tensor([30.2688, 28.2759])
hess item is 0.0158383771777153
8600	0.319	0.619	0.387	0.424
8610	0.318	0.619	0.387	0.424
8620	0.319	0.622	0.387	0.426
8630	0.318	0.623	0.386	0.426
8640	0.318	0.627	0.386	0.426
eigenvalues:  tensor([30.1481, 28.2790])
hess item is 0.015495030209422112
8650	0.318	0.622	0.387	0.423
8660	0.319	0.624	0.388	0.419
8670	0.319	0.623	0.388	0.427
8680	0.317	0.622	0.386	0.426
8690	0.317	0.624	0.386	0.426
eigenvalues:  tensor([29.8608, 28.2387])
hess item is 0.015160791575908661
8700	0.317	0.627	0.386	0.424
8710	0.318	0.625	0.387	0.422
8720	0.317	0.626	0.388	0.422
8730	0.317	0.630	0.388	0.421
8740	0.317	0.628	0.388	0.421
eigenvalues:  tensor([29.3478, 27.9737])
hess item is 0.01483517698943615
8750	0.316	0.629	0.386	0.427
8760	0.316	0.633	0.386	0.426
8770	0.316	0.630	0.387	0.424
8780	0.317	0.622	0.388	0.424
8790	0.316	0.632	0.387	0.424
eigenvalues:  tensor([29.0640, 27.8969])
hess item is 0.014515875838696957
8800	0.315	0.631	0.386	0.428
8810	0.316	0.622	0.387	0.423
8820	0.315	0.627	0.386	0.427
8830	0.317	0.622	0.389	0.419
8840	0.314	0.632	0.386	0.425
eigenvalues:  tensor([29.2361, 27.6837])
hess item is 0.014206895604729652
8850	0.317	0.625	0.389	0.419
8860	0.315	0.631	0.388	0.424
8870	0.315	0.635	0.387	0.425
8880	0.315	0.634	0.387	0.426
8890	0.314	0.634	0.386	0.429
eigenvalues:  tensor([28.8573, 27.6379])
hess item is 0.013901963829994202
8900	0.313	0.642	0.386	0.427
8910	0.314	0.636	0.387	0.423
8920	0.314	0.629	0.388	0.426
8930	0.314	0.628	0.387	0.426
8940	0.314	0.638	0.387	0.425
eigenvalues:  tensor([28.7695, 27.4634])
hess item is 0.013606506399810314
8950	0.313	0.640	0.386	0.427
8960	0.315	0.632	0.389	0.426
8970	0.313	0.637	0.387	0.427
8980	0.314	0.629	0.388	0.424
8990	0.314	0.629	0.389	0.423
eigenvalues:  tensor([28.6305, 27.2392])
hess item is 0.013317989185452461
9000	0.312	0.645	0.386	0.427
9010	0.312	0.640	0.386	0.426
9020	0.313	0.638	0.387	0.424
9030	0.312	0.635	0.387	0.428
9040	0.311	0.638	0.387	0.430
eigenvalues:  tensor([28.5580, 27.1481])
hess item is 0.01303417794406414
9050	0.312	0.635	0.387	0.425
9060	0.311	0.640	0.387	0.430
9070	0.311	0.637	0.387	0.425
9080	0.313	0.640	0.389	0.422
9090	0.312	0.641	0.388	0.428
eigenvalues:  tensor([28.3683, 27.1298])
hess item is 0.012758011929690838
9100	0.311	0.635	0.388	0.420
9110	0.311	0.646	0.387	0.425
9120	0.311	0.633	0.388	0.426
9130	0.311	0.634	0.388	0.424
9140	0.309	0.645	0.386	0.425
eigenvalues:  tensor([28.1596, 26.8805])
hess item is 0.012488925829529762
9150	0.309	0.646	0.386	0.424
9160	0.310	0.646	0.387	0.426
9170	0.311	0.645	0.388	0.423
9180	0.309	0.643	0.387	0.428
9190	0.309	0.642	0.387	0.426
eigenvalues:  tensor([27.9576, 26.7974])
hess item is 0.012227745726704597
9200	0.309	0.646	0.387	0.429
9210	0.310	0.642	0.388	0.423
9220	0.308	0.655	0.386	0.424
9230	0.308	0.648	0.386	0.429
9240	0.311	0.638	0.389	0.422
eigenvalues:  tensor([27.8017, 26.5395])
hess item is 0.011971747502684593
9250	0.308	0.653	0.387	0.431
9260	0.308	0.647	0.387	0.428
9270	0.308	0.649	0.386	0.429
9280	0.308	0.650	0.387	0.425
9290	0.307	0.648	0.387	0.426
eigenvalues:  tensor([27.9049, 26.5780])
hess item is 0.011723067611455917
9300	0.308	0.650	0.387	0.425
9310	0.311	0.645	0.391	0.421
9320	0.307	0.646	0.387	0.427
9330	0.308	0.645	0.387	0.428
9340	0.307	0.649	0.387	0.428
eigenvalues:  tensor([27.9969, 26.6680])
hess item is 0.01148039847612381
9350	0.306	0.657	0.386	0.429
9360	0.307	0.650	0.387	0.427
9370	0.307	0.654	0.387	0.425
9380	0.307	0.646	0.387	0.422
9390	0.306	0.656	0.387	0.429
eigenvalues:  tensor([28.0426, 26.8627])
hess item is 0.01124352402985096
9400	0.308	0.646	0.389	0.429
9410	0.305	0.654	0.387	0.425
9420	0.306	0.654	0.387	0.428
9430	0.306	0.656	0.387	0.428
9440	0.304	0.660	0.386	0.433
eigenvalues:  tensor([27.6702, 26.4639])
hess item is 0.011013774201273918
9450	0.308	0.648	0.389	0.420
9460	0.307	0.648	0.389	0.423
9470	0.304	0.660	0.386	0.429
9480	0.307	0.656	0.390	0.426
9490	0.304	0.659	0.387	0.427
eigenvalues:  tensor([27.5799, 26.5951])
hess item is 0.010787548497319221
9500	0.305	0.657	0.388	0.425
9510	0.304	0.658	0.387	0.424
9520	0.304	0.656	0.387	0.428
9530	0.306	0.654	0.388	0.426
9540	0.303	0.665	0.387	0.430
eigenvalues:  tensor([27.6190, 26.6796])
hess item is 0.010565816424787045
9550	0.302	0.660	0.386	0.429
9560	0.304	0.662	0.388	0.428
9570	0.304	0.660	0.388	0.423
9580	0.304	0.661	0.389	0.428
9590	0.302	0.666	0.386	0.429
eigenvalues:  tensor([27.4358, 26.3888])
hess item is 0.0103496965020895
9600	0.305	0.653	0.390	0.421
9610	0.303	0.664	0.388	0.424
9620	0.302	0.660	0.387	0.428
9630	0.306	0.652	0.391	0.418
9640	0.302	0.662	0.387	0.426
eigenvalues:  tensor([27.2900, 26.4988])
hess item is 0.01013932190835476
9650	0.302	0.664	0.387	0.426
9660	0.301	0.661	0.386	0.429
9670	0.302	0.654	0.387	0.428
9680	0.301	0.667	0.387	0.430
9690	0.300	0.668	0.386	0.423
eigenvalues:  tensor([27.5476, 26.5214])
hess item is 0.009936068207025528
9700	0.301	0.665	0.388	0.429
9710	0.302	0.658	0.388	0.428
9720	0.302	0.666	0.389	0.421
9730	0.301	0.666	0.387	0.426
9740	0.301	0.664	0.388	0.427
eigenvalues:  tensor([27.4312, 26.4718])
hess item is 0.009735465981066227
9750	0.300	0.669	0.387	0.428
9760	0.299	0.672	0.386	0.428
9770	0.301	0.668	0.389	0.425
9780	0.299	0.667	0.387	0.428
9790	0.300	0.675	0.388	0.424
eigenvalues:  tensor([27.5135, 26.5392])
hess item is 0.009541774168610573
9800	0.298	0.672	0.386	0.430
9810	0.302	0.659	0.391	0.425
9820	0.299	0.671	0.388	0.428
9830	0.298	0.673	0.387	0.431
9840	0.301	0.669	0.390	0.422
eigenvalues:  tensor([27.2149, 26.2148])
hess item is 0.009350854903459549
9850	0.300	0.673	0.389	0.428
9860	0.299	0.670	0.388	0.426
9870	0.298	0.670	0.387	0.428
9880	0.299	0.668	0.389	0.425
9890	0.299	0.665	0.388	0.427
eigenvalues:  tensor([27.1987, 26.1307])
hess item is 0.009163228794932365
9900	0.297	0.677	0.386	0.427
9910	0.297	0.676	0.386	0.426
9920	0.297	0.673	0.387	0.427
9930	0.298	0.674	0.388	0.427
9940	0.298	0.669	0.389	0.425
eigenvalues:  tensor([27.0566, 26.1152])
hess item is 0.008982733823359013
9950	0.297	0.677	0.388	0.423
9960	0.299	0.667	0.389	0.427
9970	0.298	0.675	0.389	0.428
9980	0.296	0.678	0.388	0.426
9990	0.296	0.680	0.388	0.429
