device: cuda:3
output directory: RESULTS/cifar10-10k/fc-tanh/seed_0/mse/ivon/lr_0.0005_h0_0.9_post_10_alpha_100.0_beta2_0.99_beta_0.0_ess_10000000.0_ivon
Files already downloaded and verified
Files already downloaded and verified
optimizer is IVON
0	0.597	0.131	0.597	0.131
10	0.571	0.137	0.571	0.138
20	0.553	0.145	0.553	0.146
30	0.539	0.155	0.540	0.155
40	0.529	0.167	0.531	0.166
eigenvalues:  tensor([80.5062, 66.0357])
hess item is 0.5530160069465637
50	0.521	0.176	0.523	0.174
60	0.514	0.187	0.516	0.184
70	0.508	0.196	0.510	0.191
80	0.503	0.206	0.505	0.197
90	0.498	0.212	0.500	0.204
eigenvalues:  tensor([79.6214, 64.6927])
hess item is 0.3380226790904999
100	0.494	0.218	0.496	0.210
110	0.489	0.223	0.492	0.215
120	0.485	0.229	0.488	0.222
130	0.481	0.234	0.484	0.228
140	0.477	0.242	0.480	0.233
eigenvalues:  tensor([78.0287, 63.0720])
hess item is 0.20724976062774658
150	0.473	0.248	0.476	0.239
160	0.469	0.254	0.473	0.244
170	0.465	0.261	0.469	0.251
180	0.461	0.268	0.465	0.257
190	0.458	0.275	0.462	0.261
eigenvalues:  tensor([76.8415, 61.8681])
hess item is 0.1274951994419098
200	0.454	0.281	0.459	0.266
210	0.451	0.288	0.456	0.272
220	0.448	0.295	0.453	0.279
230	0.444	0.301	0.450	0.285
240	0.441	0.308	0.447	0.290
eigenvalues:  tensor([75.5162, 61.6149])
hess item is 0.07908137142658234
250	0.438	0.314	0.444	0.296
260	0.435	0.320	0.441	0.300
270	0.432	0.327	0.439	0.304
280	0.429	0.333	0.436	0.308
290	0.426	0.339	0.434	0.312
eigenvalues:  tensor([73.8154, 61.0991])
hess item is 0.04949115216732025
300	0.423	0.344	0.431	0.315
310	0.421	0.350	0.429	0.320
320	0.418	0.357	0.427	0.324
330	0.416	0.361	0.425	0.327
340	0.413	0.366	0.423	0.333
eigenvalues:  tensor([71.9752, 60.2174])
hess item is 0.03180554136633873
350	0.410	0.373	0.421	0.336
360	0.408	0.379	0.419	0.341
370	0.406	0.385	0.417	0.345
380	0.403	0.390	0.415	0.348
390	0.401	0.395	0.414	0.353
eigenvalues:  tensor([69.7175, 59.2422])
hess item is 0.02098632976412773
400	0.398	0.400	0.412	0.356
410	0.396	0.406	0.410	0.357
420	0.395	0.409	0.410	0.361
430	0.395	0.407	0.411	0.356
440	0.427	0.328	0.443	0.288
eigenvalues:  tensor([48.5600, 44.7464])
hess item is 0.018634196370840073
450	0.428	0.349	0.445	0.309
460	0.428	0.360	0.444	0.322
470	0.388	0.430	0.406	0.367
480	0.401	0.423	0.419	0.364
490	0.392	0.418	0.411	0.362
eigenvalues:  tensor([42.3029, 37.7563])
hess item is 0.016659434884786606
500	0.391	0.420	0.411	0.360
510	0.383	0.439	0.405	0.377
520	0.392	0.423	0.415	0.358
530	0.380	0.468	0.404	0.385
540	0.381	0.449	0.406	0.373
eigenvalues:  tensor([37.0155, 36.6137])
hess item is 0.013311169110238552
550	0.373	0.475	0.399	0.386
560	0.389	0.436	0.415	0.368
570	0.377	0.456	0.406	0.366
580	0.381	0.451	0.409	0.373
590	0.373	0.478	0.403	0.385
eigenvalues:  tensor([36.5678, 35.1970])
hess item is 0.01141140516847372
600	0.375	0.474	0.405	0.383
610	0.370	0.488	0.402	0.388
620	0.369	0.482	0.403	0.385
630	0.361	0.506	0.396	0.398
640	0.359	0.509	0.395	0.401
eigenvalues:  tensor([34.6067, 33.2542])
hess item is 0.009484585374593735
650	0.364	0.497	0.400	0.393
660	0.361	0.495	0.400	0.382
670	0.357	0.516	0.396	0.398
680	0.353	0.533	0.394	0.407
690	0.358	0.511	0.401	0.393
eigenvalues:  tensor([34.0901, 32.7758])
hess item is 0.008359539322555065
700	0.357	0.519	0.400	0.395
710	0.354	0.521	0.398	0.396
720	0.353	0.530	0.399	0.396
730	0.347	0.543	0.393	0.404
740	0.347	0.542	0.396	0.404
eigenvalues:  tensor([33.4288, 31.8314])
hess item is 0.007452021818608046
750	0.343	0.551	0.393	0.406
760	0.342	0.558	0.393	0.407
770	0.345	0.546	0.398	0.395
780	0.345	0.552	0.398	0.400
790	0.341	0.565	0.396	0.410
eigenvalues:  tensor([32.9497, 32.0261])
hess item is 0.006875442340970039
800	0.345	0.561	0.401	0.397
810	0.341	0.566	0.398	0.402
820	0.338	0.581	0.398	0.398
830	0.334	0.583	0.395	0.408
840	0.332	0.601	0.395	0.408
eigenvalues:  tensor([32.1867, 30.9362])
hess item is 0.006413700990378857
850	0.329	0.599	0.393	0.410
860	0.331	0.597	0.396	0.406
870	0.325	0.605	0.394	0.410
880	0.325	0.596	0.394	0.405
890	0.323	0.609	0.395	0.405
eigenvalues:  tensor([32.1443, 31.3937])
hess item is 0.00588587811216712
900	0.323	0.618	0.395	0.408
910	0.323	0.617	0.395	0.404
920	0.316	0.636	0.391	0.417
930	0.316	0.631	0.394	0.410
940	0.317	0.627	0.396	0.411
eigenvalues:  tensor([31.8348, 30.3949])
hess item is 0.00565795972943306
950	0.316	0.631	0.395	0.412
960	0.319	0.631	0.399	0.402
970	0.311	0.647	0.394	0.410
980	0.313	0.635	0.397	0.404
990	0.315	0.644	0.401	0.397
eigenvalues:  tensor([31.1382, 30.1744])
hess item is 0.005640154238790274
1000	0.307	0.652	0.394	0.412
1010	0.305	0.662	0.395	0.414
1020	0.307	0.661	0.397	0.406
1030	0.301	0.685	0.393	0.415
1040	0.310	0.658	0.402	0.405
eigenvalues:  tensor([30.5405, 29.3201])
hess item is 0.005436704959720373
1050	0.298	0.683	0.393	0.417
1060	0.298	0.684	0.395	0.415
1070	0.298	0.688	0.397	0.412
1080	0.299	0.686	0.400	0.407
1090	0.292	0.708	0.394	0.411
eigenvalues:  tensor([30.2201, 28.9260])
hess item is 0.005062943324446678
1100	0.295	0.699	0.398	0.409
1110	0.292	0.706	0.397	0.416
1120	0.293	0.701	0.399	0.408
1130	0.285	0.720	0.394	0.414
1140	0.286	0.726	0.396	0.407
eigenvalues:  tensor([30.7859, 29.5945])
hess item is 0.005036383867263794
1150	0.292	0.710	0.402	0.397
1160	0.288	0.710	0.401	0.404
1170	0.281	0.730	0.396	0.410
1180	0.283	0.720	0.399	0.409
1190	0.287	0.709	0.403	0.404
eigenvalues:  tensor([29.8498, 28.8485])
hess item is 0.004930763505399227
1200	0.277	0.746	0.396	0.414
1210	0.280	0.734	0.400	0.407
1220	0.282	0.732	0.405	0.404
1230	0.278	0.741	0.400	0.407
1240	0.271	0.765	0.397	0.413
eigenvalues:  tensor([29.3035, 28.2001])
hess item is 0.004781036637723446
1250	0.273	0.757	0.400	0.408
1260	0.276	0.745	0.405	0.407
1270	0.272	0.755	0.403	0.406
1280	0.268	0.766	0.400	0.405
1290	0.273	0.752	0.406	0.399
eigenvalues:  tensor([29.9646, 28.8451])
hess item is 0.004947232082486153
1300	0.266	0.772	0.400	0.407
1310	0.262	0.786	0.400	0.409
1320	0.262	0.782	0.402	0.407
1330	0.268	0.770	0.408	0.397
1340	0.263	0.784	0.404	0.398
eigenvalues:  tensor([29.7522, 28.4251])
hess item is 0.004836864769458771
1350	0.261	0.783	0.403	0.404
1360	0.263	0.776	0.408	0.403
1370	0.257	0.794	0.404	0.407
1380	0.257	0.791	0.405	0.402
1390	0.258	0.793	0.407	0.400
eigenvalues:  tensor([29.0211, 27.7698])
hess item is 0.004915863741189241
1400	0.253	0.799	0.404	0.409
1410	0.250	0.812	0.403	0.412
1420	0.256	0.791	0.409	0.403
1430	0.252	0.799	0.406	0.408
1440	0.254	0.800	0.408	0.403
eigenvalues:  tensor([29.3338, 28.1334])
hess item is 0.0048881289549171925
1450	0.247	0.806	0.406	0.411
1460	0.246	0.807	0.406	0.406
1470	0.243	0.819	0.405	0.406
1480	0.245	0.821	0.409	0.397
1490	0.242	0.826	0.407	0.401
eigenvalues:  tensor([28.5970, 27.4443])
hess item is 0.004713504575192928
1500	0.238	0.834	0.406	0.405
1510	0.239	0.830	0.409	0.403
1520	0.241	0.822	0.411	0.396
1530	0.240	0.828	0.411	0.401
1540	0.242	0.819	0.414	0.398
eigenvalues:  tensor([29.1895, 28.0850])
hess item is 0.00471457140520215
1550	0.235	0.835	0.409	0.405
1560	0.238	0.830	0.412	0.405
1570	0.232	0.842	0.409	0.406
1580	0.230	0.848	0.410	0.404
1590	0.228	0.854	0.409	0.407
eigenvalues:  tensor([28.3852, 27.3744])
hess item is 0.004617378581315279
1600	0.228	0.849	0.411	0.408
1610	0.230	0.848	0.414	0.397
1620	0.228	0.845	0.413	0.406
1630	0.228	0.851	0.414	0.400
1640	0.227	0.845	0.415	0.413
eigenvalues:  tensor([28.8296, 27.6109])
hess item is 0.004621060099452734
1650	0.227	0.848	0.414	0.408
1660	0.225	0.855	0.414	0.402
1670	0.221	0.864	0.413	0.404
1680	0.227	0.850	0.421	0.403
1690	0.224	0.848	0.420	0.400
eigenvalues:  tensor([28.6178, 27.5815])
hess item is 0.004633009899407625
1700	0.222	0.858	0.418	0.402
1710	0.224	0.857	0.422	0.401
1720	0.218	0.868	0.416	0.407
1730	0.216	0.871	0.418	0.401
1740	0.215	0.871	0.417	0.400
eigenvalues:  tensor([28.6402, 27.4782])
hess item is 0.004756059031933546
1750	0.211	0.879	0.416	0.402
1760	0.211	0.885	0.418	0.397
1770	0.210	0.880	0.418	0.403
1780	0.208	0.882	0.417	0.405
1790	0.216	0.856	0.426	0.404
eigenvalues:  tensor([29.0297, 28.0436])
hess item is 0.004548916593194008
1800	0.213	0.864	0.423	0.401
1810	0.210	0.879	0.423	0.396
1820	0.213	0.872	0.427	0.390
1830	0.207	0.883	0.422	0.401
1840	0.204	0.884	0.421	0.405
eigenvalues:  tensor([28.7112, 27.6926])
hess item is 0.004691117908805609
1850	0.207	0.874	0.424	0.403
1860	0.208	0.878	0.426	0.402
1870	0.205	0.888	0.425	0.395
1880	0.206	0.887	0.427	0.393
1890	0.197	0.902	0.421	0.397
eigenvalues:  tensor([28.0856, 26.9778])
hess item is 0.00465535931289196
1900	0.197	0.899	0.422	0.401
1910	0.196	0.899	0.423	0.402
1920	0.197	0.894	0.425	0.401
1930	0.195	0.901	0.425	0.398
1940	0.194	0.904	0.424	0.398
eigenvalues:  tensor([28.1044, 27.1229])
hess item is 0.004384742584079504
1950	0.191	0.907	0.424	0.400
1960	0.190	0.909	0.424	0.400
1970	0.188	0.913	0.424	0.398
1980	0.187	0.914	0.424	0.400
1990	0.190	0.910	0.429	0.393
eigenvalues:  tensor([28.3369, 27.2684])
hess item is 0.003975387662649155
2000	0.190	0.905	0.429	0.396
2010	0.198	0.887	0.436	0.397
2020	0.191	0.900	0.432	0.394
2030	0.196	0.888	0.438	0.386
2040	0.190	0.905	0.433	0.391
eigenvalues:  tensor([28.7317, 27.8416])
hess item is 0.004836047999560833
2050	0.204	0.888	0.443	0.386
2060	0.190	0.908	0.433	0.389
2070	0.183	0.918	0.428	0.397
2080	0.182	0.917	0.430	0.400
2090	0.180	0.919	0.429	0.400
eigenvalues:  tensor([28.0180, 27.0985])
hess item is 0.004556094296276569
2100	0.179	0.923	0.431	0.396
2110	0.178	0.923	0.431	0.396
2120	0.179	0.922	0.433	0.396
2130	0.182	0.917	0.437	0.389
2140	0.179	0.923	0.436	0.390
eigenvalues:  tensor([28.0724, 27.1200])
hess item is 0.0042997547425329685
2150	0.177	0.924	0.435	0.396
2160	0.180	0.920	0.438	0.392
2170	0.176	0.924	0.436	0.391
2180	0.173	0.928	0.435	0.396
2190	0.174	0.923	0.436	0.396
eigenvalues:  tensor([28.3290, 27.3692])
hess item is 0.004325263202190399
2200	0.178	0.916	0.441	0.391
2210	0.178	0.916	0.441	0.395
2220	0.176	0.920	0.439	0.400
2230	0.178	0.920	0.442	0.399
2240	0.177	0.921	0.443	0.391
eigenvalues:  tensor([28.1245, 27.1448])
hess item is 0.004698477685451508
2250	0.170	0.932	0.437	0.397
2260	0.167	0.934	0.437	0.396
2270	0.166	0.934	0.438	0.391
2280	0.164	0.938	0.438	0.391
2290	0.164	0.938	0.438	0.393
eigenvalues:  tensor([28.1631, 27.0765])
hess item is 0.004118164069950581
2300	0.164	0.937	0.439	0.392
2310	0.169	0.928	0.444	0.393
2320	0.169	0.926	0.445	0.390
2330	0.169	0.928	0.445	0.394
2340	0.167	0.931	0.445	0.391
eigenvalues:  tensor([28.2783, 27.3968])
hess item is 0.004338531289249659
2350	0.166	0.934	0.444	0.394
2360	0.177	0.922	0.454	0.381
2370	0.177	0.918	0.453	0.383
2380	0.169	0.933	0.448	0.387
2390	0.163	0.937	0.444	0.388
eigenvalues:  tensor([28.1632, 27.1605])
hess item is 0.004937032237648964
2400	0.158	0.945	0.442	0.391
2410	0.157	0.943	0.443	0.391
2420	0.156	0.945	0.443	0.393
2430	0.155	0.946	0.443	0.391
2440	0.156	0.945	0.446	0.391
eigenvalues:  tensor([27.9983, 27.0992])
hess item is 0.004220278467983007
2450	0.155	0.944	0.446	0.389
2460	0.153	0.947	0.444	0.393
2470	0.152	0.948	0.446	0.391
2480	0.152	0.948	0.446	0.391
2490	0.156	0.942	0.451	0.384
eigenvalues:  tensor([28.3047, 27.4513])
hess item is 0.00395163893699646
2500	0.163	0.931	0.458	0.380
2510	0.171	0.918	0.463	0.375
2520	0.155	0.944	0.450	0.388
2530	0.157	0.942	0.453	0.385
2540	0.152	0.947	0.450	0.389
eigenvalues:  tensor([28.1863, 27.1261])
hess item is 0.004625642206519842
2550	0.152	0.948	0.451	0.384
2560	0.149	0.950	0.450	0.387
2570	0.148	0.950	0.450	0.390
2580	0.146	0.952	0.449	0.388
2590	0.146	0.953	0.450	0.392
eigenvalues:  tensor([28.0228, 27.1040])
hess item is 0.0040865689516067505
2600	0.146	0.952	0.451	0.390
2610	0.145	0.954	0.451	0.392
2620	0.145	0.951	0.452	0.391
2630	0.146	0.952	0.453	0.388
2640	0.145	0.952	0.454	0.388
eigenvalues:  tensor([28.1515, 27.2480])
hess item is 0.003850833745673299
2650	0.143	0.956	0.453	0.390
2660	0.143	0.955	0.454	0.389
2670	0.142	0.954	0.454	0.389
2680	0.142	0.956	0.456	0.388
2690	0.143	0.954	0.457	0.385
eigenvalues:  tensor([28.4930, 27.3699])
hess item is 0.0040481798350811005
2700	0.154	0.945	0.467	0.376
2710	0.150	0.949	0.462	0.381
2720	0.148	0.948	0.461	0.384
2730	0.150	0.946	0.462	0.385
2740	0.152	0.944	0.464	0.383
eigenvalues:  tensor([28.4568, 27.7101])
hess item is 0.005234709475189447
2750	0.149	0.944	0.463	0.383
2760	0.158	0.934	0.472	0.373
2770	0.144	0.952	0.460	0.383
2780	0.139	0.958	0.457	0.388
2790	0.137	0.960	0.456	0.389
eigenvalues:  tensor([28.2238, 27.2950])
hess item is 0.004896316211670637
2800	0.136	0.960	0.456	0.388
2810	0.135	0.960	0.456	0.390
2820	0.135	0.960	0.457	0.388
2830	0.134	0.962	0.458	0.386
2840	0.134	0.962	0.459	0.385
eigenvalues:  tensor([28.1788, 27.2143])
hess item is 0.004108609165996313
2850	0.134	0.960	0.459	0.388
2860	0.133	0.962	0.459	0.388
2870	0.132	0.962	0.460	0.385
2880	0.132	0.964	0.460	0.386
2890	0.134	0.963	0.463	0.386
eigenvalues:  tensor([28.1448, 27.2038])
hess item is 0.0036505924072116613
2900	0.131	0.963	0.461	0.387
2910	0.134	0.961	0.465	0.383
2920	0.131	0.964	0.462	0.387
2930	0.130	0.964	0.463	0.388
2940	0.130	0.964	0.465	0.381
eigenvalues:  tensor([28.4161, 27.5314])
hess item is 0.0035378255415707827
2950	0.131	0.962	0.465	0.382
2960	0.129	0.965	0.465	0.384
2970	0.129	0.965	0.465	0.382
2980	0.129	0.964	0.466	0.386
2990	0.129	0.965	0.467	0.384
eigenvalues:  tensor([28.2027, 27.3115])
hess item is 0.0035035901237279177
3000	0.129	0.966	0.467	0.387
3010	0.129	0.964	0.467	0.384
3020	0.146	0.943	0.481	0.377
3030	0.139	0.951	0.473	0.382
3040	0.149	0.938	0.485	0.373
eigenvalues:  tensor([29.3331, 28.7036])
hess item is 0.005279691889882088
3050	0.147	0.942	0.482	0.373
3060	0.133	0.961	0.469	0.384
3070	0.134	0.959	0.470	0.388
3080	0.128	0.964	0.466	0.387
3090	0.126	0.965	0.466	0.385
eigenvalues:  tensor([28.3682, 27.6415])
hess item is 0.005026837810873985
3100	0.125	0.967	0.467	0.384
3110	0.124	0.968	0.467	0.384
3120	0.123	0.970	0.467	0.384
3130	0.122	0.969	0.467	0.386
3140	0.123	0.970	0.468	0.383
eigenvalues:  tensor([28.3337, 27.5711])
hess item is 0.004204445518553257
3150	0.122	0.969	0.469	0.386
3160	0.122	0.969	0.469	0.387
3170	0.121	0.968	0.469	0.387
3180	0.121	0.971	0.471	0.383
3190	0.120	0.971	0.470	0.384
eigenvalues:  tensor([28.1125, 27.3049])
hess item is 0.0036855172365903854
3200	0.120	0.971	0.471	0.380
3210	0.119	0.971	0.471	0.384
3220	0.119	0.971	0.472	0.381
3230	0.119	0.971	0.472	0.383
3240	0.120	0.969	0.473	0.383
eigenvalues:  tensor([28.7486, 27.9089])
hess item is 0.0035381242632865906
3250	0.121	0.969	0.474	0.378
3260	0.121	0.969	0.475	0.382
3270	0.134	0.955	0.486	0.377
3280	0.132	0.956	0.483	0.376
3290	0.138	0.952	0.491	0.369
eigenvalues:  tensor([28.9677, 27.9503])
hess item is 0.0050157466903328896
3300	0.133	0.958	0.486	0.372
3310	0.124	0.969	0.478	0.374
3320	0.121	0.968	0.477	0.378
3330	0.120	0.969	0.475	0.380
3340	0.127	0.962	0.483	0.372
eigenvalues:  tensor([28.8325, 27.9678])
hess item is 0.005156259983778
3350	0.120	0.969	0.476	0.379
3360	0.117	0.972	0.474	0.381
3370	0.116	0.972	0.474	0.381
3380	0.115	0.975	0.474	0.381
3390	0.114	0.975	0.474	0.380
eigenvalues:  tensor([28.3919, 27.5300])
hess item is 0.004330512136220932
3400	0.114	0.974	0.475	0.384
3410	0.114	0.973	0.476	0.381
3420	0.113	0.975	0.476	0.381
3430	0.114	0.976	0.477	0.379
3440	0.113	0.974	0.477	0.381
eigenvalues:  tensor([28.6129, 27.7170])
hess item is 0.0038229934871196747
3450	0.112	0.975	0.476	0.382
3460	0.113	0.975	0.478	0.378
3470	0.111	0.975	0.477	0.382
3480	0.112	0.975	0.479	0.380
3490	0.111	0.976	0.479	0.378
eigenvalues:  tensor([28.3501, 27.4198])
hess item is 0.0035480333026498556
3500	0.111	0.977	0.479	0.378
3510	0.110	0.977	0.479	0.380
3520	0.111	0.975	0.481	0.379
3530	0.112	0.974	0.482	0.379
3540	0.110	0.976	0.481	0.380
eigenvalues:  tensor([28.6219, 27.7185])
hess item is 0.003406635718420148
3550	0.110	0.976	0.481	0.382
3560	0.110	0.977	0.482	0.376
3570	0.116	0.972	0.487	0.370
3580	0.138	0.952	0.506	0.360
3590	0.130	0.958	0.496	0.372
eigenvalues:  tensor([29.3496, 28.6786])
hess item is 0.005113678053021431
3600	0.129	0.954	0.494	0.370
3610	0.119	0.967	0.487	0.373
3620	0.118	0.968	0.487	0.372
3630	0.110	0.975	0.481	0.378
3640	0.108	0.976	0.480	0.377
eigenvalues:  tensor([28.6619, 27.8855])
hess item is 0.004919490776956081
3650	0.107	0.978	0.480	0.377
3660	0.107	0.979	0.481	0.378
3670	0.107	0.977	0.482	0.377
3680	0.106	0.979	0.482	0.376
3690	0.106	0.978	0.482	0.377
eigenvalues:  tensor([28.5827, 27.7701])
hess item is 0.004155910573899746
3700	0.106	0.980	0.483	0.377
3710	0.105	0.978	0.483	0.377
3720	0.105	0.978	0.483	0.378
3730	0.104	0.979	0.484	0.376
3740	0.105	0.979	0.485	0.376
eigenvalues:  tensor([28.2526, 27.4628])
hess item is 0.0037212150637060404
3750	0.104	0.980	0.485	0.376
3760	0.104	0.979	0.485	0.376
3770	0.104	0.979	0.485	0.376
3780	0.104	0.979	0.486	0.377
3790	0.103	0.980	0.486	0.375
eigenvalues:  tensor([28.3637, 27.5291])
hess item is 0.0034689251333475113
3800	0.103	0.981	0.486	0.374
3810	0.102	0.980	0.486	0.376
3820	0.103	0.980	0.487	0.375
3830	0.102	0.980	0.487	0.377
3840	0.105	0.979	0.490	0.374
eigenvalues:  tensor([28.8999, 28.0288])
hess item is 0.00342014548368752
3850	0.102	0.982	0.487	0.373
3860	0.102	0.979	0.489	0.374
3870	0.106	0.978	0.493	0.369
3880	0.107	0.978	0.495	0.371
3890	0.131	0.950	0.516	0.359
eigenvalues:  tensor([29.1135, 28.3097])
hess item is 0.004628247581422329
3900	0.117	0.968	0.501	0.367
3910	0.117	0.971	0.500	0.364
3920	0.114	0.971	0.495	0.371
3930	0.111	0.972	0.493	0.375
3940	0.104	0.979	0.488	0.375
eigenvalues:  tensor([28.9607, 28.1798])
hess item is 0.0052388375625014305
3950	0.102	0.981	0.488	0.374
3960	0.100	0.981	0.486	0.373
3970	0.100	0.981	0.488	0.375
3980	0.099	0.981	0.488	0.376
3990	0.099	0.982	0.488	0.375
eigenvalues:  tensor([28.8060, 28.0104])
hess item is 0.004360018763691187
4000	0.099	0.983	0.489	0.374
4010	0.099	0.982	0.489	0.375
4020	0.098	0.981	0.489	0.375
4030	0.098	0.982	0.490	0.373
4040	0.098	0.983	0.491	0.374
eigenvalues:  tensor([28.7909, 28.0400])
hess item is 0.0038382767233997583
4050	0.097	0.983	0.491	0.373
4060	0.098	0.982	0.491	0.373
4070	0.097	0.981	0.491	0.373
4080	0.097	0.982	0.493	0.369
4090	0.097	0.982	0.492	0.373
eigenvalues:  tensor([28.6782, 27.9281])
hess item is 0.003524096915498376
4100	0.097	0.983	0.493	0.371
4110	0.096	0.982	0.493	0.375
4120	0.095	0.982	0.493	0.374
4130	0.097	0.982	0.495	0.373
4140	0.095	0.983	0.494	0.372
eigenvalues:  tensor([28.7794, 28.0057])
hess item is 0.0033773863688111305
4150	0.095	0.983	0.494	0.373
4160	0.097	0.981	0.497	0.371
4170	0.098	0.980	0.498	0.371
4180	0.120	0.962	0.516	0.362
4190	0.112	0.969	0.506	0.369
eigenvalues:  tensor([29.2356, 28.2536])
hess item is 0.004935446660965681
4200	0.101	0.979	0.496	0.372
4210	0.098	0.980	0.495	0.371
4220	0.095	0.983	0.493	0.373
4230	0.095	0.982	0.494	0.369
4240	0.096	0.984	0.496	0.368
eigenvalues:  tensor([28.8299, 27.9654])
hess item is 0.0043325056321918964
4250	0.094	0.983	0.494	0.374
4260	0.094	0.983	0.495	0.373
4270	0.094	0.983	0.496	0.371
4280	0.093	0.984	0.496	0.373
4290	0.093	0.984	0.496	0.371
eigenvalues:  tensor([28.6920, 27.7724])
hess item is 0.0038126735016703606
4300	0.092	0.985	0.496	0.371
4310	0.092	0.984	0.496	0.370
4320	0.092	0.984	0.496	0.370
4330	0.092	0.984	0.497	0.370
4340	0.092	0.984	0.497	0.371
eigenvalues:  tensor([28.8106, 27.9247])
hess item is 0.003545166226103902
4350	0.091	0.984	0.498	0.369
4360	0.091	0.984	0.498	0.372
4370	0.091	0.985	0.498	0.370
4380	0.092	0.984	0.499	0.370
4390	0.090	0.984	0.498	0.370
eigenvalues:  tensor([29.0737, 28.1944])
hess item is 0.00341314566321671
4400	0.091	0.984	0.498	0.371
4410	0.091	0.983	0.500	0.372
4420	0.090	0.985	0.499	0.372
4430	0.090	0.985	0.499	0.371
4440	0.090	0.985	0.500	0.370
eigenvalues:  tensor([28.7869, 28.0107])
hess item is 0.0033158815931528807
4450	0.090	0.983	0.501	0.370
4460	0.091	0.984	0.501	0.368
4470	0.094	0.980	0.505	0.366
4480	0.119	0.964	0.525	0.352
4490	0.105	0.975	0.510	0.362
eigenvalues:  tensor([29.0395, 28.5251])
hess item is 0.004746067337691784
4500	0.096	0.979	0.503	0.368
4510	0.094	0.982	0.501	0.367
4520	0.090	0.984	0.499	0.369
4530	0.090	0.984	0.500	0.367
4540	0.089	0.984	0.500	0.367
eigenvalues:  tensor([28.9668, 28.2906])
hess item is 0.004337707534432411
4550	0.088	0.986	0.499	0.369
4560	0.088	0.986	0.500	0.369
4570	0.088	0.985	0.500	0.370
4580	0.088	0.985	0.501	0.367
4590	0.088	0.985	0.501	0.367
eigenvalues:  tensor([28.6081, 27.9711])
hess item is 0.003852833528071642
4600	0.087	0.986	0.501	0.371
4610	0.086	0.986	0.501	0.369
4620	0.086	0.986	0.501	0.369
4630	0.086	0.986	0.502	0.367
4640	0.086	0.986	0.502	0.368
eigenvalues:  tensor([28.8319, 28.1483])
hess item is 0.003559570759534836
4650	0.086	0.986	0.502	0.368
4660	0.086	0.987	0.503	0.365
4670	0.085	0.986	0.503	0.368
4680	0.085	0.986	0.503	0.366
4690	0.085	0.987	0.503	0.368
eigenvalues:  tensor([28.8141, 28.1430])
hess item is 0.0034124325029551983
4700	0.085	0.986	0.503	0.366
4710	0.086	0.987	0.504	0.368
4720	0.085	0.987	0.504	0.367
4730	0.085	0.985	0.504	0.369
4740	0.085	0.986	0.505	0.366
eigenvalues:  tensor([28.7198, 27.9763])
hess item is 0.003292539156973362
4750	0.086	0.985	0.506	0.364
4760	0.086	0.987	0.507	0.365
4770	0.088	0.986	0.509	0.361
4780	0.084	0.985	0.505	0.368
4790	0.084	0.987	0.506	0.364
eigenvalues:  tensor([28.9999, 28.2099])
hess item is 0.0034169438295066357
4800	0.088	0.983	0.509	0.363
4810	0.117	0.960	0.533	0.348
4820	0.100	0.978	0.515	0.359
4830	0.096	0.980	0.512	0.362
4840	0.093	0.984	0.511	0.363
eigenvalues:  tensor([29.0043, 28.2253])
hess item is 0.005283150356262922
4850	0.092	0.985	0.510	0.360
4860	0.085	0.987	0.504	0.368
4870	0.084	0.987	0.504	0.369
4880	0.083	0.987	0.504	0.367
4890	0.083	0.987	0.504	0.370
eigenvalues:  tensor([28.8099, 28.1827])
hess item is 0.004543576389551163
4900	0.082	0.988	0.504	0.368
4910	0.082	0.987	0.505	0.368
4920	0.082	0.987	0.505	0.368
4930	0.082	0.987	0.506	0.368
4940	0.082	0.987	0.506	0.369
eigenvalues:  tensor([28.6776, 27.9792])
hess item is 0.003917755093425512
4950	0.081	0.988	0.506	0.365
4960	0.081	0.988	0.506	0.366
4970	0.081	0.988	0.507	0.364
4980	0.081	0.988	0.507	0.366
4990	0.081	0.988	0.507	0.367
eigenvalues:  tensor([28.7830, 28.1213])
hess item is 0.003558497177436948
5000	0.081	0.988	0.507	0.368
5010	0.081	0.988	0.508	0.366
5020	0.081	0.988	0.508	0.367
5030	0.080	0.987	0.508	0.367
5040	0.080	0.988	0.509	0.366
eigenvalues:  tensor([28.8045, 28.0673])
hess item is 0.003364566247910261
5050	0.080	0.989	0.509	0.365
5060	0.080	0.988	0.509	0.367
5070	0.081	0.988	0.511	0.363
5080	0.080	0.987	0.509	0.366
5090	0.080	0.988	0.510	0.366
eigenvalues:  tensor([28.7474, 28.0272])
hess item is 0.0033673360012471676
5100	0.079	0.988	0.510	0.364
5110	0.080	0.986	0.510	0.365
5120	0.080	0.987	0.511	0.363
5130	0.079	0.989	0.510	0.363
5140	0.080	0.989	0.511	0.366
eigenvalues:  tensor([29.1503, 28.4058])
hess item is 0.0033966349437832832
5150	0.080	0.988	0.511	0.365
5160	0.080	0.989	0.512	0.368
5170	0.078	0.988	0.511	0.365
5180	0.078	0.989	0.511	0.366
5190	0.079	0.988	0.511	0.365
eigenvalues:  tensor([29.1620, 28.4604])
hess item is 0.0033818429801613092
5200	0.078	0.988	0.511	0.366
5210	0.079	0.989	0.512	0.364
5220	0.083	0.986	0.516	0.363
5230	0.098	0.975	0.530	0.357
5240	0.097	0.978	0.527	0.356
eigenvalues:  tensor([29.1412, 28.4143])
hess item is 0.00449969619512558
5250	0.085	0.986	0.517	0.360
5260	0.083	0.986	0.514	0.364
5270	0.083	0.986	0.514	0.366
5280	0.088	0.984	0.519	0.364
5290	0.085	0.986	0.517	0.361
eigenvalues:  tensor([29.3727, 28.7129])
hess item is 0.00480453297495842
5300	0.083	0.987	0.514	0.361
5310	0.078	0.990	0.510	0.365
5320	0.077	0.989	0.510	0.361
5330	0.077	0.989	0.510	0.365
5340	0.076	0.989	0.510	0.368
eigenvalues:  tensor([29.0661, 28.4671])
hess item is 0.004184172488749027
5350	0.076	0.989	0.510	0.365
5360	0.076	0.989	0.511	0.364
5370	0.076	0.989	0.511	0.366
5380	0.076	0.989	0.512	0.365
5390	0.076	0.990	0.512	0.365
eigenvalues:  tensor([29.0455, 28.4070])
hess item is 0.00372953899204731
5400	0.075	0.990	0.512	0.363
5410	0.076	0.989	0.512	0.365
5420	0.075	0.989	0.513	0.364
5430	0.075	0.990	0.513	0.364
5440	0.075	0.990	0.513	0.366
eigenvalues:  tensor([28.9158, 28.2176])
hess item is 0.003457707352936268
5450	0.075	0.990	0.513	0.363
5460	0.074	0.989	0.513	0.364
5470	0.075	0.990	0.514	0.364
5480	0.074	0.991	0.514	0.363
5490	0.075	0.989	0.515	0.361
eigenvalues:  tensor([28.9987, 28.3274])
hess item is 0.0032780817709863186
5500	0.074	0.989	0.514	0.365
5510	0.074	0.989	0.514	0.363
5520	0.075	0.990	0.516	0.362
5530	0.074	0.990	0.515	0.363
5540	0.073	0.989	0.515	0.363
eigenvalues:  tensor([29.0394, 28.3811])
hess item is 0.0032432510051876307
5550	0.074	0.989	0.515	0.364
5560	0.075	0.990	0.517	0.362
5570	0.075	0.989	0.517	0.364
5580	0.075	0.989	0.517	0.364
5590	0.075	0.989	0.517	0.362
eigenvalues:  tensor([28.9378, 28.2957])
hess item is 0.0034491410478949547
5600	0.075	0.990	0.517	0.365
5610	0.076	0.990	0.518	0.364
5620	0.089	0.982	0.529	0.358
5630	0.090	0.979	0.527	0.359
5640	0.080	0.988	0.519	0.361
eigenvalues:  tensor([29.1907, 28.3442])
hess item is 0.004939165432006121
5650	0.089	0.984	0.527	0.355
5660	0.081	0.987	0.519	0.363
5670	0.078	0.988	0.517	0.363
5680	0.073	0.990	0.513	0.365
5690	0.073	0.991	0.514	0.364
eigenvalues:  tensor([29.2127, 28.4524])
hess item is 0.004651769995689392
5700	0.073	0.989	0.514	0.364
5710	0.073	0.989	0.515	0.365
5720	0.073	0.991	0.515	0.364
5730	0.072	0.990	0.515	0.363
5740	0.072	0.990	0.515	0.364
eigenvalues:  tensor([29.0717, 28.3442])
hess item is 0.004002826754003763
5750	0.072	0.990	0.516	0.363
5760	0.071	0.991	0.516	0.364
5770	0.071	0.991	0.516	0.364
5780	0.071	0.991	0.516	0.362
5790	0.072	0.991	0.518	0.361
eigenvalues:  tensor([29.2419, 28.5009])
hess item is 0.0036349038127809763
5800	0.071	0.991	0.517	0.362
5810	0.071	0.991	0.517	0.360
5820	0.071	0.991	0.517	0.361
5830	0.070	0.991	0.517	0.363
5840	0.070	0.990	0.517	0.363
eigenvalues:  tensor([29.1922, 28.4707])
hess item is 0.0033954582177102566
5850	0.070	0.990	0.518	0.363
5860	0.070	0.991	0.518	0.364
5870	0.070	0.991	0.518	0.363
5880	0.070	0.991	0.518	0.363
5890	0.070	0.991	0.519	0.363
eigenvalues:  tensor([29.0602, 28.3577])
hess item is 0.003266996005550027
5900	0.071	0.991	0.520	0.363
5910	0.069	0.991	0.519	0.364
5920	0.069	0.991	0.518	0.363
5930	0.070	0.992	0.520	0.360
5940	0.069	0.991	0.519	0.363
eigenvalues:  tensor([29.1730, 28.3214])
hess item is 0.003212668001651764
5950	0.070	0.991	0.520	0.362
5960	0.070	0.990	0.519	0.364
5970	0.070	0.991	0.520	0.362
5980	0.070	0.990	0.520	0.362
5990	0.070	0.991	0.520	0.363
eigenvalues:  tensor([29.1731, 28.4127])
hess item is 0.0033132738899439573
6000	0.069	0.991	0.520	0.364
6010	0.070	0.992	0.521	0.362
6020	0.069	0.992	0.521	0.360
6030	0.069	0.991	0.521	0.362
6040	0.071	0.991	0.523	0.361
eigenvalues:  tensor([29.1880, 28.2851])
hess item is 0.0035206519532948732
6050	0.079	0.987	0.529	0.357
6060	0.086	0.983	0.535	0.351
6070	0.083	0.984	0.530	0.353
6080	0.078	0.986	0.527	0.357
6090	0.073	0.988	0.521	0.361
eigenvalues:  tensor([29.1996, 28.4674])
hess item is 0.00469848932698369
6100	0.071	0.989	0.521	0.362
6110	0.068	0.991	0.518	0.363
6120	0.069	0.992	0.520	0.361
6130	0.068	0.991	0.519	0.361
6140	0.068	0.991	0.519	0.362
eigenvalues:  tensor([28.9289, 28.2151])
hess item is 0.004098240286111832
6150	0.068	0.991	0.520	0.363
6160	0.068	0.992	0.520	0.361
6170	0.067	0.992	0.520	0.363
6180	0.067	0.992	0.520	0.362
6190	0.067	0.992	0.520	0.362
eigenvalues:  tensor([29.1726, 28.3988])
hess item is 0.0036685427185148
6200	0.067	0.992	0.521	0.362
6210	0.067	0.992	0.521	0.363
6220	0.067	0.992	0.521	0.363
6230	0.066	0.992	0.521	0.363
6240	0.067	0.992	0.521	0.363
eigenvalues:  tensor([29.2543, 28.5260])
hess item is 0.003432248253375292
6250	0.067	0.992	0.521	0.363
6260	0.066	0.992	0.522	0.361
6270	0.066	0.992	0.522	0.359
6280	0.066	0.991	0.522	0.361
6290	0.066	0.993	0.522	0.360
eigenvalues:  tensor([29.3125, 28.5690])
hess item is 0.003283830126747489
6300	0.066	0.992	0.522	0.361
6310	0.066	0.991	0.523	0.362
6320	0.066	0.992	0.523	0.360
6330	0.066	0.992	0.523	0.363
6340	0.066	0.992	0.524	0.362
eigenvalues:  tensor([29.1520, 28.3971])
hess item is 0.003263261402025819
6350	0.066	0.992	0.524	0.361
6360	0.066	0.992	0.525	0.360
6370	0.066	0.993	0.524	0.360
6380	0.066	0.992	0.524	0.362
6390	0.066	0.992	0.525	0.359
eigenvalues:  tensor([29.3361, 28.6117])
hess item is 0.0032708668150007725
6400	0.065	0.992	0.524	0.361
6410	0.065	0.993	0.524	0.360
6420	0.065	0.992	0.524	0.361
6430	0.066	0.992	0.525	0.361
6440	0.065	0.992	0.525	0.360
eigenvalues:  tensor([29.4181, 28.6717])
hess item is 0.0032499900553375483
6450	0.067	0.993	0.527	0.356
6460	0.065	0.993	0.526	0.361
6470	0.066	0.992	0.525	0.362
6480	0.069	0.991	0.529	0.359
6490	0.072	0.989	0.531	0.358
eigenvalues:  tensor([29.9833, 29.2555])
hess item is 0.004199942573904991
6500	0.093	0.977	0.547	0.349
6510	0.074	0.990	0.531	0.355
6520	0.067	0.992	0.525	0.361
6530	0.065	0.992	0.522	0.363
6540	0.064	0.992	0.523	0.362
eigenvalues:  tensor([29.3481, 28.7469])
hess item is 0.004288277123123407
6550	0.064	0.993	0.523	0.361
6560	0.064	0.993	0.523	0.361
6570	0.064	0.992	0.524	0.359
6580	0.064	0.993	0.525	0.360
6590	0.064	0.993	0.525	0.357
eigenvalues:  tensor([28.9601, 28.3458])
hess item is 0.003740043845027685
6600	0.063	0.992	0.524	0.360
6610	0.064	0.993	0.526	0.356
6620	0.063	0.993	0.525	0.359
6630	0.063	0.993	0.526	0.360
6640	0.063	0.992	0.525	0.360
eigenvalues:  tensor([29.3190, 28.6470])
hess item is 0.0034347460605204105
6650	0.063	0.993	0.526	0.357
6660	0.063	0.993	0.525	0.361
6670	0.063	0.992	0.525	0.362
6680	0.062	0.993	0.526	0.359
6690	0.062	0.993	0.526	0.360
eigenvalues:  tensor([29.1825, 28.5163])
hess item is 0.003286521416157484
6700	0.062	0.993	0.526	0.360
6710	0.062	0.993	0.526	0.359
6720	0.062	0.993	0.527	0.359
6730	0.062	0.993	0.527	0.361
6740	0.064	0.992	0.527	0.358
eigenvalues:  tensor([29.0788, 28.3968])
hess item is 0.0032264278270304203
6750	0.062	0.993	0.527	0.359
6760	0.063	0.993	0.528	0.355
6770	0.062	0.993	0.528	0.361
6780	0.062	0.993	0.527	0.361
6790	0.062	0.994	0.528	0.360
eigenvalues:  tensor([29.2789, 28.5671])
hess item is 0.0031777131371200085
6800	0.062	0.993	0.528	0.359
6810	0.062	0.993	0.528	0.356
6820	0.063	0.993	0.529	0.356
6830	0.062	0.993	0.528	0.357
6840	0.063	0.993	0.529	0.356
eigenvalues:  tensor([29.3855, 28.6643])
hess item is 0.003299383446574211
6850	0.061	0.993	0.527	0.359
6860	0.061	0.993	0.527	0.359
6870	0.062	0.993	0.528	0.360
6880	0.062	0.993	0.529	0.358
6890	0.060	0.994	0.528	0.358
eigenvalues:  tensor([29.1437, 28.4092])
hess item is 0.0032428873237222433
6900	0.062	0.993	0.529	0.360
6910	0.061	0.994	0.529	0.357
6920	0.061	0.993	0.529	0.356
6930	0.061	0.993	0.528	0.358
6940	0.060	0.993	0.529	0.357
eigenvalues:  tensor([29.3321, 28.6188])
hess item is 0.0031891632825136185
6950	0.060	0.993	0.529	0.360
6960	0.061	0.993	0.529	0.357
6970	0.061	0.993	0.529	0.354
6980	0.060	0.993	0.529	0.357
6990	0.061	0.993	0.529	0.358
eigenvalues:  tensor([29.2758, 28.5554])
hess item is 0.003182375803589821
7000	0.060	0.993	0.529	0.357
7010	0.061	0.993	0.529	0.360
7020	0.060	0.993	0.529	0.359
7030	0.059	0.994	0.529	0.357
7040	0.060	0.993	0.530	0.358
eigenvalues:  tensor([29.3785, 28.6208])
hess item is 0.003185845213010907
7050	0.060	0.994	0.530	0.357
7060	0.060	0.994	0.530	0.357
7070	0.061	0.992	0.531	0.357
7080	0.059	0.994	0.530	0.359
7090	0.061	0.993	0.532	0.354
eigenvalues:  tensor([29.1498, 28.4438])
hess item is 0.003224691143259406
7100	0.059	0.993	0.530	0.357
7110	0.059	0.994	0.530	0.357
7120	0.059	0.994	0.531	0.354
7130	0.060	0.994	0.532	0.354
7140	0.059	0.994	0.531	0.357
eigenvalues:  tensor([29.3331, 28.5681])
hess item is 0.0031886729411780834
7150	0.059	0.994	0.530	0.357
7160	0.060	0.994	0.532	0.356
7170	0.059	0.994	0.531	0.355
7180	0.059	0.994	0.530	0.357
7190	0.059	0.994	0.531	0.356
eigenvalues:  tensor([29.3537, 28.6017])
hess item is 0.0032452913001179695
7200	0.062	0.992	0.534	0.354
7210	0.062	0.992	0.533	0.357
7220	0.070	0.989	0.541	0.352
7230	0.080	0.984	0.548	0.345
7240	0.076	0.988	0.543	0.345
eigenvalues:  tensor([29.6053, 28.9070])
hess item is 0.0048778909258544445
7250	0.064	0.993	0.532	0.355
7260	0.061	0.994	0.529	0.357
7270	0.059	0.994	0.528	0.359
7280	0.058	0.994	0.528	0.358
7290	0.058	0.994	0.528	0.359
eigenvalues:  tensor([29.2369, 28.5813])
hess item is 0.004278912674635649
7300	0.058	0.994	0.529	0.358
7310	0.058	0.995	0.529	0.356
7320	0.058	0.994	0.529	0.360
7330	0.058	0.994	0.530	0.355
7340	0.057	0.994	0.529	0.356
eigenvalues:  tensor([29.2187, 28.5070])
hess item is 0.0037642791867256165
7350	0.058	0.994	0.530	0.357
7360	0.057	0.994	0.530	0.356
7370	0.057	0.994	0.530	0.358
7380	0.057	0.994	0.530	0.356
7390	0.057	0.994	0.530	0.357
eigenvalues:  tensor([29.3982, 28.7060])
hess item is 0.003442655550315976
7400	0.057	0.994	0.531	0.356
7410	0.057	0.994	0.531	0.355
7420	0.057	0.995	0.532	0.353
7430	0.057	0.994	0.530	0.357
7440	0.057	0.994	0.531	0.356
eigenvalues:  tensor([29.3236, 28.6075])
hess item is 0.003266008570790291
7450	0.057	0.994	0.532	0.355
7460	0.057	0.995	0.532	0.355
7470	0.056	0.994	0.532	0.356
7480	0.056	0.995	0.531	0.357
7490	0.056	0.995	0.532	0.355
eigenvalues:  tensor([29.1805, 28.4552])
hess item is 0.003185959067195654
7500	0.057	0.995	0.533	0.354
7510	0.056	0.994	0.532	0.356
7520	0.056	0.995	0.532	0.356
7530	0.056	0.994	0.532	0.356
7540	0.057	0.994	0.532	0.358
eigenvalues:  tensor([29.3705, 28.6621])
hess item is 0.0031170430593192577
7550	0.057	0.994	0.532	0.357
7560	0.056	0.994	0.533	0.356
7570	0.056	0.995	0.533	0.355
7580	0.056	0.995	0.532	0.357
7590	0.056	0.994	0.533	0.357
eigenvalues:  tensor([29.2392, 28.5026])
hess item is 0.003109984565526247
7600	0.056	0.994	0.533	0.356
7610	0.056	0.994	0.533	0.357
7620	0.056	0.995	0.533	0.356
7630	0.055	0.995	0.533	0.356
7640	0.057	0.994	0.534	0.355
eigenvalues:  tensor([29.1337, 28.3904])
hess item is 0.0031444504857063293
7650	0.055	0.995	0.534	0.355
7660	0.056	0.994	0.534	0.355
7670	0.059	0.994	0.536	0.355
7680	0.061	0.993	0.538	0.357
7690	0.076	0.986	0.550	0.346
eigenvalues:  tensor([29.5294, 28.6427])
hess item is 0.0042853509075939655
7700	0.069	0.990	0.542	0.352
7710	0.057	0.993	0.532	0.354
7720	0.056	0.995	0.532	0.354
7730	0.055	0.994	0.531	0.357
7740	0.056	0.994	0.532	0.353
eigenvalues:  tensor([29.4860, 28.6992])
hess item is 0.003963354043662548
7750	0.055	0.995	0.532	0.356
7760	0.055	0.995	0.533	0.354
7770	0.055	0.995	0.533	0.352
7780	0.055	0.994	0.532	0.356
7790	0.055	0.995	0.533	0.354
eigenvalues:  tensor([29.3395, 28.6001])
hess item is 0.0035708039067685604
7800	0.055	0.995	0.533	0.354
7810	0.054	0.995	0.533	0.355
7820	0.054	0.995	0.533	0.356
7830	0.054	0.995	0.533	0.357
7840	0.055	0.995	0.534	0.354
eigenvalues:  tensor([29.3504, 28.6023])
hess item is 0.003364859614521265
7850	0.054	0.995	0.533	0.356
7860	0.055	0.994	0.534	0.356
7870	0.054	0.994	0.533	0.356
7880	0.054	0.995	0.534	0.355
7890	0.055	0.995	0.535	0.352
eigenvalues:  tensor([29.1464, 28.4243])
hess item is 0.0032447287812829018
7900	0.054	0.995	0.534	0.355
7910	0.054	0.995	0.535	0.354
7920	0.054	0.995	0.534	0.355
7930	0.054	0.995	0.536	0.354
7940	0.053	0.995	0.534	0.355
eigenvalues:  tensor([29.2625, 28.5484])
hess item is 0.0031913435086607933
7950	0.053	0.995	0.534	0.354
7960	0.054	0.995	0.535	0.356
7970	0.053	0.995	0.535	0.356
7980	0.053	0.995	0.535	0.357
7990	0.053	0.995	0.535	0.356
eigenvalues:  tensor([29.1717, 28.4965])
hess item is 0.0031627181451767683
8000	0.054	0.995	0.536	0.356
8010	0.054	0.995	0.536	0.355
8020	0.053	0.996	0.535	0.354
8030	0.053	0.995	0.536	0.353
8040	0.054	0.995	0.536	0.354
eigenvalues:  tensor([29.4611, 28.7163])
hess item is 0.0031807669438421726
8050	0.054	0.996	0.537	0.352
8060	0.053	0.995	0.535	0.355
8070	0.053	0.995	0.535	0.355
8080	0.053	0.995	0.535	0.356
8090	0.054	0.995	0.537	0.355
eigenvalues:  tensor([29.3016, 28.5976])
hess item is 0.003176448866724968
8100	0.053	0.996	0.536	0.357
8110	0.053	0.995	0.535	0.357
8120	0.052	0.995	0.536	0.354
8130	0.053	0.995	0.536	0.354
8140	0.053	0.995	0.537	0.355
eigenvalues:  tensor([29.3466, 28.6175])
hess item is 0.0031998716294765472
8150	0.052	0.996	0.536	0.353
8160	0.054	0.996	0.538	0.353
8170	0.052	0.995	0.536	0.353
8180	0.054	0.995	0.538	0.350
8190	0.053	0.995	0.537	0.353
eigenvalues:  tensor([29.4040, 28.6647])
hess item is 0.003294816240668297
8200	0.053	0.995	0.537	0.354
8210	0.053	0.995	0.537	0.353
8220	0.053	0.995	0.537	0.354
8230	0.052	0.995	0.536	0.353
8240	0.051	0.996	0.536	0.355
eigenvalues:  tensor([29.3153, 28.5895])
hess item is 0.003233005991205573
8250	0.052	0.995	0.537	0.352
8260	0.051	0.996	0.536	0.354
8270	0.051	0.996	0.536	0.355
8280	0.051	0.996	0.536	0.354
8290	0.051	0.996	0.537	0.354
eigenvalues:  tensor([29.2660, 28.5342])
hess item is 0.0031933544669300318
8300	0.052	0.996	0.537	0.351
8310	0.051	0.995	0.537	0.355
8320	0.051	0.996	0.537	0.355
8330	0.053	0.996	0.538	0.354
8340	0.051	0.996	0.537	0.353
eigenvalues:  tensor([29.3988, 28.6312])
hess item is 0.003155648708343506
8350	0.051	0.996	0.536	0.352
8360	0.052	0.995	0.537	0.355
8370	0.051	0.996	0.537	0.353
8380	0.051	0.996	0.537	0.352
8390	0.051	0.996	0.537	0.355
eigenvalues:  tensor([29.0252, 28.2991])
hess item is 0.0031233003828674555
8400	0.051	0.996	0.537	0.352
8410	0.051	0.996	0.538	0.354
8420	0.051	0.995	0.537	0.354
8430	0.051	0.996	0.538	0.355
8440	0.051	0.995	0.538	0.356
eigenvalues:  tensor([29.4398, 28.6946])
hess item is 0.0031243301928043365
8450	0.051	0.995	0.537	0.356
8460	0.050	0.995	0.537	0.353
8470	0.050	0.996	0.538	0.353
8480	0.050	0.996	0.538	0.357
8490	0.050	0.996	0.538	0.354
eigenvalues:  tensor([29.1399, 28.3608])
hess item is 0.003122142283245921
8500	0.051	0.996	0.538	0.353
8510	0.051	0.996	0.539	0.351
8520	0.050	0.996	0.538	0.356
8530	0.050	0.996	0.538	0.353
8540	0.052	0.996	0.540	0.352
eigenvalues:  tensor([29.1447, 28.4074])
hess item is 0.003161168424412608
8550	0.051	0.996	0.539	0.354
8560	0.050	0.996	0.539	0.352
8570	0.051	0.996	0.539	0.354
8580	0.051	0.996	0.539	0.355
8590	0.050	0.995	0.539	0.354
eigenvalues:  tensor([29.3163, 28.6339])
hess item is 0.0031397324055433273
8600	0.050	0.995	0.538	0.355
8610	0.050	0.996	0.539	0.352
8620	0.050	0.996	0.539	0.351
8630	0.050	0.996	0.539	0.351
8640	0.050	0.996	0.538	0.356
eigenvalues:  tensor([29.5143, 28.7767])
hess item is 0.0031173855531960726
8650	0.049	0.996	0.538	0.354
8660	0.050	0.996	0.539	0.353
8670	0.050	0.996	0.539	0.351
8680	0.049	0.996	0.538	0.354
8690	0.049	0.996	0.539	0.353
eigenvalues:  tensor([29.4995, 28.7654])
hess item is 0.003101755864918232
8700	0.050	0.996	0.539	0.356
8710	0.049	0.996	0.538	0.355
8720	0.049	0.996	0.539	0.354
8730	0.049	0.996	0.539	0.351
8740	0.049	0.996	0.539	0.351
eigenvalues:  tensor([29.5417, 28.7426])
hess item is 0.003061870811507106
8750	0.049	0.996	0.539	0.355
8760	0.049	0.996	0.539	0.352
8770	0.049	0.996	0.539	0.353
8780	0.049	0.996	0.539	0.354
8790	0.049	0.996	0.539	0.354
eigenvalues:  tensor([29.2617, 28.5299])
hess item is 0.0030880735721439123
8800	0.049	0.996	0.539	0.353
8810	0.048	0.996	0.539	0.354
8820	0.050	0.996	0.540	0.357
8830	0.048	0.996	0.539	0.352
8840	0.049	0.996	0.540	0.352
eigenvalues:  tensor([29.3354, 28.5970])
hess item is 0.003152865916490555
8850	0.049	0.996	0.539	0.354
8860	0.049	0.996	0.540	0.353
8870	0.048	0.996	0.539	0.352
8880	0.048	0.996	0.539	0.354
8890	0.048	0.996	0.540	0.354
eigenvalues:  tensor([29.4559, 28.7045])
hess item is 0.0031534491572529078
8900	0.048	0.996	0.540	0.353
8910	0.048	0.996	0.540	0.354
8920	0.048	0.996	0.540	0.352
8930	0.048	0.997	0.540	0.353
8940	0.048	0.996	0.540	0.352
eigenvalues:  tensor([29.4559, 28.7071])
hess item is 0.003125277580693364
8950	0.048	0.997	0.541	0.352
8960	0.048	0.996	0.540	0.354
8970	0.048	0.996	0.540	0.353
8980	0.048	0.996	0.540	0.355
8990	0.048	0.996	0.541	0.350
eigenvalues:  tensor([29.2849, 28.5204])
hess item is 0.0031332815997302532
9000	0.048	0.996	0.540	0.354
9010	0.048	0.996	0.540	0.354
9020	0.048	0.996	0.540	0.353
9030	0.049	0.996	0.541	0.353
9040	0.047	0.996	0.540	0.352
eigenvalues:  tensor([29.4887, 28.7225])
hess item is 0.0031061607878655195
9050	0.047	0.996	0.540	0.354
9060	0.048	0.996	0.540	0.353
9070	0.048	0.997	0.541	0.353
9080	0.048	0.996	0.541	0.354
9090	0.048	0.996	0.540	0.352
eigenvalues:  tensor([29.4331, 28.6370])
hess item is 0.003133864840492606
9100	0.047	0.996	0.541	0.352
9110	0.048	0.997	0.541	0.354
9120	0.048	0.996	0.541	0.352
9130	0.047	0.996	0.540	0.351
9140	0.048	0.996	0.541	0.355
eigenvalues:  tensor([29.5616, 28.7766])
hess item is 0.003129619173705578
9150	0.047	0.997	0.540	0.353
9160	0.047	0.996	0.541	0.352
9170	0.047	0.996	0.540	0.354
9180	0.047	0.997	0.541	0.354
9190	0.047	0.996	0.541	0.352
eigenvalues:  tensor([29.4222, 28.6544])
hess item is 0.003091712947934866
9200	0.046	0.996	0.541	0.351
9210	0.046	0.997	0.540	0.354
9220	0.047	0.997	0.541	0.352
9230	0.047	0.997	0.541	0.352
9240	0.048	0.996	0.542	0.355
eigenvalues:  tensor([29.4323, 28.6859])
hess item is 0.0030685144010931253
9250	0.048	0.997	0.543	0.352
9260	0.048	0.997	0.542	0.352
9270	0.047	0.997	0.541	0.353
9280	0.046	0.996	0.541	0.351
9290	0.046	0.997	0.541	0.353
eigenvalues:  tensor([29.2234, 28.5061])
hess item is 0.003106385702267289
9300	0.047	0.997	0.543	0.348
9310	0.047	0.996	0.542	0.350
9320	0.047	0.996	0.542	0.354
9330	0.048	0.996	0.542	0.353
9340	0.047	0.996	0.542	0.352
eigenvalues:  tensor([29.3799, 28.5830])
hess item is 0.0032093178015202284
9350	0.046	0.997	0.541	0.350
9360	0.046	0.996	0.541	0.354
9370	0.046	0.996	0.542	0.352
9380	0.046	0.997	0.541	0.352
9390	0.048	0.996	0.543	0.351
eigenvalues:  tensor([29.4120, 28.6569])
hess item is 0.0032485835254192352
9400	0.046	0.997	0.541	0.354
9410	0.047	0.997	0.543	0.350
9420	0.046	0.997	0.542	0.353
9430	0.046	0.996	0.542	0.350
9440	0.046	0.997	0.542	0.353
eigenvalues:  tensor([29.2325, 28.5088])
hess item is 0.0031452260445803404
9450	0.046	0.996	0.541	0.353
9460	0.046	0.996	0.541	0.355
9470	0.046	0.996	0.542	0.352
9480	0.046	0.997	0.542	0.352
9490	0.046	0.997	0.542	0.353
eigenvalues:  tensor([29.3633, 28.6507])
hess item is 0.0030915115494281054
9500	0.046	0.996	0.542	0.350
9510	0.045	0.997	0.541	0.353
9520	0.046	0.997	0.542	0.353
9530	0.045	0.997	0.541	0.354
9540	0.046	0.996	0.543	0.349
eigenvalues:  tensor([29.4646, 28.6548])
hess item is 0.0031029656529426575
9550	0.046	0.997	0.542	0.353
9560	0.046	0.997	0.543	0.348
9570	0.046	0.996	0.543	0.352
9580	0.045	0.997	0.542	0.351
9590	0.045	0.997	0.542	0.352
eigenvalues:  tensor([29.3529, 28.6137])
hess item is 0.003095244523137808
9600	0.045	0.997	0.542	0.354
9610	0.045	0.997	0.543	0.354
9620	0.045	0.997	0.543	0.354
9630	0.045	0.997	0.544	0.349
9640	0.045	0.997	0.542	0.354
eigenvalues:  tensor([29.4369, 28.6569])
hess item is 0.003153185360133648
9650	0.045	0.997	0.542	0.352
9660	0.045	0.997	0.542	0.353
9670	0.045	0.996	0.542	0.353
9680	0.045	0.997	0.542	0.354
9690	0.045	0.997	0.542	0.355
eigenvalues:  tensor([29.5252, 28.7287])
hess item is 0.003151874989271164
9700	0.045	0.997	0.543	0.351
9710	0.046	0.996	0.543	0.352
9720	0.045	0.997	0.543	0.354
9730	0.045	0.997	0.542	0.355
9740	0.045	0.997	0.542	0.353
eigenvalues:  tensor([29.4418, 28.6852])
hess item is 0.0032281391322612762
9750	0.044	0.997	0.542	0.352
9760	0.045	0.997	0.542	0.352
9770	0.044	0.997	0.542	0.352
9780	0.044	0.997	0.542	0.354
9790	0.044	0.997	0.542	0.352
eigenvalues:  tensor([29.1675, 28.3897])
hess item is 0.0031437312718480825
9800	0.044	0.997	0.542	0.354
9810	0.044	0.997	0.542	0.354
9820	0.044	0.997	0.542	0.354
9830	0.044	0.997	0.542	0.354
9840	0.044	0.997	0.542	0.355
eigenvalues:  tensor([29.4401, 28.6492])
hess item is 0.0030905951280146837
9850	0.044	0.997	0.543	0.355
9860	0.044	0.997	0.542	0.354
9870	0.044	0.997	0.542	0.352
9880	0.045	0.997	0.543	0.357
9890	0.044	0.998	0.543	0.352
eigenvalues:  tensor([29.4417, 28.6875])
hess item is 0.0030679625924676657
9900	0.044	0.997	0.543	0.351
9910	0.044	0.997	0.543	0.353
9920	0.044	0.997	0.543	0.351
9930	0.044	0.997	0.543	0.352
9940	0.044	0.997	0.543	0.352
eigenvalues:  tensor([29.4480, 28.7019])
hess item is 0.0030591043177992105
9950	0.044	0.997	0.543	0.353
9960	0.043	0.997	0.543	0.354
9970	0.044	0.997	0.543	0.351
9980	0.043	0.997	0.543	0.353
9990	0.044	0.997	0.544	0.350
device: cuda:4
output directory: RESULTS/cifar10-10k/fc-tanh/seed_0/mse/ivon/lr_0.0005_h0_0.9_post_10_alpha_100.0_beta2_0.99_beta_0.0_ess_10000000.0_ivon
Files already downloaded and verified
Files already downloaded and verified
optimizer is IVON
0	0.597	0.131	0.597	0.131
10	0.571	0.137	0.571	0.138
20	0.553	0.145	0.553	0.146
30	0.539	0.155	0.540	0.155
40	0.529	0.167	0.531	0.166
eigenvalues:  tensor([80.5062, 66.0357])
hess item is 0.5530160069465637
50	0.521	0.176	0.523	0.174
60	0.514	0.187	0.516	0.184
70	0.508	0.196	0.510	0.191
80	0.503	0.206	0.505	0.197
90	0.498	0.212	0.500	0.204
eigenvalues:  tensor([79.6214, 64.6927])
hess item is 0.3380226790904999
100	0.494	0.218	0.496	0.210
110	0.489	0.223	0.492	0.215
120	0.485	0.229	0.488	0.222
130	0.481	0.234	0.484	0.228
140	0.477	0.242	0.480	0.233
eigenvalues:  tensor([78.0287, 63.0720])
hess item is 0.20724976062774658
150	0.473	0.248	0.476	0.239
160	0.469	0.254	0.473	0.244
170	0.465	0.261	0.469	0.251
180	0.461	0.268	0.465	0.257
190	0.458	0.275	0.462	0.261
eigenvalues:  tensor([76.8415, 61.8681])
hess item is 0.1274951994419098
200	0.454	0.281	0.459	0.266
210	0.451	0.288	0.456	0.272
220	0.448	0.295	0.453	0.279
230	0.444	0.301	0.450	0.285
240	0.441	0.308	0.447	0.290
eigenvalues:  tensor([75.5162, 61.6149])
hess item is 0.07908137142658234
250	0.438	0.314	0.444	0.296
260	0.435	0.320	0.441	0.300
270	0.432	0.327	0.439	0.304
280	0.429	0.333	0.436	0.308
290	0.426	0.339	0.434	0.312
eigenvalues:  tensor([73.8154, 61.0991])
hess item is 0.04949115216732025
300	0.423	0.344	0.431	0.315
310	0.421	0.350	0.429	0.320
320	0.418	0.357	0.427	0.324
330	0.416	0.361	0.425	0.327
340	0.413	0.366	0.423	0.333
eigenvalues:  tensor([71.9752, 60.2174])
hess item is 0.03180554136633873
350	0.410	0.373	0.421	0.336
360	0.408	0.379	0.419	0.341
370	0.406	0.385	0.417	0.345
380	0.403	0.390	0.415	0.348
390	0.401	0.395	0.414	0.353
eigenvalues:  tensor([69.7175, 59.2422])
hess item is 0.02098632976412773
400	0.398	0.400	0.412	0.356
410	0.396	0.406	0.410	0.357
420	0.395	0.409	0.410	0.361
430	0.395	0.407	0.411	0.356
440	0.427	0.328	0.443	0.288
eigenvalues:  tensor([48.5600, 44.7464])
hess item is 0.018634196370840073
450	0.428	0.349	0.445	0.309
460	0.428	0.360	0.444	0.322
470	0.388	0.430	0.406	0.367
480	0.401	0.423	0.419	0.364
490	0.392	0.418	0.411	0.362
eigenvalues:  tensor([42.3029, 37.7563])
hess item is 0.016659434884786606
500	0.391	0.420	0.411	0.360
510	0.383	0.439	0.405	0.377
520	0.392	0.423	0.415	0.358
530	0.380	0.468	0.404	0.385
540	0.381	0.449	0.406	0.373
eigenvalues:  tensor([37.0155, 36.6137])
hess item is 0.013311169110238552
550	0.373	0.475	0.399	0.386
560	0.389	0.436	0.415	0.368
570	0.377	0.456	0.406	0.366
580	0.381	0.451	0.409	0.373
590	0.373	0.478	0.403	0.385
eigenvalues:  tensor([36.5678, 35.1970])
hess item is 0.01141140516847372
600	0.375	0.474	0.405	0.383
610	0.370	0.488	0.402	0.388
620	0.369	0.482	0.403	0.385
630	0.361	0.506	0.396	0.398
640	0.359	0.509	0.395	0.401
eigenvalues:  tensor([34.6067, 33.2542])
hess item is 0.009484585374593735
650	0.364	0.497	0.400	0.393
660	0.361	0.495	0.400	0.382
670	0.357	0.516	0.396	0.398
680	0.353	0.533	0.394	0.407
690	0.358	0.511	0.401	0.393
eigenvalues:  tensor([34.0901, 32.7758])
hess item is 0.008359539322555065
700	0.357	0.519	0.400	0.395
710	0.354	0.521	0.398	0.396
720	0.353	0.530	0.399	0.396
730	0.347	0.543	0.393	0.404
740	0.347	0.542	0.396	0.404
eigenvalues:  tensor([33.4288, 31.8314])
hess item is 0.007452021818608046
750	0.343	0.551	0.393	0.406
760	0.342	0.558	0.393	0.407
770	0.345	0.546	0.398	0.395
780	0.345	0.552	0.398	0.400
790	0.341	0.565	0.396	0.410
eigenvalues:  tensor([32.9497, 32.0261])
hess item is 0.006875442340970039
800	0.345	0.561	0.401	0.397
810	0.341	0.566	0.398	0.402
820	0.338	0.581	0.398	0.398
830	0.334	0.583	0.395	0.408
840	0.332	0.601	0.395	0.408
eigenvalues:  tensor([32.1867, 30.9362])
hess item is 0.006413700990378857
850	0.329	0.599	0.393	0.410
860	0.331	0.597	0.396	0.406
870	0.325	0.605	0.394	0.410
880	0.325	0.596	0.394	0.405
890	0.323	0.609	0.395	0.405
eigenvalues:  tensor([32.1443, 31.3937])
hess item is 0.00588587811216712
900	0.323	0.618	0.395	0.408
910	0.323	0.617	0.395	0.404
920	0.316	0.636	0.391	0.417
930	0.316	0.631	0.394	0.410
940	0.317	0.627	0.396	0.411
eigenvalues:  tensor([31.8348, 30.3949])
hess item is 0.00565795972943306
950	0.316	0.631	0.395	0.412
960	0.319	0.631	0.399	0.402
970	0.311	0.647	0.394	0.410
980	0.313	0.635	0.397	0.404
990	0.315	0.644	0.401	0.397
eigenvalues:  tensor([31.1382, 30.1744])
hess item is 0.005640154238790274
1000	0.307	0.652	0.394	0.412
1010	0.305	0.662	0.395	0.414
1020	0.307	0.661	0.397	0.406
1030	0.301	0.685	0.393	0.415
1040	0.310	0.658	0.402	0.405
eigenvalues:  tensor([30.5405, 29.3201])
hess item is 0.005436704959720373
1050	0.298	0.683	0.393	0.417
1060	0.298	0.684	0.395	0.415
1070	0.298	0.688	0.397	0.412
1080	0.299	0.686	0.400	0.407
1090	0.292	0.708	0.394	0.411
eigenvalues:  tensor([30.2201, 28.9260])
hess item is 0.005062943324446678
1100	0.295	0.699	0.398	0.409
1110	0.292	0.706	0.397	0.416
1120	0.293	0.701	0.399	0.408
1130	0.285	0.720	0.394	0.414
1140	0.286	0.726	0.396	0.407
eigenvalues:  tensor([30.7859, 29.5945])
hess item is 0.005036383867263794
1150	0.292	0.710	0.402	0.397
1160	0.288	0.710	0.401	0.404
1170	0.281	0.730	0.396	0.410
1180	0.283	0.720	0.399	0.409
1190	0.287	0.709	0.403	0.404
eigenvalues:  tensor([29.8498, 28.8485])
hess item is 0.004930763505399227
1200	0.277	0.746	0.396	0.414
1210	0.280	0.734	0.400	0.407
1220	0.282	0.732	0.405	0.404
1230	0.278	0.741	0.400	0.407
1240	0.271	0.765	0.397	0.413
eigenvalues:  tensor([29.3035, 28.2001])
hess item is 0.004781036637723446
1250	0.273	0.757	0.400	0.408
1260	0.276	0.745	0.405	0.407
1270	0.272	0.755	0.403	0.406
1280	0.268	0.766	0.400	0.405
1290	0.273	0.752	0.406	0.399
eigenvalues:  tensor([29.9646, 28.8451])
hess item is 0.004947232082486153
1300	0.266	0.772	0.400	0.407
1310	0.262	0.786	0.400	0.409
1320	0.262	0.782	0.402	0.407
1330	0.268	0.770	0.408	0.397
1340	0.263	0.784	0.404	0.398
eigenvalues:  tensor([29.7522, 28.4251])
hess item is 0.004836864769458771
1350	0.261	0.783	0.403	0.404
1360	0.263	0.776	0.408	0.403
1370	0.257	0.794	0.404	0.407
1380	0.257	0.791	0.405	0.402
1390	0.258	0.793	0.407	0.400
eigenvalues:  tensor([29.0211, 27.7698])
hess item is 0.004915863741189241
1400	0.253	0.799	0.404	0.409
1410	0.250	0.812	0.403	0.412
1420	0.256	0.791	0.409	0.403
1430	0.252	0.799	0.406	0.408
1440	0.254	0.800	0.408	0.403
eigenvalues:  tensor([29.3338, 28.1334])
hess item is 0.0048881289549171925
1450	0.247	0.806	0.406	0.411
1460	0.246	0.807	0.406	0.406
1470	0.243	0.819	0.405	0.406
1480	0.245	0.821	0.409	0.397
1490	0.242	0.826	0.407	0.401
eigenvalues:  tensor([28.5970, 27.4443])
hess item is 0.004713504575192928
1500	0.238	0.834	0.406	0.405
1510	0.239	0.830	0.409	0.403
1520	0.241	0.822	0.411	0.396
1530	0.240	0.828	0.411	0.401
1540	0.242	0.819	0.414	0.398
eigenvalues:  tensor([29.1895, 28.0850])
hess item is 0.00471457140520215
1550	0.235	0.835	0.409	0.405
1560	0.238	0.830	0.412	0.405
1570	0.232	0.842	0.409	0.406
1580	0.230	0.848	0.410	0.404
1590	0.228	0.854	0.409	0.407
eigenvalues:  tensor([28.3852, 27.3744])
hess item is 0.004617378581315279
1600	0.228	0.849	0.411	0.408
1610	0.230	0.848	0.414	0.397
1620	0.228	0.845	0.413	0.406
1630	0.228	0.851	0.414	0.400
1640	0.227	0.845	0.415	0.413
eigenvalues:  tensor([28.8296, 27.6109])
hess item is 0.004621060099452734
1650	0.227	0.848	0.414	0.408
1660	0.225	0.855	0.414	0.402
1670	0.221	0.864	0.413	0.404
1680	0.227	0.850	0.421	0.403
1690	0.224	0.848	0.420	0.400
eigenvalues:  tensor([28.6178, 27.5815])
hess item is 0.004633009899407625
1700	0.222	0.858	0.418	0.402
1710	0.224	0.857	0.422	0.401
1720	0.218	0.868	0.416	0.407
1730	0.216	0.871	0.418	0.401
1740	0.215	0.871	0.417	0.400
eigenvalues:  tensor([28.6402, 27.4782])
hess item is 0.004756059031933546
1750	0.211	0.879	0.416	0.402
1760	0.211	0.885	0.418	0.397
1770	0.210	0.880	0.418	0.403
1780	0.208	0.882	0.417	0.405
1790	0.216	0.856	0.426	0.404
eigenvalues:  tensor([29.0297, 28.0436])
hess item is 0.004548916593194008
1800	0.213	0.864	0.423	0.401
1810	0.210	0.879	0.423	0.396
1820	0.213	0.872	0.427	0.390
1830	0.207	0.883	0.422	0.401
1840	0.204	0.884	0.421	0.405
eigenvalues:  tensor([28.7112, 27.6926])
hess item is 0.004691117908805609
1850	0.207	0.874	0.424	0.403
1860	0.208	0.878	0.426	0.402
1870	0.205	0.888	0.425	0.395
1880	0.206	0.887	0.427	0.393
1890	0.197	0.902	0.421	0.397
eigenvalues:  tensor([28.0856, 26.9778])
hess item is 0.00465535931289196
1900	0.197	0.899	0.422	0.401
1910	0.196	0.899	0.423	0.402
1920	0.197	0.894	0.425	0.401
1930	0.195	0.901	0.425	0.398
1940	0.194	0.904	0.424	0.398
eigenvalues:  tensor([28.1044, 27.1229])
hess item is 0.004384742584079504
1950	0.191	0.907	0.424	0.400
1960	0.190	0.909	0.424	0.400
1970	0.188	0.913	0.424	0.398
1980	0.187	0.914	0.424	0.400
1990	0.190	0.910	0.429	0.393
eigenvalues:  tensor([28.3369, 27.2684])
hess item is 0.003975387662649155
2000	0.190	0.905	0.429	0.396
2010	0.198	0.887	0.436	0.397
2020	0.191	0.900	0.432	0.394
2030	0.196	0.888	0.438	0.386
2040	0.190	0.905	0.433	0.391
eigenvalues:  tensor([28.7317, 27.8416])
hess item is 0.004836047999560833
2050	0.204	0.888	0.443	0.386
2060	0.190	0.908	0.433	0.389
2070	0.183	0.918	0.428	0.397
2080	0.182	0.917	0.430	0.400
2090	0.180	0.919	0.429	0.400
eigenvalues:  tensor([28.0180, 27.0985])
hess item is 0.004556094296276569
2100	0.179	0.923	0.431	0.396
2110	0.178	0.923	0.431	0.396
2120	0.179	0.922	0.433	0.396
2130	0.182	0.917	0.437	0.389
2140	0.179	0.923	0.436	0.390
eigenvalues:  tensor([28.0724, 27.1200])
hess item is 0.0042997547425329685
2150	0.177	0.924	0.435	0.396
2160	0.180	0.920	0.438	0.392
2170	0.176	0.924	0.436	0.391
2180	0.173	0.928	0.435	0.396
2190	0.174	0.923	0.436	0.396
eigenvalues:  tensor([28.3290, 27.3692])
hess item is 0.004325263202190399
2200	0.178	0.916	0.441	0.391
2210	0.178	0.916	0.441	0.395
2220	0.176	0.920	0.439	0.400
2230	0.178	0.920	0.442	0.399
2240	0.177	0.921	0.443	0.391
eigenvalues:  tensor([28.1245, 27.1448])
hess item is 0.004698477685451508
2250	0.170	0.932	0.437	0.397
2260	0.167	0.934	0.437	0.396
2270	0.166	0.934	0.438	0.391
2280	0.164	0.938	0.438	0.391
2290	0.164	0.938	0.438	0.393
eigenvalues:  tensor([28.1631, 27.0765])
hess item is 0.004118164069950581
2300	0.164	0.937	0.439	0.392
2310	0.169	0.928	0.444	0.393
2320	0.169	0.926	0.445	0.390
2330	0.169	0.928	0.445	0.394
2340	0.167	0.931	0.445	0.391
eigenvalues:  tensor([28.2783, 27.3968])
hess item is 0.004338531289249659
2350	0.166	0.934	0.444	0.394
2360	0.177	0.922	0.454	0.381
2370	0.177	0.918	0.453	0.383
2380	0.169	0.933	0.448	0.387
2390	0.163	0.937	0.444	0.388
eigenvalues:  tensor([28.1632, 27.1605])
hess item is 0.004937032237648964
2400	0.158	0.945	0.442	0.391
2410	0.157	0.943	0.443	0.391
2420	0.156	0.945	0.443	0.393
2430	0.155	0.946	0.443	0.391
2440	0.156	0.945	0.446	0.391
eigenvalues:  tensor([27.9983, 27.0992])
hess item is 0.004220278467983007
2450	0.155	0.944	0.446	0.389
2460	0.153	0.947	0.444	0.393
2470	0.152	0.948	0.446	0.391
2480	0.152	0.948	0.446	0.391
2490	0.156	0.942	0.451	0.384
eigenvalues:  tensor([28.3047, 27.4513])
hess item is 0.00395163893699646
2500	0.163	0.931	0.458	0.380
2510	0.171	0.918	0.463	0.375
2520	0.155	0.944	0.450	0.388
2530	0.157	0.942	0.453	0.385
2540	0.152	0.947	0.450	0.389
eigenvalues:  tensor([28.1863, 27.1261])
hess item is 0.004625642206519842
2550	0.152	0.948	0.451	0.384
2560	0.149	0.950	0.450	0.387
2570	0.148	0.950	0.450	0.390
2580	0.146	0.952	0.449	0.388
2590	0.146	0.953	0.450	0.392
eigenvalues:  tensor([28.0228, 27.1040])
hess item is 0.0040865689516067505
2600	0.146	0.952	0.451	0.390
2610	0.145	0.954	0.451	0.392
2620	0.145	0.951	0.452	0.391
2630	0.146	0.952	0.453	0.388
2640	0.145	0.952	0.454	0.388
eigenvalues:  tensor([28.1515, 27.2480])
hess item is 0.003850833745673299
2650	0.143	0.956	0.453	0.390
2660	0.143	0.955	0.454	0.389
2670	0.142	0.954	0.454	0.389
2680	0.142	0.956	0.456	0.388
2690	0.143	0.954	0.457	0.385
eigenvalues:  tensor([28.4930, 27.3699])
hess item is 0.0040481798350811005
2700	0.154	0.945	0.467	0.376
2710	0.150	0.949	0.462	0.381
2720	0.148	0.948	0.461	0.384
2730	0.150	0.946	0.462	0.385
2740	0.152	0.944	0.464	0.383
eigenvalues:  tensor([28.4568, 27.7101])
hess item is 0.005234709475189447
2750	0.149	0.944	0.463	0.383
2760	0.158	0.934	0.472	0.373
2770	0.144	0.952	0.460	0.383
2780	0.139	0.958	0.457	0.388
2790	0.137	0.960	0.456	0.389
eigenvalues:  tensor([28.2238, 27.2950])
hess item is 0.004896316211670637
2800	0.136	0.960	0.456	0.388
2810	0.135	0.960	0.456	0.390
2820	0.135	0.960	0.457	0.388
2830	0.134	0.962	0.458	0.386
2840	0.134	0.962	0.459	0.385
eigenvalues:  tensor([28.1788, 27.2143])
hess item is 0.004108609165996313
2850	0.134	0.960	0.459	0.388
2860	0.133	0.962	0.459	0.388
2870	0.132	0.962	0.460	0.385
2880	0.132	0.964	0.460	0.386
2890	0.134	0.963	0.463	0.386
eigenvalues:  tensor([28.1448, 27.2038])
hess item is 0.0036505924072116613
2900	0.131	0.963	0.461	0.387
2910	0.134	0.961	0.465	0.383
2920	0.131	0.964	0.462	0.387
2930	0.130	0.964	0.463	0.388
2940	0.130	0.964	0.465	0.381
eigenvalues:  tensor([28.4161, 27.5314])
hess item is 0.0035378255415707827
2950	0.131	0.962	0.465	0.382
2960	0.129	0.965	0.465	0.384
2970	0.129	0.965	0.465	0.382
2980	0.129	0.964	0.466	0.386
2990	0.129	0.965	0.467	0.384
eigenvalues:  tensor([28.2027, 27.3115])
hess item is 0.0035035901237279177
3000	0.129	0.966	0.467	0.387
3010	0.129	0.964	0.467	0.384
3020	0.146	0.943	0.481	0.377
3030	0.139	0.951	0.473	0.382
3040	0.149	0.938	0.485	0.373
eigenvalues:  tensor([29.3331, 28.7036])
hess item is 0.005279691889882088
3050	0.147	0.942	0.482	0.373
3060	0.133	0.961	0.469	0.384
3070	0.134	0.959	0.470	0.388
3080	0.128	0.964	0.466	0.387
3090	0.126	0.965	0.466	0.385
eigenvalues:  tensor([28.3682, 27.6415])
hess item is 0.005026837810873985
3100	0.125	0.967	0.467	0.384
3110	0.124	0.968	0.467	0.384
3120	0.123	0.970	0.467	0.384
3130	0.122	0.969	0.467	0.386
3140	0.123	0.970	0.468	0.383
eigenvalues:  tensor([28.3337, 27.5711])
hess item is 0.004204445518553257
3150	0.122	0.969	0.469	0.386
3160	0.122	0.969	0.469	0.387
3170	0.121	0.968	0.469	0.387
3180	0.121	0.971	0.471	0.383
3190	0.120	0.971	0.470	0.384
eigenvalues:  tensor([28.1125, 27.3049])
hess item is 0.0036855172365903854
3200	0.120	0.971	0.471	0.380
3210	0.119	0.971	0.471	0.384
3220	0.119	0.971	0.472	0.381
3230	0.119	0.971	0.472	0.383
3240	0.120	0.969	0.473	0.383
eigenvalues:  tensor([28.7486, 27.9089])
hess item is 0.0035381242632865906
3250	0.121	0.969	0.474	0.378
3260	0.121	0.969	0.475	0.382
3270	0.134	0.955	0.486	0.377
3280	0.132	0.956	0.483	0.376
3290	0.138	0.952	0.491	0.369
eigenvalues:  tensor([28.9677, 27.9503])
hess item is 0.0050157466903328896
3300	0.133	0.958	0.486	0.372
3310	0.124	0.969	0.478	0.374
3320	0.121	0.968	0.477	0.378
3330	0.120	0.969	0.475	0.380
3340	0.127	0.962	0.483	0.372
eigenvalues:  tensor([28.8325, 27.9678])
hess item is 0.005156259983778
3350	0.120	0.969	0.476	0.379
3360	0.117	0.972	0.474	0.381
3370	0.116	0.972	0.474	0.381
3380	0.115	0.975	0.474	0.381
3390	0.114	0.975	0.474	0.380
eigenvalues:  tensor([28.3919, 27.5300])
hess item is 0.004330512136220932
3400	0.114	0.974	0.475	0.384
3410	0.114	0.973	0.476	0.381
3420	0.113	0.975	0.476	0.381
3430	0.114	0.976	0.477	0.379
3440	0.113	0.974	0.477	0.381
eigenvalues:  tensor([28.6129, 27.7170])
hess item is 0.0038229934871196747
3450	0.112	0.975	0.476	0.382
3460	0.113	0.975	0.478	0.378
3470	0.111	0.975	0.477	0.382
3480	0.112	0.975	0.479	0.380
3490	0.111	0.976	0.479	0.378
eigenvalues:  tensor([28.3501, 27.4198])
hess item is 0.0035480333026498556
3500	0.111	0.977	0.479	0.378
3510	0.110	0.977	0.479	0.380
3520	0.111	0.975	0.481	0.379
3530	0.112	0.974	0.482	0.379
3540	0.110	0.976	0.481	0.380
eigenvalues:  tensor([28.6219, 27.7185])
hess item is 0.003406635718420148
3550	0.110	0.976	0.481	0.382
3560	0.110	0.977	0.482	0.376
3570	0.116	0.972	0.487	0.370
3580	0.138	0.952	0.506	0.360
3590	0.130	0.958	0.496	0.372
eigenvalues:  tensor([29.3496, 28.6786])
hess item is 0.005113678053021431
3600	0.129	0.954	0.494	0.370
3610	0.119	0.967	0.487	0.373
3620	0.118	0.968	0.487	0.372
3630	0.110	0.975	0.481	0.378
3640	0.108	0.976	0.480	0.377
eigenvalues:  tensor([28.6619, 27.8855])
hess item is 0.004919490776956081
3650	0.107	0.978	0.480	0.377
3660	0.107	0.979	0.481	0.378
3670	0.107	0.977	0.482	0.377
3680	0.106	0.979	0.482	0.376
3690	0.106	0.978	0.482	0.377
eigenvalues:  tensor([28.5827, 27.7701])
hess item is 0.004155910573899746
3700	0.106	0.980	0.483	0.377
3710	0.105	0.978	0.483	0.377
3720	0.105	0.978	0.483	0.378
3730	0.104	0.979	0.484	0.376
3740	0.105	0.979	0.485	0.376
eigenvalues:  tensor([28.2526, 27.4628])
hess item is 0.0037212150637060404
3750	0.104	0.980	0.485	0.376
3760	0.104	0.979	0.485	0.376
3770	0.104	0.979	0.485	0.376
3780	0.104	0.979	0.486	0.377
3790	0.103	0.980	0.486	0.375
eigenvalues:  tensor([28.3637, 27.5291])
hess item is 0.0034689251333475113
3800	0.103	0.981	0.486	0.374
3810	0.102	0.980	0.486	0.376
3820	0.103	0.980	0.487	0.375
3830	0.102	0.980	0.487	0.377
3840	0.105	0.979	0.490	0.374
eigenvalues:  tensor([28.8999, 28.0288])
hess item is 0.00342014548368752
3850	0.102	0.982	0.487	0.373
3860	0.102	0.979	0.489	0.374
3870	0.106	0.978	0.493	0.369
3880	0.107	0.978	0.495	0.371
3890	0.131	0.950	0.516	0.359
eigenvalues:  tensor([29.1135, 28.3097])
hess item is 0.004628247581422329
3900	0.117	0.968	0.501	0.367
3910	0.117	0.971	0.500	0.364
3920	0.114	0.971	0.495	0.371
3930	0.111	0.972	0.493	0.375
3940	0.104	0.979	0.488	0.375
eigenvalues:  tensor([28.9607, 28.1798])
hess item is 0.0052388375625014305
3950	0.102	0.981	0.488	0.374
3960	0.100	0.981	0.486	0.373
3970	0.100	0.981	0.488	0.375
3980	0.099	0.981	0.488	0.376
3990	0.099	0.982	0.488	0.375
eigenvalues:  tensor([28.8060, 28.0104])
hess item is 0.004360018763691187
4000	0.099	0.983	0.489	0.374
4010	0.099	0.982	0.489	0.375
4020	0.098	0.981	0.489	0.375
4030	0.098	0.982	0.490	0.373
4040	0.098	0.983	0.491	0.374
eigenvalues:  tensor([28.7909, 28.0400])
hess item is 0.0038382767233997583
4050	0.097	0.983	0.491	0.373
4060	0.098	0.982	0.491	0.373
4070	0.097	0.981	0.491	0.373
4080	0.097	0.982	0.493	0.369
4090	0.097	0.982	0.492	0.373
eigenvalues:  tensor([28.6782, 27.9281])
hess item is 0.003524096915498376
4100	0.097	0.983	0.493	0.371
4110	0.096	0.982	0.493	0.375
4120	0.095	0.982	0.493	0.374
4130	0.097	0.982	0.495	0.373
4140	0.095	0.983	0.494	0.372
eigenvalues:  tensor([28.7794, 28.0057])
hess item is 0.0033773863688111305
4150	0.095	0.983	0.494	0.373
4160	0.097	0.981	0.497	0.371
4170	0.098	0.980	0.498	0.371
4180	0.120	0.962	0.516	0.362
4190	0.112	0.969	0.506	0.369
eigenvalues:  tensor([29.2356, 28.2536])
hess item is 0.004935446660965681
4200	0.101	0.979	0.496	0.372
4210	0.098	0.980	0.495	0.371
4220	0.095	0.983	0.493	0.373
4230	0.095	0.982	0.494	0.369
4240	0.096	0.984	0.496	0.368
eigenvalues:  tensor([28.8299, 27.9654])
hess item is 0.0043325056321918964
4250	0.094	0.983	0.494	0.374
4260	0.094	0.983	0.495	0.373
4270	0.094	0.983	0.496	0.371
4280	0.093	0.984	0.496	0.373
4290	0.093	0.984	0.496	0.371
eigenvalues:  tensor([28.6920, 27.7724])
hess item is 0.0038126735016703606
4300	0.092	0.985	0.496	0.371
4310	0.092	0.984	0.496	0.370
4320	0.092	0.984	0.496	0.370
4330	0.092	0.984	0.497	0.370
4340	0.092	0.984	0.497	0.371
eigenvalues:  tensor([28.8106, 27.9247])
hess item is 0.003545166226103902
4350	0.091	0.984	0.498	0.369
4360	0.091	0.984	0.498	0.372
4370	0.091	0.985	0.498	0.370
4380	0.092	0.984	0.499	0.370
4390	0.090	0.984	0.498	0.370
eigenvalues:  tensor([29.0737, 28.1944])
hess item is 0.00341314566321671
4400	0.091	0.984	0.498	0.371
4410	0.091	0.983	0.500	0.372
4420	0.090	0.985	0.499	0.372
4430	0.090	0.985	0.499	0.371
4440	0.090	0.985	0.500	0.370
eigenvalues:  tensor([28.7869, 28.0107])
hess item is 0.0033158815931528807
4450	0.090	0.983	0.501	0.370
4460	0.091	0.984	0.501	0.368
4470	0.094	0.980	0.505	0.366
4480	0.119	0.964	0.525	0.352
4490	0.105	0.975	0.510	0.362
eigenvalues:  tensor([29.0395, 28.5251])
hess item is 0.004746067337691784
4500	0.096	0.979	0.503	0.368
4510	0.094	0.982	0.501	0.367
4520	0.090	0.984	0.499	0.369
4530	0.090	0.984	0.500	0.367
4540	0.089	0.984	0.500	0.367
eigenvalues:  tensor([28.9668, 28.2906])
hess item is 0.004337707534432411
4550	0.088	0.986	0.499	0.369
4560	0.088	0.986	0.500	0.369
4570	0.088	0.985	0.500	0.370
4580	0.088	0.985	0.501	0.367
4590	0.088	0.985	0.501	0.367
eigenvalues:  tensor([28.6081, 27.9711])
hess item is 0.003852833528071642
4600	0.087	0.986	0.501	0.371
4610	0.086	0.986	0.501	0.369
4620	0.086	0.986	0.501	0.369
4630	0.086	0.986	0.502	0.367
4640	0.086	0.986	0.502	0.368
eigenvalues:  tensor([28.8319, 28.1483])
hess item is 0.003559570759534836
4650	0.086	0.986	0.502	0.368
4660	0.086	0.987	0.503	0.365
4670	0.085	0.986	0.503	0.368
4680	0.085	0.986	0.503	0.366
4690	0.085	0.987	0.503	0.368
eigenvalues:  tensor([28.8141, 28.1430])
hess item is 0.0034124325029551983
4700	0.085	0.986	0.503	0.366
4710	0.086	0.987	0.504	0.368
4720	0.085	0.987	0.504	0.367
4730	0.085	0.985	0.504	0.369
4740	0.085	0.986	0.505	0.366
eigenvalues:  tensor([28.7198, 27.9763])
hess item is 0.003292539156973362
4750	0.086	0.985	0.506	0.364
4760	0.086	0.987	0.507	0.365
4770	0.088	0.986	0.509	0.361
4780	0.084	0.985	0.505	0.368
4790	0.084	0.987	0.506	0.364
eigenvalues:  tensor([28.9999, 28.2099])
hess item is 0.0034169438295066357
4800	0.088	0.983	0.509	0.363
4810	0.117	0.960	0.533	0.348
4820	0.100	0.978	0.515	0.359
4830	0.096	0.980	0.512	0.362
4840	0.093	0.984	0.511	0.363
eigenvalues:  tensor([29.0043, 28.2253])
hess item is 0.005283150356262922
4850	0.092	0.985	0.510	0.360
4860	0.085	0.987	0.504	0.368
4870	0.084	0.987	0.504	0.369
4880	0.083	0.987	0.504	0.367
4890	0.083	0.987	0.504	0.370
eigenvalues:  tensor([28.8099, 28.1827])
hess item is 0.004543576389551163
4900	0.082	0.988	0.504	0.368
4910	0.082	0.987	0.505	0.368
4920	0.082	0.987	0.505	0.368
4930	0.082	0.987	0.506	0.368
4940	0.082	0.987	0.506	0.369
eigenvalues:  tensor([28.6776, 27.9792])
hess item is 0.003917755093425512
4950	0.081	0.988	0.506	0.365
4960	0.081	0.988	0.506	0.366
4970	0.081	0.988	0.507	0.364
4980	0.081	0.988	0.507	0.366
4990	0.081	0.988	0.507	0.367
eigenvalues:  tensor([28.7830, 28.1213])
hess item is 0.003558497177436948
5000	0.081	0.988	0.507	0.368
5010	0.081	0.988	0.508	0.366
5020	0.081	0.988	0.508	0.367
5030	0.080	0.987	0.508	0.367
5040	0.080	0.988	0.509	0.366
eigenvalues:  tensor([28.8045, 28.0673])
hess item is 0.003364566247910261
5050	0.080	0.989	0.509	0.365
5060	0.080	0.988	0.509	0.367
5070	0.081	0.988	0.511	0.363
5080	0.080	0.987	0.509	0.366
5090	0.080	0.988	0.510	0.366
eigenvalues:  tensor([28.7474, 28.0272])
hess item is 0.0033673360012471676
5100	0.079	0.988	0.510	0.364
5110	0.080	0.986	0.510	0.365
5120	0.080	0.987	0.511	0.363
5130	0.079	0.989	0.510	0.363
5140	0.080	0.989	0.511	0.366
eigenvalues:  tensor([29.1503, 28.4058])
hess item is 0.0033966349437832832
5150	0.080	0.988	0.511	0.365
5160	0.080	0.989	0.512	0.368
5170	0.078	0.988	0.511	0.365
5180	0.078	0.989	0.511	0.366
5190	0.079	0.988	0.511	0.365
eigenvalues:  tensor([29.1620, 28.4604])
hess item is 0.0033818429801613092
5200	0.078	0.988	0.511	0.366
5210	0.079	0.989	0.512	0.364
5220	0.083	0.986	0.516	0.363
5230	0.098	0.975	0.530	0.357
5240	0.097	0.978	0.527	0.356
eigenvalues:  tensor([29.1412, 28.4143])
hess item is 0.00449969619512558
5250	0.085	0.986	0.517	0.360
5260	0.083	0.986	0.514	0.364
5270	0.083	0.986	0.514	0.366
5280	0.088	0.984	0.519	0.364
5290	0.085	0.986	0.517	0.361
eigenvalues:  tensor([29.3727, 28.7129])
hess item is 0.00480453297495842
5300	0.083	0.987	0.514	0.361
5310	0.078	0.990	0.510	0.365
5320	0.077	0.989	0.510	0.361
5330	0.077	0.989	0.510	0.365
5340	0.076	0.989	0.510	0.368
eigenvalues:  tensor([29.0661, 28.4671])
hess item is 0.004184172488749027
5350	0.076	0.989	0.510	0.365
5360	0.076	0.989	0.511	0.364
5370	0.076	0.989	0.511	0.366
5380	0.076	0.989	0.512	0.365
5390	0.076	0.990	0.512	0.365
eigenvalues:  tensor([29.0455, 28.4070])
hess item is 0.00372953899204731
5400	0.075	0.990	0.512	0.363
5410	0.076	0.989	0.512	0.365
5420	0.075	0.989	0.513	0.364
5430	0.075	0.990	0.513	0.364
5440	0.075	0.990	0.513	0.366
eigenvalues:  tensor([28.9158, 28.2176])
hess item is 0.003457707352936268
5450	0.075	0.990	0.513	0.363
5460	0.074	0.989	0.513	0.364
5470	0.075	0.990	0.514	0.364
5480	0.074	0.991	0.514	0.363
5490	0.075	0.989	0.515	0.361
eigenvalues:  tensor([28.9987, 28.3274])
hess item is 0.0032780817709863186
5500	0.074	0.989	0.514	0.365
5510	0.074	0.989	0.514	0.363
5520	0.075	0.990	0.516	0.362
5530	0.074	0.990	0.515	0.363
5540	0.073	0.989	0.515	0.363
eigenvalues:  tensor([29.0394, 28.3811])
hess item is 0.0032432510051876307
5550	0.074	0.989	0.515	0.364
5560	0.075	0.990	0.517	0.362
5570	0.075	0.989	0.517	0.364
5580	0.075	0.989	0.517	0.364
5590	0.075	0.989	0.517	0.362
eigenvalues:  tensor([28.9378, 28.2957])
hess item is 0.0034491410478949547
5600	0.075	0.990	0.517	0.365
5610	0.076	0.990	0.518	0.364
5620	0.089	0.982	0.529	0.358
5630	0.090	0.979	0.527	0.359
5640	0.080	0.988	0.519	0.361
eigenvalues:  tensor([29.1907, 28.3442])
hess item is 0.004939165432006121
5650	0.089	0.984	0.527	0.355
5660	0.081	0.987	0.519	0.363
5670	0.078	0.988	0.517	0.363
5680	0.073	0.990	0.513	0.365
5690	0.073	0.991	0.514	0.364
eigenvalues:  tensor([29.2127, 28.4524])
hess item is 0.004651769995689392
5700	0.073	0.989	0.514	0.364
5710	0.073	0.989	0.515	0.365
5720	0.073	0.991	0.515	0.364
5730	0.072	0.990	0.515	0.363
5740	0.072	0.990	0.515	0.364
eigenvalues:  tensor([29.0717, 28.3442])
hess item is 0.004002826754003763
5750	0.072	0.990	0.516	0.363
5760	0.071	0.991	0.516	0.364
5770	0.071	0.991	0.516	0.364
5780	0.071	0.991	0.516	0.362
5790	0.072	0.991	0.518	0.361
eigenvalues:  tensor([29.2419, 28.5009])
hess item is 0.0036349038127809763
5800	0.071	0.991	0.517	0.362
5810	0.071	0.991	0.517	0.360
5820	0.071	0.991	0.517	0.361
5830	0.070	0.991	0.517	0.363
5840	0.070	0.990	0.517	0.363
eigenvalues:  tensor([29.1922, 28.4707])
hess item is 0.0033954582177102566
5850	0.070	0.990	0.518	0.363
5860	0.070	0.991	0.518	0.364
5870	0.070	0.991	0.518	0.363
5880	0.070	0.991	0.518	0.363
5890	0.070	0.991	0.519	0.363
eigenvalues:  tensor([29.0602, 28.3577])
hess item is 0.003266996005550027
5900	0.071	0.991	0.520	0.363
5910	0.069	0.991	0.519	0.364
5920	0.069	0.991	0.518	0.363
5930	0.070	0.992	0.520	0.360
5940	0.069	0.991	0.519	0.363
eigenvalues:  tensor([29.1730, 28.3214])
hess item is 0.003212668001651764
5950	0.070	0.991	0.520	0.362
5960	0.070	0.990	0.519	0.364
5970	0.070	0.991	0.520	0.362
5980	0.070	0.990	0.520	0.362
5990	0.070	0.991	0.520	0.363
eigenvalues:  tensor([29.1731, 28.4127])
hess item is 0.0033132738899439573
6000	0.069	0.991	0.520	0.364
6010	0.070	0.992	0.521	0.362
6020	0.069	0.992	0.521	0.360
6030	0.069	0.991	0.521	0.362
6040	0.071	0.991	0.523	0.361
eigenvalues:  tensor([29.1880, 28.2851])
hess item is 0.0035206519532948732
6050	0.079	0.987	0.529	0.357
6060	0.086	0.983	0.535	0.351
6070	0.083	0.984	0.530	0.353
6080	0.078	0.986	0.527	0.357
6090	0.073	0.988	0.521	0.361
eigenvalues:  tensor([29.1996, 28.4674])
hess item is 0.00469848932698369
6100	0.071	0.989	0.521	0.362
6110	0.068	0.991	0.518	0.363
6120	0.069	0.992	0.520	0.361
6130	0.068	0.991	0.519	0.361
6140	0.068	0.991	0.519	0.362
eigenvalues:  tensor([28.9289, 28.2151])
hess item is 0.004098240286111832
6150	0.068	0.991	0.520	0.363
6160	0.068	0.992	0.520	0.361
6170	0.067	0.992	0.520	0.363
6180	0.067	0.992	0.520	0.362
6190	0.067	0.992	0.520	0.362
eigenvalues:  tensor([29.1726, 28.3988])
hess item is 0.0036685427185148
6200	0.067	0.992	0.521	0.362
6210	0.067	0.992	0.521	0.363
6220	0.067	0.992	0.521	0.363
6230	0.066	0.992	0.521	0.363
6240	0.067	0.992	0.521	0.363
eigenvalues:  tensor([29.2543, 28.5260])
hess item is 0.003432248253375292
6250	0.067	0.992	0.521	0.363
6260	0.066	0.992	0.522	0.361
6270	0.066	0.992	0.522	0.359
6280	0.066	0.991	0.522	0.361
6290	0.066	0.993	0.522	0.360
eigenvalues:  tensor([29.3125, 28.5690])
hess item is 0.003283830126747489
6300	0.066	0.992	0.522	0.361
6310	0.066	0.991	0.523	0.362
6320	0.066	0.992	0.523	0.360
6330	0.066	0.992	0.523	0.363
6340	0.066	0.992	0.524	0.362
eigenvalues:  tensor([29.1520, 28.3971])
hess item is 0.003263261402025819
6350	0.066	0.992	0.524	0.361
6360	0.066	0.992	0.525	0.360
6370	0.066	0.993	0.524	0.360
6380	0.066	0.992	0.524	0.362
6390	0.066	0.992	0.525	0.359
eigenvalues:  tensor([29.3361, 28.6117])
hess item is 0.0032708668150007725
6400	0.065	0.992	0.524	0.361
6410	0.065	0.993	0.524	0.360
6420	0.065	0.992	0.524	0.361
6430	0.066	0.992	0.525	0.361
6440	0.065	0.992	0.525	0.360
eigenvalues:  tensor([29.4181, 28.6717])
hess item is 0.0032499900553375483
6450	0.067	0.993	0.527	0.356
6460	0.065	0.993	0.526	0.361
6470	0.066	0.992	0.525	0.362
6480	0.069	0.991	0.529	0.359
6490	0.072	0.989	0.531	0.358
eigenvalues:  tensor([29.9833, 29.2555])
hess item is 0.004199942573904991
6500	0.093	0.977	0.547	0.349
6510	0.074	0.990	0.531	0.355
6520	0.067	0.992	0.525	0.361
6530	0.065	0.992	0.522	0.363
6540	0.064	0.992	0.523	0.362
eigenvalues:  tensor([29.3481, 28.7469])
hess item is 0.004288277123123407
6550	0.064	0.993	0.523	0.361
6560	0.064	0.993	0.523	0.361
6570	0.064	0.992	0.524	0.359
6580	0.064	0.993	0.525	0.360
6590	0.064	0.993	0.525	0.357
eigenvalues:  tensor([28.9601, 28.3458])
hess item is 0.003740043845027685
6600	0.063	0.992	0.524	0.360
6610	0.064	0.993	0.526	0.356
6620	0.063	0.993	0.525	0.359
6630	0.063	0.993	0.526	0.360
6640	0.063	0.992	0.525	0.360
eigenvalues:  tensor([29.3190, 28.6470])
hess item is 0.0034347460605204105
6650	0.063	0.993	0.526	0.357
6660	0.063	0.993	0.525	0.361
6670	0.063	0.992	0.525	0.362
6680	0.062	0.993	0.526	0.359
6690	0.062	0.993	0.526	0.360
eigenvalues:  tensor([29.1825, 28.5163])
hess item is 0.003286521416157484
6700	0.062	0.993	0.526	0.360
6710	0.062	0.993	0.526	0.359
6720	0.062	0.993	0.527	0.359
6730	0.062	0.993	0.527	0.361
6740	0.064	0.992	0.527	0.358
eigenvalues:  tensor([29.0788, 28.3968])
hess item is 0.0032264278270304203
6750	0.062	0.993	0.527	0.359
6760	0.063	0.993	0.528	0.355
6770	0.062	0.993	0.528	0.361
6780	0.062	0.993	0.527	0.361
6790	0.062	0.994	0.528	0.360
eigenvalues:  tensor([29.2789, 28.5671])
hess item is 0.0031777131371200085
6800	0.062	0.993	0.528	0.359
6810	0.062	0.993	0.528	0.356
6820	0.063	0.993	0.529	0.356
6830	0.062	0.993	0.528	0.357
6840	0.063	0.993	0.529	0.356
eigenvalues:  tensor([29.3855, 28.6643])
hess item is 0.003299383446574211
6850	0.061	0.993	0.527	0.359
6860	0.061	0.993	0.527	0.359
6870	0.062	0.993	0.528	0.360
6880	0.062	0.993	0.529	0.358
6890	0.060	0.994	0.528	0.358
eigenvalues:  tensor([29.1437, 28.4092])
hess item is 0.0032428873237222433
6900	0.062	0.993	0.529	0.360
6910	0.061	0.994	0.529	0.357
6920	0.061	0.993	0.529	0.356
6930	0.061	0.993	0.528	0.358
6940	0.060	0.993	0.529	0.357
eigenvalues:  tensor([29.3321, 28.6188])
hess item is 0.0031891632825136185
6950	0.060	0.993	0.529	0.360
6960	0.061	0.993	0.529	0.357
6970	0.061	0.993	0.529	0.354
6980	0.060	0.993	0.529	0.357
6990	0.061	0.993	0.529	0.358
eigenvalues:  tensor([29.2758, 28.5554])
hess item is 0.003182375803589821
7000	0.060	0.993	0.529	0.357
7010	0.061	0.993	0.529	0.360
7020	0.060	0.993	0.529	0.359
7030	0.059	0.994	0.529	0.357
7040	0.060	0.993	0.530	0.358
eigenvalues:  tensor([29.3785, 28.6208])
hess item is 0.003185845213010907
7050	0.060	0.994	0.530	0.357
7060	0.060	0.994	0.530	0.357
7070	0.061	0.992	0.531	0.357
7080	0.059	0.994	0.530	0.359
7090	0.061	0.993	0.532	0.354
eigenvalues:  tensor([29.1498, 28.4438])
hess item is 0.003224691143259406
7100	0.059	0.993	0.530	0.357
7110	0.059	0.994	0.530	0.357
7120	0.059	0.994	0.531	0.354
7130	0.060	0.994	0.532	0.354
7140	0.059	0.994	0.531	0.357
eigenvalues:  tensor([29.3331, 28.5681])
hess item is 0.0031886729411780834
7150	0.059	0.994	0.530	0.357
7160	0.060	0.994	0.532	0.356
7170	0.059	0.994	0.531	0.355
7180	0.059	0.994	0.530	0.357
7190	0.059	0.994	0.531	0.356
eigenvalues:  tensor([29.3537, 28.6017])
hess item is 0.0032452913001179695
7200	0.062	0.992	0.534	0.354
7210	0.062	0.992	0.533	0.357
7220	0.070	0.989	0.541	0.352
7230	0.080	0.984	0.548	0.345
7240	0.076	0.988	0.543	0.345
eigenvalues:  tensor([29.6053, 28.9070])
hess item is 0.0048778909258544445
7250	0.064	0.993	0.532	0.355
7260	0.061	0.994	0.529	0.357
7270	0.059	0.994	0.528	0.359
7280	0.058	0.994	0.528	0.358
7290	0.058	0.994	0.528	0.359
eigenvalues:  tensor([29.2369, 28.5813])
hess item is 0.004278912674635649
7300	0.058	0.994	0.529	0.358
7310	0.058	0.995	0.529	0.356
7320	0.058	0.994	0.529	0.360
7330	0.058	0.994	0.530	0.355
7340	0.057	0.994	0.529	0.356
eigenvalues:  tensor([29.2187, 28.5070])
hess item is 0.0037642791867256165
7350	0.058	0.994	0.530	0.357
7360	0.057	0.994	0.530	0.356
7370	0.057	0.994	0.530	0.358
7380	0.057	0.994	0.530	0.356
7390	0.057	0.994	0.530	0.357
eigenvalues:  tensor([29.3982, 28.7060])
hess item is 0.003442655550315976
7400	0.057	0.994	0.531	0.356
7410	0.057	0.994	0.531	0.355
7420	0.057	0.995	0.532	0.353
7430	0.057	0.994	0.530	0.357
7440	0.057	0.994	0.531	0.356
eigenvalues:  tensor([29.3236, 28.6075])
hess item is 0.003266008570790291
7450	0.057	0.994	0.532	0.355
7460	0.057	0.995	0.532	0.355
7470	0.056	0.994	0.532	0.356
7480	0.056	0.995	0.531	0.357
7490	0.056	0.995	0.532	0.355
eigenvalues:  tensor([29.1805, 28.4552])
hess item is 0.003185959067195654
7500	0.057	0.995	0.533	0.354
7510	0.056	0.994	0.532	0.356
7520	0.056	0.995	0.532	0.356
7530	0.056	0.994	0.532	0.356
7540	0.057	0.994	0.532	0.358
eigenvalues:  tensor([29.3705, 28.6621])
hess item is 0.0031170430593192577
7550	0.057	0.994	0.532	0.357
7560	0.056	0.994	0.533	0.356
7570	0.056	0.995	0.533	0.355
7580	0.056	0.995	0.532	0.357
7590	0.056	0.994	0.533	0.357
eigenvalues:  tensor([29.2392, 28.5026])
hess item is 0.003109984565526247
7600	0.056	0.994	0.533	0.356
7610	0.056	0.994	0.533	0.357
7620	0.056	0.995	0.533	0.356
7630	0.055	0.995	0.533	0.356
7640	0.057	0.994	0.534	0.355
eigenvalues:  tensor([29.1337, 28.3904])
hess item is 0.0031444504857063293
7650	0.055	0.995	0.534	0.355
7660	0.056	0.994	0.534	0.355
7670	0.059	0.994	0.536	0.355
7680	0.061	0.993	0.538	0.357
7690	0.076	0.986	0.550	0.346
eigenvalues:  tensor([29.5294, 28.6427])
hess item is 0.0042853509075939655
7700	0.069	0.990	0.542	0.352
7710	0.057	0.993	0.532	0.354
7720	0.056	0.995	0.532	0.354
7730	0.055	0.994	0.531	0.357
7740	0.056	0.994	0.532	0.353
eigenvalues:  tensor([29.4860, 28.6992])
hess item is 0.003963354043662548
7750	0.055	0.995	0.532	0.356
7760	0.055	0.995	0.533	0.354
7770	0.055	0.995	0.533	0.352
7780	0.055	0.994	0.532	0.356
7790	0.055	0.995	0.533	0.354
eigenvalues:  tensor([29.3395, 28.6001])
hess item is 0.0035708039067685604
7800	0.055	0.995	0.533	0.354
7810	0.054	0.995	0.533	0.355
7820	0.054	0.995	0.533	0.356
7830	0.054	0.995	0.533	0.357
7840	0.055	0.995	0.534	0.354
eigenvalues:  tensor([29.3504, 28.6023])
hess item is 0.003364859614521265
7850	0.054	0.995	0.533	0.356
7860	0.055	0.994	0.534	0.356
7870	0.054	0.994	0.533	0.356
7880	0.054	0.995	0.534	0.355
7890	0.055	0.995	0.535	0.352
eigenvalues:  tensor([29.1464, 28.4243])
hess item is 0.0032447287812829018
7900	0.054	0.995	0.534	0.355
7910	0.054	0.995	0.535	0.354
7920	0.054	0.995	0.534	0.355
7930	0.054	0.995	0.536	0.354
7940	0.053	0.995	0.534	0.355
eigenvalues:  tensor([29.2625, 28.5484])
hess item is 0.0031913435086607933
7950	0.053	0.995	0.534	0.354
7960	0.054	0.995	0.535	0.356
7970	0.053	0.995	0.535	0.356
7980	0.053	0.995	0.535	0.357
7990	0.053	0.995	0.535	0.356
eigenvalues:  tensor([29.1717, 28.4965])
hess item is 0.0031627181451767683
8000	0.054	0.995	0.536	0.356
8010	0.054	0.995	0.536	0.355
8020	0.053	0.996	0.535	0.354
8030	0.053	0.995	0.536	0.353
8040	0.054	0.995	0.536	0.354
eigenvalues:  tensor([29.4611, 28.7163])
hess item is 0.0031807669438421726
8050	0.054	0.996	0.537	0.352
8060	0.053	0.995	0.535	0.355
8070	0.053	0.995	0.535	0.355
8080	0.053	0.995	0.535	0.356
8090	0.054	0.995	0.537	0.355
eigenvalues:  tensor([29.3016, 28.5976])
hess item is 0.003176448866724968
8100	0.053	0.996	0.536	0.357
8110	0.053	0.995	0.535	0.357
8120	0.052	0.995	0.536	0.354
8130	0.053	0.995	0.536	0.354
8140	0.053	0.995	0.537	0.355
eigenvalues:  tensor([29.3466, 28.6175])
hess item is 0.0031998716294765472
8150	0.052	0.996	0.536	0.353
8160	0.054	0.996	0.538	0.353
8170	0.052	0.995	0.536	0.353
8180	0.054	0.995	0.538	0.350
8190	0.053	0.995	0.537	0.353
eigenvalues:  tensor([29.4040, 28.6647])
hess item is 0.003294816240668297
8200	0.053	0.995	0.537	0.354
8210	0.053	0.995	0.537	0.353
8220	0.053	0.995	0.537	0.354
8230	0.052	0.995	0.536	0.353
8240	0.051	0.996	0.536	0.355
eigenvalues:  tensor([29.3153, 28.5895])
hess item is 0.003233005991205573
8250	0.052	0.995	0.537	0.352
8260	0.051	0.996	0.536	0.354
8270	0.051	0.996	0.536	0.355
8280	0.051	0.996	0.536	0.354
8290	0.051	0.996	0.537	0.354
eigenvalues:  tensor([29.2660, 28.5342])
hess item is 0.0031933544669300318
8300	0.052	0.996	0.537	0.351
8310	0.051	0.995	0.537	0.355
8320	0.051	0.996	0.537	0.355
8330	0.053	0.996	0.538	0.354
8340	0.051	0.996	0.537	0.353
eigenvalues:  tensor([29.3988, 28.6312])
hess item is 0.003155648708343506
8350	0.051	0.996	0.536	0.352
8360	0.052	0.995	0.537	0.355
8370	0.051	0.996	0.537	0.353
8380	0.051	0.996	0.537	0.352
8390	0.051	0.996	0.537	0.355
eigenvalues:  tensor([29.0252, 28.2991])
hess item is 0.0031233003828674555
8400	0.051	0.996	0.537	0.352
8410	0.051	0.996	0.538	0.354
8420	0.051	0.995	0.537	0.354
8430	0.051	0.996	0.538	0.355
8440	0.051	0.995	0.538	0.356
eigenvalues:  tensor([29.4398, 28.6946])
hess item is 0.0031243301928043365
8450	0.051	0.995	0.537	0.356
8460	0.050	0.995	0.537	0.353
8470	0.050	0.996	0.538	0.353
8480	0.050	0.996	0.538	0.357
8490	0.050	0.996	0.538	0.354
eigenvalues:  tensor([29.1399, 28.3608])
hess item is 0.003122142283245921
8500	0.051	0.996	0.538	0.353
8510	0.051	0.996	0.539	0.351
8520	0.050	0.996	0.538	0.356
8530	0.050	0.996	0.538	0.353
8540	0.052	0.996	0.540	0.352
eigenvalues:  tensor([29.1447, 28.4074])
hess item is 0.003161168424412608
8550	0.051	0.996	0.539	0.354
8560	0.050	0.996	0.539	0.352
8570	0.051	0.996	0.539	0.354
8580	0.051	0.996	0.539	0.355
8590	0.050	0.995	0.539	0.354
eigenvalues:  tensor([29.3163, 28.6339])
hess item is 0.0031397324055433273
8600	0.050	0.995	0.538	0.355
8610	0.050	0.996	0.539	0.352
8620	0.050	0.996	0.539	0.351
8630	0.050	0.996	0.539	0.351
8640	0.050	0.996	0.538	0.356
eigenvalues:  tensor([29.5143, 28.7767])
hess item is 0.0031173855531960726
8650	0.049	0.996	0.538	0.354
8660	0.050	0.996	0.539	0.353
8670	0.050	0.996	0.539	0.351
8680	0.049	0.996	0.538	0.354
8690	0.049	0.996	0.539	0.353
eigenvalues:  tensor([29.4995, 28.7654])
hess item is 0.003101755864918232
8700	0.050	0.996	0.539	0.356
8710	0.049	0.996	0.538	0.355
8720	0.049	0.996	0.539	0.354
8730	0.049	0.996	0.539	0.351
8740	0.049	0.996	0.539	0.351
eigenvalues:  tensor([29.5417, 28.7426])
hess item is 0.003061870811507106
8750	0.049	0.996	0.539	0.355
8760	0.049	0.996	0.539	0.352
8770	0.049	0.996	0.539	0.353
8780	0.049	0.996	0.539	0.354
8790	0.049	0.996	0.539	0.354
eigenvalues:  tensor([29.2617, 28.5299])
hess item is 0.0030880735721439123
8800	0.049	0.996	0.539	0.353
8810	0.048	0.996	0.539	0.354
8820	0.050	0.996	0.540	0.357
8830	0.048	0.996	0.539	0.352
8840	0.049	0.996	0.540	0.352
eigenvalues:  tensor([29.3354, 28.5970])
hess item is 0.003152865916490555
8850	0.049	0.996	0.539	0.354
8860	0.049	0.996	0.540	0.353
8870	0.048	0.996	0.539	0.352
8880	0.048	0.996	0.539	0.354
8890	0.048	0.996	0.540	0.354
eigenvalues:  tensor([29.4559, 28.7045])
hess item is 0.0031534491572529078
8900	0.048	0.996	0.540	0.353
8910	0.048	0.996	0.540	0.354
8920	0.048	0.996	0.540	0.352
8930	0.048	0.997	0.540	0.353
8940	0.048	0.996	0.540	0.352
eigenvalues:  tensor([29.4559, 28.7071])
hess item is 0.003125277580693364
8950	0.048	0.997	0.541	0.352
8960	0.048	0.996	0.540	0.354
8970	0.048	0.996	0.540	0.353
8980	0.048	0.996	0.540	0.355
8990	0.048	0.996	0.541	0.350
eigenvalues:  tensor([29.2849, 28.5204])
hess item is 0.0031332815997302532
9000	0.048	0.996	0.540	0.354
9010	0.048	0.996	0.540	0.354
9020	0.048	0.996	0.540	0.353
9030	0.049	0.996	0.541	0.353
9040	0.047	0.996	0.540	0.352
eigenvalues:  tensor([29.4887, 28.7225])
hess item is 0.0031061607878655195
9050	0.047	0.996	0.540	0.354
9060	0.048	0.996	0.540	0.353
9070	0.048	0.997	0.541	0.353
9080	0.048	0.996	0.541	0.354
9090	0.048	0.996	0.540	0.352
eigenvalues:  tensor([29.4331, 28.6370])
hess item is 0.003133864840492606
9100	0.047	0.996	0.541	0.352
9110	0.048	0.997	0.541	0.354
9120	0.048	0.996	0.541	0.352
9130	0.047	0.996	0.540	0.351
9140	0.048	0.996	0.541	0.355
eigenvalues:  tensor([29.5616, 28.7766])
hess item is 0.003129619173705578
9150	0.047	0.997	0.540	0.353
9160	0.047	0.996	0.541	0.352
9170	0.047	0.996	0.540	0.354
9180	0.047	0.997	0.541	0.354
9190	0.047	0.996	0.541	0.352
eigenvalues:  tensor([29.4222, 28.6544])
hess item is 0.003091712947934866
9200	0.046	0.996	0.541	0.351
9210	0.046	0.997	0.540	0.354
9220	0.047	0.997	0.541	0.352
9230	0.047	0.997	0.541	0.352
9240	0.048	0.996	0.542	0.355
eigenvalues:  tensor([29.4323, 28.6859])
hess item is 0.0030685144010931253
9250	0.048	0.997	0.543	0.352
9260	0.048	0.997	0.542	0.352
9270	0.047	0.997	0.541	0.353
9280	0.046	0.996	0.541	0.351
9290	0.046	0.997	0.541	0.353
eigenvalues:  tensor([29.2234, 28.5061])
hess item is 0.003106385702267289
9300	0.047	0.997	0.543	0.348
9310	0.047	0.996	0.542	0.350
9320	0.047	0.996	0.542	0.354
9330	0.048	0.996	0.542	0.353
9340	0.047	0.996	0.542	0.352
eigenvalues:  tensor([29.3799, 28.5830])
hess item is 0.0032093178015202284
9350	0.046	0.997	0.541	0.350
9360	0.046	0.996	0.541	0.354
9370	0.046	0.996	0.542	0.352
9380	0.046	0.997	0.541	0.352
9390	0.048	0.996	0.543	0.351
eigenvalues:  tensor([29.4120, 28.6569])
hess item is 0.0032485835254192352
9400	0.046	0.997	0.541	0.354
9410	0.047	0.997	0.543	0.350
9420	0.046	0.997	0.542	0.353
9430	0.046	0.996	0.542	0.350
9440	0.046	0.997	0.542	0.353
eigenvalues:  tensor([29.2325, 28.5088])
hess item is 0.0031452260445803404
9450	0.046	0.996	0.541	0.353
9460	0.046	0.996	0.541	0.355
9470	0.046	0.996	0.542	0.352
9480	0.046	0.997	0.542	0.352
9490	0.046	0.997	0.542	0.353
eigenvalues:  tensor([29.3633, 28.6507])
hess item is 0.0030915115494281054
9500	0.046	0.996	0.542	0.350
9510	0.045	0.997	0.541	0.353
9520	0.046	0.997	0.542	0.353
9530	0.045	0.997	0.541	0.354
9540	0.046	0.996	0.543	0.349
eigenvalues:  tensor([29.4646, 28.6548])
hess item is 0.0031029656529426575
9550	0.046	0.997	0.542	0.353
9560	0.046	0.997	0.543	0.348
9570	0.046	0.996	0.543	0.352
9580	0.045	0.997	0.542	0.351
9590	0.045	0.997	0.542	0.352
eigenvalues:  tensor([29.3529, 28.6137])
hess item is 0.003095244523137808
9600	0.045	0.997	0.542	0.354
9610	0.045	0.997	0.543	0.354
9620	0.045	0.997	0.543	0.354
9630	0.045	0.997	0.544	0.349
9640	0.045	0.997	0.542	0.354
eigenvalues:  tensor([29.4369, 28.6569])
hess item is 0.003153185360133648
9650	0.045	0.997	0.542	0.352
9660	0.045	0.997	0.542	0.353
9670	0.045	0.996	0.542	0.353
9680	0.045	0.997	0.542	0.354
9690	0.045	0.997	0.542	0.355
eigenvalues:  tensor([29.5252, 28.7287])
hess item is 0.003151874989271164
9700	0.045	0.997	0.543	0.351
9710	0.046	0.996	0.543	0.352
9720	0.045	0.997	0.543	0.354
9730	0.045	0.997	0.542	0.355
9740	0.045	0.997	0.542	0.353
eigenvalues:  tensor([29.4418, 28.6852])
hess item is 0.0032281391322612762
9750	0.044	0.997	0.542	0.352
9760	0.045	0.997	0.542	0.352
9770	0.044	0.997	0.542	0.352
9780	0.044	0.997	0.542	0.354
9790	0.044	0.997	0.542	0.352
eigenvalues:  tensor([29.1675, 28.3897])
hess item is 0.0031437312718480825
9800	0.044	0.997	0.542	0.354
9810	0.044	0.997	0.542	0.354
9820	0.044	0.997	0.542	0.354
9830	0.044	0.997	0.542	0.354
9840	0.044	0.997	0.542	0.355
eigenvalues:  tensor([29.4401, 28.6492])
hess item is 0.0030905951280146837
9850	0.044	0.997	0.543	0.355
9860	0.044	0.997	0.542	0.354
9870	0.044	0.997	0.542	0.352
9880	0.045	0.997	0.543	0.357
9890	0.044	0.998	0.543	0.352
eigenvalues:  tensor([29.4417, 28.6875])
hess item is 0.0030679625924676657
9900	0.044	0.997	0.543	0.351
9910	0.044	0.997	0.543	0.353
9920	0.044	0.997	0.543	0.351
9930	0.044	0.997	0.543	0.352
9940	0.044	0.997	0.543	0.352
eigenvalues:  tensor([29.4480, 28.7019])
hess item is 0.0030591043177992105
9950	0.044	0.997	0.543	0.353
9960	0.043	0.997	0.543	0.354
9970	0.044	0.997	0.543	0.351
9980	0.043	0.997	0.543	0.353
9990	0.044	0.997	0.544	0.350
