device: cuda:3
output directory: RESULTS/cifar10-10k/fc-tanh/seed_0/mse/ivon/lr_0.0005/h0_1.0/ess_100000000.0/post_10/beta2_0.999/beta_0.0_alpha_100.0_ivon
Files already downloaded and verified
Files already downloaded and verified
optimizer is IVON
0	0.597	0.131	0.597	0.131
10	0.574	0.136	0.574	0.137
20	0.558	0.142	0.559	0.142
30	0.547	0.149	0.548	0.150
40	0.538	0.157	0.539	0.159
eigenvalues:  tensor([80.6567, 66.5324])
hess item is 0.9522467255592346
50	0.531	0.165	0.532	0.163
60	0.525	0.172	0.527	0.170
70	0.521	0.177	0.522	0.174
80	0.517	0.182	0.518	0.179
90	0.513	0.188	0.515	0.184
eigenvalues:  tensor([80.3336, 66.1344])
hess item is 0.9062418937683105
100	0.510	0.192	0.512	0.188
110	0.507	0.195	0.509	0.193
120	0.505	0.199	0.507	0.195
130	0.503	0.202	0.505	0.197
140	0.500	0.207	0.502	0.199
eigenvalues:  tensor([79.8544, 65.6616])
hess item is 0.8624016642570496
150	0.498	0.211	0.500	0.203
160	0.496	0.213	0.498	0.204
170	0.494	0.214	0.496	0.207
180	0.491	0.217	0.494	0.210
190	0.489	0.220	0.492	0.211
eigenvalues:  tensor([79.4042, 65.1915])
hess item is 0.8206069469451904
200	0.487	0.222	0.490	0.213
210	0.486	0.224	0.488	0.215
220	0.484	0.226	0.487	0.218
230	0.483	0.227	0.485	0.220
240	0.481	0.228	0.484	0.223
eigenvalues:  tensor([79.0055, 64.7245])
hess item is 0.7808708548545837
250	0.480	0.230	0.483	0.226
260	0.478	0.233	0.481	0.227
270	0.477	0.234	0.480	0.228
280	0.476	0.237	0.479	0.230
290	0.475	0.239	0.478	0.231
eigenvalues:  tensor([78.6286, 64.2700])
hess item is 0.7429931163787842
300	0.474	0.240	0.477	0.232
310	0.472	0.242	0.476	0.234
320	0.471	0.243	0.474	0.235
330	0.470	0.245	0.473	0.237
340	0.469	0.248	0.472	0.238
eigenvalues:  tensor([78.2632, 63.8174])
hess item is 0.7070671319961548
350	0.468	0.249	0.471	0.240
360	0.467	0.251	0.470	0.241
370	0.465	0.253	0.469	0.242
380	0.464	0.255	0.468	0.242
390	0.463	0.255	0.467	0.242
eigenvalues:  tensor([77.9010, 63.3261])
hess item is 0.6728124618530273
400	0.462	0.256	0.466	0.241
410	0.461	0.257	0.465	0.244
420	0.460	0.258	0.464	0.244
430	0.459	0.258	0.463	0.245
440	0.458	0.260	0.462	0.246
eigenvalues:  tensor([77.5480, 62.8749])
hess item is 0.6402401924133301
450	0.457	0.262	0.462	0.247
460	0.457	0.263	0.461	0.248
470	0.456	0.264	0.460	0.249
480	0.455	0.267	0.459	0.250
490	0.454	0.269	0.459	0.252
eigenvalues:  tensor([77.1981, 62.4992])
hess item is 0.6092995405197144
500	0.453	0.271	0.458	0.253
510	0.452	0.272	0.457	0.254
520	0.452	0.274	0.456	0.256
530	0.451	0.276	0.455	0.256
540	0.450	0.277	0.455	0.258
eigenvalues:  tensor([76.8616, 62.1808])
hess item is 0.579852819442749
550	0.449	0.278	0.454	0.259
560	0.448	0.280	0.453	0.261
570	0.448	0.281	0.452	0.262
580	0.447	0.283	0.452	0.263
590	0.446	0.284	0.451	0.265
eigenvalues:  tensor([76.5485, 61.9628])
hess item is 0.5515525937080383
600	0.445	0.285	0.450	0.267
610	0.444	0.287	0.449	0.267
620	0.443	0.289	0.449	0.268
630	0.443	0.290	0.448	0.269
640	0.442	0.291	0.447	0.270
eigenvalues:  tensor([76.2302, 61.8234])
hess item is 0.5248425006866455
650	0.441	0.292	0.447	0.271
660	0.441	0.293	0.446	0.273
670	0.440	0.294	0.445	0.274
680	0.439	0.296	0.445	0.275
690	0.439	0.297	0.444	0.275
eigenvalues:  tensor([75.9404, 61.7094])
hess item is 0.49944135546684265
700	0.438	0.298	0.443	0.277
710	0.437	0.299	0.443	0.278
720	0.437	0.301	0.442	0.280
730	0.436	0.302	0.442	0.280
740	0.435	0.304	0.441	0.282
eigenvalues:  tensor([75.6822, 61.6111])
hess item is 0.47519809007644653
750	0.435	0.305	0.441	0.283
760	0.434	0.306	0.440	0.284
770	0.433	0.308	0.439	0.286
780	0.433	0.310	0.439	0.288
790	0.432	0.311	0.438	0.290
eigenvalues:  tensor([75.5119, 61.5393])
hess item is 0.45212751626968384
800	0.432	0.312	0.438	0.290
810	0.431	0.314	0.437	0.292
820	0.430	0.314	0.437	0.294
830	0.430	0.316	0.436	0.294
840	0.429	0.317	0.435	0.295
eigenvalues:  tensor([75.3207, 61.4939])
hess item is 0.4301905930042267
850	0.429	0.318	0.435	0.295
860	0.428	0.320	0.434	0.297
870	0.427	0.321	0.434	0.297
880	0.427	0.321	0.433	0.297
890	0.426	0.322	0.433	0.298
eigenvalues:  tensor([75.1346, 61.4539])
hess item is 0.40933021903038025
900	0.426	0.323	0.432	0.298
910	0.425	0.324	0.432	0.299
920	0.424	0.325	0.431	0.300
930	0.424	0.326	0.430	0.301
940	0.423	0.327	0.430	0.301
eigenvalues:  tensor([74.9076, 61.4227])
hess item is 0.3895217478275299
950	0.423	0.329	0.429	0.302
960	0.422	0.331	0.429	0.303
970	0.421	0.332	0.428	0.303
980	0.421	0.334	0.428	0.305
990	0.420	0.336	0.427	0.306
eigenvalues:  tensor([74.6710, 61.4360])
hess item is 0.37069928646087646
1000	0.420	0.337	0.427	0.307
1010	0.419	0.337	0.426	0.306
1020	0.419	0.339	0.426	0.307
1030	0.418	0.338	0.426	0.308
1040	0.418	0.340	0.425	0.308
eigenvalues:  tensor([74.4389, 61.4975])
hess item is 0.3527887165546417
1050	0.417	0.341	0.425	0.310
1060	0.417	0.342	0.424	0.311
1070	0.416	0.342	0.424	0.312
1080	0.416	0.343	0.423	0.313
1090	0.415	0.344	0.423	0.314
eigenvalues:  tensor([74.2319, 61.5049])
hess item is 0.3357301652431488
1100	0.415	0.344	0.423	0.315
1110	0.415	0.345	0.422	0.316
1120	0.414	0.346	0.422	0.317
1130	0.414	0.348	0.422	0.317
1140	0.413	0.349	0.421	0.317
eigenvalues:  tensor([74.0470, 61.4971])
hess item is 0.3195172846317291
1150	0.413	0.350	0.421	0.318
1160	0.412	0.350	0.420	0.319
1170	0.412	0.351	0.420	0.320
1180	0.411	0.352	0.420	0.321
1190	0.411	0.353	0.419	0.322
eigenvalues:  tensor([73.8448, 61.4917])
hess item is 0.30409055948257446
1200	0.411	0.354	0.419	0.322
1210	0.410	0.355	0.419	0.323
1220	0.410	0.355	0.418	0.324
1230	0.409	0.357	0.418	0.325
1240	0.409	0.358	0.418	0.326
eigenvalues:  tensor([73.6433, 61.4920])
hess item is 0.2894080579280853
1250	0.409	0.359	0.417	0.327
1260	0.408	0.359	0.417	0.327
1270	0.408	0.360	0.417	0.328
1280	0.408	0.360	0.417	0.330
1290	0.407	0.361	0.416	0.330
eigenvalues:  tensor([73.4332, 61.5240])
hess item is 0.27547183632850647
1300	0.407	0.362	0.416	0.331
1310	0.407	0.363	0.416	0.332
1320	0.406	0.364	0.416	0.333
1330	0.406	0.365	0.415	0.333
1340	0.406	0.366	0.415	0.334
eigenvalues:  tensor([73.2236, 61.5678])
hess item is 0.26219695806503296
1350	0.406	0.367	0.415	0.334
1360	0.405	0.368	0.415	0.335
1370	0.405	0.369	0.414	0.335
1380	0.405	0.370	0.414	0.336
1390	0.404	0.371	0.414	0.336
eigenvalues:  tensor([73.0087, 61.6556])
hess item is 0.24956165254116058
1400	0.404	0.372	0.414	0.336
1410	0.404	0.373	0.414	0.337
1420	0.403	0.374	0.413	0.338
1430	0.403	0.375	0.413	0.339
1440	0.403	0.375	0.413	0.340
eigenvalues:  tensor([72.7969, 61.8027])
hess item is 0.23753196001052856
1450	0.403	0.377	0.413	0.341
1460	0.402	0.378	0.412	0.343
1470	0.402	0.379	0.412	0.344
1480	0.402	0.379	0.412	0.345
1490	0.402	0.379	0.412	0.345
eigenvalues:  tensor([72.5964, 61.9083])
hess item is 0.22609229385852814
1500	0.401	0.380	0.412	0.345
1510	0.401	0.380	0.412	0.346
1520	0.401	0.381	0.411	0.346
1530	0.400	0.382	0.411	0.347
1540	0.400	0.383	0.411	0.347
eigenvalues:  tensor([72.4092, 61.9509])
hess item is 0.21521598100662231
1550	0.400	0.384	0.411	0.348
1560	0.400	0.384	0.411	0.348
1570	0.399	0.385	0.410	0.349
1580	0.399	0.385	0.410	0.350
1590	0.399	0.386	0.410	0.350
eigenvalues:  tensor([72.2250, 61.9831])
hess item is 0.20487821102142334
1600	0.399	0.386	0.410	0.350
1610	0.398	0.387	0.410	0.351
1620	0.398	0.388	0.410	0.352
1630	0.398	0.389	0.409	0.352
1640	0.398	0.389	0.409	0.352
eigenvalues:  tensor([72.0444, 62.0121])
hess item is 0.19503732025623322
1650	0.398	0.390	0.409	0.352
1660	0.397	0.391	0.409	0.352
1670	0.397	0.391	0.409	0.352
1680	0.397	0.392	0.409	0.352
1690	0.397	0.393	0.408	0.352
eigenvalues:  tensor([71.8774, 62.0151])
hess item is 0.18567995727062225
1700	0.396	0.393	0.408	0.353
1710	0.396	0.394	0.408	0.353
1720	0.396	0.395	0.408	0.354
1730	0.396	0.396	0.408	0.354
1740	0.395	0.397	0.408	0.355
eigenvalues:  tensor([71.7060, 62.0213])
hess item is 0.17677614092826843
1750	0.395	0.397	0.408	0.356
1760	0.395	0.398	0.407	0.356
1770	0.395	0.399	0.407	0.356
1780	0.395	0.400	0.407	0.356
1790	0.394	0.401	0.407	0.357
eigenvalues:  tensor([71.5391, 62.0260])
hess item is 0.16830354928970337
1800	0.394	0.401	0.407	0.357
1810	0.394	0.402	0.407	0.357
1820	0.394	0.403	0.407	0.358
1830	0.393	0.404	0.406	0.358
1840	0.393	0.404	0.406	0.358
eigenvalues:  tensor([71.3765, 62.0326])
hess item is 0.16024746000766754
1850	0.393	0.405	0.406	0.359
1860	0.393	0.405	0.406	0.359
1870	0.393	0.406	0.406	0.360
1880	0.392	0.407	0.406	0.360
1890	0.392	0.407	0.406	0.360
eigenvalues:  tensor([71.2202, 62.0298])
hess item is 0.15258251130580902
1900	0.392	0.408	0.406	0.361
1910	0.392	0.409	0.405	0.361
1920	0.391	0.410	0.405	0.361
1930	0.391	0.410	0.405	0.361
1940	0.391	0.411	0.405	0.362
eigenvalues:  tensor([71.0638, 62.0183])
hess item is 0.14529427886009216
1950	0.391	0.411	0.405	0.362
1960	0.391	0.412	0.405	0.362
1970	0.390	0.413	0.405	0.363
1980	0.390	0.415	0.405	0.363
1990	0.390	0.415	0.404	0.363
eigenvalues:  tensor([70.9159, 62.0056])
hess item is 0.13836029171943665
2000	0.390	0.416	0.404	0.364
2010	0.390	0.416	0.404	0.363
2020	0.389	0.417	0.404	0.363
2030	0.389	0.417	0.404	0.364
2040	0.389	0.417	0.404	0.363
eigenvalues:  tensor([70.7675, 61.9913])
hess item is 0.1317649781703949
2050	0.389	0.417	0.404	0.364
2060	0.389	0.417	0.404	0.364
2070	0.388	0.419	0.404	0.365
2080	0.388	0.419	0.403	0.365
2090	0.388	0.420	0.403	0.366
eigenvalues:  tensor([70.6214, 61.9718])
hess item is 0.1254921704530716
2100	0.388	0.421	0.403	0.366
2110	0.387	0.422	0.403	0.366
2120	0.387	0.423	0.403	0.367
2130	0.387	0.423	0.403	0.368
2140	0.387	0.424	0.403	0.368
eigenvalues:  tensor([70.4885, 61.9556])
hess item is 0.1195250153541565
2150	0.387	0.424	0.403	0.368
2160	0.386	0.424	0.403	0.369
2170	0.386	0.424	0.403	0.369
2180	0.386	0.425	0.402	0.369
2190	0.386	0.426	0.402	0.370
eigenvalues:  tensor([70.3464, 61.9354])
hess item is 0.11384756118059158
2200	0.386	0.426	0.402	0.370
2210	0.385	0.427	0.402	0.370
2220	0.385	0.428	0.402	0.370
2230	0.385	0.428	0.402	0.370
2240	0.385	0.430	0.402	0.371
eigenvalues:  tensor([70.2132, 61.9173])
hess item is 0.10844526439905167
2250	0.385	0.430	0.402	0.371
2260	0.384	0.431	0.402	0.371
2270	0.384	0.433	0.402	0.372
2280	0.384	0.432	0.401	0.372
2290	0.384	0.432	0.401	0.372
eigenvalues:  tensor([70.0895, 61.8919])
hess item is 0.10330627113580704
2300	0.384	0.434	0.401	0.373
2310	0.383	0.434	0.401	0.373
2320	0.383	0.435	0.401	0.373
2330	0.383	0.435	0.401	0.374
2340	0.383	0.436	0.401	0.373
eigenvalues:  tensor([69.9543, 61.8700])
hess item is 0.09841811656951904
2350	0.383	0.437	0.401	0.374
2360	0.382	0.438	0.401	0.373
2370	0.382	0.439	0.401	0.374
2380	0.382	0.439	0.401	0.374
2390	0.382	0.440	0.400	0.374
eigenvalues:  tensor([69.8299, 61.8443])
hess item is 0.09376969188451767
2400	0.382	0.441	0.400	0.374
2410	0.381	0.441	0.400	0.375
2420	0.381	0.442	0.400	0.376
2430	0.381	0.443	0.400	0.376
2440	0.381	0.444	0.400	0.377
eigenvalues:  tensor([69.7032, 61.8191])
hess item is 0.08934877812862396
2450	0.381	0.444	0.400	0.377
2460	0.380	0.445	0.400	0.377
2470	0.380	0.445	0.400	0.378
2480	0.380	0.446	0.400	0.379
2490	0.380	0.446	0.400	0.379
eigenvalues:  tensor([69.5843, 61.8020])
hess item is 0.08514368534088135
2500	0.380	0.447	0.399	0.379
2510	0.379	0.449	0.399	0.380
2520	0.379	0.449	0.399	0.379
2530	0.379	0.450	0.399	0.380
2540	0.379	0.450	0.399	0.380
eigenvalues:  tensor([69.4699, 61.7762])
hess item is 0.0811467170715332
2550	0.378	0.451	0.399	0.380
2560	0.378	0.451	0.399	0.380
2570	0.378	0.452	0.399	0.380
2580	0.378	0.453	0.399	0.381
2590	0.378	0.453	0.399	0.381
eigenvalues:  tensor([69.3584, 61.7532])
hess item is 0.07734153419733047
2600	0.377	0.454	0.399	0.381
2610	0.377	0.454	0.399	0.381
2620	0.377	0.454	0.398	0.381
2630	0.377	0.456	0.398	0.382
2640	0.377	0.456	0.398	0.383
eigenvalues:  tensor([69.2621, 61.7314])
hess item is 0.07372087985277176
2650	0.376	0.457	0.398	0.383
2660	0.376	0.458	0.398	0.383
2670	0.376	0.459	0.398	0.383
2680	0.376	0.460	0.398	0.384
2690	0.376	0.461	0.398	0.384
eigenvalues:  tensor([69.1671, 61.7159])
hess item is 0.07028086483478546
2700	0.375	0.461	0.398	0.384
2710	0.375	0.463	0.398	0.384
2720	0.375	0.463	0.398	0.384
2730	0.375	0.464	0.398	0.385
2740	0.374	0.464	0.397	0.386
eigenvalues:  tensor([69.0858, 61.7033])
hess item is 0.06700711697340012
2750	0.374	0.465	0.397	0.386
2760	0.374	0.465	0.397	0.385
2770	0.374	0.466	0.397	0.386
2780	0.374	0.467	0.397	0.386
2790	0.373	0.468	0.397	0.387
eigenvalues:  tensor([69.0232, 61.6927])
hess item is 0.06389407068490982
2800	0.373	0.468	0.397	0.387
2810	0.373	0.470	0.397	0.388
2820	0.373	0.470	0.397	0.387
2830	0.373	0.470	0.397	0.388
2840	0.372	0.471	0.397	0.388
eigenvalues:  tensor([68.9502, 61.6876])
hess item is 0.060933519154787064
2850	0.372	0.472	0.397	0.388
2860	0.372	0.472	0.397	0.389
2870	0.372	0.472	0.397	0.389
2880	0.371	0.473	0.396	0.390
2890	0.371	0.474	0.396	0.390
eigenvalues:  tensor([68.9407, 61.6930])
hess item is 0.058116525411605835
2900	0.371	0.476	0.396	0.390
2910	0.371	0.476	0.396	0.390
2920	0.371	0.477	0.396	0.391
2930	0.370	0.478	0.396	0.391
2940	0.370	0.478	0.396	0.391
eigenvalues:  tensor([68.9216, 61.7144])
hess item is 0.05543897673487663
2950	0.370	0.479	0.396	0.391
2960	0.370	0.480	0.396	0.391
2970	0.369	0.480	0.396	0.391
2980	0.369	0.480	0.396	0.391
2990	0.369	0.481	0.396	0.391
eigenvalues:  tensor([68.9095, 61.7277])
hess item is 0.0528922975063324
3000	0.369	0.481	0.396	0.391
3010	0.368	0.482	0.396	0.392
3020	0.368	0.482	0.395	0.392
3030	0.368	0.484	0.395	0.392
3040	0.368	0.484	0.395	0.392
eigenvalues:  tensor([68.9337, 61.7601])
hess item is 0.05047022923827171
3050	0.368	0.486	0.395	0.393
3060	0.367	0.487	0.395	0.393
3070	0.367	0.487	0.395	0.393
3080	0.367	0.488	0.395	0.393
3090	0.367	0.488	0.395	0.393
eigenvalues:  tensor([69.0080, 61.7894])
hess item is 0.0481681227684021
3100	0.366	0.489	0.395	0.393
3110	0.366	0.489	0.395	0.393
3120	0.366	0.489	0.395	0.393
3130	0.366	0.491	0.395	0.394
3140	0.365	0.492	0.395	0.394
eigenvalues:  tensor([69.0896, 61.8220])
hess item is 0.04597883298993111
3150	0.365	0.493	0.395	0.395
3160	0.365	0.493	0.395	0.394
3170	0.365	0.494	0.394	0.395
3180	0.364	0.494	0.394	0.396
3190	0.364	0.495	0.394	0.396
eigenvalues:  tensor([69.1982, 61.8919])
hess item is 0.04389532282948494
3200	0.364	0.496	0.394	0.396
3210	0.364	0.496	0.394	0.396
3220	0.363	0.498	0.394	0.397
3230	0.363	0.498	0.394	0.397
3240	0.363	0.500	0.394	0.397
eigenvalues:  tensor([69.3121, 61.9552])
hess item is 0.041915398091077805
3250	0.363	0.500	0.394	0.397
3260	0.362	0.501	0.394	0.398
3270	0.362	0.502	0.394	0.398
3280	0.362	0.502	0.394	0.398
3290	0.362	0.503	0.394	0.398
eigenvalues:  tensor([69.4985, 62.0270])
hess item is 0.04003194719552994
3300	0.361	0.503	0.394	0.398
3310	0.361	0.505	0.394	0.398
3320	0.361	0.506	0.394	0.399
3330	0.361	0.507	0.393	0.399
3340	0.360	0.509	0.393	0.400
eigenvalues:  tensor([69.7393, 62.1307])
hess item is 0.03824210166931152
3350	0.360	0.510	0.393	0.400
3360	0.360	0.510	0.393	0.400
3370	0.359	0.510	0.393	0.400
3380	0.359	0.513	0.393	0.401
3390	0.359	0.514	0.393	0.401
eigenvalues:  tensor([69.9500, 62.2459])
hess item is 0.03653829172253609
3400	0.359	0.514	0.393	0.402
3410	0.358	0.515	0.393	0.402
3420	0.358	0.516	0.393	0.403
3430	0.358	0.517	0.393	0.403
3440	0.358	0.519	0.393	0.403
eigenvalues:  tensor([70.2106, 62.3677])
hess item is 0.034920547157526016
3450	0.357	0.519	0.393	0.404
3460	0.357	0.520	0.393	0.404
3470	0.357	0.521	0.393	0.405
3480	0.356	0.523	0.393	0.404
3490	0.356	0.523	0.393	0.404
eigenvalues:  tensor([70.5443, 62.5112])
hess item is 0.03338398039340973
3500	0.356	0.524	0.393	0.405
3510	0.356	0.525	0.392	0.405
3520	0.355	0.527	0.392	0.405
3530	0.355	0.527	0.392	0.406
3540	0.355	0.528	0.392	0.406
eigenvalues:  tensor([70.8766, 62.6871])
hess item is 0.03192055970430374
3550	0.354	0.529	0.392	0.406
3560	0.354	0.530	0.392	0.406
3570	0.354	0.530	0.392	0.407
3580	0.354	0.531	0.392	0.407
3590	0.353	0.532	0.392	0.407
eigenvalues:  tensor([71.2489, 62.8988])
hess item is 0.0305316299200058
3600	0.353	0.533	0.392	0.407
3610	0.353	0.535	0.392	0.408
3620	0.352	0.536	0.392	0.407
3630	0.352	0.536	0.392	0.407
3640	0.352	0.537	0.392	0.408
eigenvalues:  tensor([71.6609, 63.1379])
hess item is 0.02921447716653347
3650	0.351	0.538	0.392	0.407
3660	0.351	0.539	0.392	0.407
3670	0.351	0.540	0.392	0.409
3680	0.350	0.541	0.392	0.408
3690	0.350	0.542	0.392	0.408
eigenvalues:  tensor([72.1479, 63.3936])
hess item is 0.027963068336248398
3700	0.350	0.542	0.392	0.409
3710	0.350	0.543	0.392	0.408
3720	0.349	0.544	0.392	0.409
3730	0.349	0.545	0.392	0.409
3740	0.349	0.547	0.392	0.409
eigenvalues:  tensor([72.6671, 63.6877])
hess item is 0.02677358128130436
3750	0.348	0.547	0.391	0.409
3760	0.348	0.547	0.391	0.408
3770	0.348	0.549	0.391	0.409
3780	0.347	0.550	0.391	0.409
3790	0.347	0.551	0.391	0.409
eigenvalues:  tensor([73.2449, 64.0128])
hess item is 0.025643406435847282
3800	0.347	0.553	0.391	0.409
3810	0.346	0.553	0.391	0.409
3820	0.346	0.554	0.391	0.409
3830	0.346	0.555	0.391	0.410
3840	0.345	0.555	0.391	0.409
eigenvalues:  tensor([73.8633, 64.3816])
hess item is 0.02457062527537346
3850	0.345	0.556	0.391	0.409
3860	0.345	0.557	0.391	0.409
3870	0.344	0.558	0.391	0.410
3880	0.344	0.558	0.391	0.411
3890	0.343	0.559	0.391	0.410
eigenvalues:  tensor([74.5340, 64.7932])
hess item is 0.023551352322101593
3900	0.343	0.561	0.391	0.411
3910	0.343	0.562	0.391	0.410
3920	0.342	0.562	0.391	0.410
3930	0.342	0.564	0.391	0.410
3940	0.342	0.565	0.391	0.410
eigenvalues:  tensor([75.2495, 65.2437])
hess item is 0.022585690021514893
3950	0.341	0.566	0.391	0.411
3960	0.341	0.566	0.391	0.410
3970	0.341	0.568	0.391	0.411
3980	0.340	0.569	0.391	0.412
3990	0.340	0.570	0.391	0.411
eigenvalues:  tensor([75.9974, 65.7569])
hess item is 0.02166963927447796
4000	0.339	0.571	0.391	0.410
4010	0.339	0.572	0.391	0.411
4020	0.339	0.573	0.391	0.412
4030	0.338	0.575	0.391	0.412
4040	0.338	0.575	0.391	0.412
eigenvalues:  tensor([76.8567, 66.2825])
hess item is 0.02080049365758896
4050	0.338	0.577	0.391	0.412
4060	0.337	0.577	0.391	0.412
4070	0.337	0.578	0.391	0.413
4080	0.336	0.579	0.391	0.414
4090	0.336	0.580	0.391	0.413
eigenvalues:  tensor([77.6211, 66.8627])
hess item is 0.019975874572992325
4100	0.336	0.581	0.391	0.412
4110	0.335	0.582	0.391	0.413
4120	0.335	0.584	0.391	0.414
4130	0.334	0.585	0.391	0.413
4140	0.334	0.587	0.391	0.414
eigenvalues:  tensor([78.6974, 67.5337])
hess item is 0.019193552434444427
4150	0.334	0.587	0.391	0.413
4160	0.333	0.589	0.391	0.412
4170	0.333	0.590	0.391	0.413
4180	0.332	0.591	0.391	0.415
4190	0.332	0.590	0.391	0.413
eigenvalues:  tensor([79.5537, 68.1853])
hess item is 0.01846027560532093
4200	0.331	0.593	0.391	0.412
4210	0.331	0.593	0.391	0.412
4220	0.331	0.594	0.391	0.410
4230	0.333	0.591	0.393	0.405
4240	0.341	0.568	0.401	0.389
eigenvalues:  tensor([69.8210, 67.1569])
hess item is 0.018008869141340256
4250	0.342	0.563	0.403	0.387
4260	0.334	0.584	0.395	0.401
4270	0.331	0.591	0.393	0.407
4280	0.331	0.591	0.393	0.407
4290	0.330	0.599	0.393	0.409
eigenvalues:  tensor([67.9288, 64.2747])
hess item is 0.01756303571164608
4300	0.338	0.576	0.400	0.392
4310	0.340	0.569	0.403	0.388
4320	0.333	0.583	0.396	0.402
4330	0.331	0.591	0.395	0.403
4340	0.335	0.581	0.399	0.396
eigenvalues:  tensor([66.9231, 60.0471])
hess item is 0.0172719806432724
4350	0.334	0.581	0.399	0.397
4360	0.333	0.584	0.398	0.399
4370	0.331	0.592	0.397	0.400
4380	0.338	0.586	0.404	0.391
4390	0.350	0.551	0.416	0.379
eigenvalues:  tensor([59.1858, 55.7523])
hess item is 0.017144687473773956
4400	0.331	0.600	0.397	0.403
4410	0.335	0.581	0.402	0.393
4420	0.337	0.576	0.405	0.385
4430	0.328	0.597	0.396	0.402
4440	0.348	0.553	0.417	0.376
eigenvalues:  tensor([59.2426, 56.3878])
hess item is 0.01698373258113861
4450	0.336	0.586	0.404	0.397
4460	0.363	0.514	0.432	0.342
4470	0.345	0.553	0.415	0.373
4480	0.332	0.589	0.402	0.389
4490	0.347	0.570	0.416	0.389
eigenvalues:  tensor([53.9946, 49.9055])
hess item is 0.017147084698081017
4500	0.347	0.562	0.416	0.386
4510	0.357	0.539	0.425	0.379
4520	0.348	0.558	0.416	0.374
4530	0.344	0.573	0.413	0.390
4540	0.353	0.547	0.423	0.361
eigenvalues:  tensor([47.0266, 44.9835])
hess item is 0.0173718873411417
4550	0.334	0.592	0.405	0.397
4560	0.346	0.562	0.416	0.376
4570	0.347	0.564	0.418	0.367
4580	0.360	0.539	0.433	0.352
4590	0.338	0.587	0.410	0.388
eigenvalues:  tensor([44.2727, 42.9441])
hess item is 0.01751183159649372
4600	0.343	0.567	0.415	0.376
4610	0.334	0.595	0.408	0.387
4620	0.347	0.561	0.420	0.373
4630	0.336	0.590	0.408	0.394
4640	0.350	0.565	0.424	0.369
eigenvalues:  tensor([42.1728, 41.9488])
hess item is 0.017469394952058792
4650	0.332	0.597	0.406	0.391
4660	0.345	0.565	0.419	0.372
4670	0.340	0.579	0.416	0.385
4680	0.331	0.594	0.408	0.400
4690	0.331	0.603	0.408	0.392
eigenvalues:  tensor([40.8651, 39.8159])
hess item is 0.017405645921826363
4700	0.330	0.602	0.407	0.391
4710	0.328	0.603	0.405	0.398
4720	0.336	0.579	0.414	0.377
4730	0.329	0.606	0.409	0.394
4740	0.338	0.584	0.418	0.382
eigenvalues:  tensor([40.8548, 39.6746])
hess item is 0.017213813960552216
4750	0.331	0.608	0.410	0.389
4760	0.333	0.605	0.413	0.387
4770	0.329	0.600	0.408	0.391
4780	0.323	0.623	0.404	0.404
4790	0.332	0.597	0.414	0.390
eigenvalues:  tensor([39.1332, 38.5526])
hess item is 0.017065318301320076
4800	0.323	0.627	0.406	0.390
4810	0.323	0.622	0.406	0.387
4820	0.323	0.624	0.407	0.386
4830	0.325	0.613	0.410	0.393
4840	0.327	0.624	0.412	0.400
eigenvalues:  tensor([39.8729, 38.1379])
hess item is 0.016926119104027748
4850	0.332	0.590	0.418	0.382
4860	0.324	0.618	0.408	0.403
4870	0.319	0.624	0.404	0.399
4880	0.320	0.633	0.407	0.393
4890	0.311	0.660	0.399	0.407
eigenvalues:  tensor([38.7253, 37.3743])
hess item is 0.016663972288370132
4900	0.320	0.645	0.408	0.393
4910	0.325	0.619	0.413	0.382
4920	0.314	0.646	0.404	0.395
4930	0.320	0.634	0.411	0.382
4940	0.320	0.627	0.412	0.388
eigenvalues:  tensor([37.8131, 36.8235])
hess item is 0.01648702658712864
4950	0.321	0.619	0.413	0.386
4960	0.310	0.658	0.403	0.407
4970	0.315	0.639	0.410	0.394
4980	0.308	0.664	0.402	0.404
4990	0.316	0.636	0.411	0.394
eigenvalues:  tensor([37.6771, 37.1021])
hess item is 0.016311604529619217
5000	0.324	0.628	0.418	0.390
5010	0.310	0.664	0.405	0.401
5020	0.311	0.662	0.408	0.398
5030	0.322	0.634	0.419	0.391
5040	0.305	0.675	0.403	0.400
eigenvalues:  tensor([37.3046, 36.9149])
hess item is 0.016062671318650246
5050	0.313	0.651	0.412	0.394
5060	0.316	0.640	0.415	0.392
5070	0.314	0.655	0.414	0.387
5080	0.305	0.674	0.406	0.398
5090	0.318	0.650	0.420	0.388
eigenvalues:  tensor([38.0417, 35.9064])
hess item is 0.015955999493598938
5100	0.314	0.655	0.414	0.398
5110	0.304	0.675	0.405	0.401
5120	0.308	0.662	0.411	0.399
5130	0.304	0.659	0.409	0.401
5140	0.305	0.668	0.411	0.394
eigenvalues:  tensor([36.6071, 36.4890])
hess item is 0.01571200042963028
5150	0.302	0.676	0.409	0.400
5160	0.301	0.677	0.407	0.410
5170	0.303	0.668	0.408	0.403
5180	0.294	0.698	0.401	0.416
5190	0.309	0.675	0.418	0.401
eigenvalues:  tensor([37.6927, 37.1827])
hess item is 0.015554890036582947
5200	0.313	0.652	0.421	0.386
5210	0.304	0.675	0.413	0.389
5220	0.303	0.675	0.413	0.392
5230	0.300	0.675	0.410	0.396
5240	0.290	0.711	0.401	0.415
eigenvalues:  tensor([36.4459, 35.6914])
hess item is 0.015347510576248169
5250	0.296	0.693	0.408	0.406
5260	0.306	0.669	0.420	0.388
5270	0.301	0.690	0.416	0.401
5280	0.297	0.695	0.412	0.398
5290	0.302	0.681	0.417	0.390
eigenvalues:  tensor([36.5990, 36.0017])
hess item is 0.01522673387080431
5300	0.299	0.689	0.415	0.404
5310	0.300	0.691	0.416	0.401
5320	0.296	0.693	0.413	0.400
5330	0.280	0.738	0.399	0.415
5340	0.297	0.695	0.418	0.388
eigenvalues:  tensor([36.5335, 35.6218])
hess item is 0.014977158047258854
5350	0.286	0.734	0.406	0.400
5360	0.288	0.719	0.409	0.401
5370	0.305	0.685	0.427	0.391
5380	0.305	0.683	0.427	0.391
5390	0.287	0.720	0.409	0.403
eigenvalues:  tensor([36.6390, 36.4471])
hess item is 0.014881318435072899
5400	0.283	0.735	0.406	0.406
5410	0.290	0.717	0.414	0.400
5420	0.283	0.725	0.410	0.410
5430	0.307	0.678	0.434	0.382
5440	0.287	0.726	0.413	0.389
eigenvalues:  tensor([36.9388, 36.4720])
hess item is 0.014741402119398117
5450	0.288	0.718	0.414	0.399
5460	0.280	0.730	0.408	0.409
5470	0.288	0.713	0.417	0.405
5480	0.286	0.711	0.416	0.396
5490	0.286	0.725	0.417	0.396
eigenvalues:  tensor([36.9421, 36.0593])
hess item is 0.014672871679067612
5500	0.285	0.728	0.416	0.403
5510	0.295	0.705	0.427	0.376
5520	0.292	0.713	0.425	0.387
5530	0.277	0.749	0.411	0.404
5540	0.301	0.701	0.435	0.392
eigenvalues:  tensor([36.6458, 35.3868])
hess item is 0.014618431217968464
5550	0.274	0.752	0.409	0.414
5560	0.277	0.743	0.413	0.403
5570	0.290	0.717	0.427	0.388
5580	0.283	0.728	0.421	0.391
5590	0.273	0.758	0.412	0.399
eigenvalues:  tensor([37.2682, 36.6835])
hess item is 0.0145780760794878
5600	0.290	0.714	0.428	0.386
5610	0.276	0.752	0.415	0.398
5620	0.275	0.745	0.415	0.400
5630	0.275	0.744	0.416	0.399
5640	0.283	0.734	0.425	0.395
eigenvalues:  tensor([36.4971, 35.4679])
hess item is 0.014468356035649776
5650	0.276	0.752	0.420	0.399
5660	0.274	0.751	0.417	0.405
5670	0.271	0.761	0.414	0.403
5680	0.275	0.755	0.420	0.389
5690	0.279	0.744	0.423	0.391
eigenvalues:  tensor([36.6055, 35.3943])
hess item is 0.014415166340768337
5700	0.267	0.769	0.412	0.410
5710	0.275	0.748	0.422	0.394
5720	0.275	0.757	0.424	0.388
5730	0.295	0.716	0.443	0.389
5740	0.266	0.769	0.416	0.406
eigenvalues:  tensor([36.5925, 36.1657])
hess item is 0.014354935847222805
5750	0.274	0.745	0.425	0.389
5760	0.270	0.760	0.421	0.394
5770	0.272	0.748	0.424	0.399
5780	0.275	0.731	0.426	0.385
5790	0.265	0.767	0.418	0.396
eigenvalues:  tensor([36.2820, 35.2743])
hess item is 0.014267527498304844
5800	0.265	0.772	0.418	0.399
5810	0.260	0.781	0.414	0.407
5820	0.258	0.782	0.415	0.407
5830	0.279	0.745	0.434	0.384
5840	0.258	0.789	0.414	0.411
eigenvalues:  tensor([36.5177, 35.2479])
hess item is 0.014196355827152729
5850	0.265	0.769	0.422	0.406
5860	0.266	0.771	0.424	0.396
5870	0.260	0.789	0.422	0.398
5880	0.257	0.794	0.420	0.402
5890	0.262	0.783	0.426	0.397
eigenvalues:  tensor([37.2539, 35.8343])
hess item is 0.01411382481455803
5900	0.269	0.770	0.432	0.387
5910	0.277	0.753	0.439	0.388
5920	0.254	0.792	0.418	0.404
5930	0.260	0.772	0.424	0.398
5940	0.258	0.790	0.424	0.394
eigenvalues:  tensor([37.2008, 36.1015])
hess item is 0.014103488065302372
5950	0.254	0.803	0.421	0.398
5960	0.254	0.798	0.422	0.400
5970	0.251	0.795	0.421	0.407
5980	0.255	0.784	0.425	0.409
5990	0.258	0.788	0.428	0.395
eigenvalues:  tensor([37.6944, 36.1275])
hess item is 0.013962171971797943
6000	0.266	0.770	0.434	0.391
6010	0.250	0.805	0.421	0.402
6020	0.252	0.805	0.426	0.393
6030	0.240	0.832	0.415	0.409
6040	0.259	0.785	0.435	0.387
eigenvalues:  tensor([37.4041, 35.6823])
hess item is 0.013806292787194252
6050	0.252	0.800	0.428	0.398
6060	0.252	0.797	0.429	0.391
6070	0.255	0.788	0.433	0.384
6080	0.260	0.785	0.440	0.386
6090	0.249	0.805	0.428	0.399
eigenvalues:  tensor([36.9383, 35.8222])
hess item is 0.013818279840052128
6100	0.246	0.814	0.426	0.398
6110	0.249	0.806	0.427	0.397
6120	0.248	0.809	0.428	0.395
6130	0.244	0.820	0.426	0.401
6140	0.270	0.767	0.450	0.379
eigenvalues:  tensor([36.5602, 36.3676])
hess item is 0.013854005374014378
6150	0.237	0.830	0.421	0.407
6160	0.256	0.789	0.441	0.399
6170	0.259	0.787	0.445	0.384
6180	0.248	0.820	0.434	0.379
6190	0.250	0.804	0.437	0.384
eigenvalues:  tensor([36.6923, 35.9846])
hess item is 0.013964098878204823
6200	0.247	0.819	0.434	0.389
6210	0.242	0.827	0.429	0.393
6220	0.254	0.789	0.441	0.381
6230	0.242	0.817	0.432	0.400
6240	0.238	0.823	0.428	0.400
eigenvalues:  tensor([36.3463, 36.2814])
hess item is 0.01390810776501894
6250	0.246	0.814	0.437	0.391
6260	0.246	0.816	0.439	0.387
6270	0.240	0.828	0.435	0.395
6280	0.247	0.808	0.439	0.388
6290	0.259	0.781	0.450	0.376
eigenvalues:  tensor([36.6610, 35.3040])
hess item is 0.013914479874074459
6300	0.225	0.860	0.421	0.403
6310	0.246	0.813	0.444	0.377
6320	0.234	0.841	0.431	0.402
6330	0.238	0.830	0.434	0.405
6340	0.252	0.802	0.449	0.385
eigenvalues:  tensor([37.4106, 35.7927])
hess item is 0.013811515644192696
6350	0.230	0.847	0.430	0.400
6360	0.235	0.841	0.437	0.390
6370	0.227	0.853	0.430	0.399
6380	0.239	0.825	0.444	0.391
6390	0.233	0.838	0.437	0.395
eigenvalues:  tensor([37.5745, 36.3551])
hess item is 0.013744840398430824
6400	0.241	0.825	0.445	0.395
6410	0.237	0.825	0.440	0.389
6420	0.227	0.842	0.431	0.399
6430	0.241	0.818	0.447	0.385
6440	0.226	0.848	0.434	0.393
eigenvalues:  tensor([37.1003, 36.7107])
hess item is 0.01376542542129755
6450	0.239	0.837	0.448	0.380
6460	0.226	0.856	0.435	0.395
6470	0.222	0.861	0.434	0.400
6480	0.247	0.819	0.459	0.377
6490	0.217	0.871	0.431	0.406
eigenvalues:  tensor([37.1015, 36.4612])
hess item is 0.013666043058037758
6500	0.229	0.844	0.444	0.396
6510	0.236	0.840	0.449	0.386
6520	0.235	0.839	0.446	0.383
6530	0.228	0.845	0.442	0.385
6540	0.233	0.837	0.448	0.386
eigenvalues:  tensor([36.9701, 36.2249])
hess item is 0.013780889101326466
6550	0.220	0.864	0.436	0.398
6560	0.215	0.867	0.433	0.401
6570	0.232	0.842	0.451	0.396
6580	0.221	0.850	0.440	0.395
6590	0.225	0.843	0.446	0.388
eigenvalues:  tensor([37.0713, 36.4274])
hess item is 0.01368900015950203
6600	0.218	0.866	0.440	0.391
6610	0.230	0.852	0.453	0.379
6620	0.220	0.873	0.443	0.383
6630	0.220	0.864	0.444	0.384
6640	0.227	0.839	0.450	0.383
eigenvalues:  tensor([37.3144, 36.0763])
hess item is 0.013732485473155975
6650	0.219	0.852	0.446	0.389
6660	0.218	0.856	0.447	0.388
6670	0.217	0.863	0.445	0.397
6680	0.232	0.837	0.459	0.377
6690	0.226	0.856	0.454	0.385
eigenvalues:  tensor([36.9182, 36.4672])
hess item is 0.013862408697605133
6700	0.210	0.877	0.440	0.398
6710	0.230	0.850	0.461	0.368
6720	0.215	0.874	0.446	0.388
6730	0.220	0.854	0.451	0.388
6740	0.227	0.848	0.457	0.389
eigenvalues:  tensor([37.6015, 36.6159])
hess item is 0.013966626487672329
6750	0.220	0.862	0.453	0.382
6760	0.218	0.863	0.450	0.387
6770	0.221	0.852	0.453	0.384
6780	0.216	0.873	0.449	0.393
6790	0.215	0.877	0.449	0.388
eigenvalues:  tensor([36.7556, 36.1638])
hess item is 0.014031246304512024
6800	0.210	0.884	0.446	0.396
6810	0.215	0.879	0.453	0.393
6820	0.217	0.867	0.457	0.384
6830	0.221	0.855	0.460	0.380
6840	0.217	0.874	0.456	0.382
eigenvalues:  tensor([37.5457, 36.5452])
hess item is 0.014041673392057419
6850	0.219	0.871	0.460	0.383
6860	0.209	0.885	0.451	0.389
6870	0.209	0.886	0.453	0.383
6880	0.203	0.898	0.448	0.387
6890	0.207	0.889	0.452	0.384
eigenvalues:  tensor([37.0595, 36.4303])
hess item is 0.014025714248418808
6900	0.213	0.882	0.459	0.378
6910	0.201	0.894	0.449	0.390
6920	0.207	0.878	0.454	0.392
6930	0.215	0.861	0.461	0.386
6940	0.213	0.863	0.460	0.380
eigenvalues:  tensor([37.0426, 36.0759])
hess item is 0.014038875699043274
6950	0.210	0.873	0.459	0.380
6960	0.209	0.873	0.459	0.378
6970	0.208	0.877	0.458	0.387
6980	0.220	0.854	0.468	0.378
6990	0.204	0.884	0.457	0.384
eigenvalues:  tensor([37.4442, 36.7716])
hess item is 0.014133624732494354
7000	0.200	0.892	0.453	0.393
7010	0.200	0.899	0.453	0.385
7020	0.210	0.885	0.462	0.379
7030	0.198	0.905	0.452	0.388
7040	0.206	0.887	0.463	0.373
eigenvalues:  tensor([37.2642, 36.4808])
hess item is 0.01409418135881424
7050	0.196	0.910	0.453	0.382
7060	0.205	0.891	0.462	0.375
7070	0.200	0.892	0.458	0.388
7080	0.194	0.903	0.453	0.388
7090	0.196	0.898	0.456	0.390
eigenvalues:  tensor([38.3873, 37.7723])
hess item is 0.01408995408564806
7100	0.207	0.876	0.466	0.379
7110	0.211	0.872	0.473	0.379
7120	0.206	0.881	0.468	0.378
7130	0.192	0.902	0.455	0.385
7140	0.209	0.871	0.469	0.377
eigenvalues:  tensor([38.2189, 36.8345])
hess item is 0.014096502214670181
7150	0.195	0.894	0.456	0.383
7160	0.196	0.904	0.459	0.380
7170	0.195	0.913	0.461	0.377
7180	0.188	0.918	0.455	0.379
7190	0.194	0.908	0.461	0.376
eigenvalues:  tensor([37.8769, 36.2264])
hess item is 0.01402514148503542
7200	0.191	0.910	0.458	0.385
7210	0.190	0.906	0.457	0.388
7220	0.200	0.899	0.468	0.379
7230	0.184	0.925	0.455	0.389
7240	0.203	0.880	0.476	0.373
eigenvalues:  tensor([38.0291, 37.3562])
hess item is 0.014048395678400993
7250	0.197	0.902	0.468	0.383
7260	0.191	0.910	0.464	0.382
7270	0.190	0.907	0.463	0.379
7280	0.195	0.896	0.469	0.380
7290	0.190	0.896	0.464	0.380
eigenvalues:  tensor([38.1207, 37.1795])
hess item is 0.01407171506434679
7300	0.195	0.887	0.469	0.377
7310	0.191	0.902	0.466	0.384
7320	0.189	0.903	0.466	0.384
7330	0.186	0.916	0.462	0.387
7340	0.200	0.889	0.479	0.370
eigenvalues:  tensor([37.3454, 36.9684])
hess item is 0.014006762765347958
7350	0.183	0.916	0.462	0.382
7360	0.189	0.909	0.466	0.381
7370	0.183	0.915	0.461	0.385
7380	0.188	0.903	0.466	0.387
7390	0.180	0.919	0.459	0.387
eigenvalues:  tensor([38.0505, 36.6047])
hess item is 0.014006360433995724
7400	0.191	0.912	0.471	0.375
7410	0.184	0.914	0.466	0.384
7420	0.180	0.917	0.464	0.385
7430	0.184	0.905	0.468	0.383
7440	0.181	0.910	0.466	0.385
eigenvalues:  tensor([38.0868, 36.9573])
hess item is 0.013956502079963684
7450	0.191	0.907	0.477	0.370
7460	0.180	0.930	0.467	0.377
7470	0.183	0.927	0.470	0.372
7480	0.180	0.924	0.469	0.372
7490	0.177	0.926	0.466	0.371
eigenvalues:  tensor([37.6814, 36.8376])
hess item is 0.013880578801035881
7500	0.184	0.918	0.474	0.372
7510	0.172	0.933	0.463	0.387
7520	0.181	0.921	0.472	0.381
7530	0.188	0.908	0.479	0.377
7540	0.178	0.923	0.469	0.380
eigenvalues:  tensor([38.0967, 37.3639])
hess item is 0.013880934566259384
7550	0.179	0.921	0.470	0.382
7560	0.180	0.916	0.473	0.383
7570	0.189	0.897	0.482	0.368
7580	0.176	0.918	0.472	0.381
7590	0.189	0.907	0.486	0.373
eigenvalues:  tensor([38.5548, 38.0365])
hess item is 0.013926195912063122
7600	0.199	0.893	0.494	0.358
7610	0.182	0.921	0.477	0.360
7620	0.170	0.940	0.466	0.375
7630	0.183	0.925	0.480	0.372
7640	0.176	0.925	0.472	0.379
eigenvalues:  tensor([37.6014, 36.6821])
hess item is 0.014017966575920582
7650	0.174	0.928	0.474	0.381
7660	0.183	0.914	0.483	0.371
7670	0.182	0.915	0.482	0.378
7680	0.171	0.927	0.471	0.384
7690	0.184	0.901	0.485	0.372
eigenvalues:  tensor([38.2004, 36.8850])
hess item is 0.01415522862225771
7700	0.168	0.926	0.471	0.379
7710	0.174	0.923	0.479	0.372
7720	0.175	0.922	0.480	0.373
7730	0.174	0.923	0.478	0.370
7740	0.172	0.929	0.476	0.371
eigenvalues:  tensor([37.6515, 37.0289])
hess item is 0.014164225198328495
7750	0.167	0.939	0.473	0.377
7760	0.174	0.929	0.480	0.377
7770	0.174	0.928	0.480	0.377
7780	0.172	0.930	0.479	0.378
7790	0.170	0.933	0.478	0.381
eigenvalues:  tensor([38.2380, 37.2824])
hess item is 0.014107630588114262
7800	0.175	0.930	0.482	0.379
7810	0.169	0.937	0.475	0.381
7820	0.165	0.945	0.473	0.380
7830	0.171	0.935	0.481	0.376
7840	0.166	0.939	0.479	0.373
eigenvalues:  tensor([37.9824, 37.5245])
hess item is 0.014153909869492054
7850	0.173	0.924	0.483	0.367
7860	0.164	0.933	0.476	0.377
7870	0.168	0.928	0.482	0.376
7880	0.171	0.924	0.485	0.376
7890	0.163	0.933	0.480	0.380
eigenvalues:  tensor([38.2778, 37.7692])
hess item is 0.014139716513454914
7900	0.169	0.928	0.485	0.377
7910	0.183	0.910	0.496	0.363
7920	0.157	0.945	0.474	0.381
7930	0.167	0.933	0.484	0.377
7940	0.167	0.936	0.482	0.378
eigenvalues:  tensor([38.4884, 37.7771])
hess item is 0.014204786159098148
7950	0.171	0.927	0.487	0.373
7960	0.169	0.933	0.486	0.371
7970	0.169	0.933	0.488	0.373
7980	0.170	0.935	0.488	0.373
7990	0.169	0.942	0.487	0.372
eigenvalues:  tensor([38.2410, 37.1495])
hess item is 0.014163697138428688
8000	0.156	0.953	0.478	0.376
8010	0.164	0.939	0.488	0.366
8020	0.162	0.939	0.486	0.368
8030	0.167	0.934	0.491	0.363
8040	0.161	0.938	0.485	0.365
eigenvalues:  tensor([38.5027, 37.3821])
hess item is 0.01416810043156147
8050	0.167	0.923	0.489	0.364
8060	0.168	0.921	0.490	0.369
8070	0.165	0.928	0.489	0.369
8080	0.165	0.937	0.490	0.363
8090	0.176	0.926	0.501	0.354
eigenvalues:  tensor([38.5468, 37.3258])
hess item is 0.014217282645404339
8100	0.156	0.946	0.483	0.370
8110	0.159	0.945	0.485	0.374
8120	0.154	0.953	0.482	0.378
8130	0.160	0.948	0.486	0.378
8140	0.150	0.956	0.479	0.382
eigenvalues:  tensor([38.8860, 37.9825])
hess item is 0.014135042205452919
8150	0.165	0.943	0.492	0.376
8160	0.158	0.947	0.485	0.378
8170	0.161	0.940	0.488	0.376
8180	0.163	0.946	0.491	0.365
8190	0.155	0.954	0.485	0.368
eigenvalues:  tensor([38.5540, 38.0241])
hess item is 0.01425390038639307
8200	0.155	0.951	0.487	0.370
8210	0.160	0.939	0.492	0.369
8220	0.164	0.930	0.495	0.366
8230	0.159	0.940	0.492	0.367
8240	0.154	0.945	0.488	0.370
eigenvalues:  tensor([38.2245, 37.6264])
hess item is 0.014160944148898125
8250	0.152	0.948	0.487	0.368
8260	0.164	0.933	0.499	0.352
8270	0.153	0.948	0.490	0.364
8280	0.150	0.952	0.489	0.369
8290	0.149	0.951	0.489	0.375
eigenvalues:  tensor([39.0230, 38.2258])
hess item is 0.014194765128195286
8300	0.159	0.935	0.497	0.372
8310	0.150	0.947	0.489	0.377
8320	0.149	0.946	0.489	0.376
8330	0.147	0.946	0.491	0.372
8340	0.160	0.933	0.502	0.355
eigenvalues:  tensor([38.8408, 38.0313])
hess item is 0.014188830740749836
8350	0.162	0.931	0.502	0.357
8360	0.151	0.944	0.491	0.366
8370	0.162	0.939	0.500	0.364
8380	0.152	0.950	0.492	0.367
8390	0.143	0.960	0.487	0.371
eigenvalues:  tensor([38.3254, 37.5598])
hess item is 0.014054356142878532
8400	0.141	0.962	0.485	0.373
8410	0.147	0.956	0.492	0.364
8420	0.149	0.952	0.495	0.365
8430	0.150	0.944	0.497	0.365
8440	0.147	0.950	0.494	0.367
eigenvalues:  tensor([38.5613, 37.8482])
hess item is 0.013990480452775955
8450	0.146	0.952	0.493	0.370
8460	0.143	0.955	0.493	0.371
8470	0.152	0.946	0.501	0.361
8480	0.160	0.941	0.509	0.352
8490	0.146	0.959	0.497	0.364
eigenvalues:  tensor([38.4744, 37.8935])
hess item is 0.014052145183086395
8500	0.144	0.961	0.497	0.368
8510	0.149	0.952	0.502	0.373
8520	0.150	0.948	0.504	0.370
8530	0.145	0.956	0.498	0.371
8540	0.146	0.956	0.501	0.364
eigenvalues:  tensor([39.0115, 38.5502])
hess item is 0.014087037183344364
8550	0.147	0.957	0.502	0.363
8560	0.146	0.952	0.501	0.365
8570	0.160	0.934	0.515	0.361
8580	0.141	0.956	0.496	0.372
8590	0.146	0.952	0.501	0.371
eigenvalues:  tensor([39.0016, 38.2726])
hess item is 0.014234734699130058
8600	0.146	0.952	0.502	0.367
8610	0.138	0.959	0.495	0.372
8620	0.148	0.951	0.505	0.366
8630	0.147	0.953	0.505	0.370
8640	0.153	0.943	0.509	0.365
eigenvalues:  tensor([39.4277, 38.5310])
hess item is 0.01435200683772564
8650	0.146	0.947	0.503	0.367
8660	0.142	0.950	0.499	0.371
8670	0.148	0.941	0.507	0.366
8680	0.161	0.932	0.519	0.361
8690	0.147	0.949	0.506	0.363
eigenvalues:  tensor([39.1589, 38.1696])
hess item is 0.014422555454075336
8700	0.146	0.950	0.507	0.364
8710	0.143	0.958	0.504	0.364
8720	0.149	0.961	0.510	0.354
8730	0.143	0.958	0.505	0.360
8740	0.142	0.957	0.504	0.365
eigenvalues:  tensor([39.2579, 38.2625])
hess item is 0.014532695524394512
8750	0.146	0.950	0.509	0.366
8760	0.141	0.957	0.506	0.365
8770	0.140	0.958	0.505	0.362
8780	0.147	0.952	0.512	0.353
8790	0.144	0.952	0.508	0.360
eigenvalues:  tensor([38.2050, 38.0056])
hess item is 0.014465858228504658
8800	0.132	0.965	0.500	0.369
8810	0.145	0.960	0.511	0.368
8820	0.134	0.965	0.502	0.373
8830	0.138	0.964	0.504	0.375
8840	0.138	0.964	0.504	0.372
eigenvalues:  tensor([39.1956, 38.3187])
hess item is 0.014409661293029785
8850	0.143	0.959	0.507	0.369
8860	0.139	0.963	0.504	0.366
8870	0.143	0.958	0.509	0.359
8880	0.138	0.963	0.507	0.361
8890	0.144	0.960	0.515	0.353
eigenvalues:  tensor([39.2848, 38.1290])
hess item is 0.014399168081581593
8900	0.143	0.958	0.514	0.363
8910	0.132	0.967	0.504	0.372
8920	0.137	0.961	0.509	0.366
8930	0.139	0.958	0.511	0.364
8940	0.139	0.956	0.510	0.357
eigenvalues:  tensor([39.4745, 38.6151])
hess item is 0.014358452521264553
8950	0.136	0.958	0.508	0.359
8960	0.130	0.968	0.503	0.361
8970	0.129	0.969	0.503	0.361
8980	0.127	0.971	0.502	0.363
8990	0.131	0.965	0.506	0.365
eigenvalues:  tensor([39.1445, 38.6592])
hess item is 0.014159085229039192
9000	0.138	0.957	0.511	0.363
9010	0.140	0.949	0.513	0.364
9020	0.136	0.955	0.512	0.367
9030	0.134	0.957	0.510	0.370
9040	0.143	0.949	0.519	0.363
eigenvalues:  tensor([39.8556, 39.0646])
hess item is 0.01417948491871357
9050	0.137	0.952	0.513	0.365
9060	0.133	0.956	0.509	0.367
9070	0.131	0.959	0.508	0.367
9080	0.130	0.963	0.508	0.366
9090	0.128	0.965	0.507	0.366
eigenvalues:  tensor([38.9754, 38.4628])
hess item is 0.014076503925025463
9100	0.127	0.968	0.507	0.367
9110	0.124	0.971	0.504	0.371
9120	0.122	0.973	0.504	0.372
9130	0.121	0.975	0.504	0.372
9140	0.130	0.968	0.514	0.367
eigenvalues:  tensor([39.2413, 38.8036])
hess item is 0.013889963738620281
9150	0.132	0.967	0.516	0.368
9160	0.135	0.961	0.519	0.366
9170	0.128	0.965	0.513	0.368
9180	0.133	0.958	0.518	0.365
9190	0.127	0.963	0.512	0.369
eigenvalues:  tensor([39.2298, 38.1615])
hess item is 0.013730517588555813
9200	0.126	0.961	0.512	0.368
9210	0.122	0.969	0.509	0.369
9220	0.126	0.966	0.515	0.364
9230	0.123	0.969	0.513	0.368
9240	0.126	0.966	0.515	0.366
eigenvalues:  tensor([38.9537, 37.9251])
hess item is 0.01355639286339283
9250	0.132	0.956	0.521	0.354
9260	0.129	0.959	0.517	0.355
9270	0.125	0.965	0.513	0.360
9280	0.124	0.969	0.513	0.363
9290	0.128	0.964	0.516	0.364
eigenvalues:  tensor([39.1921, 38.7293])
hess item is 0.013512879610061646
9300	0.134	0.960	0.521	0.364
9310	0.134	0.962	0.522	0.366
9320	0.130	0.965	0.518	0.366
9330	0.130	0.964	0.519	0.368
9340	0.131	0.967	0.519	0.366
eigenvalues:  tensor([38.9393, 38.4126])
hess item is 0.01350775733590126
9350	0.131	0.969	0.520	0.366
9360	0.129	0.972	0.519	0.367
9370	0.139	0.968	0.530	0.362
9380	0.136	0.969	0.528	0.357
9390	0.138	0.966	0.530	0.356
eigenvalues:  tensor([38.8240, 38.1697])
hess item is 0.0134460823610425
9400	0.130	0.970	0.524	0.361
9410	0.134	0.969	0.528	0.356
9420	0.131	0.970	0.526	0.357
9430	0.134	0.964	0.529	0.361
9440	0.144	0.957	0.537	0.357
eigenvalues:  tensor([38.8620, 38.2730])
hess item is 0.013468137942254543
9450	0.134	0.961	0.528	0.359
9460	0.131	0.965	0.525	0.364
9470	0.134	0.963	0.527	0.360
9480	0.140	0.958	0.531	0.362
9490	0.130	0.966	0.522	0.366
eigenvalues:  tensor([38.8960, 37.9051])
hess item is 0.013505322858691216
9500	0.126	0.969	0.519	0.366
9510	0.138	0.961	0.530	0.363
9520	0.133	0.966	0.527	0.366
9530	0.129	0.967	0.523	0.368
9540	0.126	0.966	0.522	0.361
eigenvalues:  tensor([38.9655, 37.8780])
hess item is 0.013503683730959892
9550	0.139	0.952	0.534	0.347
9560	0.136	0.960	0.531	0.349
9570	0.132	0.963	0.529	0.352
9580	0.124	0.970	0.522	0.356
9590	0.132	0.952	0.530	0.353
eigenvalues:  tensor([38.5223, 37.9825])
hess item is 0.013558163307607174
9600	0.131	0.948	0.528	0.359
9610	0.128	0.951	0.526	0.360
9620	0.115	0.968	0.517	0.366
9630	0.125	0.964	0.526	0.361
9640	0.113	0.978	0.517	0.368
eigenvalues:  tensor([37.8638, 37.4524])
hess item is 0.013490146957337856
9650	0.117	0.976	0.521	0.363
9660	0.117	0.975	0.521	0.361
9670	0.111	0.981	0.516	0.365
9680	0.110	0.979	0.516	0.367
9690	0.111	0.978	0.517	0.366
eigenvalues:  tensor([37.9283, 37.4582])
hess item is 0.013303088024258614
9700	0.112	0.975	0.518	0.363
9710	0.121	0.966	0.526	0.361
9720	0.114	0.970	0.519	0.368
9730	0.111	0.972	0.518	0.364
9740	0.117	0.970	0.524	0.362
eigenvalues:  tensor([38.1407, 37.3333])
hess item is 0.013155389577150345
9750	0.115	0.972	0.521	0.365
9760	0.117	0.971	0.524	0.365
9770	0.115	0.972	0.523	0.365
9780	0.116	0.971	0.524	0.361
9790	0.121	0.968	0.529	0.358
eigenvalues:  tensor([38.8261, 38.1578])
hess item is 0.013044186867773533
9800	0.117	0.972	0.526	0.358
9810	0.121	0.972	0.530	0.354
9820	0.116	0.976	0.527	0.355
9830	0.120	0.974	0.530	0.352
9840	0.111	0.978	0.522	0.357
eigenvalues:  tensor([38.3881, 37.6961])
hess item is 0.013015096075832844
9850	0.110	0.980	0.521	0.361
9860	0.125	0.972	0.534	0.354
9870	0.123	0.974	0.530	0.356
9880	0.124	0.973	0.532	0.355
9890	0.122	0.974	0.530	0.355
eigenvalues:  tensor([39.1281, 38.3945])
hess item is 0.013119583949446678
9900	0.119	0.975	0.528	0.358
9910	0.121	0.973	0.530	0.358
9920	0.125	0.968	0.536	0.354
9930	0.114	0.973	0.527	0.359
9940	0.121	0.973	0.532	0.352
eigenvalues:  tensor([38.5309, 38.2025])
hess item is 0.01321918610483408
9950	0.113	0.978	0.527	0.352
9960	0.112	0.982	0.526	0.350
9970	0.118	0.982	0.532	0.345
9980	0.110	0.984	0.525	0.352
9990	0.114	0.984	0.530	0.351
