device: cuda:2
output directory: RESULTS/cifar10-10k/fc-tanh/seed_0/mse/ivon/lr_0.0005/h0_1.0/ess_2000000.0/post_50/beta2_0.999/beta_0.0_alpha_100.0_ivon
Files already downloaded and verified
Files already downloaded and verified
optimizer is IVON
0	0.597	0.131	0.597	0.131
10	0.574	0.136	0.574	0.137
20	0.558	0.142	0.559	0.142
30	0.547	0.148	0.548	0.148
40	0.538	0.155	0.540	0.155
eigenvalues:  tensor([80.6408, 66.5443])
hess item is 0.9513455629348755
50	0.532	0.161	0.533	0.163
60	0.526	0.168	0.527	0.169
70	0.521	0.173	0.523	0.174
80	0.517	0.178	0.519	0.178
90	0.513	0.184	0.515	0.183
eigenvalues:  tensor([80.3115, 66.1546])
hess item is 0.9050813317298889
100	0.510	0.189	0.512	0.186
110	0.507	0.195	0.509	0.191
120	0.504	0.198	0.506	0.194
130	0.502	0.201	0.504	0.197
140	0.499	0.206	0.502	0.199
eigenvalues:  tensor([79.8361, 65.6874])
hess item is 0.8610768914222717
150	0.497	0.209	0.499	0.202
160	0.495	0.211	0.497	0.204
170	0.493	0.213	0.495	0.207
180	0.491	0.216	0.493	0.210
190	0.489	0.219	0.491	0.213
eigenvalues:  tensor([79.3945, 65.2222])
hess item is 0.8192170262336731
200	0.487	0.221	0.489	0.215
210	0.485	0.224	0.488	0.217
220	0.483	0.226	0.486	0.219
230	0.482	0.227	0.484	0.220
240	0.480	0.229	0.483	0.223
eigenvalues:  tensor([78.9839, 64.7704])
hess item is 0.7794021964073181
250	0.478	0.231	0.481	0.225
260	0.477	0.233	0.480	0.227
270	0.475	0.235	0.478	0.230
280	0.474	0.239	0.477	0.231
290	0.472	0.241	0.476	0.232
eigenvalues:  tensor([78.5995, 64.3313])
hess item is 0.7415300607681274
300	0.471	0.242	0.474	0.234
310	0.470	0.244	0.473	0.236
320	0.468	0.245	0.472	0.237
330	0.467	0.247	0.470	0.239
340	0.466	0.249	0.469	0.241
eigenvalues:  tensor([78.2177, 63.9114])
hess item is 0.7055068612098694
350	0.465	0.251	0.468	0.243
360	0.464	0.253	0.467	0.245
370	0.462	0.256	0.466	0.246
380	0.461	0.259	0.465	0.248
390	0.460	0.260	0.464	0.250
eigenvalues:  tensor([77.8462, 63.5040])
hess item is 0.6712407469749451
400	0.459	0.261	0.463	0.251
410	0.458	0.262	0.462	0.252
420	0.457	0.263	0.461	0.253
430	0.456	0.266	0.460	0.255
440	0.455	0.267	0.459	0.256
eigenvalues:  tensor([77.4836, 63.1137])
hess item is 0.6386468410491943
450	0.454	0.268	0.458	0.257
460	0.453	0.270	0.457	0.260
470	0.452	0.272	0.456	0.261
480	0.451	0.273	0.455	0.263
490	0.450	0.274	0.454	0.264
eigenvalues:  tensor([77.1266, 62.7387])
hess item is 0.6076415777206421
500	0.449	0.277	0.454	0.265
510	0.448	0.278	0.453	0.266
520	0.448	0.280	0.452	0.267
530	0.447	0.281	0.451	0.268
540	0.446	0.283	0.450	0.269
eigenvalues:  tensor([76.7782, 62.3812])
hess item is 0.5781506896018982
550	0.445	0.284	0.450	0.271
560	0.444	0.286	0.449	0.271
570	0.443	0.287	0.448	0.273
580	0.443	0.289	0.447	0.274
590	0.442	0.290	0.447	0.275
eigenvalues:  tensor([76.4268, 62.0457])
hess item is 0.5500979423522949
600	0.441	0.292	0.446	0.277
610	0.440	0.293	0.445	0.278
620	0.440	0.294	0.445	0.280
630	0.439	0.297	0.444	0.282
640	0.438	0.298	0.443	0.282
eigenvalues:  tensor([76.0892, 61.7429])
hess item is 0.5234132409095764
650	0.438	0.299	0.443	0.283
660	0.437	0.300	0.442	0.284
670	0.436	0.301	0.441	0.285
680	0.436	0.303	0.441	0.286
690	0.435	0.304	0.440	0.287
eigenvalues:  tensor([75.7631, 61.4776])
hess item is 0.4980293810367584
700	0.434	0.305	0.440	0.289
710	0.434	0.305	0.439	0.289
720	0.433	0.307	0.438	0.290
730	0.432	0.308	0.438	0.291
740	0.432	0.309	0.437	0.292
eigenvalues:  tensor([75.4293, 61.2512])
hess item is 0.4738844633102417
750	0.431	0.311	0.437	0.293
760	0.431	0.312	0.436	0.294
770	0.430	0.314	0.436	0.294
780	0.429	0.314	0.435	0.295
790	0.429	0.315	0.435	0.296
eigenvalues:  tensor([75.1013, 61.0519])
hess item is 0.4509178698062897
800	0.428	0.316	0.434	0.297
810	0.428	0.316	0.434	0.298
820	0.427	0.317	0.433	0.299
830	0.427	0.319	0.433	0.299
840	0.426	0.320	0.432	0.300
eigenvalues:  tensor([74.7854, 60.8761])
hess item is 0.4290703237056732
850	0.426	0.321	0.432	0.301
860	0.425	0.323	0.431	0.302
870	0.425	0.324	0.431	0.303
880	0.424	0.326	0.430	0.304
890	0.424	0.328	0.430	0.304
eigenvalues:  tensor([74.4795, 60.7060])
hess item is 0.40828877687454224
900	0.423	0.329	0.430	0.304
910	0.423	0.330	0.429	0.304
920	0.422	0.331	0.429	0.305
930	0.422	0.332	0.428	0.306
940	0.421	0.333	0.428	0.306
eigenvalues:  tensor([74.1743, 60.5453])
hess item is 0.3885207176208496
950	0.421	0.334	0.427	0.307
960	0.420	0.334	0.427	0.306
970	0.420	0.335	0.427	0.307
980	0.419	0.336	0.426	0.307
990	0.419	0.338	0.426	0.308
eigenvalues:  tensor([73.8700, 60.3892])
hess item is 0.3697168231010437
1000	0.419	0.339	0.426	0.309
1010	0.418	0.339	0.425	0.310
1020	0.418	0.340	0.425	0.311
1030	0.417	0.341	0.424	0.312
1040	0.417	0.342	0.424	0.313
eigenvalues:  tensor([73.5847, 60.2318])
hess item is 0.35182979702949524
1050	0.416	0.344	0.424	0.314
1060	0.416	0.344	0.423	0.315
1070	0.416	0.346	0.423	0.316
1080	0.415	0.346	0.423	0.317
1090	0.415	0.348	0.422	0.318
eigenvalues:  tensor([73.2791, 60.0806])
hess item is 0.3348148465156555
1100	0.415	0.348	0.422	0.319
1110	0.414	0.349	0.422	0.320
1120	0.414	0.350	0.421	0.321
1130	0.413	0.351	0.421	0.321
1140	0.413	0.351	0.421	0.322
eigenvalues:  tensor([73.0007, 59.9276])
hess item is 0.31863003969192505
1150	0.413	0.352	0.421	0.322
1160	0.412	0.352	0.420	0.323
1170	0.412	0.353	0.420	0.324
1180	0.412	0.355	0.420	0.325
1190	0.411	0.355	0.419	0.326
eigenvalues:  tensor([72.7155, 59.7780])
hess item is 0.3032337427139282
1200	0.411	0.356	0.419	0.326
1210	0.411	0.357	0.419	0.328
1220	0.410	0.359	0.419	0.328
1230	0.410	0.360	0.418	0.328
1240	0.410	0.360	0.418	0.329
eigenvalues:  tensor([72.4229, 59.6315])
hess item is 0.28858891129493713
1250	0.409	0.361	0.418	0.330
1260	0.409	0.362	0.417	0.330
1270	0.409	0.362	0.417	0.332
1280	0.408	0.364	0.417	0.332
1290	0.408	0.365	0.417	0.333
eigenvalues:  tensor([72.1470, 59.4773])
hess item is 0.2746574282646179
1300	0.408	0.365	0.416	0.333
1310	0.407	0.365	0.416	0.333
1320	0.407	0.366	0.416	0.334
1330	0.407	0.366	0.416	0.334
1340	0.406	0.367	0.415	0.335
eigenvalues:  tensor([71.8677, 59.3276])
hess item is 0.26140591502189636
1350	0.406	0.368	0.415	0.336
1360	0.406	0.369	0.415	0.337
1370	0.405	0.370	0.415	0.337
1380	0.405	0.371	0.415	0.338
1390	0.405	0.371	0.414	0.338
eigenvalues:  tensor([71.6026, 59.1693])
hess item is 0.24879999458789825
1400	0.405	0.372	0.414	0.339
1410	0.404	0.372	0.414	0.340
1420	0.404	0.374	0.414	0.340
1430	0.404	0.375	0.413	0.340
1440	0.403	0.376	0.413	0.340
eigenvalues:  tensor([71.3312, 59.0213])
hess item is 0.2368091493844986
1450	0.403	0.377	0.413	0.341
1460	0.403	0.378	0.413	0.342
1470	0.403	0.378	0.413	0.343
1480	0.402	0.379	0.412	0.343
1490	0.402	0.379	0.412	0.344
eigenvalues:  tensor([71.0479, 58.8648])
hess item is 0.22540272772312164
1500	0.402	0.380	0.412	0.345
1510	0.402	0.380	0.412	0.345
1520	0.401	0.381	0.412	0.347
1530	0.401	0.382	0.411	0.348
1540	0.401	0.383	0.411	0.349
eigenvalues:  tensor([70.7717, 58.7099])
hess item is 0.21455234289169312
1550	0.400	0.383	0.411	0.349
1560	0.400	0.384	0.411	0.349
1570	0.400	0.385	0.411	0.350
1580	0.400	0.386	0.411	0.351
1590	0.399	0.387	0.410	0.350
eigenvalues:  tensor([70.4799, 58.5611])
hess item is 0.20423077046871185
1600	0.399	0.387	0.410	0.350
1610	0.399	0.388	0.410	0.351
1620	0.399	0.389	0.410	0.351
1630	0.398	0.390	0.410	0.352
1640	0.398	0.391	0.410	0.352
eigenvalues:  tensor([70.2159, 58.4107])
hess item is 0.19441282749176025
1650	0.398	0.390	0.409	0.352
1660	0.398	0.391	0.409	0.352
1670	0.398	0.391	0.409	0.353
1680	0.397	0.393	0.409	0.353
1690	0.397	0.394	0.409	0.354
eigenvalues:  tensor([69.9473, 58.2408])
hess item is 0.1850731372833252
1700	0.397	0.394	0.409	0.354
1710	0.397	0.395	0.408	0.354
1720	0.396	0.396	0.408	0.355
1730	0.396	0.396	0.408	0.355
1740	0.396	0.397	0.408	0.356
eigenvalues:  tensor([69.6452, 58.0849])
hess item is 0.17618907988071442
1750	0.396	0.397	0.408	0.356
1760	0.395	0.398	0.408	0.356
1770	0.395	0.398	0.408	0.356
1780	0.395	0.399	0.407	0.356
1790	0.395	0.400	0.407	0.356
eigenvalues:  tensor([69.3754, 57.9157])
hess item is 0.16773812472820282
1800	0.395	0.401	0.407	0.356
1810	0.394	0.401	0.407	0.357
1820	0.394	0.402	0.407	0.357
1830	0.394	0.402	0.407	0.357
1840	0.394	0.402	0.407	0.357
eigenvalues:  tensor([69.0446, 57.7677])
hess item is 0.15969891846179962
1850	0.393	0.404	0.406	0.358
1860	0.393	0.403	0.406	0.359
1870	0.393	0.404	0.406	0.359
1880	0.393	0.404	0.406	0.359
1890	0.393	0.405	0.406	0.359
eigenvalues:  tensor([68.7672, 57.5832])
hess item is 0.15205171704292297
1900	0.392	0.405	0.406	0.360
1910	0.392	0.406	0.406	0.361
1920	0.392	0.407	0.405	0.362
1930	0.392	0.407	0.405	0.362
1940	0.391	0.408	0.405	0.363
eigenvalues:  tensor([68.4446, 57.4185])
hess item is 0.14477667212486267
1950	0.391	0.409	0.405	0.363
1960	0.391	0.409	0.405	0.363
1970	0.391	0.410	0.405	0.363
1980	0.391	0.411	0.405	0.363
1990	0.390	0.410	0.405	0.364
eigenvalues:  tensor([68.1156, 57.2357])
hess item is 0.13785654306411743
2000	0.390	0.412	0.405	0.365
2010	0.390	0.412	0.404	0.365
2020	0.390	0.413	0.404	0.365
2030	0.390	0.414	0.404	0.365
2040	0.389	0.414	0.404	0.365
eigenvalues:  tensor([67.7991, 57.0466])
hess item is 0.13127344846725464
2050	0.389	0.416	0.404	0.366
2060	0.389	0.417	0.404	0.367
2070	0.389	0.418	0.404	0.366
2080	0.389	0.419	0.404	0.368
2090	0.388	0.420	0.403	0.367
eigenvalues:  tensor([67.4362, 56.8634])
hess item is 0.12501105666160583
2100	0.388	0.421	0.403	0.368
2110	0.388	0.422	0.403	0.368
2120	0.388	0.423	0.403	0.369
2130	0.388	0.424	0.403	0.369
2140	0.387	0.424	0.403	0.369
eigenvalues:  tensor([67.0944, 56.6565])
hess item is 0.11905433237552643
2150	0.387	0.424	0.403	0.369
2160	0.387	0.425	0.403	0.370
2170	0.387	0.426	0.403	0.370
2180	0.387	0.427	0.403	0.370
2190	0.386	0.428	0.402	0.371
eigenvalues:  tensor([66.7113, 56.4712])
hess item is 0.11338753998279572
2200	0.386	0.429	0.402	0.371
2210	0.386	0.430	0.402	0.370
2220	0.386	0.429	0.402	0.371
2230	0.386	0.430	0.402	0.371
2240	0.385	0.431	0.402	0.371
eigenvalues:  tensor([66.3302, 56.2699])
hess item is 0.1079961508512497
2250	0.385	0.431	0.402	0.372
2260	0.385	0.432	0.402	0.372
2270	0.385	0.432	0.402	0.373
2280	0.385	0.433	0.401	0.373
2290	0.384	0.433	0.401	0.373
eigenvalues:  tensor([65.9546, 56.0466])
hess item is 0.10286763310432434
2300	0.384	0.433	0.401	0.373
2310	0.384	0.434	0.401	0.373
2320	0.384	0.435	0.401	0.373
2330	0.384	0.434	0.401	0.373
2340	0.383	0.435	0.401	0.373
eigenvalues:  tensor([65.5316, 55.8225])
hess item is 0.09798876941204071
2350	0.383	0.436	0.401	0.375
2360	0.383	0.437	0.401	0.375
2370	0.383	0.438	0.401	0.374
2380	0.383	0.437	0.401	0.374
2390	0.382	0.438	0.400	0.374
eigenvalues:  tensor([65.0899, 55.5952])
hess item is 0.093348428606987
2400	0.382	0.439	0.400	0.375
2410	0.382	0.440	0.400	0.376
2420	0.382	0.441	0.400	0.375
2430	0.382	0.440	0.400	0.376
2440	0.381	0.442	0.400	0.377
eigenvalues:  tensor([64.6276, 55.3511])
hess item is 0.08893324434757233
2450	0.381	0.442	0.400	0.376
2460	0.381	0.443	0.400	0.376
2470	0.381	0.443	0.400	0.377
2480	0.381	0.443	0.400	0.378
2490	0.380	0.445	0.400	0.378
eigenvalues:  tensor([64.1492, 55.0974])
hess item is 0.08473256975412369
2500	0.380	0.445	0.399	0.379
2510	0.380	0.447	0.399	0.378
2520	0.380	0.447	0.399	0.380
2530	0.380	0.448	0.399	0.380
2540	0.379	0.449	0.399	0.380
eigenvalues:  tensor([63.6542, 54.8258])
hess item is 0.08073662966489792
2550	0.379	0.450	0.399	0.380
2560	0.379	0.450	0.399	0.380
2570	0.379	0.451	0.399	0.381
2580	0.379	0.451	0.399	0.381
2590	0.378	0.451	0.399	0.382
eigenvalues:  tensor([63.1612, 54.5424])
hess item is 0.07693426311016083
2600	0.378	0.453	0.399	0.382
2610	0.378	0.454	0.398	0.382
2620	0.378	0.455	0.398	0.383
2630	0.378	0.455	0.398	0.383
2640	0.377	0.455	0.398	0.383
eigenvalues:  tensor([62.6056, 54.2642])
hess item is 0.0733172744512558
2650	0.377	0.457	0.398	0.384
2660	0.377	0.457	0.398	0.383
2670	0.377	0.459	0.398	0.385
2680	0.377	0.458	0.398	0.385
2690	0.376	0.460	0.398	0.386
eigenvalues:  tensor([62.0663, 53.9674])
hess item is 0.06987651437520981
2700	0.376	0.461	0.398	0.385
2710	0.376	0.462	0.398	0.386
2720	0.376	0.461	0.398	0.385
2730	0.376	0.463	0.397	0.386
2740	0.375	0.463	0.397	0.386
eigenvalues:  tensor([61.4991, 53.6735])
hess item is 0.06660280376672745
2750	0.375	0.464	0.397	0.386
2760	0.375	0.464	0.397	0.387
2770	0.375	0.465	0.397	0.387
2780	0.375	0.466	0.397	0.387
2790	0.374	0.466	0.397	0.387
eigenvalues:  tensor([60.9588, 53.3182])
hess item is 0.0634877160191536
2800	0.374	0.466	0.397	0.388
2810	0.374	0.468	0.397	0.388
2820	0.374	0.468	0.397	0.388
2830	0.374	0.468	0.397	0.388
2840	0.373	0.470	0.397	0.388
eigenvalues:  tensor([60.4000, 52.9864])
hess item is 0.06052367761731148
2850	0.373	0.469	0.397	0.389
2860	0.373	0.470	0.396	0.389
2870	0.373	0.470	0.396	0.390
2880	0.373	0.472	0.396	0.390
2890	0.372	0.471	0.396	0.389
eigenvalues:  tensor([59.7710, 52.6140])
hess item is 0.05770409107208252
2900	0.372	0.473	0.396	0.390
2910	0.372	0.473	0.396	0.390
2920	0.372	0.474	0.396	0.391
2930	0.371	0.474	0.396	0.391
2940	0.371	0.475	0.396	0.391
eigenvalues:  tensor([59.1938, 52.2258])
hess item is 0.05502146854996681
2950	0.371	0.476	0.396	0.391
2960	0.371	0.475	0.396	0.391
2970	0.371	0.476	0.396	0.392
2980	0.370	0.476	0.396	0.392
2990	0.370	0.477	0.395	0.393
eigenvalues:  tensor([58.5775, 51.8673])
hess item is 0.052469223737716675
3000	0.370	0.478	0.395	0.393
3010	0.370	0.478	0.395	0.393
3020	0.370	0.478	0.395	0.394
3030	0.369	0.480	0.395	0.394
3040	0.369	0.480	0.395	0.394
eigenvalues:  tensor([57.9336, 51.4444])
hess item is 0.05004076287150383
3050	0.369	0.480	0.395	0.394
3060	0.369	0.482	0.395	0.395
3070	0.369	0.483	0.395	0.396
3080	0.368	0.483	0.395	0.396
3090	0.368	0.483	0.395	0.395
eigenvalues:  tensor([57.3207, 51.0386])
hess item is 0.04772951826453209
3100	0.368	0.484	0.395	0.396
3110	0.368	0.485	0.395	0.396
3120	0.367	0.486	0.394	0.397
3130	0.367	0.486	0.394	0.396
3140	0.367	0.486	0.394	0.398
eigenvalues:  tensor([56.6865, 50.5632])
hess item is 0.045530207455158234
3150	0.367	0.487	0.394	0.397
3160	0.367	0.487	0.394	0.398
3170	0.366	0.488	0.394	0.397
3180	0.366	0.488	0.394	0.396
3190	0.366	0.488	0.394	0.397
eigenvalues:  tensor([56.0152, 50.0891])
hess item is 0.04343804344534874
3200	0.366	0.490	0.394	0.397
3210	0.366	0.491	0.394	0.398
3220	0.365	0.491	0.394	0.400
3230	0.365	0.491	0.394	0.400
3240	0.365	0.493	0.394	0.400
eigenvalues:  tensor([55.3779, 49.6347])
hess item is 0.04144622012972832
3250	0.365	0.494	0.394	0.400
3260	0.364	0.494	0.394	0.400
3270	0.364	0.497	0.393	0.400
3280	0.364	0.495	0.393	0.401
3290	0.364	0.497	0.393	0.402
eigenvalues:  tensor([54.7406, 49.1302])
hess item is 0.03955110162496567
3300	0.364	0.497	0.393	0.401
3310	0.363	0.498	0.393	0.402
3320	0.363	0.499	0.393	0.401
3330	0.363	0.498	0.393	0.402
3340	0.363	0.500	0.393	0.402
eigenvalues:  tensor([54.1688, 48.6125])
hess item is 0.037747256457805634
3350	0.362	0.500	0.393	0.403
3360	0.362	0.503	0.393	0.403
3370	0.362	0.502	0.393	0.402
3380	0.362	0.505	0.393	0.402
3390	0.362	0.503	0.393	0.402
eigenvalues:  tensor([53.4602, 48.0442])
hess item is 0.03603135421872139
3400	0.361	0.504	0.393	0.404
3410	0.361	0.507	0.393	0.403
3420	0.361	0.508	0.392	0.403
3430	0.361	0.507	0.392	0.403
3440	0.360	0.508	0.392	0.404
eigenvalues:  tensor([52.8636, 47.4812])
hess item is 0.03439779952168465
3450	0.360	0.509	0.392	0.404
3460	0.360	0.509	0.392	0.404
3470	0.360	0.511	0.392	0.404
3480	0.359	0.510	0.392	0.403
3490	0.359	0.511	0.392	0.404
eigenvalues:  tensor([52.1523, 46.9247])
hess item is 0.03284252807497978
3500	0.359	0.512	0.392	0.404
3510	0.359	0.513	0.392	0.406
3520	0.359	0.515	0.392	0.405
3530	0.358	0.514	0.392	0.404
3540	0.358	0.515	0.392	0.404
eigenvalues:  tensor([51.5386, 46.3220])
hess item is 0.03136289864778519
3550	0.358	0.517	0.392	0.405
3560	0.358	0.518	0.392	0.406
3570	0.357	0.517	0.391	0.407
3580	0.357	0.518	0.391	0.405
3590	0.357	0.518	0.391	0.405
eigenvalues:  tensor([50.9394, 45.7001])
hess item is 0.029954539611935616
3600	0.357	0.518	0.391	0.406
3610	0.356	0.521	0.391	0.407
3620	0.356	0.520	0.391	0.406
3630	0.356	0.521	0.391	0.407
3640	0.356	0.521	0.391	0.406
eigenvalues:  tensor([50.3339, 45.1051])
hess item is 0.028613217175006866
3650	0.355	0.522	0.391	0.407
3660	0.355	0.521	0.391	0.406
3670	0.355	0.523	0.391	0.406
3680	0.355	0.524	0.391	0.408
3690	0.355	0.525	0.391	0.407
eigenvalues:  tensor([49.6572, 44.5373])
hess item is 0.027337433770298958
3700	0.354	0.526	0.391	0.407
3710	0.354	0.525	0.391	0.408
3720	0.354	0.527	0.391	0.408
3730	0.354	0.529	0.391	0.408
3740	0.353	0.529	0.391	0.409
eigenvalues:  tensor([48.9260, 43.8745])
hess item is 0.026122309267520905
3750	0.353	0.528	0.390	0.408
3760	0.353	0.530	0.390	0.409
3770	0.353	0.530	0.390	0.410
3780	0.352	0.532	0.390	0.410
3790	0.352	0.534	0.390	0.408
eigenvalues:  tensor([48.3110, 43.2237])
hess item is 0.02496565692126751
3800	0.352	0.533	0.390	0.410
3810	0.352	0.534	0.390	0.410
3820	0.351	0.534	0.390	0.409
3830	0.351	0.537	0.390	0.411
3840	0.351	0.535	0.390	0.409
eigenvalues:  tensor([47.6682, 42.5967])
hess item is 0.0238643791526556
3850	0.351	0.538	0.390	0.412
3860	0.350	0.537	0.390	0.411
3870	0.350	0.536	0.390	0.410
3880	0.350	0.539	0.390	0.410
3890	0.350	0.540	0.390	0.411
eigenvalues:  tensor([47.0437, 41.9632])
hess item is 0.0228157676756382
3900	0.349	0.540	0.390	0.411
3910	0.349	0.541	0.390	0.410
3920	0.349	0.542	0.390	0.412
3930	0.349	0.543	0.390	0.412
3940	0.348	0.545	0.389	0.412
eigenvalues:  tensor([46.3575, 41.3612])
hess item is 0.021817531436681747
3950	0.348	0.544	0.389	0.412
3960	0.348	0.545	0.389	0.413
3970	0.348	0.547	0.389	0.412
3980	0.347	0.548	0.389	0.414
3990	0.347	0.549	0.389	0.414
eigenvalues:  tensor([45.7067, 40.7247])
hess item is 0.020866788923740387
4000	0.347	0.547	0.389	0.413
4010	0.346	0.550	0.389	0.414
4020	0.346	0.549	0.389	0.413
4030	0.346	0.550	0.389	0.412
4040	0.346	0.550	0.389	0.415
eigenvalues:  tensor([45.0577, 40.0816])
hess item is 0.019961180165410042
4050	0.345	0.550	0.389	0.413
4060	0.345	0.550	0.389	0.412
4070	0.345	0.552	0.389	0.412
4080	0.345	0.552	0.389	0.413
4090	0.344	0.553	0.389	0.413
eigenvalues:  tensor([44.3955, 39.4823])
hess item is 0.019099630415439606
4100	0.344	0.555	0.389	0.413
4110	0.344	0.552	0.389	0.413
4120	0.343	0.555	0.389	0.414
4130	0.343	0.555	0.389	0.415
4140	0.343	0.554	0.389	0.413
eigenvalues:  tensor([43.7359, 38.8891])
hess item is 0.018278151750564575
4150	0.343	0.558	0.388	0.414
4160	0.342	0.558	0.388	0.414
4170	0.342	0.559	0.388	0.414
4180	0.342	0.561	0.388	0.415
4190	0.342	0.560	0.388	0.413
eigenvalues:  tensor([43.0412, 38.2291])
hess item is 0.017496582120656967
4200	0.341	0.560	0.388	0.414
4210	0.341	0.563	0.388	0.414
4220	0.341	0.563	0.388	0.413
4230	0.341	0.565	0.388	0.415
4240	0.340	0.565	0.388	0.413
eigenvalues:  tensor([42.5003, 37.6905])
hess item is 0.016751728951931
4250	0.340	0.567	0.388	0.415
4260	0.340	0.565	0.388	0.414
4270	0.339	0.567	0.388	0.416
4280	0.339	0.569	0.388	0.415
4290	0.339	0.568	0.388	0.415
eigenvalues:  tensor([41.7743, 37.1084])
hess item is 0.01604277454316616
4300	0.339	0.570	0.388	0.415
4310	0.338	0.570	0.388	0.415
4320	0.338	0.571	0.388	0.414
4330	0.338	0.572	0.388	0.414
4340	0.337	0.571	0.388	0.416
eigenvalues:  tensor([41.1196, 36.5226])
hess item is 0.015366999432444572
4350	0.337	0.573	0.388	0.417
4360	0.337	0.574	0.388	0.417
4370	0.337	0.574	0.388	0.416
4380	0.336	0.576	0.388	0.417
4390	0.336	0.576	0.388	0.417
eigenvalues:  tensor([40.5078, 35.9811])
hess item is 0.014723571948707104
4400	0.336	0.578	0.388	0.417
4410	0.335	0.578	0.388	0.418
4420	0.335	0.577	0.387	0.418
4430	0.335	0.580	0.387	0.418
4440	0.334	0.581	0.387	0.418
eigenvalues:  tensor([39.8651, 35.4319])
hess item is 0.014110549353063107
4450	0.334	0.580	0.387	0.418
4460	0.334	0.583	0.387	0.419
4470	0.334	0.582	0.387	0.419
4480	0.333	0.583	0.387	0.419
4490	0.333	0.584	0.387	0.419
eigenvalues:  tensor([39.2559, 34.8611])
hess item is 0.01352660171687603
4500	0.333	0.586	0.387	0.419
4510	0.332	0.586	0.387	0.419
4520	0.332	0.587	0.387	0.420
4530	0.332	0.589	0.387	0.420
4540	0.331	0.588	0.387	0.420
eigenvalues:  tensor([38.5804, 34.3729])
hess item is 0.012970192357897758
4550	0.331	0.591	0.387	0.420
4560	0.331	0.591	0.387	0.421
4570	0.331	0.591	0.387	0.422
4580	0.330	0.594	0.387	0.422
4590	0.330	0.593	0.387	0.422
eigenvalues:  tensor([37.9863, 33.8718])
hess item is 0.012440137565135956
4600	0.330	0.594	0.387	0.421
4610	0.329	0.595	0.387	0.421
4620	0.329	0.597	0.387	0.421
4630	0.329	0.599	0.387	0.421
4640	0.329	0.598	0.387	0.422
eigenvalues:  tensor([37.3107, 33.4115])
hess item is 0.011935132555663586
4650	0.328	0.600	0.387	0.420
4660	0.328	0.600	0.387	0.422
4670	0.328	0.600	0.387	0.423
4680	0.327	0.601	0.387	0.423
4690	0.327	0.603	0.387	0.423
eigenvalues:  tensor([36.6795, 32.9453])
hess item is 0.011453630402684212
4700	0.327	0.603	0.387	0.422
4710	0.326	0.607	0.387	0.423
4720	0.326	0.605	0.387	0.422
4730	0.326	0.605	0.387	0.424
4740	0.325	0.606	0.386	0.424
eigenvalues:  tensor([36.1445, 32.4835])
hess item is 0.01099503505975008
4750	0.325	0.609	0.387	0.425
4760	0.325	0.608	0.387	0.424
4770	0.325	0.610	0.387	0.423
4780	0.324	0.611	0.387	0.424
4790	0.324	0.612	0.387	0.424
eigenvalues:  tensor([35.5695, 32.0525])
hess item is 0.010557569563388824
4800	0.323	0.613	0.386	0.424
4810	0.323	0.614	0.386	0.424
4820	0.323	0.612	0.386	0.424
4830	0.322	0.614	0.386	0.424
4840	0.322	0.618	0.386	0.425
eigenvalues:  tensor([34.9762, 31.6754])
hess item is 0.010140353813767433
4850	0.322	0.618	0.386	0.424
4860	0.322	0.615	0.386	0.423
4870	0.321	0.619	0.386	0.424
4880	0.321	0.618	0.386	0.425
4890	0.321	0.621	0.386	0.425
eigenvalues:  tensor([34.4730, 31.3088])
hess item is 0.0097425552085042
4900	0.320	0.622	0.386	0.424
4910	0.320	0.621	0.386	0.425
4920	0.320	0.623	0.386	0.426
4930	0.319	0.623	0.386	0.426
4940	0.319	0.625	0.386	0.425
eigenvalues:  tensor([33.9851, 30.9251])
hess item is 0.00936446525156498
4950	0.319	0.624	0.386	0.425
4960	0.318	0.625	0.386	0.426
4970	0.318	0.627	0.386	0.427
4980	0.318	0.630	0.386	0.428
4990	0.317	0.629	0.386	0.427
eigenvalues:  tensor([33.4276, 30.5924])
hess item is 0.009004434570670128
5000	0.317	0.631	0.386	0.428
5010	0.317	0.629	0.386	0.428
5020	0.316	0.633	0.386	0.426
5030	0.316	0.633	0.386	0.427
5040	0.316	0.635	0.386	0.427
eigenvalues:  tensor([32.9152, 30.2624])
hess item is 0.008660867810249329
5050	0.315	0.635	0.386	0.429
5060	0.315	0.635	0.386	0.428
5070	0.315	0.633	0.386	0.427
5080	0.314	0.635	0.386	0.428
5090	0.314	0.640	0.386	0.428
eigenvalues:  tensor([32.4237, 29.9059])
hess item is 0.008333568461239338
5100	0.314	0.639	0.386	0.430
5110	0.313	0.637	0.386	0.428
5120	0.313	0.641	0.386	0.427
5130	0.313	0.639	0.386	0.427
5140	0.312	0.641	0.386	0.427
eigenvalues:  tensor([32.0085, 29.6142])
hess item is 0.008021785877645016
5150	0.312	0.641	0.386	0.429
5160	0.312	0.644	0.386	0.429
5170	0.311	0.644	0.386	0.430
5180	0.311	0.646	0.386	0.431
5190	0.311	0.645	0.386	0.429
eigenvalues:  tensor([31.6249, 29.3470])
hess item is 0.007723853923380375
5200	0.310	0.644	0.386	0.430
5210	0.310	0.648	0.386	0.429
5220	0.309	0.648	0.386	0.430
5230	0.309	0.649	0.386	0.428
5240	0.309	0.650	0.386	0.431
eigenvalues:  tensor([31.2533, 29.0822])
hess item is 0.007439484819769859
5250	0.309	0.651	0.386	0.429
5260	0.308	0.652	0.386	0.430
5270	0.308	0.651	0.386	0.429
5280	0.308	0.652	0.386	0.430
5290	0.307	0.656	0.386	0.431
eigenvalues:  tensor([30.8762, 28.8608])
hess item is 0.007168424315750599
5300	0.307	0.657	0.386	0.428
5310	0.307	0.654	0.386	0.431
5320	0.306	0.656	0.386	0.429
5330	0.306	0.660	0.386	0.428
5340	0.305	0.658	0.386	0.429
eigenvalues:  tensor([30.4980, 28.6677])
hess item is 0.006910259369760752
5350	0.305	0.660	0.386	0.428
5360	0.305	0.661	0.386	0.428
5370	0.304	0.663	0.386	0.430
5380	0.304	0.664	0.386	0.429
5390	0.304	0.664	0.386	0.431
eigenvalues:  tensor([30.1108, 28.4196])
hess item is 0.00666447076946497
5400	0.303	0.665	0.386	0.432
5410	0.303	0.665	0.386	0.431
5420	0.303	0.666	0.386	0.429
5430	0.302	0.666	0.386	0.430
5440	0.302	0.668	0.386	0.432
eigenvalues:  tensor([29.8144, 28.2094])
hess item is 0.006429830100387335
5450	0.302	0.670	0.386	0.431
5460	0.301	0.669	0.386	0.431
5470	0.301	0.669	0.386	0.431
5480	0.300	0.673	0.386	0.431
5490	0.300	0.672	0.386	0.431
eigenvalues:  tensor([29.4889, 28.0258])
hess item is 0.006206198129802942
5500	0.300	0.673	0.386	0.431
5510	0.299	0.674	0.386	0.431
5520	0.299	0.675	0.387	0.431
5530	0.299	0.677	0.386	0.430
5540	0.298	0.679	0.386	0.431
eigenvalues:  tensor([29.2151, 27.8864])
hess item is 0.005993284285068512
5550	0.298	0.679	0.386	0.431
5560	0.297	0.680	0.386	0.431
5570	0.297	0.677	0.387	0.432
5580	0.297	0.680	0.386	0.431
5590	0.296	0.683	0.386	0.431
eigenvalues:  tensor([29.0206, 27.7991])
hess item is 0.005789492279291153
5600	0.296	0.684	0.387	0.431
5610	0.296	0.687	0.387	0.430
5620	0.295	0.683	0.387	0.430
5630	0.295	0.689	0.386	0.432
5640	0.295	0.688	0.387	0.432
eigenvalues:  tensor([28.8109, 27.6644])
hess item is 0.00559559091925621
5650	0.294	0.686	0.387	0.430
5660	0.294	0.691	0.387	0.432
5670	0.294	0.690	0.387	0.432
5680	0.293	0.692	0.387	0.431
5690	0.293	0.694	0.387	0.431
eigenvalues:  tensor([28.5961, 27.5639])
hess item is 0.005411362741142511
5700	0.293	0.693	0.387	0.431
5710	0.292	0.696	0.387	0.431
5720	0.292	0.696	0.387	0.431
5730	0.292	0.694	0.387	0.432
5740	0.291	0.697	0.387	0.430
eigenvalues:  tensor([28.3705, 27.4685])
hess item is 0.005235232412815094
5750	0.291	0.699	0.387	0.432
5760	0.290	0.700	0.387	0.431
5770	0.290	0.700	0.387	0.430
5780	0.290	0.698	0.387	0.431
5790	0.289	0.702	0.387	0.431
eigenvalues:  tensor([28.2202, 27.3633])
hess item is 0.0050665647722780704
5800	0.289	0.703	0.387	0.431
5810	0.289	0.705	0.387	0.430
5820	0.288	0.706	0.387	0.430
5830	0.288	0.709	0.387	0.431
5840	0.287	0.707	0.387	0.431
eigenvalues:  tensor([28.0548, 27.3301])
hess item is 0.004906489048153162
5850	0.287	0.708	0.388	0.430
5860	0.287	0.711	0.387	0.431
5870	0.286	0.707	0.388	0.431
5880	0.286	0.712	0.388	0.431
5890	0.285	0.711	0.387	0.430
eigenvalues:  tensor([27.9793, 27.2743])
hess item is 0.00475475424900651
5900	0.285	0.712	0.388	0.431
5910	0.285	0.713	0.388	0.430
5920	0.284	0.715	0.388	0.431
5930	0.284	0.714	0.388	0.431
5940	0.284	0.716	0.388	0.431
eigenvalues:  tensor([27.8352, 27.1782])
hess item is 0.00460971100255847
5950	0.283	0.716	0.388	0.431
5960	0.283	0.720	0.388	0.429
5970	0.283	0.718	0.388	0.430
5980	0.282	0.718	0.388	0.431
5990	0.282	0.719	0.388	0.429
eigenvalues:  tensor([27.7761, 27.2227])
hess item is 0.004471044521778822
6000	0.282	0.722	0.388	0.429
6010	0.281	0.723	0.388	0.431
6020	0.281	0.725	0.388	0.430
6030	0.280	0.723	0.388	0.429
6040	0.280	0.723	0.388	0.429
eigenvalues:  tensor([27.6738, 27.1816])
hess item is 0.00433816434815526
6050	0.280	0.724	0.388	0.430
6060	0.279	0.726	0.389	0.429
6070	0.279	0.728	0.388	0.430
6080	0.279	0.725	0.389	0.428
6090	0.278	0.729	0.389	0.430
eigenvalues:  tensor([27.6361, 27.1823])
hess item is 0.00421198969706893
6100	0.278	0.730	0.389	0.429
6110	0.277	0.730	0.389	0.431
6120	0.277	0.730	0.389	0.429
6130	0.277	0.734	0.389	0.430
6140	0.276	0.735	0.389	0.428
eigenvalues:  tensor([27.5482, 27.1210])
hess item is 0.004091832786798477
6150	0.276	0.733	0.389	0.429
6160	0.276	0.734	0.389	0.430
6170	0.275	0.733	0.389	0.429
6180	0.275	0.738	0.389	0.430
6190	0.275	0.736	0.389	0.429
eigenvalues:  tensor([27.5277, 27.1394])
hess item is 0.00397697975859046
6200	0.274	0.739	0.389	0.429
6210	0.274	0.741	0.389	0.431
6220	0.274	0.738	0.390	0.428
6230	0.273	0.741	0.389	0.430
6240	0.273	0.742	0.389	0.430
eigenvalues:  tensor([27.5650, 27.1712])
hess item is 0.003868010127916932
6250	0.272	0.742	0.390	0.428
6260	0.272	0.743	0.390	0.430
6270	0.272	0.743	0.390	0.430
6280	0.271	0.744	0.390	0.429
6290	0.271	0.746	0.390	0.430
eigenvalues:  tensor([27.5300, 27.2034])
hess item is 0.0037636561319231987
6300	0.271	0.746	0.390	0.431
6310	0.270	0.750	0.390	0.430
6320	0.270	0.748	0.390	0.430
6330	0.270	0.747	0.390	0.429
6340	0.269	0.751	0.390	0.429
eigenvalues:  tensor([27.6122, 27.2958])
hess item is 0.003664615796878934
6350	0.269	0.751	0.390	0.430
6360	0.268	0.751	0.390	0.430
6370	0.268	0.754	0.391	0.428
6380	0.268	0.753	0.390	0.429
6390	0.267	0.756	0.391	0.431
eigenvalues:  tensor([27.5644, 27.2914])
hess item is 0.0035698115825653076
6400	0.267	0.755	0.391	0.429
6410	0.266	0.757	0.390	0.429
6420	0.266	0.757	0.391	0.428
6430	0.266	0.760	0.391	0.428
6440	0.265	0.760	0.391	0.430
eigenvalues:  tensor([27.6551, 27.3930])
hess item is 0.003479561535641551
6450	0.265	0.759	0.391	0.430
6460	0.265	0.760	0.391	0.429
6470	0.265	0.760	0.391	0.429
6480	0.264	0.765	0.391	0.429
6490	0.264	0.763	0.391	0.427
eigenvalues:  tensor([27.7392, 27.4904])
hess item is 0.0033935869578272104
6500	0.263	0.765	0.391	0.430
6510	0.263	0.766	0.391	0.430
6520	0.263	0.765	0.392	0.427
6530	0.262	0.767	0.392	0.429
6540	0.262	0.767	0.392	0.430
eigenvalues:  tensor([27.7608, 27.4834])
hess item is 0.003311716951429844
6550	0.262	0.769	0.392	0.430
6560	0.261	0.771	0.392	0.431
6570	0.261	0.770	0.392	0.431
6580	0.260	0.774	0.392	0.430
6590	0.260	0.771	0.392	0.430
eigenvalues:  tensor([27.8057, 27.5373])
hess item is 0.003232935443520546
6600	0.260	0.771	0.392	0.430
6610	0.260	0.771	0.392	0.430
6620	0.259	0.774	0.392	0.429
6630	0.259	0.775	0.392	0.431
6640	0.259	0.776	0.393	0.429
eigenvalues:  tensor([27.8955, 27.6358])
hess item is 0.003157563740387559
6650	0.258	0.780	0.393	0.428
6660	0.258	0.778	0.393	0.430
6670	0.257	0.778	0.393	0.430
6680	0.257	0.779	0.393	0.428
6690	0.257	0.780	0.393	0.431
eigenvalues:  tensor([27.9750, 27.7170])
hess item is 0.0030859082471579313
6700	0.256	0.781	0.393	0.430
6710	0.256	0.782	0.393	0.431
6720	0.256	0.782	0.393	0.430
6730	0.255	0.782	0.393	0.429
6740	0.255	0.786	0.393	0.430
eigenvalues:  tensor([28.0530, 27.7954])
hess item is 0.0030177792068570852
6750	0.254	0.786	0.393	0.429
6760	0.254	0.785	0.393	0.430
6770	0.254	0.788	0.394	0.430
6780	0.254	0.787	0.394	0.429
6790	0.253	0.787	0.394	0.430
eigenvalues:  tensor([28.2182, 27.9702])
hess item is 0.0029531761538237333
6800	0.253	0.788	0.394	0.431
6810	0.253	0.789	0.394	0.430
6820	0.252	0.791	0.394	0.428
6830	0.252	0.790	0.394	0.428
6840	0.251	0.791	0.394	0.429
eigenvalues:  tensor([28.2776, 27.9897])
hess item is 0.002892556367442012
6850	0.251	0.791	0.394	0.428
6860	0.251	0.793	0.394	0.430
6870	0.250	0.793	0.394	0.429
6880	0.250	0.795	0.394	0.428
6890	0.250	0.792	0.395	0.429
eigenvalues:  tensor([28.4479, 28.1271])
hess item is 0.0028342287987470627
6900	0.249	0.796	0.395	0.427
6910	0.249	0.795	0.395	0.429
6920	0.249	0.800	0.395	0.428
6930	0.248	0.796	0.395	0.430
6940	0.248	0.799	0.395	0.428
eigenvalues:  tensor([28.4998, 28.1999])
hess item is 0.0027777107898145914
6950	0.248	0.800	0.395	0.427
6960	0.247	0.801	0.395	0.427
6970	0.247	0.801	0.395	0.429
6980	0.247	0.802	0.395	0.428
6990	0.246	0.802	0.395	0.426
eigenvalues:  tensor([28.6997, 28.3776])
hess item is 0.002724276389926672
7000	0.246	0.803	0.395	0.429
7010	0.246	0.804	0.396	0.428
7020	0.245	0.806	0.396	0.428
7030	0.245	0.805	0.396	0.427
7040	0.245	0.806	0.396	0.426
eigenvalues:  tensor([28.7291, 28.3962])
hess item is 0.0026730098761618137
7050	0.244	0.808	0.396	0.428
7060	0.244	0.806	0.396	0.427
7070	0.244	0.808	0.396	0.426
7080	0.243	0.809	0.396	0.428
7090	0.243	0.808	0.396	0.428
eigenvalues:  tensor([28.8722, 28.5241])
hess item is 0.0026243519969284534
7100	0.243	0.811	0.396	0.426
7110	0.242	0.811	0.396	0.428
7120	0.242	0.809	0.397	0.427
7130	0.242	0.810	0.397	0.428
7140	0.241	0.814	0.397	0.425
eigenvalues:  tensor([29.0011, 28.6315])
hess item is 0.00257809623144567
7150	0.241	0.814	0.397	0.426
7160	0.241	0.814	0.397	0.426
7170	0.240	0.814	0.397	0.426
7180	0.240	0.814	0.397	0.425
7190	0.240	0.817	0.397	0.426
eigenvalues:  tensor([29.0924, 28.7198])
hess item is 0.002533631632104516
7200	0.239	0.816	0.397	0.427
7210	0.239	0.816	0.398	0.428
7220	0.239	0.818	0.398	0.427
7230	0.239	0.818	0.398	0.427
7240	0.238	0.819	0.398	0.426
eigenvalues:  tensor([29.2173, 28.8339])
hess item is 0.0024923942983150482
7250	0.238	0.820	0.398	0.427
7260	0.238	0.818	0.398	0.426
7270	0.237	0.820	0.398	0.427
7280	0.237	0.822	0.398	0.426
7290	0.237	0.822	0.398	0.428
eigenvalues:  tensor([29.3756, 28.9641])
hess item is 0.0024522733874619007
7300	0.236	0.824	0.398	0.426
7310	0.236	0.824	0.399	0.426
7320	0.236	0.826	0.398	0.424
7330	0.235	0.826	0.399	0.425
7340	0.235	0.824	0.399	0.428
eigenvalues:  tensor([29.4770, 29.0549])
hess item is 0.002413261216133833
7350	0.235	0.826	0.399	0.424
7360	0.234	0.827	0.399	0.424
7370	0.234	0.828	0.399	0.425
7380	0.234	0.828	0.399	0.424
7390	0.233	0.830	0.399	0.426
eigenvalues:  tensor([29.5887, 29.1656])
hess item is 0.0023771373089402914
7400	0.233	0.830	0.399	0.426
7410	0.233	0.832	0.399	0.425
7420	0.232	0.833	0.399	0.424
7430	0.232	0.833	0.400	0.426
7440	0.232	0.833	0.400	0.425
eigenvalues:  tensor([29.6504, 29.2091])
hess item is 0.0023430061992257833
7450	0.231	0.834	0.400	0.424
7460	0.231	0.833	0.400	0.424
7470	0.231	0.835	0.400	0.422
7480	0.231	0.835	0.400	0.425
7490	0.230	0.837	0.400	0.424
eigenvalues:  tensor([29.7988, 29.3624])
hess item is 0.002309192670509219
7500	0.230	0.837	0.400	0.424
7510	0.230	0.835	0.400	0.424
7520	0.229	0.838	0.400	0.424
7530	0.229	0.838	0.400	0.424
7540	0.229	0.839	0.400	0.423
eigenvalues:  tensor([29.9693, 29.5133])
hess item is 0.0022778850980103016
7550	0.229	0.837	0.401	0.424
7560	0.228	0.838	0.401	0.425
7570	0.228	0.842	0.401	0.423
7580	0.228	0.841	0.401	0.422
7590	0.227	0.842	0.401	0.421
eigenvalues:  tensor([30.0787, 29.6236])
hess item is 0.0022461186163127422
7600	0.227	0.841	0.401	0.423
7610	0.227	0.842	0.401	0.424
7620	0.226	0.844	0.401	0.422
7630	0.226	0.842	0.402	0.423
7640	0.226	0.844	0.401	0.422
eigenvalues:  tensor([30.2337, 29.7606])
hess item is 0.0022175859194248915
7650	0.225	0.844	0.402	0.423
7660	0.225	0.846	0.402	0.423
7670	0.225	0.845	0.402	0.421
7680	0.225	0.846	0.402	0.422
7690	0.224	0.847	0.402	0.421
eigenvalues:  tensor([30.3456, 29.8690])
hess item is 0.0021896332036703825
7700	0.224	0.847	0.402	0.422
7710	0.224	0.848	0.402	0.424
7720	0.224	0.848	0.402	0.422
7730	0.223	0.848	0.402	0.422
7740	0.223	0.849	0.402	0.422
eigenvalues:  tensor([30.4462, 29.9608])
hess item is 0.0021627224050462246
7750	0.223	0.850	0.403	0.421
7760	0.222	0.850	0.402	0.420
7770	0.222	0.850	0.403	0.422
7780	0.222	0.852	0.403	0.422
7790	0.221	0.852	0.403	0.421
eigenvalues:  tensor([30.5529, 30.0510])
hess item is 0.0021372116170823574
7800	0.221	0.853	0.403	0.421
7810	0.221	0.853	0.403	0.421
7820	0.220	0.853	0.403	0.421
7830	0.220	0.854	0.403	0.422
7840	0.220	0.854	0.403	0.420
eigenvalues:  tensor([30.6020, 30.1030])
hess item is 0.0021122617181390524
7850	0.220	0.854	0.403	0.422
7860	0.219	0.855	0.403	0.421
7870	0.219	0.856	0.404	0.418
7880	0.219	0.855	0.404	0.419
7890	0.219	0.856	0.404	0.421
eigenvalues:  tensor([30.7958, 30.2821])
hess item is 0.002090614289045334
7900	0.218	0.857	0.404	0.421
7910	0.218	0.858	0.404	0.422
7920	0.218	0.858	0.404	0.420
7930	0.217	0.858	0.404	0.420
7940	0.217	0.859	0.404	0.421
eigenvalues:  tensor([30.9537, 30.4402])
hess item is 0.0020679105073213577
7950	0.217	0.859	0.404	0.421
7960	0.217	0.859	0.404	0.420
7970	0.217	0.860	0.404	0.420
7980	0.216	0.860	0.405	0.418
7990	0.216	0.862	0.405	0.419
eigenvalues:  tensor([31.0054, 30.5048])
hess item is 0.002046137349680066
8000	0.215	0.862	0.404	0.419
8010	0.215	0.860	0.405	0.419
8020	0.215	0.863	0.405	0.419
8030	0.215	0.861	0.405	0.419
8040	0.214	0.863	0.405	0.419
eigenvalues:  tensor([31.0674, 30.5640])
hess item is 0.0020270461682230234
8050	0.214	0.863	0.405	0.418
8060	0.214	0.864	0.405	0.418
8070	0.214	0.865	0.405	0.418
8080	0.213	0.865	0.406	0.418
8090	0.213	0.864	0.405	0.418
eigenvalues:  tensor([31.1436, 30.6349])
hess item is 0.00200854055583477
8100	0.213	0.864	0.406	0.417
8110	0.213	0.865	0.406	0.418
8120	0.212	0.865	0.406	0.419
8130	0.212	0.866	0.406	0.418
8140	0.212	0.867	0.406	0.420
eigenvalues:  tensor([31.2766, 30.7549])
hess item is 0.0019910610280930996
8150	0.211	0.867	0.406	0.419
8160	0.211	0.868	0.406	0.419
8170	0.211	0.866	0.406	0.418
8180	0.211	0.869	0.406	0.417
8190	0.210	0.868	0.406	0.417
eigenvalues:  tensor([31.4017, 30.8862])
hess item is 0.001973293023183942
8200	0.210	0.867	0.406	0.417
8210	0.210	0.868	0.407	0.418
8220	0.210	0.870	0.407	0.418
8230	0.210	0.870	0.407	0.417
8240	0.209	0.870	0.407	0.417
eigenvalues:  tensor([31.5561, 31.0295])
hess item is 0.001957749715074897
8250	0.209	0.871	0.407	0.417
8260	0.209	0.871	0.407	0.416
8270	0.208	0.870	0.407	0.418
8280	0.208	0.872	0.407	0.417
8290	0.208	0.873	0.407	0.417
eigenvalues:  tensor([31.6422, 31.1160])
hess item is 0.0019422861514613032
8300	0.208	0.872	0.407	0.418
8310	0.207	0.873	0.407	0.416
8320	0.207	0.874	0.407	0.418
8330	0.207	0.872	0.407	0.417
8340	0.207	0.874	0.407	0.415
eigenvalues:  tensor([31.6776, 31.1454])
hess item is 0.0019271296914666891
8350	0.206	0.874	0.408	0.417
8360	0.206	0.874	0.408	0.417
8370	0.206	0.876	0.408	0.417
8380	0.206	0.876	0.408	0.417
8390	0.205	0.874	0.408	0.418
eigenvalues:  tensor([31.7421, 31.2005])
hess item is 0.0019132780143991113
8400	0.205	0.876	0.408	0.416
8410	0.205	0.877	0.408	0.417
8420	0.205	0.876	0.408	0.418
8430	0.205	0.876	0.408	0.418
8440	0.204	0.877	0.408	0.417
eigenvalues:  tensor([31.8511, 31.3255])
hess item is 0.0019015675643458962
8450	0.204	0.878	0.408	0.418
8460	0.204	0.877	0.408	0.417
8470	0.204	0.878	0.409	0.417
8480	0.203	0.879	0.409	0.419
8490	0.203	0.878	0.409	0.417
eigenvalues:  tensor([31.9676, 31.4350])
hess item is 0.0018882238073274493
8500	0.203	0.881	0.409	0.417
8510	0.203	0.881	0.409	0.417
8520	0.202	0.881	0.409	0.417
8530	0.202	0.882	0.409	0.418
8540	0.202	0.881	0.409	0.418
eigenvalues:  tensor([31.9244, 31.4028])
hess item is 0.0018753488548099995
8550	0.202	0.882	0.409	0.417
8560	0.201	0.882	0.409	0.416
8570	0.201	0.883	0.409	0.417
8580	0.201	0.882	0.409	0.416
8590	0.201	0.882	0.410	0.417
eigenvalues:  tensor([32.1500, 31.6152])
hess item is 0.001864408841356635
8600	0.200	0.883	0.410	0.416
8610	0.200	0.883	0.410	0.416
8620	0.200	0.883	0.410	0.417
8630	0.200	0.885	0.410	0.416
8640	0.199	0.885	0.410	0.416
eigenvalues:  tensor([32.2685, 31.7285])
hess item is 0.0018527318025007844
8650	0.199	0.885	0.410	0.416
8660	0.199	0.886	0.410	0.417
8670	0.199	0.887	0.410	0.416
8680	0.199	0.887	0.410	0.414
8690	0.198	0.887	0.410	0.416
eigenvalues:  tensor([32.3528, 31.8089])
hess item is 0.0018431285861879587
8700	0.198	0.887	0.410	0.416
8710	0.198	0.886	0.410	0.416
8720	0.198	0.887	0.410	0.417
8730	0.197	0.887	0.410	0.416
8740	0.197	0.888	0.411	0.415
eigenvalues:  tensor([32.4031, 31.8624])
hess item is 0.0018325956771150231
8750	0.197	0.889	0.411	0.416
8760	0.197	0.888	0.411	0.416
8770	0.197	0.888	0.411	0.415
8780	0.197	0.887	0.411	0.417
8790	0.196	0.889	0.411	0.415
eigenvalues:  tensor([32.4698, 31.9329])
hess item is 0.0018226075917482376
8800	0.196	0.889	0.411	0.416
8810	0.196	0.889	0.411	0.416
8820	0.195	0.891	0.411	0.414
8830	0.195	0.890	0.411	0.416
8840	0.195	0.891	0.411	0.416
eigenvalues:  tensor([32.5925, 32.0619])
hess item is 0.0018137362785637379
8850	0.195	0.890	0.411	0.416
8860	0.195	0.890	0.412	0.415
8870	0.195	0.890	0.412	0.415
8880	0.194	0.893	0.412	0.414
8890	0.194	0.891	0.412	0.415
eigenvalues:  tensor([32.6327, 32.0949])
hess item is 0.001805941923521459
8900	0.194	0.892	0.412	0.415
8910	0.194	0.892	0.412	0.415
8920	0.193	0.893	0.412	0.416
8930	0.193	0.893	0.412	0.416
8940	0.193	0.893	0.412	0.413
eigenvalues:  tensor([32.7248, 32.1837])
hess item is 0.0017985634040087461
8950	0.193	0.894	0.412	0.415
8960	0.193	0.894	0.412	0.414
8970	0.192	0.895	0.412	0.415
8980	0.192	0.895	0.412	0.415
8990	0.192	0.894	0.413	0.415
eigenvalues:  tensor([32.7729, 32.2350])
hess item is 0.0017897509969770908
9000	0.192	0.895	0.412	0.416
9010	0.192	0.896	0.412	0.415
9020	0.191	0.896	0.413	0.415
9030	0.191	0.895	0.413	0.416
9040	0.191	0.897	0.413	0.414
eigenvalues:  tensor([32.8598, 32.3290])
hess item is 0.0017811619909480214
9050	0.191	0.894	0.413	0.413
9060	0.191	0.896	0.413	0.414
9070	0.190	0.897	0.413	0.415
9080	0.190	0.896	0.413	0.416
9090	0.190	0.897	0.413	0.416
eigenvalues:  tensor([32.9142, 32.3735])
hess item is 0.001774280215613544
9100	0.190	0.899	0.413	0.414
9110	0.190	0.897	0.413	0.415
9120	0.189	0.897	0.413	0.414
9130	0.189	0.898	0.413	0.415
9140	0.189	0.900	0.413	0.416
eigenvalues:  tensor([32.9184, 32.3808])
hess item is 0.0017676568822935224
9150	0.189	0.899	0.413	0.415
9160	0.189	0.899	0.414	0.415
9170	0.188	0.899	0.414	0.416
9180	0.188	0.901	0.414	0.414
9190	0.188	0.900	0.414	0.415
eigenvalues:  tensor([33.1422, 32.6023])
hess item is 0.0017595645040273666
9200	0.188	0.900	0.414	0.414
9210	0.188	0.900	0.414	0.414
9220	0.188	0.901	0.414	0.413
9230	0.187	0.901	0.414	0.415
9240	0.187	0.901	0.414	0.415
eigenvalues:  tensor([33.1035, 32.5650])
hess item is 0.0017529908800497651
9250	0.187	0.901	0.414	0.414
9260	0.187	0.902	0.414	0.416
9270	0.187	0.902	0.414	0.415
9280	0.186	0.902	0.414	0.415
9290	0.186	0.901	0.415	0.415
eigenvalues:  tensor([33.1810, 32.6530])
hess item is 0.0017475116765126586
9300	0.186	0.903	0.414	0.414
9310	0.186	0.903	0.414	0.415
9320	0.186	0.903	0.414	0.414
9330	0.185	0.904	0.415	0.416
9340	0.185	0.904	0.415	0.413
eigenvalues:  tensor([33.2936, 32.7586])
hess item is 0.0017421080265194178
9350	0.185	0.903	0.415	0.415
9360	0.185	0.903	0.415	0.415
9370	0.185	0.904	0.415	0.415
9380	0.185	0.903	0.415	0.414
9390	0.184	0.904	0.415	0.415
eigenvalues:  tensor([33.3664, 32.8300])
hess item is 0.0017366415122523904
9400	0.184	0.903	0.415	0.414
9410	0.184	0.905	0.415	0.416
9420	0.184	0.905	0.415	0.413
9430	0.184	0.905	0.415	0.415
9440	0.183	0.905	0.415	0.413
eigenvalues:  tensor([33.4773, 32.9521])
hess item is 0.001732118078507483
9450	0.183	0.906	0.415	0.413
9460	0.183	0.906	0.415	0.414
9470	0.183	0.905	0.415	0.413
9480	0.183	0.906	0.415	0.414
9490	0.183	0.906	0.415	0.415
eigenvalues:  tensor([33.5376, 33.0038])
hess item is 0.001727447146549821
9500	0.183	0.906	0.415	0.413
9510	0.182	0.907	0.416	0.414
9520	0.182	0.907	0.416	0.412
9530	0.182	0.907	0.416	0.414
9540	0.182	0.907	0.416	0.414
eigenvalues:  tensor([33.5365, 33.0024])
hess item is 0.0017232777317985892
9550	0.182	0.907	0.416	0.414
9560	0.181	0.907	0.416	0.414
9570	0.181	0.906	0.416	0.415
9580	0.181	0.907	0.416	0.414
9590	0.181	0.907	0.416	0.412
eigenvalues:  tensor([33.5729, 33.0481])
hess item is 0.0017197220586240292
9600	0.181	0.908	0.416	0.413
9610	0.181	0.909	0.416	0.413
9620	0.180	0.908	0.416	0.414
9630	0.180	0.909	0.416	0.413
9640	0.180	0.908	0.416	0.414
eigenvalues:  tensor([33.7209, 33.1891])
hess item is 0.0017157257534563541
9650	0.180	0.908	0.416	0.413
9660	0.180	0.910	0.417	0.413
9670	0.180	0.908	0.416	0.414
9680	0.179	0.910	0.417	0.414
9690	0.179	0.910	0.417	0.414
eigenvalues:  tensor([33.7638, 33.2387])
hess item is 0.0017127348110079765
9700	0.179	0.909	0.417	0.415
9710	0.179	0.908	0.417	0.414
9720	0.179	0.909	0.417	0.414
9730	0.179	0.910	0.417	0.412
9740	0.178	0.910	0.417	0.412
eigenvalues:  tensor([33.7697, 33.2444])
hess item is 0.001709083910100162
9750	0.178	0.911	0.417	0.413
9760	0.178	0.910	0.417	0.414
9770	0.178	0.911	0.417	0.413
9780	0.178	0.912	0.417	0.413
9790	0.178	0.912	0.417	0.412
eigenvalues:  tensor([33.8659, 33.3479])
hess item is 0.0017059857491403818
9800	0.177	0.912	0.417	0.413
9810	0.177	0.912	0.417	0.413
9820	0.177	0.912	0.417	0.413
9830	0.177	0.912	0.417	0.413
9840	0.177	0.913	0.417	0.412
eigenvalues:  tensor([33.9320, 33.4169])
hess item is 0.001703248475678265
9850	0.177	0.911	0.417	0.412
9860	0.177	0.913	0.417	0.413
9870	0.177	0.912	0.418	0.414
9880	0.176	0.915	0.418	0.412
9890	0.176	0.913	0.417	0.411
eigenvalues:  tensor([33.9536, 33.4434])
hess item is 0.0017001595115289092
9900	0.176	0.913	0.418	0.411
9910	0.176	0.914	0.418	0.413
9920	0.176	0.913	0.417	0.412
9930	0.175	0.914	0.418	0.412
9940	0.175	0.914	0.418	0.412
eigenvalues:  tensor([34.0297, 33.5066])
hess item is 0.0016987668350338936
9950	0.175	0.914	0.418	0.412
9960	0.175	0.915	0.418	0.412
9970	0.175	0.914	0.418	0.413
9980	0.175	0.914	0.418	0.414
9990	0.175	0.916	0.418	0.412
