device: cuda:3
output directory: RESULTS/cifar10-10k/fc-tanh/seed_0/mse/ivon/lr_0.0005_h0_0.1_post_10_alpha_100.0_beta2_0.9995_beta_0.0_ess_1000000.0_ivon
Files already downloaded and verified
Files already downloaded and verified
optimizer is IVON
0	0.597	0.131	0.597	0.131
10	0.511	0.187	0.513	0.186
20	0.490	0.216	0.492	0.211
30	0.476	0.233	0.479	0.228
40	0.466	0.251	0.469	0.241
eigenvalues:  tensor([76.5420, 62.5439])
hess item is 0.09759675711393356
50	0.458	0.263	0.461	0.253
60	0.451	0.275	0.455	0.264
70	0.446	0.285	0.450	0.270
80	0.441	0.292	0.446	0.276
90	0.437	0.298	0.442	0.283
eigenvalues:  tensor([73.4183, 59.7511])
hess item is 0.09525541961193085
100	0.433	0.306	0.439	0.288
110	0.430	0.311	0.436	0.295
120	0.427	0.317	0.433	0.298
130	0.425	0.321	0.431	0.301
140	0.423	0.328	0.429	0.306
eigenvalues:  tensor([70.7820, 58.1687])
hess item is 0.09297118335962296
150	0.421	0.331	0.427	0.308
160	0.419	0.334	0.426	0.310
170	0.417	0.338	0.424	0.313
180	0.416	0.342	0.423	0.314
190	0.414	0.346	0.422	0.319
eigenvalues:  tensor([68.6141, 56.7956])
hess item is 0.09074261784553528
200	0.413	0.350	0.420	0.321
210	0.412	0.350	0.419	0.323
220	0.410	0.352	0.418	0.326
230	0.409	0.357	0.418	0.326
240	0.408	0.361	0.417	0.328
eigenvalues:  tensor([66.6798, 55.5787])
hess item is 0.08856835961341858
250	0.407	0.363	0.416	0.331
260	0.406	0.365	0.415	0.332
270	0.406	0.367	0.414	0.335
280	0.405	0.370	0.414	0.336
290	0.404	0.373	0.413	0.339
eigenvalues:  tensor([65.0399, 54.5417])
hess item is 0.08644713461399078
300	0.403	0.374	0.413	0.340
310	0.402	0.377	0.412	0.343
320	0.402	0.379	0.412	0.343
330	0.401	0.380	0.411	0.346
340	0.401	0.382	0.411	0.348
eigenvalues:  tensor([63.5847, 53.4825])
hess item is 0.08437693864107132
350	0.400	0.383	0.410	0.349
360	0.399	0.385	0.410	0.351
370	0.399	0.387	0.410	0.351
380	0.398	0.386	0.409	0.351
390	0.398	0.391	0.409	0.353
eigenvalues:  tensor([62.1995, 52.5945])
hess item is 0.08235794305801392
400	0.397	0.390	0.408	0.353
410	0.397	0.392	0.408	0.355
420	0.396	0.395	0.408	0.355
430	0.396	0.395	0.407	0.355
440	0.395	0.396	0.407	0.356
eigenvalues:  tensor([60.9168, 51.6821])
hess item is 0.08038803935050964
450	0.395	0.396	0.407	0.357
460	0.394	0.399	0.407	0.359
470	0.394	0.400	0.406	0.358
480	0.394	0.401	0.406	0.359
490	0.393	0.400	0.406	0.360
eigenvalues:  tensor([59.6824, 50.8594])
hess item is 0.07846584916114807
500	0.393	0.402	0.406	0.358
510	0.392	0.405	0.405	0.361
520	0.392	0.406	0.405	0.361
530	0.392	0.408	0.405	0.363
540	0.391	0.408	0.405	0.363
eigenvalues:  tensor([58.4958, 50.0765])
hess item is 0.07659056037664413
550	0.391	0.411	0.404	0.365
560	0.391	0.410	0.404	0.363
570	0.390	0.411	0.404	0.365
580	0.390	0.412	0.404	0.365
590	0.390	0.415	0.404	0.368
eigenvalues:  tensor([57.5030, 49.3756])
hess item is 0.07476073503494263
600	0.389	0.416	0.403	0.367
610	0.389	0.415	0.403	0.368
620	0.389	0.418	0.403	0.368
630	0.388	0.418	0.403	0.371
640	0.388	0.420	0.403	0.370
eigenvalues:  tensor([56.2377, 48.6639])
hess item is 0.07297608256340027
650	0.388	0.422	0.402	0.370
660	0.387	0.423	0.402	0.370
670	0.387	0.424	0.402	0.373
680	0.387	0.425	0.402	0.372
690	0.386	0.426	0.402	0.371
eigenvalues:  tensor([55.2453, 48.0412])
hess item is 0.07123488187789917
700	0.386	0.426	0.402	0.372
710	0.386	0.427	0.402	0.372
720	0.386	0.428	0.401	0.372
730	0.385	0.428	0.401	0.372
740	0.385	0.430	0.401	0.373
eigenvalues:  tensor([54.1799, 47.4197])
hess item is 0.06953533738851547
750	0.385	0.430	0.401	0.374
760	0.385	0.432	0.401	0.373
770	0.384	0.431	0.401	0.375
780	0.384	0.432	0.400	0.374
790	0.384	0.433	0.400	0.375
eigenvalues:  tensor([53.2966, 46.8427])
hess item is 0.0678771510720253
800	0.384	0.435	0.400	0.376
810	0.383	0.436	0.400	0.375
820	0.383	0.437	0.400	0.377
830	0.383	0.438	0.400	0.375
840	0.383	0.438	0.400	0.376
eigenvalues:  tensor([52.2028, 46.2840])
hess item is 0.06625986844301224
850	0.382	0.439	0.400	0.377
860	0.382	0.440	0.399	0.377
870	0.382	0.442	0.399	0.378
880	0.382	0.441	0.399	0.377
890	0.381	0.442	0.399	0.378
eigenvalues:  tensor([51.4226, 45.7022])
hess item is 0.06468158215284348
900	0.381	0.442	0.399	0.378
910	0.381	0.443	0.399	0.378
920	0.381	0.445	0.399	0.381
930	0.380	0.446	0.399	0.379
940	0.380	0.446	0.399	0.379
eigenvalues:  tensor([50.5530, 45.1932])
hess item is 0.06314200162887573
950	0.380	0.449	0.398	0.381
960	0.380	0.447	0.398	0.381
970	0.379	0.448	0.398	0.384
980	0.379	0.449	0.398	0.384
990	0.379	0.451	0.398	0.380
eigenvalues:  tensor([49.6572, 44.7225])
hess item is 0.06163966283202171
1000	0.379	0.450	0.398	0.382
1010	0.379	0.451	0.398	0.384
1020	0.378	0.453	0.398	0.383
1030	0.378	0.454	0.398	0.385
1040	0.378	0.454	0.398	0.385
eigenvalues:  tensor([48.9338, 44.2881])
hess item is 0.06017392501235008
1050	0.378	0.454	0.397	0.384
1060	0.377	0.455	0.397	0.384
1070	0.377	0.455	0.397	0.384
1080	0.377	0.456	0.397	0.384
1090	0.377	0.457	0.397	0.384
eigenvalues:  tensor([48.0568, 43.7548])
hess item is 0.05874425545334816
1100	0.377	0.458	0.397	0.386
1110	0.376	0.458	0.397	0.387
1120	0.376	0.459	0.397	0.386
1130	0.376	0.459	0.397	0.387
1140	0.376	0.461	0.397	0.387
eigenvalues:  tensor([47.4071, 43.2670])
hess item is 0.057349465787410736
1150	0.376	0.463	0.397	0.387
1160	0.375	0.462	0.396	0.389
1170	0.375	0.462	0.396	0.388
1180	0.375	0.463	0.396	0.389
1190	0.375	0.462	0.396	0.389
eigenvalues:  tensor([46.6067, 42.7866])
hess item is 0.055988382548093796
1200	0.375	0.463	0.396	0.390
1210	0.374	0.466	0.396	0.387
1220	0.374	0.465	0.396	0.388
1230	0.374	0.465	0.396	0.390
1240	0.374	0.468	0.396	0.390
eigenvalues:  tensor([46.0141, 42.3138])
hess item is 0.054660603404045105
1250	0.374	0.468	0.396	0.390
1260	0.373	0.467	0.396	0.390
1270	0.373	0.469	0.396	0.390
1280	0.373	0.469	0.395	0.391
1290	0.373	0.468	0.395	0.390
eigenvalues:  tensor([45.4294, 41.7875])
hess item is 0.05336524546146393
1300	0.373	0.470	0.395	0.391
1310	0.373	0.469	0.395	0.391
1320	0.372	0.470	0.395	0.390
1330	0.372	0.469	0.395	0.393
1340	0.372	0.470	0.395	0.393
eigenvalues:  tensor([44.7534, 41.3564])
hess item is 0.05210090056061745
1350	0.372	0.471	0.395	0.390
1360	0.372	0.472	0.395	0.393
1370	0.372	0.471	0.395	0.394
1380	0.371	0.473	0.395	0.393
1390	0.371	0.473	0.395	0.393
eigenvalues:  tensor([44.1752, 40.9245])
hess item is 0.05086778104305267
1400	0.371	0.474	0.395	0.392
1410	0.371	0.475	0.395	0.394
1420	0.371	0.475	0.395	0.393
1430	0.370	0.476	0.394	0.394
1440	0.370	0.476	0.394	0.394
eigenvalues:  tensor([43.5876, 40.4329])
hess item is 0.049664370715618134
1450	0.370	0.477	0.394	0.394
1460	0.370	0.478	0.394	0.395
1470	0.370	0.479	0.394	0.394
1480	0.369	0.479	0.394	0.394
1490	0.369	0.480	0.394	0.395
eigenvalues:  tensor([43.1318, 39.8752])
hess item is 0.04849078506231308
1500	0.369	0.481	0.394	0.397
1510	0.369	0.480	0.394	0.398
1520	0.369	0.479	0.394	0.397
1530	0.369	0.480	0.394	0.396
1540	0.368	0.481	0.394	0.398
eigenvalues:  tensor([42.5899, 39.4039])
hess item is 0.047345634549856186
1550	0.368	0.481	0.394	0.397
1560	0.368	0.484	0.394	0.398
1570	0.368	0.484	0.394	0.396
1580	0.368	0.483	0.393	0.397
1590	0.368	0.484	0.393	0.396
eigenvalues:  tensor([42.1015, 38.9429])
hess item is 0.04622820019721985
1600	0.367	0.485	0.393	0.398
1610	0.367	0.486	0.393	0.398
1620	0.367	0.486	0.393	0.398
1630	0.367	0.488	0.393	0.400
1640	0.367	0.489	0.393	0.400
eigenvalues:  tensor([41.6002, 38.4300])
hess item is 0.04513803869485855
1650	0.366	0.491	0.393	0.399
1660	0.366	0.488	0.393	0.396
1670	0.366	0.489	0.393	0.400
1680	0.366	0.492	0.393	0.399
1690	0.366	0.490	0.393	0.402
eigenvalues:  tensor([41.2053, 37.9646])
hess item is 0.044074054807424545
1700	0.366	0.491	0.393	0.398
1710	0.365	0.493	0.393	0.400
1720	0.365	0.493	0.393	0.401
1730	0.365	0.493	0.393	0.400
1740	0.365	0.495	0.392	0.402
eigenvalues:  tensor([40.8045, 37.4596])
hess item is 0.04303615540266037
1750	0.365	0.494	0.392	0.402
1760	0.365	0.493	0.392	0.401
1770	0.364	0.496	0.392	0.402
1780	0.364	0.496	0.392	0.403
1790	0.364	0.497	0.392	0.402
eigenvalues:  tensor([40.3383, 37.0082])
hess item is 0.042023614048957825
1800	0.364	0.497	0.392	0.403
1810	0.364	0.497	0.392	0.403
1820	0.364	0.498	0.392	0.403
1830	0.363	0.498	0.392	0.401
1840	0.363	0.497	0.392	0.402
eigenvalues:  tensor([39.9623, 36.5787])
hess item is 0.04103589057922363
1850	0.363	0.499	0.392	0.402
1860	0.363	0.500	0.392	0.404
1870	0.363	0.500	0.392	0.404
1880	0.363	0.503	0.392	0.403
1890	0.362	0.502	0.392	0.403
eigenvalues:  tensor([39.6798, 36.1557])
hess item is 0.0400719977915287
1900	0.362	0.500	0.392	0.404
1910	0.362	0.500	0.392	0.404
1920	0.362	0.500	0.392	0.403
1930	0.362	0.502	0.391	0.404
1940	0.362	0.503	0.391	0.405
eigenvalues:  tensor([39.2804, 35.7713])
hess item is 0.03913233056664467
1950	0.361	0.504	0.391	0.405
1960	0.361	0.503	0.391	0.405
1970	0.361	0.505	0.391	0.406
1980	0.361	0.506	0.391	0.405
1990	0.361	0.506	0.391	0.405
eigenvalues:  tensor([38.9272, 35.3499])
hess item is 0.038214631378650665
2000	0.361	0.506	0.391	0.405
2010	0.361	0.506	0.391	0.406
2020	0.360	0.507	0.391	0.405
2030	0.360	0.507	0.391	0.405
2040	0.360	0.508	0.391	0.407
eigenvalues:  tensor([38.6163, 34.9143])
hess item is 0.037319742143154144
2050	0.360	0.510	0.391	0.406
2060	0.360	0.509	0.391	0.405
2070	0.360	0.511	0.391	0.406
2080	0.359	0.510	0.391	0.407
2090	0.359	0.509	0.391	0.407
eigenvalues:  tensor([38.2334, 34.5121])
hess item is 0.03644656017422676
2100	0.359	0.512	0.391	0.406
2110	0.359	0.511	0.391	0.406
2120	0.359	0.512	0.391	0.407
2130	0.359	0.511	0.391	0.407
2140	0.358	0.513	0.391	0.409
eigenvalues:  tensor([37.9122, 34.1910])
hess item is 0.035594433546066284
2150	0.358	0.512	0.390	0.407
2160	0.358	0.513	0.390	0.407
2170	0.358	0.513	0.390	0.407
2180	0.358	0.514	0.390	0.407
2190	0.358	0.515	0.390	0.407
eigenvalues:  tensor([37.5604, 33.8762])
hess item is 0.034763067960739136
2200	0.357	0.515	0.390	0.407
2210	0.357	0.516	0.390	0.408
2220	0.357	0.513	0.390	0.408
2230	0.357	0.516	0.390	0.407
2240	0.357	0.519	0.390	0.408
eigenvalues:  tensor([37.2397, 33.5190])
hess item is 0.03395188972353935
2250	0.357	0.516	0.390	0.409
2260	0.357	0.517	0.390	0.409
2270	0.356	0.517	0.390	0.407
2280	0.356	0.519	0.390	0.408
2290	0.356	0.517	0.390	0.407
eigenvalues:  tensor([37.0150, 33.2879])
hess item is 0.033160582184791565
2300	0.356	0.519	0.390	0.410
2310	0.356	0.520	0.390	0.409
2320	0.355	0.521	0.390	0.409
2330	0.355	0.518	0.390	0.408
2340	0.355	0.520	0.390	0.410
eigenvalues:  tensor([36.6859, 32.9453])
hess item is 0.03238851577043533
2350	0.355	0.523	0.390	0.410
2360	0.355	0.521	0.389	0.409
2370	0.355	0.522	0.390	0.408
2380	0.355	0.522	0.390	0.409
2390	0.354	0.524	0.389	0.411
eigenvalues:  tensor([36.4432, 32.6130])
hess item is 0.031635019928216934
2400	0.354	0.524	0.389	0.412
2410	0.354	0.522	0.389	0.410
2420	0.354	0.522	0.389	0.410
2430	0.354	0.525	0.389	0.412
2440	0.354	0.524	0.389	0.409
eigenvalues:  tensor([36.1695, 32.3444])
hess item is 0.030900441110134125
2450	0.353	0.525	0.389	0.411
2460	0.353	0.528	0.389	0.411
2470	0.353	0.525	0.389	0.410
2480	0.353	0.524	0.389	0.411
2490	0.353	0.525	0.389	0.410
eigenvalues:  tensor([35.9151, 32.0321])
hess item is 0.030183032155036926
2500	0.353	0.529	0.389	0.411
2510	0.352	0.529	0.389	0.411
2520	0.352	0.528	0.389	0.409
2530	0.352	0.528	0.389	0.412
2540	0.352	0.528	0.389	0.412
eigenvalues:  tensor([35.5987, 31.7824])
hess item is 0.029484303668141365
2550	0.352	0.529	0.389	0.411
2560	0.352	0.531	0.389	0.412
2570	0.352	0.529	0.389	0.411
2580	0.351	0.532	0.389	0.412
2590	0.351	0.529	0.389	0.411
eigenvalues:  tensor([35.3395, 31.5241])
hess item is 0.028801698237657547
2600	0.351	0.530	0.389	0.412
2610	0.351	0.532	0.389	0.413
2620	0.351	0.533	0.389	0.412
2630	0.351	0.535	0.389	0.414
2640	0.350	0.534	0.388	0.412
eigenvalues:  tensor([35.0246, 31.2751])
hess item is 0.02813541516661644
2650	0.350	0.534	0.388	0.412
2660	0.350	0.533	0.389	0.411
2670	0.350	0.534	0.388	0.414
2680	0.350	0.536	0.388	0.414
2690	0.350	0.536	0.388	0.414
eigenvalues:  tensor([34.7375, 31.0174])
hess item is 0.027486175298690796
2700	0.349	0.538	0.388	0.413
2710	0.349	0.536	0.388	0.414
2720	0.349	0.539	0.388	0.414
2730	0.349	0.539	0.388	0.413
2740	0.349	0.539	0.388	0.415
eigenvalues:  tensor([34.4795, 30.7348])
hess item is 0.026852840557694435
2750	0.349	0.539	0.388	0.414
2760	0.348	0.540	0.388	0.414
2770	0.348	0.539	0.388	0.414
2780	0.348	0.541	0.388	0.415
2790	0.348	0.539	0.388	0.414
eigenvalues:  tensor([34.2318, 30.5218])
hess item is 0.026234157383441925
2800	0.348	0.542	0.388	0.415
2810	0.348	0.540	0.388	0.414
2820	0.348	0.543	0.388	0.414
2830	0.347	0.544	0.388	0.414
2840	0.347	0.543	0.388	0.414
eigenvalues:  tensor([33.9402, 30.3185])
hess item is 0.025630509480834007
2850	0.347	0.540	0.388	0.414
2860	0.347	0.541	0.388	0.413
2870	0.347	0.542	0.388	0.415
2880	0.347	0.546	0.388	0.417
2890	0.346	0.545	0.388	0.415
eigenvalues:  tensor([33.7547, 30.1235])
hess item is 0.02504156529903412
2900	0.346	0.547	0.388	0.417
2910	0.346	0.547	0.388	0.416
2920	0.346	0.547	0.387	0.417
2930	0.346	0.545	0.388	0.417
2940	0.346	0.546	0.388	0.415
eigenvalues:  tensor([33.4301, 29.9270])
hess item is 0.02446763776242733
2950	0.346	0.545	0.388	0.415
2960	0.345	0.547	0.387	0.416
2970	0.345	0.546	0.387	0.415
2980	0.345	0.547	0.387	0.416
2990	0.345	0.550	0.387	0.417
eigenvalues:  tensor([33.0522, 29.6295])
hess item is 0.023907702416181564
3000	0.345	0.550	0.387	0.418
3010	0.344	0.551	0.387	0.417
3020	0.344	0.549	0.387	0.416
3030	0.344	0.549	0.387	0.416
3040	0.344	0.551	0.387	0.417
eigenvalues:  tensor([32.7807, 29.4807])
hess item is 0.023360980674624443
3050	0.344	0.551	0.387	0.417
3060	0.344	0.552	0.387	0.418
3070	0.343	0.551	0.387	0.418
3080	0.343	0.554	0.387	0.418
3090	0.343	0.551	0.387	0.416
eigenvalues:  tensor([32.5565, 29.2661])
hess item is 0.022827623412013054
3100	0.343	0.553	0.387	0.418
3110	0.343	0.553	0.387	0.418
3120	0.343	0.554	0.387	0.417
3130	0.342	0.552	0.387	0.418
3140	0.342	0.555	0.387	0.419
eigenvalues:  tensor([32.2777, 29.1272])
hess item is 0.02230759523808956
3150	0.342	0.554	0.387	0.419
3160	0.342	0.552	0.387	0.417
3170	0.342	0.554	0.387	0.418
3180	0.342	0.559	0.387	0.419
3190	0.341	0.557	0.387	0.420
eigenvalues:  tensor([32.1105, 28.8637])
hess item is 0.021799849346280098
3200	0.341	0.557	0.387	0.419
3210	0.341	0.558	0.387	0.418
3220	0.341	0.559	0.387	0.420
3230	0.341	0.558	0.387	0.418
3240	0.341	0.558	0.387	0.420
eigenvalues:  tensor([31.8748, 28.6884])
hess item is 0.021304789930582047
3250	0.340	0.559	0.387	0.419
3260	0.340	0.559	0.387	0.419
3270	0.340	0.560	0.387	0.419
3280	0.340	0.561	0.387	0.419
3290	0.340	0.561	0.386	0.418
eigenvalues:  tensor([31.6424, 28.5356])
hess item is 0.02082139626145363
3300	0.340	0.563	0.386	0.418
3310	0.340	0.563	0.386	0.421
3320	0.339	0.563	0.386	0.419
3330	0.339	0.562	0.386	0.420
3340	0.339	0.563	0.386	0.419
eigenvalues:  tensor([31.4190, 28.3752])
hess item is 0.020349761471152306
3350	0.339	0.565	0.386	0.418
3360	0.339	0.566	0.386	0.419
3370	0.339	0.563	0.386	0.419
3380	0.338	0.565	0.386	0.419
3390	0.338	0.565	0.386	0.418
eigenvalues:  tensor([31.1943, 28.1982])
hess item is 0.019889608025550842
3400	0.338	0.566	0.386	0.418
3410	0.338	0.567	0.386	0.421
3420	0.338	0.566	0.386	0.418
3430	0.337	0.572	0.386	0.421
3440	0.337	0.570	0.386	0.421
eigenvalues:  tensor([30.9690, 27.9467])
hess item is 0.019440649077296257
3450	0.337	0.569	0.386	0.420
3460	0.337	0.571	0.386	0.421
3470	0.337	0.570	0.386	0.419
3480	0.337	0.568	0.386	0.420
3490	0.336	0.575	0.386	0.422
eigenvalues:  tensor([30.7927, 27.8051])
hess item is 0.0190028827637434
3500	0.336	0.572	0.386	0.422
3510	0.336	0.573	0.386	0.421
3520	0.336	0.574	0.386	0.420
3530	0.336	0.573	0.386	0.421
3540	0.336	0.574	0.386	0.420
eigenvalues:  tensor([30.6618, 27.7638])
hess item is 0.018575211986899376
3550	0.335	0.575	0.386	0.420
3560	0.335	0.576	0.386	0.421
3570	0.335	0.575	0.386	0.420
3580	0.335	0.574	0.386	0.420
3590	0.335	0.578	0.386	0.421
eigenvalues:  tensor([30.3817, 27.5928])
hess item is 0.018158715218305588
3600	0.334	0.575	0.386	0.421
3610	0.334	0.576	0.386	0.422
3620	0.334	0.577	0.386	0.421
3630	0.334	0.579	0.386	0.421
3640	0.334	0.577	0.386	0.422
eigenvalues:  tensor([30.1107, 27.4265])
hess item is 0.0177527517080307
3650	0.334	0.577	0.386	0.421
3660	0.333	0.581	0.386	0.422
3670	0.333	0.580	0.386	0.423
3680	0.333	0.581	0.386	0.423
3690	0.333	0.581	0.386	0.421
eigenvalues:  tensor([29.9624, 27.2443])
hess item is 0.017356164753437042
3700	0.333	0.582	0.386	0.421
3710	0.333	0.582	0.386	0.421
3720	0.332	0.582	0.386	0.422
3730	0.332	0.580	0.386	0.420
3740	0.332	0.582	0.386	0.423
eigenvalues:  tensor([29.7012, 27.0683])
hess item is 0.016969671472907066
3750	0.332	0.583	0.386	0.424
3760	0.332	0.584	0.386	0.422
3770	0.332	0.583	0.385	0.421
3780	0.331	0.585	0.386	0.422
3790	0.331	0.586	0.385	0.424
eigenvalues:  tensor([29.5128, 26.9426])
hess item is 0.01659211702644825
3800	0.331	0.590	0.385	0.426
3810	0.331	0.583	0.386	0.420
3820	0.331	0.586	0.385	0.424
3830	0.331	0.587	0.385	0.423
3840	0.330	0.587	0.385	0.423
eigenvalues:  tensor([29.3796, 26.8208])
hess item is 0.01622355356812477
3850	0.330	0.588	0.386	0.422
3860	0.330	0.586	0.385	0.421
3870	0.330	0.590	0.385	0.422
3880	0.330	0.587	0.386	0.423
3890	0.329	0.591	0.385	0.424
eigenvalues:  tensor([29.1005, 26.6222])
hess item is 0.015863897278904915
3900	0.329	0.588	0.385	0.425
3910	0.329	0.591	0.385	0.424
3920	0.329	0.591	0.385	0.425
3930	0.329	0.590	0.385	0.423
3940	0.328	0.593	0.385	0.424
eigenvalues:  tensor([28.9518, 26.5397])
hess item is 0.015513356775045395
3950	0.328	0.591	0.385	0.425
3960	0.328	0.590	0.385	0.424
3970	0.328	0.594	0.385	0.424
3980	0.328	0.594	0.385	0.425
3990	0.328	0.592	0.385	0.423
eigenvalues:  tensor([28.7288, 26.4123])
hess item is 0.015171214006841183
4000	0.327	0.595	0.385	0.425
4010	0.327	0.597	0.385	0.423
4020	0.327	0.597	0.385	0.424
4030	0.327	0.594	0.385	0.424
4040	0.327	0.598	0.385	0.423
eigenvalues:  tensor([28.5560, 26.2680])
hess item is 0.014837302267551422
4050	0.327	0.598	0.385	0.426
4060	0.327	0.599	0.385	0.426
4070	0.326	0.598	0.385	0.427
4080	0.326	0.598	0.385	0.424
4090	0.326	0.598	0.385	0.427
eigenvalues:  tensor([28.4025, 26.2126])
hess item is 0.01451131608337164
4100	0.326	0.598	0.385	0.425
4110	0.326	0.599	0.385	0.424
4120	0.325	0.602	0.385	0.425
4130	0.325	0.600	0.385	0.427
4140	0.325	0.601	0.385	0.426
eigenvalues:  tensor([28.2292, 26.0772])
hess item is 0.014193517155945301
4150	0.325	0.604	0.385	0.427
4160	0.325	0.603	0.385	0.424
4170	0.324	0.603	0.385	0.427
4180	0.324	0.600	0.385	0.425
4190	0.324	0.603	0.385	0.427
eigenvalues:  tensor([28.0514, 25.9777])
hess item is 0.013883964158594608
4200	0.324	0.604	0.385	0.425
4210	0.324	0.605	0.385	0.427
4220	0.324	0.605	0.385	0.427
4230	0.323	0.607	0.385	0.429
4240	0.323	0.607	0.385	0.428
eigenvalues:  tensor([27.9355, 25.9804])
hess item is 0.01358118373900652
4250	0.323	0.607	0.385	0.425
4260	0.323	0.611	0.385	0.428
4270	0.323	0.611	0.385	0.428
4280	0.322	0.608	0.385	0.427
4290	0.322	0.611	0.385	0.427
eigenvalues:  tensor([27.7490, 25.8553])
hess item is 0.01328591350466013
4300	0.322	0.613	0.385	0.427
4310	0.322	0.612	0.385	0.428
4320	0.322	0.612	0.385	0.428
4330	0.322	0.615	0.385	0.428
4340	0.321	0.613	0.385	0.427
eigenvalues:  tensor([27.5742, 25.6386])
hess item is 0.012997904792428017
4350	0.321	0.614	0.384	0.428
4360	0.321	0.612	0.385	0.429
4370	0.321	0.613	0.385	0.428
4380	0.321	0.617	0.385	0.426
4390	0.320	0.615	0.385	0.429
eigenvalues:  tensor([27.4605, 25.5906])
hess item is 0.012717201374471188
4400	0.320	0.615	0.385	0.429
4410	0.320	0.617	0.385	0.427
4420	0.320	0.614	0.385	0.428
4430	0.320	0.617	0.385	0.429
4440	0.319	0.620	0.385	0.429
eigenvalues:  tensor([27.3115, 25.5258])
hess item is 0.012442880310118198
4450	0.319	0.619	0.385	0.427
4460	0.319	0.619	0.385	0.428
4470	0.319	0.619	0.385	0.427
4480	0.319	0.623	0.385	0.429
4490	0.318	0.621	0.384	0.430
eigenvalues:  tensor([27.2542, 25.5531])
hess item is 0.012175194919109344
4500	0.318	0.620	0.384	0.430
4510	0.318	0.624	0.385	0.428
4520	0.318	0.621	0.385	0.429
4530	0.318	0.624	0.385	0.429
4540	0.318	0.623	0.384	0.428
eigenvalues:  tensor([27.0479, 25.3741])
hess item is 0.011914686299860477
4550	0.318	0.626	0.385	0.430
4560	0.317	0.623	0.385	0.428
4570	0.317	0.625	0.385	0.430
4580	0.317	0.625	0.385	0.429
4590	0.317	0.622	0.385	0.430
eigenvalues:  tensor([26.9072, 25.2640])
hess item is 0.011660058982670307
4600	0.316	0.624	0.384	0.431
4610	0.316	0.629	0.384	0.429
4620	0.316	0.626	0.384	0.429
4630	0.316	0.627	0.385	0.428
4640	0.316	0.629	0.384	0.430
eigenvalues:  tensor([26.8031, 25.1761])
hess item is 0.011412092484533787
4650	0.316	0.629	0.384	0.429
4660	0.315	0.631	0.384	0.430
4670	0.315	0.632	0.384	0.431
4680	0.315	0.632	0.385	0.429
4690	0.315	0.632	0.384	0.428
eigenvalues:  tensor([26.7262, 25.1919])
hess item is 0.01116978470236063
4700	0.315	0.631	0.385	0.430
4710	0.314	0.632	0.385	0.430
4720	0.314	0.632	0.385	0.431
4730	0.314	0.633	0.384	0.431
4740	0.314	0.635	0.384	0.431
eigenvalues:  tensor([26.6693, 25.0562])
hess item is 0.010933385230600834
4750	0.314	0.633	0.385	0.430
4760	0.314	0.635	0.384	0.429
4770	0.314	0.636	0.385	0.430
4780	0.313	0.634	0.384	0.430
4790	0.313	0.635	0.384	0.431
eigenvalues:  tensor([26.5251, 25.0616])
hess item is 0.010702339932322502
4800	0.313	0.633	0.384	0.431
4810	0.313	0.636	0.384	0.430
4820	0.312	0.635	0.384	0.430
4830	0.312	0.637	0.384	0.431
4840	0.312	0.638	0.385	0.431
eigenvalues:  tensor([26.4531, 25.0472])
hess item is 0.010477360337972641
4850	0.312	0.637	0.385	0.431
4860	0.312	0.637	0.384	0.431
4870	0.311	0.640	0.384	0.430
4880	0.311	0.638	0.384	0.430
4890	0.311	0.638	0.385	0.430
eigenvalues:  tensor([26.3426, 24.8768])
hess item is 0.010258168913424015
4900	0.311	0.637	0.385	0.429
4910	0.310	0.640	0.384	0.430
4920	0.310	0.641	0.384	0.433
4930	0.311	0.637	0.385	0.430
4940	0.310	0.641	0.384	0.431
eigenvalues:  tensor([26.2991, 24.9614])
hess item is 0.010043563321232796
4950	0.310	0.643	0.385	0.430
4960	0.310	0.644	0.384	0.430
4970	0.309	0.641	0.384	0.431
4980	0.309	0.643	0.384	0.428
4990	0.309	0.645	0.384	0.431
eigenvalues:  tensor([26.1500, 24.8917])
hess item is 0.00983433797955513
5000	0.309	0.645	0.384	0.431
5010	0.309	0.644	0.384	0.431
5020	0.308	0.646	0.384	0.432
5030	0.308	0.642	0.385	0.431
5040	0.308	0.649	0.384	0.431
eigenvalues:  tensor([26.0953, 24.8537])
hess item is 0.009630233980715275
5050	0.308	0.646	0.384	0.431
5060	0.308	0.646	0.384	0.434
5070	0.308	0.646	0.385	0.430
5080	0.307	0.646	0.384	0.431
5090	0.307	0.646	0.384	0.433
eigenvalues:  tensor([26.0913, 24.8546])
hess item is 0.00943149346858263
5100	0.307	0.649	0.384	0.433
5110	0.307	0.649	0.385	0.428
5120	0.307	0.649	0.384	0.431
5130	0.306	0.647	0.384	0.431
5140	0.306	0.649	0.385	0.432
eigenvalues:  tensor([25.9735, 24.7796])
hess item is 0.00923779234290123
5150	0.306	0.654	0.384	0.431
5160	0.306	0.650	0.385	0.430
5170	0.306	0.652	0.384	0.431
5180	0.305	0.654	0.385	0.431
5190	0.305	0.652	0.384	0.431
eigenvalues:  tensor([25.9931, 24.8066])
hess item is 0.00904875248670578
5200	0.305	0.652	0.384	0.431
5210	0.305	0.652	0.384	0.432
5220	0.304	0.654	0.384	0.431
5230	0.305	0.657	0.384	0.432
5240	0.304	0.655	0.384	0.433
eigenvalues:  tensor([25.9205, 24.7955])
hess item is 0.00886415597051382
5250	0.304	0.656	0.384	0.433
5260	0.304	0.657	0.385	0.427
5270	0.304	0.658	0.384	0.431
5280	0.303	0.656	0.384	0.431
5290	0.303	0.656	0.384	0.431
eigenvalues:  tensor([25.8595, 24.8140])
hess item is 0.008684298023581505
5300	0.303	0.663	0.385	0.430
5310	0.303	0.660	0.384	0.432
5320	0.303	0.660	0.385	0.430
5330	0.303	0.660	0.385	0.431
5340	0.302	0.662	0.384	0.431
eigenvalues:  tensor([25.8497, 24.8509])
hess item is 0.008508073166012764
5350	0.302	0.661	0.384	0.431
5360	0.302	0.660	0.384	0.432
5370	0.302	0.660	0.384	0.432
5380	0.302	0.664	0.385	0.433
5390	0.301	0.661	0.384	0.434
eigenvalues:  tensor([25.9319, 24.9236])
hess item is 0.008337154984474182
5400	0.301	0.665	0.385	0.431
5410	0.301	0.665	0.384	0.432
5420	0.301	0.667	0.385	0.432
5430	0.301	0.660	0.385	0.430
5440	0.300	0.665	0.385	0.432
eigenvalues:  tensor([25.8528, 24.8317])
hess item is 0.008169413544237614
5450	0.300	0.665	0.384	0.434
5460	0.300	0.668	0.384	0.433
5470	0.300	0.666	0.385	0.432
5480	0.299	0.666	0.385	0.434
5490	0.299	0.667	0.385	0.433
eigenvalues:  tensor([25.8294, 24.8575])
hess item is 0.00800640694797039
5500	0.299	0.670	0.385	0.432
5510	0.299	0.670	0.385	0.432
5520	0.299	0.669	0.385	0.432
5530	0.298	0.672	0.385	0.433
5540	0.298	0.672	0.385	0.432
eigenvalues:  tensor([25.7757, 24.8658])
hess item is 0.007847346365451813
5550	0.298	0.675	0.384	0.433
5560	0.298	0.675	0.385	0.430
5570	0.297	0.672	0.384	0.433
5580	0.297	0.675	0.384	0.433
5590	0.297	0.675	0.385	0.434
eigenvalues:  tensor([25.8839, 25.0369])
hess item is 0.007692513056099415
5600	0.297	0.677	0.385	0.433
5610	0.297	0.678	0.384	0.433
5620	0.296	0.676	0.384	0.432
5630	0.297	0.676	0.385	0.432
5640	0.296	0.676	0.384	0.433
eigenvalues:  tensor([25.8757, 25.0475])
hess item is 0.007540786173194647
5650	0.296	0.677	0.384	0.434
5660	0.296	0.675	0.385	0.434
5670	0.296	0.681	0.385	0.431
5680	0.295	0.680	0.384	0.433
5690	0.295	0.679	0.385	0.435
eigenvalues:  tensor([25.8119, 25.0020])
hess item is 0.007392968516796827
5700	0.295	0.679	0.385	0.433
5710	0.295	0.677	0.385	0.433
5720	0.295	0.677	0.385	0.434
5730	0.294	0.679	0.385	0.434
5740	0.294	0.677	0.385	0.432
eigenvalues:  tensor([25.8722, 25.0908])
hess item is 0.007249028887599707
5750	0.294	0.681	0.385	0.432
5760	0.294	0.684	0.385	0.433
5770	0.294	0.679	0.385	0.434
5780	0.294	0.682	0.385	0.433
5790	0.294	0.682	0.385	0.434
eigenvalues:  tensor([25.8924, 25.1068])
hess item is 0.007108668796718121
5800	0.293	0.683	0.385	0.433
5810	0.293	0.686	0.385	0.432
5820	0.293	0.683	0.385	0.432
5830	0.292	0.682	0.385	0.435
5840	0.293	0.685	0.385	0.432
eigenvalues:  tensor([25.9096, 25.1970])
hess item is 0.00697089359164238
5850	0.293	0.684	0.385	0.432
5860	0.292	0.685	0.385	0.434
5870	0.292	0.686	0.385	0.434
5880	0.292	0.686	0.385	0.433
5890	0.291	0.686	0.385	0.434
eigenvalues:  tensor([25.9676, 25.2749])
hess item is 0.006837190128862858
5900	0.291	0.689	0.385	0.432
5910	0.291	0.688	0.385	0.435
5920	0.291	0.686	0.385	0.434
5930	0.291	0.692	0.385	0.432
5940	0.290	0.692	0.385	0.433
eigenvalues:  tensor([25.9092, 25.2093])
hess item is 0.006706928368657827
5950	0.290	0.692	0.385	0.433
5960	0.290	0.689	0.385	0.434
5970	0.290	0.692	0.385	0.431
5980	0.289	0.694	0.385	0.434
5990	0.289	0.692	0.385	0.434
eigenvalues:  tensor([25.9882, 25.3170])
hess item is 0.006579719018191099
6000	0.289	0.694	0.386	0.431
6010	0.289	0.694	0.385	0.433
6020	0.289	0.692	0.385	0.434
6030	0.289	0.692	0.385	0.433
6040	0.289	0.695	0.386	0.430
eigenvalues:  tensor([26.0111, 25.4124])
hess item is 0.0064560226164758205
6050	0.288	0.696	0.385	0.434
6060	0.288	0.698	0.385	0.435
6070	0.288	0.693	0.385	0.434
6080	0.287	0.695	0.385	0.433
6090	0.287	0.697	0.385	0.434
eigenvalues:  tensor([26.1033, 25.5323])
hess item is 0.0063346996903419495
6100	0.287	0.697	0.385	0.435
6110	0.287	0.698	0.385	0.434
6120	0.287	0.698	0.385	0.432
6130	0.287	0.697	0.386	0.432
6140	0.286	0.698	0.385	0.433
eigenvalues:  tensor([26.1295, 25.5716])
hess item is 0.006216365844011307
6150	0.286	0.698	0.385	0.431
6160	0.286	0.697	0.386	0.432
6170	0.286	0.702	0.385	0.434
6180	0.286	0.696	0.386	0.433
6190	0.286	0.702	0.385	0.434
eigenvalues:  tensor([26.2280, 25.7083])
hess item is 0.006100884638726711
6200	0.285	0.703	0.385	0.434
6210	0.285	0.701	0.386	0.431
6220	0.285	0.704	0.385	0.433
6230	0.285	0.700	0.386	0.434
6240	0.284	0.704	0.385	0.434
eigenvalues:  tensor([26.3638, 25.8533])
hess item is 0.005989018362015486
6250	0.284	0.702	0.386	0.431
6260	0.284	0.702	0.385	0.432
6270	0.284	0.710	0.385	0.434
6280	0.283	0.706	0.386	0.434
6290	0.283	0.708	0.386	0.433
eigenvalues:  tensor([26.4110, 25.9147])
hess item is 0.00587888341397047
6300	0.283	0.706	0.385	0.435
6310	0.283	0.704	0.386	0.432
6320	0.283	0.704	0.386	0.434
6330	0.283	0.707	0.386	0.435
6340	0.282	0.708	0.386	0.434
eigenvalues:  tensor([26.3285, 25.8257])
hess item is 0.005771451164036989
6350	0.282	0.708	0.386	0.434
6360	0.282	0.710	0.386	0.434
6370	0.282	0.708	0.386	0.434
6380	0.281	0.708	0.386	0.432
6390	0.281	0.712	0.385	0.435
eigenvalues:  tensor([26.5390, 26.0186])
hess item is 0.005666676908731461
6400	0.281	0.710	0.386	0.434
6410	0.281	0.714	0.386	0.432
6420	0.281	0.714	0.386	0.433
6430	0.280	0.713	0.386	0.433
6440	0.280	0.717	0.386	0.435
eigenvalues:  tensor([26.6440, 26.1699])
hess item is 0.005564485676586628
6450	0.280	0.711	0.386	0.432
6460	0.280	0.715	0.386	0.433
6470	0.280	0.711	0.386	0.433
6480	0.280	0.716	0.386	0.434
6490	0.279	0.715	0.386	0.433
eigenvalues:  tensor([26.6034, 26.1509])
hess item is 0.0054651787504553795
6500	0.279	0.722	0.386	0.434
6510	0.279	0.717	0.386	0.435
6520	0.279	0.717	0.386	0.432
6530	0.278	0.715	0.386	0.431
6540	0.278	0.718	0.386	0.433
eigenvalues:  tensor([26.8069, 26.3997])
hess item is 0.005368318874388933
6550	0.278	0.717	0.386	0.432
6560	0.278	0.721	0.386	0.434
6570	0.278	0.722	0.386	0.433
6580	0.277	0.719	0.386	0.435
6590	0.278	0.719	0.386	0.434
eigenvalues:  tensor([26.8869, 26.4562])
hess item is 0.005273406859487295
6600	0.277	0.724	0.386	0.433
6610	0.277	0.721	0.387	0.435
6620	0.277	0.723	0.386	0.434
6630	0.277	0.720	0.386	0.435
6640	0.277	0.719	0.387	0.433
eigenvalues:  tensor([26.9657, 26.5537])
hess item is 0.005181217100471258
6650	0.276	0.724	0.387	0.434
6660	0.276	0.722	0.386	0.435
6670	0.276	0.722	0.386	0.433
6680	0.276	0.725	0.387	0.433
6690	0.276	0.727	0.387	0.434
eigenvalues:  tensor([26.9691, 26.5975])
hess item is 0.0050917924381792545
6700	0.275	0.729	0.386	0.436
6710	0.275	0.724	0.387	0.434
6720	0.275	0.723	0.387	0.433
6730	0.275	0.725	0.387	0.436
6740	0.275	0.727	0.387	0.432
eigenvalues:  tensor([27.1803, 26.7621])
hess item is 0.005003469064831734
6750	0.274	0.730	0.387	0.433
6760	0.274	0.727	0.387	0.435
6770	0.274	0.728	0.387	0.435
6780	0.274	0.730	0.387	0.436
6790	0.274	0.729	0.387	0.436
eigenvalues:  tensor([27.3690, 26.9626])
hess item is 0.0049173422157764435
6800	0.273	0.730	0.387	0.434
6810	0.273	0.730	0.387	0.435
6820	0.273	0.732	0.387	0.434
6830	0.273	0.733	0.387	0.433
6840	0.273	0.731	0.387	0.437
eigenvalues:  tensor([27.4486, 27.0608])
hess item is 0.00483369268476963
6850	0.272	0.731	0.387	0.435
6860	0.272	0.733	0.386	0.434
6870	0.272	0.736	0.387	0.435
6880	0.272	0.732	0.387	0.435
6890	0.272	0.736	0.387	0.434
eigenvalues:  tensor([27.5719, 27.1936])
hess item is 0.004752750042825937
6900	0.271	0.735	0.387	0.434
6910	0.271	0.737	0.387	0.434
6920	0.271	0.738	0.387	0.435
6930	0.270	0.738	0.387	0.436
6940	0.270	0.735	0.387	0.434
eigenvalues:  tensor([27.6638, 27.2920])
hess item is 0.00467397877946496
6950	0.270	0.738	0.387	0.435
6960	0.270	0.738	0.387	0.435
6970	0.270	0.737	0.387	0.434
6980	0.269	0.742	0.387	0.436
6990	0.270	0.740	0.387	0.435
eigenvalues:  tensor([27.7534, 27.4150])
hess item is 0.004596759099513292
7000	0.269	0.738	0.387	0.435
7010	0.269	0.739	0.387	0.437
7020	0.269	0.740	0.387	0.436
7030	0.269	0.738	0.387	0.435
7040	0.269	0.741	0.387	0.434
eigenvalues:  tensor([27.9736, 27.6340])
hess item is 0.004521598108112812
7050	0.269	0.740	0.388	0.434
7060	0.268	0.745	0.387	0.435
7070	0.268	0.744	0.387	0.435
7080	0.268	0.743	0.388	0.431
7090	0.267	0.746	0.388	0.433
eigenvalues:  tensor([27.9846, 27.6673])
hess item is 0.004448546562343836
7100	0.267	0.745	0.387	0.434
7110	0.268	0.744	0.388	0.433
7120	0.267	0.743	0.388	0.435
7130	0.267	0.743	0.388	0.436
7140	0.267	0.746	0.388	0.435
eigenvalues:  tensor([28.0726, 27.7945])
hess item is 0.004376623779535294
7150	0.266	0.748	0.387	0.433
7160	0.266	0.747	0.388	0.432
7170	0.266	0.749	0.387	0.435
7180	0.266	0.747	0.388	0.434
7190	0.266	0.750	0.388	0.434
eigenvalues:  tensor([28.2330, 27.9647])
hess item is 0.004306796472519636
7200	0.265	0.749	0.388	0.434
7210	0.265	0.746	0.388	0.435
7220	0.265	0.751	0.388	0.436
7230	0.265	0.749	0.388	0.434
7240	0.265	0.750	0.388	0.434
eigenvalues:  tensor([28.2331, 27.9618])
hess item is 0.004238597117364407
7250	0.264	0.751	0.388	0.431
7260	0.264	0.749	0.388	0.432
7270	0.264	0.752	0.388	0.431
7280	0.264	0.752	0.388	0.432
7290	0.263	0.753	0.388	0.432
eigenvalues:  tensor([28.3636, 28.1020])
hess item is 0.004173015709966421
7300	0.263	0.754	0.388	0.433
7310	0.263	0.756	0.388	0.433
7320	0.263	0.752	0.388	0.433
7330	0.263	0.757	0.388	0.433
7340	0.262	0.757	0.388	0.434
eigenvalues:  tensor([28.5205, 28.2501])
hess item is 0.004107844550162554
7350	0.263	0.758	0.388	0.434
7360	0.262	0.757	0.388	0.433
7370	0.262	0.757	0.388	0.434
7380	0.262	0.759	0.388	0.432
7390	0.262	0.757	0.388	0.433
eigenvalues:  tensor([28.7825, 28.5035])
hess item is 0.00404497841373086
7400	0.262	0.757	0.389	0.432
7410	0.261	0.757	0.388	0.432
7420	0.261	0.760	0.388	0.432
7430	0.261	0.760	0.388	0.432
7440	0.261	0.761	0.389	0.432
eigenvalues:  tensor([28.8660, 28.5995])
hess item is 0.003983680624514818
7450	0.260	0.759	0.388	0.433
7460	0.260	0.762	0.389	0.433
7470	0.260	0.763	0.389	0.433
7480	0.260	0.762	0.389	0.433
7490	0.260	0.761	0.388	0.433
eigenvalues:  tensor([29.0639, 28.8006])
hess item is 0.003923647105693817
7500	0.260	0.760	0.389	0.432
7510	0.260	0.761	0.389	0.434
7520	0.259	0.762	0.389	0.434
7530	0.259	0.763	0.389	0.432
7540	0.259	0.761	0.389	0.434
eigenvalues:  tensor([29.1235, 28.8950])
hess item is 0.003863981692120433
7550	0.259	0.763	0.389	0.433
7560	0.259	0.763	0.389	0.433
7570	0.258	0.764	0.389	0.433
7580	0.258	0.767	0.389	0.432
7590	0.258	0.766	0.389	0.433
eigenvalues:  tensor([29.2579, 29.0323])
hess item is 0.003807362634688616
7600	0.258	0.765	0.389	0.434
7610	0.258	0.767	0.389	0.433
7620	0.257	0.770	0.389	0.434
7630	0.257	0.768	0.389	0.435
7640	0.257	0.765	0.389	0.435
eigenvalues:  tensor([29.4301, 29.1829])
hess item is 0.0037518972530961037
7650	0.257	0.770	0.389	0.431
7660	0.257	0.771	0.389	0.433
7670	0.257	0.768	0.389	0.431
7680	0.257	0.768	0.389	0.432
7690	0.256	0.769	0.389	0.434
eigenvalues:  tensor([29.6133, 29.3743])
hess item is 0.0036981499288231134
7700	0.256	0.769	0.389	0.433
7710	0.256	0.773	0.389	0.435
7720	0.255	0.772	0.389	0.435
7730	0.255	0.769	0.389	0.432
7740	0.255	0.771	0.390	0.434
eigenvalues:  tensor([29.7231, 29.4908])
hess item is 0.0036454617511481047
7750	0.255	0.772	0.389	0.433
7760	0.255	0.773	0.390	0.430
7770	0.254	0.774	0.389	0.433
7780	0.255	0.773	0.390	0.433
7790	0.254	0.774	0.390	0.431
eigenvalues:  tensor([29.8422, 29.6277])
hess item is 0.003593822242692113
7800	0.254	0.773	0.390	0.432
7810	0.254	0.775	0.390	0.431
7820	0.254	0.772	0.390	0.433
7830	0.253	0.774	0.390	0.434
7840	0.253	0.775	0.390	0.432
eigenvalues:  tensor([29.8823, 29.6847])
hess item is 0.003543905448168516
7850	0.253	0.776	0.390	0.431
7860	0.253	0.777	0.390	0.433
7870	0.252	0.776	0.390	0.432
7880	0.252	0.776	0.390	0.431
7890	0.252	0.777	0.390	0.430
eigenvalues:  tensor([30.0050, 29.8113])
hess item is 0.003496026387438178
7900	0.252	0.776	0.390	0.434
7910	0.252	0.776	0.390	0.430
7920	0.252	0.779	0.390	0.430
7930	0.252	0.778	0.390	0.432
7940	0.251	0.781	0.390	0.433
eigenvalues:  tensor([30.2334, 30.0383])
hess item is 0.0034483633935451508
7950	0.251	0.780	0.390	0.432
7960	0.251	0.779	0.390	0.431
7970	0.251	0.779	0.391	0.432
7980	0.251	0.782	0.390	0.433
7990	0.250	0.782	0.390	0.431
eigenvalues:  tensor([30.2722, 30.1073])
hess item is 0.0034022610634565353
8000	0.250	0.781	0.390	0.432
8010	0.250	0.783	0.390	0.431
8020	0.250	0.783	0.391	0.433
8030	0.250	0.782	0.391	0.432
8040	0.249	0.784	0.390	0.433
eigenvalues:  tensor([30.3933, 30.2337])
hess item is 0.0033573803957551718
8050	0.249	0.782	0.391	0.430
8060	0.249	0.781	0.391	0.433
8070	0.249	0.782	0.390	0.431
8080	0.249	0.786	0.391	0.432
8090	0.249	0.781	0.391	0.430
eigenvalues:  tensor([30.7216, 30.5564])
hess item is 0.003312529996037483
8100	0.249	0.784	0.391	0.432
8110	0.248	0.785	0.391	0.433
8120	0.248	0.787	0.391	0.433
8130	0.248	0.789	0.391	0.431
8140	0.248	0.787	0.391	0.429
eigenvalues:  tensor([30.8976, 30.7433])
hess item is 0.0032686786726117134
8150	0.248	0.786	0.391	0.430
8160	0.247	0.789	0.391	0.433
8170	0.247	0.789	0.391	0.431
8180	0.247	0.790	0.391	0.432
8190	0.247	0.786	0.391	0.431
eigenvalues:  tensor([30.8597, 30.6939])
hess item is 0.0032277945429086685
8200	0.247	0.790	0.391	0.432
8210	0.247	0.791	0.391	0.430
8220	0.246	0.791	0.391	0.431
8230	0.246	0.788	0.391	0.431
8240	0.246	0.790	0.391	0.432
eigenvalues:  tensor([31.1757, 31.0136])
hess item is 0.003186807967722416
8250	0.246	0.791	0.391	0.432
8260	0.246	0.793	0.391	0.432
8270	0.245	0.792	0.391	0.434
8280	0.246	0.789	0.392	0.431
8290	0.245	0.794	0.391	0.430
eigenvalues:  tensor([31.2203, 31.0612])
hess item is 0.003146608592942357
8300	0.245	0.794	0.391	0.431
8310	0.245	0.794	0.392	0.431
8320	0.245	0.795	0.392	0.431
8330	0.244	0.794	0.392	0.431
8340	0.244	0.798	0.392	0.431
eigenvalues:  tensor([31.3560, 31.1889])
hess item is 0.0031078907195478678
8350	0.244	0.796	0.392	0.430
8360	0.244	0.796	0.391	0.431
8370	0.244	0.795	0.392	0.431
8380	0.244	0.799	0.392	0.432
8390	0.243	0.796	0.392	0.430
eigenvalues:  tensor([31.3439, 31.1787])
hess item is 0.0030698603950440884
8400	0.243	0.798	0.392	0.432
8410	0.243	0.801	0.392	0.432
8420	0.243	0.797	0.392	0.432
8430	0.243	0.797	0.392	0.430
8440	0.242	0.798	0.392	0.432
eigenvalues:  tensor([31.5220, 31.3602])
hess item is 0.003033336950466037
8450	0.242	0.799	0.392	0.432
8460	0.242	0.798	0.392	0.431
8470	0.242	0.798	0.392	0.431
8480	0.241	0.799	0.392	0.432
8490	0.242	0.799	0.392	0.431
eigenvalues:  tensor([31.6187, 31.4595])
hess item is 0.0029982286505401134
8500	0.241	0.801	0.392	0.432
8510	0.241	0.803	0.392	0.432
8520	0.241	0.799	0.392	0.430
8530	0.241	0.801	0.392	0.430
8540	0.241	0.802	0.392	0.432
eigenvalues:  tensor([31.8552, 31.7018])
hess item is 0.002964136889204383
8550	0.240	0.802	0.392	0.431
8560	0.240	0.804	0.392	0.431
8570	0.240	0.802	0.392	0.430
8580	0.240	0.801	0.392	0.431
8590	0.240	0.800	0.393	0.432
eigenvalues:  tensor([32.1255, 31.9780])
hess item is 0.0029295526910573244
8600	0.240	0.801	0.392	0.431
8610	0.239	0.806	0.393	0.430
8620	0.239	0.804	0.392	0.430
8630	0.239	0.803	0.393	0.430
8640	0.239	0.805	0.393	0.429
eigenvalues:  tensor([32.2156, 32.0602])
hess item is 0.0028962751384824514
8650	0.239	0.804	0.393	0.432
8660	0.239	0.805	0.393	0.431
8670	0.238	0.806	0.393	0.431
8680	0.238	0.806	0.393	0.430
8690	0.238	0.809	0.393	0.431
eigenvalues:  tensor([32.2773, 32.1233])
hess item is 0.002864145440980792
8700	0.238	0.808	0.393	0.431
8710	0.238	0.809	0.393	0.431
8720	0.238	0.807	0.393	0.431
8730	0.238	0.809	0.393	0.429
8740	0.237	0.808	0.393	0.428
eigenvalues:  tensor([32.5055, 32.3431])
hess item is 0.002832520753145218
8750	0.237	0.808	0.393	0.429
8760	0.237	0.808	0.393	0.429
8770	0.237	0.808	0.393	0.431
8780	0.237	0.809	0.393	0.431
8790	0.236	0.812	0.393	0.432
eigenvalues:  tensor([32.7501, 32.6054])
hess item is 0.002801386872306466
8800	0.236	0.809	0.393	0.430
8810	0.236	0.810	0.393	0.431
8820	0.236	0.809	0.393	0.431
8830	0.236	0.813	0.393	0.429
8840	0.236	0.812	0.394	0.429
eigenvalues:  tensor([32.9684, 32.8120])
hess item is 0.002771148458123207
8850	0.236	0.810	0.393	0.430
8860	0.235	0.812	0.393	0.429
8870	0.235	0.813	0.393	0.431
8880	0.235	0.813	0.393	0.430
8890	0.235	0.812	0.394	0.430
eigenvalues:  tensor([32.8957, 32.7057])
hess item is 0.002742290496826172
8900	0.235	0.814	0.394	0.428
8910	0.235	0.811	0.394	0.430
8920	0.234	0.813	0.393	0.430
8930	0.234	0.813	0.394	0.429
8940	0.234	0.817	0.394	0.428
eigenvalues:  tensor([32.9861, 32.8179])
hess item is 0.0027138369623571634
8950	0.233	0.817	0.393	0.429
8960	0.234	0.814	0.394	0.428
8970	0.233	0.818	0.393	0.430
8980	0.233	0.816	0.394	0.431
8990	0.233	0.816	0.394	0.430
eigenvalues:  tensor([33.1849, 33.0361])
hess item is 0.002685422310605645
9000	0.233	0.816	0.394	0.430
9010	0.233	0.815	0.394	0.429
9020	0.233	0.817	0.394	0.430
9030	0.232	0.817	0.394	0.429
9040	0.232	0.820	0.394	0.429
eigenvalues:  tensor([33.0841, 32.9311])
hess item is 0.0026575226802378893
9050	0.232	0.818	0.394	0.431
9060	0.232	0.820	0.394	0.428
9070	0.231	0.821	0.394	0.429
9080	0.232	0.817	0.394	0.429
9090	0.231	0.819	0.394	0.428
eigenvalues:  tensor([33.3702, 33.2173])
hess item is 0.0026304752100259066
9100	0.231	0.818	0.394	0.429
9110	0.231	0.820	0.394	0.430
9120	0.231	0.823	0.394	0.429
9130	0.231	0.822	0.395	0.430
9140	0.231	0.820	0.394	0.429
eigenvalues:  tensor([33.5698, 33.4192])
hess item is 0.0026056503411382437
9150	0.231	0.820	0.395	0.428
9160	0.230	0.823	0.395	0.428
9170	0.230	0.820	0.394	0.429
9180	0.230	0.821	0.394	0.429
9190	0.230	0.822	0.394	0.429
eigenvalues:  tensor([33.4375, 33.2784])
hess item is 0.002580581232905388
9200	0.229	0.825	0.395	0.428
9210	0.229	0.824	0.394	0.429
9220	0.230	0.821	0.395	0.427
9230	0.229	0.822	0.395	0.429
9240	0.229	0.823	0.395	0.428
eigenvalues:  tensor([33.9309, 33.7807])
hess item is 0.0025570786092430353
9250	0.229	0.822	0.395	0.429
9260	0.228	0.826	0.394	0.429
9270	0.228	0.825	0.395	0.428
9280	0.228	0.828	0.395	0.428
9290	0.228	0.822	0.395	0.429
eigenvalues:  tensor([33.9523, 33.8028])
hess item is 0.0025333547964692116
9300	0.228	0.824	0.395	0.428
9310	0.228	0.827	0.395	0.428
9320	0.228	0.826	0.395	0.427
9330	0.228	0.823	0.395	0.429
9340	0.227	0.828	0.395	0.428
eigenvalues:  tensor([34.0896, 33.9302])
hess item is 0.002511556027457118
9350	0.227	0.827	0.395	0.426
9360	0.227	0.826	0.395	0.428
9370	0.227	0.827	0.395	0.429
9380	0.227	0.826	0.395	0.427
9390	0.226	0.830	0.395	0.428
eigenvalues:  tensor([34.2203, 34.0546])
hess item is 0.0024902059230953455
9400	0.226	0.828	0.395	0.429
9410	0.226	0.828	0.395	0.429
9420	0.226	0.828	0.395	0.429
9430	0.226	0.829	0.395	0.428
9440	0.226	0.832	0.395	0.429
eigenvalues:  tensor([34.3050, 34.1372])
hess item is 0.0024688090197741985
9450	0.226	0.830	0.396	0.426
9460	0.225	0.832	0.395	0.429
9470	0.225	0.830	0.395	0.428
9480	0.225	0.831	0.395	0.427
9490	0.225	0.831	0.396	0.428
eigenvalues:  tensor([34.4297, 34.2763])
hess item is 0.0024471173528581858
9500	0.225	0.833	0.396	0.428
9510	0.225	0.831	0.396	0.428
9520	0.225	0.831	0.396	0.426
9530	0.224	0.831	0.396	0.427
9540	0.224	0.832	0.396	0.428
eigenvalues:  tensor([34.4603, 34.3059])
hess item is 0.002427430124953389
9550	0.224	0.832	0.396	0.427
9560	0.224	0.835	0.396	0.429
9570	0.224	0.833	0.396	0.428
9580	0.223	0.833	0.396	0.428
9590	0.223	0.834	0.396	0.425
eigenvalues:  tensor([34.6966, 34.5498])
hess item is 0.0024073489475995302
9600	0.223	0.835	0.396	0.427
9610	0.223	0.832	0.396	0.428
9620	0.223	0.833	0.396	0.428
9630	0.223	0.837	0.396	0.428
9640	0.222	0.835	0.396	0.428
eigenvalues:  tensor([34.7471, 34.6008])
hess item is 0.002388679888099432
9650	0.222	0.835	0.396	0.428
9660	0.222	0.835	0.396	0.426
9670	0.222	0.835	0.396	0.427
9680	0.222	0.835	0.396	0.428
9690	0.222	0.835	0.396	0.426
eigenvalues:  tensor([34.8986, 34.7491])
hess item is 0.002369560534134507
9700	0.221	0.837	0.396	0.427
9710	0.222	0.835	0.396	0.427
9720	0.222	0.835	0.396	0.427
9730	0.221	0.834	0.397	0.428
9740	0.221	0.837	0.396	0.428
eigenvalues:  tensor([35.0391, 34.8924])
hess item is 0.0023514865897595882
9750	0.221	0.836	0.396	0.426
9760	0.221	0.837	0.396	0.429
9770	0.221	0.839	0.397	0.427
9780	0.220	0.840	0.396	0.428
9790	0.220	0.838	0.397	0.426
eigenvalues:  tensor([34.9593, 34.8092])
hess item is 0.0023332051932811737
9800	0.220	0.841	0.396	0.427
9810	0.220	0.837	0.397	0.427
9820	0.220	0.837	0.396	0.429
9830	0.220	0.839	0.397	0.428
9840	0.220	0.838	0.397	0.428
eigenvalues:  tensor([35.3815, 35.2353])
hess item is 0.002316327067092061
9850	0.220	0.839	0.397	0.427
9860	0.220	0.837	0.397	0.427
9870	0.219	0.840	0.397	0.427
9880	0.219	0.841	0.397	0.428
9890	0.219	0.842	0.397	0.428
eigenvalues:  tensor([35.3863, 35.2445])
hess item is 0.002299676416441798
9900	0.219	0.842	0.397	0.427
9910	0.219	0.839	0.397	0.428
9920	0.218	0.842	0.397	0.427
9930	0.218	0.840	0.397	0.427
9940	0.218	0.842	0.397	0.427
eigenvalues:  tensor([35.3345, 35.1732])
hess item is 0.002284521935507655
9950	0.218	0.843	0.397	0.426
9960	0.218	0.839	0.397	0.426
9970	0.218	0.842	0.397	0.426
9980	0.217	0.842	0.397	0.427
9990	0.217	0.843	0.397	0.428
