device: cuda:1
output directory: RESULTS/cifar10-10k/fc-tanh/seed_0/mse/ivon/lr_0.0005_h0_0.1_post_10_alpha_100.0_beta2_0.9995_beta_0.0_ess_10000000.0_ivon
Files already downloaded and verified
Files already downloaded and verified
optimizer is IVON
0	0.597	0.131	0.597	0.131
10	0.511	0.189	0.513	0.185
20	0.489	0.218	0.492	0.211
30	0.475	0.236	0.478	0.231
40	0.465	0.252	0.468	0.243
eigenvalues:  tensor([77.6117, 63.3119])
hess item is 0.09760496765375137
50	0.457	0.265	0.461	0.255
60	0.451	0.277	0.455	0.263
70	0.445	0.284	0.450	0.269
80	0.441	0.290	0.446	0.274
90	0.437	0.299	0.442	0.280
eigenvalues:  tensor([75.5084, 61.2627])
hess item is 0.09526856988668442
100	0.434	0.303	0.439	0.285
110	0.431	0.310	0.437	0.291
120	0.428	0.317	0.434	0.295
130	0.426	0.321	0.432	0.298
140	0.424	0.326	0.430	0.301
eigenvalues:  tensor([73.9541, 60.3796])
hess item is 0.09299028664827347
150	0.421	0.328	0.428	0.305
160	0.420	0.333	0.427	0.307
170	0.418	0.336	0.425	0.310
180	0.416	0.337	0.424	0.312
190	0.415	0.342	0.423	0.313
eigenvalues:  tensor([72.8018, 59.8074])
hess item is 0.09076758474111557
200	0.413	0.345	0.421	0.316
210	0.412	0.348	0.420	0.318
220	0.411	0.352	0.419	0.320
230	0.410	0.355	0.418	0.323
240	0.409	0.358	0.418	0.326
eigenvalues:  tensor([71.8771, 59.3893])
hess item is 0.08859992027282715
250	0.408	0.360	0.417	0.328
260	0.407	0.363	0.416	0.331
270	0.406	0.366	0.415	0.331
280	0.405	0.369	0.415	0.334
290	0.404	0.372	0.414	0.335
eigenvalues:  tensor([71.1254, 59.0814])
hess item is 0.08648519963026047
300	0.403	0.375	0.413	0.337
310	0.403	0.378	0.413	0.339
320	0.402	0.381	0.412	0.342
330	0.401	0.382	0.412	0.343
340	0.400	0.384	0.411	0.346
eigenvalues:  tensor([70.5026, 58.8091])
hess item is 0.08442258834838867
350	0.400	0.386	0.411	0.347
360	0.399	0.387	0.410	0.349
370	0.399	0.388	0.410	0.350
380	0.398	0.389	0.410	0.351
390	0.397	0.393	0.409	0.352
eigenvalues:  tensor([69.9684, 58.6108])
hess item is 0.08241140842437744
400	0.397	0.393	0.409	0.354
410	0.396	0.394	0.408	0.354
420	0.396	0.396	0.408	0.354
430	0.395	0.397	0.408	0.355
440	0.395	0.399	0.408	0.357
eigenvalues:  tensor([69.4840, 58.4142])
hess item is 0.08044975250959396
450	0.394	0.399	0.407	0.358
460	0.394	0.401	0.407	0.358
470	0.393	0.402	0.407	0.359
480	0.393	0.403	0.406	0.360
490	0.393	0.404	0.406	0.360
eigenvalues:  tensor([69.0517, 58.2566])
hess item is 0.07853619754314423
500	0.392	0.405	0.406	0.361
510	0.392	0.406	0.406	0.361
520	0.391	0.408	0.405	0.362
530	0.391	0.409	0.405	0.362
540	0.391	0.410	0.405	0.362
eigenvalues:  tensor([68.6655, 58.1133])
hess item is 0.07667019218206406
550	0.390	0.412	0.405	0.362
560	0.390	0.414	0.404	0.363
570	0.389	0.415	0.404	0.364
580	0.389	0.417	0.404	0.364
590	0.389	0.418	0.404	0.366
eigenvalues:  tensor([68.3527, 58.0022])
hess item is 0.07484962791204453
600	0.388	0.420	0.404	0.365
610	0.388	0.421	0.403	0.366
620	0.388	0.423	0.403	0.367
630	0.387	0.424	0.403	0.368
640	0.387	0.425	0.403	0.368
eigenvalues:  tensor([67.9624, 57.8848])
hess item is 0.07307498902082443
650	0.387	0.426	0.403	0.368
660	0.386	0.428	0.403	0.370
670	0.386	0.428	0.402	0.371
680	0.386	0.430	0.402	0.371
690	0.385	0.431	0.402	0.372
eigenvalues:  tensor([67.6758, 57.8035])
hess item is 0.07134420424699783
700	0.385	0.432	0.402	0.372
710	0.385	0.433	0.402	0.373
720	0.384	0.433	0.402	0.373
730	0.384	0.433	0.401	0.374
740	0.384	0.434	0.401	0.373
eigenvalues:  tensor([67.3614, 57.7147])
hess item is 0.06965522468090057
750	0.384	0.434	0.401	0.373
760	0.383	0.435	0.401	0.374
770	0.383	0.436	0.401	0.374
780	0.383	0.437	0.401	0.374
790	0.382	0.439	0.401	0.373
eigenvalues:  tensor([67.0983, 57.6386])
hess item is 0.06800775974988937
800	0.382	0.438	0.400	0.375
810	0.382	0.440	0.400	0.375
820	0.382	0.441	0.400	0.376
830	0.381	0.442	0.400	0.376
840	0.381	0.443	0.400	0.377
eigenvalues:  tensor([66.7918, 57.5810])
hess item is 0.06640169024467468
850	0.381	0.443	0.400	0.376
860	0.380	0.444	0.400	0.377
870	0.380	0.446	0.400	0.377
880	0.380	0.446	0.399	0.378
890	0.380	0.447	0.399	0.379
eigenvalues:  tensor([66.5905, 57.5113])
hess item is 0.06483502686023712
900	0.379	0.448	0.399	0.378
910	0.379	0.449	0.399	0.379
920	0.379	0.449	0.399	0.380
930	0.379	0.450	0.399	0.380
940	0.378	0.452	0.399	0.380
eigenvalues:  tensor([66.3502, 57.4686])
hess item is 0.06330735981464386
950	0.378	0.452	0.399	0.380
960	0.378	0.453	0.399	0.380
970	0.378	0.455	0.399	0.381
980	0.377	0.455	0.398	0.382
990	0.377	0.457	0.398	0.382
eigenvalues:  tensor([66.1257, 57.4355])
hess item is 0.06181719899177551
1000	0.377	0.457	0.398	0.383
1010	0.377	0.457	0.398	0.383
1020	0.376	0.459	0.398	0.383
1030	0.376	0.460	0.398	0.383
1040	0.376	0.459	0.398	0.384
eigenvalues:  tensor([65.9549, 57.4219])
hess item is 0.060363974422216415
1050	0.376	0.462	0.398	0.384
1060	0.375	0.462	0.398	0.385
1070	0.375	0.463	0.398	0.384
1080	0.375	0.463	0.397	0.386
1090	0.375	0.464	0.397	0.385
eigenvalues:  tensor([65.7223, 57.3757])
hess item is 0.05894692987203598
1100	0.374	0.465	0.397	0.386
1110	0.374	0.466	0.397	0.386
1120	0.374	0.467	0.397	0.386
1130	0.374	0.468	0.397	0.387
1140	0.373	0.469	0.397	0.386
eigenvalues:  tensor([65.6025, 57.3548])
hess item is 0.05756526440382004
1150	0.373	0.468	0.397	0.388
1160	0.373	0.470	0.397	0.389
1170	0.373	0.470	0.397	0.388
1180	0.373	0.472	0.397	0.389
1190	0.372	0.472	0.397	0.389
eigenvalues:  tensor([65.4358, 57.3343])
hess item is 0.05621781200170517
1200	0.372	0.473	0.396	0.389
1210	0.372	0.473	0.396	0.389
1220	0.372	0.472	0.396	0.389
1230	0.371	0.475	0.396	0.390
1240	0.371	0.475	0.396	0.390
eigenvalues:  tensor([65.3728, 57.3352])
hess item is 0.054903801530599594
1250	0.371	0.475	0.396	0.389
1260	0.371	0.475	0.396	0.389
1270	0.370	0.476	0.396	0.391
1280	0.370	0.478	0.396	0.392
1290	0.370	0.479	0.396	0.391
eigenvalues:  tensor([65.3045, 57.3244])
hess item is 0.05362284928560257
1300	0.370	0.479	0.396	0.392
1310	0.370	0.478	0.396	0.392
1320	0.369	0.480	0.396	0.394
1330	0.369	0.480	0.395	0.393
1340	0.369	0.480	0.395	0.392
eigenvalues:  tensor([65.2086, 57.3576])
hess item is 0.052372582256793976
1350	0.369	0.481	0.395	0.394
1360	0.368	0.482	0.395	0.394
1370	0.368	0.484	0.395	0.394
1380	0.368	0.484	0.395	0.393
1390	0.368	0.483	0.395	0.393
eigenvalues:  tensor([65.1895, 57.3841])
hess item is 0.05115410313010216
1400	0.368	0.484	0.395	0.393
1410	0.367	0.485	0.395	0.394
1420	0.367	0.486	0.395	0.395
1430	0.367	0.487	0.395	0.395
1440	0.367	0.488	0.395	0.394
eigenvalues:  tensor([65.1285, 57.3826])
hess item is 0.04996543377637863
1450	0.366	0.488	0.395	0.395
1460	0.366	0.489	0.395	0.395
1470	0.366	0.490	0.395	0.396
1480	0.366	0.491	0.395	0.396
1490	0.365	0.490	0.394	0.397
eigenvalues:  tensor([65.1725, 57.3755])
hess item is 0.04880708456039429
1500	0.365	0.492	0.394	0.397
1510	0.365	0.492	0.394	0.397
1520	0.365	0.493	0.394	0.396
1530	0.365	0.493	0.394	0.396
1540	0.364	0.495	0.394	0.398
eigenvalues:  tensor([65.1866, 57.4148])
hess item is 0.04767762869596481
1550	0.364	0.495	0.394	0.398
1560	0.364	0.496	0.394	0.399
1570	0.364	0.496	0.394	0.398
1580	0.363	0.496	0.394	0.398
1590	0.363	0.498	0.394	0.399
eigenvalues:  tensor([65.2316, 57.4773])
hess item is 0.046576179563999176
1600	0.363	0.498	0.394	0.398
1610	0.363	0.498	0.394	0.400
1620	0.363	0.498	0.394	0.399
1630	0.362	0.500	0.394	0.401
1640	0.362	0.500	0.394	0.400
eigenvalues:  tensor([65.2701, 57.4937])
hess item is 0.04550229385495186
1650	0.362	0.501	0.394	0.400
1660	0.362	0.502	0.394	0.399
1670	0.361	0.502	0.393	0.400
1680	0.361	0.505	0.393	0.400
1690	0.361	0.505	0.393	0.401
eigenvalues:  tensor([65.4251, 57.5710])
hess item is 0.044454652816057205
1700	0.361	0.505	0.393	0.401
1710	0.361	0.505	0.393	0.401
1720	0.360	0.506	0.393	0.401
1730	0.360	0.508	0.393	0.402
1740	0.360	0.509	0.393	0.403
eigenvalues:  tensor([65.4971, 57.6046])
hess item is 0.0434333011507988
1750	0.360	0.508	0.393	0.401
1760	0.359	0.509	0.393	0.402
1770	0.359	0.511	0.393	0.403
1780	0.359	0.511	0.393	0.402
1790	0.359	0.514	0.393	0.403
eigenvalues:  tensor([65.6201, 57.6818])
hess item is 0.042437415570020676
1800	0.359	0.512	0.393	0.403
1810	0.358	0.516	0.393	0.404
1820	0.358	0.514	0.393	0.404
1830	0.358	0.515	0.393	0.404
1840	0.358	0.516	0.393	0.403
eigenvalues:  tensor([65.8036, 57.7936])
hess item is 0.0414670892059803
1850	0.357	0.517	0.393	0.403
1860	0.357	0.520	0.393	0.404
1870	0.357	0.521	0.393	0.404
1880	0.357	0.519	0.393	0.405
1890	0.357	0.520	0.392	0.405
eigenvalues:  tensor([66.0493, 57.8728])
hess item is 0.040520597249269485
1900	0.356	0.522	0.392	0.405
1910	0.356	0.523	0.392	0.405
1920	0.356	0.521	0.392	0.404
1930	0.356	0.523	0.392	0.404
1940	0.355	0.524	0.392	0.406
eigenvalues:  tensor([66.1946, 58.0082])
hess item is 0.03959890455007553
1950	0.355	0.524	0.392	0.406
1960	0.355	0.525	0.392	0.406
1970	0.355	0.527	0.392	0.406
1980	0.354	0.527	0.392	0.406
1990	0.354	0.528	0.392	0.406
eigenvalues:  tensor([66.4149, 58.0826])
hess item is 0.038699425756931305
2000	0.354	0.530	0.392	0.406
2010	0.354	0.528	0.392	0.405
2020	0.354	0.530	0.392	0.406
2030	0.353	0.531	0.392	0.406
2040	0.353	0.534	0.392	0.407
eigenvalues:  tensor([66.6778, 58.2010])
hess item is 0.03782312199473381
2050	0.353	0.533	0.392	0.407
2060	0.353	0.532	0.392	0.407
2070	0.352	0.533	0.392	0.406
2080	0.352	0.534	0.392	0.407
2090	0.352	0.535	0.392	0.406
eigenvalues:  tensor([66.9099, 58.3212])
hess item is 0.03696880862116814
2100	0.352	0.538	0.392	0.408
2110	0.351	0.539	0.392	0.408
2120	0.351	0.537	0.392	0.407
2130	0.351	0.539	0.392	0.410
2140	0.351	0.538	0.392	0.408
eigenvalues:  tensor([67.2219, 58.4714])
hess item is 0.03613559901714325
2150	0.350	0.539	0.392	0.408
2160	0.350	0.541	0.392	0.408
2170	0.350	0.542	0.391	0.410
2180	0.350	0.541	0.391	0.409
2190	0.350	0.542	0.391	0.410
eigenvalues:  tensor([67.5178, 58.6391])
hess item is 0.03532372787594795
2200	0.349	0.543	0.391	0.409
2210	0.349	0.543	0.391	0.410
2220	0.349	0.544	0.391	0.410
2230	0.349	0.544	0.391	0.410
2240	0.348	0.547	0.391	0.411
eigenvalues:  tensor([67.7863, 58.8153])
hess item is 0.03453190624713898
2250	0.348	0.547	0.391	0.409
2260	0.348	0.546	0.391	0.408
2270	0.348	0.548	0.391	0.408
2280	0.347	0.548	0.391	0.409
2290	0.347	0.548	0.391	0.407
eigenvalues:  tensor([68.1643, 59.0078])
hess item is 0.03376045450568199
2300	0.347	0.550	0.391	0.410
2310	0.347	0.552	0.391	0.411
2320	0.346	0.551	0.391	0.408
2330	0.346	0.551	0.391	0.408
2340	0.346	0.552	0.391	0.409
eigenvalues:  tensor([68.5063, 59.1856])
hess item is 0.03300858289003372
2350	0.346	0.554	0.391	0.412
2360	0.345	0.554	0.391	0.410
2370	0.345	0.554	0.391	0.410
2380	0.345	0.556	0.391	0.409
2390	0.345	0.557	0.391	0.410
eigenvalues:  tensor([68.8795, 59.4367])
hess item is 0.03227534517645836
2400	0.344	0.558	0.391	0.410
2410	0.344	0.559	0.391	0.411
2420	0.344	0.559	0.391	0.410
2430	0.344	0.559	0.391	0.408
2440	0.343	0.561	0.391	0.409
eigenvalues:  tensor([69.2495, 59.6836])
hess item is 0.03156158700585365
2450	0.343	0.561	0.391	0.409
2460	0.343	0.563	0.391	0.411
2470	0.343	0.562	0.391	0.410
2480	0.342	0.562	0.391	0.410
2490	0.342	0.563	0.391	0.410
eigenvalues:  tensor([69.5966, 59.8854])
hess item is 0.03086528368294239
2500	0.342	0.565	0.391	0.411
2510	0.342	0.566	0.391	0.410
2520	0.341	0.567	0.391	0.411
2530	0.341	0.567	0.391	0.412
2540	0.341	0.568	0.391	0.412
eigenvalues:  tensor([70.0619, 60.1747])
hess item is 0.03018893674015999
2550	0.340	0.570	0.391	0.409
2560	0.340	0.570	0.391	0.411
2570	0.340	0.568	0.391	0.411
2580	0.340	0.570	0.391	0.412
2590	0.339	0.573	0.391	0.410
eigenvalues:  tensor([70.4000, 60.4065])
hess item is 0.029527992010116577
2600	0.339	0.572	0.391	0.413
2610	0.339	0.573	0.391	0.411
2620	0.339	0.573	0.391	0.411
2630	0.338	0.574	0.391	0.413
2640	0.338	0.575	0.391	0.411
eigenvalues:  tensor([70.8354, 60.7825])
hess item is 0.02888377755880356
2650	0.338	0.575	0.391	0.410
2660	0.338	0.577	0.391	0.410
2670	0.337	0.577	0.391	0.411
2680	0.337	0.578	0.391	0.412
2690	0.337	0.578	0.391	0.411
eigenvalues:  tensor([71.2193, 61.0291])
hess item is 0.02825770527124405
2700	0.336	0.577	0.391	0.410
2710	0.336	0.578	0.391	0.413
2720	0.336	0.581	0.391	0.414
2730	0.336	0.581	0.390	0.412
2740	0.335	0.582	0.391	0.411
eigenvalues:  tensor([71.7118, 61.3526])
hess item is 0.027647508308291435
2750	0.335	0.584	0.391	0.412
2760	0.335	0.585	0.390	0.413
2770	0.335	0.585	0.391	0.414
2780	0.334	0.585	0.391	0.414
2790	0.334	0.586	0.391	0.412
eigenvalues:  tensor([72.2691, 61.6373])
hess item is 0.02705242671072483
2800	0.334	0.588	0.390	0.414
2810	0.333	0.589	0.390	0.414
2820	0.333	0.589	0.391	0.412
2830	0.333	0.590	0.390	0.412
2840	0.333	0.592	0.391	0.413
eigenvalues:  tensor([72.5222, 61.9432])
hess item is 0.02647273615002632
2850	0.332	0.591	0.391	0.413
2860	0.332	0.592	0.390	0.411
2870	0.332	0.593	0.390	0.413
2880	0.331	0.595	0.391	0.415
2890	0.331	0.595	0.391	0.414
eigenvalues:  tensor([73.2184, 62.3881])
hess item is 0.02590782195329666
2900	0.331	0.597	0.391	0.412
2910	0.331	0.598	0.391	0.413
2920	0.330	0.598	0.390	0.414
2930	0.330	0.598	0.391	0.414
2940	0.330	0.600	0.391	0.412
eigenvalues:  tensor([73.7085, 62.8018])
hess item is 0.02535889483988285
2950	0.329	0.597	0.391	0.412
2960	0.329	0.600	0.391	0.413
2970	0.329	0.603	0.391	0.414
2980	0.328	0.602	0.391	0.414
2990	0.328	0.603	0.391	0.414
eigenvalues:  tensor([73.9709, 63.0707])
hess item is 0.02482455037534237
3000	0.328	0.605	0.391	0.414
3010	0.328	0.607	0.391	0.413
3020	0.327	0.606	0.391	0.414
3030	0.327	0.607	0.391	0.414
3040	0.327	0.609	0.391	0.414
eigenvalues:  tensor([74.4336, 63.6109])
hess item is 0.024303670972585678
3050	0.326	0.606	0.391	0.414
3060	0.326	0.611	0.391	0.414
3070	0.326	0.610	0.391	0.415
3080	0.325	0.612	0.391	0.416
3090	0.325	0.611	0.391	0.414
eigenvalues:  tensor([74.9242, 63.9508])
hess item is 0.023797111585736275
3100	0.325	0.614	0.391	0.414
3110	0.324	0.614	0.391	0.416
3120	0.324	0.617	0.391	0.415
3130	0.324	0.615	0.391	0.417
3140	0.324	0.618	0.391	0.416
eigenvalues:  tensor([75.3867, 64.3567])
hess item is 0.023304324597120285
3150	0.323	0.618	0.391	0.414
3160	0.323	0.618	0.391	0.418
3170	0.323	0.620	0.391	0.416
3180	0.322	0.624	0.391	0.418
3190	0.322	0.622	0.391	0.417
eigenvalues:  tensor([75.9394, 64.7470])
hess item is 0.022823404520750046
3200	0.322	0.622	0.391	0.415
3210	0.321	0.625	0.391	0.416
3220	0.321	0.623	0.391	0.416
3230	0.321	0.624	0.391	0.415
3240	0.321	0.626	0.391	0.415
eigenvalues:  tensor([76.3114, 65.1414])
hess item is 0.022356560453772545
3250	0.320	0.627	0.391	0.417
3260	0.320	0.628	0.391	0.416
3270	0.319	0.630	0.391	0.416
3280	0.319	0.629	0.392	0.414
3290	0.319	0.631	0.391	0.414
eigenvalues:  tensor([76.7967, 65.7041])
hess item is 0.021900724619627
3300	0.318	0.633	0.391	0.416
3310	0.318	0.631	0.391	0.418
3320	0.318	0.634	0.391	0.417
3330	0.317	0.635	0.391	0.415
3340	0.317	0.634	0.391	0.416
eigenvalues:  tensor([77.5012, 66.2887])
hess item is 0.02145742066204548
3350	0.317	0.635	0.392	0.414
3360	0.316	0.638	0.391	0.417
3370	0.316	0.638	0.392	0.415
3380	0.316	0.641	0.391	0.417
3390	0.316	0.641	0.392	0.415
eigenvalues:  tensor([77.6273, 66.8173])
hess item is 0.021025381982326508
3400	0.315	0.640	0.392	0.417
3410	0.315	0.644	0.392	0.416
3420	0.314	0.645	0.392	0.415
3430	0.314	0.645	0.392	0.416
3440	0.314	0.645	0.392	0.417
eigenvalues:  tensor([78.2792, 67.2768])
hess item is 0.020606206730008125
3450	0.313	0.649	0.392	0.417
3460	0.313	0.647	0.392	0.416
3470	0.313	0.648	0.392	0.418
3480	0.313	0.648	0.392	0.412
3490	0.312	0.651	0.392	0.418
eigenvalues:  tensor([78.8406, 67.7564])
hess item is 0.02019866742193699
3500	0.312	0.650	0.392	0.413
3510	0.311	0.655	0.392	0.417
3520	0.311	0.654	0.392	0.416
3530	0.311	0.653	0.392	0.416
3540	0.310	0.655	0.392	0.417
eigenvalues:  tensor([79.0142, 68.3049])
hess item is 0.019800111651420593
3550	0.310	0.656	0.392	0.414
3560	0.310	0.658	0.393	0.414
3570	0.310	0.657	0.393	0.414
3580	0.309	0.661	0.393	0.413
3590	0.310	0.656	0.394	0.410
eigenvalues:  tensor([78.6506, 68.7886])
hess item is 0.019415386021137238
3600	0.308	0.661	0.393	0.413
3610	0.308	0.660	0.393	0.414
3620	0.307	0.665	0.392	0.416
3630	0.308	0.663	0.393	0.414
3640	0.307	0.661	0.393	0.415
eigenvalues:  tensor([78.5529, 69.2701])
hess item is 0.019041595980525017
3650	0.306	0.665	0.393	0.416
3660	0.306	0.664	0.393	0.415
3670	0.306	0.668	0.393	0.417
3680	0.306	0.665	0.394	0.414
3690	0.306	0.666	0.394	0.415
eigenvalues:  tensor([79.0679, 69.6679])
hess item is 0.018677961081266403
3700	0.305	0.672	0.393	0.414
3710	0.305	0.668	0.394	0.415
3720	0.305	0.668	0.394	0.417
3730	0.306	0.665	0.396	0.412
3740	0.303	0.673	0.394	0.413
eigenvalues:  tensor([77.8576, 70.0221])
hess item is 0.018325136974453926
3750	0.303	0.674	0.393	0.415
3760	0.302	0.676	0.393	0.414
3770	0.302	0.674	0.393	0.416
3780	0.301	0.678	0.393	0.417
3790	0.302	0.676	0.395	0.414
eigenvalues:  tensor([78.6354, 70.6053])
hess item is 0.017980042845010757
3800	0.301	0.684	0.394	0.414
3810	0.303	0.669	0.397	0.405
3820	0.303	0.677	0.396	0.410
3830	0.300	0.684	0.394	0.414
3840	0.302	0.678	0.396	0.414
eigenvalues:  tensor([76.0851, 70.6227])
hess item is 0.01764659769833088
3850	0.301	0.679	0.396	0.412
3860	0.302	0.670	0.398	0.408
3870	0.300	0.683	0.396	0.414
3880	0.301	0.681	0.397	0.414
3890	0.297	0.686	0.394	0.416
eigenvalues:  tensor([75.0394, 70.6233])
hess item is 0.017321698367595673
3900	0.297	0.691	0.394	0.417
3910	0.297	0.693	0.394	0.415
3920	0.296	0.688	0.394	0.415
3930	0.296	0.689	0.395	0.416
3940	0.299	0.687	0.398	0.411
eigenvalues:  tensor([73.8099, 71.1156])
hess item is 0.017006561160087585
3950	0.297	0.690	0.396	0.412
3960	0.298	0.687	0.398	0.413
3970	0.298	0.692	0.398	0.416
3980	0.296	0.692	0.397	0.412
3990	0.294	0.699	0.395	0.414
eigenvalues:  tensor([72.8845, 71.1499])
hess item is 0.016700617969036102
4000	0.295	0.694	0.397	0.413
4010	0.295	0.699	0.397	0.414
4020	0.293	0.702	0.395	0.414
4030	0.294	0.689	0.397	0.416
4040	0.292	0.705	0.395	0.416
eigenvalues:  tensor([74.5790, 71.6439])
hess item is 0.016399705782532692
4050	0.292	0.701	0.396	0.412
4060	0.297	0.691	0.402	0.406
4070	0.295	0.696	0.399	0.410
4080	0.290	0.708	0.395	0.415
4090	0.291	0.708	0.396	0.418
eigenvalues:  tensor([71.8426, 71.7147])
hess item is 0.01610841229557991
4100	0.292	0.707	0.398	0.414
4110	0.296	0.693	0.403	0.408
4120	0.292	0.706	0.399	0.411
4130	0.292	0.701	0.399	0.412
4140	0.298	0.686	0.406	0.406
eigenvalues:  tensor([68.9843, 67.8480])
hess item is 0.01582934334874153
4150	0.293	0.696	0.401	0.413
4160	0.297	0.679	0.406	0.402
4170	0.291	0.697	0.400	0.413
4180	0.288	0.709	0.398	0.412
4190	0.293	0.701	0.403	0.408
eigenvalues:  tensor([69.9916, 67.6341])
hess item is 0.01555740274488926
4200	0.292	0.704	0.402	0.410
4210	0.287	0.717	0.398	0.416
4220	0.286	0.721	0.398	0.416
4230	0.289	0.711	0.401	0.410
4240	0.294	0.702	0.407	0.400
eigenvalues:  tensor([68.8647, 68.3773])
hess item is 0.015290734358131886
4250	0.286	0.716	0.399	0.413
4260	0.288	0.710	0.402	0.409
4270	0.297	0.687	0.411	0.395
4280	0.286	0.716	0.401	0.409
4290	0.285	0.723	0.400	0.411
eigenvalues:  tensor([67.6898, 65.6584])
hess item is 0.015033718198537827
4300	0.292	0.706	0.407	0.405
4310	0.285	0.726	0.401	0.410
4320	0.284	0.721	0.401	0.412
4330	0.286	0.717	0.404	0.407
4340	0.285	0.719	0.403	0.408
eigenvalues:  tensor([67.4706, 65.7245])
hess item is 0.014781145378947258
4350	0.282	0.730	0.400	0.413
4360	0.281	0.724	0.400	0.411
4370	0.286	0.717	0.406	0.406
4380	0.288	0.718	0.407	0.403
4390	0.283	0.723	0.403	0.405
eigenvalues:  tensor([67.1289, 65.4134])
hess item is 0.014538193121552467
4400	0.283	0.719	0.403	0.407
4410	0.287	0.706	0.407	0.408
4420	0.284	0.718	0.405	0.411
4430	0.286	0.718	0.407	0.407
4440	0.278	0.746	0.400	0.410
eigenvalues:  tensor([66.7356, 64.6178])
hess item is 0.01429834309965372
4450	0.279	0.742	0.402	0.412
4460	0.287	0.721	0.410	0.401
4470	0.288	0.720	0.411	0.403
4480	0.292	0.708	0.415	0.396
4490	0.281	0.732	0.405	0.407
eigenvalues:  tensor([64.6269, 63.3088])
hess item is 0.014069127850234509
4500	0.278	0.741	0.403	0.410
4510	0.284	0.724	0.409	0.403
4520	0.275	0.749	0.402	0.411
4530	0.280	0.729	0.406	0.410
4540	0.282	0.726	0.408	0.406
eigenvalues:  tensor([64.4572, 62.1317])
hess item is 0.013842752203345299
4550	0.285	0.725	0.411	0.401
4560	0.279	0.742	0.407	0.405
4570	0.279	0.734	0.407	0.406
4580	0.290	0.713	0.418	0.393
4590	0.274	0.745	0.403	0.408
eigenvalues:  tensor([62.8584, 62.2205])
hess item is 0.013621652498841286
4600	0.276	0.746	0.405	0.411
4610	0.275	0.746	0.405	0.412
4620	0.278	0.735	0.408	0.409
4630	0.280	0.730	0.411	0.402
4640	0.274	0.749	0.405	0.409
eigenvalues:  tensor([62.2442, 61.8222])
hess item is 0.013407876715064049
4650	0.280	0.740	0.412	0.400
4660	0.282	0.736	0.415	0.395
4670	0.271	0.760	0.405	0.411
4680	0.268	0.767	0.403	0.412
4690	0.267	0.768	0.402	0.413
eigenvalues:  tensor([62.3598, 61.7727])
hess item is 0.013197089545428753
4700	0.279	0.738	0.414	0.404
4710	0.281	0.734	0.415	0.401
4720	0.277	0.741	0.412	0.407
4730	0.280	0.736	0.416	0.401
4740	0.275	0.752	0.410	0.408
eigenvalues:  tensor([62.5320, 58.7013])
hess item is 0.01299662608653307
4750	0.268	0.763	0.406	0.412
4760	0.273	0.758	0.411	0.408
4770	0.276	0.742	0.414	0.403
4780	0.267	0.763	0.405	0.412
4790	0.285	0.724	0.424	0.385
eigenvalues:  tensor([59.0783, 57.7748])
hess item is 0.012800982221961021
4800	0.277	0.745	0.416	0.394
4810	0.270	0.760	0.409	0.406
4820	0.275	0.754	0.414	0.401
4830	0.268	0.761	0.409	0.407
4840	0.266	0.765	0.408	0.410
eigenvalues:  tensor([60.1736, 57.6189])
hess item is 0.012607800774276257
4850	0.269	0.754	0.412	0.408
4860	0.282	0.729	0.424	0.396
4870	0.265	0.769	0.407	0.409
4880	0.262	0.777	0.405	0.410
4890	0.265	0.770	0.409	0.409
eigenvalues:  tensor([59.2152, 57.5274])
hess item is 0.012420520186424255
4900	0.269	0.765	0.413	0.406
4910	0.268	0.761	0.413	0.401
4920	0.274	0.749	0.420	0.396
4930	0.266	0.767	0.411	0.403
4940	0.280	0.735	0.427	0.381
eigenvalues:  tensor([56.7266, 56.2528])
hess item is 0.012238641269505024
4950	0.262	0.779	0.409	0.405
4960	0.258	0.783	0.406	0.414
4970	0.265	0.765	0.414	0.404
4980	0.272	0.752	0.420	0.397
4990	0.270	0.757	0.418	0.398
eigenvalues:  tensor([57.1934, 55.6093])
hess item is 0.012059837579727173
5000	0.268	0.760	0.417	0.397
5010	0.265	0.775	0.415	0.403
5020	0.268	0.760	0.418	0.398
5030	0.264	0.772	0.415	0.405
5040	0.260	0.783	0.412	0.407
eigenvalues:  tensor([56.6903, 55.9548])
hess item is 0.011886020191013813
5050	0.270	0.763	0.423	0.391
5060	0.269	0.771	0.421	0.395
5070	0.268	0.768	0.421	0.400
5080	0.268	0.774	0.420	0.400
5090	0.257	0.787	0.410	0.407
eigenvalues:  tensor([55.8962, 55.0183])
hess item is 0.011718538589775562
5100	0.273	0.753	0.426	0.392
5110	0.259	0.782	0.414	0.404
5120	0.264	0.773	0.419	0.408
5130	0.267	0.768	0.422	0.402
5140	0.254	0.794	0.410	0.409
eigenvalues:  tensor([56.6813, 55.5888])
hess item is 0.01155182532966137
5150	0.267	0.767	0.424	0.395
5160	0.272	0.762	0.428	0.396
5170	0.264	0.772	0.421	0.401
5180	0.261	0.778	0.419	0.403
5190	0.251	0.802	0.410	0.406
eigenvalues:  tensor([54.8240, 54.3685])
hess item is 0.011389228515326977
5200	0.253	0.804	0.413	0.402
5210	0.261	0.784	0.421	0.399
5220	0.261	0.778	0.421	0.402
5230	0.257	0.789	0.418	0.404
5240	0.261	0.780	0.423	0.396
eigenvalues:  tensor([53.7991, 53.3372])
hess item is 0.011234160512685776
5250	0.263	0.776	0.424	0.395
5260	0.263	0.777	0.426	0.391
5270	0.257	0.786	0.420	0.404
5280	0.259	0.787	0.422	0.398
5290	0.256	0.791	0.420	0.404
eigenvalues:  tensor([54.0267, 53.0377])
hess item is 0.011081507429480553
5300	0.253	0.799	0.418	0.402
5310	0.253	0.797	0.418	0.398
5320	0.266	0.761	0.432	0.392
5330	0.257	0.785	0.423	0.405
5340	0.254	0.793	0.420	0.407
eigenvalues:  tensor([53.3373, 52.3085])
hess item is 0.010930630378425121
5350	0.256	0.790	0.422	0.407
5360	0.252	0.800	0.419	0.403
5370	0.251	0.804	0.419	0.400
5380	0.254	0.797	0.424	0.396
5390	0.266	0.777	0.435	0.387
eigenvalues:  tensor([53.4800, 53.1486])
hess item is 0.010783026926219463
5400	0.246	0.812	0.416	0.410
5410	0.246	0.822	0.417	0.403
5420	0.267	0.772	0.437	0.379
5430	0.250	0.803	0.420	0.403
5440	0.250	0.805	0.421	0.401
eigenvalues:  tensor([53.4238, 51.3329])
hess item is 0.010639159940183163
5450	0.256	0.796	0.426	0.394
5460	0.259	0.782	0.430	0.392
5470	0.262	0.776	0.434	0.389
5480	0.247	0.819	0.420	0.398
5490	0.255	0.798	0.428	0.388
eigenvalues:  tensor([51.4208, 51.0310])
hess item is 0.010501295328140259
5500	0.246	0.816	0.420	0.402
5510	0.252	0.803	0.426	0.395
5520	0.255	0.805	0.430	0.387
5530	0.251	0.809	0.427	0.389
5540	0.252	0.806	0.428	0.391
eigenvalues:  tensor([51.8278, 51.2329])
hess item is 0.01036412175744772
5550	0.250	0.810	0.426	0.395
5560	0.244	0.818	0.421	0.406
5570	0.246	0.819	0.424	0.400
5580	0.245	0.815	0.422	0.404
5590	0.245	0.818	0.422	0.406
eigenvalues:  tensor([52.5596, 51.5876])
hess item is 0.010229227133095264
5600	0.256	0.799	0.435	0.386
5610	0.250	0.810	0.429	0.390
5620	0.248	0.808	0.429	0.403
5630	0.249	0.802	0.429	0.399
5640	0.249	0.802	0.429	0.395
eigenvalues:  tensor([50.7377, 50.2441])
hess item is 0.0101024080067873
5650	0.236	0.838	0.418	0.402
5660	0.258	0.794	0.439	0.386
5670	0.245	0.819	0.429	0.400
5680	0.255	0.795	0.438	0.384
5690	0.255	0.795	0.438	0.392
eigenvalues:  tensor([50.5128, 50.0519])
hess item is 0.009975908324122429
5700	0.243	0.813	0.426	0.402
5710	0.239	0.821	0.424	0.407
5720	0.239	0.831	0.425	0.401
5730	0.248	0.819	0.434	0.383
5740	0.241	0.825	0.427	0.396
eigenvalues:  tensor([50.6180, 49.9702])
hess item is 0.009851301088929176
5750	0.250	0.809	0.436	0.387
5760	0.248	0.815	0.435	0.389
5770	0.244	0.820	0.430	0.394
5780	0.242	0.824	0.429	0.399
5790	0.242	0.826	0.430	0.400
eigenvalues:  tensor([50.2293, 48.9161])
hess item is 0.009729635901749134
5800	0.239	0.829	0.430	0.392
5810	0.238	0.825	0.428	0.393
5820	0.243	0.820	0.433	0.392
5830	0.236	0.835	0.425	0.399
5840	0.234	0.832	0.425	0.397
eigenvalues:  tensor([50.4791, 49.4197])
hess item is 0.009607875719666481
5850	0.237	0.833	0.430	0.394
5860	0.252	0.800	0.444	0.388
5870	0.233	0.840	0.424	0.402
5880	0.252	0.808	0.444	0.385
5890	0.236	0.839	0.431	0.395
eigenvalues:  tensor([50.0357, 49.2936])
hess item is 0.009495370090007782
5900	0.257	0.805	0.452	0.383
5910	0.241	0.822	0.434	0.397
5920	0.231	0.848	0.425	0.399
5930	0.241	0.825	0.437	0.387
5940	0.241	0.833	0.437	0.383
eigenvalues:  tensor([48.7646, 48.1064])
hess item is 0.009380515664815903
5950	0.241	0.827	0.436	0.390
5960	0.237	0.831	0.433	0.391
5970	0.230	0.847	0.427	0.401
5980	0.239	0.828	0.436	0.396
5990	0.231	0.846	0.429	0.398
eigenvalues:  tensor([48.7988, 47.6626])
hess item is 0.00926636066287756
6000	0.247	0.802	0.446	0.376
6010	0.231	0.848	0.430	0.394
6020	0.244	0.815	0.444	0.385
6030	0.232	0.841	0.431	0.398
6040	0.224	0.856	0.425	0.400
eigenvalues:  tensor([48.9293, 48.2988])
hess item is 0.009156754240393639
6050	0.253	0.806	0.454	0.378
6060	0.230	0.849	0.433	0.394
6070	0.234	0.842	0.436	0.395
6080	0.233	0.835	0.435	0.394
6090	0.234	0.837	0.436	0.395
eigenvalues:  tensor([48.2047, 47.8098])
hess item is 0.009051414206624031
6100	0.236	0.824	0.439	0.387
6110	0.227	0.849	0.430	0.397
6120	0.236	0.836	0.440	0.392
6130	0.225	0.856	0.431	0.395
6140	0.221	0.861	0.426	0.404
eigenvalues:  tensor([48.5715, 47.5926])
hess item is 0.008946024812757969
6150	0.240	0.827	0.444	0.393
6160	0.234	0.828	0.441	0.392
6170	0.232	0.833	0.438	0.393
6180	0.240	0.836	0.445	0.382
6190	0.226	0.856	0.433	0.395
eigenvalues:  tensor([47.6424, 47.3214])
hess item is 0.008846689015626907
6200	0.236	0.835	0.443	0.390
6210	0.246	0.807	0.452	0.384
6220	0.231	0.843	0.438	0.391
6230	0.216	0.874	0.426	0.408
6240	0.225	0.848	0.436	0.398
eigenvalues:  tensor([47.7610, 47.3739])
hess item is 0.008748892694711685
6250	0.225	0.858	0.435	0.400
6260	0.230	0.849	0.442	0.392
6270	0.219	0.873	0.431	0.398
6280	0.235	0.841	0.447	0.388
6290	0.234	0.837	0.448	0.382
eigenvalues:  tensor([47.9154, 46.1295])
hess item is 0.008654004894196987
6300	0.221	0.869	0.436	0.387
6310	0.235	0.844	0.448	0.382
6320	0.220	0.867	0.435	0.395
6330	0.226	0.850	0.442	0.391
6340	0.220	0.862	0.435	0.398
eigenvalues:  tensor([47.6844, 46.1497])
hess item is 0.008559866808354855
6350	0.234	0.835	0.448	0.395
6360	0.221	0.860	0.437	0.397
6370	0.241	0.825	0.457	0.383
6380	0.220	0.864	0.437	0.392
6390	0.222	0.865	0.440	0.389
eigenvalues:  tensor([47.1385, 46.7148])
hess item is 0.008465822786092758
6400	0.221	0.862	0.440	0.392
6410	0.219	0.872	0.439	0.393
6420	0.215	0.874	0.434	0.396
6430	0.229	0.858	0.447	0.389
6440	0.219	0.867	0.439	0.395
eigenvalues:  tensor([47.4526, 46.9640])
hess item is 0.008373063057661057
6450	0.246	0.810	0.465	0.379
6460	0.220	0.857	0.442	0.393
6470	0.221	0.866	0.444	0.390
6480	0.216	0.882	0.439	0.386
6490	0.228	0.861	0.450	0.373
eigenvalues:  tensor([46.1494, 45.8614])
hess item is 0.008286736905574799
6500	0.218	0.864	0.441	0.391
6510	0.236	0.827	0.459	0.377
6520	0.206	0.884	0.430	0.402
6530	0.215	0.873	0.439	0.398
6540	0.229	0.845	0.453	0.383
eigenvalues:  tensor([47.2280, 46.1496])
hess item is 0.008201095275580883
6550	0.224	0.861	0.449	0.386
6560	0.221	0.868	0.446	0.388
6570	0.214	0.881	0.440	0.394
6580	0.223	0.858	0.450	0.390
6590	0.223	0.850	0.450	0.386
eigenvalues:  tensor([45.9691, 45.3487])
hess item is 0.008118050172924995
6600	0.226	0.854	0.452	0.376
6610	0.217	0.882	0.446	0.383
6620	0.207	0.894	0.438	0.395
6630	0.229	0.848	0.460	0.387
6640	0.225	0.852	0.454	0.386
eigenvalues:  tensor([45.6612, 44.9768])
hess item is 0.008037842810153961
6650	0.214	0.871	0.443	0.391
6660	0.204	0.886	0.435	0.399
6670	0.219	0.861	0.449	0.394
6680	0.215	0.878	0.447	0.386
6690	0.213	0.873	0.446	0.392
eigenvalues:  tensor([45.5951, 45.2360])
hess item is 0.00795601587742567
6700	0.214	0.873	0.446	0.387
6710	0.217	0.867	0.449	0.387
6720	0.212	0.885	0.445	0.386
6730	0.224	0.859	0.456	0.385
6740	0.209	0.876	0.443	0.398
eigenvalues:  tensor([45.7124, 44.6107])
hess item is 0.007874907925724983
6750	0.217	0.870	0.451	0.390
6760	0.229	0.836	0.462	0.376
6770	0.209	0.875	0.445	0.389
6780	0.231	0.843	0.465	0.378
6790	0.205	0.882	0.442	0.391
eigenvalues:  tensor([45.3018, 45.1350])
hess item is 0.007799876853823662
6800	0.212	0.874	0.449	0.386
6810	0.209	0.880	0.446	0.389
6820	0.206	0.878	0.444	0.390
6830	0.205	0.885	0.445	0.390
6840	0.221	0.868	0.463	0.375
eigenvalues:  tensor([45.0531, 44.8671])
hess item is 0.007722252514213324
6850	0.206	0.879	0.447	0.396
6860	0.206	0.880	0.447	0.392
6870	0.222	0.863	0.461	0.378
6880	0.199	0.897	0.442	0.391
6890	0.206	0.884	0.448	0.386
eigenvalues:  tensor([45.3869, 44.5733])
hess item is 0.007646213751286268
6900	0.210	0.871	0.451	0.389
6910	0.210	0.884	0.452	0.389
6920	0.212	0.875	0.454	0.382
6930	0.202	0.904	0.446	0.385
6940	0.203	0.903	0.447	0.384
eigenvalues:  tensor([45.3310, 44.7124])
hess item is 0.00757260387763381
6950	0.210	0.868	0.456	0.383
6960	0.210	0.874	0.456	0.381
6970	0.204	0.883	0.449	0.389
6980	0.212	0.865	0.458	0.376
6990	0.204	0.885	0.449	0.391
eigenvalues:  tensor([45.0788, 44.3484])
hess item is 0.007498133461922407
7000	0.198	0.900	0.444	0.394
7010	0.199	0.892	0.446	0.394
7020	0.204	0.888	0.451	0.391
7030	0.199	0.898	0.448	0.392
7040	0.209	0.883	0.457	0.384
eigenvalues:  tensor([44.9041, 44.5071])
hess item is 0.007426799274981022
7050	0.198	0.905	0.449	0.386
7060	0.204	0.892	0.456	0.381
7070	0.198	0.899	0.450	0.388
7080	0.191	0.908	0.444	0.394
7090	0.219	0.871	0.471	0.379
eigenvalues:  tensor([44.9914, 44.3263])
hess item is 0.007355986163020134
7100	0.213	0.874	0.463	0.384
7110	0.196	0.902	0.449	0.390
7120	0.205	0.886	0.460	0.379
7130	0.205	0.887	0.459	0.384
7140	0.195	0.909	0.448	0.392
eigenvalues:  tensor([44.4941, 44.2430])
hess item is 0.007287187501788139
7150	0.210	0.884	0.466	0.382
7160	0.196	0.901	0.449	0.391
7170	0.206	0.887	0.459	0.385
7180	0.202	0.891	0.456	0.388
7190	0.199	0.902	0.456	0.382
eigenvalues:  tensor([44.2017, 44.1760])
hess item is 0.00722449691966176
7200	0.190	0.902	0.449	0.389
7210	0.203	0.879	0.461	0.381
7220	0.218	0.863	0.477	0.376
7230	0.199	0.894	0.458	0.379
7240	0.194	0.906	0.452	0.384
eigenvalues:  tensor([43.8737, 43.2660])
hess item is 0.007166008464992046
7250	0.192	0.908	0.451	0.389
7260	0.187	0.919	0.448	0.393
7270	0.205	0.868	0.466	0.372
7280	0.201	0.899	0.462	0.375
7290	0.180	0.925	0.443	0.398
eigenvalues:  tensor([44.2467, 43.7220])
hess item is 0.007102651055902243
7300	0.198	0.892	0.459	0.385
7310	0.202	0.890	0.464	0.383
7320	0.187	0.916	0.451	0.393
7330	0.197	0.891	0.463	0.384
7340	0.201	0.894	0.465	0.384
eigenvalues:  tensor([44.4808, 44.2214])
hess item is 0.007044985890388489
7350	0.196	0.891	0.458	0.382
7360	0.188	0.911	0.453	0.392
7370	0.190	0.906	0.456	0.385
7380	0.197	0.897	0.463	0.382
7390	0.196	0.901	0.461	0.381
eigenvalues:  tensor([44.5257, 44.3428])
hess item is 0.006988933309912682
7400	0.196	0.893	0.462	0.380
7410	0.196	0.895	0.463	0.384
7420	0.198	0.891	0.466	0.376
7430	0.193	0.909	0.462	0.379
7440	0.179	0.931	0.449	0.391
eigenvalues:  tensor([44.6920, 44.0520])
hess item is 0.006929636932909489
7450	0.202	0.903	0.472	0.369
7460	0.191	0.903	0.460	0.389
7470	0.188	0.906	0.458	0.394
7480	0.194	0.908	0.464	0.382
7490	0.197	0.899	0.468	0.375
eigenvalues:  tensor([44.2217, 44.0124])
hess item is 0.006869741715490818
7500	0.188	0.910	0.459	0.378
7510	0.192	0.897	0.463	0.375
7520	0.186	0.914	0.457	0.387
7530	0.194	0.910	0.466	0.381
7540	0.190	0.923	0.463	0.378
eigenvalues:  tensor([43.9168, 43.6108])
hess item is 0.00680948793888092
7550	0.199	0.893	0.470	0.376
7560	0.180	0.923	0.454	0.389
7570	0.195	0.905	0.470	0.377
7580	0.208	0.877	0.481	0.371
7590	0.180	0.917	0.454	0.390
eigenvalues:  tensor([44.4464, 43.7084])
hess item is 0.006753710564225912
7600	0.180	0.919	0.458	0.388
7610	0.187	0.915	0.464	0.379
7620	0.189	0.911	0.467	0.371
7630	0.199	0.895	0.477	0.368
7640	0.186	0.909	0.462	0.383
eigenvalues:  tensor([43.8330, 42.9795])
hess item is 0.006698822136968374
7650	0.178	0.928	0.456	0.389
7660	0.192	0.900	0.469	0.381
7670	0.195	0.900	0.472	0.373
7680	0.180	0.924	0.459	0.384
7690	0.177	0.928	0.458	0.386
eigenvalues:  tensor([43.6634, 43.3462])
hess item is 0.006646518595516682
7700	0.175	0.927	0.458	0.386
7710	0.182	0.922	0.465	0.375
7720	0.181	0.922	0.462	0.380
7730	0.188	0.910	0.469	0.380
7740	0.172	0.929	0.456	0.389
eigenvalues:  tensor([44.3529, 43.8744])
hess item is 0.006596967112272978
7750	0.216	0.869	0.498	0.362
7760	0.172	0.927	0.455	0.392
7770	0.175	0.925	0.461	0.382
7780	0.189	0.897	0.473	0.375
7790	0.185	0.911	0.467	0.381
eigenvalues:  tensor([43.4703, 43.2507])
hess item is 0.006547727156430483
7800	0.174	0.928	0.459	0.388
7810	0.183	0.920	0.468	0.382
7820	0.178	0.917	0.464	0.384
7830	0.183	0.913	0.469	0.382
7840	0.171	0.935	0.458	0.386
eigenvalues:  tensor([43.8920, 43.4726])
hess item is 0.006494859233498573
7850	0.179	0.922	0.464	0.384
7860	0.181	0.919	0.466	0.385
7870	0.169	0.930	0.458	0.391
7880	0.182	0.914	0.472	0.382
7890	0.168	0.933	0.460	0.383
eigenvalues:  tensor([43.7483, 43.5351])
hess item is 0.006450525019317865
7900	0.183	0.918	0.474	0.373
7910	0.175	0.927	0.466	0.381
7920	0.173	0.926	0.463	0.384
7930	0.174	0.929	0.466	0.382
7940	0.177	0.926	0.469	0.381
eigenvalues:  tensor([44.1044, 43.2462])
hess item is 0.006404507905244827
7950	0.177	0.921	0.470	0.386
7960	0.169	0.933	0.464	0.385
7970	0.171	0.925	0.466	0.385
7980	0.177	0.916	0.471	0.378
7990	0.181	0.908	0.476	0.377
eigenvalues:  tensor([44.2228, 43.8608])
hess item is 0.006360561586916447
8000	0.186	0.903	0.480	0.374
8010	0.182	0.904	0.475	0.374
8020	0.169	0.930	0.464	0.387
8030	0.183	0.914	0.480	0.374
8040	0.167	0.939	0.465	0.381
eigenvalues:  tensor([43.7746, 42.5282])
hess item is 0.006313440389931202
8050	0.171	0.936	0.469	0.377
8060	0.174	0.925	0.472	0.378
8070	0.166	0.932	0.464	0.387
8080	0.169	0.926	0.468	0.381
8090	0.171	0.928	0.469	0.381
eigenvalues:  tensor([43.3069, 43.2143])
hess item is 0.006265309173613787
8100	0.170	0.935	0.470	0.386
8110	0.167	0.934	0.467	0.384
8120	0.178	0.926	0.478	0.370
8130	0.163	0.944	0.464	0.379
8140	0.175	0.939	0.477	0.368
eigenvalues:  tensor([43.3294, 43.1241])
hess item is 0.0062202573753893375
8150	0.162	0.946	0.464	0.383
8160	0.178	0.924	0.479	0.379
8170	0.174	0.921	0.473	0.381
8180	0.158	0.943	0.461	0.384
8190	0.158	0.950	0.464	0.381
eigenvalues:  tensor([44.0802, 43.0902])
hess item is 0.006179547868669033
8200	0.170	0.935	0.477	0.372
8210	0.169	0.935	0.474	0.375
8220	0.177	0.907	0.481	0.373
8230	0.164	0.932	0.466	0.388
8240	0.167	0.932	0.471	0.383
eigenvalues:  tensor([43.1471, 42.9990])
hess item is 0.00614368449896574
8250	0.168	0.938	0.475	0.380
8260	0.172	0.938	0.479	0.371
8270	0.170	0.922	0.477	0.368
8280	0.169	0.929	0.476	0.372
8290	0.159	0.941	0.467	0.386
eigenvalues:  tensor([43.8102, 43.0656])
hess item is 0.006103002931922674
8300	0.180	0.915	0.485	0.368
8310	0.152	0.952	0.461	0.387
8320	0.177	0.929	0.486	0.371
8330	0.159	0.951	0.470	0.379
8340	0.162	0.943	0.474	0.378
eigenvalues:  tensor([44.2978, 42.9962])
hess item is 0.006056173238903284
8350	0.178	0.922	0.487	0.373
8360	0.162	0.940	0.471	0.377
8370	0.159	0.943	0.471	0.375
8380	0.168	0.934	0.482	0.368
8390	0.184	0.909	0.494	0.367
eigenvalues:  tensor([43.4016, 43.1058])
hess item is 0.006022774614393711
8400	0.154	0.947	0.465	0.385
8410	0.169	0.925	0.481	0.371
8420	0.159	0.947	0.472	0.378
8430	0.157	0.946	0.473	0.376
8440	0.173	0.909	0.488	0.370
eigenvalues:  tensor([43.8074, 42.6653])
hess item is 0.0059858583845198154
8450	0.160	0.934	0.474	0.377
8460	0.165	0.930	0.478	0.372
8470	0.179	0.916	0.493	0.354
8480	0.151	0.958	0.466	0.383
8490	0.166	0.939	0.482	0.376
eigenvalues:  tensor([42.7201, 42.3699])
hess item is 0.005949055776000023
8500	0.149	0.956	0.466	0.387
8510	0.159	0.946	0.478	0.375
8520	0.173	0.922	0.489	0.370
8530	0.153	0.947	0.472	0.381
8540	0.158	0.951	0.478	0.378
eigenvalues:  tensor([43.6901, 43.0957])
hess item is 0.005913467146456242
8550	0.160	0.946	0.477	0.376
8560	0.159	0.930	0.478	0.375
8570	0.168	0.930	0.485	0.370
8580	0.160	0.934	0.478	0.378
8590	0.156	0.948	0.475	0.382
eigenvalues:  tensor([43.5484, 42.5402])
hess item is 0.0058767483569681644
8600	0.156	0.946	0.476	0.380
8610	0.170	0.929	0.491	0.362
8620	0.165	0.927	0.486	0.373
8630	0.150	0.947	0.473	0.380
8640	0.161	0.933	0.484	0.375
eigenvalues:  tensor([42.9926, 41.9872])
hess item is 0.00583871454000473
8650	0.149	0.958	0.474	0.377
8660	0.155	0.953	0.480	0.376
8670	0.171	0.933	0.495	0.368
8680	0.160	0.936	0.482	0.374
8690	0.154	0.943	0.480	0.377
eigenvalues:  tensor([43.2539, 42.9513])
hess item is 0.005799066741019487
8700	0.161	0.931	0.487	0.375
8710	0.157	0.946	0.483	0.376
8720	0.147	0.952	0.474	0.379
8730	0.159	0.934	0.487	0.370
8740	0.177	0.923	0.505	0.350
eigenvalues:  tensor([43.0227, 42.5713])
hess item is 0.0057636406272649765
8750	0.146	0.958	0.474	0.377
8760	0.148	0.953	0.476	0.375
8770	0.156	0.944	0.482	0.377
8780	0.157	0.944	0.485	0.370
8790	0.150	0.949	0.479	0.374
eigenvalues:  tensor([43.2610, 42.3202])
hess item is 0.005723582115024328
8800	0.153	0.952	0.482	0.369
8810	0.152	0.956	0.482	0.375
8820	0.144	0.957	0.474	0.383
8830	0.152	0.946	0.483	0.377
8840	0.166	0.922	0.494	0.365
eigenvalues:  tensor([43.3023, 42.9201])
hess item is 0.005683411378413439
8850	0.146	0.959	0.476	0.377
8860	0.154	0.936	0.486	0.374
8870	0.157	0.937	0.487	0.368
8880	0.151	0.943	0.483	0.372
8890	0.160	0.938	0.493	0.366
eigenvalues:  tensor([43.3014, 42.6415])
hess item is 0.005652495194226503
8900	0.147	0.947	0.481	0.375
8910	0.139	0.960	0.475	0.378
8920	0.155	0.945	0.492	0.360
8930	0.149	0.952	0.485	0.367
8940	0.156	0.944	0.491	0.367
eigenvalues:  tensor([43.2677, 42.8803])
hess item is 0.005614914931356907
8950	0.156	0.941	0.492	0.366
8960	0.149	0.944	0.485	0.375
8970	0.157	0.933	0.494	0.371
8980	0.142	0.953	0.480	0.376
8990	0.159	0.942	0.496	0.366
eigenvalues:  tensor([43.1586, 42.4006])
hess item is 0.005584445782005787
9000	0.142	0.960	0.480	0.375
9010	0.150	0.949	0.487	0.370
9020	0.144	0.950	0.484	0.372
9030	0.165	0.924	0.501	0.367
9040	0.137	0.963	0.476	0.382
eigenvalues:  tensor([43.0721, 42.4338])
hess item is 0.0055508967489004135
9050	0.149	0.946	0.489	0.373
9060	0.144	0.953	0.485	0.373
9070	0.144	0.960	0.487	0.368
9080	0.156	0.951	0.497	0.359
9090	0.135	0.967	0.477	0.376
eigenvalues:  tensor([43.0757, 42.4295])
hess item is 0.005523253232240677
9100	0.156	0.935	0.496	0.362
9110	0.152	0.943	0.492	0.373
9120	0.146	0.952	0.490	0.377
9130	0.147	0.954	0.489	0.375
9140	0.139	0.956	0.482	0.378
eigenvalues:  tensor([43.7998, 43.5344])
hess item is 0.005490165203809738
9150	0.152	0.943	0.492	0.371
9160	0.137	0.961	0.481	0.377
9170	0.148	0.954	0.489	0.374
9180	0.145	0.961	0.489	0.372
9190	0.153	0.935	0.497	0.369
eigenvalues:  tensor([42.9237, 42.7495])
hess item is 0.005458476487547159
9200	0.146	0.948	0.493	0.366
9210	0.138	0.962	0.483	0.368
9220	0.133	0.969	0.482	0.376
9230	0.154	0.944	0.500	0.366
9240	0.141	0.957	0.488	0.371
eigenvalues:  tensor([42.4027, 42.2879])
hess item is 0.005430411547422409
9250	0.145	0.940	0.492	0.362
9260	0.140	0.956	0.487	0.368
9270	0.133	0.965	0.483	0.371
9280	0.145	0.956	0.495	0.365
9290	0.139	0.965	0.488	0.376
eigenvalues:  tensor([43.4893, 43.0058])
hess item is 0.005403975024819374
9300	0.168	0.932	0.516	0.352
9310	0.134	0.961	0.482	0.373
9320	0.150	0.939	0.502	0.368
9330	0.135	0.959	0.483	0.377
9340	0.139	0.952	0.489	0.374
eigenvalues:  tensor([43.1693, 42.6609])
hess item is 0.005384946707636118
9350	0.136	0.961	0.487	0.373
9360	0.137	0.960	0.487	0.375
9370	0.133	0.964	0.485	0.377
9380	0.144	0.948	0.496	0.374
9390	0.146	0.950	0.497	0.371
eigenvalues:  tensor([42.7217, 41.7547])
hess item is 0.005362193565815687
9400	0.129	0.972	0.483	0.375
9410	0.147	0.957	0.501	0.363
9420	0.131	0.968	0.485	0.373
9430	0.143	0.954	0.497	0.367
9440	0.138	0.957	0.493	0.369
eigenvalues:  tensor([43.5738, 42.2622])
hess item is 0.005328134633600712
9450	0.141	0.949	0.495	0.366
9460	0.141	0.944	0.496	0.367
9470	0.148	0.938	0.505	0.358
9480	0.133	0.964	0.491	0.367
9490	0.152	0.944	0.510	0.358
eigenvalues:  tensor([43.4833, 42.6637])
hess item is 0.005300042685121298
9500	0.134	0.960	0.489	0.368
9510	0.137	0.953	0.493	0.370
9520	0.141	0.955	0.497	0.371
9530	0.132	0.966	0.487	0.373
9540	0.125	0.973	0.484	0.373
eigenvalues:  tensor([43.0696, 41.8336])
hess item is 0.005278280470520258
9550	0.136	0.955	0.494	0.364
9560	0.135	0.953	0.492	0.365
9570	0.126	0.970	0.487	0.373
9580	0.135	0.967	0.493	0.366
9590	0.122	0.976	0.484	0.372
eigenvalues:  tensor([42.8876, 41.8928])
hess item is 0.005249996203929186
9600	0.148	0.946	0.508	0.364
9610	0.141	0.960	0.500	0.372
9620	0.135	0.966	0.495	0.366
9630	0.138	0.953	0.501	0.359
9640	0.139	0.958	0.499	0.367
eigenvalues:  tensor([42.9538, 42.3056])
hess item is 0.005234047770500183
9650	0.136	0.959	0.499	0.369
9660	0.127	0.968	0.491	0.373
9670	0.135	0.959	0.498	0.368
9680	0.132	0.959	0.494	0.368
9690	0.126	0.968	0.489	0.376
eigenvalues:  tensor([42.3621, 41.7236])
hess item is 0.005209686700254679
9700	0.137	0.958	0.499	0.366
9710	0.136	0.961	0.498	0.373
9720	0.136	0.955	0.498	0.373
9730	0.129	0.960	0.493	0.375
9740	0.139	0.961	0.505	0.366
eigenvalues:  tensor([42.3673, 41.9026])
hess item is 0.005181087646633387
9750	0.130	0.970	0.496	0.372
9760	0.124	0.974	0.491	0.372
9770	0.131	0.966	0.500	0.365
9780	0.134	0.962	0.501	0.365
9790	0.124	0.969	0.492	0.370
eigenvalues:  tensor([42.4691, 41.9816])
hess item is 0.005154303275048733
9800	0.139	0.953	0.505	0.365
9810	0.131	0.961	0.498	0.364
9820	0.141	0.950	0.508	0.360
9830	0.126	0.963	0.494	0.369
9840	0.126	0.964	0.496	0.368
eigenvalues:  tensor([43.0494, 42.1720])
hess item is 0.00514197675511241
9850	0.139	0.950	0.505	0.360
9860	0.127	0.965	0.497	0.367
9870	0.122	0.971	0.492	0.372
9880	0.135	0.962	0.505	0.364
9890	0.131	0.968	0.500	0.368
eigenvalues:  tensor([42.1044, 41.9421])
hess item is 0.005118569824844599
9900	0.130	0.967	0.498	0.365
9910	0.138	0.958	0.504	0.368
9920	0.133	0.965	0.502	0.364
9930	0.124	0.971	0.496	0.365
9940	0.134	0.966	0.505	0.363
eigenvalues:  tensor([42.8269, 42.5139])
hess item is 0.005094621796160936
9950	0.132	0.960	0.503	0.366
9960	0.123	0.963	0.496	0.367
9970	0.124	0.969	0.497	0.366
9980	0.129	0.966	0.502	0.362
9990	0.124	0.971	0.497	0.364
device: cuda:5
output directory: RESULTS/cifar10-10k/fc-tanh/seed_0/mse/ivon/lr_0.0005_h0_0.1_post_10_alpha_100.0_beta2_0.9995_beta_0.0_ess_10000000.0_ivon
Files already downloaded and verified
Files already downloaded and verified
optimizer is IVON
0	0.597	0.131	0.597	0.131
10	0.511	0.189	0.513	0.185
20	0.489	0.218	0.492	0.211
30	0.475	0.236	0.478	0.231
40	0.465	0.252	0.468	0.243
eigenvalues:  tensor([77.6117, 63.3119])
hess item is 0.09760496765375137
50	0.457	0.265	0.461	0.255
60	0.451	0.277	0.455	0.263
70	0.445	0.284	0.450	0.269
80	0.441	0.290	0.446	0.274
90	0.437	0.299	0.442	0.280
eigenvalues:  tensor([75.5084, 61.2627])
hess item is 0.09526856988668442
100	0.434	0.303	0.439	0.285
110	0.431	0.310	0.437	0.291
120	0.428	0.317	0.434	0.295
130	0.426	0.321	0.432	0.298
140	0.424	0.326	0.430	0.301
eigenvalues:  tensor([73.9541, 60.3796])
hess item is 0.09299028664827347
150	0.421	0.328	0.428	0.305
160	0.420	0.333	0.427	0.307
170	0.418	0.336	0.425	0.310
180	0.416	0.337	0.424	0.312
190	0.415	0.342	0.423	0.313
eigenvalues:  tensor([72.8018, 59.8074])
hess item is 0.09076758474111557
200	0.413	0.345	0.421	0.316
210	0.412	0.348	0.420	0.318
220	0.411	0.352	0.419	0.320
230	0.410	0.355	0.418	0.323
240	0.409	0.358	0.418	0.326
eigenvalues:  tensor([71.8771, 59.3893])
hess item is 0.08859992027282715
250	0.408	0.360	0.417	0.328
260	0.407	0.363	0.416	0.331
270	0.406	0.366	0.415	0.331
280	0.405	0.369	0.415	0.334
290	0.404	0.372	0.414	0.335
eigenvalues:  tensor([71.1254, 59.0814])
hess item is 0.08648519963026047
300	0.403	0.375	0.413	0.337
310	0.403	0.378	0.413	0.339
320	0.402	0.381	0.412	0.342
330	0.401	0.382	0.412	0.343
340	0.400	0.384	0.411	0.346
eigenvalues:  tensor([70.5026, 58.8091])
hess item is 0.08442258834838867
350	0.400	0.386	0.411	0.347
360	0.399	0.387	0.410	0.349
370	0.399	0.388	0.410	0.350
380	0.398	0.389	0.410	0.351
390	0.397	0.393	0.409	0.352
eigenvalues:  tensor([69.9684, 58.6108])
hess item is 0.08241140842437744
400	0.397	0.393	0.409	0.354
410	0.396	0.394	0.408	0.354
420	0.396	0.396	0.408	0.354
430	0.395	0.397	0.408	0.355
440	0.395	0.399	0.408	0.357
eigenvalues:  tensor([69.4840, 58.4142])
hess item is 0.08044975250959396
450	0.394	0.399	0.407	0.358
460	0.394	0.401	0.407	0.358
470	0.393	0.402	0.407	0.359
480	0.393	0.403	0.406	0.360
490	0.393	0.404	0.406	0.360
eigenvalues:  tensor([69.0517, 58.2566])
hess item is 0.07853619754314423
500	0.392	0.405	0.406	0.361
510	0.392	0.406	0.406	0.361
520	0.391	0.408	0.405	0.362
530	0.391	0.409	0.405	0.362
540	0.391	0.410	0.405	0.362
eigenvalues:  tensor([68.6655, 58.1133])
hess item is 0.07667019218206406
550	0.390	0.412	0.405	0.362
560	0.390	0.414	0.404	0.363
570	0.389	0.415	0.404	0.364
580	0.389	0.417	0.404	0.364
590	0.389	0.418	0.404	0.366
eigenvalues:  tensor([68.3527, 58.0022])
hess item is 0.07484962791204453
600	0.388	0.420	0.404	0.365
610	0.388	0.421	0.403	0.366
620	0.388	0.423	0.403	0.367
630	0.387	0.424	0.403	0.368
640	0.387	0.425	0.403	0.368
eigenvalues:  tensor([67.9624, 57.8848])
hess item is 0.07307498902082443
650	0.387	0.426	0.403	0.368
660	0.386	0.428	0.403	0.370
670	0.386	0.428	0.402	0.371
680	0.386	0.430	0.402	0.371
690	0.385	0.431	0.402	0.372
eigenvalues:  tensor([67.6758, 57.8035])
hess item is 0.07134420424699783
700	0.385	0.432	0.402	0.372
710	0.385	0.433	0.402	0.373
720	0.384	0.433	0.402	0.373
730	0.384	0.433	0.401	0.374
740	0.384	0.434	0.401	0.373
eigenvalues:  tensor([67.3614, 57.7147])
hess item is 0.06965522468090057
750	0.384	0.434	0.401	0.373
760	0.383	0.435	0.401	0.374
770	0.383	0.436	0.401	0.374
780	0.383	0.437	0.401	0.374
790	0.382	0.439	0.401	0.373
eigenvalues:  tensor([67.0983, 57.6386])
hess item is 0.06800775974988937
800	0.382	0.438	0.400	0.375
810	0.382	0.440	0.400	0.375
820	0.382	0.441	0.400	0.376
830	0.381	0.442	0.400	0.376
840	0.381	0.443	0.400	0.377
eigenvalues:  tensor([66.7918, 57.5810])
hess item is 0.06640169024467468
850	0.381	0.443	0.400	0.376
860	0.380	0.444	0.400	0.377
870	0.380	0.446	0.400	0.377
880	0.380	0.446	0.399	0.378
890	0.380	0.447	0.399	0.379
eigenvalues:  tensor([66.5905, 57.5113])
hess item is 0.06483502686023712
900	0.379	0.448	0.399	0.378
910	0.379	0.449	0.399	0.379
920	0.379	0.449	0.399	0.380
930	0.379	0.450	0.399	0.380
940	0.378	0.452	0.399	0.380
eigenvalues:  tensor([66.3502, 57.4686])
hess item is 0.06330735981464386
950	0.378	0.452	0.399	0.380
960	0.378	0.453	0.399	0.380
970	0.378	0.455	0.399	0.381
980	0.377	0.455	0.398	0.382
990	0.377	0.457	0.398	0.382
eigenvalues:  tensor([66.1257, 57.4355])
hess item is 0.06181719899177551
1000	0.377	0.457	0.398	0.383
1010	0.377	0.457	0.398	0.383
1020	0.376	0.459	0.398	0.383
1030	0.376	0.460	0.398	0.383
1040	0.376	0.459	0.398	0.384
eigenvalues:  tensor([65.9549, 57.4219])
hess item is 0.060363974422216415
1050	0.376	0.462	0.398	0.384
1060	0.375	0.462	0.398	0.385
1070	0.375	0.463	0.398	0.384
1080	0.375	0.463	0.397	0.386
1090	0.375	0.464	0.397	0.385
eigenvalues:  tensor([65.7223, 57.3757])
hess item is 0.05894692987203598
1100	0.374	0.465	0.397	0.386
1110	0.374	0.466	0.397	0.386
1120	0.374	0.467	0.397	0.386
1130	0.374	0.468	0.397	0.387
1140	0.373	0.469	0.397	0.386
eigenvalues:  tensor([65.6025, 57.3548])
hess item is 0.05756526440382004
1150	0.373	0.468	0.397	0.388
1160	0.373	0.470	0.397	0.389
1170	0.373	0.470	0.397	0.388
1180	0.373	0.472	0.397	0.389
1190	0.372	0.472	0.397	0.389
eigenvalues:  tensor([65.4358, 57.3343])
hess item is 0.05621781200170517
1200	0.372	0.473	0.396	0.389
1210	0.372	0.473	0.396	0.389
1220	0.372	0.472	0.396	0.389
1230	0.371	0.475	0.396	0.390
1240	0.371	0.475	0.396	0.390
eigenvalues:  tensor([65.3728, 57.3352])
hess item is 0.054903801530599594
1250	0.371	0.475	0.396	0.389
1260	0.371	0.475	0.396	0.389
1270	0.370	0.476	0.396	0.391
1280	0.370	0.478	0.396	0.392
1290	0.370	0.479	0.396	0.391
eigenvalues:  tensor([65.3045, 57.3244])
hess item is 0.05362284928560257
1300	0.370	0.479	0.396	0.392
1310	0.370	0.478	0.396	0.392
1320	0.369	0.480	0.396	0.394
1330	0.369	0.480	0.395	0.393
1340	0.369	0.480	0.395	0.392
eigenvalues:  tensor([65.2086, 57.3576])
hess item is 0.052372582256793976
1350	0.369	0.481	0.395	0.394
1360	0.368	0.482	0.395	0.394
1370	0.368	0.484	0.395	0.394
1380	0.368	0.484	0.395	0.393
1390	0.368	0.483	0.395	0.393
eigenvalues:  tensor([65.1895, 57.3841])
hess item is 0.05115410313010216
1400	0.368	0.484	0.395	0.393
1410	0.367	0.485	0.395	0.394
1420	0.367	0.486	0.395	0.395
1430	0.367	0.487	0.395	0.395
1440	0.367	0.488	0.395	0.394
eigenvalues:  tensor([65.1285, 57.3826])
hess item is 0.04996543377637863
1450	0.366	0.488	0.395	0.395
1460	0.366	0.489	0.395	0.395
1470	0.366	0.490	0.395	0.396
1480	0.366	0.491	0.395	0.396
1490	0.365	0.490	0.394	0.397
eigenvalues:  tensor([65.1725, 57.3755])
hess item is 0.04880708456039429
1500	0.365	0.492	0.394	0.397
1510	0.365	0.492	0.394	0.397
1520	0.365	0.493	0.394	0.396
1530	0.365	0.493	0.394	0.396
1540	0.364	0.495	0.394	0.398
eigenvalues:  tensor([65.1866, 57.4148])
hess item is 0.04767762869596481
1550	0.364	0.495	0.394	0.398
1560	0.364	0.496	0.394	0.399
1570	0.364	0.496	0.394	0.398
1580	0.363	0.496	0.394	0.398
1590	0.363	0.498	0.394	0.399
eigenvalues:  tensor([65.2316, 57.4773])
hess item is 0.046576179563999176
1600	0.363	0.498	0.394	0.398
1610	0.363	0.498	0.394	0.400
1620	0.363	0.498	0.394	0.399
1630	0.362	0.500	0.394	0.401
1640	0.362	0.500	0.394	0.400
eigenvalues:  tensor([65.2701, 57.4937])
hess item is 0.04550229385495186
1650	0.362	0.501	0.394	0.400
1660	0.362	0.502	0.394	0.399
1670	0.361	0.502	0.393	0.400
1680	0.361	0.505	0.393	0.400
1690	0.361	0.505	0.393	0.401
eigenvalues:  tensor([65.4251, 57.5710])
hess item is 0.044454652816057205
1700	0.361	0.505	0.393	0.401
1710	0.361	0.505	0.393	0.401
1720	0.360	0.506	0.393	0.401
1730	0.360	0.508	0.393	0.402
1740	0.360	0.509	0.393	0.403
eigenvalues:  tensor([65.4971, 57.6046])
hess item is 0.0434333011507988
1750	0.360	0.508	0.393	0.401
1760	0.359	0.509	0.393	0.402
1770	0.359	0.511	0.393	0.403
1780	0.359	0.511	0.393	0.402
1790	0.359	0.514	0.393	0.403
eigenvalues:  tensor([65.6201, 57.6818])
hess item is 0.042437415570020676
1800	0.359	0.512	0.393	0.403
1810	0.358	0.516	0.393	0.404
1820	0.358	0.514	0.393	0.404
1830	0.358	0.515	0.393	0.404
1840	0.358	0.516	0.393	0.403
eigenvalues:  tensor([65.8036, 57.7936])
hess item is 0.0414670892059803
1850	0.357	0.517	0.393	0.403
1860	0.357	0.520	0.393	0.404
1870	0.357	0.521	0.393	0.404
1880	0.357	0.519	0.393	0.405
1890	0.357	0.520	0.392	0.405
eigenvalues:  tensor([66.0493, 57.8728])
hess item is 0.040520597249269485
1900	0.356	0.522	0.392	0.405
1910	0.356	0.523	0.392	0.405
1920	0.356	0.521	0.392	0.404
1930	0.356	0.523	0.392	0.404
1940	0.355	0.524	0.392	0.406
eigenvalues:  tensor([66.1946, 58.0082])
hess item is 0.03959890455007553
1950	0.355	0.524	0.392	0.406
1960	0.355	0.525	0.392	0.406
1970	0.355	0.527	0.392	0.406
1980	0.354	0.527	0.392	0.406
1990	0.354	0.528	0.392	0.406
eigenvalues:  tensor([66.4149, 58.0826])
hess item is 0.038699425756931305
2000	0.354	0.530	0.392	0.406
2010	0.354	0.528	0.392	0.405
2020	0.354	0.530	0.392	0.406
2030	0.353	0.531	0.392	0.406
2040	0.353	0.534	0.392	0.407
eigenvalues:  tensor([66.6778, 58.2010])
hess item is 0.03782312199473381
2050	0.353	0.533	0.392	0.407
2060	0.353	0.532	0.392	0.407
2070	0.352	0.533	0.392	0.406
2080	0.352	0.534	0.392	0.407
2090	0.352	0.535	0.392	0.406
eigenvalues:  tensor([66.9099, 58.3212])
hess item is 0.03696880862116814
2100	0.352	0.538	0.392	0.408
2110	0.351	0.539	0.392	0.408
2120	0.351	0.537	0.392	0.407
2130	0.351	0.539	0.392	0.410
2140	0.351	0.538	0.392	0.408
eigenvalues:  tensor([67.2219, 58.4714])
hess item is 0.03613559901714325
2150	0.350	0.539	0.392	0.408
2160	0.350	0.541	0.392	0.408
2170	0.350	0.542	0.391	0.410
2180	0.350	0.541	0.391	0.409
2190	0.350	0.542	0.391	0.410
eigenvalues:  tensor([67.5178, 58.6391])
hess item is 0.03532372787594795
2200	0.349	0.543	0.391	0.409
2210	0.349	0.543	0.391	0.410
2220	0.349	0.544	0.391	0.410
2230	0.349	0.544	0.391	0.410
2240	0.348	0.547	0.391	0.411
eigenvalues:  tensor([67.7863, 58.8153])
hess item is 0.03453190624713898
2250	0.348	0.547	0.391	0.409
2260	0.348	0.546	0.391	0.408
2270	0.348	0.548	0.391	0.408
2280	0.347	0.548	0.391	0.409
2290	0.347	0.548	0.391	0.407
eigenvalues:  tensor([68.1643, 59.0078])
hess item is 0.03376045450568199
2300	0.347	0.550	0.391	0.410
2310	0.347	0.552	0.391	0.411
2320	0.346	0.551	0.391	0.408
2330	0.346	0.551	0.391	0.408
2340	0.346	0.552	0.391	0.409
eigenvalues:  tensor([68.5063, 59.1856])
hess item is 0.03300858289003372
2350	0.346	0.554	0.391	0.412
2360	0.345	0.554	0.391	0.410
2370	0.345	0.554	0.391	0.410
2380	0.345	0.556	0.391	0.409
2390	0.345	0.557	0.391	0.410
eigenvalues:  tensor([68.8795, 59.4367])
hess item is 0.03227534517645836
2400	0.344	0.558	0.391	0.410
2410	0.344	0.559	0.391	0.411
2420	0.344	0.559	0.391	0.410
2430	0.344	0.559	0.391	0.408
2440	0.343	0.561	0.391	0.409
eigenvalues:  tensor([69.2495, 59.6836])
hess item is 0.03156158700585365
2450	0.343	0.561	0.391	0.409
2460	0.343	0.563	0.391	0.411
2470	0.343	0.562	0.391	0.410
2480	0.342	0.562	0.391	0.410
2490	0.342	0.563	0.391	0.410
eigenvalues:  tensor([69.5966, 59.8854])
hess item is 0.03086528368294239
2500	0.342	0.565	0.391	0.411
2510	0.342	0.566	0.391	0.410
2520	0.341	0.567	0.391	0.411
2530	0.341	0.567	0.391	0.412
2540	0.341	0.568	0.391	0.412
eigenvalues:  tensor([70.0619, 60.1747])
hess item is 0.03018893674015999
2550	0.340	0.570	0.391	0.409
2560	0.340	0.570	0.391	0.411
2570	0.340	0.568	0.391	0.411
2580	0.340	0.570	0.391	0.412
2590	0.339	0.573	0.391	0.410
eigenvalues:  tensor([70.4000, 60.4065])
hess item is 0.029527992010116577
2600	0.339	0.572	0.391	0.413
2610	0.339	0.573	0.391	0.411
2620	0.339	0.573	0.391	0.411
2630	0.338	0.574	0.391	0.413
2640	0.338	0.575	0.391	0.411
eigenvalues:  tensor([70.8354, 60.7825])
hess item is 0.02888377755880356
2650	0.338	0.575	0.391	0.410
2660	0.338	0.577	0.391	0.410
2670	0.337	0.577	0.391	0.411
2680	0.337	0.578	0.391	0.412
2690	0.337	0.578	0.391	0.411
eigenvalues:  tensor([71.2193, 61.0291])
hess item is 0.02825770527124405
2700	0.336	0.577	0.391	0.410
2710	0.336	0.578	0.391	0.413
2720	0.336	0.581	0.391	0.414
2730	0.336	0.581	0.390	0.412
2740	0.335	0.582	0.391	0.411
eigenvalues:  tensor([71.7118, 61.3526])
hess item is 0.027647508308291435
2750	0.335	0.584	0.391	0.412
2760	0.335	0.585	0.390	0.413
2770	0.335	0.585	0.391	0.414
2780	0.334	0.585	0.391	0.414
2790	0.334	0.586	0.391	0.412
eigenvalues:  tensor([72.2691, 61.6373])
hess item is 0.02705242671072483
2800	0.334	0.588	0.390	0.414
2810	0.333	0.589	0.390	0.414
2820	0.333	0.589	0.391	0.412
2830	0.333	0.590	0.390	0.412
2840	0.333	0.592	0.391	0.413
eigenvalues:  tensor([72.5222, 61.9432])
hess item is 0.02647273615002632
2850	0.332	0.591	0.391	0.413
2860	0.332	0.592	0.390	0.411
2870	0.332	0.593	0.390	0.413
2880	0.331	0.595	0.391	0.415
2890	0.331	0.595	0.391	0.414
eigenvalues:  tensor([73.2184, 62.3881])
hess item is 0.02590782195329666
2900	0.331	0.597	0.391	0.412
2910	0.331	0.598	0.391	0.413
2920	0.330	0.598	0.390	0.414
2930	0.330	0.598	0.391	0.414
2940	0.330	0.600	0.391	0.412
eigenvalues:  tensor([73.7085, 62.8018])
hess item is 0.02535889483988285
2950	0.329	0.597	0.391	0.412
2960	0.329	0.600	0.391	0.413
2970	0.329	0.603	0.391	0.414
2980	0.328	0.602	0.391	0.414
2990	0.328	0.603	0.391	0.414
eigenvalues:  tensor([73.9709, 63.0707])
hess item is 0.02482455037534237
3000	0.328	0.605	0.391	0.414
3010	0.328	0.607	0.391	0.413
3020	0.327	0.606	0.391	0.414
3030	0.327	0.607	0.391	0.414
3040	0.327	0.609	0.391	0.414
eigenvalues:  tensor([74.4336, 63.6109])
hess item is 0.024303670972585678
3050	0.326	0.606	0.391	0.414
3060	0.326	0.611	0.391	0.414
3070	0.326	0.610	0.391	0.415
3080	0.325	0.612	0.391	0.416
3090	0.325	0.611	0.391	0.414
eigenvalues:  tensor([74.9242, 63.9508])
hess item is 0.023797111585736275
3100	0.325	0.614	0.391	0.414
3110	0.324	0.614	0.391	0.416
3120	0.324	0.617	0.391	0.415
3130	0.324	0.615	0.391	0.417
3140	0.324	0.618	0.391	0.416
eigenvalues:  tensor([75.3867, 64.3567])
hess item is 0.023304324597120285
3150	0.323	0.618	0.391	0.414
3160	0.323	0.618	0.391	0.418
3170	0.323	0.620	0.391	0.416
3180	0.322	0.624	0.391	0.418
3190	0.322	0.622	0.391	0.417
eigenvalues:  tensor([75.9394, 64.7470])
hess item is 0.022823404520750046
3200	0.322	0.622	0.391	0.415
3210	0.321	0.625	0.391	0.416
3220	0.321	0.623	0.391	0.416
3230	0.321	0.624	0.391	0.415
3240	0.321	0.626	0.391	0.415
eigenvalues:  tensor([76.3114, 65.1414])
hess item is 0.022356560453772545
3250	0.320	0.627	0.391	0.417
3260	0.320	0.628	0.391	0.416
3270	0.319	0.630	0.391	0.416
3280	0.319	0.629	0.392	0.414
3290	0.319	0.631	0.391	0.414
eigenvalues:  tensor([76.7967, 65.7041])
hess item is 0.021900724619627
3300	0.318	0.633	0.391	0.416
3310	0.318	0.631	0.391	0.418
3320	0.318	0.634	0.391	0.417
3330	0.317	0.635	0.391	0.415
3340	0.317	0.634	0.391	0.416
eigenvalues:  tensor([77.5012, 66.2887])
hess item is 0.02145742066204548
3350	0.317	0.635	0.392	0.414
3360	0.316	0.638	0.391	0.417
3370	0.316	0.638	0.392	0.415
3380	0.316	0.641	0.391	0.417
3390	0.316	0.641	0.392	0.415
eigenvalues:  tensor([77.6273, 66.8173])
hess item is 0.021025381982326508
3400	0.315	0.640	0.392	0.417
3410	0.315	0.644	0.392	0.416
3420	0.314	0.645	0.392	0.415
3430	0.314	0.645	0.392	0.416
3440	0.314	0.645	0.392	0.417
eigenvalues:  tensor([78.2792, 67.2768])
hess item is 0.020606206730008125
3450	0.313	0.649	0.392	0.417
3460	0.313	0.647	0.392	0.416
3470	0.313	0.648	0.392	0.418
3480	0.313	0.648	0.392	0.412
3490	0.312	0.651	0.392	0.418
eigenvalues:  tensor([78.8406, 67.7564])
hess item is 0.02019866742193699
3500	0.312	0.650	0.392	0.413
3510	0.311	0.655	0.392	0.417
3520	0.311	0.654	0.392	0.416
3530	0.311	0.653	0.392	0.416
3540	0.310	0.655	0.392	0.417
eigenvalues:  tensor([79.0142, 68.3049])
hess item is 0.019800111651420593
3550	0.310	0.656	0.392	0.414
3560	0.310	0.658	0.393	0.414
3570	0.310	0.657	0.393	0.414
3580	0.309	0.661	0.393	0.413
3590	0.310	0.656	0.394	0.410
eigenvalues:  tensor([78.6506, 68.7886])
hess item is 0.019415386021137238
3600	0.308	0.661	0.393	0.413
3610	0.308	0.660	0.393	0.414
3620	0.307	0.665	0.392	0.416
3630	0.308	0.663	0.393	0.414
3640	0.307	0.661	0.393	0.415
eigenvalues:  tensor([78.5529, 69.2701])
hess item is 0.019041595980525017
3650	0.306	0.665	0.393	0.416
3660	0.306	0.664	0.393	0.415
3670	0.306	0.668	0.393	0.417
3680	0.306	0.665	0.394	0.414
3690	0.306	0.666	0.394	0.415
eigenvalues:  tensor([79.0679, 69.6679])
hess item is 0.018677961081266403
3700	0.305	0.672	0.393	0.414
3710	0.305	0.668	0.394	0.415
3720	0.305	0.668	0.394	0.417
3730	0.306	0.665	0.396	0.412
3740	0.303	0.673	0.394	0.413
eigenvalues:  tensor([77.8576, 70.0221])
hess item is 0.018325136974453926
3750	0.303	0.674	0.393	0.415
3760	0.302	0.676	0.393	0.414
3770	0.302	0.674	0.393	0.416
3780	0.301	0.678	0.393	0.417
3790	0.302	0.676	0.395	0.414
eigenvalues:  tensor([78.6354, 70.6053])
hess item is 0.017980042845010757
3800	0.301	0.684	0.394	0.414
3810	0.303	0.669	0.397	0.405
3820	0.303	0.677	0.396	0.410
3830	0.300	0.684	0.394	0.414
3840	0.302	0.678	0.396	0.414
eigenvalues:  tensor([76.0851, 70.6227])
hess item is 0.01764659769833088
3850	0.301	0.679	0.396	0.412
3860	0.302	0.670	0.398	0.408
3870	0.300	0.683	0.396	0.414
3880	0.301	0.681	0.397	0.414
3890	0.297	0.686	0.394	0.416
eigenvalues:  tensor([75.0394, 70.6233])
hess item is 0.017321698367595673
3900	0.297	0.691	0.394	0.417
3910	0.297	0.693	0.394	0.415
3920	0.296	0.688	0.394	0.415
3930	0.296	0.689	0.395	0.416
3940	0.299	0.687	0.398	0.411
eigenvalues:  tensor([73.8099, 71.1156])
hess item is 0.017006561160087585
3950	0.297	0.690	0.396	0.412
3960	0.298	0.687	0.398	0.413
3970	0.298	0.692	0.398	0.416
3980	0.296	0.692	0.397	0.412
3990	0.294	0.699	0.395	0.414
eigenvalues:  tensor([72.8845, 71.1499])
hess item is 0.016700617969036102
4000	0.295	0.694	0.397	0.413
4010	0.295	0.699	0.397	0.414
4020	0.293	0.702	0.395	0.414
4030	0.294	0.689	0.397	0.416
4040	0.292	0.705	0.395	0.416
eigenvalues:  tensor([74.5790, 71.6439])
hess item is 0.016399705782532692
4050	0.292	0.701	0.396	0.412
4060	0.297	0.691	0.402	0.406
4070	0.295	0.696	0.399	0.410
4080	0.290	0.708	0.395	0.415
4090	0.291	0.708	0.396	0.418
eigenvalues:  tensor([71.8426, 71.7147])
hess item is 0.01610841229557991
4100	0.292	0.707	0.398	0.414
4110	0.296	0.693	0.403	0.408
4120	0.292	0.706	0.399	0.411
4130	0.292	0.701	0.399	0.412
4140	0.298	0.686	0.406	0.406
eigenvalues:  tensor([68.9843, 67.8480])
hess item is 0.01582934334874153
4150	0.293	0.696	0.401	0.413
4160	0.297	0.679	0.406	0.402
4170	0.291	0.697	0.400	0.413
4180	0.288	0.709	0.398	0.412
4190	0.293	0.701	0.403	0.408
eigenvalues:  tensor([69.9916, 67.6341])
hess item is 0.01555740274488926
4200	0.292	0.704	0.402	0.410
4210	0.287	0.717	0.398	0.416
4220	0.286	0.721	0.398	0.416
4230	0.289	0.711	0.401	0.410
4240	0.294	0.702	0.407	0.400
eigenvalues:  tensor([68.8647, 68.3773])
hess item is 0.015290734358131886
4250	0.286	0.716	0.399	0.413
4260	0.288	0.710	0.402	0.409
4270	0.297	0.687	0.411	0.395
4280	0.286	0.716	0.401	0.409
4290	0.285	0.723	0.400	0.411
eigenvalues:  tensor([67.6898, 65.6584])
hess item is 0.015033718198537827
4300	0.292	0.706	0.407	0.405
4310	0.285	0.726	0.401	0.410
4320	0.284	0.721	0.401	0.412
4330	0.286	0.717	0.404	0.407
4340	0.285	0.719	0.403	0.408
eigenvalues:  tensor([67.4706, 65.7245])
hess item is 0.014781145378947258
4350	0.282	0.730	0.400	0.413
4360	0.281	0.724	0.400	0.411
4370	0.286	0.717	0.406	0.406
4380	0.288	0.718	0.407	0.403
4390	0.283	0.723	0.403	0.405
eigenvalues:  tensor([67.1289, 65.4134])
hess item is 0.014538193121552467
4400	0.283	0.719	0.403	0.407
4410	0.287	0.706	0.407	0.408
4420	0.284	0.718	0.405	0.411
4430	0.286	0.718	0.407	0.407
4440	0.278	0.746	0.400	0.410
eigenvalues:  tensor([66.7356, 64.6178])
hess item is 0.01429834309965372
4450	0.279	0.742	0.402	0.412
4460	0.287	0.721	0.410	0.401
4470	0.288	0.720	0.411	0.403
4480	0.292	0.708	0.415	0.396
4490	0.281	0.732	0.405	0.407
eigenvalues:  tensor([64.6269, 63.3088])
hess item is 0.014069127850234509
4500	0.278	0.741	0.403	0.410
4510	0.284	0.724	0.409	0.403
4520	0.275	0.749	0.402	0.411
4530	0.280	0.729	0.406	0.410
4540	0.282	0.726	0.408	0.406
eigenvalues:  tensor([64.4572, 62.1317])
hess item is 0.013842752203345299
4550	0.285	0.725	0.411	0.401
4560	0.279	0.742	0.407	0.405
4570	0.279	0.734	0.407	0.406
4580	0.290	0.713	0.418	0.393
4590	0.274	0.745	0.403	0.408
eigenvalues:  tensor([62.8584, 62.2205])
hess item is 0.013621652498841286
4600	0.276	0.746	0.405	0.411
4610	0.275	0.746	0.405	0.412
4620	0.278	0.735	0.408	0.409
4630	0.280	0.730	0.411	0.402
4640	0.274	0.749	0.405	0.409
eigenvalues:  tensor([62.2442, 61.8222])
hess item is 0.013407876715064049
4650	0.280	0.740	0.412	0.400
4660	0.282	0.736	0.415	0.395
4670	0.271	0.760	0.405	0.411
4680	0.268	0.767	0.403	0.412
4690	0.267	0.768	0.402	0.413
eigenvalues:  tensor([62.3598, 61.7727])
hess item is 0.013197089545428753
4700	0.279	0.738	0.414	0.404
4710	0.281	0.734	0.415	0.401
4720	0.277	0.741	0.412	0.407
4730	0.280	0.736	0.416	0.401
4740	0.275	0.752	0.410	0.408
eigenvalues:  tensor([62.5320, 58.7013])
hess item is 0.01299662608653307
4750	0.268	0.763	0.406	0.412
4760	0.273	0.758	0.411	0.408
4770	0.276	0.742	0.414	0.403
4780	0.267	0.763	0.405	0.412
4790	0.285	0.724	0.424	0.385
eigenvalues:  tensor([59.0783, 57.7748])
hess item is 0.012800982221961021
4800	0.277	0.745	0.416	0.394
4810	0.270	0.760	0.409	0.406
4820	0.275	0.754	0.414	0.401
4830	0.268	0.761	0.409	0.407
4840	0.266	0.765	0.408	0.410
eigenvalues:  tensor([60.1736, 57.6189])
hess item is 0.012607800774276257
4850	0.269	0.754	0.412	0.408
4860	0.282	0.729	0.424	0.396
4870	0.265	0.769	0.407	0.409
4880	0.262	0.777	0.405	0.410
4890	0.265	0.770	0.409	0.409
eigenvalues:  tensor([59.2152, 57.5274])
hess item is 0.012420520186424255
4900	0.269	0.765	0.413	0.406
4910	0.268	0.761	0.413	0.401
4920	0.274	0.749	0.420	0.396
4930	0.266	0.767	0.411	0.403
4940	0.280	0.735	0.427	0.381
eigenvalues:  tensor([56.7266, 56.2528])
hess item is 0.012238641269505024
4950	0.262	0.779	0.409	0.405
4960	0.258	0.783	0.406	0.414
4970	0.265	0.765	0.414	0.404
4980	0.272	0.752	0.420	0.397
4990	0.270	0.757	0.418	0.398
eigenvalues:  tensor([57.1934, 55.6093])
hess item is 0.012059837579727173
5000	0.268	0.760	0.417	0.397
5010	0.265	0.775	0.415	0.403
5020	0.268	0.760	0.418	0.398
5030	0.264	0.772	0.415	0.405
5040	0.260	0.783	0.412	0.407
eigenvalues:  tensor([56.6903, 55.9548])
hess item is 0.011886020191013813
5050	0.270	0.763	0.423	0.391
5060	0.269	0.771	0.421	0.395
5070	0.268	0.768	0.421	0.400
5080	0.268	0.774	0.420	0.400
5090	0.257	0.787	0.410	0.407
eigenvalues:  tensor([55.8962, 55.0183])
hess item is 0.011718538589775562
5100	0.273	0.753	0.426	0.392
5110	0.259	0.782	0.414	0.404
5120	0.264	0.773	0.419	0.408
5130	0.267	0.768	0.422	0.402
5140	0.254	0.794	0.410	0.409
eigenvalues:  tensor([56.6813, 55.5888])
hess item is 0.01155182532966137
5150	0.267	0.767	0.424	0.395
5160	0.272	0.762	0.428	0.396
5170	0.264	0.772	0.421	0.401
5180	0.261	0.778	0.419	0.403
5190	0.251	0.802	0.410	0.406
eigenvalues:  tensor([54.8240, 54.3685])
hess item is 0.011389228515326977
5200	0.253	0.804	0.413	0.402
5210	0.261	0.784	0.421	0.399
5220	0.261	0.778	0.421	0.402
5230	0.257	0.789	0.418	0.404
5240	0.261	0.780	0.423	0.396
eigenvalues:  tensor([53.7991, 53.3372])
hess item is 0.011234160512685776
5250	0.263	0.776	0.424	0.395
5260	0.263	0.777	0.426	0.391
5270	0.257	0.786	0.420	0.404
5280	0.259	0.787	0.422	0.398
5290	0.256	0.791	0.420	0.404
eigenvalues:  tensor([54.0267, 53.0377])
hess item is 0.011081507429480553
5300	0.253	0.799	0.418	0.402
5310	0.253	0.797	0.418	0.398
5320	0.266	0.761	0.432	0.392
5330	0.257	0.785	0.423	0.405
5340	0.254	0.793	0.420	0.407
eigenvalues:  tensor([53.3373, 52.3085])
hess item is 0.010930630378425121
5350	0.256	0.790	0.422	0.407
5360	0.252	0.800	0.419	0.403
5370	0.251	0.804	0.419	0.400
5380	0.254	0.797	0.424	0.396
5390	0.266	0.777	0.435	0.387
eigenvalues:  tensor([53.4800, 53.1486])
hess item is 0.010783026926219463
5400	0.246	0.812	0.416	0.410
5410	0.246	0.822	0.417	0.403
5420	0.267	0.772	0.437	0.379
5430	0.250	0.803	0.420	0.403
5440	0.250	0.805	0.421	0.401
eigenvalues:  tensor([53.4238, 51.3329])
hess item is 0.010639159940183163
5450	0.256	0.796	0.426	0.394
5460	0.259	0.782	0.430	0.392
5470	0.262	0.776	0.434	0.389
5480	0.247	0.819	0.420	0.398
5490	0.255	0.798	0.428	0.388
eigenvalues:  tensor([51.4208, 51.0310])
hess item is 0.010501295328140259
5500	0.246	0.816	0.420	0.402
5510	0.252	0.803	0.426	0.395
5520	0.255	0.805	0.430	0.387
5530	0.251	0.809	0.427	0.389
5540	0.252	0.806	0.428	0.391
eigenvalues:  tensor([51.8278, 51.2329])
hess item is 0.01036412175744772
5550	0.250	0.810	0.426	0.395
5560	0.244	0.818	0.421	0.406
5570	0.246	0.819	0.424	0.400
5580	0.245	0.815	0.422	0.404
5590	0.245	0.818	0.422	0.406
eigenvalues:  tensor([52.5596, 51.5876])
hess item is 0.010229227133095264
5600	0.256	0.799	0.435	0.386
5610	0.250	0.810	0.429	0.390
5620	0.248	0.808	0.429	0.403
5630	0.249	0.802	0.429	0.399
5640	0.249	0.802	0.429	0.395
eigenvalues:  tensor([50.7377, 50.2441])
hess item is 0.0101024080067873
5650	0.236	0.838	0.418	0.402
5660	0.258	0.794	0.439	0.386
5670	0.245	0.819	0.429	0.400
5680	0.255	0.795	0.438	0.384
5690	0.255	0.795	0.438	0.392
eigenvalues:  tensor([50.5128, 50.0519])
hess item is 0.009975908324122429
5700	0.243	0.813	0.426	0.402
5710	0.239	0.821	0.424	0.407
5720	0.239	0.831	0.425	0.401
5730	0.248	0.819	0.434	0.383
5740	0.241	0.825	0.427	0.396
eigenvalues:  tensor([50.6180, 49.9702])
hess item is 0.009851301088929176
5750	0.250	0.809	0.436	0.387
5760	0.248	0.815	0.435	0.389
5770	0.244	0.820	0.430	0.394
5780	0.242	0.824	0.429	0.399
5790	0.242	0.826	0.430	0.400
eigenvalues:  tensor([50.2293, 48.9161])
hess item is 0.009729635901749134
5800	0.239	0.829	0.430	0.392
5810	0.238	0.825	0.428	0.393
5820	0.243	0.820	0.433	0.392
5830	0.236	0.835	0.425	0.399
5840	0.234	0.832	0.425	0.397
eigenvalues:  tensor([50.4791, 49.4197])
hess item is 0.009607875719666481
5850	0.237	0.833	0.430	0.394
5860	0.252	0.800	0.444	0.388
5870	0.233	0.840	0.424	0.402
5880	0.252	0.808	0.444	0.385
5890	0.236	0.839	0.431	0.395
eigenvalues:  tensor([50.0357, 49.2936])
hess item is 0.009495370090007782
5900	0.257	0.805	0.452	0.383
5910	0.241	0.822	0.434	0.397
5920	0.231	0.848	0.425	0.399
5930	0.241	0.825	0.437	0.387
5940	0.241	0.833	0.437	0.383
eigenvalues:  tensor([48.7646, 48.1064])
hess item is 0.009380515664815903
5950	0.241	0.827	0.436	0.390
5960	0.237	0.831	0.433	0.391
5970	0.230	0.847	0.427	0.401
5980	0.239	0.828	0.436	0.396
5990	0.231	0.846	0.429	0.398
eigenvalues:  tensor([48.7988, 47.6626])
hess item is 0.00926636066287756
6000	0.247	0.802	0.446	0.376
6010	0.231	0.848	0.430	0.394
6020	0.244	0.815	0.444	0.385
6030	0.232	0.841	0.431	0.398
6040	0.224	0.856	0.425	0.400
eigenvalues:  tensor([48.9293, 48.2988])
hess item is 0.009156754240393639
6050	0.253	0.806	0.454	0.378
6060	0.230	0.849	0.433	0.394
6070	0.234	0.842	0.436	0.395
6080	0.233	0.835	0.435	0.394
6090	0.234	0.837	0.436	0.395
eigenvalues:  tensor([48.2047, 47.8098])
hess item is 0.009051414206624031
6100	0.236	0.824	0.439	0.387
6110	0.227	0.849	0.430	0.397
6120	0.236	0.836	0.440	0.392
6130	0.225	0.856	0.431	0.395
6140	0.221	0.861	0.426	0.404
eigenvalues:  tensor([48.5715, 47.5926])
hess item is 0.008946024812757969
6150	0.240	0.827	0.444	0.393
6160	0.234	0.828	0.441	0.392
6170	0.232	0.833	0.438	0.393
6180	0.240	0.836	0.445	0.382
6190	0.226	0.856	0.433	0.395
eigenvalues:  tensor([47.6424, 47.3214])
hess item is 0.008846689015626907
6200	0.236	0.835	0.443	0.390
6210	0.246	0.807	0.452	0.384
6220	0.231	0.843	0.438	0.391
6230	0.216	0.874	0.426	0.408
6240	0.225	0.848	0.436	0.398
eigenvalues:  tensor([47.7610, 47.3739])
hess item is 0.008748892694711685
6250	0.225	0.858	0.435	0.400
6260	0.230	0.849	0.442	0.392
6270	0.219	0.873	0.431	0.398
6280	0.235	0.841	0.447	0.388
6290	0.234	0.837	0.448	0.382
eigenvalues:  tensor([47.9154, 46.1295])
hess item is 0.008654004894196987
6300	0.221	0.869	0.436	0.387
6310	0.235	0.844	0.448	0.382
6320	0.220	0.867	0.435	0.395
6330	0.226	0.850	0.442	0.391
6340	0.220	0.862	0.435	0.398
eigenvalues:  tensor([47.6844, 46.1497])
hess item is 0.008559866808354855
6350	0.234	0.835	0.448	0.395
6360	0.221	0.860	0.437	0.397
6370	0.241	0.825	0.457	0.383
6380	0.220	0.864	0.437	0.392
6390	0.222	0.865	0.440	0.389
eigenvalues:  tensor([47.1385, 46.7148])
hess item is 0.008465822786092758
6400	0.221	0.862	0.440	0.392
6410	0.219	0.872	0.439	0.393
6420	0.215	0.874	0.434	0.396
6430	0.229	0.858	0.447	0.389
6440	0.219	0.867	0.439	0.395
eigenvalues:  tensor([47.4526, 46.9640])
hess item is 0.008373063057661057
6450	0.246	0.810	0.465	0.379
6460	0.220	0.857	0.442	0.393
6470	0.221	0.866	0.444	0.390
6480	0.216	0.882	0.439	0.386
6490	0.228	0.861	0.450	0.373
eigenvalues:  tensor([46.1494, 45.8614])
hess item is 0.008286736905574799
6500	0.218	0.864	0.441	0.391
6510	0.236	0.827	0.459	0.377
6520	0.206	0.884	0.430	0.402
6530	0.215	0.873	0.439	0.398
6540	0.229	0.845	0.453	0.383
eigenvalues:  tensor([47.2280, 46.1496])
hess item is 0.008201095275580883
6550	0.224	0.861	0.449	0.386
6560	0.221	0.868	0.446	0.388
6570	0.214	0.881	0.440	0.394
6580	0.223	0.858	0.450	0.390
6590	0.223	0.850	0.450	0.386
eigenvalues:  tensor([45.9691, 45.3487])
hess item is 0.008118050172924995
6600	0.226	0.854	0.452	0.376
6610	0.217	0.882	0.446	0.383
6620	0.207	0.894	0.438	0.395
6630	0.229	0.848	0.460	0.387
6640	0.225	0.852	0.454	0.386
eigenvalues:  tensor([45.6612, 44.9768])
hess item is 0.008037842810153961
6650	0.214	0.871	0.443	0.391
6660	0.204	0.886	0.435	0.399
6670	0.219	0.861	0.449	0.394
6680	0.215	0.878	0.447	0.386
6690	0.213	0.873	0.446	0.392
eigenvalues:  tensor([45.5951, 45.2360])
hess item is 0.00795601587742567
6700	0.214	0.873	0.446	0.387
6710	0.217	0.867	0.449	0.387
6720	0.212	0.885	0.445	0.386
6730	0.224	0.859	0.456	0.385
6740	0.209	0.876	0.443	0.398
eigenvalues:  tensor([45.7124, 44.6107])
hess item is 0.007874907925724983
6750	0.217	0.870	0.451	0.390
6760	0.229	0.836	0.462	0.376
6770	0.209	0.875	0.445	0.389
6780	0.231	0.843	0.465	0.378
6790	0.205	0.882	0.442	0.391
eigenvalues:  tensor([45.3018, 45.1350])
hess item is 0.007799876853823662
6800	0.212	0.874	0.449	0.386
6810	0.209	0.880	0.446	0.389
6820	0.206	0.878	0.444	0.390
6830	0.205	0.885	0.445	0.390
6840	0.221	0.868	0.463	0.375
eigenvalues:  tensor([45.0531, 44.8671])
hess item is 0.007722252514213324
6850	0.206	0.879	0.447	0.396
6860	0.206	0.880	0.447	0.392
6870	0.222	0.863	0.461	0.378
6880	0.199	0.897	0.442	0.391
6890	0.206	0.884	0.448	0.386
eigenvalues:  tensor([45.3869, 44.5733])
hess item is 0.007646213751286268
6900	0.210	0.871	0.451	0.389
6910	0.210	0.884	0.452	0.389
6920	0.212	0.875	0.454	0.382
6930	0.202	0.904	0.446	0.385
6940	0.203	0.903	0.447	0.384
eigenvalues:  tensor([45.3310, 44.7124])
hess item is 0.00757260387763381
6950	0.210	0.868	0.456	0.383
6960	0.210	0.874	0.456	0.381
6970	0.204	0.883	0.449	0.389
6980	0.212	0.865	0.458	0.376
6990	0.204	0.885	0.449	0.391
eigenvalues:  tensor([45.0788, 44.3484])
hess item is 0.007498133461922407
7000	0.198	0.900	0.444	0.394
7010	0.199	0.892	0.446	0.394
7020	0.204	0.888	0.451	0.391
7030	0.199	0.898	0.448	0.392
7040	0.209	0.883	0.457	0.384
eigenvalues:  tensor([44.9041, 44.5071])
hess item is 0.007426799274981022
7050	0.198	0.905	0.449	0.386
7060	0.204	0.892	0.456	0.381
7070	0.198	0.899	0.450	0.388
7080	0.191	0.908	0.444	0.394
7090	0.219	0.871	0.471	0.379
eigenvalues:  tensor([44.9914, 44.3263])
hess item is 0.007355986163020134
7100	0.213	0.874	0.463	0.384
7110	0.196	0.902	0.449	0.390
7120	0.205	0.886	0.460	0.379
7130	0.205	0.887	0.459	0.384
7140	0.195	0.909	0.448	0.392
eigenvalues:  tensor([44.4941, 44.2430])
hess item is 0.007287187501788139
7150	0.210	0.884	0.466	0.382
7160	0.196	0.901	0.449	0.391
7170	0.206	0.887	0.459	0.385
7180	0.202	0.891	0.456	0.388
7190	0.199	0.902	0.456	0.382
eigenvalues:  tensor([44.2017, 44.1760])
hess item is 0.00722449691966176
7200	0.190	0.902	0.449	0.389
7210	0.203	0.879	0.461	0.381
7220	0.218	0.863	0.477	0.376
7230	0.199	0.894	0.458	0.379
7240	0.194	0.906	0.452	0.384
eigenvalues:  tensor([43.8737, 43.2660])
hess item is 0.007166008464992046
7250	0.192	0.908	0.451	0.389
7260	0.187	0.919	0.448	0.393
7270	0.205	0.868	0.466	0.372
7280	0.201	0.899	0.462	0.375
7290	0.180	0.925	0.443	0.398
eigenvalues:  tensor([44.2467, 43.7220])
hess item is 0.007102651055902243
7300	0.198	0.892	0.459	0.385
7310	0.202	0.890	0.464	0.383
7320	0.187	0.916	0.451	0.393
7330	0.197	0.891	0.463	0.384
7340	0.201	0.894	0.465	0.384
eigenvalues:  tensor([44.4808, 44.2214])
hess item is 0.007044985890388489
7350	0.196	0.891	0.458	0.382
7360	0.188	0.911	0.453	0.392
7370	0.190	0.906	0.456	0.385
7380	0.197	0.897	0.463	0.382
7390	0.196	0.901	0.461	0.381
eigenvalues:  tensor([44.5257, 44.3428])
hess item is 0.006988933309912682
7400	0.196	0.893	0.462	0.380
7410	0.196	0.895	0.463	0.384
7420	0.198	0.891	0.466	0.376
7430	0.193	0.909	0.462	0.379
7440	0.179	0.931	0.449	0.391
eigenvalues:  tensor([44.6920, 44.0520])
hess item is 0.006929636932909489
7450	0.202	0.903	0.472	0.369
7460	0.191	0.903	0.460	0.389
7470	0.188	0.906	0.458	0.394
7480	0.194	0.908	0.464	0.382
7490	0.197	0.899	0.468	0.375
eigenvalues:  tensor([44.2217, 44.0124])
hess item is 0.006869741715490818
7500	0.188	0.910	0.459	0.378
7510	0.192	0.897	0.463	0.375
7520	0.186	0.914	0.457	0.387
7530	0.194	0.910	0.466	0.381
7540	0.190	0.923	0.463	0.378
eigenvalues:  tensor([43.9168, 43.6108])
hess item is 0.00680948793888092
7550	0.199	0.893	0.470	0.376
7560	0.180	0.923	0.454	0.389
7570	0.195	0.905	0.470	0.377
7580	0.208	0.877	0.481	0.371
7590	0.180	0.917	0.454	0.390
eigenvalues:  tensor([44.4464, 43.7084])
hess item is 0.006753710564225912
7600	0.180	0.919	0.458	0.388
7610	0.187	0.915	0.464	0.379
7620	0.189	0.911	0.467	0.371
7630	0.199	0.895	0.477	0.368
7640	0.186	0.909	0.462	0.383
eigenvalues:  tensor([43.8330, 42.9795])
hess item is 0.006698822136968374
7650	0.178	0.928	0.456	0.389
7660	0.192	0.900	0.469	0.381
7670	0.195	0.900	0.472	0.373
7680	0.180	0.924	0.459	0.384
7690	0.177	0.928	0.458	0.386
eigenvalues:  tensor([43.6634, 43.3462])
hess item is 0.006646518595516682
7700	0.175	0.927	0.458	0.386
7710	0.182	0.922	0.465	0.375
7720	0.181	0.922	0.462	0.380
7730	0.188	0.910	0.469	0.380
7740	0.172	0.929	0.456	0.389
eigenvalues:  tensor([44.3529, 43.8744])
hess item is 0.006596967112272978
7750	0.216	0.869	0.498	0.362
7760	0.172	0.927	0.455	0.392
7770	0.175	0.925	0.461	0.382
7780	0.189	0.897	0.473	0.375
7790	0.185	0.911	0.467	0.381
eigenvalues:  tensor([43.4703, 43.2507])
hess item is 0.006547727156430483
7800	0.174	0.928	0.459	0.388
7810	0.183	0.920	0.468	0.382
7820	0.178	0.917	0.464	0.384
7830	0.183	0.913	0.469	0.382
7840	0.171	0.935	0.458	0.386
eigenvalues:  tensor([43.8920, 43.4726])
hess item is 0.006494859233498573
7850	0.179	0.922	0.464	0.384
7860	0.181	0.919	0.466	0.385
7870	0.169	0.930	0.458	0.391
7880	0.182	0.914	0.472	0.382
7890	0.168	0.933	0.460	0.383
eigenvalues:  tensor([43.7483, 43.5351])
hess item is 0.006450525019317865
7900	0.183	0.918	0.474	0.373
7910	0.175	0.927	0.466	0.381
7920	0.173	0.926	0.463	0.384
7930	0.174	0.929	0.466	0.382
7940	0.177	0.926	0.469	0.381
eigenvalues:  tensor([44.1044, 43.2462])
hess item is 0.006404507905244827
7950	0.177	0.921	0.470	0.386
7960	0.169	0.933	0.464	0.385
7970	0.171	0.925	0.466	0.385
7980	0.177	0.916	0.471	0.378
7990	0.181	0.908	0.476	0.377
eigenvalues:  tensor([44.2228, 43.8608])
hess item is 0.006360561586916447
8000	0.186	0.903	0.480	0.374
8010	0.182	0.904	0.475	0.374
8020	0.169	0.930	0.464	0.387
8030	0.183	0.914	0.480	0.374
8040	0.167	0.939	0.465	0.381
eigenvalues:  tensor([43.7746, 42.5282])
hess item is 0.006313440389931202
8050	0.171	0.936	0.469	0.377
8060	0.174	0.925	0.472	0.378
8070	0.166	0.932	0.464	0.387
8080	0.169	0.926	0.468	0.381
8090	0.171	0.928	0.469	0.381
eigenvalues:  tensor([43.3069, 43.2143])
hess item is 0.006265309173613787
8100	0.170	0.935	0.470	0.386
8110	0.167	0.934	0.467	0.384
8120	0.178	0.926	0.478	0.370
8130	0.163	0.944	0.464	0.379
8140	0.175	0.939	0.477	0.368
eigenvalues:  tensor([43.3294, 43.1241])
hess item is 0.0062202573753893375
8150	0.162	0.946	0.464	0.383
8160	0.178	0.924	0.479	0.379
8170	0.174	0.921	0.473	0.381
8180	0.158	0.943	0.461	0.384
8190	0.158	0.950	0.464	0.381
eigenvalues:  tensor([44.0802, 43.0902])
hess item is 0.006179547868669033
8200	0.170	0.935	0.477	0.372
8210	0.169	0.935	0.474	0.375
8220	0.177	0.907	0.481	0.373
8230	0.164	0.932	0.466	0.388
8240	0.167	0.932	0.471	0.383
eigenvalues:  tensor([43.1471, 42.9990])
hess item is 0.00614368449896574
8250	0.168	0.938	0.475	0.380
8260	0.172	0.938	0.479	0.371
8270	0.170	0.922	0.477	0.368
8280	0.169	0.929	0.476	0.372
8290	0.159	0.941	0.467	0.386
eigenvalues:  tensor([43.8102, 43.0656])
hess item is 0.006103002931922674
8300	0.180	0.915	0.485	0.368
8310	0.152	0.952	0.461	0.387
8320	0.177	0.929	0.486	0.371
8330	0.159	0.951	0.470	0.379
8340	0.162	0.943	0.474	0.378
eigenvalues:  tensor([44.2978, 42.9962])
hess item is 0.006056173238903284
8350	0.178	0.922	0.487	0.373
8360	0.162	0.940	0.471	0.377
8370	0.159	0.943	0.471	0.375
8380	0.168	0.934	0.482	0.368
8390	0.184	0.909	0.494	0.367
eigenvalues:  tensor([43.4016, 43.1058])
hess item is 0.006022774614393711
8400	0.154	0.947	0.465	0.385
8410	0.169	0.925	0.481	0.371
8420	0.159	0.947	0.472	0.378
8430	0.157	0.946	0.473	0.376
8440	0.173	0.909	0.488	0.370
eigenvalues:  tensor([43.8074, 42.6653])
hess item is 0.0059858583845198154
8450	0.160	0.934	0.474	0.377
8460	0.165	0.930	0.478	0.372
8470	0.179	0.916	0.493	0.354
8480	0.151	0.958	0.466	0.383
8490	0.166	0.939	0.482	0.376
eigenvalues:  tensor([42.7201, 42.3699])
hess item is 0.005949055776000023
8500	0.149	0.956	0.466	0.387
8510	0.159	0.946	0.478	0.375
8520	0.173	0.922	0.489	0.370
8530	0.153	0.947	0.472	0.381
8540	0.158	0.951	0.478	0.378
eigenvalues:  tensor([43.6901, 43.0957])
hess item is 0.005913467146456242
8550	0.160	0.946	0.477	0.376
8560	0.159	0.930	0.478	0.375
8570	0.168	0.930	0.485	0.370
8580	0.160	0.934	0.478	0.378
8590	0.156	0.948	0.475	0.382
eigenvalues:  tensor([43.5484, 42.5402])
hess item is 0.0058767483569681644
8600	0.156	0.946	0.476	0.380
8610	0.170	0.929	0.491	0.362
8620	0.165	0.927	0.486	0.373
8630	0.150	0.947	0.473	0.380
8640	0.161	0.933	0.484	0.375
eigenvalues:  tensor([42.9926, 41.9872])
hess item is 0.00583871454000473
8650	0.149	0.958	0.474	0.377
8660	0.155	0.953	0.480	0.376
8670	0.171	0.933	0.495	0.368
8680	0.160	0.936	0.482	0.374
8690	0.154	0.943	0.480	0.377
eigenvalues:  tensor([43.2539, 42.9513])
hess item is 0.005799066741019487
8700	0.161	0.931	0.487	0.375
8710	0.157	0.946	0.483	0.376
8720	0.147	0.952	0.474	0.379
8730	0.159	0.934	0.487	0.370
8740	0.177	0.923	0.505	0.350
eigenvalues:  tensor([43.0227, 42.5713])
hess item is 0.0057636406272649765
8750	0.146	0.958	0.474	0.377
8760	0.148	0.953	0.476	0.375
8770	0.156	0.944	0.482	0.377
8780	0.157	0.944	0.485	0.370
8790	0.150	0.949	0.479	0.374
eigenvalues:  tensor([43.2610, 42.3202])
hess item is 0.005723582115024328
8800	0.153	0.952	0.482	0.369
8810	0.152	0.956	0.482	0.375
8820	0.144	0.957	0.474	0.383
8830	0.152	0.946	0.483	0.377
8840	0.166	0.922	0.494	0.365
eigenvalues:  tensor([43.3023, 42.9201])
hess item is 0.005683411378413439
8850	0.146	0.959	0.476	0.377
8860	0.154	0.936	0.486	0.374
8870	0.157	0.937	0.487	0.368
8880	0.151	0.943	0.483	0.372
8890	0.160	0.938	0.493	0.366
eigenvalues:  tensor([43.3014, 42.6415])
hess item is 0.005652495194226503
8900	0.147	0.947	0.481	0.375
8910	0.139	0.960	0.475	0.378
8920	0.155	0.945	0.492	0.360
8930	0.149	0.952	0.485	0.367
8940	0.156	0.944	0.491	0.367
eigenvalues:  tensor([43.2677, 42.8803])
hess item is 0.005614914931356907
8950	0.156	0.941	0.492	0.366
8960	0.149	0.944	0.485	0.375
8970	0.157	0.933	0.494	0.371
8980	0.142	0.953	0.480	0.376
8990	0.159	0.942	0.496	0.366
eigenvalues:  tensor([43.1586, 42.4006])
hess item is 0.005584445782005787
9000	0.142	0.960	0.480	0.375
9010	0.150	0.949	0.487	0.370
9020	0.144	0.950	0.484	0.372
9030	0.165	0.924	0.501	0.367
9040	0.137	0.963	0.476	0.382
eigenvalues:  tensor([43.0721, 42.4338])
hess item is 0.0055508967489004135
9050	0.149	0.946	0.489	0.373
9060	0.144	0.953	0.485	0.373
9070	0.144	0.960	0.487	0.368
9080	0.156	0.951	0.497	0.359
9090	0.135	0.967	0.477	0.376
eigenvalues:  tensor([43.0757, 42.4295])
hess item is 0.005523253232240677
9100	0.156	0.935	0.496	0.362
9110	0.152	0.943	0.492	0.373
9120	0.146	0.952	0.490	0.377
9130	0.147	0.954	0.489	0.375
9140	0.139	0.956	0.482	0.378
eigenvalues:  tensor([43.7998, 43.5344])
hess item is 0.005490165203809738
9150	0.152	0.943	0.492	0.371
9160	0.137	0.961	0.481	0.377
9170	0.148	0.954	0.489	0.374
9180	0.145	0.961	0.489	0.372
9190	0.153	0.935	0.497	0.369
eigenvalues:  tensor([42.9237, 42.7495])
hess item is 0.005458476487547159
9200	0.146	0.948	0.493	0.366
9210	0.138	0.962	0.483	0.368
9220	0.133	0.969	0.482	0.376
9230	0.154	0.944	0.500	0.366
9240	0.141	0.957	0.488	0.371
eigenvalues:  tensor([42.4027, 42.2879])
hess item is 0.005430411547422409
9250	0.145	0.940	0.492	0.362
9260	0.140	0.956	0.487	0.368
9270	0.133	0.965	0.483	0.371
9280	0.145	0.956	0.495	0.365
9290	0.139	0.965	0.488	0.376
eigenvalues:  tensor([43.4893, 43.0058])
hess item is 0.005403975024819374
9300	0.168	0.932	0.516	0.352
9310	0.134	0.961	0.482	0.373
9320	0.150	0.939	0.502	0.368
9330	0.135	0.959	0.483	0.377
9340	0.139	0.952	0.489	0.374
eigenvalues:  tensor([43.1693, 42.6609])
hess item is 0.005384946707636118
9350	0.136	0.961	0.487	0.373
9360	0.137	0.960	0.487	0.375
9370	0.133	0.964	0.485	0.377
9380	0.144	0.948	0.496	0.374
9390	0.146	0.950	0.497	0.371
eigenvalues:  tensor([42.7217, 41.7547])
hess item is 0.005362193565815687
9400	0.129	0.972	0.483	0.375
9410	0.147	0.957	0.501	0.363
9420	0.131	0.968	0.485	0.373
9430	0.143	0.954	0.497	0.367
9440	0.138	0.957	0.493	0.369
eigenvalues:  tensor([43.5738, 42.2622])
hess item is 0.005328134633600712
9450	0.141	0.949	0.495	0.366
9460	0.141	0.944	0.496	0.367
9470	0.148	0.938	0.505	0.358
9480	0.133	0.964	0.491	0.367
9490	0.152	0.944	0.510	0.358
eigenvalues:  tensor([43.4833, 42.6637])
hess item is 0.005300042685121298
9500	0.134	0.960	0.489	0.368
9510	0.137	0.953	0.493	0.370
9520	0.141	0.955	0.497	0.371
9530	0.132	0.966	0.487	0.373
9540	0.125	0.973	0.484	0.373
eigenvalues:  tensor([43.0696, 41.8336])
hess item is 0.005278280470520258
9550	0.136	0.955	0.494	0.364
9560	0.135	0.953	0.492	0.365
9570	0.126	0.970	0.487	0.373
9580	0.135	0.967	0.493	0.366
9590	0.122	0.976	0.484	0.372
eigenvalues:  tensor([42.8876, 41.8928])
hess item is 0.005249996203929186
9600	0.148	0.946	0.508	0.364
9610	0.141	0.960	0.500	0.372
9620	0.135	0.966	0.495	0.366
9630	0.138	0.953	0.501	0.359
9640	0.139	0.958	0.499	0.367
eigenvalues:  tensor([42.9538, 42.3056])
hess item is 0.005234047770500183
9650	0.136	0.959	0.499	0.369
9660	0.127	0.968	0.491	0.373
9670	0.135	0.959	0.498	0.368
9680	0.132	0.959	0.494	0.368
9690	0.126	0.968	0.489	0.376
eigenvalues:  tensor([42.3621, 41.7236])
hess item is 0.005209686700254679
9700	0.137	0.958	0.499	0.366
9710	0.136	0.961	0.498	0.373
9720	0.136	0.955	0.498	0.373
9730	0.129	0.960	0.493	0.375
9740	0.139	0.961	0.505	0.366
eigenvalues:  tensor([42.3673, 41.9026])
hess item is 0.005181087646633387
9750	0.130	0.970	0.496	0.372
9760	0.124	0.974	0.491	0.372
9770	0.131	0.966	0.500	0.365
9780	0.134	0.962	0.501	0.365
9790	0.124	0.969	0.492	0.370
eigenvalues:  tensor([42.4691, 41.9816])
hess item is 0.005154303275048733
9800	0.139	0.953	0.505	0.365
9810	0.131	0.961	0.498	0.364
9820	0.141	0.950	0.508	0.360
9830	0.126	0.963	0.494	0.369
9840	0.126	0.964	0.496	0.368
eigenvalues:  tensor([43.0494, 42.1720])
hess item is 0.00514197675511241
9850	0.139	0.950	0.505	0.360
9860	0.127	0.965	0.497	0.367
9870	0.122	0.971	0.492	0.372
9880	0.135	0.962	0.505	0.364
9890	0.131	0.968	0.500	0.368
eigenvalues:  tensor([42.1044, 41.9421])
hess item is 0.005118569824844599
9900	0.130	0.967	0.498	0.365
9910	0.138	0.958	0.504	0.368
9920	0.133	0.965	0.502	0.364
9930	0.124	0.971	0.496	0.365
9940	0.134	0.966	0.505	0.363
eigenvalues:  tensor([42.8269, 42.5139])
hess item is 0.005094621796160936
9950	0.132	0.960	0.503	0.366
9960	0.123	0.963	0.496	0.367
9970	0.124	0.969	0.497	0.366
9980	0.129	0.966	0.502	0.362
9990	0.124	0.971	0.497	0.364
