device: cuda:1
output directory: RESULTS/cifar10-10k/fc-tanh/seed_0/mse/ivon/lr_0.0005_h0_0.1_post_1_alpha_100.0_beta2_0.9995_beta_0.0_ess_10000000.0_ivon
Files already downloaded and verified
Files already downloaded and verified
optimizer is IVON
0	0.597	0.131	0.597	0.131
10	0.512	0.189	0.514	0.186
20	0.492	0.218	0.495	0.210
30	0.480	0.233	0.483	0.225
40	0.471	0.246	0.474	0.235
eigenvalues:  tensor([77.6145, 63.2273])
hess item is 0.09765355288982391
50	0.463	0.257	0.467	0.246
60	0.457	0.267	0.461	0.256
70	0.452	0.277	0.457	0.262
80	0.447	0.286	0.452	0.268
90	0.443	0.292	0.448	0.273
eigenvalues:  tensor([75.4885, 61.2546])
hess item is 0.09533491730690002
100	0.439	0.298	0.444	0.281
110	0.435	0.306	0.441	0.290
120	0.432	0.310	0.438	0.292
130	0.430	0.317	0.436	0.296
140	0.427	0.322	0.434	0.298
eigenvalues:  tensor([74.0591, 60.5008])
hess item is 0.09306181222200394
150	0.425	0.326	0.431	0.302
160	0.422	0.330	0.430	0.303
170	0.420	0.335	0.428	0.306
180	0.419	0.338	0.426	0.309
190	0.417	0.341	0.425	0.312
eigenvalues:  tensor([72.8532, 60.0623])
hess item is 0.09083937108516693
200	0.415	0.345	0.423	0.314
210	0.413	0.348	0.422	0.316
220	0.412	0.352	0.420	0.318
230	0.411	0.356	0.419	0.323
240	0.409	0.357	0.418	0.325
eigenvalues:  tensor([72.0411, 59.6532])
hess item is 0.08868058770895004
250	0.408	0.360	0.417	0.327
260	0.407	0.362	0.416	0.331
270	0.406	0.366	0.416	0.334
280	0.405	0.368	0.415	0.336
290	0.404	0.371	0.414	0.337
eigenvalues:  tensor([71.3538, 59.3966])
hess item is 0.08657073974609375
300	0.403	0.377	0.413	0.340
310	0.403	0.376	0.413	0.342
320	0.402	0.381	0.412	0.344
330	0.401	0.381	0.412	0.345
340	0.400	0.383	0.411	0.346
eigenvalues:  tensor([70.6851, 59.1302])
hess item is 0.08451396971940994
350	0.400	0.385	0.411	0.348
360	0.399	0.386	0.410	0.348
370	0.399	0.388	0.410	0.351
380	0.398	0.389	0.409	0.352
390	0.397	0.391	0.409	0.350
eigenvalues:  tensor([70.2709, 58.8593])
hess item is 0.08250276744365692
400	0.397	0.394	0.409	0.353
410	0.396	0.392	0.408	0.350
420	0.396	0.396	0.408	0.354
430	0.395	0.396	0.408	0.355
440	0.395	0.398	0.407	0.357
eigenvalues:  tensor([69.7046, 58.7247])
hess item is 0.08054282516241074
450	0.394	0.401	0.407	0.358
460	0.394	0.400	0.407	0.358
470	0.393	0.403	0.406	0.359
480	0.393	0.403	0.406	0.359
490	0.392	0.403	0.406	0.361
eigenvalues:  tensor([69.3161, 58.4812])
hess item is 0.07863330841064453
500	0.392	0.408	0.406	0.361
510	0.392	0.406	0.405	0.362
520	0.391	0.409	0.405	0.362
530	0.391	0.411	0.405	0.362
540	0.391	0.412	0.405	0.362
eigenvalues:  tensor([68.7931, 58.4226])
hess item is 0.0767720639705658
550	0.390	0.411	0.405	0.363
560	0.390	0.415	0.404	0.364
570	0.389	0.417	0.404	0.365
580	0.389	0.416	0.404	0.364
590	0.389	0.419	0.404	0.368
eigenvalues:  tensor([68.5268, 58.2055])
hess item is 0.07495524734258652
600	0.388	0.419	0.403	0.367
610	0.388	0.421	0.403	0.368
620	0.388	0.424	0.403	0.370
630	0.387	0.425	0.403	0.369
640	0.387	0.426	0.403	0.370
eigenvalues:  tensor([68.0685, 58.0793])
hess item is 0.07318141311407089
650	0.387	0.424	0.403	0.369
660	0.386	0.429	0.402	0.370
670	0.386	0.428	0.402	0.371
680	0.386	0.428	0.402	0.370
690	0.385	0.429	0.402	0.372
eigenvalues:  tensor([67.7983, 57.8984])
hess item is 0.07145224511623383
700	0.385	0.430	0.402	0.373
710	0.385	0.432	0.402	0.372
720	0.384	0.431	0.402	0.372
730	0.384	0.433	0.401	0.374
740	0.384	0.432	0.401	0.373
eigenvalues:  tensor([67.4316, 57.8164])
hess item is 0.06976895034313202
750	0.384	0.434	0.401	0.374
760	0.383	0.437	0.401	0.373
770	0.383	0.436	0.401	0.373
780	0.383	0.438	0.401	0.375
790	0.382	0.437	0.401	0.375
eigenvalues:  tensor([67.1724, 57.7106])
hess item is 0.0681241974234581
800	0.382	0.438	0.400	0.375
810	0.382	0.438	0.400	0.375
820	0.382	0.441	0.400	0.376
830	0.381	0.442	0.400	0.377
840	0.381	0.443	0.400	0.377
eigenvalues:  tensor([66.8195, 57.5582])
hess item is 0.0665198564529419
850	0.381	0.443	0.400	0.377
860	0.381	0.443	0.400	0.377
870	0.380	0.444	0.400	0.379
880	0.380	0.447	0.399	0.381
890	0.380	0.447	0.399	0.380
eigenvalues:  tensor([66.6003, 57.5499])
hess item is 0.0649539977312088
900	0.379	0.447	0.399	0.380
910	0.379	0.450	0.399	0.379
920	0.379	0.450	0.399	0.380
930	0.379	0.452	0.399	0.381
940	0.378	0.452	0.399	0.381
eigenvalues:  tensor([66.2924, 57.3860])
hess item is 0.06342783570289612
950	0.378	0.454	0.399	0.382
960	0.378	0.452	0.399	0.382
970	0.378	0.454	0.399	0.383
980	0.377	0.456	0.398	0.383
990	0.377	0.454	0.398	0.383
eigenvalues:  tensor([66.2068, 57.4396])
hess item is 0.061938364058732986
1000	0.377	0.456	0.398	0.384
1010	0.377	0.458	0.398	0.383
1020	0.376	0.457	0.398	0.385
1030	0.376	0.458	0.398	0.384
1040	0.376	0.460	0.398	0.382
eigenvalues:  tensor([65.8920, 57.3707])
hess item is 0.060488227754831314
1050	0.376	0.460	0.398	0.384
1060	0.375	0.462	0.398	0.387
1070	0.375	0.462	0.397	0.384
1080	0.375	0.466	0.397	0.384
1090	0.375	0.466	0.397	0.387
eigenvalues:  tensor([65.6543, 57.2429])
hess item is 0.059070367366075516
1100	0.374	0.465	0.397	0.386
1110	0.374	0.466	0.397	0.387
1120	0.374	0.466	0.397	0.386
1130	0.374	0.466	0.397	0.388
1140	0.374	0.465	0.397	0.388
eigenvalues:  tensor([65.5430, 57.2447])
hess item is 0.05769093707203865
1150	0.373	0.466	0.397	0.388
1160	0.373	0.469	0.397	0.388
1170	0.373	0.467	0.397	0.391
1180	0.373	0.470	0.397	0.389
1190	0.372	0.470	0.397	0.389
eigenvalues:  tensor([65.3075, 57.1263])
hess item is 0.05634665861725807
1200	0.372	0.472	0.396	0.389
1210	0.372	0.470	0.396	0.389
1220	0.372	0.472	0.396	0.391
1230	0.371	0.472	0.396	0.389
1240	0.371	0.477	0.396	0.391
eigenvalues:  tensor([65.2609, 57.1551])
hess item is 0.055033791810274124
1250	0.371	0.475	0.396	0.391
1260	0.371	0.474	0.396	0.390
1270	0.370	0.476	0.396	0.391
1280	0.370	0.475	0.396	0.391
1290	0.370	0.475	0.396	0.390
eigenvalues:  tensor([65.0920, 57.0880])
hess item is 0.05375608056783676
1300	0.370	0.478	0.396	0.393
1310	0.370	0.477	0.396	0.390
1320	0.369	0.478	0.395	0.394
1330	0.369	0.479	0.396	0.393
1340	0.369	0.481	0.395	0.391
eigenvalues:  tensor([65.0895, 57.1044])
hess item is 0.052503831684589386
1350	0.369	0.480	0.395	0.393
1360	0.369	0.481	0.395	0.392
1370	0.368	0.481	0.395	0.394
1380	0.368	0.480	0.395	0.393
1390	0.368	0.484	0.395	0.393
eigenvalues:  tensor([64.9053, 57.1818])
hess item is 0.05128870904445648
1400	0.368	0.483	0.395	0.393
1410	0.367	0.484	0.395	0.394
1420	0.367	0.486	0.395	0.396
1430	0.367	0.485	0.395	0.395
1440	0.367	0.488	0.395	0.395
eigenvalues:  tensor([64.8761, 57.1372])
hess item is 0.05010068044066429
1450	0.366	0.488	0.395	0.396
1460	0.366	0.488	0.395	0.395
1470	0.366	0.487	0.395	0.394
1480	0.366	0.489	0.395	0.395
1490	0.366	0.493	0.395	0.397
eigenvalues:  tensor([64.9414, 57.1872])
hess item is 0.048943229019641876
1500	0.365	0.492	0.394	0.397
1510	0.365	0.492	0.394	0.397
1520	0.365	0.494	0.394	0.400
1530	0.365	0.494	0.394	0.398
1540	0.364	0.491	0.394	0.398
eigenvalues:  tensor([65.0525, 57.1687])
hess item is 0.04781541973352432
1550	0.364	0.495	0.394	0.399
1560	0.364	0.493	0.394	0.398
1570	0.364	0.495	0.394	0.398
1580	0.364	0.495	0.394	0.397
1590	0.363	0.497	0.394	0.398
eigenvalues:  tensor([64.9798, 57.1815])
hess item is 0.04672050476074219
1600	0.363	0.496	0.394	0.398
1610	0.363	0.498	0.394	0.399
1620	0.363	0.499	0.394	0.399
1630	0.363	0.502	0.394	0.400
1640	0.362	0.500	0.394	0.401
eigenvalues:  tensor([65.2179, 57.1691])
hess item is 0.04564683139324188
1650	0.362	0.504	0.394	0.402
1660	0.362	0.502	0.394	0.399
1670	0.362	0.503	0.394	0.401
1680	0.361	0.504	0.394	0.401
1690	0.361	0.500	0.393	0.400
eigenvalues:  tensor([65.1527, 57.2844])
hess item is 0.04460404813289642
1700	0.361	0.505	0.393	0.399
1710	0.361	0.508	0.393	0.402
1720	0.360	0.508	0.393	0.402
1730	0.360	0.507	0.393	0.401
1740	0.360	0.509	0.393	0.402
eigenvalues:  tensor([65.3241, 57.2692])
hess item is 0.04358721151947975
1750	0.360	0.510	0.393	0.399
1760	0.360	0.511	0.393	0.404
1770	0.359	0.509	0.393	0.402
1780	0.359	0.507	0.393	0.399
1790	0.359	0.509	0.393	0.400
eigenvalues:  tensor([65.4146, 57.2806])
hess item is 0.04259549826383591
1800	0.359	0.513	0.393	0.402
1810	0.359	0.514	0.393	0.404
1820	0.358	0.511	0.393	0.401
1830	0.359	0.516	0.393	0.403
1840	0.358	0.517	0.393	0.402
eigenvalues:  tensor([65.7154, 57.2761])
hess item is 0.041627950966358185
1850	0.358	0.520	0.393	0.406
1860	0.357	0.516	0.392	0.403
1870	0.357	0.517	0.393	0.404
1880	0.357	0.516	0.392	0.404
1890	0.357	0.517	0.392	0.403
eigenvalues:  tensor([65.7701, 57.4076])
hess item is 0.04068561643362045
1900	0.356	0.520	0.392	0.404
1910	0.356	0.523	0.393	0.407
1920	0.356	0.521	0.392	0.405
1930	0.356	0.524	0.392	0.405
1940	0.355	0.524	0.392	0.405
eigenvalues:  tensor([65.8048, 57.4448])
hess item is 0.03976640850305557
1950	0.355	0.524	0.392	0.406
1960	0.355	0.526	0.392	0.408
1970	0.355	0.524	0.392	0.407
1980	0.355	0.526	0.392	0.405
1990	0.354	0.526	0.392	0.406
eigenvalues:  tensor([66.1450, 57.6003])
hess item is 0.03886808827519417
2000	0.354	0.529	0.392	0.407
2010	0.354	0.527	0.392	0.404
2020	0.354	0.527	0.392	0.405
2030	0.354	0.530	0.392	0.408
2040	0.353	0.532	0.392	0.408
eigenvalues:  tensor([66.3428, 57.7412])
hess item is 0.037993595004081726
2050	0.353	0.529	0.392	0.404
2060	0.353	0.526	0.392	0.404
2070	0.353	0.534	0.392	0.408
2080	0.352	0.532	0.392	0.407
2090	0.352	0.535	0.392	0.409
eigenvalues:  tensor([66.5259, 57.7587])
hess item is 0.03714277222752571
2100	0.352	0.534	0.392	0.406
2110	0.352	0.535	0.392	0.405
2120	0.352	0.539	0.392	0.409
2130	0.351	0.534	0.392	0.405
2140	0.351	0.536	0.392	0.407
eigenvalues:  tensor([66.8154, 57.8155])
hess item is 0.03631111979484558
2150	0.351	0.538	0.392	0.407
2160	0.350	0.536	0.392	0.409
2170	0.350	0.541	0.391	0.406
2180	0.350	0.538	0.391	0.408
2190	0.350	0.536	0.392	0.408
eigenvalues:  tensor([66.8438, 57.7576])
hess item is 0.03550779074430466
2200	0.350	0.540	0.392	0.411
2210	0.349	0.543	0.391	0.412
2220	0.349	0.542	0.392	0.407
2230	0.349	0.540	0.392	0.408
2240	0.348	0.545	0.391	0.410
eigenvalues:  tensor([67.5014, 58.1848])
hess item is 0.03472265973687172
2250	0.349	0.542	0.392	0.406
2260	0.348	0.544	0.391	0.407
2270	0.348	0.543	0.392	0.404
2280	0.348	0.546	0.391	0.407
2290	0.347	0.549	0.391	0.408
eigenvalues:  tensor([67.5256, 58.2896])
hess item is 0.03395328298211098
2300	0.347	0.549	0.391	0.410
2310	0.347	0.545	0.391	0.409
2320	0.347	0.548	0.391	0.412
2330	0.346	0.546	0.391	0.407
2340	0.346	0.552	0.391	0.410
eigenvalues:  tensor([67.9340, 58.4675])
hess item is 0.033206645399332047
2350	0.346	0.550	0.391	0.408
2360	0.346	0.552	0.392	0.413
2370	0.345	0.552	0.391	0.409
2380	0.345	0.553	0.391	0.409
2390	0.345	0.552	0.391	0.409
eigenvalues:  tensor([68.0072, 58.5642])
hess item is 0.03248057886958122
2400	0.344	0.556	0.391	0.412
2410	0.344	0.558	0.391	0.412
2420	0.344	0.554	0.391	0.410
2430	0.344	0.558	0.391	0.410
2440	0.344	0.559	0.391	0.411
eigenvalues:  tensor([68.2653, 58.7145])
hess item is 0.031774651259183884
2450	0.343	0.560	0.391	0.410
2460	0.343	0.553	0.391	0.408
2470	0.343	0.556	0.391	0.409
2480	0.343	0.559	0.391	0.411
2490	0.342	0.557	0.391	0.406
eigenvalues:  tensor([68.6818, 58.9848])
hess item is 0.031084785237908363
2500	0.342	0.562	0.391	0.412
2510	0.342	0.562	0.391	0.412
2520	0.342	0.561	0.391	0.410
2530	0.342	0.563	0.391	0.414
2540	0.342	0.563	0.391	0.408
eigenvalues:  tensor([68.9113, 59.1107])
hess item is 0.030411267653107643
2550	0.341	0.567	0.391	0.412
2560	0.341	0.564	0.391	0.408
2570	0.340	0.568	0.391	0.411
2580	0.340	0.566	0.391	0.410
2590	0.340	0.568	0.391	0.411
eigenvalues:  tensor([69.3489, 59.4299])
hess item is 0.029759520664811134
2600	0.340	0.568	0.391	0.408
2610	0.339	0.573	0.391	0.411
2620	0.339	0.571	0.391	0.411
2630	0.339	0.575	0.391	0.413
2640	0.338	0.572	0.391	0.409
eigenvalues:  tensor([69.7308, 59.5260])
hess item is 0.029123816639184952
2650	0.338	0.571	0.391	0.409
2660	0.338	0.573	0.391	0.414
2670	0.338	0.571	0.392	0.406
2680	0.337	0.576	0.390	0.412
2690	0.337	0.574	0.391	0.412
eigenvalues:  tensor([69.7295, 59.6355])
hess item is 0.028504127636551857
2700	0.337	0.576	0.391	0.414
2710	0.337	0.571	0.391	0.409
2720	0.337	0.576	0.391	0.410
2730	0.336	0.576	0.391	0.412
2740	0.336	0.579	0.391	0.414
eigenvalues:  tensor([69.7797, 59.9283])
hess item is 0.027904484421014786
2750	0.336	0.583	0.391	0.414
2760	0.335	0.582	0.391	0.412
2770	0.335	0.583	0.391	0.414
2780	0.335	0.583	0.391	0.414
2790	0.335	0.577	0.391	0.412
eigenvalues:  tensor([70.1445, 60.2564])
hess item is 0.027320582419633865
2800	0.334	0.583	0.391	0.411
2810	0.334	0.586	0.391	0.409
2820	0.334	0.589	0.391	0.412
2830	0.334	0.589	0.391	0.414
2840	0.333	0.586	0.391	0.410
eigenvalues:  tensor([70.2808, 60.7041])
hess item is 0.02674691379070282
2850	0.333	0.587	0.391	0.408
2860	0.333	0.591	0.391	0.413
2870	0.332	0.592	0.391	0.416
2880	0.332	0.593	0.391	0.413
2890	0.332	0.594	0.391	0.414
eigenvalues:  tensor([70.9863, 61.0281])
hess item is 0.026189621537923813
2900	0.332	0.589	0.391	0.414
2910	0.331	0.592	0.391	0.412
2920	0.331	0.595	0.391	0.414
2930	0.331	0.591	0.391	0.413
2940	0.330	0.599	0.391	0.414
eigenvalues:  tensor([71.1836, 61.1948])
hess item is 0.025644585490226746
2950	0.330	0.596	0.391	0.413
2960	0.330	0.597	0.391	0.414
2970	0.329	0.598	0.391	0.415
2980	0.329	0.597	0.391	0.413
2990	0.329	0.604	0.391	0.414
eigenvalues:  tensor([71.2413, 61.5427])
hess item is 0.02511517144739628
3000	0.329	0.602	0.392	0.415
3010	0.328	0.601	0.391	0.416
3020	0.328	0.604	0.391	0.415
3030	0.330	0.597	0.393	0.410
3040	0.328	0.607	0.392	0.413
eigenvalues:  tensor([71.7633, 62.0691])
hess item is 0.024605609476566315
3050	0.327	0.601	0.392	0.414
3060	0.326	0.609	0.391	0.416
3070	0.328	0.606	0.392	0.409
3080	0.327	0.601	0.391	0.413
3090	0.325	0.614	0.391	0.418
eigenvalues:  tensor([71.3931, 62.1679])
hess item is 0.024110449478030205
3100	0.325	0.609	0.391	0.414
3110	0.325	0.612	0.391	0.418
3120	0.325	0.611	0.392	0.416
3130	0.325	0.613	0.391	0.417
3140	0.324	0.615	0.391	0.416
eigenvalues:  tensor([71.9792, 62.5395])
hess item is 0.023624569177627563
3150	0.324	0.617	0.391	0.416
3160	0.325	0.612	0.392	0.415
3170	0.324	0.618	0.392	0.412
3180	0.325	0.614	0.393	0.411
3190	0.323	0.620	0.392	0.415
eigenvalues:  tensor([71.5319, 62.7358])
hess item is 0.023157009854912758
3200	0.324	0.618	0.393	0.414
3210	0.322	0.620	0.391	0.414
3220	0.323	0.612	0.392	0.415
3230	0.321	0.625	0.391	0.415
3240	0.322	0.619	0.392	0.414
eigenvalues:  tensor([72.0478, 62.6130])
hess item is 0.022700712084770203
3250	0.323	0.614	0.393	0.411
3260	0.322	0.618	0.393	0.410
3270	0.323	0.622	0.394	0.412
3280	0.321	0.625	0.393	0.413
3290	0.320	0.623	0.392	0.416
eigenvalues:  tensor([71.8644, 62.8657])
hess item is 0.022275719791650772
3300	0.320	0.629	0.392	0.414
3310	0.319	0.628	0.391	0.420
3320	0.319	0.626	0.392	0.417
3330	0.320	0.624	0.393	0.410
3340	0.319	0.630	0.393	0.412
eigenvalues:  tensor([71.5600, 62.8782])
hess item is 0.021851567551493645
3350	0.319	0.625	0.393	0.414
3360	0.318	0.635	0.393	0.411
3370	0.317	0.629	0.392	0.417
3380	0.319	0.626	0.393	0.412
3390	0.316	0.636	0.392	0.418
eigenvalues:  tensor([72.1291, 63.2795])
hess item is 0.021434128284454346
3400	0.318	0.630	0.393	0.415
3410	0.317	0.626	0.393	0.414
3420	0.316	0.634	0.392	0.414
3430	0.316	0.631	0.393	0.412
3440	0.314	0.645	0.392	0.417
eigenvalues:  tensor([72.5641, 63.7027])
hess item is 0.021035103127360344
3450	0.315	0.641	0.392	0.419
3460	0.314	0.642	0.392	0.415
3470	0.315	0.642	0.394	0.413
3480	0.315	0.643	0.394	0.417
3490	0.314	0.641	0.393	0.415
eigenvalues:  tensor([70.6839, 63.5274])
hess item is 0.020657535642385483
3500	0.315	0.635	0.394	0.417
3510	0.314	0.637	0.393	0.416
3520	0.318	0.634	0.398	0.410
3530	0.313	0.640	0.394	0.415
3540	0.312	0.650	0.393	0.416
eigenvalues:  tensor([70.3306, 63.4494])
hess item is 0.020294195041060448
3550	0.312	0.647	0.393	0.417
3560	0.312	0.647	0.393	0.415
3570	0.313	0.646	0.395	0.414
3580	0.310	0.658	0.393	0.416
3590	0.310	0.655	0.393	0.416
eigenvalues:  tensor([69.5551, 63.3021])
hess item is 0.019939154386520386
3600	0.309	0.661	0.392	0.417
3610	0.311	0.651	0.395	0.412
3620	0.311	0.651	0.395	0.412
3630	0.309	0.663	0.393	0.416
3640	0.310	0.652	0.395	0.411
eigenvalues:  tensor([67.1913, 63.2133])
hess item is 0.019611898809671402
3650	0.311	0.651	0.396	0.420
3660	0.314	0.649	0.399	0.412
3670	0.314	0.646	0.400	0.405
3680	0.309	0.652	0.395	0.411
3690	0.306	0.670	0.393	0.417
eigenvalues:  tensor([67.2404, 63.7069])
hess item is 0.019291885197162628
3700	0.307	0.669	0.394	0.414
3710	0.307	0.665	0.395	0.414
3720	0.306	0.662	0.394	0.417
3730	0.307	0.660	0.395	0.414
3740	0.309	0.654	0.398	0.412
eigenvalues:  tensor([67.5644, 63.1472])
hess item is 0.018968284130096436
3750	0.310	0.651	0.399	0.411
3760	0.306	0.666	0.396	0.414
3770	0.305	0.668	0.396	0.415
3780	0.303	0.676	0.394	0.417
3790	0.304	0.670	0.396	0.411
eigenvalues:  tensor([67.2286, 63.4454])
hess item is 0.01864972524344921
3800	0.305	0.666	0.396	0.417
3810	0.316	0.640	0.408	0.392
3820	0.304	0.667	0.396	0.417
3830	0.304	0.662	0.397	0.416
3840	0.303	0.673	0.396	0.416
eigenvalues:  tensor([65.5356, 62.4139])
hess item is 0.018364515155553818
3850	0.307	0.661	0.400	0.407
3860	0.310	0.660	0.403	0.407
3870	0.310	0.653	0.404	0.402
3880	0.300	0.683	0.394	0.421
3890	0.302	0.674	0.397	0.416
eigenvalues:  tensor([62.5361, 58.9953])
hess item is 0.018122592940926552
3900	0.306	0.668	0.401	0.407
3910	0.300	0.682	0.396	0.415
3920	0.299	0.682	0.395	0.418
3930	0.299	0.686	0.395	0.419
3940	0.304	0.666	0.401	0.416
eigenvalues:  tensor([62.9468, 61.1549])
hess item is 0.017851702868938446
3950	0.309	0.650	0.407	0.404
3960	0.299	0.676	0.397	0.416
3970	0.302	0.674	0.400	0.414
3980	0.297	0.688	0.396	0.414
3990	0.300	0.677	0.399	0.410
eigenvalues:  tensor([62.0126, 61.1438])
hess item is 0.01758369617164135
4000	0.303	0.674	0.403	0.411
4010	0.299	0.687	0.399	0.412
4020	0.300	0.675	0.401	0.409
4030	0.297	0.690	0.398	0.411
4040	0.305	0.667	0.406	0.405
eigenvalues:  tensor([60.0465, 58.0160])
hess item is 0.017361339181661606
4050	0.314	0.651	0.415	0.400
4060	0.297	0.691	0.400	0.412
4070	0.307	0.660	0.409	0.397
4080	0.295	0.696	0.398	0.415
4090	0.301	0.675	0.405	0.409
eigenvalues:  tensor([59.1236, 58.4293])
hess item is 0.01713188923895359
4100	0.322	0.628	0.426	0.376
4110	0.295	0.697	0.399	0.414
4120	0.297	0.697	0.402	0.409
4130	0.297	0.684	0.402	0.412
4140	0.298	0.682	0.403	0.412
eigenvalues:  tensor([59.1876, 57.5256])
hess item is 0.016909372061491013
4150	0.291	0.705	0.397	0.415
4160	0.302	0.672	0.408	0.402
4170	0.291	0.704	0.398	0.417
4180	0.299	0.673	0.407	0.403
4190	0.298	0.678	0.404	0.412
eigenvalues:  tensor([58.3170, 56.3808])
hess item is 0.01672562025487423
4200	0.295	0.691	0.402	0.409
4210	0.316	0.652	0.424	0.385
4220	0.292	0.705	0.400	0.413
4230	0.309	0.664	0.418	0.393
4240	0.301	0.678	0.410	0.401
eigenvalues:  tensor([54.9168, 53.9579])
hess item is 0.016560150310397148
4250	0.302	0.677	0.411	0.403
4260	0.291	0.707	0.402	0.408
4270	0.312	0.660	0.423	0.381
4280	0.300	0.682	0.411	0.397
4290	0.323	0.626	0.433	0.374
eigenvalues:  tensor([53.4685, 52.7306])
hess item is 0.016435347497463226
4300	0.316	0.643	0.427	0.386
4310	0.295	0.691	0.407	0.404
4320	0.297	0.689	0.409	0.401
4330	0.297	0.689	0.409	0.401
4340	0.285	0.728	0.397	0.419
eigenvalues:  tensor([53.4384, 51.4445])
hess item is 0.016258902847766876
4350	0.291	0.703	0.405	0.405
4360	0.294	0.699	0.407	0.411
4370	0.302	0.675	0.416	0.393
4380	0.295	0.699	0.409	0.399
4390	0.294	0.700	0.409	0.401
eigenvalues:  tensor([50.2126, 49.0268])
hess item is 0.016173480078577995
4400	0.322	0.649	0.435	0.374
4410	0.293	0.698	0.408	0.399
4420	0.297	0.696	0.412	0.396
4430	0.307	0.680	0.422	0.391
4440	0.295	0.698	0.410	0.403
eigenvalues:  tensor([49.2298, 47.7731])
hess item is 0.01606130041182041
4450	0.326	0.638	0.441	0.377
4460	0.288	0.717	0.405	0.410
4470	0.296	0.684	0.414	0.396
4480	0.303	0.676	0.420	0.394
4490	0.313	0.659	0.431	0.376
eigenvalues:  tensor([49.4079, 46.3691])
hess item is 0.015943096950650215
4500	0.294	0.697	0.411	0.402
4510	0.298	0.692	0.416	0.402
4520	0.319	0.632	0.436	0.374
4530	0.289	0.715	0.406	0.406
4540	0.300	0.690	0.420	0.386
eigenvalues:  tensor([47.8939, 46.2052])
hess item is 0.01583927869796753
4550	0.290	0.710	0.408	0.406
4560	0.300	0.689	0.418	0.397
4570	0.298	0.698	0.417	0.388
4580	0.289	0.717	0.409	0.404
4590	0.282	0.728	0.403	0.415
eigenvalues:  tensor([45.9802, 44.9832])
hess item is 0.015698427334427834
4600	0.290	0.703	0.411	0.399
4610	0.289	0.708	0.410	0.402
4620	0.310	0.670	0.431	0.392
4630	0.292	0.710	0.416	0.396
4640	0.287	0.716	0.410	0.405
eigenvalues:  tensor([44.9934, 44.4963])
hess item is 0.015571444295346737
4650	0.304	0.685	0.426	0.395
4660	0.293	0.690	0.417	0.396
4670	0.294	0.705	0.420	0.390
4680	0.287	0.714	0.412	0.400
4690	0.287	0.718	0.412	0.409
eigenvalues:  tensor([44.6496, 44.0825])
hess item is 0.015445158816874027
4700	0.307	0.668	0.431	0.378
4710	0.286	0.720	0.412	0.404
4720	0.302	0.682	0.426	0.383
4730	0.292	0.713	0.419	0.397
4740	0.296	0.696	0.422	0.383
eigenvalues:  tensor([43.3523, 42.5101])
hess item is 0.015365655533969402
4750	0.285	0.728	0.412	0.407
4760	0.289	0.716	0.416	0.399
4770	0.297	0.695	0.426	0.394
4780	0.277	0.736	0.406	0.409
4790	0.313	0.675	0.440	0.382
eigenvalues:  tensor([43.3395, 42.4275])
hess item is 0.015230482444167137
4800	0.290	0.705	0.419	0.396
4810	0.287	0.720	0.415	0.399
4820	0.289	0.715	0.418	0.388
4830	0.286	0.719	0.417	0.404
4840	0.300	0.695	0.429	0.386
eigenvalues:  tensor([42.9574, 41.4241])
hess item is 0.015140793286263943
4850	0.303	0.691	0.432	0.374
4860	0.279	0.730	0.410	0.409
4870	0.303	0.686	0.432	0.385
4880	0.287	0.720	0.419	0.404
4890	0.307	0.672	0.437	0.376
eigenvalues:  tensor([41.3815, 41.1043])
hess item is 0.015024067834019661
4900	0.290	0.712	0.423	0.391
4910	0.285	0.724	0.418	0.389
4920	0.287	0.719	0.419	0.396
4930	0.282	0.729	0.416	0.396
4940	0.282	0.729	0.415	0.398
eigenvalues:  tensor([41.4253, 40.6067])
hess item is 0.01489982195198536
4950	0.280	0.727	0.415	0.406
4960	0.282	0.721	0.418	0.398
4970	0.276	0.740	0.412	0.403
4980	0.291	0.705	0.425	0.392
4990	0.298	0.704	0.434	0.381
eigenvalues:  tensor([41.7971, 40.8789])
hess item is 0.014773592352867126
5000	0.274	0.746	0.411	0.404
5010	0.289	0.711	0.428	0.395
5020	0.270	0.758	0.409	0.406
5030	0.285	0.725	0.425	0.384
5040	0.277	0.742	0.416	0.410
eigenvalues:  tensor([41.2613, 39.4944])
hess item is 0.014652389101684093
5050	0.266	0.763	0.407	0.408
5060	0.279	0.750	0.420	0.397
5070	0.279	0.741	0.419	0.406
5080	0.288	0.715	0.429	0.386
5090	0.282	0.728	0.423	0.394
eigenvalues:  tensor([40.6073, 39.5873])
hess item is 0.014559031464159489
5100	0.271	0.757	0.413	0.398
5110	0.289	0.710	0.433	0.389
5120	0.267	0.771	0.411	0.403
5130	0.268	0.767	0.413	0.398
5140	0.281	0.735	0.427	0.392
eigenvalues:  tensor([40.6090, 40.2022])
hess item is 0.014425409957766533
5150	0.286	0.724	0.432	0.393
5160	0.277	0.747	0.421	0.393
5170	0.280	0.740	0.424	0.386
5180	0.272	0.753	0.419	0.399
5190	0.281	0.736	0.427	0.389
eigenvalues:  tensor([39.8640, 39.2629])
hess item is 0.014321121387183666
5200	0.264	0.780	0.412	0.405
5210	0.293	0.715	0.441	0.374
5220	0.272	0.748	0.420	0.395
5230	0.287	0.722	0.436	0.389
5240	0.272	0.760	0.421	0.404
eigenvalues:  tensor([40.7750, 39.6158])
hess item is 0.014202436432242393
5250	0.278	0.741	0.427	0.399
5260	0.269	0.766	0.419	0.402
5270	0.281	0.751	0.430	0.393
5280	0.262	0.777	0.413	0.402
5290	0.275	0.749	0.425	0.389
eigenvalues:  tensor([39.8635, 39.3313])
hess item is 0.014095316641032696
5300	0.289	0.717	0.438	0.381
5310	0.283	0.735	0.434	0.378
5320	0.286	0.732	0.436	0.371
5330	0.267	0.769	0.418	0.403
5340	0.269	0.767	0.421	0.392
eigenvalues:  tensor([39.6238, 39.1563])
hess item is 0.013995238579809666
5350	0.265	0.774	0.420	0.406
5360	0.271	0.761	0.425	0.399
5370	0.264	0.775	0.419	0.397
5380	0.277	0.745	0.431	0.384
5390	0.271	0.751	0.425	0.389
eigenvalues:  tensor([40.1876, 39.1497])
hess item is 0.013917883858084679
5400	0.303	0.706	0.456	0.366
5410	0.263	0.783	0.418	0.396
5420	0.264	0.776	0.422	0.395
5430	0.263	0.769	0.420	0.397
5440	0.262	0.780	0.419	0.400
eigenvalues:  tensor([38.5038, 38.2221])
hess item is 0.013822133652865887
5450	0.262	0.774	0.419	0.404
5460	0.272	0.763	0.429	0.396
5470	0.274	0.758	0.434	0.382
5480	0.262	0.782	0.422	0.397
5490	0.271	0.760	0.431	0.388
eigenvalues:  tensor([39.2312, 38.4237])
hess item is 0.013701082207262516
5500	0.260	0.781	0.420	0.401
5510	0.272	0.744	0.431	0.385
5520	0.264	0.778	0.428	0.388
5530	0.259	0.780	0.423	0.399
5540	0.274	0.766	0.437	0.387
eigenvalues:  tensor([39.1164, 38.5943])
hess item is 0.013575484976172447
5550	0.274	0.755	0.436	0.388
5560	0.289	0.723	0.452	0.373
5570	0.255	0.790	0.419	0.407
5580	0.258	0.782	0.423	0.406
5590	0.255	0.794	0.419	0.400
eigenvalues:  tensor([38.3353, 37.5469])
hess item is 0.013462629169225693
5600	0.251	0.800	0.416	0.405
5610	0.261	0.775	0.427	0.393
5620	0.274	0.755	0.440	0.386
5630	0.271	0.755	0.435	0.392
5640	0.251	0.805	0.418	0.404
eigenvalues:  tensor([37.9377, 37.7570])
hess item is 0.013354168273508549
5650	0.263	0.778	0.430	0.393
5660	0.268	0.767	0.435	0.379
5670	0.255	0.796	0.423	0.402
5680	0.252	0.801	0.422	0.400
5690	0.262	0.780	0.433	0.386
eigenvalues:  tensor([38.0688, 37.5765])
hess item is 0.013248036615550518
5700	0.260	0.782	0.432	0.382
5710	0.255	0.802	0.426	0.392
5720	0.281	0.734	0.451	0.380
5730	0.253	0.803	0.425	0.387
5740	0.252	0.799	0.424	0.391
eigenvalues:  tensor([38.3998, 38.1713])
hess item is 0.013140028342604637
5750	0.253	0.802	0.424	0.398
5760	0.244	0.808	0.416	0.404
5770	0.244	0.823	0.418	0.398
5780	0.241	0.828	0.416	0.401
5790	0.248	0.803	0.422	0.399
eigenvalues:  tensor([38.1462, 37.3350])
hess item is 0.013017935678362846
5800	0.249	0.803	0.426	0.396
5810	0.243	0.825	0.420	0.398
5820	0.252	0.794	0.427	0.400
5830	0.257	0.788	0.435	0.394
5840	0.245	0.819	0.423	0.397
eigenvalues:  tensor([38.6459, 37.7890])
hess item is 0.012894460931420326
5850	0.254	0.793	0.433	0.393
5860	0.243	0.823	0.422	0.404
5870	0.244	0.808	0.425	0.393
5880	0.247	0.811	0.428	0.393
5890	0.244	0.814	0.426	0.393
eigenvalues:  tensor([38.4020, 37.6274])
hess item is 0.012777197174727917
5900	0.247	0.818	0.429	0.395
5910	0.236	0.832	0.420	0.402
5920	0.233	0.846	0.418	0.401
5930	0.246	0.815	0.430	0.402
5940	0.242	0.818	0.427	0.400
eigenvalues:  tensor([38.4593, 38.0691])
hess item is 0.01265101321041584
5950	0.236	0.826	0.421	0.403
5960	0.243	0.824	0.430	0.388
5970	0.243	0.809	0.430	0.395
5980	0.235	0.838	0.422	0.396
5990	0.236	0.827	0.426	0.408
eigenvalues:  tensor([38.6329, 38.1474])
hess item is 0.012514368630945683
6000	0.234	0.841	0.424	0.396
6010	0.240	0.821	0.428	0.395
6020	0.235	0.834	0.425	0.406
6030	0.237	0.829	0.429	0.396
6040	0.231	0.846	0.422	0.400
eigenvalues:  tensor([39.4456, 38.8184])
hess item is 0.012411445379257202
6050	0.257	0.789	0.449	0.383
6060	0.251	0.800	0.441	0.381
6070	0.239	0.836	0.431	0.391
6080	0.237	0.828	0.428	0.396
6090	0.236	0.817	0.429	0.394
eigenvalues:  tensor([39.6890, 38.4590])
hess item is 0.012342054396867752
6100	0.245	0.824	0.439	0.391
6110	0.232	0.847	0.426	0.397
6120	0.236	0.822	0.430	0.397
6130	0.241	0.820	0.435	0.385
6140	0.238	0.826	0.433	0.394
eigenvalues:  tensor([38.7160, 38.6216])
hess item is 0.012252753600478172
6150	0.258	0.792	0.451	0.384
6160	0.241	0.829	0.435	0.392
6170	0.237	0.823	0.434	0.393
6180	0.236	0.826	0.432	0.400
6190	0.251	0.811	0.445	0.386
eigenvalues:  tensor([39.3632, 38.7401])
hess item is 0.012185351923108101
6200	0.243	0.824	0.440	0.384
6210	0.257	0.796	0.453	0.376
6220	0.253	0.803	0.450	0.376
6230	0.251	0.812	0.449	0.387
6240	0.233	0.837	0.431	0.398
eigenvalues:  tensor([39.3740, 38.1624])
hess item is 0.012137285433709621
6250	0.252	0.805	0.448	0.387
6260	0.227	0.849	0.427	0.403
6270	0.246	0.817	0.446	0.384
6280	0.226	0.856	0.427	0.397
6290	0.245	0.818	0.446	0.382
eigenvalues:  tensor([38.2796, 37.8897])
hess item is 0.012048015370965004
6300	0.252	0.800	0.454	0.381
6310	0.243	0.822	0.443	0.396
6320	0.228	0.844	0.430	0.404
6330	0.225	0.856	0.430	0.391
6340	0.246	0.823	0.450	0.378
eigenvalues:  tensor([38.3885, 38.0564])
hess item is 0.011984065175056458
6350	0.221	0.863	0.426	0.398
6360	0.231	0.852	0.437	0.384
6370	0.232	0.836	0.437	0.390
6380	0.240	0.824	0.449	0.379
6390	0.238	0.822	0.445	0.389
eigenvalues:  tensor([39.0060, 38.3534])
hess item is 0.011893940158188343
6400	0.243	0.822	0.448	0.385
6410	0.236	0.833	0.442	0.392
6420	0.219	0.867	0.428	0.401
6430	0.221	0.858	0.430	0.401
6440	0.226	0.849	0.435	0.396
eigenvalues:  tensor([38.3374, 37.8666])
hess item is 0.011824949644505978
6450	0.231	0.838	0.442	0.393
6460	0.223	0.849	0.435	0.397
6470	0.248	0.816	0.457	0.372
6480	0.226	0.848	0.437	0.389
6490	0.221	0.864	0.434	0.388
eigenvalues:  tensor([38.6420, 38.2562])
hess item is 0.011782701127231121
6500	0.224	0.858	0.435	0.391
6510	0.227	0.851	0.440	0.390
6520	0.214	0.876	0.430	0.399
6530	0.222	0.860	0.437	0.392
6540	0.223	0.849	0.438	0.397
eigenvalues:  tensor([38.4784, 37.9562])
hess item is 0.011693705804646015
6550	0.234	0.833	0.449	0.385
6560	0.218	0.864	0.434	0.386
6570	0.222	0.871	0.438	0.386
6580	0.217	0.871	0.432	0.397
6590	0.211	0.881	0.430	0.404
eigenvalues:  tensor([38.5676, 37.6660])
hess item is 0.011633670888841152
6600	0.221	0.855	0.437	0.394
6610	0.212	0.877	0.430	0.400
6620	0.211	0.873	0.432	0.403
6630	0.244	0.820	0.462	0.386
6640	0.234	0.839	0.451	0.378
eigenvalues:  tensor([38.4140, 38.2786])
hess item is 0.011574601754546165
6650	0.214	0.865	0.434	0.397
6660	0.224	0.851	0.444	0.379
6670	0.216	0.869	0.439	0.394
6680	0.220	0.860	0.442	0.389
6690	0.218	0.864	0.438	0.393
eigenvalues:  tensor([38.4491, 38.0167])
hess item is 0.011497145518660545
6700	0.220	0.859	0.442	0.386
6710	0.221	0.863	0.446	0.391
6720	0.222	0.858	0.444	0.388
6730	0.215	0.873	0.440	0.394
6740	0.213	0.873	0.440	0.394
eigenvalues:  tensor([38.2216, 37.5608])
hess item is 0.011412632651627064
6750	0.204	0.895	0.432	0.401
6760	0.229	0.847	0.458	0.383
6770	0.215	0.873	0.444	0.384
6780	0.211	0.871	0.437	0.400
6790	0.213	0.875	0.441	0.393
eigenvalues:  tensor([38.1776, 37.8946])
hess item is 0.011354789137840271
6800	0.208	0.885	0.437	0.394
6810	0.221	0.853	0.451	0.380
6820	0.210	0.886	0.440	0.393
6830	0.219	0.866	0.450	0.388
6840	0.218	0.874	0.447	0.389
eigenvalues:  tensor([38.6612, 38.0754])
hess item is 0.011256379075348377
6850	0.201	0.898	0.433	0.401
6860	0.210	0.883	0.444	0.388
6870	0.203	0.890	0.436	0.400
6880	0.208	0.887	0.442	0.392
6890	0.220	0.866	0.452	0.380
eigenvalues:  tensor([39.0474, 37.6798])
hess item is 0.011186466552317142
6900	0.210	0.885	0.444	0.390
6910	0.220	0.858	0.455	0.391
6920	0.210	0.876	0.444	0.391
6930	0.235	0.833	0.470	0.363
6940	0.202	0.900	0.440	0.390
eigenvalues:  tensor([38.4288, 37.7442])
hess item is 0.011148006655275822
6950	0.201	0.896	0.438	0.392
6960	0.218	0.867	0.454	0.384
6970	0.249	0.820	0.483	0.376
6980	0.203	0.889	0.438	0.397
6990	0.208	0.890	0.445	0.388
eigenvalues:  tensor([38.4112, 37.8594])
hess item is 0.011146122589707375
7000	0.210	0.880	0.448	0.384
7010	0.205	0.878	0.445	0.393
7020	0.200	0.893	0.441	0.393
7030	0.237	0.841	0.474	0.377
7040	0.210	0.878	0.447	0.391
eigenvalues:  tensor([37.8277, 37.8099])
hess item is 0.011083466000854969
7050	0.203	0.895	0.444	0.388
7060	0.202	0.897	0.445	0.391
7070	0.204	0.886	0.448	0.387
7080	0.207	0.885	0.450	0.384
7090	0.212	0.872	0.454	0.396
eigenvalues:  tensor([38.3008, 38.1917])
hess item is 0.011036673560738564
7100	0.199	0.904	0.444	0.391
7110	0.197	0.910	0.442	0.384
7120	0.208	0.882	0.452	0.382
7130	0.202	0.889	0.450	0.389
7140	0.203	0.892	0.451	0.391
eigenvalues:  tensor([38.4754, 38.0629])
hess item is 0.010980064980685711
7150	0.199	0.896	0.445	0.396
7160	0.199	0.894	0.446	0.390
7170	0.200	0.889	0.447	0.394
7180	0.206	0.888	0.451	0.393
7190	0.199	0.892	0.449	0.392
eigenvalues:  tensor([38.7023, 38.4075])
hess item is 0.010930612683296204
7200	0.198	0.897	0.447	0.380
7210	0.197	0.898	0.446	0.391
7220	0.203	0.897	0.454	0.375
7230	0.205	0.888	0.455	0.382
7240	0.187	0.914	0.441	0.396
eigenvalues:  tensor([38.0123, 37.4727])
hess item is 0.010811123996973038
7250	0.202	0.891	0.455	0.385
7260	0.207	0.886	0.459	0.384
7270	0.184	0.921	0.438	0.395
7280	0.190	0.909	0.445	0.391
7290	0.195	0.902	0.450	0.389
eigenvalues:  tensor([39.3565, 38.5199])
hess item is 0.010723772458732128
7300	0.203	0.888	0.458	0.384
7310	0.194	0.907	0.451	0.392
7320	0.204	0.890	0.461	0.380
7330	0.188	0.908	0.446	0.393
7340	0.199	0.898	0.457	0.388
eigenvalues:  tensor([39.0057, 37.8859])
hess item is 0.010645965114235878
7350	0.192	0.904	0.451	0.391
7360	0.199	0.887	0.458	0.384
7370	0.193	0.906	0.451	0.391
7380	0.194	0.907	0.455	0.388
7390	0.186	0.918	0.446	0.390
eigenvalues:  tensor([38.5294, 37.8700])
hess item is 0.010579553432762623
7400	0.203	0.884	0.461	0.379
7410	0.189	0.915	0.451	0.385
7420	0.208	0.877	0.469	0.380
7430	0.199	0.883	0.462	0.385
7440	0.187	0.915	0.449	0.388
eigenvalues:  tensor([38.9041, 37.9904])
hess item is 0.010527345351874828
7450	0.189	0.905	0.453	0.388
7460	0.195	0.900	0.457	0.384
7470	0.199	0.890	0.462	0.381
7480	0.194	0.902	0.460	0.378
7490	0.195	0.896	0.457	0.380
eigenvalues:  tensor([38.5352, 38.3969])
hess item is 0.010479898191988468
7500	0.188	0.913	0.452	0.390
7510	0.187	0.908	0.454	0.387
7520	0.202	0.890	0.468	0.375
7530	0.196	0.907	0.461	0.383
7540	0.188	0.915	0.456	0.385
eigenvalues:  tensor([39.1870, 38.7885])
hess item is 0.010429980233311653
7550	0.186	0.910	0.452	0.384
7560	0.179	0.927	0.446	0.391
7570	0.196	0.890	0.465	0.380
7580	0.190	0.904	0.461	0.383
7590	0.188	0.911	0.459	0.377
eigenvalues:  tensor([38.8577, 38.2274])
hess item is 0.01035586092621088
7600	0.185	0.916	0.455	0.387
7610	0.183	0.919	0.455	0.387
7620	0.194	0.901	0.466	0.380
7630	0.187	0.912	0.461	0.381
7640	0.206	0.876	0.478	0.368
eigenvalues:  tensor([39.1921, 38.4563])
hess item is 0.010302407667040825
7650	0.183	0.920	0.453	0.388
7660	0.193	0.895	0.465	0.383
7670	0.184	0.912	0.458	0.386
7680	0.190	0.907	0.467	0.383
7690	0.175	0.922	0.452	0.389
eigenvalues:  tensor([38.3481, 37.8385])
hess item is 0.010265263728797436
7700	0.177	0.920	0.455	0.382
7710	0.192	0.904	0.468	0.378
7720	0.176	0.927	0.452	0.384
7730	0.191	0.903	0.466	0.376
7740	0.178	0.924	0.455	0.388
eigenvalues:  tensor([38.7680, 38.1547])
hess item is 0.010246573947370052
7750	0.185	0.917	0.462	0.377
7760	0.174	0.927	0.453	0.393
7770	0.195	0.895	0.470	0.379
7780	0.170	0.933	0.450	0.390
7790	0.183	0.912	0.462	0.384
eigenvalues:  tensor([38.0823, 37.8009])
hess item is 0.01019246131181717
7800	0.185	0.910	0.463	0.375
7810	0.172	0.932	0.455	0.385
7820	0.190	0.893	0.471	0.378
7830	0.169	0.937	0.451	0.387
7840	0.194	0.902	0.477	0.367
eigenvalues:  tensor([38.7132, 38.5263])
hess item is 0.010151763446629047
7850	0.184	0.912	0.465	0.378
7860	0.178	0.921	0.459	0.382
7870	0.176	0.921	0.460	0.382
7880	0.179	0.924	0.464	0.382
7890	0.176	0.919	0.459	0.385
eigenvalues:  tensor([38.3824, 37.9084])
hess item is 0.010106340982019901
7900	0.168	0.935	0.454	0.389
7910	0.182	0.910	0.468	0.373
7920	0.173	0.925	0.459	0.383
7930	0.177	0.915	0.464	0.381
7940	0.176	0.927	0.465	0.386
eigenvalues:  tensor([39.1953, 38.7330])
hess item is 0.010061857290565968
7950	0.188	0.909	0.475	0.376
7960	0.172	0.936	0.461	0.384
7970	0.186	0.913	0.472	0.370
7980	0.173	0.925	0.462	0.379
7990	0.172	0.924	0.461	0.387
eigenvalues:  tensor([38.8755, 38.2929])
hess item is 0.010048581287264824
8000	0.187	0.908	0.478	0.375
8010	0.181	0.919	0.470	0.382
8020	0.163	0.942	0.454	0.386
8030	0.168	0.943	0.463	0.381
8040	0.178	0.924	0.471	0.383
eigenvalues:  tensor([38.8478, 38.4270])
hess item is 0.009986614808440208
8050	0.168	0.930	0.461	0.385
8060	0.180	0.914	0.474	0.374
8070	0.171	0.937	0.464	0.373
8080	0.172	0.928	0.465	0.381
8090	0.169	0.932	0.463	0.375
eigenvalues:  tensor([39.9759, 39.2676])
hess item is 0.009953922592103481
8100	0.179	0.918	0.471	0.368
8110	0.166	0.937	0.462	0.379
8120	0.188	0.907	0.481	0.371
8130	0.169	0.930	0.464	0.375
8140	0.160	0.945	0.457	0.387
eigenvalues:  tensor([38.5827, 38.3753])
hess item is 0.009887108579277992
8150	0.168	0.928	0.465	0.385
8160	0.167	0.933	0.465	0.377
8170	0.162	0.947	0.461	0.380
8180	0.157	0.949	0.458	0.386
8190	0.176	0.918	0.476	0.368
eigenvalues:  tensor([38.7653, 38.4856])
hess item is 0.009792128577828407
8200	0.167	0.933	0.467	0.380
8210	0.169	0.935	0.471	0.370
8220	0.170	0.933	0.471	0.376
8230	0.190	0.901	0.488	0.363
8240	0.179	0.914	0.479	0.368
eigenvalues:  tensor([38.6556, 38.4123])
hess item is 0.009765069000422955
8250	0.159	0.941	0.460	0.387
8260	0.172	0.929	0.474	0.378
8270	0.162	0.944	0.465	0.380
8280	0.156	0.943	0.459	0.382
8290	0.164	0.942	0.469	0.379
eigenvalues:  tensor([39.5913, 39.2696])
hess item is 0.009751982055604458
8300	0.176	0.920	0.478	0.375
8310	0.153	0.951	0.458	0.391
8320	0.166	0.932	0.471	0.371
8330	0.172	0.932	0.477	0.376
8340	0.172	0.922	0.476	0.373
eigenvalues:  tensor([38.6328, 38.5172])
hess item is 0.009712714701890945
8350	0.172	0.930	0.478	0.367
8360	0.158	0.946	0.465	0.377
8370	0.174	0.923	0.482	0.366
8380	0.159	0.944	0.466	0.384
8390	0.157	0.948	0.465	0.377
eigenvalues:  tensor([38.7477, 38.4323])
hess item is 0.009690371342003345
8400	0.162	0.945	0.471	0.373
8410	0.164	0.942	0.473	0.368
8420	0.164	0.931	0.473	0.368
8430	0.169	0.933	0.479	0.374
8440	0.170	0.932	0.481	0.362
eigenvalues:  tensor([39.1610, 38.5581])
hess item is 0.009598140604794025
8450	0.166	0.929	0.477	0.369
8460	0.163	0.942	0.475	0.375
8470	0.162	0.932	0.472	0.368
8480	0.171	0.927	0.484	0.363
8490	0.153	0.950	0.466	0.382
eigenvalues:  tensor([38.1938, 37.7300])
hess item is 0.009567122906446457
8500	0.149	0.954	0.464	0.383
8510	0.166	0.935	0.481	0.363
8520	0.160	0.945	0.474	0.375
8530	0.168	0.939	0.484	0.371
8540	0.155	0.953	0.470	0.374
eigenvalues:  tensor([39.0123, 38.2770])
hess item is 0.009519963525235653
8550	0.160	0.940	0.477	0.376
8560	0.161	0.935	0.474	0.382
8570	0.155	0.943	0.469	0.378
8580	0.159	0.939	0.474	0.378
8590	0.158	0.939	0.473	0.374
eigenvalues:  tensor([38.8857, 38.5087])
hess item is 0.00953408982604742
8600	0.173	0.918	0.490	0.367
8610	0.156	0.943	0.473	0.382
8620	0.162	0.943	0.480	0.376
8630	0.165	0.937	0.483	0.369
8640	0.156	0.947	0.474	0.374
eigenvalues:  tensor([38.5051, 38.1066])
hess item is 0.009478893131017685
8650	0.157	0.942	0.477	0.371
8660	0.167	0.937	0.486	0.368
8670	0.161	0.942	0.479	0.375
8680	0.150	0.950	0.470	0.380
8690	0.150	0.948	0.472	0.382
eigenvalues:  tensor([38.5132, 38.3299])
hess item is 0.009441021829843521
8700	0.151	0.951	0.474	0.383
8710	0.156	0.941	0.478	0.374
8720	0.152	0.948	0.478	0.373
8730	0.142	0.959	0.465	0.379
8740	0.154	0.950	0.478	0.383
eigenvalues:  tensor([38.9885, 38.6170])
hess item is 0.009391837753355503
8750	0.154	0.954	0.478	0.375
8760	0.149	0.952	0.473	0.375
8770	0.159	0.940	0.483	0.369
8780	0.144	0.960	0.473	0.376
8790	0.150	0.952	0.476	0.377
eigenvalues:  tensor([39.0778, 38.7648])
hess item is 0.009335566312074661
8800	0.149	0.950	0.475	0.376
8810	0.153	0.948	0.479	0.372
8820	0.157	0.945	0.486	0.370
8830	0.158	0.933	0.488	0.369
8840	0.162	0.926	0.490	0.362
eigenvalues:  tensor([38.7680, 38.4632])
hess item is 0.009290385991334915
8850	0.151	0.945	0.481	0.372
8860	0.147	0.950	0.477	0.375
8870	0.157	0.931	0.486	0.360
8880	0.165	0.938	0.496	0.378
8890	0.145	0.957	0.475	0.376
eigenvalues:  tensor([38.3591, 38.1221])
hess item is 0.009241431020200253
8900	0.145	0.955	0.478	0.373
8910	0.158	0.936	0.489	0.375
8920	0.147	0.951	0.478	0.380
8930	0.147	0.951	0.479	0.375
8940	0.156	0.945	0.487	0.370
eigenvalues:  tensor([39.2928, 39.0050])
hess item is 0.009185165166854858
8950	0.177	0.913	0.510	0.355
8960	0.149	0.954	0.483	0.372
8970	0.137	0.961	0.472	0.379
8980	0.148	0.950	0.484	0.370
8990	0.145	0.952	0.479	0.370
eigenvalues:  tensor([38.9467, 38.2480])
hess item is 0.009168865159153938
9000	0.155	0.941	0.491	0.365
9010	0.155	0.942	0.492	0.368
9020	0.143	0.955	0.479	0.376
9030	0.143	0.958	0.482	0.373
9040	0.162	0.930	0.497	0.371
eigenvalues:  tensor([38.5244, 38.1353])
hess item is 0.009133795276284218
9050	0.138	0.959	0.477	0.380
9060	0.144	0.958	0.485	0.374
9070	0.144	0.956	0.481	0.378
9080	0.141	0.959	0.480	0.374
9090	0.149	0.952	0.488	0.363
eigenvalues:  tensor([39.3444, 39.1342])
hess item is 0.0090862438082695
9100	0.158	0.932	0.497	0.364
9110	0.138	0.958	0.478	0.376
9120	0.139	0.958	0.480	0.377
9130	0.138	0.959	0.480	0.379
9140	0.141	0.957	0.481	0.377
eigenvalues:  tensor([38.9109, 38.5716])
hess item is 0.009037751704454422
9150	0.145	0.950	0.484	0.377
9160	0.144	0.958	0.486	0.374
9170	0.142	0.957	0.483	0.374
9180	0.143	0.953	0.487	0.364
9190	0.139	0.957	0.484	0.376
eigenvalues:  tensor([38.9557, 38.2429])
hess item is 0.009005801752209663
9200	0.141	0.955	0.486	0.364
9210	0.155	0.941	0.496	0.363
9220	0.134	0.964	0.479	0.372
9230	0.139	0.964	0.484	0.375
9240	0.133	0.962	0.479	0.378
eigenvalues:  tensor([39.1727, 38.6868])
hess item is 0.009003942832350731
9250	0.155	0.936	0.501	0.366
9260	0.134	0.965	0.481	0.375
9270	0.135	0.964	0.484	0.372
9280	0.133	0.965	0.481	0.377
9290	0.135	0.961	0.483	0.371
eigenvalues:  tensor([39.4798, 38.5948])
hess item is 0.008967180736362934
9300	0.153	0.942	0.500	0.355
9310	0.136	0.969	0.483	0.378
9320	0.134	0.961	0.482	0.368
9330	0.137	0.960	0.485	0.375
9340	0.142	0.950	0.489	0.371
eigenvalues:  tensor([39.2572, 38.7320])
hess item is 0.008937549777328968
9350	0.135	0.960	0.482	0.379
9360	0.140	0.958	0.488	0.370
9370	0.138	0.958	0.489	0.369
9380	0.142	0.954	0.490	0.372
9390	0.133	0.964	0.483	0.375
eigenvalues:  tensor([39.1044, 38.5015])
hess item is 0.008928900584578514
9400	0.141	0.956	0.491	0.366
9410	0.134	0.962	0.487	0.377
9420	0.147	0.951	0.499	0.368
9430	0.140	0.954	0.491	0.366
9440	0.136	0.954	0.486	0.376
eigenvalues:  tensor([38.8986, 38.2936])
hess item is 0.008903589099645615
9450	0.139	0.962	0.492	0.371
9460	0.146	0.957	0.500	0.368
9470	0.137	0.961	0.489	0.369
9480	0.128	0.970	0.483	0.374
9490	0.131	0.964	0.484	0.374
eigenvalues:  tensor([38.4446, 38.2887])
hess item is 0.008842029608786106
9500	0.132	0.963	0.487	0.367
9510	0.147	0.950	0.499	0.365
9520	0.138	0.959	0.491	0.366
9530	0.128	0.969	0.483	0.371
9540	0.142	0.950	0.497	0.361
eigenvalues:  tensor([38.7930, 38.5166])
hess item is 0.008798741735517979
9550	0.128	0.965	0.483	0.375
9560	0.133	0.960	0.491	0.369
9570	0.142	0.949	0.497	0.363
9580	0.130	0.962	0.486	0.375
9590	0.136	0.956	0.493	0.359
eigenvalues:  tensor([38.6889, 38.6670])
hess item is 0.008793621324002743
9600	0.140	0.960	0.493	0.367
9610	0.129	0.964	0.487	0.372
9620	0.132	0.961	0.490	0.378
9630	0.130	0.966	0.489	0.368
9640	0.128	0.965	0.485	0.374
eigenvalues:  tensor([38.4914, 38.2865])
hess item is 0.008747220039367676
9650	0.144	0.948	0.503	0.356
9660	0.127	0.966	0.485	0.372
9670	0.124	0.967	0.484	0.376
9680	0.128	0.966	0.487	0.375
9690	0.127	0.964	0.487	0.370
eigenvalues:  tensor([38.9006, 38.5553])
hess item is 0.008756151422858238
9700	0.123	0.968	0.484	0.376
9710	0.134	0.960	0.494	0.372
9720	0.139	0.949	0.497	0.369
9730	0.134	0.956	0.494	0.374
9740	0.144	0.948	0.507	0.361
eigenvalues:  tensor([39.0158, 38.9847])
hess item is 0.008725108578801155
9750	0.143	0.956	0.503	0.365
9760	0.126	0.965	0.489	0.374
9770	0.135	0.960	0.498	0.363
9780	0.118	0.974	0.483	0.380
9790	0.131	0.961	0.494	0.365
eigenvalues:  tensor([38.2824, 38.2482])
hess item is 0.008679340593516827
9800	0.131	0.965	0.495	0.365
9810	0.132	0.955	0.496	0.373
9820	0.122	0.971	0.488	0.369
9830	0.138	0.951	0.502	0.365
9840	0.136	0.961	0.500	0.367
eigenvalues:  tensor([38.1446, 37.9503])
hess item is 0.008645676076412201
9850	0.121	0.972	0.489	0.369
9860	0.125	0.967	0.491	0.373
9870	0.128	0.967	0.496	0.368
9880	0.125	0.971	0.494	0.371
9890	0.125	0.971	0.493	0.366
eigenvalues:  tensor([38.7084, 38.4316])
hess item is 0.008603760972619057
9900	0.151	0.953	0.520	0.365
9910	0.122	0.972	0.492	0.372
9920	0.128	0.965	0.499	0.368
9930	0.129	0.958	0.498	0.372
9940	0.129	0.961	0.499	0.368
eigenvalues:  tensor([38.4281, 38.1151])
hess item is 0.008577490225434303
9950	0.121	0.972	0.491	0.370
9960	0.119	0.974	0.491	0.372
9970	0.142	0.954	0.515	0.360
9980	0.117	0.973	0.490	0.370
9990	0.122	0.971	0.495	0.368
device: cuda:5
output directory: RESULTS/cifar10-10k/fc-tanh/seed_0/mse/ivon/lr_0.0005_h0_0.1_post_1_alpha_100.0_beta2_0.9995_beta_0.0_ess_10000000.0_ivon
Files already downloaded and verified
Files already downloaded and verified
optimizer is IVON
0	0.597	0.131	0.597	0.131
10	0.512	0.189	0.514	0.186
20	0.492	0.218	0.495	0.210
30	0.480	0.233	0.483	0.225
40	0.471	0.246	0.474	0.235
eigenvalues:  tensor([77.6145, 63.2273])
hess item is 0.09765355288982391
50	0.463	0.257	0.467	0.246
60	0.457	0.267	0.461	0.256
70	0.452	0.277	0.457	0.262
80	0.447	0.286	0.452	0.268
90	0.443	0.292	0.448	0.273
eigenvalues:  tensor([75.4885, 61.2546])
hess item is 0.09533491730690002
100	0.439	0.298	0.444	0.281
110	0.435	0.306	0.441	0.290
120	0.432	0.310	0.438	0.292
130	0.430	0.317	0.436	0.296
140	0.427	0.322	0.434	0.298
eigenvalues:  tensor([74.0591, 60.5008])
hess item is 0.09306181222200394
150	0.425	0.326	0.431	0.302
160	0.422	0.330	0.430	0.303
170	0.420	0.335	0.428	0.306
180	0.419	0.338	0.426	0.309
190	0.417	0.341	0.425	0.312
eigenvalues:  tensor([72.8532, 60.0623])
hess item is 0.09083937108516693
200	0.415	0.345	0.423	0.314
210	0.413	0.348	0.422	0.316
220	0.412	0.352	0.420	0.318
230	0.411	0.356	0.419	0.323
240	0.409	0.357	0.418	0.325
eigenvalues:  tensor([72.0411, 59.6532])
hess item is 0.08868058770895004
250	0.408	0.360	0.417	0.327
260	0.407	0.362	0.416	0.331
270	0.406	0.366	0.416	0.334
280	0.405	0.368	0.415	0.336
290	0.404	0.371	0.414	0.337
eigenvalues:  tensor([71.3538, 59.3966])
hess item is 0.08657073974609375
300	0.403	0.377	0.413	0.340
310	0.403	0.376	0.413	0.342
320	0.402	0.381	0.412	0.344
330	0.401	0.381	0.412	0.345
340	0.400	0.383	0.411	0.346
eigenvalues:  tensor([70.6851, 59.1302])
hess item is 0.08451396971940994
350	0.400	0.385	0.411	0.348
360	0.399	0.386	0.410	0.348
370	0.399	0.388	0.410	0.351
380	0.398	0.389	0.409	0.352
390	0.397	0.391	0.409	0.350
eigenvalues:  tensor([70.2709, 58.8593])
hess item is 0.08250276744365692
400	0.397	0.394	0.409	0.353
410	0.396	0.392	0.408	0.350
420	0.396	0.396	0.408	0.354
430	0.395	0.396	0.408	0.355
440	0.395	0.398	0.407	0.357
eigenvalues:  tensor([69.7046, 58.7247])
hess item is 0.08054282516241074
450	0.394	0.401	0.407	0.358
460	0.394	0.400	0.407	0.358
470	0.393	0.403	0.406	0.359
480	0.393	0.403	0.406	0.359
490	0.392	0.403	0.406	0.361
eigenvalues:  tensor([69.3161, 58.4812])
hess item is 0.07863330841064453
500	0.392	0.408	0.406	0.361
510	0.392	0.406	0.405	0.362
520	0.391	0.409	0.405	0.362
530	0.391	0.411	0.405	0.362
540	0.391	0.412	0.405	0.362
eigenvalues:  tensor([68.7931, 58.4226])
hess item is 0.0767720639705658
550	0.390	0.411	0.405	0.363
560	0.390	0.415	0.404	0.364
570	0.389	0.417	0.404	0.365
580	0.389	0.416	0.404	0.364
590	0.389	0.419	0.404	0.368
eigenvalues:  tensor([68.5268, 58.2055])
hess item is 0.07495524734258652
600	0.388	0.419	0.403	0.367
610	0.388	0.421	0.403	0.368
620	0.388	0.424	0.403	0.370
630	0.387	0.425	0.403	0.369
640	0.387	0.426	0.403	0.370
eigenvalues:  tensor([68.0685, 58.0793])
hess item is 0.07318141311407089
650	0.387	0.424	0.403	0.369
660	0.386	0.429	0.402	0.370
670	0.386	0.428	0.402	0.371
680	0.386	0.428	0.402	0.370
690	0.385	0.429	0.402	0.372
eigenvalues:  tensor([67.7983, 57.8984])
hess item is 0.07145224511623383
700	0.385	0.430	0.402	0.373
710	0.385	0.432	0.402	0.372
720	0.384	0.431	0.402	0.372
730	0.384	0.433	0.401	0.374
740	0.384	0.432	0.401	0.373
eigenvalues:  tensor([67.4316, 57.8164])
hess item is 0.06976895034313202
750	0.384	0.434	0.401	0.374
760	0.383	0.437	0.401	0.373
770	0.383	0.436	0.401	0.373
780	0.383	0.438	0.401	0.375
790	0.382	0.437	0.401	0.375
eigenvalues:  tensor([67.1724, 57.7106])
hess item is 0.0681241974234581
800	0.382	0.438	0.400	0.375
810	0.382	0.438	0.400	0.375
820	0.382	0.441	0.400	0.376
830	0.381	0.442	0.400	0.377
840	0.381	0.443	0.400	0.377
eigenvalues:  tensor([66.8195, 57.5582])
hess item is 0.0665198564529419
850	0.381	0.443	0.400	0.377
860	0.381	0.443	0.400	0.377
870	0.380	0.444	0.400	0.379
880	0.380	0.447	0.399	0.381
890	0.380	0.447	0.399	0.380
eigenvalues:  tensor([66.6003, 57.5499])
hess item is 0.0649539977312088
900	0.379	0.447	0.399	0.380
910	0.379	0.450	0.399	0.379
920	0.379	0.450	0.399	0.380
930	0.379	0.452	0.399	0.381
940	0.378	0.452	0.399	0.381
eigenvalues:  tensor([66.2924, 57.3860])
hess item is 0.06342783570289612
950	0.378	0.454	0.399	0.382
960	0.378	0.452	0.399	0.382
970	0.378	0.454	0.399	0.383
980	0.377	0.456	0.398	0.383
990	0.377	0.454	0.398	0.383
eigenvalues:  tensor([66.2068, 57.4396])
hess item is 0.061938364058732986
1000	0.377	0.456	0.398	0.384
1010	0.377	0.458	0.398	0.383
1020	0.376	0.457	0.398	0.385
1030	0.376	0.458	0.398	0.384
1040	0.376	0.460	0.398	0.382
eigenvalues:  tensor([65.8920, 57.3707])
hess item is 0.060488227754831314
1050	0.376	0.460	0.398	0.384
1060	0.375	0.462	0.398	0.387
1070	0.375	0.462	0.397	0.384
1080	0.375	0.466	0.397	0.384
1090	0.375	0.466	0.397	0.387
eigenvalues:  tensor([65.6543, 57.2429])
hess item is 0.059070367366075516
1100	0.374	0.465	0.397	0.386
1110	0.374	0.466	0.397	0.387
1120	0.374	0.466	0.397	0.386
1130	0.374	0.466	0.397	0.388
1140	0.374	0.465	0.397	0.388
eigenvalues:  tensor([65.5430, 57.2447])
hess item is 0.05769093707203865
1150	0.373	0.466	0.397	0.388
1160	0.373	0.469	0.397	0.388
1170	0.373	0.467	0.397	0.391
1180	0.373	0.470	0.397	0.389
1190	0.372	0.470	0.397	0.389
eigenvalues:  tensor([65.3075, 57.1263])
hess item is 0.05634665861725807
1200	0.372	0.472	0.396	0.389
1210	0.372	0.470	0.396	0.389
1220	0.372	0.472	0.396	0.391
1230	0.371	0.472	0.396	0.389
1240	0.371	0.477	0.396	0.391
eigenvalues:  tensor([65.2609, 57.1551])
hess item is 0.055033791810274124
1250	0.371	0.475	0.396	0.391
1260	0.371	0.474	0.396	0.390
1270	0.370	0.476	0.396	0.391
1280	0.370	0.475	0.396	0.391
1290	0.370	0.475	0.396	0.390
eigenvalues:  tensor([65.0920, 57.0880])
hess item is 0.05375608056783676
1300	0.370	0.478	0.396	0.393
1310	0.370	0.477	0.396	0.390
1320	0.369	0.478	0.395	0.394
1330	0.369	0.479	0.396	0.393
1340	0.369	0.481	0.395	0.391
eigenvalues:  tensor([65.0895, 57.1044])
hess item is 0.052503831684589386
1350	0.369	0.480	0.395	0.393
1360	0.369	0.481	0.395	0.392
1370	0.368	0.481	0.395	0.394
1380	0.368	0.480	0.395	0.393
1390	0.368	0.484	0.395	0.393
eigenvalues:  tensor([64.9053, 57.1818])
hess item is 0.05128870904445648
1400	0.368	0.483	0.395	0.393
1410	0.367	0.484	0.395	0.394
1420	0.367	0.486	0.395	0.396
1430	0.367	0.485	0.395	0.395
1440	0.367	0.488	0.395	0.395
eigenvalues:  tensor([64.8761, 57.1372])
hess item is 0.05010068044066429
1450	0.366	0.488	0.395	0.396
1460	0.366	0.488	0.395	0.395
1470	0.366	0.487	0.395	0.394
1480	0.366	0.489	0.395	0.395
1490	0.366	0.493	0.395	0.397
eigenvalues:  tensor([64.9414, 57.1872])
hess item is 0.048943229019641876
1500	0.365	0.492	0.394	0.397
1510	0.365	0.492	0.394	0.397
1520	0.365	0.494	0.394	0.400
1530	0.365	0.494	0.394	0.398
1540	0.364	0.491	0.394	0.398
eigenvalues:  tensor([65.0525, 57.1687])
hess item is 0.04781541973352432
1550	0.364	0.495	0.394	0.399
1560	0.364	0.493	0.394	0.398
1570	0.364	0.495	0.394	0.398
1580	0.364	0.495	0.394	0.397
1590	0.363	0.497	0.394	0.398
eigenvalues:  tensor([64.9798, 57.1815])
hess item is 0.04672050476074219
1600	0.363	0.496	0.394	0.398
1610	0.363	0.498	0.394	0.399
1620	0.363	0.499	0.394	0.399
1630	0.363	0.502	0.394	0.400
1640	0.362	0.500	0.394	0.401
eigenvalues:  tensor([65.2179, 57.1691])
hess item is 0.04564683139324188
1650	0.362	0.504	0.394	0.402
1660	0.362	0.502	0.394	0.399
1670	0.362	0.503	0.394	0.401
1680	0.361	0.504	0.394	0.401
1690	0.361	0.500	0.393	0.400
eigenvalues:  tensor([65.1527, 57.2844])
hess item is 0.04460404813289642
1700	0.361	0.505	0.393	0.399
1710	0.361	0.508	0.393	0.402
1720	0.360	0.508	0.393	0.402
1730	0.360	0.507	0.393	0.401
1740	0.360	0.509	0.393	0.402
eigenvalues:  tensor([65.3241, 57.2692])
hess item is 0.04358721151947975
1750	0.360	0.510	0.393	0.399
1760	0.360	0.511	0.393	0.404
1770	0.359	0.509	0.393	0.402
1780	0.359	0.507	0.393	0.399
1790	0.359	0.509	0.393	0.400
eigenvalues:  tensor([65.4146, 57.2806])
hess item is 0.04259549826383591
1800	0.359	0.513	0.393	0.402
1810	0.359	0.514	0.393	0.404
1820	0.358	0.511	0.393	0.401
1830	0.359	0.516	0.393	0.403
1840	0.358	0.517	0.393	0.402
eigenvalues:  tensor([65.7154, 57.2761])
hess item is 0.041627950966358185
1850	0.358	0.520	0.393	0.406
1860	0.357	0.516	0.392	0.403
1870	0.357	0.517	0.393	0.404
1880	0.357	0.516	0.392	0.404
1890	0.357	0.517	0.392	0.403
eigenvalues:  tensor([65.7701, 57.4076])
hess item is 0.04068561643362045
1900	0.356	0.520	0.392	0.404
1910	0.356	0.523	0.393	0.407
1920	0.356	0.521	0.392	0.405
1930	0.356	0.524	0.392	0.405
1940	0.355	0.524	0.392	0.405
eigenvalues:  tensor([65.8048, 57.4448])
hess item is 0.03976640850305557
1950	0.355	0.524	0.392	0.406
1960	0.355	0.526	0.392	0.408
1970	0.355	0.524	0.392	0.407
1980	0.355	0.526	0.392	0.405
1990	0.354	0.526	0.392	0.406
eigenvalues:  tensor([66.1450, 57.6003])
hess item is 0.03886808827519417
2000	0.354	0.529	0.392	0.407
2010	0.354	0.527	0.392	0.404
2020	0.354	0.527	0.392	0.405
2030	0.354	0.530	0.392	0.408
2040	0.353	0.532	0.392	0.408
eigenvalues:  tensor([66.3428, 57.7412])
hess item is 0.037993595004081726
2050	0.353	0.529	0.392	0.404
2060	0.353	0.526	0.392	0.404
2070	0.353	0.534	0.392	0.408
2080	0.352	0.532	0.392	0.407
2090	0.352	0.535	0.392	0.409
eigenvalues:  tensor([66.5259, 57.7587])
hess item is 0.03714277222752571
2100	0.352	0.534	0.392	0.406
2110	0.352	0.535	0.392	0.405
2120	0.352	0.539	0.392	0.409
2130	0.351	0.534	0.392	0.405
2140	0.351	0.536	0.392	0.407
eigenvalues:  tensor([66.8154, 57.8155])
hess item is 0.03631111979484558
2150	0.351	0.538	0.392	0.407
2160	0.350	0.536	0.392	0.409
2170	0.350	0.541	0.391	0.406
2180	0.350	0.538	0.391	0.408
2190	0.350	0.536	0.392	0.408
eigenvalues:  tensor([66.8438, 57.7576])
hess item is 0.03550779074430466
2200	0.350	0.540	0.392	0.411
2210	0.349	0.543	0.391	0.412
2220	0.349	0.542	0.392	0.407
2230	0.349	0.540	0.392	0.408
2240	0.348	0.545	0.391	0.410
eigenvalues:  tensor([67.5014, 58.1848])
hess item is 0.03472265973687172
2250	0.349	0.542	0.392	0.406
2260	0.348	0.544	0.391	0.407
2270	0.348	0.543	0.392	0.404
2280	0.348	0.546	0.391	0.407
2290	0.347	0.549	0.391	0.408
eigenvalues:  tensor([67.5256, 58.2896])
hess item is 0.03395328298211098
2300	0.347	0.549	0.391	0.410
2310	0.347	0.545	0.391	0.409
2320	0.347	0.548	0.391	0.412
2330	0.346	0.546	0.391	0.407
2340	0.346	0.552	0.391	0.410
eigenvalues:  tensor([67.9340, 58.4675])
hess item is 0.033206645399332047
2350	0.346	0.550	0.391	0.408
2360	0.346	0.552	0.392	0.413
2370	0.345	0.552	0.391	0.409
2380	0.345	0.553	0.391	0.409
2390	0.345	0.552	0.391	0.409
eigenvalues:  tensor([68.0072, 58.5642])
hess item is 0.03248057886958122
2400	0.344	0.556	0.391	0.412
2410	0.344	0.558	0.391	0.412
2420	0.344	0.554	0.391	0.410
2430	0.344	0.558	0.391	0.410
2440	0.344	0.559	0.391	0.411
eigenvalues:  tensor([68.2653, 58.7145])
hess item is 0.031774651259183884
2450	0.343	0.560	0.391	0.410
2460	0.343	0.553	0.391	0.408
2470	0.343	0.556	0.391	0.409
2480	0.343	0.559	0.391	0.411
2490	0.342	0.557	0.391	0.406
eigenvalues:  tensor([68.6818, 58.9848])
hess item is 0.031084785237908363
2500	0.342	0.562	0.391	0.412
2510	0.342	0.562	0.391	0.412
2520	0.342	0.561	0.391	0.410
2530	0.342	0.563	0.391	0.414
2540	0.342	0.563	0.391	0.408
eigenvalues:  tensor([68.9113, 59.1107])
hess item is 0.030411267653107643
2550	0.341	0.567	0.391	0.412
2560	0.341	0.564	0.391	0.408
2570	0.340	0.568	0.391	0.411
2580	0.340	0.566	0.391	0.410
2590	0.340	0.568	0.391	0.411
eigenvalues:  tensor([69.3489, 59.4299])
hess item is 0.029759520664811134
2600	0.340	0.568	0.391	0.408
2610	0.339	0.573	0.391	0.411
2620	0.339	0.571	0.391	0.411
2630	0.339	0.575	0.391	0.413
2640	0.338	0.572	0.391	0.409
eigenvalues:  tensor([69.7308, 59.5260])
hess item is 0.029123816639184952
2650	0.338	0.571	0.391	0.409
2660	0.338	0.573	0.391	0.414
2670	0.338	0.571	0.392	0.406
2680	0.337	0.576	0.390	0.412
2690	0.337	0.574	0.391	0.412
eigenvalues:  tensor([69.7295, 59.6355])
hess item is 0.028504127636551857
2700	0.337	0.576	0.391	0.414
2710	0.337	0.571	0.391	0.409
2720	0.337	0.576	0.391	0.410
2730	0.336	0.576	0.391	0.412
2740	0.336	0.579	0.391	0.414
eigenvalues:  tensor([69.7797, 59.9283])
hess item is 0.027904484421014786
2750	0.336	0.583	0.391	0.414
2760	0.335	0.582	0.391	0.412
2770	0.335	0.583	0.391	0.414
2780	0.335	0.583	0.391	0.414
2790	0.335	0.577	0.391	0.412
eigenvalues:  tensor([70.1445, 60.2564])
hess item is 0.027320582419633865
2800	0.334	0.583	0.391	0.411
2810	0.334	0.586	0.391	0.409
2820	0.334	0.589	0.391	0.412
2830	0.334	0.589	0.391	0.414
2840	0.333	0.586	0.391	0.410
eigenvalues:  tensor([70.2808, 60.7041])
hess item is 0.02674691379070282
2850	0.333	0.587	0.391	0.408
2860	0.333	0.591	0.391	0.413
2870	0.332	0.592	0.391	0.416
2880	0.332	0.593	0.391	0.413
2890	0.332	0.594	0.391	0.414
eigenvalues:  tensor([70.9863, 61.0281])
hess item is 0.026189621537923813
2900	0.332	0.589	0.391	0.414
2910	0.331	0.592	0.391	0.412
2920	0.331	0.595	0.391	0.414
2930	0.331	0.591	0.391	0.413
2940	0.330	0.599	0.391	0.414
eigenvalues:  tensor([71.1836, 61.1948])
hess item is 0.025644585490226746
2950	0.330	0.596	0.391	0.413
2960	0.330	0.597	0.391	0.414
2970	0.329	0.598	0.391	0.415
2980	0.329	0.597	0.391	0.413
2990	0.329	0.604	0.391	0.414
eigenvalues:  tensor([71.2413, 61.5427])
hess item is 0.02511517144739628
3000	0.329	0.602	0.392	0.415
3010	0.328	0.601	0.391	0.416
3020	0.328	0.604	0.391	0.415
3030	0.330	0.597	0.393	0.410
3040	0.328	0.607	0.392	0.413
eigenvalues:  tensor([71.7633, 62.0691])
hess item is 0.024605609476566315
3050	0.327	0.601	0.392	0.414
3060	0.326	0.609	0.391	0.416
3070	0.328	0.606	0.392	0.409
3080	0.327	0.601	0.391	0.413
3090	0.325	0.614	0.391	0.418
eigenvalues:  tensor([71.3931, 62.1679])
hess item is 0.024110449478030205
3100	0.325	0.609	0.391	0.414
3110	0.325	0.612	0.391	0.418
3120	0.325	0.611	0.392	0.416
3130	0.325	0.613	0.391	0.417
3140	0.324	0.615	0.391	0.416
eigenvalues:  tensor([71.9792, 62.5395])
hess item is 0.023624569177627563
3150	0.324	0.617	0.391	0.416
3160	0.325	0.612	0.392	0.415
3170	0.324	0.618	0.392	0.412
3180	0.325	0.614	0.393	0.411
3190	0.323	0.620	0.392	0.415
eigenvalues:  tensor([71.5319, 62.7358])
hess item is 0.023157009854912758
3200	0.324	0.618	0.393	0.414
3210	0.322	0.620	0.391	0.414
3220	0.323	0.612	0.392	0.415
3230	0.321	0.625	0.391	0.415
3240	0.322	0.619	0.392	0.414
eigenvalues:  tensor([72.0478, 62.6130])
hess item is 0.022700712084770203
3250	0.323	0.614	0.393	0.411
3260	0.322	0.618	0.393	0.410
3270	0.323	0.622	0.394	0.412
3280	0.321	0.625	0.393	0.413
3290	0.320	0.623	0.392	0.416
eigenvalues:  tensor([71.8644, 62.8657])
hess item is 0.022275719791650772
3300	0.320	0.629	0.392	0.414
3310	0.319	0.628	0.391	0.420
3320	0.319	0.626	0.392	0.417
3330	0.320	0.624	0.393	0.410
3340	0.319	0.630	0.393	0.412
eigenvalues:  tensor([71.5600, 62.8782])
hess item is 0.021851567551493645
3350	0.319	0.625	0.393	0.414
3360	0.318	0.635	0.393	0.411
3370	0.317	0.629	0.392	0.417
3380	0.319	0.626	0.393	0.412
3390	0.316	0.636	0.392	0.418
eigenvalues:  tensor([72.1291, 63.2795])
hess item is 0.021434128284454346
3400	0.318	0.630	0.393	0.415
3410	0.317	0.626	0.393	0.414
3420	0.316	0.634	0.392	0.414
3430	0.316	0.631	0.393	0.412
3440	0.314	0.645	0.392	0.417
eigenvalues:  tensor([72.5641, 63.7027])
hess item is 0.021035103127360344
3450	0.315	0.641	0.392	0.419
3460	0.314	0.642	0.392	0.415
3470	0.315	0.642	0.394	0.413
3480	0.315	0.643	0.394	0.417
3490	0.314	0.641	0.393	0.415
eigenvalues:  tensor([70.6839, 63.5274])
hess item is 0.020657535642385483
3500	0.315	0.635	0.394	0.417
3510	0.314	0.637	0.393	0.416
3520	0.318	0.634	0.398	0.410
3530	0.313	0.640	0.394	0.415
3540	0.312	0.650	0.393	0.416
eigenvalues:  tensor([70.3306, 63.4494])
hess item is 0.020294195041060448
3550	0.312	0.647	0.393	0.417
3560	0.312	0.647	0.393	0.415
3570	0.313	0.646	0.395	0.414
3580	0.310	0.658	0.393	0.416
3590	0.310	0.655	0.393	0.416
eigenvalues:  tensor([69.5551, 63.3021])
hess item is 0.019939154386520386
3600	0.309	0.661	0.392	0.417
3610	0.311	0.651	0.395	0.412
3620	0.311	0.651	0.395	0.412
3630	0.309	0.663	0.393	0.416
3640	0.310	0.652	0.395	0.411
eigenvalues:  tensor([67.1913, 63.2133])
hess item is 0.019611898809671402
3650	0.311	0.651	0.396	0.420
3660	0.314	0.649	0.399	0.412
3670	0.314	0.646	0.400	0.405
3680	0.309	0.652	0.395	0.411
3690	0.306	0.670	0.393	0.417
eigenvalues:  tensor([67.2404, 63.7069])
hess item is 0.019291885197162628
3700	0.307	0.669	0.394	0.414
3710	0.307	0.665	0.395	0.414
3720	0.306	0.662	0.394	0.417
3730	0.307	0.660	0.395	0.414
3740	0.309	0.654	0.398	0.412
eigenvalues:  tensor([67.5644, 63.1472])
hess item is 0.018968284130096436
3750	0.310	0.651	0.399	0.411
3760	0.306	0.666	0.396	0.414
3770	0.305	0.668	0.396	0.415
3780	0.303	0.676	0.394	0.417
3790	0.304	0.670	0.396	0.411
eigenvalues:  tensor([67.2286, 63.4454])
hess item is 0.01864972524344921
3800	0.305	0.666	0.396	0.417
3810	0.316	0.640	0.408	0.392
3820	0.304	0.667	0.396	0.417
3830	0.304	0.662	0.397	0.416
3840	0.303	0.673	0.396	0.416
eigenvalues:  tensor([65.5356, 62.4139])
hess item is 0.018364515155553818
3850	0.307	0.661	0.400	0.407
3860	0.310	0.660	0.403	0.407
3870	0.310	0.653	0.404	0.402
3880	0.300	0.683	0.394	0.421
3890	0.302	0.674	0.397	0.416
eigenvalues:  tensor([62.5361, 58.9953])
hess item is 0.018122592940926552
3900	0.306	0.668	0.401	0.407
3910	0.300	0.682	0.396	0.415
3920	0.299	0.682	0.395	0.418
3930	0.299	0.686	0.395	0.419
3940	0.304	0.666	0.401	0.416
eigenvalues:  tensor([62.9468, 61.1549])
hess item is 0.017851702868938446
3950	0.309	0.650	0.407	0.404
3960	0.299	0.676	0.397	0.416
3970	0.302	0.674	0.400	0.414
3980	0.297	0.688	0.396	0.414
3990	0.300	0.677	0.399	0.410
eigenvalues:  tensor([62.0126, 61.1438])
hess item is 0.01758369617164135
4000	0.303	0.674	0.403	0.411
4010	0.299	0.687	0.399	0.412
4020	0.300	0.675	0.401	0.409
4030	0.297	0.690	0.398	0.411
4040	0.305	0.667	0.406	0.405
eigenvalues:  tensor([60.0465, 58.0160])
hess item is 0.017361339181661606
4050	0.314	0.651	0.415	0.400
4060	0.297	0.691	0.400	0.412
4070	0.307	0.660	0.409	0.397
4080	0.295	0.696	0.398	0.415
4090	0.301	0.675	0.405	0.409
eigenvalues:  tensor([59.1236, 58.4293])
hess item is 0.01713188923895359
4100	0.322	0.628	0.426	0.376
4110	0.295	0.697	0.399	0.414
4120	0.297	0.697	0.402	0.409
4130	0.297	0.684	0.402	0.412
4140	0.298	0.682	0.403	0.412
eigenvalues:  tensor([59.1876, 57.5256])
hess item is 0.016909372061491013
4150	0.291	0.705	0.397	0.415
4160	0.302	0.672	0.408	0.402
4170	0.291	0.704	0.398	0.417
4180	0.299	0.673	0.407	0.403
4190	0.298	0.678	0.404	0.412
eigenvalues:  tensor([58.3170, 56.3808])
hess item is 0.01672562025487423
4200	0.295	0.691	0.402	0.409
4210	0.316	0.652	0.424	0.385
4220	0.292	0.705	0.400	0.413
4230	0.309	0.664	0.418	0.393
4240	0.301	0.678	0.410	0.401
eigenvalues:  tensor([54.9168, 53.9579])
hess item is 0.016560150310397148
4250	0.302	0.677	0.411	0.403
4260	0.291	0.707	0.402	0.408
4270	0.312	0.660	0.423	0.381
4280	0.300	0.682	0.411	0.397
4290	0.323	0.626	0.433	0.374
eigenvalues:  tensor([53.4685, 52.7306])
hess item is 0.016435347497463226
4300	0.316	0.643	0.427	0.386
4310	0.295	0.691	0.407	0.404
4320	0.297	0.689	0.409	0.401
4330	0.297	0.689	0.409	0.401
4340	0.285	0.728	0.397	0.419
eigenvalues:  tensor([53.4384, 51.4445])
hess item is 0.016258902847766876
4350	0.291	0.703	0.405	0.405
4360	0.294	0.699	0.407	0.411
4370	0.302	0.675	0.416	0.393
4380	0.295	0.699	0.409	0.399
4390	0.294	0.700	0.409	0.401
eigenvalues:  tensor([50.2126, 49.0268])
hess item is 0.016173480078577995
4400	0.322	0.649	0.435	0.374
4410	0.293	0.698	0.408	0.399
4420	0.297	0.696	0.412	0.396
4430	0.307	0.680	0.422	0.391
4440	0.295	0.698	0.410	0.403
eigenvalues:  tensor([49.2298, 47.7731])
hess item is 0.01606130041182041
4450	0.326	0.638	0.441	0.377
4460	0.288	0.717	0.405	0.410
4470	0.296	0.684	0.414	0.396
4480	0.303	0.676	0.420	0.394
4490	0.313	0.659	0.431	0.376
eigenvalues:  tensor([49.4079, 46.3691])
hess item is 0.015943096950650215
4500	0.294	0.697	0.411	0.402
4510	0.298	0.692	0.416	0.402
4520	0.319	0.632	0.436	0.374
4530	0.289	0.715	0.406	0.406
4540	0.300	0.690	0.420	0.386
eigenvalues:  tensor([47.8939, 46.2052])
hess item is 0.01583927869796753
4550	0.290	0.710	0.408	0.406
4560	0.300	0.689	0.418	0.397
4570	0.298	0.698	0.417	0.388
4580	0.289	0.717	0.409	0.404
4590	0.282	0.728	0.403	0.415
eigenvalues:  tensor([45.9802, 44.9832])
hess item is 0.015698427334427834
4600	0.290	0.703	0.411	0.399
4610	0.289	0.708	0.410	0.402
4620	0.310	0.670	0.431	0.392
4630	0.292	0.710	0.416	0.396
4640	0.287	0.716	0.410	0.405
eigenvalues:  tensor([44.9934, 44.4963])
hess item is 0.015571444295346737
4650	0.304	0.685	0.426	0.395
4660	0.293	0.690	0.417	0.396
4670	0.294	0.705	0.420	0.390
4680	0.287	0.714	0.412	0.400
4690	0.287	0.718	0.412	0.409
eigenvalues:  tensor([44.6496, 44.0825])
hess item is 0.015445158816874027
4700	0.307	0.668	0.431	0.378
4710	0.286	0.720	0.412	0.404
4720	0.302	0.682	0.426	0.383
4730	0.292	0.713	0.419	0.397
4740	0.296	0.696	0.422	0.383
eigenvalues:  tensor([43.3523, 42.5101])
hess item is 0.015365655533969402
4750	0.285	0.728	0.412	0.407
4760	0.289	0.716	0.416	0.399
4770	0.297	0.695	0.426	0.394
4780	0.277	0.736	0.406	0.409
4790	0.313	0.675	0.440	0.382
eigenvalues:  tensor([43.3395, 42.4275])
hess item is 0.015230482444167137
4800	0.290	0.705	0.419	0.396
4810	0.287	0.720	0.415	0.399
4820	0.289	0.715	0.418	0.388
4830	0.286	0.719	0.417	0.404
4840	0.300	0.695	0.429	0.386
eigenvalues:  tensor([42.9574, 41.4241])
hess item is 0.015140793286263943
4850	0.303	0.691	0.432	0.374
4860	0.279	0.730	0.410	0.409
4870	0.303	0.686	0.432	0.385
4880	0.287	0.720	0.419	0.404
4890	0.307	0.672	0.437	0.376
eigenvalues:  tensor([41.3815, 41.1043])
hess item is 0.015024067834019661
4900	0.290	0.712	0.423	0.391
4910	0.285	0.724	0.418	0.389
4920	0.287	0.719	0.419	0.396
4930	0.282	0.729	0.416	0.396
4940	0.282	0.729	0.415	0.398
eigenvalues:  tensor([41.4253, 40.6067])
hess item is 0.01489982195198536
4950	0.280	0.727	0.415	0.406
4960	0.282	0.721	0.418	0.398
4970	0.276	0.740	0.412	0.403
4980	0.291	0.705	0.425	0.392
4990	0.298	0.704	0.434	0.381
eigenvalues:  tensor([41.7971, 40.8789])
hess item is 0.014773592352867126
5000	0.274	0.746	0.411	0.404
5010	0.289	0.711	0.428	0.395
5020	0.270	0.758	0.409	0.406
5030	0.285	0.725	0.425	0.384
5040	0.277	0.742	0.416	0.410
eigenvalues:  tensor([41.2613, 39.4944])
hess item is 0.014652389101684093
5050	0.266	0.763	0.407	0.408
5060	0.279	0.750	0.420	0.397
5070	0.279	0.741	0.419	0.406
5080	0.288	0.715	0.429	0.386
5090	0.282	0.728	0.423	0.394
eigenvalues:  tensor([40.6073, 39.5873])
hess item is 0.014559031464159489
5100	0.271	0.757	0.413	0.398
5110	0.289	0.710	0.433	0.389
5120	0.267	0.771	0.411	0.403
5130	0.268	0.767	0.413	0.398
5140	0.281	0.735	0.427	0.392
eigenvalues:  tensor([40.6090, 40.2022])
hess item is 0.014425409957766533
5150	0.286	0.724	0.432	0.393
5160	0.277	0.747	0.421	0.393
5170	0.280	0.740	0.424	0.386
5180	0.272	0.753	0.419	0.399
5190	0.281	0.736	0.427	0.389
eigenvalues:  tensor([39.8640, 39.2629])
hess item is 0.014321121387183666
5200	0.264	0.780	0.412	0.405
5210	0.293	0.715	0.441	0.374
5220	0.272	0.748	0.420	0.395
5230	0.287	0.722	0.436	0.389
5240	0.272	0.760	0.421	0.404
eigenvalues:  tensor([40.7750, 39.6158])
hess item is 0.014202436432242393
5250	0.278	0.741	0.427	0.399
5260	0.269	0.766	0.419	0.402
5270	0.281	0.751	0.430	0.393
5280	0.262	0.777	0.413	0.402
5290	0.275	0.749	0.425	0.389
eigenvalues:  tensor([39.8635, 39.3313])
hess item is 0.014095316641032696
5300	0.289	0.717	0.438	0.381
5310	0.283	0.735	0.434	0.378
5320	0.286	0.732	0.436	0.371
5330	0.267	0.769	0.418	0.403
5340	0.269	0.767	0.421	0.392
eigenvalues:  tensor([39.6238, 39.1563])
hess item is 0.013995238579809666
5350	0.265	0.774	0.420	0.406
5360	0.271	0.761	0.425	0.399
5370	0.264	0.775	0.419	0.397
5380	0.277	0.745	0.431	0.384
5390	0.271	0.751	0.425	0.389
eigenvalues:  tensor([40.1876, 39.1497])
hess item is 0.013917883858084679
5400	0.303	0.706	0.456	0.366
5410	0.263	0.783	0.418	0.396
5420	0.264	0.776	0.422	0.395
5430	0.263	0.769	0.420	0.397
5440	0.262	0.780	0.419	0.400
eigenvalues:  tensor([38.5038, 38.2221])
hess item is 0.013822133652865887
5450	0.262	0.774	0.419	0.404
5460	0.272	0.763	0.429	0.396
5470	0.274	0.758	0.434	0.382
5480	0.262	0.782	0.422	0.397
5490	0.271	0.760	0.431	0.388
eigenvalues:  tensor([39.2312, 38.4237])
hess item is 0.013701082207262516
5500	0.260	0.781	0.420	0.401
5510	0.272	0.744	0.431	0.385
5520	0.264	0.778	0.428	0.388
5530	0.259	0.780	0.423	0.399
5540	0.274	0.766	0.437	0.387
eigenvalues:  tensor([39.1164, 38.5943])
hess item is 0.013575484976172447
5550	0.274	0.755	0.436	0.388
5560	0.289	0.723	0.452	0.373
5570	0.255	0.790	0.419	0.407
5580	0.258	0.782	0.423	0.406
5590	0.255	0.794	0.419	0.400
eigenvalues:  tensor([38.3353, 37.5469])
hess item is 0.013462629169225693
5600	0.251	0.800	0.416	0.405
5610	0.261	0.775	0.427	0.393
5620	0.274	0.755	0.440	0.386
5630	0.271	0.755	0.435	0.392
5640	0.251	0.805	0.418	0.404
eigenvalues:  tensor([37.9377, 37.7570])
hess item is 0.013354168273508549
5650	0.263	0.778	0.430	0.393
5660	0.268	0.767	0.435	0.379
5670	0.255	0.796	0.423	0.402
5680	0.252	0.801	0.422	0.400
5690	0.262	0.780	0.433	0.386
eigenvalues:  tensor([38.0688, 37.5765])
hess item is 0.013248036615550518
5700	0.260	0.782	0.432	0.382
5710	0.255	0.802	0.426	0.392
5720	0.281	0.734	0.451	0.380
5730	0.253	0.803	0.425	0.387
5740	0.252	0.799	0.424	0.391
eigenvalues:  tensor([38.3998, 38.1713])
hess item is 0.013140028342604637
5750	0.253	0.802	0.424	0.398
5760	0.244	0.808	0.416	0.404
5770	0.244	0.823	0.418	0.398
5780	0.241	0.828	0.416	0.401
5790	0.248	0.803	0.422	0.399
eigenvalues:  tensor([38.1462, 37.3350])
hess item is 0.013017935678362846
5800	0.249	0.803	0.426	0.396
5810	0.243	0.825	0.420	0.398
5820	0.252	0.794	0.427	0.400
5830	0.257	0.788	0.435	0.394
5840	0.245	0.819	0.423	0.397
eigenvalues:  tensor([38.6459, 37.7890])
hess item is 0.012894460931420326
5850	0.254	0.793	0.433	0.393
5860	0.243	0.823	0.422	0.404
5870	0.244	0.808	0.425	0.393
5880	0.247	0.811	0.428	0.393
5890	0.244	0.814	0.426	0.393
eigenvalues:  tensor([38.4020, 37.6274])
hess item is 0.012777197174727917
5900	0.247	0.818	0.429	0.395
5910	0.236	0.832	0.420	0.402
5920	0.233	0.846	0.418	0.401
5930	0.246	0.815	0.430	0.402
5940	0.242	0.818	0.427	0.400
eigenvalues:  tensor([38.4593, 38.0691])
hess item is 0.01265101321041584
5950	0.236	0.826	0.421	0.403
5960	0.243	0.824	0.430	0.388
5970	0.243	0.809	0.430	0.395
5980	0.235	0.838	0.422	0.396
5990	0.236	0.827	0.426	0.408
eigenvalues:  tensor([38.6329, 38.1474])
hess item is 0.012514368630945683
6000	0.234	0.841	0.424	0.396
6010	0.240	0.821	0.428	0.395
6020	0.235	0.834	0.425	0.406
6030	0.237	0.829	0.429	0.396
6040	0.231	0.846	0.422	0.400
eigenvalues:  tensor([39.4456, 38.8184])
hess item is 0.012411445379257202
6050	0.257	0.789	0.449	0.383
6060	0.251	0.800	0.441	0.381
6070	0.239	0.836	0.431	0.391
6080	0.237	0.828	0.428	0.396
6090	0.236	0.817	0.429	0.394
eigenvalues:  tensor([39.6890, 38.4590])
hess item is 0.012342054396867752
6100	0.245	0.824	0.439	0.391
6110	0.232	0.847	0.426	0.397
6120	0.236	0.822	0.430	0.397
6130	0.241	0.820	0.435	0.385
6140	0.238	0.826	0.433	0.394
eigenvalues:  tensor([38.7160, 38.6216])
hess item is 0.012252753600478172
6150	0.258	0.792	0.451	0.384
6160	0.241	0.829	0.435	0.392
6170	0.237	0.823	0.434	0.393
6180	0.236	0.826	0.432	0.400
6190	0.251	0.811	0.445	0.386
eigenvalues:  tensor([39.3632, 38.7401])
hess item is 0.012185351923108101
6200	0.243	0.824	0.440	0.384
6210	0.257	0.796	0.453	0.376
6220	0.253	0.803	0.450	0.376
6230	0.251	0.812	0.449	0.387
6240	0.233	0.837	0.431	0.398
eigenvalues:  tensor([39.3740, 38.1624])
hess item is 0.012137285433709621
6250	0.252	0.805	0.448	0.387
6260	0.227	0.849	0.427	0.403
6270	0.246	0.817	0.446	0.384
6280	0.226	0.856	0.427	0.397
6290	0.245	0.818	0.446	0.382
eigenvalues:  tensor([38.2796, 37.8897])
hess item is 0.012048015370965004
6300	0.252	0.800	0.454	0.381
6310	0.243	0.822	0.443	0.396
6320	0.228	0.844	0.430	0.404
6330	0.225	0.856	0.430	0.391
6340	0.246	0.823	0.450	0.378
eigenvalues:  tensor([38.3885, 38.0564])
hess item is 0.011984065175056458
6350	0.221	0.863	0.426	0.398
6360	0.231	0.852	0.437	0.384
6370	0.232	0.836	0.437	0.390
6380	0.240	0.824	0.449	0.379
6390	0.238	0.822	0.445	0.389
eigenvalues:  tensor([39.0060, 38.3534])
hess item is 0.011893940158188343
6400	0.243	0.822	0.448	0.385
6410	0.236	0.833	0.442	0.392
6420	0.219	0.867	0.428	0.401
6430	0.221	0.858	0.430	0.401
6440	0.226	0.849	0.435	0.396
eigenvalues:  tensor([38.3374, 37.8666])
hess item is 0.011824949644505978
6450	0.231	0.838	0.442	0.393
6460	0.223	0.849	0.435	0.397
6470	0.248	0.816	0.457	0.372
6480	0.226	0.848	0.437	0.389
6490	0.221	0.864	0.434	0.388
eigenvalues:  tensor([38.6420, 38.2562])
hess item is 0.011782701127231121
6500	0.224	0.858	0.435	0.391
6510	0.227	0.851	0.440	0.390
6520	0.214	0.876	0.430	0.399
6530	0.222	0.860	0.437	0.392
6540	0.223	0.849	0.438	0.397
eigenvalues:  tensor([38.4784, 37.9562])
hess item is 0.011693705804646015
6550	0.234	0.833	0.449	0.385
6560	0.218	0.864	0.434	0.386
6570	0.222	0.871	0.438	0.386
6580	0.217	0.871	0.432	0.397
6590	0.211	0.881	0.430	0.404
eigenvalues:  tensor([38.5676, 37.6660])
hess item is 0.011633670888841152
6600	0.221	0.855	0.437	0.394
6610	0.212	0.877	0.430	0.400
6620	0.211	0.873	0.432	0.403
6630	0.244	0.820	0.462	0.386
6640	0.234	0.839	0.451	0.378
eigenvalues:  tensor([38.4140, 38.2786])
hess item is 0.011574601754546165
6650	0.214	0.865	0.434	0.397
6660	0.224	0.851	0.444	0.379
6670	0.216	0.869	0.439	0.394
6680	0.220	0.860	0.442	0.389
6690	0.218	0.864	0.438	0.393
eigenvalues:  tensor([38.4491, 38.0167])
hess item is 0.011497145518660545
6700	0.220	0.859	0.442	0.386
6710	0.221	0.863	0.446	0.391
6720	0.222	0.858	0.444	0.388
6730	0.215	0.873	0.440	0.394
6740	0.213	0.873	0.440	0.394
eigenvalues:  tensor([38.2216, 37.5608])
hess item is 0.011412632651627064
6750	0.204	0.895	0.432	0.401
6760	0.229	0.847	0.458	0.383
6770	0.215	0.873	0.444	0.384
6780	0.211	0.871	0.437	0.400
6790	0.213	0.875	0.441	0.393
eigenvalues:  tensor([38.1776, 37.8946])
hess item is 0.011354789137840271
6800	0.208	0.885	0.437	0.394
6810	0.221	0.853	0.451	0.380
6820	0.210	0.886	0.440	0.393
6830	0.219	0.866	0.450	0.388
6840	0.218	0.874	0.447	0.389
eigenvalues:  tensor([38.6612, 38.0754])
hess item is 0.011256379075348377
6850	0.201	0.898	0.433	0.401
6860	0.210	0.883	0.444	0.388
6870	0.203	0.890	0.436	0.400
6880	0.208	0.887	0.442	0.392
6890	0.220	0.866	0.452	0.380
eigenvalues:  tensor([39.0474, 37.6798])
hess item is 0.011186466552317142
6900	0.210	0.885	0.444	0.390
6910	0.220	0.858	0.455	0.391
6920	0.210	0.876	0.444	0.391
6930	0.235	0.833	0.470	0.363
6940	0.202	0.900	0.440	0.390
eigenvalues:  tensor([38.4288, 37.7442])
hess item is 0.011148006655275822
6950	0.201	0.896	0.438	0.392
6960	0.218	0.867	0.454	0.384
6970	0.249	0.820	0.483	0.376
6980	0.203	0.889	0.438	0.397
6990	0.208	0.890	0.445	0.388
eigenvalues:  tensor([38.4112, 37.8594])
hess item is 0.011146122589707375
7000	0.210	0.880	0.448	0.384
7010	0.205	0.878	0.445	0.393
7020	0.200	0.893	0.441	0.393
7030	0.237	0.841	0.474	0.377
7040	0.210	0.878	0.447	0.391
eigenvalues:  tensor([37.8277, 37.8099])
hess item is 0.011083466000854969
7050	0.203	0.895	0.444	0.388
7060	0.202	0.897	0.445	0.391
7070	0.204	0.886	0.448	0.387
7080	0.207	0.885	0.450	0.384
7090	0.212	0.872	0.454	0.396
eigenvalues:  tensor([38.3008, 38.1917])
hess item is 0.011036673560738564
7100	0.199	0.904	0.444	0.391
7110	0.197	0.910	0.442	0.384
7120	0.208	0.882	0.452	0.382
7130	0.202	0.889	0.450	0.389
7140	0.203	0.892	0.451	0.391
eigenvalues:  tensor([38.4754, 38.0629])
hess item is 0.010980064980685711
7150	0.199	0.896	0.445	0.396
7160	0.199	0.894	0.446	0.390
7170	0.200	0.889	0.447	0.394
7180	0.206	0.888	0.451	0.393
7190	0.199	0.892	0.449	0.392
eigenvalues:  tensor([38.7023, 38.4075])
hess item is 0.010930612683296204
7200	0.198	0.897	0.447	0.380
7210	0.197	0.898	0.446	0.391
7220	0.203	0.897	0.454	0.375
7230	0.205	0.888	0.455	0.382
7240	0.187	0.914	0.441	0.396
eigenvalues:  tensor([38.0123, 37.4727])
hess item is 0.010811123996973038
7250	0.202	0.891	0.455	0.385
7260	0.207	0.886	0.459	0.384
7270	0.184	0.921	0.438	0.395
7280	0.190	0.909	0.445	0.391
7290	0.195	0.902	0.450	0.389
eigenvalues:  tensor([39.3565, 38.5199])
hess item is 0.010723772458732128
7300	0.203	0.888	0.458	0.384
7310	0.194	0.907	0.451	0.392
7320	0.204	0.890	0.461	0.380
7330	0.188	0.908	0.446	0.393
7340	0.199	0.898	0.457	0.388
eigenvalues:  tensor([39.0057, 37.8859])
hess item is 0.010645965114235878
7350	0.192	0.904	0.451	0.391
7360	0.199	0.887	0.458	0.384
7370	0.193	0.906	0.451	0.391
7380	0.194	0.907	0.455	0.388
7390	0.186	0.918	0.446	0.390
eigenvalues:  tensor([38.5294, 37.8700])
hess item is 0.010579553432762623
7400	0.203	0.884	0.461	0.379
7410	0.189	0.915	0.451	0.385
7420	0.208	0.877	0.469	0.380
7430	0.199	0.883	0.462	0.385
7440	0.187	0.915	0.449	0.388
eigenvalues:  tensor([38.9041, 37.9904])
hess item is 0.010527345351874828
7450	0.189	0.905	0.453	0.388
7460	0.195	0.900	0.457	0.384
7470	0.199	0.890	0.462	0.381
7480	0.194	0.902	0.460	0.378
7490	0.195	0.896	0.457	0.380
eigenvalues:  tensor([38.5352, 38.3969])
hess item is 0.010479898191988468
7500	0.188	0.913	0.452	0.390
7510	0.187	0.908	0.454	0.387
7520	0.202	0.890	0.468	0.375
7530	0.196	0.907	0.461	0.383
7540	0.188	0.915	0.456	0.385
eigenvalues:  tensor([39.1870, 38.7885])
hess item is 0.010429980233311653
7550	0.186	0.910	0.452	0.384
7560	0.179	0.927	0.446	0.391
7570	0.196	0.890	0.465	0.380
7580	0.190	0.904	0.461	0.383
7590	0.188	0.911	0.459	0.377
eigenvalues:  tensor([38.8577, 38.2274])
hess item is 0.01035586092621088
7600	0.185	0.916	0.455	0.387
7610	0.183	0.919	0.455	0.387
7620	0.194	0.901	0.466	0.380
7630	0.187	0.912	0.461	0.381
7640	0.206	0.876	0.478	0.368
eigenvalues:  tensor([39.1921, 38.4563])
hess item is 0.010302407667040825
7650	0.183	0.920	0.453	0.388
7660	0.193	0.895	0.465	0.383
7670	0.184	0.912	0.458	0.386
7680	0.190	0.907	0.467	0.383
7690	0.175	0.922	0.452	0.389
eigenvalues:  tensor([38.3481, 37.8385])
hess item is 0.010265263728797436
7700	0.177	0.920	0.455	0.382
7710	0.192	0.904	0.468	0.378
7720	0.176	0.927	0.452	0.384
7730	0.191	0.903	0.466	0.376
7740	0.178	0.924	0.455	0.388
eigenvalues:  tensor([38.7680, 38.1547])
hess item is 0.010246573947370052
7750	0.185	0.917	0.462	0.377
7760	0.174	0.927	0.453	0.393
7770	0.195	0.895	0.470	0.379
7780	0.170	0.933	0.450	0.390
7790	0.183	0.912	0.462	0.384
eigenvalues:  tensor([38.0823, 37.8009])
hess item is 0.01019246131181717
7800	0.185	0.910	0.463	0.375
7810	0.172	0.932	0.455	0.385
7820	0.190	0.893	0.471	0.378
7830	0.169	0.937	0.451	0.387
7840	0.194	0.902	0.477	0.367
eigenvalues:  tensor([38.7132, 38.5263])
hess item is 0.010151763446629047
7850	0.184	0.912	0.465	0.378
7860	0.178	0.921	0.459	0.382
7870	0.176	0.921	0.460	0.382
7880	0.179	0.924	0.464	0.382
7890	0.176	0.919	0.459	0.385
eigenvalues:  tensor([38.3824, 37.9084])
hess item is 0.010106340982019901
7900	0.168	0.935	0.454	0.389
7910	0.182	0.910	0.468	0.373
7920	0.173	0.925	0.459	0.383
7930	0.177	0.915	0.464	0.381
7940	0.176	0.927	0.465	0.386
eigenvalues:  tensor([39.1953, 38.7330])
hess item is 0.010061857290565968
7950	0.188	0.909	0.475	0.376
7960	0.172	0.936	0.461	0.384
7970	0.186	0.913	0.472	0.370
7980	0.173	0.925	0.462	0.379
7990	0.172	0.924	0.461	0.387
eigenvalues:  tensor([38.8755, 38.2929])
hess item is 0.010048581287264824
8000	0.187	0.908	0.478	0.375
8010	0.181	0.919	0.470	0.382
8020	0.163	0.942	0.454	0.386
8030	0.168	0.943	0.463	0.381
8040	0.178	0.924	0.471	0.383
eigenvalues:  tensor([38.8478, 38.4270])
hess item is 0.009986614808440208
8050	0.168	0.930	0.461	0.385
8060	0.180	0.914	0.474	0.374
8070	0.171	0.937	0.464	0.373
8080	0.172	0.928	0.465	0.381
8090	0.169	0.932	0.463	0.375
eigenvalues:  tensor([39.9759, 39.2676])
hess item is 0.009953922592103481
8100	0.179	0.918	0.471	0.368
8110	0.166	0.937	0.462	0.379
8120	0.188	0.907	0.481	0.371
8130	0.169	0.930	0.464	0.375
8140	0.160	0.945	0.457	0.387
eigenvalues:  tensor([38.5827, 38.3753])
hess item is 0.009887108579277992
8150	0.168	0.928	0.465	0.385
8160	0.167	0.933	0.465	0.377
8170	0.162	0.947	0.461	0.380
8180	0.157	0.949	0.458	0.386
8190	0.176	0.918	0.476	0.368
eigenvalues:  tensor([38.7653, 38.4856])
hess item is 0.009792128577828407
8200	0.167	0.933	0.467	0.380
8210	0.169	0.935	0.471	0.370
8220	0.170	0.933	0.471	0.376
8230	0.190	0.901	0.488	0.363
8240	0.179	0.914	0.479	0.368
eigenvalues:  tensor([38.6556, 38.4123])
hess item is 0.009765069000422955
8250	0.159	0.941	0.460	0.387
8260	0.172	0.929	0.474	0.378
8270	0.162	0.944	0.465	0.380
8280	0.156	0.943	0.459	0.382
8290	0.164	0.942	0.469	0.379
eigenvalues:  tensor([39.5913, 39.2696])
hess item is 0.009751982055604458
8300	0.176	0.920	0.478	0.375
8310	0.153	0.951	0.458	0.391
8320	0.166	0.932	0.471	0.371
8330	0.172	0.932	0.477	0.376
8340	0.172	0.922	0.476	0.373
eigenvalues:  tensor([38.6328, 38.5172])
hess item is 0.009712714701890945
8350	0.172	0.930	0.478	0.367
8360	0.158	0.946	0.465	0.377
8370	0.174	0.923	0.482	0.366
8380	0.159	0.944	0.466	0.384
8390	0.157	0.948	0.465	0.377
eigenvalues:  tensor([38.7477, 38.4323])
hess item is 0.009690371342003345
8400	0.162	0.945	0.471	0.373
8410	0.164	0.942	0.473	0.368
8420	0.164	0.931	0.473	0.368
8430	0.169	0.933	0.479	0.374
8440	0.170	0.932	0.481	0.362
eigenvalues:  tensor([39.1610, 38.5581])
hess item is 0.009598140604794025
8450	0.166	0.929	0.477	0.369
8460	0.163	0.942	0.475	0.375
8470	0.162	0.932	0.472	0.368
8480	0.171	0.927	0.484	0.363
8490	0.153	0.950	0.466	0.382
eigenvalues:  tensor([38.1938, 37.7300])
hess item is 0.009567122906446457
8500	0.149	0.954	0.464	0.383
8510	0.166	0.935	0.481	0.363
8520	0.160	0.945	0.474	0.375
8530	0.168	0.939	0.484	0.371
8540	0.155	0.953	0.470	0.374
eigenvalues:  tensor([39.0123, 38.2770])
hess item is 0.009519963525235653
8550	0.160	0.940	0.477	0.376
8560	0.161	0.935	0.474	0.382
8570	0.155	0.943	0.469	0.378
8580	0.159	0.939	0.474	0.378
8590	0.158	0.939	0.473	0.374
eigenvalues:  tensor([38.8857, 38.5087])
hess item is 0.00953408982604742
8600	0.173	0.918	0.490	0.367
8610	0.156	0.943	0.473	0.382
8620	0.162	0.943	0.480	0.376
8630	0.165	0.937	0.483	0.369
8640	0.156	0.947	0.474	0.374
eigenvalues:  tensor([38.5051, 38.1066])
hess item is 0.009478893131017685
8650	0.157	0.942	0.477	0.371
8660	0.167	0.937	0.486	0.368
8670	0.161	0.942	0.479	0.375
8680	0.150	0.950	0.470	0.380
8690	0.150	0.948	0.472	0.382
eigenvalues:  tensor([38.5132, 38.3299])
hess item is 0.009441021829843521
8700	0.151	0.951	0.474	0.383
8710	0.156	0.941	0.478	0.374
8720	0.152	0.948	0.478	0.373
8730	0.142	0.959	0.465	0.379
8740	0.154	0.950	0.478	0.383
eigenvalues:  tensor([38.9885, 38.6170])
hess item is 0.009391837753355503
8750	0.154	0.954	0.478	0.375
8760	0.149	0.952	0.473	0.375
8770	0.159	0.940	0.483	0.369
8780	0.144	0.960	0.473	0.376
8790	0.150	0.952	0.476	0.377
eigenvalues:  tensor([39.0778, 38.7648])
hess item is 0.009335566312074661
8800	0.149	0.950	0.475	0.376
8810	0.153	0.948	0.479	0.372
8820	0.157	0.945	0.486	0.370
8830	0.158	0.933	0.488	0.369
8840	0.162	0.926	0.490	0.362
eigenvalues:  tensor([38.7680, 38.4632])
hess item is 0.009290385991334915
8850	0.151	0.945	0.481	0.372
8860	0.147	0.950	0.477	0.375
8870	0.157	0.931	0.486	0.360
8880	0.165	0.938	0.496	0.378
8890	0.145	0.957	0.475	0.376
eigenvalues:  tensor([38.3591, 38.1221])
hess item is 0.009241431020200253
8900	0.145	0.955	0.478	0.373
8910	0.158	0.936	0.489	0.375
8920	0.147	0.951	0.478	0.380
8930	0.147	0.951	0.479	0.375
8940	0.156	0.945	0.487	0.370
eigenvalues:  tensor([39.2928, 39.0050])
hess item is 0.009185165166854858
8950	0.177	0.913	0.510	0.355
8960	0.149	0.954	0.483	0.372
8970	0.137	0.961	0.472	0.379
8980	0.148	0.950	0.484	0.370
8990	0.145	0.952	0.479	0.370
eigenvalues:  tensor([38.9467, 38.2480])
hess item is 0.009168865159153938
9000	0.155	0.941	0.491	0.365
9010	0.155	0.942	0.492	0.368
9020	0.143	0.955	0.479	0.376
9030	0.143	0.958	0.482	0.373
9040	0.162	0.930	0.497	0.371
eigenvalues:  tensor([38.5244, 38.1353])
hess item is 0.009133795276284218
9050	0.138	0.959	0.477	0.380
9060	0.144	0.958	0.485	0.374
9070	0.144	0.956	0.481	0.378
9080	0.141	0.959	0.480	0.374
9090	0.149	0.952	0.488	0.363
eigenvalues:  tensor([39.3444, 39.1342])
hess item is 0.0090862438082695
9100	0.158	0.932	0.497	0.364
9110	0.138	0.958	0.478	0.376
9120	0.139	0.958	0.480	0.377
9130	0.138	0.959	0.480	0.379
9140	0.141	0.957	0.481	0.377
eigenvalues:  tensor([38.9109, 38.5716])
hess item is 0.009037751704454422
9150	0.145	0.950	0.484	0.377
9160	0.144	0.958	0.486	0.374
9170	0.142	0.957	0.483	0.374
9180	0.143	0.953	0.487	0.364
9190	0.139	0.957	0.484	0.376
eigenvalues:  tensor([38.9557, 38.2429])
hess item is 0.009005801752209663
9200	0.141	0.955	0.486	0.364
9210	0.155	0.941	0.496	0.363
9220	0.134	0.964	0.479	0.372
9230	0.139	0.964	0.484	0.375
9240	0.133	0.962	0.479	0.378
eigenvalues:  tensor([39.1727, 38.6868])
hess item is 0.009003942832350731
9250	0.155	0.936	0.501	0.366
9260	0.134	0.965	0.481	0.375
9270	0.135	0.964	0.484	0.372
9280	0.133	0.965	0.481	0.377
9290	0.135	0.961	0.483	0.371
eigenvalues:  tensor([39.4798, 38.5948])
hess item is 0.008967180736362934
9300	0.153	0.942	0.500	0.355
9310	0.136	0.969	0.483	0.378
9320	0.134	0.961	0.482	0.368
9330	0.137	0.960	0.485	0.375
9340	0.142	0.950	0.489	0.371
eigenvalues:  tensor([39.2572, 38.7320])
hess item is 0.008937549777328968
9350	0.135	0.960	0.482	0.379
9360	0.140	0.958	0.488	0.370
9370	0.138	0.958	0.489	0.369
9380	0.142	0.954	0.490	0.372
9390	0.133	0.964	0.483	0.375
eigenvalues:  tensor([39.1044, 38.5015])
hess item is 0.008928900584578514
9400	0.141	0.956	0.491	0.366
9410	0.134	0.962	0.487	0.377
9420	0.147	0.951	0.499	0.368
9430	0.140	0.954	0.491	0.366
9440	0.136	0.954	0.486	0.376
eigenvalues:  tensor([38.8986, 38.2936])
hess item is 0.008903589099645615
9450	0.139	0.962	0.492	0.371
9460	0.146	0.957	0.500	0.368
9470	0.137	0.961	0.489	0.369
9480	0.128	0.970	0.483	0.374
9490	0.131	0.964	0.484	0.374
eigenvalues:  tensor([38.4446, 38.2887])
hess item is 0.008842029608786106
9500	0.132	0.963	0.487	0.367
9510	0.147	0.950	0.499	0.365
9520	0.138	0.959	0.491	0.366
9530	0.128	0.969	0.483	0.371
9540	0.142	0.950	0.497	0.361
eigenvalues:  tensor([38.7930, 38.5166])
hess item is 0.008798741735517979
9550	0.128	0.965	0.483	0.375
9560	0.133	0.960	0.491	0.369
9570	0.142	0.949	0.497	0.363
9580	0.130	0.962	0.486	0.375
9590	0.136	0.956	0.493	0.359
eigenvalues:  tensor([38.6889, 38.6670])
hess item is 0.008793621324002743
9600	0.140	0.960	0.493	0.367
9610	0.129	0.964	0.487	0.372
9620	0.132	0.961	0.490	0.378
9630	0.130	0.966	0.489	0.368
9640	0.128	0.965	0.485	0.374
eigenvalues:  tensor([38.4914, 38.2865])
hess item is 0.008747220039367676
9650	0.144	0.948	0.503	0.356
9660	0.127	0.966	0.485	0.372
9670	0.124	0.967	0.484	0.376
9680	0.128	0.966	0.487	0.375
9690	0.127	0.964	0.487	0.370
eigenvalues:  tensor([38.9006, 38.5553])
hess item is 0.008756151422858238
9700	0.123	0.968	0.484	0.376
9710	0.134	0.960	0.494	0.372
9720	0.139	0.949	0.497	0.369
9730	0.134	0.956	0.494	0.374
9740	0.144	0.948	0.507	0.361
eigenvalues:  tensor([39.0158, 38.9847])
hess item is 0.008725108578801155
9750	0.143	0.956	0.503	0.365
9760	0.126	0.965	0.489	0.374
9770	0.135	0.960	0.498	0.363
9780	0.118	0.974	0.483	0.380
9790	0.131	0.961	0.494	0.365
eigenvalues:  tensor([38.2824, 38.2482])
hess item is 0.008679340593516827
9800	0.131	0.965	0.495	0.365
9810	0.132	0.955	0.496	0.373
9820	0.122	0.971	0.488	0.369
9830	0.138	0.951	0.502	0.365
9840	0.136	0.961	0.500	0.367
eigenvalues:  tensor([38.1446, 37.9503])
hess item is 0.008645676076412201
9850	0.121	0.972	0.489	0.369
9860	0.125	0.967	0.491	0.373
9870	0.128	0.967	0.496	0.368
9880	0.125	0.971	0.494	0.371
9890	0.125	0.971	0.493	0.366
eigenvalues:  tensor([38.7084, 38.4316])
hess item is 0.008603760972619057
9900	0.151	0.953	0.520	0.365
9910	0.122	0.972	0.492	0.372
9920	0.128	0.965	0.499	0.368
9930	0.129	0.958	0.498	0.372
9940	0.129	0.961	0.499	0.368
eigenvalues:  tensor([38.4281, 38.1151])
hess item is 0.008577490225434303
9950	0.121	0.972	0.491	0.370
9960	0.119	0.974	0.491	0.372
9970	0.142	0.954	0.515	0.360
9980	0.117	0.973	0.490	0.370
9990	0.122	0.971	0.495	0.368
