device: cuda:5
output directory: RESULTS/cifar10-10k/fc-tanh/seed_0/mse/ivon/lr_0.0005_h0_0.9_post_10_alpha_100.0_beta2_0.999_beta_0.0_ess_1000000.0_ivon
Files already downloaded and verified
Files already downloaded and verified
optimizer is IVON
0	0.597	0.131	0.597	0.131
10	0.572	0.137	0.573	0.138
20	0.556	0.143	0.556	0.142
30	0.544	0.151	0.545	0.152
40	0.535	0.157	0.536	0.158
eigenvalues:  tensor([80.6316, 66.5092])
hess item is 0.8562273979187012
50	0.528	0.166	0.530	0.166
60	0.523	0.172	0.524	0.172
70	0.518	0.178	0.519	0.177
80	0.514	0.184	0.515	0.183
90	0.510	0.190	0.512	0.186
eigenvalues:  tensor([80.1978, 66.0488])
hess item is 0.8146041035652161
100	0.507	0.194	0.508	0.192
110	0.504	0.199	0.505	0.194
120	0.501	0.204	0.503	0.197
130	0.498	0.208	0.500	0.201
140	0.496	0.211	0.498	0.203
eigenvalues:  tensor([79.6684, 65.5221])
hess item is 0.775012195110321
150	0.493	0.213	0.496	0.206
160	0.491	0.215	0.494	0.209
170	0.489	0.218	0.492	0.212
180	0.487	0.221	0.490	0.214
190	0.485	0.223	0.488	0.217
eigenvalues:  tensor([79.1786, 65.0203])
hess item is 0.7373514175415039
200	0.484	0.224	0.486	0.220
210	0.482	0.227	0.485	0.222
220	0.480	0.229	0.483	0.224
230	0.479	0.231	0.482	0.226
240	0.477	0.233	0.480	0.228
eigenvalues:  tensor([78.7320, 64.5279])
hess item is 0.7015309929847717
250	0.476	0.236	0.479	0.229
260	0.474	0.240	0.477	0.231
270	0.473	0.242	0.476	0.232
280	0.472	0.243	0.475	0.234
290	0.470	0.245	0.474	0.235
eigenvalues:  tensor([78.3068, 64.0545])
hess item is 0.6674572825431824
300	0.469	0.247	0.472	0.236
310	0.468	0.248	0.471	0.239
320	0.467	0.250	0.470	0.241
330	0.465	0.253	0.469	0.244
340	0.464	0.255	0.468	0.246
eigenvalues:  tensor([77.8912, 63.6000])
hess item is 0.6350464820861816
350	0.463	0.257	0.467	0.247
360	0.462	0.259	0.466	0.248
370	0.461	0.261	0.465	0.249
380	0.460	0.262	0.464	0.251
390	0.459	0.262	0.463	0.252
eigenvalues:  tensor([77.4622, 63.1571])
hess item is 0.6042181849479675
400	0.458	0.264	0.462	0.254
410	0.457	0.266	0.461	0.255
420	0.456	0.269	0.460	0.257
430	0.455	0.270	0.459	0.258
440	0.454	0.271	0.458	0.260
eigenvalues:  tensor([77.0754, 62.7343])
hess item is 0.5748944282531738
450	0.453	0.273	0.457	0.261
460	0.452	0.275	0.457	0.262
470	0.451	0.277	0.456	0.263
480	0.450	0.278	0.455	0.264
490	0.450	0.278	0.454	0.264
eigenvalues:  tensor([76.6704, 62.3326])
hess item is 0.5470007658004761
500	0.449	0.280	0.453	0.266
510	0.448	0.281	0.453	0.267
520	0.447	0.283	0.452	0.269
530	0.446	0.285	0.451	0.269
540	0.446	0.286	0.450	0.271
eigenvalues:  tensor([76.2663, 61.9481])
hess item is 0.5204672813415527
550	0.445	0.288	0.450	0.272
560	0.444	0.289	0.449	0.275
570	0.443	0.291	0.448	0.277
580	0.442	0.292	0.447	0.278
590	0.442	0.294	0.447	0.279
eigenvalues:  tensor([75.9208, 61.5936])
hess item is 0.49522343277931213
600	0.441	0.296	0.446	0.281
610	0.440	0.297	0.445	0.282
620	0.440	0.298	0.445	0.283
630	0.439	0.299	0.444	0.284
640	0.438	0.299	0.443	0.286
eigenvalues:  tensor([75.5154, 61.2946])
hess item is 0.4712170362472534
650	0.437	0.301	0.443	0.287
660	0.437	0.303	0.442	0.287
670	0.436	0.304	0.442	0.288
680	0.435	0.306	0.441	0.289
690	0.435	0.308	0.440	0.291
eigenvalues:  tensor([75.1215, 61.0549])
hess item is 0.4483804702758789
700	0.434	0.309	0.440	0.292
710	0.433	0.310	0.439	0.293
720	0.433	0.311	0.439	0.294
730	0.432	0.311	0.438	0.295
740	0.431	0.312	0.437	0.295
eigenvalues:  tensor([74.7566, 60.8459])
hess item is 0.4266538619995117
750	0.431	0.313	0.437	0.296
760	0.430	0.315	0.436	0.297
770	0.430	0.316	0.436	0.297
780	0.429	0.317	0.435	0.297
790	0.428	0.319	0.435	0.298
eigenvalues:  tensor([74.4086, 60.6487])
hess item is 0.4059864580631256
800	0.428	0.320	0.434	0.299
810	0.427	0.321	0.433	0.299
820	0.427	0.322	0.433	0.300
830	0.426	0.324	0.432	0.300
840	0.425	0.326	0.432	0.301
eigenvalues:  tensor([74.0032, 60.4551])
hess item is 0.38632842898368835
850	0.425	0.327	0.431	0.302
860	0.424	0.329	0.431	0.302
870	0.424	0.330	0.430	0.303
880	0.423	0.331	0.430	0.304
890	0.423	0.331	0.429	0.305
eigenvalues:  tensor([73.6622, 60.2691])
hess item is 0.3676285743713379
900	0.422	0.332	0.429	0.306
910	0.421	0.333	0.428	0.307
920	0.421	0.334	0.428	0.307
930	0.420	0.335	0.427	0.308
940	0.420	0.335	0.427	0.308
eigenvalues:  tensor([73.3204, 60.0854])
hess item is 0.34984228014945984
950	0.419	0.336	0.427	0.309
960	0.419	0.336	0.426	0.309
970	0.418	0.338	0.426	0.310
980	0.418	0.339	0.425	0.311
990	0.417	0.339	0.425	0.312
eigenvalues:  tensor([72.9545, 59.9024])
hess item is 0.33292263746261597
1000	0.417	0.341	0.424	0.313
1010	0.416	0.342	0.424	0.313
1020	0.416	0.343	0.424	0.315
1030	0.416	0.345	0.423	0.316
1040	0.415	0.347	0.423	0.316
eigenvalues:  tensor([72.6240, 59.7205])
hess item is 0.3168283998966217
1050	0.415	0.348	0.422	0.319
1060	0.414	0.348	0.422	0.319
1070	0.414	0.349	0.422	0.320
1080	0.413	0.350	0.421	0.322
1090	0.413	0.351	0.421	0.322
eigenvalues:  tensor([72.2310, 59.5406])
hess item is 0.3015184700489044
1100	0.413	0.352	0.421	0.323
1110	0.412	0.354	0.420	0.324
1120	0.412	0.354	0.420	0.325
1130	0.411	0.354	0.420	0.326
1140	0.411	0.356	0.419	0.326
eigenvalues:  tensor([71.8978, 59.3475])
hess item is 0.2869560420513153
1150	0.411	0.357	0.419	0.327
1160	0.410	0.357	0.419	0.328
1170	0.410	0.359	0.418	0.329
1180	0.410	0.360	0.418	0.331
1190	0.409	0.361	0.418	0.331
eigenvalues:  tensor([71.5008, 59.1570])
hess item is 0.27310293912887573
1200	0.409	0.361	0.418	0.331
1210	0.408	0.362	0.417	0.331
1220	0.408	0.362	0.417	0.332
1230	0.408	0.364	0.417	0.333
1240	0.407	0.365	0.416	0.334
eigenvalues:  tensor([71.1741, 58.9349])
hess item is 0.2599250376224518
1250	0.407	0.365	0.416	0.334
1260	0.407	0.367	0.416	0.335
1270	0.406	0.367	0.416	0.334
1280	0.406	0.368	0.415	0.336
1290	0.406	0.368	0.415	0.336
eigenvalues:  tensor([70.8389, 58.7386])
hess item is 0.2473915070295334
1300	0.405	0.368	0.415	0.337
1310	0.405	0.370	0.415	0.338
1320	0.405	0.370	0.414	0.337
1330	0.405	0.371	0.414	0.339
1340	0.404	0.371	0.414	0.340
eigenvalues:  tensor([70.4711, 58.5276])
hess item is 0.23546597361564636
1350	0.404	0.373	0.414	0.341
1360	0.404	0.374	0.413	0.341
1370	0.403	0.375	0.413	0.341
1380	0.403	0.375	0.413	0.342
1390	0.403	0.377	0.413	0.343
eigenvalues:  tensor([70.0773, 58.3192])
hess item is 0.22412268817424774
1400	0.403	0.378	0.413	0.344
1410	0.402	0.379	0.412	0.344
1420	0.402	0.380	0.412	0.346
1430	0.402	0.381	0.412	0.346
1440	0.401	0.380	0.412	0.345
eigenvalues:  tensor([69.7011, 58.0794])
hess item is 0.21333155035972595
1450	0.401	0.381	0.412	0.346
1460	0.401	0.382	0.411	0.347
1470	0.401	0.382	0.411	0.348
1480	0.400	0.383	0.411	0.348
1490	0.400	0.385	0.411	0.349
eigenvalues:  tensor([69.3114, 57.8666])
hess item is 0.2030675709247589
1500	0.400	0.387	0.411	0.350
1510	0.400	0.386	0.410	0.351
1520	0.399	0.387	0.410	0.350
1530	0.399	0.387	0.410	0.350
1540	0.399	0.388	0.410	0.351
eigenvalues:  tensor([68.9169, 57.6387])
hess item is 0.19330404698848724
1550	0.399	0.388	0.410	0.350
1560	0.398	0.389	0.410	0.352
1570	0.398	0.389	0.409	0.351
1580	0.398	0.391	0.409	0.352
1590	0.398	0.392	0.409	0.352
eigenvalues:  tensor([68.4977, 57.3794])
hess item is 0.18401622772216797
1600	0.397	0.391	0.409	0.352
1610	0.397	0.392	0.409	0.353
1620	0.397	0.392	0.409	0.353
1630	0.397	0.393	0.408	0.354
1640	0.396	0.395	0.408	0.354
eigenvalues:  tensor([68.0555, 57.1521])
hess item is 0.17518043518066406
1650	0.396	0.394	0.408	0.354
1660	0.396	0.394	0.408	0.355
1670	0.396	0.395	0.408	0.356
1680	0.395	0.396	0.408	0.356
1690	0.395	0.397	0.408	0.358
eigenvalues:  tensor([67.6588, 56.8661])
hess item is 0.16677454113960266
1700	0.395	0.397	0.407	0.356
1710	0.395	0.398	0.407	0.357
1720	0.394	0.400	0.407	0.358
1730	0.394	0.400	0.407	0.358
1740	0.394	0.401	0.407	0.358
eigenvalues:  tensor([67.1798, 56.5955])
hess item is 0.15877747535705566
1750	0.394	0.402	0.407	0.358
1760	0.394	0.402	0.406	0.357
1770	0.393	0.402	0.406	0.359
1780	0.393	0.401	0.406	0.360
1790	0.393	0.403	0.406	0.360
eigenvalues:  tensor([66.7264, 56.2998])
hess item is 0.1511707305908203
1800	0.393	0.404	0.406	0.360
1810	0.392	0.404	0.406	0.361
1820	0.392	0.405	0.406	0.361
1830	0.392	0.406	0.406	0.360
1840	0.392	0.406	0.405	0.360
eigenvalues:  tensor([66.2730, 56.0142])
hess item is 0.14393498003482819
1850	0.392	0.407	0.405	0.360
1860	0.391	0.407	0.405	0.362
1870	0.391	0.410	0.405	0.363
1880	0.391	0.410	0.405	0.363
1890	0.391	0.410	0.405	0.363
eigenvalues:  tensor([65.8110, 55.7114])
hess item is 0.13705092668533325
1900	0.391	0.410	0.405	0.364
1910	0.390	0.412	0.405	0.365
1920	0.390	0.412	0.404	0.365
1930	0.390	0.414	0.404	0.364
1940	0.390	0.413	0.404	0.364
eigenvalues:  tensor([65.2869, 55.3601])
hess item is 0.13050375878810883
1950	0.390	0.415	0.404	0.364
1960	0.389	0.415	0.404	0.366
1970	0.389	0.416	0.404	0.366
1980	0.389	0.417	0.404	0.366
1990	0.389	0.418	0.404	0.366
eigenvalues:  tensor([64.7519, 55.0247])
hess item is 0.12427349388599396
2000	0.389	0.419	0.404	0.367
2010	0.388	0.420	0.403	0.368
2020	0.388	0.421	0.403	0.368
2030	0.388	0.422	0.403	0.367
2040	0.388	0.422	0.403	0.369
eigenvalues:  tensor([64.1791, 54.6625])
hess item is 0.11834757775068283
2050	0.388	0.424	0.403	0.369
2060	0.387	0.424	0.403	0.369
2070	0.387	0.424	0.403	0.368
2080	0.387	0.424	0.403	0.370
2090	0.387	0.426	0.403	0.368
eigenvalues:  tensor([63.5453, 54.2698])
hess item is 0.11270938813686371
2100	0.387	0.428	0.402	0.370
2110	0.386	0.426	0.402	0.371
2120	0.386	0.426	0.402	0.372
2130	0.386	0.427	0.402	0.371
2140	0.386	0.428	0.402	0.371
eigenvalues:  tensor([63.0231, 53.8755])
hess item is 0.10734517127275467
2150	0.386	0.430	0.402	0.372
2160	0.385	0.431	0.402	0.373
2170	0.385	0.428	0.402	0.372
2180	0.385	0.431	0.402	0.372
2190	0.385	0.431	0.401	0.373
eigenvalues:  tensor([62.3314, 53.4789])
hess item is 0.10224170237779617
2200	0.385	0.433	0.401	0.373
2210	0.384	0.433	0.401	0.372
2220	0.384	0.433	0.401	0.372
2230	0.384	0.432	0.401	0.372
2240	0.384	0.434	0.401	0.373
eigenvalues:  tensor([61.6948, 53.0774])
hess item is 0.09738501161336899
2250	0.384	0.433	0.401	0.373
2260	0.383	0.435	0.401	0.374
2270	0.383	0.435	0.401	0.373
2280	0.383	0.435	0.401	0.374
2290	0.383	0.436	0.400	0.375
eigenvalues:  tensor([61.1165, 52.6063])
hess item is 0.09276480227708817
2300	0.383	0.438	0.400	0.375
2310	0.382	0.438	0.400	0.376
2320	0.382	0.439	0.400	0.375
2330	0.382	0.440	0.400	0.375
2340	0.382	0.440	0.400	0.377
eigenvalues:  tensor([60.3564, 52.1769])
hess item is 0.08836892247200012
2350	0.382	0.442	0.400	0.377
2360	0.381	0.442	0.400	0.377
2370	0.381	0.442	0.400	0.378
2380	0.381	0.443	0.400	0.378
2390	0.381	0.443	0.400	0.378
eigenvalues:  tensor([59.6216, 51.7269])
hess item is 0.0841863751411438
2400	0.381	0.444	0.399	0.379
2410	0.380	0.446	0.399	0.378
2420	0.380	0.447	0.399	0.377
2430	0.380	0.447	0.399	0.379
2440	0.380	0.448	0.399	0.379
eigenvalues:  tensor([58.8488, 51.2636])
hess item is 0.08020779490470886
2450	0.380	0.448	0.399	0.379
2460	0.380	0.448	0.399	0.381
2470	0.379	0.448	0.399	0.381
2480	0.379	0.449	0.399	0.381
2490	0.379	0.449	0.399	0.380
eigenvalues:  tensor([58.0335, 50.8570])
hess item is 0.07642073929309845
2500	0.379	0.451	0.399	0.380
2510	0.379	0.451	0.398	0.381
2520	0.378	0.453	0.398	0.382
2530	0.378	0.453	0.398	0.382
2540	0.378	0.452	0.398	0.383
eigenvalues:  tensor([57.2121, 50.3021])
hess item is 0.07282066345214844
2550	0.378	0.454	0.398	0.382
2560	0.378	0.454	0.398	0.383
2570	0.377	0.456	0.398	0.383
2580	0.377	0.456	0.398	0.386
2590	0.377	0.457	0.398	0.385
eigenvalues:  tensor([56.3923, 49.7955])
hess item is 0.06939242780208588
2600	0.377	0.456	0.398	0.385
2610	0.377	0.458	0.398	0.385
2620	0.376	0.459	0.398	0.386
2630	0.376	0.458	0.397	0.384
2640	0.376	0.459	0.397	0.386
eigenvalues:  tensor([55.6062, 49.2667])
hess item is 0.06612943857908249
2650	0.376	0.461	0.397	0.386
2660	0.376	0.460	0.397	0.386
2670	0.375	0.462	0.397	0.386
2680	0.375	0.462	0.397	0.387
2690	0.375	0.463	0.397	0.388
eigenvalues:  tensor([54.6794, 48.7201])
hess item is 0.06302658468484879
2700	0.375	0.464	0.397	0.388
2710	0.375	0.466	0.397	0.388
2720	0.375	0.465	0.397	0.388
2730	0.374	0.467	0.397	0.389
2740	0.374	0.468	0.397	0.387
eigenvalues:  tensor([53.8382, 48.0966])
hess item is 0.06007339060306549
2750	0.374	0.468	0.396	0.389
2760	0.374	0.468	0.396	0.389
2770	0.374	0.467	0.396	0.389
2780	0.373	0.469	0.396	0.390
2790	0.373	0.468	0.396	0.390
eigenvalues:  tensor([52.9621, 47.4487])
hess item is 0.05726202204823494
2800	0.373	0.468	0.396	0.391
2810	0.373	0.469	0.396	0.391
2820	0.373	0.470	0.396	0.390
2830	0.372	0.471	0.396	0.391
2840	0.372	0.470	0.396	0.390
eigenvalues:  tensor([51.9500, 46.8478])
hess item is 0.05458679795265198
2850	0.372	0.471	0.396	0.391
2860	0.372	0.472	0.396	0.391
2870	0.372	0.471	0.395	0.391
2880	0.372	0.474	0.395	0.393
2890	0.371	0.472	0.395	0.392
eigenvalues:  tensor([51.2689, 46.2394])
hess item is 0.05203963816165924
2900	0.371	0.473	0.395	0.393
2910	0.371	0.473	0.395	0.393
2920	0.371	0.475	0.395	0.393
2930	0.371	0.476	0.395	0.394
2940	0.370	0.476	0.395	0.394
eigenvalues:  tensor([50.2731, 45.6318])
hess item is 0.04961736872792244
2950	0.370	0.475	0.395	0.393
2960	0.370	0.476	0.395	0.395
2970	0.370	0.476	0.395	0.394
2980	0.370	0.477	0.395	0.395
2990	0.369	0.477	0.395	0.395
eigenvalues:  tensor([49.1909, 44.8932])
hess item is 0.04731199890375137
3000	0.369	0.477	0.395	0.396
3010	0.369	0.480	0.394	0.397
3020	0.369	0.479	0.394	0.395
3030	0.369	0.481	0.394	0.394
3040	0.368	0.482	0.394	0.396
eigenvalues:  tensor([48.1927, 44.2365])
hess item is 0.04511682316660881
3050	0.368	0.483	0.394	0.396
3060	0.368	0.482	0.394	0.398
3070	0.368	0.483	0.394	0.397
3080	0.368	0.483	0.394	0.397
3090	0.368	0.484	0.394	0.397
eigenvalues:  tensor([47.3484, 43.5286])
hess item is 0.0430275984108448
3100	0.367	0.483	0.394	0.398
3110	0.367	0.486	0.394	0.399
3120	0.367	0.487	0.394	0.398
3130	0.367	0.487	0.394	0.399
3140	0.367	0.488	0.394	0.399
eigenvalues:  tensor([46.4932, 42.7419])
hess item is 0.04103957489132881
3150	0.367	0.490	0.394	0.400
3160	0.366	0.487	0.394	0.399
3170	0.366	0.490	0.393	0.399
3180	0.366	0.492	0.393	0.400
3190	0.366	0.490	0.393	0.400
eigenvalues:  tensor([45.6237, 42.0298])
hess item is 0.03914574906229973
3200	0.365	0.492	0.393	0.400
3210	0.365	0.494	0.393	0.400
3220	0.365	0.493	0.393	0.402
3230	0.365	0.495	0.393	0.400
3240	0.365	0.495	0.393	0.401
eigenvalues:  tensor([44.6899, 41.2733])
hess item is 0.03734355419874191
3250	0.365	0.494	0.393	0.402
3260	0.364	0.495	0.393	0.402
3270	0.364	0.498	0.393	0.402
3280	0.364	0.495	0.393	0.401
3290	0.364	0.498	0.393	0.402
eigenvalues:  tensor([43.9385, 40.5200])
hess item is 0.03562667593359947
3300	0.364	0.498	0.392	0.402
3310	0.363	0.499	0.392	0.403
3320	0.363	0.499	0.392	0.403
3330	0.363	0.498	0.392	0.402
3340	0.363	0.498	0.392	0.404
eigenvalues:  tensor([43.2022, 39.8587])
hess item is 0.03399229422211647
3350	0.363	0.500	0.392	0.403
3360	0.362	0.502	0.392	0.404
3370	0.362	0.499	0.392	0.402
3380	0.362	0.501	0.392	0.404
3390	0.362	0.503	0.392	0.404
eigenvalues:  tensor([42.3714, 39.1088])
hess item is 0.032435666769742966
3400	0.362	0.503	0.392	0.405
3410	0.361	0.502	0.392	0.404
3420	0.361	0.504	0.392	0.403
3430	0.361	0.506	0.392	0.406
3440	0.361	0.506	0.392	0.407
eigenvalues:  tensor([41.5669, 38.3002])
hess item is 0.03095422126352787
3450	0.361	0.507	0.392	0.405
3460	0.360	0.507	0.391	0.405
3470	0.360	0.507	0.391	0.406
3480	0.360	0.504	0.392	0.405
3490	0.360	0.508	0.391	0.408
eigenvalues:  tensor([40.7802, 37.4877])
hess item is 0.029544034972786903
3500	0.360	0.508	0.391	0.406
3510	0.360	0.508	0.391	0.407
3520	0.359	0.508	0.391	0.407
3530	0.359	0.509	0.391	0.408
3540	0.359	0.510	0.391	0.406
eigenvalues:  tensor([40.0929, 36.8292])
hess item is 0.02819976955652237
3550	0.359	0.510	0.391	0.406
3560	0.359	0.512	0.391	0.408
3570	0.358	0.510	0.391	0.407
3580	0.358	0.509	0.391	0.405
3590	0.358	0.512	0.391	0.408
eigenvalues:  tensor([39.2675, 36.1661])
hess item is 0.026920994743704796
3600	0.358	0.512	0.391	0.406
3610	0.358	0.512	0.391	0.408
3620	0.358	0.513	0.390	0.409
3630	0.357	0.517	0.390	0.408
3640	0.357	0.514	0.390	0.408
eigenvalues:  tensor([38.4896, 35.4556])
hess item is 0.025704344734549522
3650	0.357	0.513	0.390	0.407
3660	0.357	0.517	0.390	0.408
3670	0.357	0.516	0.390	0.408
3680	0.356	0.518	0.390	0.409
3690	0.356	0.515	0.390	0.409
eigenvalues:  tensor([37.8539, 34.6524])
hess item is 0.02454470843076706
3700	0.356	0.518	0.390	0.407
3710	0.356	0.516	0.390	0.407
3720	0.356	0.518	0.390	0.410
3730	0.356	0.516	0.390	0.409
3740	0.355	0.521	0.390	0.408
eigenvalues:  tensor([37.1907, 33.9103])
hess item is 0.02344105951488018
3750	0.355	0.522	0.390	0.409
3760	0.355	0.520	0.390	0.410
3770	0.355	0.520	0.390	0.408
3780	0.355	0.518	0.390	0.410
3790	0.354	0.524	0.390	0.410
eigenvalues:  tensor([36.5666, 33.2499])
hess item is 0.02238883450627327
3800	0.354	0.524	0.389	0.411
3810	0.354	0.521	0.390	0.407
3820	0.354	0.525	0.389	0.410
3830	0.354	0.523	0.389	0.411
3840	0.353	0.526	0.389	0.409
eigenvalues:  tensor([35.9229, 32.6035])
hess item is 0.021386392414569855
3850	0.353	0.522	0.390	0.409
3860	0.353	0.523	0.389	0.408
3870	0.353	0.526	0.389	0.413
3880	0.353	0.523	0.389	0.409
3890	0.352	0.528	0.389	0.410
eigenvalues:  tensor([35.2624, 32.0455])
hess item is 0.02043117582798004
3900	0.352	0.527	0.389	0.411
3910	0.352	0.527	0.389	0.411
3920	0.352	0.527	0.389	0.411
3930	0.352	0.528	0.389	0.410
3940	0.351	0.529	0.389	0.412
eigenvalues:  tensor([34.6395, 31.4440])
hess item is 0.01952211558818817
3950	0.351	0.528	0.389	0.411
3960	0.351	0.529	0.389	0.412
3970	0.351	0.531	0.389	0.409
3980	0.351	0.531	0.389	0.412
3990	0.351	0.526	0.389	0.405
eigenvalues:  tensor([34.0267, 30.9787])
hess item is 0.018656037747859955
4000	0.350	0.534	0.388	0.412
4010	0.350	0.534	0.388	0.412
4020	0.350	0.535	0.388	0.412
4030	0.350	0.532	0.388	0.413
4040	0.350	0.531	0.388	0.413
eigenvalues:  tensor([33.4384, 30.3700])
hess item is 0.017830608412623405
4050	0.349	0.536	0.388	0.415
4060	0.349	0.534	0.388	0.413
4070	0.349	0.535	0.388	0.414
4080	0.349	0.537	0.388	0.412
4090	0.349	0.534	0.388	0.413
eigenvalues:  tensor([32.8393, 29.9452])
hess item is 0.01704392209649086
4100	0.349	0.534	0.388	0.411
4110	0.348	0.538	0.388	0.413
4120	0.348	0.536	0.388	0.414
4130	0.348	0.540	0.388	0.416
4140	0.348	0.540	0.388	0.414
eigenvalues:  tensor([32.3550, 29.4149])
hess item is 0.01629488542675972
4150	0.347	0.540	0.388	0.414
4160	0.348	0.538	0.388	0.412
4170	0.347	0.540	0.387	0.414
4180	0.347	0.540	0.388	0.415
4190	0.347	0.538	0.388	0.415
eigenvalues:  tensor([31.8054, 28.9939])
hess item is 0.015582379885017872
4200	0.346	0.541	0.387	0.416
4210	0.346	0.541	0.388	0.414
4220	0.346	0.544	0.388	0.415
4230	0.346	0.544	0.387	0.416
4240	0.346	0.546	0.387	0.417
eigenvalues:  tensor([31.3603, 28.6412])
hess item is 0.014901954680681229
4250	0.346	0.541	0.387	0.415
4260	0.345	0.546	0.387	0.416
4270	0.345	0.547	0.387	0.419
4280	0.345	0.544	0.387	0.416
4290	0.345	0.551	0.387	0.418
eigenvalues:  tensor([30.8520, 28.2079])
hess item is 0.014254085719585419
4300	0.345	0.549	0.387	0.418
4310	0.344	0.547	0.387	0.417
4320	0.344	0.547	0.387	0.415
4330	0.344	0.548	0.387	0.415
4340	0.344	0.547	0.387	0.414
eigenvalues:  tensor([30.3958, 27.7677])
hess item is 0.013636880554258823
4350	0.344	0.549	0.387	0.416
4360	0.344	0.548	0.387	0.417
4370	0.343	0.548	0.387	0.417
4380	0.343	0.555	0.387	0.418
4390	0.343	0.551	0.387	0.419
eigenvalues:  tensor([29.9527, 27.4633])
hess item is 0.01304943859577179
4400	0.343	0.549	0.387	0.416
4410	0.343	0.550	0.387	0.418
4420	0.342	0.552	0.387	0.417
4430	0.342	0.555	0.387	0.418
4440	0.342	0.557	0.386	0.418
eigenvalues:  tensor([29.5765, 27.2179])
hess item is 0.012488851323723793
4450	0.342	0.558	0.387	0.417
4460	0.342	0.557	0.386	0.417
4470	0.342	0.553	0.387	0.416
4480	0.341	0.558	0.386	0.420
4490	0.341	0.559	0.386	0.420
eigenvalues:  tensor([29.2858, 27.0615])
hess item is 0.011954748071730137
4500	0.341	0.558	0.386	0.420
4510	0.341	0.560	0.386	0.420
4520	0.340	0.558	0.386	0.420
4530	0.340	0.559	0.386	0.420
4540	0.340	0.558	0.386	0.420
eigenvalues:  tensor([28.7948, 26.6808])
hess item is 0.011446856893599033
4550	0.340	0.561	0.386	0.421
4560	0.340	0.557	0.386	0.421
4570	0.340	0.561	0.386	0.419
4580	0.339	0.561	0.386	0.418
4590	0.339	0.562	0.386	0.420
eigenvalues:  tensor([28.4341, 26.4021])
hess item is 0.010962147265672684
4600	0.339	0.560	0.386	0.422
4610	0.339	0.563	0.386	0.421
4620	0.339	0.561	0.386	0.422
4630	0.338	0.562	0.386	0.419
4640	0.338	0.564	0.385	0.422
eigenvalues:  tensor([28.1428, 26.1388])
hess item is 0.010501439683139324
4650	0.338	0.566	0.386	0.420
4660	0.338	0.567	0.385	0.422
4670	0.338	0.567	0.386	0.421
4680	0.337	0.569	0.386	0.424
4690	0.337	0.568	0.385	0.422
eigenvalues:  tensor([27.8939, 26.0220])
hess item is 0.010061865672469139
4700	0.337	0.567	0.386	0.421
4710	0.337	0.568	0.386	0.423
4720	0.337	0.566	0.386	0.420
4730	0.336	0.567	0.385	0.423
4740	0.336	0.573	0.385	0.421
eigenvalues:  tensor([27.6800, 25.7206])
hess item is 0.009643019177019596
4750	0.336	0.567	0.385	0.422
4760	0.336	0.571	0.385	0.422
4770	0.336	0.570	0.385	0.422
4780	0.336	0.571	0.385	0.424
4790	0.335	0.573	0.385	0.424
eigenvalues:  tensor([27.3947, 25.6581])
hess item is 0.009243069216609001
4800	0.335	0.570	0.385	0.423
4810	0.335	0.573	0.385	0.421
4820	0.335	0.573	0.385	0.421
4830	0.334	0.571	0.385	0.422
4840	0.335	0.574	0.385	0.423
eigenvalues:  tensor([27.1886, 25.5698])
hess item is 0.008862854912877083
4850	0.334	0.576	0.385	0.421
4860	0.334	0.576	0.385	0.422
4870	0.334	0.574	0.385	0.421
4880	0.334	0.574	0.385	0.422
4890	0.334	0.574	0.385	0.424
eigenvalues:  tensor([26.9725, 25.3063])
hess item is 0.008501335047185421
4900	0.333	0.576	0.385	0.422
4910	0.333	0.578	0.385	0.424
4920	0.333	0.576	0.385	0.423
4930	0.333	0.574	0.385	0.423
4940	0.333	0.580	0.385	0.424
eigenvalues:  tensor([26.8321, 25.3504])
hess item is 0.008155548013746738
4950	0.333	0.576	0.385	0.424
4960	0.332	0.582	0.385	0.424
4970	0.332	0.579	0.385	0.425
4980	0.332	0.581	0.385	0.422
4990	0.332	0.581	0.384	0.425
eigenvalues:  tensor([26.5851, 25.2135])
hess item is 0.007826310582458973
5000	0.331	0.584	0.384	0.425
5010	0.332	0.582	0.385	0.425
5020	0.331	0.583	0.384	0.425
5030	0.331	0.579	0.385	0.424
5040	0.331	0.585	0.384	0.423
eigenvalues:  tensor([26.4771, 25.1607])
hess item is 0.007512740790843964
5050	0.330	0.584	0.384	0.426
5060	0.330	0.585	0.384	0.426
5070	0.330	0.582	0.384	0.424
5080	0.330	0.582	0.384	0.424
5090	0.330	0.585	0.384	0.427
eigenvalues:  tensor([26.4431, 25.1602])
hess item is 0.007214737590402365
5100	0.330	0.587	0.384	0.425
5110	0.330	0.586	0.384	0.425
5120	0.329	0.587	0.384	0.426
5130	0.329	0.586	0.384	0.427
5140	0.329	0.587	0.384	0.426
eigenvalues:  tensor([26.2547, 25.0214])
hess item is 0.006931424140930176
5150	0.328	0.591	0.384	0.427
5160	0.329	0.589	0.384	0.424
5170	0.328	0.590	0.384	0.426
5180	0.328	0.593	0.384	0.425
5190	0.328	0.590	0.384	0.425
eigenvalues:  tensor([26.3333, 25.0977])
hess item is 0.006661730352789164
5200	0.327	0.590	0.384	0.424
5210	0.327	0.590	0.384	0.429
5220	0.327	0.590	0.384	0.426
5230	0.327	0.593	0.384	0.428
5240	0.327	0.594	0.384	0.428
eigenvalues:  tensor([26.2982, 25.1465])
hess item is 0.006404595449566841
5250	0.326	0.594	0.384	0.427
5260	0.326	0.595	0.384	0.426
5270	0.326	0.597	0.383	0.426
5280	0.326	0.594	0.384	0.429
5290	0.326	0.593	0.384	0.427
eigenvalues:  tensor([26.2097, 25.1614])
hess item is 0.00615969393402338
5300	0.326	0.598	0.384	0.426
5310	0.325	0.599	0.384	0.428
5320	0.325	0.595	0.384	0.427
5330	0.325	0.597	0.384	0.428
5340	0.325	0.602	0.383	0.429
eigenvalues:  tensor([26.2688, 25.2912])
hess item is 0.005925399716943502
5350	0.325	0.597	0.384	0.429
5360	0.324	0.600	0.383	0.428
5370	0.324	0.597	0.384	0.428
5380	0.324	0.601	0.384	0.428
5390	0.324	0.599	0.384	0.429
eigenvalues:  tensor([26.4777, 25.4956])
hess item is 0.005704444367438555
5400	0.324	0.604	0.384	0.429
5410	0.323	0.603	0.383	0.430
5420	0.323	0.605	0.384	0.429
5430	0.323	0.596	0.384	0.428
5440	0.323	0.600	0.384	0.428
eigenvalues:  tensor([26.4587, 25.5046])
hess item is 0.0054917181842029095
5450	0.323	0.603	0.383	0.430
5460	0.322	0.603	0.383	0.428
5470	0.322	0.601	0.384	0.428
5480	0.322	0.603	0.383	0.429
5490	0.322	0.604	0.383	0.431
eigenvalues:  tensor([26.4549, 25.5895])
hess item is 0.0052908482030034065
5500	0.321	0.607	0.383	0.428
5510	0.321	0.606	0.383	0.430
5520	0.321	0.606	0.384	0.429
5530	0.321	0.608	0.383	0.431
5540	0.321	0.606	0.384	0.428
eigenvalues:  tensor([26.4963, 25.6972])
hess item is 0.005099525675177574
5550	0.321	0.608	0.383	0.431
5560	0.320	0.609	0.383	0.428
5570	0.320	0.610	0.383	0.431
5580	0.320	0.611	0.383	0.430
5590	0.320	0.610	0.383	0.432
eigenvalues:  tensor([26.7959, 26.0398])
hess item is 0.004918023943901062
5600	0.320	0.612	0.383	0.431
5610	0.319	0.610	0.383	0.431
5620	0.319	0.610	0.383	0.431
5630	0.319	0.610	0.383	0.429
5640	0.319	0.610	0.383	0.432
eigenvalues:  tensor([26.8883, 26.1457])
hess item is 0.004743723664432764
5650	0.318	0.611	0.383	0.433
5660	0.319	0.611	0.383	0.432
5670	0.318	0.612	0.383	0.430
5680	0.318	0.614	0.383	0.430
5690	0.318	0.614	0.383	0.430
eigenvalues:  tensor([26.8724, 26.1722])
hess item is 0.0045785983093082905
5700	0.318	0.613	0.383	0.430
5710	0.318	0.610	0.383	0.430
5720	0.317	0.614	0.383	0.431
5730	0.317	0.614	0.383	0.430
5740	0.317	0.609	0.383	0.426
eigenvalues:  tensor([27.1848, 26.5461])
hess item is 0.004421942867338657
5750	0.317	0.616	0.383	0.430
5760	0.316	0.618	0.383	0.431
5770	0.317	0.615	0.383	0.430
5780	0.316	0.618	0.383	0.432
5790	0.316	0.617	0.383	0.431
eigenvalues:  tensor([27.3541, 26.7141])
hess item is 0.004273034632205963
5800	0.316	0.613	0.383	0.430
5810	0.315	0.621	0.383	0.429
5820	0.315	0.617	0.383	0.429
5830	0.315	0.617	0.383	0.433
5840	0.315	0.618	0.383	0.428
eigenvalues:  tensor([27.5821, 26.9985])
hess item is 0.004129485692828894
5850	0.316	0.619	0.384	0.427
5860	0.314	0.619	0.383	0.434
5870	0.314	0.622	0.383	0.432
5880	0.314	0.623	0.383	0.428
5890	0.314	0.615	0.383	0.431
eigenvalues:  tensor([27.8454, 27.2717])
hess item is 0.003994762897491455
5900	0.314	0.620	0.383	0.430
5910	0.314	0.619	0.383	0.430
5920	0.313	0.618	0.383	0.430
5930	0.313	0.624	0.383	0.429
5940	0.313	0.623	0.383	0.427
eigenvalues:  tensor([27.9255, 27.3534])
hess item is 0.003866872750222683
5950	0.313	0.624	0.383	0.428
5960	0.313	0.623	0.383	0.428
5970	0.313	0.624	0.383	0.429
5980	0.312	0.627	0.383	0.429
5990	0.312	0.624	0.383	0.426
eigenvalues:  tensor([28.2503, 27.6781])
hess item is 0.003744877874851227
6000	0.312	0.625	0.384	0.429
6010	0.312	0.626	0.383	0.427
6020	0.312	0.625	0.383	0.429
6030	0.312	0.627	0.383	0.431
6040	0.311	0.628	0.383	0.426
eigenvalues:  tensor([28.5533, 28.0160])
hess item is 0.003629857674241066
6050	0.311	0.627	0.383	0.427
6060	0.311	0.629	0.383	0.429
6070	0.310	0.628	0.383	0.430
6080	0.310	0.630	0.383	0.431
6090	0.310	0.631	0.383	0.426
eigenvalues:  tensor([28.8872, 28.3796])
hess item is 0.00351894274353981
6100	0.310	0.627	0.383	0.430
6110	0.309	0.632	0.383	0.428
6120	0.310	0.628	0.383	0.428
6130	0.310	0.632	0.383	0.426
6140	0.309	0.632	0.383	0.431
eigenvalues:  tensor([29.1613, 28.6654])
hess item is 0.003413727506995201
6150	0.309	0.632	0.383	0.429
6160	0.309	0.630	0.383	0.429
6170	0.309	0.633	0.383	0.428
6180	0.309	0.626	0.384	0.427
6190	0.308	0.636	0.383	0.428
eigenvalues:  tensor([29.4507, 28.9718])
hess item is 0.003313595661893487
6200	0.308	0.637	0.383	0.432
6210	0.308	0.632	0.383	0.425
6220	0.308	0.636	0.383	0.428
6230	0.308	0.633	0.383	0.430
6240	0.307	0.633	0.383	0.427
eigenvalues:  tensor([29.8763, 29.3940])
hess item is 0.003220187732949853
6250	0.307	0.637	0.383	0.428
6260	0.307	0.635	0.383	0.427
6270	0.306	0.641	0.383	0.428
6280	0.306	0.637	0.383	0.428
6290	0.306	0.641	0.383	0.430
eigenvalues:  tensor([30.2184, 29.7483])
hess item is 0.003129316261038184
6300	0.306	0.637	0.383	0.430
6310	0.306	0.638	0.383	0.428
6320	0.306	0.637	0.383	0.429
6330	0.306	0.640	0.383	0.426
6340	0.305	0.644	0.383	0.430
eigenvalues:  tensor([30.1189, 29.6671])
hess item is 0.00304301711730659
6350	0.305	0.641	0.383	0.430
6360	0.305	0.643	0.383	0.430
6370	0.305	0.642	0.383	0.426
6380	0.304	0.641	0.383	0.429
6390	0.304	0.644	0.383	0.431
eigenvalues:  tensor([30.6885, 30.2449])
hess item is 0.002961275866255164
6400	0.304	0.642	0.383	0.428
6410	0.304	0.648	0.383	0.429
6420	0.304	0.646	0.383	0.428
6430	0.304	0.646	0.383	0.429
6440	0.303	0.648	0.383	0.428
eigenvalues:  tensor([31.0676, 30.6265])
hess item is 0.0028834990225732327
6450	0.303	0.647	0.383	0.429
6460	0.303	0.647	0.383	0.431
6470	0.303	0.643	0.383	0.428
6480	0.303	0.645	0.383	0.429
6490	0.302	0.647	0.383	0.430
eigenvalues:  tensor([31.2225, 30.7927])
hess item is 0.0028102698270231485
6500	0.302	0.652	0.383	0.430
6510	0.302	0.648	0.383	0.426
6520	0.302	0.649	0.383	0.430
6530	0.302	0.648	0.383	0.427
6540	0.301	0.651	0.383	0.430
eigenvalues:  tensor([31.7663, 31.3320])
hess item is 0.002741100499406457
6550	0.301	0.650	0.383	0.426
6560	0.302	0.653	0.383	0.428
6570	0.301	0.653	0.383	0.427
6580	0.301	0.649	0.383	0.430
6590	0.301	0.649	0.383	0.426
eigenvalues:  tensor([31.9641, 31.5182])
hess item is 0.00267479894682765
6600	0.300	0.654	0.383	0.428
6610	0.300	0.652	0.384	0.428
6620	0.300	0.656	0.383	0.429
6630	0.300	0.651	0.383	0.429
6640	0.300	0.652	0.384	0.426
eigenvalues:  tensor([32.2867, 31.8551])
hess item is 0.0026119789108633995
6650	0.300	0.652	0.384	0.428
6660	0.299	0.653	0.383	0.427
6670	0.299	0.653	0.383	0.427
6680	0.299	0.654	0.384	0.428
6690	0.299	0.656	0.384	0.429
eigenvalues:  tensor([32.4940, 32.0721])
hess item is 0.002554140519350767
6700	0.298	0.659	0.383	0.429
6710	0.299	0.653	0.384	0.428
6720	0.299	0.655	0.384	0.426
6730	0.298	0.656	0.384	0.428
6740	0.298	0.661	0.384	0.426
eigenvalues:  tensor([33.0391, 32.6045])
hess item is 0.0024975165724754333
6750	0.298	0.661	0.384	0.429
6760	0.298	0.658	0.384	0.426
6770	0.297	0.658	0.384	0.429
6780	0.297	0.661	0.383	0.428
6790	0.297	0.660	0.384	0.428
eigenvalues:  tensor([33.4647, 33.0165])
hess item is 0.0024431392084807158
6800	0.297	0.661	0.384	0.428
6810	0.296	0.661	0.384	0.428
6820	0.296	0.664	0.384	0.429
6830	0.296	0.662	0.384	0.426
6840	0.296	0.660	0.384	0.427
eigenvalues:  tensor([33.7055, 33.2789])
hess item is 0.002392812166363001
6850	0.296	0.659	0.384	0.427
6860	0.295	0.663	0.383	0.428
6870	0.295	0.665	0.384	0.427
6880	0.295	0.661	0.384	0.428
6890	0.295	0.664	0.384	0.429
eigenvalues:  tensor([34.0968, 33.6483])
hess item is 0.0023472243919968605
6900	0.295	0.666	0.384	0.428
6910	0.295	0.666	0.384	0.430
6920	0.295	0.666	0.384	0.427
6930	0.294	0.668	0.384	0.429
6940	0.294	0.666	0.384	0.427
eigenvalues:  tensor([34.4444, 33.9839])
hess item is 0.002303912304341793
6950	0.294	0.667	0.384	0.428
6960	0.294	0.668	0.384	0.430
6970	0.293	0.667	0.384	0.430
6980	0.293	0.671	0.384	0.429
6990	0.293	0.672	0.384	0.425
eigenvalues:  tensor([34.8098, 34.3901])
hess item is 0.002262068446725607
7000	0.293	0.669	0.384	0.426
7010	0.293	0.668	0.384	0.428
7020	0.293	0.669	0.384	0.427
7030	0.292	0.671	0.384	0.429
7040	0.292	0.672	0.384	0.427
eigenvalues:  tensor([35.2970, 34.8378])
hess item is 0.0022229806054383516
7050	0.293	0.668	0.385	0.425
7060	0.292	0.675	0.384	0.429
7070	0.292	0.674	0.384	0.429
7080	0.292	0.675	0.385	0.426
7090	0.291	0.674	0.384	0.427
eigenvalues:  tensor([35.3801, 34.9569])
hess item is 0.0021865384187549353
7100	0.291	0.674	0.384	0.430
7110	0.292	0.672	0.385	0.425
7120	0.291	0.673	0.384	0.428
7130	0.291	0.674	0.385	0.427
7140	0.290	0.677	0.384	0.428
eigenvalues:  tensor([35.7429, 35.2921])
hess item is 0.0021511318627744913
7150	0.290	0.675	0.384	0.427
7160	0.290	0.679	0.384	0.427
7170	0.290	0.677	0.384	0.428
7180	0.290	0.676	0.385	0.428
7190	0.290	0.682	0.384	0.428
eigenvalues:  tensor([36.0958, 35.6798])
hess item is 0.002117860596626997
7200	0.289	0.677	0.384	0.429
7210	0.290	0.676	0.384	0.428
7220	0.289	0.679	0.384	0.430
7230	0.289	0.679	0.384	0.428
7240	0.289	0.679	0.385	0.427
eigenvalues:  tensor([36.1623, 35.7200])
hess item is 0.002085853600874543
7250	0.288	0.681	0.384	0.428
7260	0.288	0.680	0.384	0.429
7270	0.288	0.684	0.384	0.430
7280	0.288	0.679	0.385	0.428
7290	0.288	0.682	0.384	0.430
eigenvalues:  tensor([36.5432, 36.0956])
hess item is 0.0020573686342686415
7300	0.288	0.680	0.385	0.428
7310	0.288	0.683	0.385	0.428
7320	0.287	0.680	0.384	0.430
7330	0.287	0.682	0.384	0.431
7340	0.287	0.683	0.384	0.430
eigenvalues:  tensor([36.8222, 36.3832])
hess item is 0.0020285022910684347
7350	0.287	0.686	0.385	0.427
7360	0.287	0.682	0.384	0.431
7370	0.287	0.683	0.385	0.428
7380	0.286	0.685	0.385	0.430
7390	0.286	0.685	0.385	0.430
eigenvalues:  tensor([37.2550, 36.8338])
hess item is 0.00200198614038527
7400	0.286	0.684	0.385	0.429
7410	0.286	0.683	0.385	0.430
7420	0.286	0.688	0.385	0.430
7430	0.286	0.685	0.385	0.428
7440	0.285	0.689	0.385	0.427
eigenvalues:  tensor([37.5772, 37.1599])
hess item is 0.0019766311161220074
7450	0.285	0.685	0.384	0.430
7460	0.285	0.686	0.385	0.428
7470	0.285	0.687	0.384	0.428
7480	0.285	0.688	0.385	0.428
7490	0.284	0.689	0.384	0.429
eigenvalues:  tensor([38.0241, 37.6033])
hess item is 0.001952241058461368
7500	0.284	0.686	0.385	0.429
7510	0.285	0.689	0.385	0.430
7520	0.284	0.686	0.385	0.431
7530	0.284	0.691	0.385	0.428
7540	0.284	0.688	0.385	0.429
eigenvalues:  tensor([38.0872, 37.6696])
hess item is 0.0019275940721854568
7550	0.283	0.690	0.385	0.429
7560	0.284	0.689	0.385	0.429
7570	0.283	0.690	0.385	0.428
7580	0.283	0.691	0.385	0.429
7590	0.284	0.691	0.385	0.427
eigenvalues:  tensor([38.5844, 38.1795])
hess item is 0.0019081427017226815
7600	0.283	0.689	0.385	0.430
7610	0.283	0.693	0.385	0.428
7620	0.282	0.693	0.384	0.429
7630	0.282	0.693	0.385	0.428
7640	0.282	0.693	0.385	0.429
eigenvalues:  tensor([38.7398, 38.3359])
hess item is 0.0018893071683123708
7650	0.282	0.696	0.385	0.428
7660	0.282	0.693	0.385	0.430
7670	0.282	0.695	0.385	0.428
7680	0.282	0.693	0.385	0.426
7690	0.282	0.695	0.385	0.426
eigenvalues:  tensor([39.1753, 38.7639])
hess item is 0.0018715610494837165
7700	0.281	0.695	0.385	0.429
7710	0.281	0.696	0.385	0.430
7720	0.281	0.697	0.385	0.428
7730	0.281	0.694	0.385	0.430
7740	0.281	0.694	0.385	0.429
eigenvalues:  tensor([39.4084, 39.0044])
hess item is 0.0018549786182120442
7750	0.280	0.698	0.385	0.429
7760	0.280	0.697	0.385	0.429
7770	0.280	0.698	0.385	0.429
7780	0.280	0.699	0.385	0.428
7790	0.280	0.696	0.386	0.430
eigenvalues:  tensor([39.5678, 39.1698])
hess item is 0.0018381832633167505
7800	0.280	0.696	0.385	0.430
7810	0.280	0.697	0.386	0.428
7820	0.279	0.696	0.385	0.428
7830	0.279	0.698	0.385	0.428
7840	0.279	0.700	0.386	0.429
eigenvalues:  tensor([39.7215, 39.3267])
hess item is 0.0018239234341308475
7850	0.279	0.700	0.385	0.429
7860	0.278	0.702	0.385	0.426
7870	0.278	0.703	0.385	0.429
7880	0.278	0.702	0.385	0.428
7890	0.278	0.701	0.385	0.428
eigenvalues:  tensor([39.9460, 39.5519])
hess item is 0.0018124537309631705
7900	0.278	0.702	0.385	0.429
7910	0.278	0.701	0.386	0.428
7920	0.278	0.703	0.385	0.428
7930	0.278	0.699	0.386	0.429
7940	0.277	0.704	0.385	0.431
eigenvalues:  tensor([40.4021, 39.9886])
hess item is 0.0017989766784012318
7950	0.277	0.705	0.385	0.429
7960	0.277	0.703	0.386	0.429
7970	0.278	0.701	0.386	0.429
7980	0.277	0.704	0.386	0.428
7990	0.277	0.704	0.386	0.427
eigenvalues:  tensor([40.4582, 40.0660])
hess item is 0.0017873367760330439
8000	0.276	0.708	0.386	0.429
8010	0.276	0.704	0.386	0.429
8020	0.276	0.705	0.386	0.429
8030	0.276	0.704	0.386	0.430
8040	0.276	0.707	0.386	0.430
eigenvalues:  tensor([40.8044, 40.4055])
hess item is 0.001776457647792995
8050	0.276	0.703	0.386	0.429
8060	0.276	0.705	0.386	0.428
8070	0.275	0.703	0.386	0.428
8080	0.275	0.708	0.386	0.428
8090	0.275	0.703	0.386	0.427
eigenvalues:  tensor([41.2523, 40.8539])
hess item is 0.0017642457969486713
8100	0.275	0.704	0.386	0.428
8110	0.275	0.705	0.386	0.429
8120	0.275	0.708	0.386	0.429
8130	0.274	0.711	0.385	0.428
8140	0.275	0.711	0.386	0.428
eigenvalues:  tensor([41.5357, 41.1545])
hess item is 0.0017525475705042481
8150	0.274	0.705	0.386	0.426
8160	0.274	0.710	0.385	0.429
8170	0.274	0.709	0.386	0.428
8180	0.274	0.708	0.386	0.429
8190	0.274	0.706	0.386	0.427
eigenvalues:  tensor([41.4918, 41.1176])
hess item is 0.0017463428666815162
8200	0.273	0.712	0.386	0.428
8210	0.273	0.711	0.386	0.427
8220	0.273	0.709	0.386	0.429
8230	0.273	0.712	0.386	0.429
8240	0.273	0.711	0.386	0.427
eigenvalues:  tensor([42.0218, 41.6345])
hess item is 0.0017379047349095345
8250	0.273	0.711	0.386	0.427
8260	0.273	0.712	0.386	0.428
8270	0.272	0.713	0.386	0.429
8280	0.273	0.709	0.386	0.426
8290	0.273	0.712	0.386	0.429
eigenvalues:  tensor([42.0988, 41.7151])
hess item is 0.0017298588063567877
8300	0.272	0.712	0.386	0.428
8310	0.272	0.713	0.386	0.429
8320	0.272	0.713	0.386	0.429
8330	0.272	0.712	0.386	0.430
8340	0.271	0.716	0.386	0.427
eigenvalues:  tensor([42.3453, 41.9597])
hess item is 0.0017227361677214503
8350	0.272	0.712	0.386	0.430
8360	0.271	0.717	0.386	0.429
8370	0.271	0.715	0.386	0.428
8380	0.271	0.716	0.386	0.427
8390	0.271	0.717	0.386	0.427
eigenvalues:  tensor([42.3825, 41.9997])
hess item is 0.00171489710919559
8400	0.271	0.716	0.386	0.428
8410	0.270	0.720	0.386	0.428
8420	0.270	0.717	0.386	0.429
8430	0.271	0.717	0.387	0.428
8440	0.270	0.717	0.386	0.428
eigenvalues:  tensor([42.5287, 42.1585])
hess item is 0.0017101868288591504
8450	0.270	0.717	0.386	0.427
8460	0.270	0.716	0.386	0.426
8470	0.270	0.717	0.386	0.426
8480	0.269	0.720	0.386	0.428
8490	0.270	0.716	0.386	0.426
eigenvalues:  tensor([42.7416, 42.3640])
hess item is 0.0017063490813598037
8500	0.269	0.721	0.386	0.430
8510	0.269	0.720	0.386	0.428
8520	0.269	0.718	0.387	0.426
8530	0.269	0.720	0.386	0.428
8540	0.269	0.720	0.386	0.428
eigenvalues:  tensor([43.1765, 42.8183])
hess item is 0.001704206457361579
8550	0.269	0.718	0.386	0.428
8560	0.268	0.721	0.386	0.427
8570	0.269	0.719	0.386	0.427
8580	0.268	0.720	0.386	0.429
8590	0.268	0.717	0.387	0.426
eigenvalues:  tensor([43.6052, 43.2353])
hess item is 0.0016984977992251515
8600	0.268	0.719	0.387	0.426
8610	0.268	0.723	0.387	0.426
8620	0.267	0.723	0.386	0.428
8630	0.268	0.720	0.387	0.428
8640	0.268	0.721	0.387	0.426
eigenvalues:  tensor([43.6621, 43.2906])
hess item is 0.001695722807198763
8650	0.267	0.721	0.387	0.427
8660	0.267	0.720	0.387	0.428
8670	0.267	0.722	0.386	0.427
8680	0.267	0.720	0.387	0.426
8690	0.267	0.722	0.387	0.429
eigenvalues:  tensor([43.7756, 43.4181])
hess item is 0.0016925480449572206
8700	0.267	0.722	0.387	0.427
8710	0.267	0.724	0.387	0.427
8720	0.267	0.722	0.387	0.428
8730	0.267	0.721	0.387	0.425
8740	0.266	0.725	0.387	0.426
eigenvalues:  tensor([44.0790, 43.7093])
hess item is 0.0016895986627787352
8750	0.266	0.723	0.387	0.424
8760	0.266	0.724	0.387	0.427
8770	0.266	0.723	0.387	0.427
8780	0.266	0.723	0.387	0.427
8790	0.265	0.725	0.387	0.427
eigenvalues:  tensor([44.3599, 44.0007])
hess item is 0.0016852758126333356
8800	0.266	0.724	0.387	0.428
8810	0.266	0.725	0.387	0.427
8820	0.265	0.726	0.387	0.426
8830	0.265	0.724	0.387	0.429
8840	0.265	0.728	0.387	0.429
eigenvalues:  tensor([44.7005, 44.3397])
hess item is 0.001681258319877088
8850	0.265	0.722	0.387	0.425
8860	0.265	0.728	0.387	0.427
8870	0.264	0.728	0.387	0.426
8880	0.264	0.727	0.387	0.429
8890	0.264	0.726	0.387	0.426
eigenvalues:  tensor([44.6283, 44.2614])
hess item is 0.0016794550465419888
8900	0.265	0.727	0.387	0.426
8910	0.265	0.726	0.387	0.425
8920	0.264	0.727	0.387	0.427
8930	0.264	0.727	0.387	0.427
8940	0.264	0.730	0.387	0.428
eigenvalues:  tensor([44.7099, 44.3638])
hess item is 0.0016779846046119928
8950	0.264	0.730	0.387	0.428
8960	0.264	0.728	0.387	0.427
8970	0.263	0.730	0.387	0.428
8980	0.263	0.731	0.387	0.429
8990	0.263	0.729	0.387	0.427
eigenvalues:  tensor([44.9088, 44.5777])
hess item is 0.0016751516377553344
9000	0.263	0.727	0.387	0.428
9010	0.263	0.730	0.387	0.427
9020	0.263	0.728	0.387	0.427
9030	0.262	0.730	0.387	0.428
9040	0.262	0.729	0.387	0.428
eigenvalues:  tensor([44.8653, 44.5251])
hess item is 0.001671845675446093
9050	0.262	0.729	0.387	0.429
9060	0.262	0.731	0.387	0.427
9070	0.262	0.731	0.387	0.428
9080	0.263	0.729	0.387	0.427
9090	0.262	0.730	0.387	0.428
eigenvalues:  tensor([45.2002, 44.8724])
hess item is 0.0016685889568179846
9100	0.262	0.731	0.387	0.428
9110	0.262	0.731	0.387	0.428
9120	0.261	0.735	0.387	0.428
9130	0.262	0.734	0.387	0.428
9140	0.261	0.732	0.387	0.426
eigenvalues:  tensor([45.3952, 45.0596])
hess item is 0.0016709265764802694
9150	0.261	0.732	0.387	0.428
9160	0.261	0.732	0.387	0.428
9170	0.261	0.732	0.387	0.427
9180	0.261	0.732	0.387	0.429
9190	0.261	0.732	0.387	0.425
eigenvalues:  tensor([45.2294, 44.8972])
hess item is 0.00167091132607311
9200	0.260	0.734	0.387	0.427
9210	0.261	0.735	0.387	0.428
9220	0.261	0.732	0.387	0.426
9230	0.260	0.733	0.387	0.427
9240	0.260	0.734	0.387	0.427
eigenvalues:  tensor([45.9124, 45.5824])
hess item is 0.0016722065629437566
9250	0.260	0.733	0.387	0.428
9260	0.260	0.735	0.387	0.429
9270	0.260	0.736	0.387	0.428
9280	0.260	0.735	0.387	0.428
9290	0.260	0.734	0.387	0.427
eigenvalues:  tensor([46.0280, 45.7163])
hess item is 0.0016717618564143777
9300	0.260	0.733	0.387	0.428
9310	0.260	0.735	0.387	0.429
9320	0.259	0.736	0.387	0.430
9330	0.259	0.733	0.387	0.427
9340	0.259	0.737	0.387	0.426
eigenvalues:  tensor([46.2050, 45.8854])
hess item is 0.0016740342834964395
9350	0.259	0.732	0.387	0.427
9360	0.259	0.733	0.387	0.428
9370	0.259	0.736	0.387	0.429
9380	0.259	0.734	0.387	0.426
9390	0.259	0.736	0.387	0.428
eigenvalues:  tensor([46.3720, 46.0562])
hess item is 0.001675780164077878
9400	0.259	0.736	0.388	0.426
9410	0.258	0.737	0.387	0.427
9420	0.258	0.734	0.388	0.426
9430	0.258	0.737	0.388	0.426
9440	0.258	0.736	0.387	0.428
eigenvalues:  tensor([46.4415, 46.1196])
hess item is 0.0016771330265328288
9450	0.258	0.739	0.388	0.428
9460	0.258	0.740	0.387	0.427
9470	0.258	0.740	0.387	0.428
9480	0.258	0.741	0.387	0.427
9490	0.257	0.742	0.388	0.428
eigenvalues:  tensor([46.6118, 46.3053])
hess item is 0.001677711377851665
9500	0.257	0.741	0.387	0.429
9510	0.257	0.741	0.387	0.429
9520	0.257	0.740	0.388	0.427
9530	0.257	0.738	0.387	0.429
9540	0.257	0.741	0.387	0.429
eigenvalues:  tensor([46.5780, 46.2702])
hess item is 0.0016806019702926278
9550	0.257	0.741	0.387	0.427
9560	0.256	0.742	0.387	0.427
9570	0.257	0.740	0.388	0.427
9580	0.256	0.743	0.387	0.427
9590	0.256	0.741	0.388	0.429
eigenvalues:  tensor([46.9247, 46.6219])
hess item is 0.001681316876783967
9600	0.256	0.741	0.387	0.429
9610	0.256	0.741	0.388	0.429
9620	0.256	0.743	0.388	0.430
9630	0.256	0.743	0.388	0.429
9640	0.256	0.742	0.387	0.428
eigenvalues:  tensor([46.9911, 46.6911])
hess item is 0.0016849718522280455
9650	0.256	0.744	0.387	0.429
9660	0.256	0.741	0.387	0.428
9670	0.255	0.742	0.388	0.426
9680	0.255	0.742	0.388	0.428
9690	0.256	0.744	0.388	0.426
eigenvalues:  tensor([47.1190, 46.8190])
hess item is 0.0016855043359100819
9700	0.255	0.744	0.387	0.426
9710	0.255	0.740	0.388	0.427
9720	0.255	0.742	0.388	0.428
9730	0.255	0.743	0.388	0.428
9740	0.255	0.745	0.387	0.428
eigenvalues:  tensor([47.2228, 46.9305])
hess item is 0.001687910407781601
9750	0.255	0.747	0.387	0.430
9760	0.254	0.743	0.387	0.427
9770	0.255	0.744	0.388	0.427
9780	0.254	0.746	0.387	0.428
9790	0.254	0.743	0.388	0.428
eigenvalues:  tensor([47.0819, 46.7947])
hess item is 0.0016884338110685349
9800	0.254	0.747	0.387	0.428
9810	0.254	0.743	0.388	0.427
9820	0.254	0.744	0.387	0.427
9830	0.254	0.743	0.388	0.427
9840	0.254	0.744	0.388	0.428
eigenvalues:  tensor([47.6980, 47.4102])
hess item is 0.0016917716711759567
9850	0.254	0.743	0.388	0.427
9860	0.254	0.741	0.388	0.428
9870	0.254	0.746	0.388	0.428
9880	0.253	0.746	0.387	0.428
9890	0.253	0.749	0.387	0.428
eigenvalues:  tensor([47.6126, 47.3260])
hess item is 0.0016938252374529839
9900	0.253	0.746	0.387	0.428
9910	0.253	0.749	0.387	0.428
9920	0.253	0.748	0.388	0.428
9930	0.253	0.748	0.387	0.430
9940	0.253	0.749	0.387	0.427
eigenvalues:  tensor([47.5568, 47.2678])
hess item is 0.0016999415820464492
9950	0.252	0.749	0.388	0.426
9960	0.252	0.746	0.388	0.429
9970	0.252	0.747	0.388	0.429
9980	0.252	0.747	0.388	0.426
9990	0.252	0.750	0.388	0.427
