device: cuda:5
output directory: RESULTS/cifar10-10k/fc-tanh/seed_0/mse/ivon/lr_0.0005_h0_0.1_post_1_alpha_100.0_beta2_0.999_beta_0.0_ess_10000000.0_ivon
Files already downloaded and verified
Files already downloaded and verified
optimizer is IVON
0	0.597	0.131	0.597	0.131
10	0.513	0.189	0.514	0.186
20	0.493	0.217	0.496	0.210
30	0.480	0.233	0.483	0.226
40	0.470	0.245	0.473	0.235
eigenvalues:  tensor([77.4251, 62.7448])
hess item is 0.09548108279705048
50	0.462	0.257	0.466	0.246
60	0.455	0.266	0.459	0.255
70	0.449	0.277	0.454	0.262
80	0.445	0.286	0.450	0.268
90	0.440	0.292	0.446	0.274
eigenvalues:  tensor([74.8206, 61.0758])
hess item is 0.09104350209236145
100	0.436	0.300	0.442	0.282
110	0.433	0.308	0.439	0.290
120	0.430	0.313	0.436	0.292
130	0.427	0.320	0.434	0.298
140	0.424	0.325	0.431	0.301
eigenvalues:  tensor([73.2984, 60.2878])
hess item is 0.08678173273801804
150	0.422	0.330	0.429	0.306
160	0.419	0.336	0.426	0.306
170	0.417	0.337	0.424	0.309
180	0.415	0.342	0.423	0.314
190	0.413	0.344	0.421	0.316
eigenvalues:  tensor([72.0241, 59.7660])
hess item is 0.0827028900384903
200	0.412	0.351	0.420	0.319
210	0.410	0.354	0.418	0.322
220	0.409	0.358	0.417	0.327
230	0.407	0.362	0.416	0.330
240	0.406	0.366	0.415	0.330
eigenvalues:  tensor([71.1666, 59.2013])
hess item is 0.0788501501083374
250	0.405	0.368	0.414	0.334
260	0.404	0.371	0.414	0.337
270	0.403	0.373	0.413	0.339
280	0.402	0.377	0.412	0.343
290	0.402	0.379	0.412	0.345
eigenvalues:  tensor([70.4533, 58.8480])
hess item is 0.07517386227846146
300	0.401	0.381	0.411	0.346
310	0.400	0.382	0.411	0.347
320	0.399	0.385	0.410	0.348
330	0.399	0.388	0.410	0.348
340	0.398	0.389	0.409	0.350
eigenvalues:  tensor([69.7258, 58.4664])
hess item is 0.07167882472276688
350	0.397	0.390	0.409	0.352
360	0.397	0.393	0.408	0.352
370	0.396	0.393	0.408	0.355
380	0.396	0.395	0.408	0.355
390	0.395	0.396	0.407	0.354
eigenvalues:  tensor([69.2822, 58.0678])
hess item is 0.0683402270078659
400	0.395	0.398	0.407	0.359
410	0.394	0.398	0.407	0.354
420	0.393	0.401	0.406	0.357
430	0.393	0.403	0.406	0.359
440	0.392	0.405	0.406	0.361
eigenvalues:  tensor([68.6591, 57.8628])
hess item is 0.06517151743173599
450	0.392	0.409	0.405	0.362
460	0.391	0.407	0.405	0.362
470	0.391	0.408	0.405	0.365
480	0.390	0.411	0.405	0.363
490	0.390	0.410	0.404	0.365
eigenvalues:  tensor([68.2418, 57.5331])
hess item is 0.062160562723875046
500	0.390	0.415	0.404	0.367
510	0.389	0.414	0.404	0.369
520	0.389	0.418	0.404	0.367
530	0.388	0.420	0.403	0.368
540	0.388	0.421	0.403	0.369
eigenvalues:  tensor([67.5872, 57.4393])
hess item is 0.05929924175143242
550	0.387	0.421	0.403	0.368
560	0.387	0.424	0.403	0.370
570	0.387	0.426	0.403	0.372
580	0.386	0.426	0.402	0.369
590	0.386	0.428	0.402	0.370
eigenvalues:  tensor([67.2630, 57.1268])
hess item is 0.05657689645886421
600	0.385	0.428	0.402	0.372
610	0.385	0.430	0.402	0.371
620	0.385	0.434	0.401	0.372
630	0.384	0.433	0.401	0.373
640	0.384	0.435	0.401	0.373
eigenvalues:  tensor([66.6074, 56.9526])
hess item is 0.053982801735401154
650	0.384	0.433	0.401	0.373
660	0.383	0.436	0.401	0.374
670	0.383	0.438	0.401	0.375
680	0.383	0.437	0.401	0.374
690	0.382	0.440	0.400	0.376
eigenvalues:  tensor([66.2391, 56.6585])
hess item is 0.05151800811290741
700	0.382	0.441	0.400	0.377
710	0.381	0.442	0.400	0.377
720	0.381	0.441	0.400	0.379
730	0.381	0.443	0.400	0.378
740	0.380	0.444	0.399	0.378
eigenvalues:  tensor([65.7085, 56.5272])
hess item is 0.04918130487203598
750	0.380	0.446	0.399	0.379
760	0.379	0.446	0.399	0.377
770	0.379	0.449	0.399	0.379
780	0.379	0.451	0.399	0.379
790	0.378	0.450	0.399	0.380
eigenvalues:  tensor([65.3007, 56.3511])
hess item is 0.046953149139881134
800	0.378	0.451	0.399	0.381
810	0.378	0.451	0.399	0.381
820	0.377	0.454	0.398	0.380
830	0.377	0.456	0.398	0.384
840	0.377	0.457	0.398	0.383
eigenvalues:  tensor([64.7415, 56.0817])
hess item is 0.04483538120985031
850	0.376	0.458	0.398	0.385
860	0.376	0.458	0.398	0.382
870	0.376	0.460	0.398	0.384
880	0.376	0.462	0.398	0.387
890	0.375	0.463	0.397	0.387
eigenvalues:  tensor([64.3945, 56.0251])
hess item is 0.04281673580408096
900	0.375	0.463	0.397	0.386
910	0.375	0.464	0.397	0.387
920	0.374	0.464	0.397	0.387
930	0.374	0.468	0.397	0.386
940	0.374	0.467	0.397	0.387
eigenvalues:  tensor([63.8339, 55.7415])
hess item is 0.04090236499905586
950	0.373	0.471	0.397	0.388
960	0.373	0.468	0.397	0.388
970	0.373	0.470	0.397	0.389
980	0.372	0.474	0.396	0.389
990	0.372	0.470	0.396	0.390
eigenvalues:  tensor([63.7096, 55.7676])
hess item is 0.039077579975128174
1000	0.372	0.471	0.396	0.389
1010	0.371	0.474	0.396	0.390
1020	0.371	0.477	0.396	0.391
1030	0.371	0.473	0.396	0.390
1040	0.370	0.475	0.396	0.389
eigenvalues:  tensor([63.2111, 55.5576])
hess item is 0.03735068440437317
1050	0.370	0.477	0.396	0.391
1060	0.370	0.479	0.395	0.393
1070	0.369	0.480	0.395	0.392
1080	0.369	0.482	0.395	0.393
1090	0.369	0.483	0.395	0.394
eigenvalues:  tensor([62.8656, 55.3001])
hess item is 0.03569839149713516
1100	0.368	0.483	0.395	0.394
1110	0.368	0.484	0.395	0.394
1120	0.368	0.487	0.395	0.392
1130	0.367	0.484	0.395	0.395
1140	0.367	0.483	0.395	0.396
eigenvalues:  tensor([62.6046, 55.2410])
hess item is 0.03413769602775574
1150	0.367	0.485	0.395	0.398
1160	0.366	0.487	0.395	0.396
1170	0.366	0.486	0.395	0.395
1180	0.366	0.490	0.394	0.398
1190	0.366	0.490	0.394	0.398
eigenvalues:  tensor([62.2116, 54.9822])
hess item is 0.03265979513525963
1200	0.365	0.494	0.394	0.398
1210	0.365	0.490	0.394	0.397
1220	0.365	0.494	0.394	0.399
1230	0.364	0.493	0.394	0.398
1240	0.364	0.499	0.394	0.399
eigenvalues:  tensor([62.0872, 54.9218])
hess item is 0.031249910593032837
1250	0.363	0.497	0.394	0.400
1260	0.363	0.497	0.393	0.400
1270	0.363	0.497	0.393	0.399
1280	0.363	0.495	0.394	0.399
1290	0.362	0.500	0.394	0.400
eigenvalues:  tensor([61.7835, 54.6742])
hess item is 0.02991703525185585
1300	0.362	0.503	0.394	0.399
1310	0.362	0.503	0.394	0.398
1320	0.361	0.505	0.393	0.402
1330	0.361	0.502	0.393	0.401
1340	0.361	0.504	0.393	0.400
eigenvalues:  tensor([61.6903, 54.6968])
hess item is 0.028638599440455437
1350	0.360	0.506	0.393	0.401
1360	0.360	0.510	0.393	0.403
1370	0.359	0.511	0.393	0.405
1380	0.359	0.505	0.393	0.401
1390	0.359	0.510	0.393	0.400
eigenvalues:  tensor([61.0633, 54.6281])
hess item is 0.02744162082672119
1400	0.359	0.508	0.393	0.401
1410	0.358	0.516	0.392	0.402
1420	0.358	0.514	0.392	0.405
1430	0.358	0.514	0.393	0.402
1440	0.358	0.515	0.393	0.402
eigenvalues:  tensor([60.9964, 54.4963])
hess item is 0.026294352486729622
1450	0.357	0.516	0.392	0.404
1460	0.357	0.520	0.392	0.407
1470	0.356	0.515	0.392	0.404
1480	0.356	0.519	0.392	0.403
1490	0.356	0.525	0.393	0.404
eigenvalues:  tensor([60.9523, 54.4656])
hess item is 0.025206709280610085
1500	0.355	0.526	0.392	0.407
1510	0.355	0.522	0.392	0.405
1520	0.355	0.528	0.392	0.409
1530	0.355	0.527	0.392	0.407
1540	0.354	0.524	0.392	0.403
eigenvalues:  tensor([61.0156, 54.1715])
hess item is 0.024183882400393486
1550	0.353	0.530	0.391	0.409
1560	0.354	0.529	0.392	0.406
1570	0.353	0.529	0.392	0.404
1580	0.353	0.528	0.392	0.407
1590	0.352	0.533	0.391	0.406
eigenvalues:  tensor([60.5714, 53.7805])
hess item is 0.023235511034727097
1600	0.352	0.525	0.392	0.406
1610	0.352	0.535	0.392	0.407
1620	0.351	0.536	0.391	0.407
1630	0.351	0.538	0.392	0.408
1640	0.350	0.539	0.391	0.407
eigenvalues:  tensor([60.6172, 53.6711])
hess item is 0.022317487746477127
1650	0.350	0.542	0.391	0.409
1660	0.350	0.539	0.392	0.407
1670	0.350	0.538	0.392	0.405
1680	0.350	0.540	0.392	0.410
1690	0.349	0.535	0.391	0.407
eigenvalues:  tensor([60.0560, 53.5482])
hess item is 0.021459564566612244
1700	0.350	0.536	0.393	0.406
1710	0.348	0.543	0.391	0.408
1720	0.347	0.549	0.391	0.410
1730	0.348	0.542	0.392	0.409
1740	0.348	0.545	0.392	0.408
eigenvalues:  tensor([60.2115, 52.9360])
hess item is 0.02065257914364338
1750	0.347	0.547	0.392	0.407
1760	0.346	0.554	0.391	0.414
1770	0.345	0.548	0.390	0.410
1780	0.347	0.538	0.393	0.401
1790	0.347	0.544	0.394	0.400
eigenvalues:  tensor([59.1616, 52.4648])
hess item is 0.019903898239135742
1800	0.345	0.547	0.391	0.410
1810	0.345	0.555	0.391	0.413
1820	0.344	0.551	0.391	0.408
1830	0.346	0.553	0.393	0.410
1840	0.343	0.561	0.390	0.412
eigenvalues:  tensor([57.9727, 52.0949])
hess item is 0.019196312874555588
1850	0.343	0.562	0.391	0.414
1860	0.343	0.558	0.391	0.410
1870	0.349	0.541	0.397	0.398
1880	0.343	0.558	0.392	0.410
1890	0.341	0.567	0.390	0.410
eigenvalues:  tensor([56.5918, 51.7861])
hess item is 0.018551507964730263
1900	0.341	0.562	0.391	0.414
1910	0.341	0.569	0.391	0.415
1920	0.342	0.561	0.392	0.409
1930	0.340	0.569	0.390	0.412
1940	0.339	0.570	0.390	0.413
eigenvalues:  tensor([56.0550, 50.7620])
hess item is 0.01792529784142971
1950	0.340	0.566	0.392	0.407
1960	0.339	0.574	0.391	0.414
1970	0.344	0.554	0.395	0.401
1980	0.338	0.572	0.391	0.411
1990	0.338	0.570	0.391	0.413
eigenvalues:  tensor([54.0978, 50.6994])
hess item is 0.017354128882288933
2000	0.339	0.573	0.393	0.408
2010	0.339	0.564	0.393	0.408
2020	0.339	0.563	0.394	0.404
2030	0.335	0.581	0.390	0.415
2040	0.338	0.574	0.393	0.406
eigenvalues:  tensor([53.0211, 49.8318])
hess item is 0.016818463802337646
2050	0.340	0.570	0.396	0.404
2060	0.338	0.565	0.394	0.406
2070	0.344	0.556	0.400	0.395
2080	0.338	0.573	0.395	0.401
2090	0.344	0.555	0.401	0.391
eigenvalues:  tensor([48.3499, 46.0495])
hess item is 0.016464823856949806
2100	0.338	0.567	0.396	0.401
2110	0.340	0.571	0.397	0.408
2120	0.337	0.581	0.395	0.410
2130	0.340	0.570	0.398	0.408
2140	0.338	0.572	0.397	0.400
eigenvalues:  tensor([46.3674, 45.4214])
hess item is 0.016117189079523087
2150	0.342	0.565	0.401	0.397
2160	0.332	0.584	0.392	0.411
2170	0.348	0.558	0.408	0.396
2180	0.342	0.569	0.402	0.395
2190	0.336	0.572	0.397	0.400
eigenvalues:  tensor([44.9819, 43.4046])
hess item is 0.015821175649762154
2200	0.339	0.569	0.400	0.398
2210	0.335	0.589	0.396	0.401
2220	0.329	0.600	0.392	0.414
2230	0.341	0.567	0.405	0.388
2240	0.342	0.572	0.404	0.401
eigenvalues:  tensor([43.3785, 41.4894])
hess item is 0.015536417253315449
2250	0.334	0.576	0.399	0.392
2260	0.327	0.603	0.391	0.418
2270	0.353	0.546	0.417	0.382
2280	0.334	0.585	0.398	0.408
2290	0.347	0.554	0.412	0.379
eigenvalues:  tensor([40.9491, 40.4741])
hess item is 0.015339353121817112
2300	0.326	0.609	0.391	0.414
2310	0.338	0.558	0.405	0.393
2320	0.345	0.568	0.411	0.378
2330	0.343	0.555	0.410	0.381
2340	0.332	0.595	0.399	0.399
eigenvalues:  tensor([39.7100, 38.6466])
hess item is 0.015218926593661308
2350	0.330	0.598	0.397	0.405
2360	0.353	0.544	0.419	0.383
2370	0.376	0.513	0.441	0.361
2380	0.341	0.568	0.408	0.395
2390	0.341	0.569	0.408	0.395
eigenvalues:  tensor([37.2749, 36.6956])
hess item is 0.01516717579215765
2400	0.330	0.593	0.398	0.401
2410	0.334	0.587	0.404	0.398
2420	0.328	0.595	0.399	0.406
2430	0.346	0.570	0.415	0.379
2440	0.332	0.590	0.402	0.397
eigenvalues:  tensor([36.3515, 35.7029])
hess item is 0.014944097027182579
2450	0.339	0.573	0.410	0.384
2460	0.333	0.589	0.406	0.397
2470	0.342	0.563	0.414	0.384
2480	0.350	0.548	0.420	0.377
2490	0.339	0.582	0.412	0.384
eigenvalues:  tensor([35.5816, 34.2375])
hess item is 0.014861417934298515
2500	0.337	0.575	0.408	0.394
2510	0.323	0.615	0.396	0.412
2520	0.334	0.596	0.409	0.392
2530	0.325	0.608	0.399	0.408
2540	0.340	0.587	0.414	0.388
eigenvalues:  tensor([34.1955, 33.7735])
hess item is 0.014605398289859295
2550	0.326	0.603	0.402	0.401
2560	0.326	0.615	0.402	0.403
2570	0.329	0.606	0.406	0.400
2580	0.328	0.594	0.405	0.398
2590	0.324	0.619	0.401	0.408
eigenvalues:  tensor([33.5152, 32.3981])
hess item is 0.014425157569348812
2600	0.321	0.618	0.398	0.411
2610	0.337	0.595	0.414	0.391
2620	0.325	0.612	0.404	0.402
2630	0.315	0.641	0.394	0.412
2640	0.331	0.599	0.413	0.385
eigenvalues:  tensor([33.5549, 32.3022])
hess item is 0.01417473889887333
2650	0.320	0.624	0.401	0.403
2660	0.330	0.607	0.411	0.403
2670	0.321	0.624	0.404	0.403
2680	0.311	0.647	0.394	0.420
2690	0.312	0.649	0.395	0.415
eigenvalues:  tensor([33.1124, 31.6603])
hess item is 0.014020389877259731
2700	0.318	0.628	0.401	0.400
2710	0.322	0.627	0.405	0.407
2720	0.314	0.641	0.399	0.411
2730	0.329	0.613	0.413	0.379
2740	0.321	0.611	0.407	0.401
eigenvalues:  tensor([32.6970, 31.4164])
hess item is 0.013832048512995243
2750	0.314	0.638	0.400	0.406
2760	0.315	0.637	0.402	0.400
2770	0.314	0.637	0.401	0.411
2780	0.312	0.648	0.400	0.401
2790	0.317	0.639	0.404	0.403
eigenvalues:  tensor([31.7858, 31.6394])
hess item is 0.01366316620260477
2800	0.325	0.626	0.413	0.383
2810	0.304	0.662	0.395	0.418
2820	0.309	0.658	0.399	0.415
2830	0.302	0.676	0.393	0.418
2840	0.314	0.636	0.406	0.394
eigenvalues:  tensor([31.7946, 30.9610])
hess item is 0.013418382965028286
2850	0.308	0.651	0.401	0.412
2860	0.315	0.636	0.408	0.403
2870	0.301	0.677	0.395	0.415
2880	0.302	0.676	0.398	0.409
2890	0.303	0.668	0.398	0.410
eigenvalues:  tensor([31.8249, 31.4986])
hess item is 0.013162419199943542
2900	0.308	0.662	0.403	0.402
2910	0.302	0.666	0.399	0.407
2920	0.306	0.666	0.403	0.411
2930	0.299	0.678	0.397	0.423
2940	0.318	0.631	0.415	0.389
eigenvalues:  tensor([31.6036, 30.8628])
hess item is 0.013010439462959766
2950	0.304	0.667	0.405	0.405
2960	0.306	0.656	0.407	0.403
2970	0.305	0.669	0.405	0.410
2980	0.301	0.673	0.402	0.411
2990	0.302	0.674	0.404	0.405
eigenvalues:  tensor([31.2348, 30.6013])
hess item is 0.012827327474951744
3000	0.310	0.655	0.413	0.393
3010	0.303	0.675	0.407	0.408
3020	0.303	0.669	0.405	0.405
3030	0.308	0.667	0.412	0.397
3040	0.294	0.700	0.400	0.410
eigenvalues:  tensor([31.2606, 30.4937])
hess item is 0.01260705292224884
3050	0.298	0.683	0.405	0.410
3060	0.295	0.702	0.401	0.405
3070	0.298	0.683	0.405	0.407
3080	0.297	0.685	0.406	0.405
3090	0.295	0.694	0.403	0.410
eigenvalues:  tensor([31.0322, 30.4277])
hess item is 0.012386851012706757
3100	0.287	0.708	0.397	0.417
3110	0.294	0.694	0.404	0.414
3120	0.294	0.695	0.406	0.410
3130	0.294	0.690	0.406	0.408
3140	0.295	0.694	0.407	0.408
eigenvalues:  tensor([31.5179, 31.1035])
hess item is 0.012204239144921303
3150	0.294	0.696	0.408	0.401
3160	0.296	0.686	0.410	0.403
3170	0.285	0.718	0.400	0.419
3180	0.294	0.697	0.410	0.400
3190	0.282	0.721	0.398	0.416
eigenvalues:  tensor([31.2355, 30.4164])
hess item is 0.012063872069120407
3200	0.280	0.731	0.397	0.418
3210	0.289	0.702	0.407	0.402
3220	0.290	0.704	0.409	0.405
3230	0.296	0.697	0.416	0.394
3240	0.294	0.701	0.413	0.407
eigenvalues:  tensor([31.5036, 31.2554])
hess item is 0.011920872144401073
3250	0.280	0.729	0.400	0.413
3260	0.288	0.702	0.410	0.406
3270	0.310	0.662	0.430	0.380
3280	0.289	0.705	0.410	0.402
3290	0.295	0.693	0.416	0.402
eigenvalues:  tensor([31.9485, 31.4257])
hess item is 0.011874775402247906
3300	0.296	0.695	0.417	0.392
3310	0.287	0.708	0.409	0.412
3320	0.285	0.707	0.409	0.409
3330	0.279	0.737	0.405	0.410
3340	0.296	0.697	0.422	0.400
eigenvalues:  tensor([31.6774, 31.1006])
hess item is 0.011774567887187004
3350	0.281	0.724	0.408	0.408
3360	0.276	0.743	0.404	0.413
3370	0.283	0.726	0.411	0.403
3380	0.276	0.738	0.405	0.413
3390	0.280	0.731	0.410	0.411
eigenvalues:  tensor([30.8412, 30.6834])
hess item is 0.011566132307052612
3400	0.277	0.737	0.408	0.404
3410	0.275	0.732	0.406	0.410
3420	0.276	0.739	0.408	0.415
3430	0.286	0.703	0.421	0.393
3440	0.277	0.728	0.412	0.411
eigenvalues:  tensor([31.2477, 31.1106])
hess item is 0.011476588435471058
3450	0.277	0.736	0.412	0.405
3460	0.267	0.767	0.402	0.414
3470	0.268	0.762	0.405	0.412
3480	0.277	0.738	0.415	0.403
3490	0.267	0.762	0.403	0.411
eigenvalues:  tensor([31.0043, 30.8462])
hess item is 0.01132800430059433
3500	0.275	0.743	0.412	0.408
3510	0.270	0.749	0.409	0.412
3520	0.279	0.731	0.419	0.397
3530	0.271	0.746	0.411	0.407
3540	0.268	0.763	0.409	0.407
eigenvalues:  tensor([31.2486, 30.8432])
hess item is 0.011217240244150162
3550	0.274	0.743	0.415	0.404
3560	0.278	0.734	0.420	0.389
3570	0.268	0.756	0.411	0.405
3580	0.270	0.760	0.413	0.400
3590	0.268	0.758	0.410	0.417
eigenvalues:  tensor([31.1516, 30.3034])
hess item is 0.011111617088317871
3600	0.270	0.754	0.417	0.400
3610	0.266	0.763	0.414	0.405
3620	0.267	0.762	0.414	0.404
3630	0.259	0.785	0.407	0.409
3640	0.261	0.775	0.411	0.406
eigenvalues:  tensor([31.1272, 30.4862])
hess item is 0.010974165983498096
3650	0.263	0.776	0.413	0.405
3660	0.268	0.766	0.418	0.395
3670	0.280	0.738	0.428	0.388
3680	0.261	0.775	0.413	0.407
3690	0.256	0.789	0.408	0.410
eigenvalues:  tensor([31.2974, 31.0274])
hess item is 0.010950018651783466
3700	0.267	0.767	0.421	0.398
3710	0.263	0.770	0.415	0.399
3720	0.256	0.789	0.410	0.412
3730	0.259	0.781	0.412	0.409
3740	0.259	0.780	0.414	0.405
eigenvalues:  tensor([31.2416, 31.0248])
hess item is 0.010895047336816788
3750	0.256	0.787	0.412	0.408
3760	0.261	0.776	0.417	0.404
3770	0.263	0.770	0.420	0.401
3780	0.260	0.777	0.418	0.403
3790	0.254	0.794	0.414	0.403
eigenvalues:  tensor([31.5608, 30.9468])
hess item is 0.010804716497659683
3800	0.258	0.779	0.419	0.409
3810	0.261	0.779	0.423	0.394
3820	0.246	0.812	0.410	0.413
3830	0.251	0.794	0.414	0.407
3840	0.249	0.805	0.414	0.405
eigenvalues:  tensor([30.9574, 30.5984])
hess item is 0.010689928196370602
3850	0.245	0.811	0.410	0.407
3860	0.253	0.807	0.418	0.404
3870	0.254	0.790	0.420	0.402
3880	0.247	0.809	0.413	0.409
3890	0.254	0.792	0.423	0.396
eigenvalues:  tensor([31.6612, 31.2556])
hess item is 0.01066621020436287
3900	0.250	0.804	0.419	0.399
3910	0.247	0.802	0.416	0.405
3920	0.246	0.810	0.416	0.404
3930	0.243	0.815	0.413	0.410
3940	0.256	0.783	0.427	0.402
eigenvalues:  tensor([32.1495, 31.4526])
hess item is 0.01064243819564581
3950	0.249	0.795	0.423	0.402
3960	0.246	0.809	0.420	0.405
3970	0.242	0.815	0.416	0.408
3980	0.242	0.821	0.418	0.405
3990	0.238	0.822	0.415	0.408
eigenvalues:  tensor([31.7574, 31.1719])
hess item is 0.010492012836039066
4000	0.237	0.830	0.415	0.410
4010	0.243	0.816	0.422	0.396
4020	0.250	0.802	0.427	0.394
4030	0.239	0.823	0.419	0.406
4040	0.244	0.817	0.421	0.405
eigenvalues:  tensor([31.8227, 31.3346])
hess item is 0.010454289615154266
4050	0.238	0.828	0.419	0.407
4060	0.235	0.835	0.418	0.408
4070	0.242	0.820	0.424	0.402
4080	0.234	0.830	0.417	0.405
4090	0.247	0.809	0.433	0.391
eigenvalues:  tensor([32.1747, 31.4158])
hess item is 0.010386907495558262
4100	0.237	0.840	0.421	0.398
4110	0.233	0.843	0.418	0.406
4120	0.237	0.834	0.424	0.402
4130	0.237	0.833	0.424	0.398
4140	0.240	0.820	0.425	0.403
eigenvalues:  tensor([32.0729, 31.3593])
hess item is 0.010359358042478561
4150	0.232	0.842	0.420	0.405
4160	0.239	0.821	0.427	0.401
4170	0.236	0.827	0.425	0.398
4180	0.227	0.845	0.419	0.407
4190	0.230	0.836	0.421	0.409
eigenvalues:  tensor([30.8953, 30.7993])
hess item is 0.010206705890595913
4200	0.225	0.853	0.418	0.413
4210	0.224	0.857	0.418	0.408
4220	0.241	0.814	0.435	0.388
4230	0.256	0.793	0.450	0.380
4240	0.236	0.827	0.431	0.398
eigenvalues:  tensor([32.1944, 31.9415])
hess item is 0.010181771591305733
4250	0.238	0.818	0.433	0.401
4260	0.229	0.842	0.425	0.403
4270	0.225	0.851	0.423	0.406
4280	0.230	0.844	0.427	0.398
4290	0.235	0.824	0.434	0.390
eigenvalues:  tensor([31.9664, 31.7166])
hess item is 0.010148094035685062
4300	0.237	0.817	0.437	0.396
4310	0.237	0.826	0.438	0.385
4320	0.228	0.847	0.428	0.395
4330	0.221	0.862	0.423	0.404
4340	0.224	0.868	0.426	0.400
eigenvalues:  tensor([32.1692, 31.3375])
hess item is 0.010137014091014862
4350	0.228	0.844	0.434	0.393
4360	0.238	0.827	0.441	0.394
4370	0.219	0.862	0.424	0.405
4380	0.215	0.875	0.422	0.405
4390	0.227	0.840	0.434	0.387
eigenvalues:  tensor([32.6055, 32.1371])
hess item is 0.010136520490050316
4400	0.238	0.825	0.444	0.385
4410	0.226	0.845	0.433	0.397
4420	0.217	0.874	0.427	0.398
4430	0.218	0.868	0.427	0.401
4440	0.218	0.864	0.428	0.403
eigenvalues:  tensor([31.9888, 30.9426])
hess item is 0.010132579132914543
4450	0.229	0.842	0.440	0.391
4460	0.224	0.856	0.436	0.391
4470	0.240	0.805	0.450	0.384
4480	0.214	0.873	0.428	0.402
4490	0.227	0.846	0.441	0.387
eigenvalues:  tensor([31.6063, 31.2135])
hess item is 0.010044440627098083
4500	0.216	0.863	0.430	0.401
4510	0.211	0.871	0.429	0.403
4520	0.226	0.854	0.442	0.392
4530	0.214	0.868	0.430	0.399
4540	0.216	0.879	0.435	0.392
eigenvalues:  tensor([31.8765, 31.3404])
hess item is 0.009993706829845905
4550	0.210	0.882	0.429	0.404
4560	0.207	0.884	0.428	0.404
4570	0.211	0.882	0.431	0.398
4580	0.211	0.876	0.432	0.399
4590	0.207	0.883	0.430	0.401
eigenvalues:  tensor([32.2768, 31.6176])
hess item is 0.009937731549143791
4600	0.206	0.892	0.429	0.400
4610	0.217	0.865	0.440	0.388
4620	0.208	0.879	0.432	0.400
4630	0.205	0.886	0.429	0.404
4640	0.216	0.869	0.441	0.395
eigenvalues:  tensor([32.7738, 32.0236])
hess item is 0.009957203641533852
4650	0.214	0.865	0.439	0.397
4660	0.213	0.871	0.438	0.400
4670	0.207	0.890	0.436	0.393
4680	0.212	0.865	0.441	0.391
4690	0.204	0.881	0.434	0.405
eigenvalues:  tensor([32.2472, 31.1645])
hess item is 0.009932855144143105
4700	0.202	0.891	0.432	0.403
4710	0.211	0.872	0.443	0.393
4720	0.207	0.872	0.436	0.400
4730	0.207	0.889	0.439	0.393
4740	0.214	0.872	0.446	0.390
eigenvalues:  tensor([32.0712, 31.5923])
hess item is 0.009903916157782078
4750	0.199	0.894	0.432	0.406
4760	0.201	0.898	0.436	0.400
4770	0.214	0.868	0.450	0.388
4780	0.204	0.885	0.440	0.391
4790	0.196	0.899	0.433	0.398
eigenvalues:  tensor([32.4549, 32.2314])
hess item is 0.009882566519081593
4800	0.207	0.874	0.444	0.393
4810	0.196	0.905	0.433	0.405
4820	0.209	0.878	0.447	0.385
4830	0.198	0.892	0.436	0.406
4840	0.209	0.878	0.449	0.379
eigenvalues:  tensor([31.9879, 31.8364])
hess item is 0.009917455725371838
4850	0.203	0.886	0.443	0.394
4860	0.197	0.897	0.439	0.397
4870	0.215	0.864	0.452	0.384
4880	0.198	0.892	0.440	0.396
4890	0.202	0.880	0.443	0.397
eigenvalues:  tensor([31.9698, 31.6286])
hess item is 0.00986235961318016
4900	0.193	0.903	0.437	0.401
4910	0.200	0.894	0.444	0.393
4920	0.204	0.886	0.448	0.391
4930	0.204	0.884	0.452	0.384
4940	0.203	0.889	0.449	0.393
eigenvalues:  tensor([32.1721, 31.6429])
hess item is 0.009875199757516384
4950	0.192	0.901	0.441	0.401
4960	0.197	0.897	0.446	0.392
4970	0.204	0.873	0.452	0.389
4980	0.204	0.881	0.452	0.392
4990	0.210	0.874	0.458	0.385
eigenvalues:  tensor([32.5664, 32.2633])
hess item is 0.009822456166148186
5000	0.196	0.895	0.444	0.400
5010	0.197	0.896	0.449	0.390
5020	0.192	0.900	0.444	0.400
5030	0.212	0.875	0.464	0.370
5040	0.190	0.905	0.443	0.397
eigenvalues:  tensor([31.9211, 31.5207])
hess item is 0.009868616238236427
5050	0.193	0.898	0.447	0.395
5060	0.190	0.909	0.444	0.402
5070	0.185	0.915	0.440	0.402
5080	0.199	0.880	0.454	0.386
5090	0.190	0.908	0.446	0.393
eigenvalues:  tensor([32.1718, 31.4911])
hess item is 0.009822194464504719
5100	0.196	0.899	0.453	0.391
5110	0.186	0.910	0.446	0.399
5120	0.182	0.923	0.442	0.398
5130	0.188	0.914	0.449	0.382
5140	0.180	0.919	0.443	0.401
eigenvalues:  tensor([33.0439, 32.4609])
hess item is 0.009798676706850529
5150	0.194	0.897	0.456	0.387
5160	0.192	0.896	0.451	0.390
5170	0.199	0.893	0.459	0.378
5180	0.181	0.918	0.445	0.391
5190	0.190	0.910	0.454	0.389
eigenvalues:  tensor([31.9259, 31.5996])
hess item is 0.009777468629181385
5200	0.181	0.918	0.448	0.387
5210	0.183	0.918	0.449	0.391
5220	0.195	0.894	0.462	0.384
5230	0.195	0.899	0.464	0.383
5240	0.185	0.909	0.452	0.395
eigenvalues:  tensor([32.5946, 32.2119])
hess item is 0.009731510654091835
5250	0.183	0.911	0.453	0.393
5260	0.185	0.910	0.453	0.389
5270	0.196	0.895	0.462	0.384
5280	0.183	0.910	0.452	0.392
5290	0.174	0.929	0.444	0.396
eigenvalues:  tensor([32.8866, 32.6733])
hess item is 0.009755963459610939
5300	0.188	0.906	0.456	0.385
5310	0.189	0.910	0.461	0.375
5320	0.180	0.914	0.453	0.385
5330	0.180	0.917	0.452	0.394
5340	0.181	0.922	0.454	0.388
eigenvalues:  tensor([32.5957, 32.1505])
hess item is 0.009736524894833565
5350	0.178	0.927	0.452	0.386
5360	0.187	0.911	0.459	0.391
5370	0.175	0.934	0.450	0.386
5380	0.170	0.936	0.447	0.390
5390	0.193	0.897	0.469	0.375
eigenvalues:  tensor([32.5006, 32.1826])
hess item is 0.009764064103364944
5400	0.194	0.894	0.468	0.382
5410	0.181	0.914	0.457	0.391
5420	0.170	0.935	0.450	0.394
5430	0.175	0.927	0.454	0.391
5440	0.173	0.929	0.452	0.391
eigenvalues:  tensor([32.4369, 32.0114])
hess item is 0.009724568575620651
5450	0.180	0.923	0.458	0.388
5460	0.170	0.935	0.452	0.390
5470	0.180	0.927	0.464	0.377
5480	0.167	0.937	0.450	0.391
5490	0.177	0.923	0.460	0.388
eigenvalues:  tensor([32.6887, 32.1873])
hess item is 0.009650493040680885
5500	0.171	0.931	0.453	0.393
5510	0.188	0.902	0.468	0.378
5520	0.178	0.920	0.463	0.376
5530	0.173	0.923	0.458	0.391
5540	0.180	0.912	0.467	0.383
eigenvalues:  tensor([33.0557, 32.4009])
hess item is 0.009592898190021515
5550	0.168	0.934	0.453	0.395
5560	0.191	0.900	0.477	0.373
5570	0.175	0.927	0.462	0.387
5580	0.175	0.923	0.462	0.391
5590	0.173	0.929	0.457	0.386
eigenvalues:  tensor([32.2348, 31.8239])
hess item is 0.009549660608172417
5600	0.166	0.941	0.455	0.389
5610	0.163	0.938	0.452	0.396
5620	0.174	0.921	0.464	0.383
5630	0.170	0.930	0.458	0.390
5640	0.167	0.935	0.457	0.384
eigenvalues:  tensor([32.3783, 32.1559])
hess item is 0.009567768312990665
5650	0.168	0.928	0.458	0.390
5660	0.179	0.922	0.469	0.377
5670	0.172	0.929	0.465	0.381
5680	0.164	0.939	0.456	0.393
5690	0.184	0.905	0.475	0.372
eigenvalues:  tensor([32.2675, 31.6687])
hess item is 0.009566699154675007
5700	0.161	0.942	0.458	0.389
5710	0.162	0.939	0.457	0.388
5720	0.174	0.916	0.469	0.383
5730	0.173	0.931	0.468	0.375
5740	0.163	0.943	0.460	0.386
eigenvalues:  tensor([32.9784, 32.3959])
hess item is 0.009516364894807339
5750	0.163	0.938	0.459	0.386
5760	0.159	0.941	0.457	0.388
5770	0.161	0.942	0.459	0.386
5780	0.164	0.941	0.464	0.386
5790	0.162	0.942	0.462	0.386
eigenvalues:  tensor([32.5283, 31.6822])
hess item is 0.009469974786043167
5800	0.165	0.939	0.466	0.382
5810	0.158	0.946	0.459	0.386
5820	0.173	0.918	0.474	0.382
5830	0.160	0.944	0.463	0.390
5840	0.169	0.930	0.472	0.381
eigenvalues:  tensor([32.4036, 31.8514])
hess item is 0.009501504711806774
5850	0.177	0.914	0.478	0.377
5860	0.162	0.936	0.465	0.391
5870	0.158	0.941	0.464	0.386
5880	0.161	0.939	0.467	0.383
5890	0.160	0.940	0.467	0.376
eigenvalues:  tensor([32.4386, 31.7952])
hess item is 0.009447352960705757
5900	0.161	0.933	0.467	0.384
5910	0.157	0.941	0.465	0.384
5920	0.161	0.939	0.469	0.380
5930	0.166	0.934	0.473	0.383
5940	0.162	0.936	0.468	0.387
eigenvalues:  tensor([32.5365, 32.0294])
hess item is 0.009424310177564621
5950	0.156	0.941	0.464	0.389
5960	0.162	0.939	0.469	0.384
5970	0.176	0.917	0.481	0.382
5980	0.154	0.946	0.463	0.387
5990	0.180	0.909	0.489	0.377
eigenvalues:  tensor([32.5017, 31.9542])
hess item is 0.009395109489560127
6000	0.149	0.954	0.461	0.389
6010	0.153	0.955	0.464	0.386
6020	0.152	0.942	0.463	0.391
6030	0.149	0.955	0.465	0.385
6040	0.148	0.955	0.463	0.388
eigenvalues:  tensor([32.4897, 31.7877])
hess item is 0.009245502762496471
6050	0.152	0.947	0.469	0.389
6060	0.147	0.956	0.464	0.385
6070	0.158	0.938	0.475	0.380
6080	0.151	0.943	0.468	0.384
6090	0.151	0.944	0.466	0.384
eigenvalues:  tensor([32.5729, 31.9984])
hess item is 0.009204192087054253
6100	0.146	0.953	0.464	0.390
6110	0.161	0.934	0.478	0.377
6120	0.161	0.924	0.479	0.378
6130	0.162	0.925	0.479	0.372
6140	0.153	0.944	0.470	0.383
eigenvalues:  tensor([32.0760, 31.7329])
hess item is 0.009206737391650677
6150	0.153	0.945	0.471	0.388
6160	0.149	0.951	0.470	0.385
6170	0.153	0.945	0.474	0.380
6180	0.150	0.949	0.469	0.384
6190	0.168	0.924	0.484	0.380
eigenvalues:  tensor([32.9130, 32.1948])
hess item is 0.009254271164536476
6200	0.158	0.943	0.479	0.371
6210	0.148	0.948	0.468	0.389
6220	0.148	0.955	0.471	0.378
6230	0.155	0.942	0.477	0.378
6240	0.148	0.947	0.472	0.382
eigenvalues:  tensor([32.5870, 32.1646])
hess item is 0.009201659820973873
6250	0.144	0.950	0.468	0.385
6260	0.142	0.958	0.465	0.389
6270	0.151	0.952	0.477	0.377
6280	0.151	0.950	0.477	0.378
6290	0.149	0.946	0.474	0.383
eigenvalues:  tensor([32.3944, 31.7506])
hess item is 0.009179387241601944
6300	0.146	0.953	0.475	0.377
6310	0.158	0.940	0.481	0.381
6320	0.139	0.958	0.466	0.392
6330	0.142	0.961	0.472	0.381
6340	0.143	0.959	0.473	0.381
eigenvalues:  tensor([32.3790, 31.7403])
hess item is 0.009090546518564224
6350	0.139	0.956	0.470	0.383
6360	0.143	0.956	0.475	0.377
6370	0.155	0.942	0.486	0.370
6380	0.146	0.952	0.479	0.382
6390	0.156	0.935	0.487	0.376
eigenvalues:  tensor([32.8623, 32.1364])
hess item is 0.009162087924778461
6400	0.151	0.949	0.480	0.384
6410	0.145	0.957	0.476	0.380
6420	0.139	0.957	0.472	0.383
6430	0.136	0.962	0.471	0.387
6440	0.144	0.954	0.475	0.387
eigenvalues:  tensor([32.2541, 31.6223])
hess item is 0.009226643480360508
6450	0.137	0.962	0.472	0.385
6460	0.138	0.960	0.474	0.382
6470	0.148	0.951	0.480	0.377
6480	0.151	0.947	0.484	0.373
6490	0.141	0.958	0.478	0.373
eigenvalues:  tensor([32.9446, 32.3912])
hess item is 0.00925939530134201
6500	0.137	0.957	0.473	0.386
6510	0.143	0.949	0.480	0.377
6520	0.137	0.961	0.474	0.383
6530	0.146	0.949	0.483	0.377
6540	0.141	0.951	0.479	0.387
eigenvalues:  tensor([32.9017, 32.3262])
hess item is 0.009122369810938835
6550	0.143	0.949	0.480	0.378
6560	0.150	0.944	0.488	0.363
6570	0.138	0.961	0.476	0.376
6580	0.144	0.955	0.480	0.380
6590	0.137	0.955	0.477	0.381
eigenvalues:  tensor([32.2971, 31.8249])
hess item is 0.009088913910090923
6600	0.136	0.962	0.477	0.382
6610	0.131	0.965	0.474	0.387
6620	0.128	0.966	0.471	0.386
6630	0.141	0.950	0.483	0.385
6640	0.133	0.965	0.477	0.382
eigenvalues:  tensor([32.3043, 31.7745])
hess item is 0.009028838016092777
6650	0.129	0.966	0.473	0.388
6660	0.136	0.962	0.480	0.373
6670	0.133	0.964	0.479	0.383
6680	0.133	0.964	0.480	0.382
6690	0.130	0.967	0.477	0.383
eigenvalues:  tensor([32.0625, 31.3998])
hess item is 0.008972843177616596
6700	0.127	0.970	0.474	0.381
6710	0.135	0.963	0.483	0.379
6720	0.133	0.962	0.480	0.377
6730	0.132	0.963	0.480	0.380
6740	0.130	0.965	0.479	0.382
eigenvalues:  tensor([32.3704, 31.7041])
hess item is 0.008929384872317314
6750	0.127	0.972	0.477	0.377
6760	0.132	0.962	0.481	0.379
6770	0.132	0.964	0.482	0.373
6780	0.127	0.962	0.476	0.384
6790	0.127	0.964	0.477	0.387
eigenvalues:  tensor([32.5360, 31.8272])
hess item is 0.008935624733567238
6800	0.127	0.970	0.479	0.377
6810	0.125	0.970	0.478	0.383
6820	0.126	0.969	0.479	0.383
6830	0.133	0.963	0.487	0.378
6840	0.134	0.960	0.487	0.376
eigenvalues:  tensor([32.6111, 31.9758])
hess item is 0.00884914305061102
6850	0.122	0.971	0.475	0.385
6860	0.129	0.970	0.483	0.377
6870	0.124	0.968	0.479	0.385
6880	0.129	0.968	0.484	0.381
6890	0.125	0.967	0.482	0.377
eigenvalues:  tensor([32.3300, 31.5983])
hess item is 0.008779163472354412
6900	0.123	0.972	0.480	0.382
6910	0.125	0.963	0.484	0.382
6920	0.128	0.967	0.484	0.384
6930	0.136	0.963	0.495	0.370
6940	0.119	0.972	0.479	0.381
eigenvalues:  tensor([32.4535, 31.8213])
hess item is 0.008706036023795605
6950	0.125	0.969	0.482	0.383
6960	0.122	0.971	0.481	0.384
6970	0.143	0.948	0.499	0.375
6980	0.128	0.960	0.483	0.385
6990	0.124	0.967	0.482	0.381
eigenvalues:  tensor([32.5653, 31.8530])
hess item is 0.008729617111384869
7000	0.126	0.972	0.486	0.371
7010	0.133	0.958	0.492	0.378
7020	0.120	0.973	0.483	0.380
7030	0.145	0.940	0.504	0.367
7040	0.138	0.953	0.494	0.369
eigenvalues:  tensor([32.5434, 31.9160])
hess item is 0.008835216984152794
7050	0.127	0.966	0.489	0.374
7060	0.140	0.958	0.500	0.357
7070	0.131	0.965	0.493	0.370
7080	0.129	0.967	0.489	0.374
7090	0.123	0.966	0.484	0.385
eigenvalues:  tensor([32.9567, 32.4011])
hess item is 0.008888338692486286
7100	0.120	0.973	0.482	0.380
7110	0.130	0.962	0.491	0.368
7120	0.124	0.970	0.485	0.375
7130	0.120	0.971	0.484	0.380
7140	0.122	0.972	0.487	0.378
eigenvalues:  tensor([32.5007, 32.0537])
hess item is 0.008862304501235485
7150	0.116	0.973	0.481	0.382
7160	0.125	0.965	0.489	0.384
7170	0.117	0.972	0.482	0.384
7180	0.119	0.974	0.484	0.381
7190	0.125	0.969	0.490	0.377
eigenvalues:  tensor([32.8712, 32.3876])
hess item is 0.00884081982076168
7200	0.117	0.972	0.484	0.373
7210	0.121	0.969	0.488	0.379
7220	0.125	0.970	0.491	0.369
7230	0.123	0.969	0.490	0.376
7240	0.115	0.975	0.483	0.380
eigenvalues:  tensor([32.1440, 31.7725])
hess item is 0.008713372983038425
7250	0.122	0.970	0.491	0.375
7260	0.117	0.971	0.487	0.381
7270	0.116	0.974	0.486	0.373
7280	0.116	0.975	0.487	0.379
7290	0.118	0.970	0.490	0.379
eigenvalues:  tensor([32.4022, 32.0066])
hess item is 0.008629364892840385
7300	0.121	0.969	0.492	0.378
7310	0.122	0.973	0.493	0.375
7320	0.116	0.971	0.489	0.377
7330	0.119	0.967	0.490	0.375
7340	0.125	0.967	0.496	0.370
eigenvalues:  tensor([32.1713, 31.5606])
hess item is 0.008607618510723114
7350	0.115	0.971	0.490	0.378
7360	0.117	0.972	0.490	0.377
7370	0.128	0.965	0.499	0.374
7380	0.123	0.971	0.497	0.373
7390	0.111	0.975	0.485	0.383
eigenvalues:  tensor([32.5089, 31.7995])
hess item is 0.008590251207351685
7400	0.134	0.954	0.506	0.366
7410	0.112	0.976	0.489	0.373
7420	0.120	0.966	0.496	0.377
7430	0.119	0.968	0.494	0.381
7440	0.112	0.975	0.487	0.380
eigenvalues:  tensor([32.5590, 31.9722])
hess item is 0.008632842451334
7450	0.114	0.973	0.491	0.375
7460	0.129	0.958	0.504	0.372
7470	0.128	0.960	0.503	0.372
7480	0.125	0.966	0.502	0.364
7490	0.113	0.973	0.488	0.378
eigenvalues:  tensor([32.2027, 31.8987])
hess item is 0.008631962351500988
7500	0.113	0.974	0.489	0.380
7510	0.112	0.973	0.490	0.377
7520	0.116	0.972	0.494	0.376
7530	0.114	0.977	0.493	0.376
7540	0.122	0.968	0.501	0.371
eigenvalues:  tensor([32.2604, 31.8957])
hess item is 0.00856831669807434
7550	0.116	0.971	0.495	0.375
7560	0.113	0.976	0.490	0.376
7570	0.125	0.962	0.505	0.369
7580	0.119	0.969	0.499	0.373
7590	0.111	0.976	0.492	0.373
eigenvalues:  tensor([32.2722, 31.7141])
hess item is 0.008509693667292595
7600	0.106	0.979	0.489	0.381
7610	0.110	0.978	0.492	0.379
7620	0.113	0.975	0.497	0.375
7630	0.107	0.980	0.493	0.374
7640	0.117	0.966	0.500	0.370
eigenvalues:  tensor([32.5939, 32.1723])
hess item is 0.008467606268823147
7650	0.111	0.977	0.492	0.372
7660	0.109	0.975	0.492	0.382
7670	0.118	0.970	0.501	0.373
7680	0.110	0.977	0.495	0.375
7690	0.106	0.978	0.490	0.378
eigenvalues:  tensor([32.0249, 31.4921])
hess item is 0.008486049249768257
7700	0.103	0.982	0.492	0.374
7710	0.119	0.967	0.504	0.366
7720	0.110	0.974	0.497	0.371
7730	0.113	0.976	0.495	0.371
7740	0.109	0.977	0.492	0.378
eigenvalues:  tensor([32.2927, 31.8474])
hess item is 0.008611892350018024
7750	0.112	0.977	0.496	0.373
7760	0.105	0.978	0.493	0.375
7770	0.115	0.969	0.500	0.377
7780	0.104	0.979	0.491	0.380
7790	0.117	0.968	0.503	0.371
eigenvalues:  tensor([31.9427, 31.5964])
hess item is 0.008581412956118584
7800	0.113	0.975	0.499	0.375
7810	0.106	0.976	0.497	0.373
7820	0.113	0.969	0.501	0.370
7830	0.114	0.973	0.503	0.372
7840	0.104	0.978	0.494	0.375
eigenvalues:  tensor([32.3363, 31.9508])
hess item is 0.008527517318725586
7850	0.108	0.975	0.497	0.376
7860	0.109	0.976	0.497	0.375
7870	0.109	0.974	0.500	0.368
7880	0.109	0.979	0.500	0.371
7890	0.114	0.968	0.502	0.364
eigenvalues:  tensor([32.2096, 31.7409])
hess item is 0.008549158461391926
7900	0.106	0.978	0.499	0.369
7910	0.104	0.977	0.497	0.373
7920	0.104	0.976	0.496	0.372
7930	0.107	0.976	0.502	0.370
7940	0.109	0.977	0.503	0.373
eigenvalues:  tensor([32.0434, 31.6408])
hess item is 0.008482572622597218
7950	0.102	0.981	0.497	0.372
7960	0.105	0.981	0.500	0.369
7970	0.105	0.979	0.498	0.370
7980	0.105	0.977	0.500	0.373
7990	0.099	0.980	0.495	0.376
eigenvalues:  tensor([31.8519, 31.4076])
hess item is 0.00843648798763752
8000	0.108	0.979	0.504	0.364
8010	0.109	0.976	0.502	0.374
8020	0.102	0.981	0.498	0.373
8030	0.106	0.979	0.505	0.370
8040	0.108	0.976	0.505	0.372
eigenvalues:  tensor([32.4087, 32.0015])
hess item is 0.008352018892765045
8050	0.103	0.976	0.499	0.377
8060	0.108	0.977	0.506	0.363
8070	0.106	0.977	0.504	0.370
8080	0.111	0.967	0.506	0.373
8090	0.097	0.982	0.496	0.372
eigenvalues:  tensor([32.3618, 31.9368])
hess item is 0.008348505944013596
8100	0.105	0.979	0.503	0.365
8110	0.098	0.984	0.497	0.374
8120	0.110	0.978	0.507	0.368
8130	0.103	0.976	0.503	0.368
8140	0.096	0.981	0.495	0.377
eigenvalues:  tensor([32.3444, 32.0946])
hess item is 0.008225194178521633
8150	0.106	0.974	0.505	0.369
8160	0.102	0.975	0.502	0.373
8170	0.100	0.979	0.502	0.364
8180	0.094	0.983	0.496	0.375
8190	0.105	0.975	0.507	0.368
eigenvalues:  tensor([32.4159, 32.0636])
hess item is 0.008202922530472279
8200	0.106	0.974	0.507	0.363
8210	0.103	0.978	0.506	0.363
8220	0.115	0.974	0.517	0.363
8230	0.112	0.976	0.514	0.361
8240	0.112	0.970	0.513	0.367
eigenvalues:  tensor([32.1811, 31.8825])
hess item is 0.00823591835796833
8250	0.095	0.985	0.497	0.377
8260	0.100	0.983	0.503	0.371
8270	0.097	0.984	0.499	0.366
8280	0.104	0.974	0.504	0.375
8290	0.106	0.979	0.508	0.374
eigenvalues:  tensor([33.1069, 32.7025])
hess item is 0.008279441855847836
8300	0.112	0.965	0.511	0.364
8310	0.102	0.978	0.504	0.373
8320	0.095	0.984	0.499	0.372
8330	0.100	0.983	0.504	0.368
8340	0.104	0.973	0.508	0.368
eigenvalues:  tensor([32.1362, 31.7790])
hess item is 0.008225536905229092
8350	0.102	0.981	0.507	0.366
8360	0.099	0.983	0.504	0.372
8370	0.102	0.978	0.510	0.367
8380	0.094	0.984	0.500	0.375
8390	0.094	0.984	0.501	0.370
eigenvalues:  tensor([31.7897, 31.5347])
hess item is 0.008195330388844013
8400	0.097	0.986	0.503	0.368
8410	0.093	0.986	0.500	0.368
8420	0.097	0.980	0.504	0.372
8430	0.101	0.981	0.510	0.366
8440	0.106	0.980	0.515	0.356
eigenvalues:  tensor([32.3128, 32.0810])
hess item is 0.008083174005150795
8450	0.098	0.978	0.505	0.369
8460	0.094	0.983	0.502	0.370
8470	0.096	0.982	0.504	0.365
8480	0.095	0.982	0.505	0.371
8490	0.095	0.984	0.506	0.369
eigenvalues:  tensor([31.9253, 31.5739])
hess item is 0.00797181949019432
8500	0.090	0.985	0.501	0.374
8510	0.105	0.977	0.515	0.356
8520	0.091	0.987	0.502	0.373
8530	0.101	0.975	0.510	0.370
8540	0.092	0.986	0.504	0.368
eigenvalues:  tensor([32.2042, 31.7673])
hess item is 0.00791629683226347
8550	0.093	0.986	0.505	0.366
8560	0.095	0.980	0.506	0.374
8570	0.090	0.984	0.502	0.374
8580	0.093	0.984	0.504	0.369
8590	0.098	0.979	0.508	0.371
eigenvalues:  tensor([32.4551, 32.0975])
hess item is 0.00790622178465128
8600	0.100	0.981	0.514	0.362
8610	0.094	0.982	0.507	0.377
8620	0.108	0.975	0.519	0.364
8630	0.099	0.982	0.513	0.368
8640	0.094	0.983	0.507	0.367
eigenvalues:  tensor([32.2278, 31.8459])
hess item is 0.007877643220126629
8650	0.101	0.980	0.514	0.363
8660	0.105	0.978	0.518	0.363
8670	0.098	0.984	0.511	0.368
8680	0.088	0.986	0.504	0.371
8690	0.093	0.980	0.508	0.366
eigenvalues:  tensor([32.5126, 31.9674])
hess item is 0.007811560295522213
8700	0.097	0.980	0.512	0.362
8710	0.096	0.981	0.510	0.371
8720	0.095	0.981	0.512	0.365
8730	0.087	0.986	0.503	0.372
8740	0.093	0.985	0.508	0.373
eigenvalues:  tensor([32.1778, 31.8456])
hess item is 0.007727468851953745
8750	0.096	0.984	0.510	0.371
8760	0.093	0.983	0.506	0.373
8770	0.091	0.985	0.507	0.372
8780	0.089	0.986	0.507	0.366
8790	0.094	0.984	0.510	0.368
eigenvalues:  tensor([32.0708, 31.7169])
hess item is 0.007721814326941967
8800	0.088	0.983	0.506	0.374
8810	0.089	0.984	0.507	0.371
8820	0.090	0.987	0.510	0.369
8830	0.093	0.981	0.514	0.366
8840	0.095	0.979	0.513	0.368
eigenvalues:  tensor([32.2126, 31.9876])
hess item is 0.007658209651708603
8850	0.098	0.978	0.517	0.366
8860	0.084	0.986	0.505	0.369
8870	0.100	0.977	0.517	0.361
8880	0.097	0.983	0.517	0.368
8890	0.095	0.979	0.514	0.360
eigenvalues:  tensor([31.9049, 31.4542])
hess item is 0.007606409955769777
8900	0.089	0.984	0.511	0.368
8910	0.100	0.977	0.520	0.370
8920	0.101	0.975	0.519	0.370
8930	0.092	0.981	0.512	0.371
8940	0.099	0.983	0.519	0.363
eigenvalues:  tensor([32.6270, 32.0712])
hess item is 0.0076131452806293964
8950	0.100	0.980	0.520	0.359
8960	0.091	0.984	0.511	0.367
8970	0.090	0.984	0.511	0.361
8980	0.092	0.985	0.513	0.363
8990	0.089	0.984	0.511	0.360
eigenvalues:  tensor([32.4855, 32.1499])
hess item is 0.007677057292312384
9000	0.099	0.979	0.520	0.356
9010	0.087	0.986	0.509	0.371
9020	0.093	0.983	0.514	0.369
9030	0.082	0.988	0.506	0.373
9040	0.106	0.973	0.524	0.363
eigenvalues:  tensor([31.9284, 31.5908])
hess item is 0.007605639286339283
9050	0.085	0.984	0.508	0.372
9060	0.095	0.983	0.517	0.366
9070	0.087	0.984	0.510	0.369
9080	0.091	0.980	0.515	0.360
9090	0.084	0.988	0.508	0.366
eigenvalues:  tensor([32.5476, 32.0048])
hess item is 0.0076081170700490475
9100	0.093	0.980	0.516	0.362
9110	0.092	0.979	0.515	0.363
9120	0.081	0.987	0.506	0.370
9130	0.082	0.989	0.509	0.367
9140	0.096	0.980	0.518	0.365
eigenvalues:  tensor([32.6286, 32.0679])
hess item is 0.007584774401038885
9150	0.094	0.979	0.516	0.363
9160	0.090	0.986	0.514	0.363
9170	0.090	0.983	0.513	0.370
9180	0.092	0.982	0.519	0.357
9190	0.083	0.986	0.510	0.368
eigenvalues:  tensor([31.9718, 31.4312])
hess item is 0.0075777992606163025
9200	0.086	0.987	0.513	0.361
9210	0.091	0.981	0.516	0.366
9220	0.091	0.985	0.516	0.362
9230	0.085	0.988	0.513	0.366
9240	0.086	0.984	0.512	0.369
eigenvalues:  tensor([32.3285, 31.7720])
hess item is 0.007610985077917576
9250	0.094	0.982	0.521	0.359
9260	0.080	0.989	0.509	0.370
9270	0.083	0.988	0.511	0.365
9280	0.081	0.989	0.511	0.366
9290	0.087	0.984	0.516	0.365
eigenvalues:  tensor([32.2640, 31.7062])
hess item is 0.007551203947514296
9300	0.086	0.985	0.516	0.362
9310	0.085	0.988	0.513	0.368
9320	0.083	0.984	0.513	0.365
9330	0.084	0.987	0.513	0.368
9340	0.080	0.989	0.510	0.365
eigenvalues:  tensor([31.9991, 31.4144])
hess item is 0.007484175730496645
9350	0.077	0.989	0.507	0.371
9360	0.087	0.983	0.515	0.364
9370	0.079	0.990	0.509	0.368
9380	0.084	0.988	0.514	0.363
9390	0.085	0.986	0.515	0.364
eigenvalues:  tensor([32.2382, 31.6491])
hess item is 0.007475248072296381
9400	0.086	0.987	0.516	0.359
9410	0.080	0.987	0.511	0.370
9420	0.083	0.988	0.515	0.366
9430	0.089	0.984	0.520	0.363
9440	0.087	0.983	0.516	0.365
eigenvalues:  tensor([32.0757, 31.4129])
hess item is 0.007423211354762316
9450	0.080	0.989	0.513	0.369
9460	0.085	0.987	0.518	0.364
9470	0.079	0.989	0.511	0.366
9480	0.078	0.989	0.511	0.368
9490	0.079	0.987	0.510	0.370
eigenvalues:  tensor([31.9380, 31.3955])
hess item is 0.007390501443296671
9500	0.081	0.990	0.513	0.362
9510	0.092	0.983	0.521	0.362
9520	0.087	0.987	0.518	0.359
9530	0.083	0.989	0.514	0.365
9540	0.083	0.985	0.518	0.361
eigenvalues:  tensor([32.2350, 31.6908])
hess item is 0.007343408185988665
9550	0.081	0.987	0.513	0.368
9560	0.084	0.986	0.519	0.360
9570	0.093	0.982	0.524	0.362
9580	0.081	0.987	0.515	0.367
9590	0.080	0.989	0.515	0.360
eigenvalues:  tensor([32.3810, 31.9261])
hess item is 0.007394822780042887
9600	0.084	0.988	0.516	0.360
9610	0.078	0.989	0.513	0.365
9620	0.078	0.989	0.512	0.367
9630	0.089	0.985	0.523	0.357
9640	0.082	0.986	0.515	0.365
eigenvalues:  tensor([32.3748, 32.0029])
hess item is 0.007365113124251366
9650	0.090	0.981	0.525	0.355
9660	0.078	0.986	0.512	0.368
9670	0.078	0.988	0.516	0.362
9680	0.081	0.989	0.514	0.365
9690	0.075	0.989	0.511	0.365
eigenvalues:  tensor([32.1353, 31.7120])
hess item is 0.0074607329443097115
9700	0.074	0.990	0.511	0.368
9710	0.080	0.988	0.515	0.366
9720	0.086	0.982	0.520	0.367
9730	0.097	0.980	0.529	0.362
9740	0.089	0.984	0.525	0.358
eigenvalues:  tensor([32.5367, 32.1837])
hess item is 0.0074181645177304745
9750	0.080	0.987	0.516	0.366
9760	0.082	0.987	0.518	0.364
9770	0.087	0.982	0.524	0.357
9780	0.077	0.988	0.514	0.367
9790	0.083	0.984	0.520	0.363
eigenvalues:  tensor([32.1957, 31.7669])
hess item is 0.007402653340250254
9800	0.078	0.987	0.516	0.363
9810	0.078	0.986	0.516	0.372
9820	0.078	0.987	0.516	0.359
9830	0.087	0.984	0.524	0.362
9840	0.080	0.989	0.517	0.358
eigenvalues:  tensor([31.9637, 31.4674])
hess item is 0.007328013889491558
9850	0.073	0.993	0.514	0.362
9860	0.074	0.989	0.514	0.366
9870	0.079	0.989	0.519	0.367
9880	0.079	0.991	0.520	0.365
9890	0.076	0.990	0.517	0.359
eigenvalues:  tensor([31.8122, 31.3855])
hess item is 0.007270054426044226
9900	0.076	0.989	0.519	0.364
9910	0.073	0.990	0.515	0.365
9920	0.077	0.990	0.519	0.363
9930	0.072	0.990	0.515	0.366
9940	0.074	0.991	0.518	0.359
eigenvalues:  tensor([31.9165, 31.5090])
hess item is 0.007179073058068752
9950	0.075	0.989	0.519	0.359
9960	0.075	0.989	0.518	0.363
9970	0.077	0.990	0.522	0.364
9980	0.071	0.990	0.516	0.366
9990	0.074	0.991	0.521	0.361
