device: cuda:3
output directory: RESULTS/cifar10-10k/fc-tanh/seed_0/mse/ivon/lr_0.0005_h0_0.1_post_1_alpha_100.0_beta2_0.999_beta_0.0_ess_1000000.0_ivon
Files already downloaded and verified
Files already downloaded and verified
optimizer is IVON
0	0.597	0.131	0.597	0.131
10	0.513	0.186	0.514	0.185
20	0.493	0.218	0.495	0.210
30	0.480	0.233	0.483	0.226
40	0.471	0.247	0.474	0.238
eigenvalues:  tensor([76.3993, 62.5358])
hess item is 0.09528228640556335
50	0.464	0.256	0.468	0.244
60	0.457	0.266	0.462	0.254
70	0.452	0.279	0.457	0.264
80	0.448	0.286	0.452	0.270
90	0.443	0.291	0.449	0.272
eigenvalues:  tensor([73.0088, 59.7165])
hess item is 0.0907907634973526
100	0.439	0.299	0.444	0.281
110	0.435	0.309	0.441	0.291
120	0.432	0.310	0.438	0.290
130	0.429	0.318	0.436	0.296
140	0.427	0.320	0.434	0.300
eigenvalues:  tensor([70.4306, 57.8791])
hess item is 0.08650825172662735
150	0.425	0.326	0.431	0.303
160	0.422	0.333	0.430	0.304
170	0.420	0.332	0.428	0.308
180	0.418	0.339	0.426	0.314
190	0.417	0.343	0.425	0.314
eigenvalues:  tensor([67.5696, 56.4652])
hess item is 0.08243641257286072
200	0.415	0.344	0.423	0.314
210	0.413	0.350	0.422	0.321
220	0.412	0.350	0.420	0.319
230	0.411	0.356	0.419	0.324
240	0.409	0.359	0.418	0.328
eigenvalues:  tensor([65.4958, 54.8463])
hess item is 0.07856608927249908
250	0.408	0.359	0.417	0.326
260	0.407	0.362	0.416	0.333
270	0.406	0.366	0.416	0.335
280	0.405	0.371	0.415	0.338
290	0.404	0.375	0.414	0.338
eigenvalues:  tensor([63.4479, 53.7072])
hess item is 0.07487912476062775
300	0.403	0.375	0.413	0.341
310	0.403	0.377	0.413	0.343
320	0.402	0.383	0.412	0.344
330	0.401	0.382	0.412	0.345
340	0.400	0.382	0.411	0.347
eigenvalues:  tensor([61.4229, 52.4064])
hess item is 0.07136959582567215
350	0.400	0.390	0.411	0.349
360	0.399	0.387	0.410	0.350
370	0.399	0.387	0.410	0.355
380	0.398	0.393	0.409	0.356
390	0.397	0.393	0.409	0.351
eigenvalues:  tensor([60.1018, 51.1881])
hess item is 0.06802220642566681
400	0.397	0.393	0.409	0.353
410	0.396	0.392	0.408	0.350
420	0.396	0.395	0.408	0.355
430	0.395	0.399	0.407	0.355
440	0.394	0.403	0.407	0.357
eigenvalues:  tensor([58.2198, 50.2415])
hess item is 0.06484152376651764
450	0.394	0.402	0.407	0.360
460	0.393	0.403	0.406	0.358
470	0.393	0.404	0.406	0.362
480	0.393	0.405	0.406	0.363
490	0.392	0.405	0.406	0.365
eigenvalues:  tensor([56.6117, 48.9925])
hess item is 0.061815012246370316
500	0.392	0.410	0.405	0.363
510	0.391	0.407	0.405	0.367
520	0.391	0.411	0.405	0.367
530	0.390	0.412	0.404	0.366
540	0.390	0.412	0.404	0.365
eigenvalues:  tensor([54.3999, 48.1412])
hess item is 0.05893564596772194
550	0.390	0.413	0.404	0.366
560	0.389	0.417	0.404	0.369
570	0.389	0.417	0.404	0.366
580	0.389	0.417	0.404	0.365
590	0.388	0.421	0.403	0.370
eigenvalues:  tensor([52.8892, 46.8349])
hess item is 0.05619305372238159
600	0.388	0.422	0.403	0.371
610	0.387	0.425	0.402	0.370
620	0.387	0.428	0.403	0.372
630	0.386	0.427	0.402	0.375
640	0.386	0.427	0.402	0.371
eigenvalues:  tensor([50.8464, 45.8936])
hess item is 0.05357922241091728
650	0.386	0.422	0.402	0.370
660	0.385	0.432	0.401	0.373
670	0.385	0.429	0.402	0.374
680	0.386	0.428	0.402	0.370
690	0.385	0.429	0.402	0.375
eigenvalues:  tensor([49.5114, 44.7610])
hess item is 0.05109114944934845
700	0.384	0.432	0.401	0.377
710	0.384	0.435	0.401	0.377
720	0.384	0.437	0.401	0.375
730	0.383	0.436	0.400	0.380
740	0.383	0.438	0.400	0.377
eigenvalues:  tensor([47.8851, 43.8146])
hess item is 0.048727672547101974
750	0.382	0.442	0.400	0.380
760	0.383	0.438	0.400	0.376
770	0.382	0.442	0.400	0.378
780	0.382	0.441	0.400	0.380
790	0.382	0.436	0.400	0.378
eigenvalues:  tensor([46.5365, 43.1784])
hess item is 0.04647462069988251
800	0.381	0.440	0.399	0.377
810	0.381	0.439	0.400	0.379
820	0.381	0.446	0.399	0.380
830	0.381	0.445	0.399	0.381
840	0.380	0.445	0.399	0.381
eigenvalues:  tensor([44.8809, 42.0672])
hess item is 0.04432673007249832
850	0.380	0.448	0.399	0.384
860	0.380	0.442	0.399	0.379
870	0.379	0.450	0.398	0.386
880	0.379	0.454	0.398	0.387
890	0.379	0.454	0.398	0.386
eigenvalues:  tensor([43.8019, 41.4050])
hess item is 0.042279019951820374
900	0.378	0.454	0.398	0.387
910	0.378	0.456	0.398	0.385
920	0.378	0.453	0.398	0.386
930	0.377	0.458	0.398	0.385
940	0.378	0.453	0.398	0.383
eigenvalues:  tensor([42.4337, 40.2360])
hess item is 0.04033186659216881
950	0.377	0.454	0.398	0.385
960	0.377	0.451	0.398	0.382
970	0.377	0.455	0.398	0.385
980	0.377	0.461	0.397	0.387
990	0.376	0.455	0.397	0.387
eigenvalues:  tensor([41.7924, 39.6037])
hess item is 0.03847504034638405
1000	0.376	0.454	0.397	0.387
1010	0.376	0.458	0.398	0.386
1020	0.375	0.466	0.396	0.390
1030	0.376	0.455	0.398	0.386
1040	0.375	0.459	0.397	0.383
eigenvalues:  tensor([40.5842, 38.4669])
hess item is 0.03671236336231232
1050	0.375	0.461	0.397	0.388
1060	0.374	0.466	0.396	0.391
1070	0.374	0.463	0.396	0.391
1080	0.374	0.465	0.396	0.391
1090	0.373	0.472	0.396	0.391
eigenvalues:  tensor([39.9337, 37.3992])
hess item is 0.03502853587269783
1100	0.374	0.465	0.397	0.391
1110	0.374	0.464	0.396	0.391
1120	0.373	0.466	0.397	0.388
1130	0.373	0.469	0.396	0.393
1140	0.374	0.460	0.397	0.387
eigenvalues:  tensor([39.0110, 36.6542])
hess item is 0.03343014419078827
1150	0.372	0.466	0.395	0.392
1160	0.372	0.469	0.396	0.393
1170	0.372	0.467	0.396	0.390
1180	0.372	0.471	0.395	0.390
1190	0.372	0.473	0.395	0.394
eigenvalues:  tensor([38.1518, 35.5589])
hess item is 0.03191094845533371
1200	0.371	0.474	0.395	0.393
1210	0.371	0.466	0.395	0.390
1220	0.371	0.472	0.395	0.393
1230	0.371	0.469	0.395	0.390
1240	0.370	0.478	0.394	0.396
eigenvalues:  tensor([37.4468, 35.0776])
hess item is 0.030457211658358574
1250	0.370	0.476	0.395	0.395
1260	0.369	0.479	0.394	0.397
1270	0.369	0.480	0.394	0.397
1280	0.370	0.468	0.395	0.391
1290	0.369	0.474	0.394	0.392
eigenvalues:  tensor([36.7683, 33.9940])
hess item is 0.029076967388391495
1300	0.370	0.473	0.396	0.391
1310	0.370	0.481	0.395	0.394
1320	0.368	0.481	0.394	0.398
1330	0.369	0.481	0.395	0.393
1340	0.368	0.481	0.393	0.397
eigenvalues:  tensor([35.6520, 33.6480])
hess item is 0.02775527909398079
1350	0.368	0.480	0.394	0.397
1360	0.368	0.484	0.394	0.401
1370	0.367	0.478	0.394	0.398
1380	0.367	0.479	0.394	0.394
1390	0.367	0.486	0.393	0.395
eigenvalues:  tensor([35.2008, 32.6013])
hess item is 0.026503250002861023
1400	0.367	0.478	0.394	0.390
1410	0.366	0.484	0.393	0.396
1420	0.367	0.484	0.393	0.396
1430	0.367	0.485	0.394	0.398
1440	0.367	0.485	0.394	0.393
eigenvalues:  tensor([34.5104, 32.0475])
hess item is 0.02530672587454319
1450	0.365	0.490	0.393	0.400
1460	0.365	0.487	0.393	0.401
1470	0.366	0.480	0.394	0.397
1480	0.365	0.496	0.393	0.399
1490	0.365	0.489	0.393	0.401
eigenvalues:  tensor([33.9213, 31.6257])
hess item is 0.024167031049728394
1500	0.364	0.496	0.392	0.405
1510	0.365	0.486	0.393	0.400
1520	0.364	0.495	0.392	0.404
1530	0.364	0.496	0.393	0.405
1540	0.363	0.493	0.392	0.402
eigenvalues:  tensor([33.3208, 30.8099])
hess item is 0.023084381595253944
1550	0.364	0.492	0.392	0.404
1560	0.364	0.494	0.393	0.399
1570	0.362	0.498	0.392	0.400
1580	0.364	0.492	0.393	0.400
1590	0.362	0.499	0.391	0.405
eigenvalues:  tensor([32.6113, 30.0459])
hess item is 0.022057857364416122
1600	0.363	0.483	0.393	0.395
1610	0.362	0.495	0.392	0.402
1620	0.361	0.496	0.391	0.402
1630	0.363	0.500	0.393	0.400
1640	0.362	0.496	0.391	0.403
eigenvalues:  tensor([31.8420, 29.5121])
hess item is 0.02107509784400463
1650	0.363	0.499	0.392	0.404
1660	0.362	0.499	0.393	0.399
1670	0.361	0.501	0.392	0.405
1680	0.362	0.498	0.392	0.405
1690	0.362	0.486	0.393	0.398
eigenvalues:  tensor([31.5590, 28.9094])
hess item is 0.020140858367085457
1700	0.361	0.501	0.392	0.403
1710	0.360	0.503	0.392	0.406
1720	0.360	0.503	0.392	0.403
1730	0.360	0.499	0.392	0.401
1740	0.360	0.503	0.391	0.402
eigenvalues:  tensor([30.9825, 28.2832])
hess item is 0.01925092190504074
1750	0.360	0.502	0.391	0.403
1760	0.359	0.507	0.391	0.408
1770	0.361	0.494	0.392	0.402
1780	0.361	0.488	0.393	0.396
1790	0.360	0.495	0.393	0.400
eigenvalues:  tensor([30.4676, 28.1198])
hess item is 0.018399860709905624
1800	0.358	0.508	0.390	0.407
1810	0.359	0.506	0.391	0.404
1820	0.359	0.500	0.391	0.403
1830	0.361	0.503	0.393	0.402
1840	0.358	0.512	0.392	0.406
eigenvalues:  tensor([29.7567, 27.4983])
hess item is 0.01759246364235878
1850	0.358	0.517	0.390	0.408
1860	0.357	0.513	0.390	0.408
1870	0.358	0.508	0.391	0.405
1880	0.358	0.511	0.391	0.411
1890	0.358	0.505	0.391	0.405
eigenvalues:  tensor([29.4536, 27.4672])
hess item is 0.016824988648295403
1900	0.358	0.507	0.392	0.405
1910	0.359	0.507	0.393	0.404
1920	0.356	0.514	0.390	0.407
1930	0.356	0.518	0.390	0.411
1940	0.355	0.519	0.389	0.410
eigenvalues:  tensor([28.7073, 26.6450])
hess item is 0.01608976349234581
1950	0.356	0.515	0.390	0.407
1960	0.356	0.516	0.389	0.408
1970	0.356	0.514	0.390	0.409
1980	0.355	0.515	0.390	0.408
1990	0.356	0.510	0.391	0.408
eigenvalues:  tensor([28.4367, 26.4433])
hess item is 0.015387778170406818
2000	0.355	0.518	0.390	0.411
2010	0.355	0.514	0.390	0.407
2020	0.355	0.515	0.390	0.406
2030	0.356	0.517	0.391	0.408
2040	0.354	0.521	0.390	0.412
eigenvalues:  tensor([28.3635, 26.3602])
hess item is 0.014723474159836769
2050	0.355	0.514	0.390	0.406
2060	0.355	0.511	0.390	0.403
2070	0.356	0.516	0.392	0.409
2080	0.355	0.518	0.391	0.405
2090	0.353	0.521	0.389	0.407
eigenvalues:  tensor([27.8156, 25.5158])
hess item is 0.014089889824390411
2100	0.354	0.517	0.390	0.405
2110	0.353	0.518	0.389	0.412
2120	0.353	0.518	0.390	0.409
2130	0.353	0.520	0.389	0.409
2140	0.354	0.517	0.390	0.408
eigenvalues:  tensor([27.4380, 25.4006])
hess item is 0.013484461233019829
2150	0.353	0.524	0.390	0.407
2160	0.352	0.519	0.390	0.409
2170	0.351	0.528	0.389	0.411
2180	0.351	0.521	0.388	0.411
2190	0.352	0.517	0.390	0.407
eigenvalues:  tensor([27.1640, 25.1610])
hess item is 0.012913046404719353
2200	0.355	0.512	0.392	0.403
2210	0.353	0.525	0.390	0.408
2220	0.351	0.528	0.389	0.412
2230	0.352	0.519	0.390	0.408
2240	0.350	0.531	0.388	0.414
eigenvalues:  tensor([26.5377, 24.6821])
hess item is 0.012367219664156437
2250	0.351	0.529	0.389	0.409
2260	0.352	0.522	0.390	0.409
2270	0.352	0.526	0.390	0.407
2280	0.352	0.525	0.390	0.411
2290	0.350	0.530	0.388	0.415
eigenvalues:  tensor([26.2807, 24.5107])
hess item is 0.011843850836157799
2300	0.351	0.529	0.389	0.410
2310	0.351	0.529	0.390	0.411
2320	0.349	0.531	0.388	0.420
2330	0.350	0.525	0.389	0.412
2340	0.349	0.534	0.388	0.412
eigenvalues:  tensor([25.8408, 24.2149])
hess item is 0.01135229878127575
2350	0.350	0.533	0.390	0.409
2360	0.350	0.534	0.389	0.413
2370	0.348	0.532	0.388	0.412
2380	0.349	0.526	0.389	0.414
2390	0.348	0.536	0.388	0.416
eigenvalues:  tensor([25.6879, 23.9975])
hess item is 0.010880189947783947
2400	0.346	0.536	0.386	0.419
2410	0.348	0.537	0.388	0.414
2420	0.347	0.526	0.388	0.412
2430	0.347	0.544	0.388	0.417
2440	0.346	0.540	0.387	0.415
eigenvalues:  tensor([25.6313, 23.8675])
hess item is 0.010428509674966335
2450	0.348	0.531	0.388	0.413
2460	0.347	0.533	0.388	0.417
2470	0.346	0.537	0.388	0.414
2480	0.347	0.537	0.388	0.416
2490	0.346	0.534	0.388	0.415
eigenvalues:  tensor([25.7347, 24.0017])
hess item is 0.010000466369092464
2500	0.347	0.542	0.388	0.418
2510	0.345	0.534	0.387	0.417
2520	0.347	0.538	0.389	0.417
2530	0.346	0.540	0.388	0.418
2540	0.349	0.534	0.391	0.413
eigenvalues:  tensor([25.2199, 23.7589])
hess item is 0.009593261405825615
2550	0.345	0.545	0.388	0.415
2560	0.345	0.544	0.387	0.414
2570	0.346	0.540	0.388	0.415
2580	0.345	0.539	0.388	0.413
2590	0.344	0.539	0.387	0.419
eigenvalues:  tensor([25.2606, 23.8797])
hess item is 0.009205928072333336
2600	0.344	0.540	0.387	0.411
2610	0.344	0.551	0.387	0.416
2620	0.344	0.545	0.387	0.416
2630	0.345	0.549	0.388	0.415
2640	0.344	0.543	0.388	0.411
eigenvalues:  tensor([25.5507, 23.9368])
hess item is 0.008838629350066185
2650	0.345	0.541	0.389	0.410
2660	0.344	0.543	0.388	0.416
2670	0.345	0.540	0.389	0.414
2680	0.343	0.543	0.387	0.417
2690	0.342	0.546	0.386	0.418
eigenvalues:  tensor([25.2939, 23.9096])
hess item is 0.008489367552101612
2700	0.345	0.539	0.389	0.410
2710	0.344	0.531	0.389	0.411
2720	0.343	0.541	0.387	0.417
2730	0.342	0.549	0.387	0.421
2740	0.345	0.542	0.390	0.417
eigenvalues:  tensor([24.8436, 23.6406])
hess item is 0.008151640184223652
2750	0.344	0.540	0.389	0.413
2760	0.342	0.549	0.388	0.419
2770	0.341	0.547	0.386	0.419
2780	0.340	0.554	0.386	0.419
2790	0.343	0.538	0.389	0.412
eigenvalues:  tensor([24.9480, 23.6541])
hess item is 0.007833588868379593
2800	0.340	0.550	0.386	0.421
2810	0.340	0.554	0.387	0.422
2820	0.341	0.551	0.387	0.419
2830	0.340	0.547	0.387	0.415
2840	0.341	0.543	0.387	0.417
eigenvalues:  tensor([24.4798, 23.1066])
hess item is 0.007525736931711435
2850	0.341	0.544	0.387	0.417
2860	0.341	0.552	0.388	0.416
2870	0.339	0.556	0.386	0.421
2880	0.338	0.562	0.386	0.421
2890	0.342	0.547	0.389	0.414
eigenvalues:  tensor([24.9064, 23.5913])
hess item is 0.00723560806363821
2900	0.338	0.552	0.386	0.418
2910	0.341	0.550	0.388	0.415
2920	0.341	0.560	0.389	0.414
2930	0.341	0.551	0.389	0.417
2940	0.337	0.563	0.386	0.422
eigenvalues:  tensor([24.7830, 23.4633])
hess item is 0.006958005949854851
2950	0.339	0.556	0.387	0.415
2960	0.340	0.553	0.388	0.412
2970	0.337	0.565	0.386	0.426
2980	0.336	0.563	0.385	0.422
2990	0.338	0.560	0.387	0.419
eigenvalues:  tensor([24.3900, 23.3487])
hess item is 0.006694990675896406
3000	0.338	0.559	0.387	0.422
3010	0.338	0.561	0.387	0.420
3020	0.336	0.569	0.385	0.423
3030	0.338	0.560	0.387	0.417
3040	0.340	0.555	0.390	0.415
eigenvalues:  tensor([24.6896, 23.5925])
hess item is 0.006442740093916655
3050	0.336	0.559	0.387	0.419
3060	0.336	0.568	0.386	0.420
3070	0.336	0.569	0.386	0.418
3080	0.335	0.557	0.385	0.419
3090	0.335	0.565	0.385	0.419
eigenvalues:  tensor([25.2165, 24.1647])
hess item is 0.006204197648912668
3100	0.336	0.559	0.386	0.417
3110	0.336	0.568	0.386	0.420
3120	0.336	0.560	0.388	0.417
3130	0.336	0.558	0.388	0.421
3140	0.335	0.566	0.385	0.422
eigenvalues:  tensor([24.7907, 23.9495])
hess item is 0.00597465829923749
3150	0.336	0.562	0.387	0.416
3160	0.336	0.564	0.388	0.416
3170	0.334	0.571	0.386	0.419
3180	0.333	0.568	0.385	0.424
3190	0.332	0.575	0.384	0.425
eigenvalues:  tensor([24.9879, 24.3001])
hess item is 0.0057639675214886665
3200	0.334	0.565	0.387	0.420
3210	0.333	0.572	0.385	0.421
3220	0.333	0.561	0.386	0.420
3230	0.332	0.574	0.385	0.422
3240	0.334	0.567	0.386	0.419
eigenvalues:  tensor([25.1486, 24.5049])
hess item is 0.005558326840400696
3250	0.333	0.561	0.386	0.417
3260	0.334	0.561	0.387	0.419
3270	0.334	0.567	0.387	0.414
3280	0.332	0.571	0.385	0.423
3290	0.331	0.571	0.385	0.425
eigenvalues:  tensor([25.5658, 24.9082])
hess item is 0.00536692887544632
3300	0.334	0.565	0.387	0.422
3310	0.331	0.577	0.384	0.426
3320	0.332	0.561	0.386	0.420
3330	0.332	0.568	0.387	0.420
3340	0.331	0.574	0.386	0.421
eigenvalues:  tensor([25.5476, 24.8515])
hess item is 0.005184665322303772
3350	0.334	0.572	0.388	0.416
3360	0.330	0.581	0.386	0.418
3370	0.330	0.579	0.385	0.426
3380	0.333	0.565	0.387	0.418
3390	0.330	0.576	0.386	0.418
eigenvalues:  tensor([25.4282, 24.9353])
hess item is 0.0050078947097063065
3400	0.331	0.579	0.386	0.423
3410	0.332	0.560	0.388	0.413
3420	0.333	0.561	0.389	0.417
3430	0.329	0.577	0.385	0.422
3440	0.330	0.578	0.386	0.421
eigenvalues:  tensor([25.5117, 24.9391])
hess item is 0.004844922572374344
3450	0.330	0.566	0.387	0.423
3460	0.330	0.579	0.387	0.421
3470	0.331	0.571	0.388	0.417
3480	0.329	0.578	0.386	0.419
3490	0.329	0.581	0.386	0.421
eigenvalues:  tensor([25.5114, 24.9685])
hess item is 0.004685217048972845
3500	0.328	0.576	0.385	0.419
3510	0.329	0.576	0.386	0.422
3520	0.328	0.579	0.386	0.422
3530	0.327	0.576	0.385	0.422
3540	0.327	0.581	0.385	0.426
eigenvalues:  tensor([25.3366, 24.9106])
hess item is 0.004530496895313263
3550	0.329	0.582	0.387	0.424
3560	0.329	0.576	0.387	0.421
3570	0.328	0.575	0.387	0.422
3580	0.326	0.586	0.385	0.423
3590	0.326	0.589	0.384	0.425
eigenvalues:  tensor([25.8695, 25.3399])
hess item is 0.004386506043374538
3600	0.326	0.586	0.385	0.424
3610	0.327	0.580	0.386	0.420
3620	0.325	0.578	0.384	0.424
3630	0.326	0.583	0.385	0.421
3640	0.324	0.590	0.383	0.423
eigenvalues:  tensor([26.0578, 25.6304])
hess item is 0.004253128543496132
3650	0.326	0.584	0.386	0.419
3660	0.327	0.582	0.387	0.419
3670	0.325	0.586	0.385	0.423
3680	0.324	0.585	0.385	0.421
3690	0.324	0.593	0.384	0.422
eigenvalues:  tensor([26.0629, 25.7176])
hess item is 0.004132196772843599
3700	0.323	0.591	0.384	0.428
3710	0.324	0.589	0.385	0.421
3720	0.326	0.579	0.387	0.419
3730	0.323	0.592	0.384	0.424
3740	0.326	0.583	0.387	0.421
eigenvalues:  tensor([26.8143, 26.4827])
hess item is 0.004010616336017847
3750	0.323	0.587	0.385	0.421
3760	0.323	0.587	0.385	0.421
3770	0.325	0.585	0.386	0.423
3780	0.323	0.589	0.384	0.426
3790	0.321	0.601	0.383	0.429
eigenvalues:  tensor([27.1523, 26.7777])
hess item is 0.003898150520399213
3800	0.322	0.585	0.385	0.425
3810	0.324	0.587	0.387	0.417
3820	0.323	0.589	0.387	0.424
3830	0.323	0.592	0.386	0.422
3840	0.321	0.594	0.384	0.423
eigenvalues:  tensor([27.1242, 26.6969])
hess item is 0.003789203939959407
3850	0.322	0.596	0.385	0.428
3860	0.321	0.599	0.384	0.426
3870	0.321	0.591	0.384	0.423
3880	0.320	0.602	0.384	0.421
3890	0.319	0.604	0.384	0.428
eigenvalues:  tensor([26.6057, 26.2826])
hess item is 0.0036898504476994276
3900	0.320	0.608	0.384	0.421
3910	0.319	0.602	0.383	0.428
3920	0.320	0.601	0.384	0.425
3930	0.321	0.599	0.386	0.422
3940	0.321	0.590	0.386	0.424
eigenvalues:  tensor([27.4964, 27.2132])
hess item is 0.003590143984183669
3950	0.321	0.591	0.387	0.421
3960	0.319	0.601	0.384	0.426
3970	0.320	0.598	0.385	0.423
3980	0.317	0.607	0.383	0.425
3990	0.318	0.606	0.384	0.425
eigenvalues:  tensor([28.1836, 27.9140])
hess item is 0.003499212907627225
4000	0.322	0.590	0.388	0.419
4010	0.318	0.597	0.385	0.421
4020	0.318	0.595	0.385	0.419
4030	0.319	0.602	0.386	0.421
4040	0.317	0.608	0.384	0.422
eigenvalues:  tensor([27.9821, 27.6537])
hess item is 0.0034166895784437656
4050	0.317	0.599	0.384	0.426
4060	0.320	0.592	0.387	0.420
4070	0.316	0.604	0.383	0.423
4080	0.319	0.599	0.386	0.418
4090	0.319	0.604	0.387	0.422
eigenvalues:  tensor([28.7443, 28.2899])
hess item is 0.0033365313429385424
4100	0.315	0.605	0.383	0.429
4110	0.315	0.612	0.383	0.426
4120	0.316	0.610	0.385	0.424
4130	0.316	0.608	0.384	0.426
4140	0.315	0.614	0.384	0.427
eigenvalues:  tensor([28.1554, 27.7480])
hess item is 0.003252555849030614
4150	0.317	0.603	0.386	0.422
4160	0.316	0.608	0.385	0.425
4170	0.318	0.605	0.387	0.419
4180	0.314	0.610	0.383	0.421
4190	0.314	0.616	0.383	0.424
eigenvalues:  tensor([29.5830, 29.2086])
hess item is 0.003176148282364011
4200	0.316	0.606	0.386	0.422
4210	0.316	0.606	0.386	0.418
4220	0.315	0.608	0.385	0.421
4230	0.314	0.613	0.386	0.420
4240	0.317	0.602	0.387	0.422
eigenvalues:  tensor([29.3994, 29.0716])
hess item is 0.003100516041740775
4250	0.313	0.615	0.384	0.423
4260	0.317	0.601	0.387	0.423
4270	0.313	0.615	0.384	0.424
4280	0.312	0.610	0.384	0.429
4290	0.315	0.606	0.386	0.419
eigenvalues:  tensor([30.2884, 29.8382])
hess item is 0.0030392217449843884
4300	0.312	0.614	0.384	0.424
4310	0.314	0.614	0.386	0.426
4320	0.315	0.597	0.387	0.418
4330	0.313	0.610	0.385	0.424
4340	0.311	0.618	0.384	0.425
eigenvalues:  tensor([30.0049, 29.6640])
hess item is 0.0029732128605246544
4350	0.311	0.615	0.384	0.427
4360	0.312	0.612	0.385	0.421
4370	0.312	0.613	0.385	0.421
4380	0.310	0.617	0.384	0.426
4390	0.310	0.616	0.384	0.424
eigenvalues:  tensor([29.9911, 29.6515])
hess item is 0.0029100084211677313
4400	0.310	0.629	0.384	0.420
4410	0.310	0.618	0.384	0.425
4420	0.310	0.624	0.384	0.423
4430	0.311	0.623	0.385	0.422
4440	0.311	0.612	0.386	0.421
eigenvalues:  tensor([30.5385, 30.1651])
hess item is 0.0028508566319942474
4450	0.310	0.617	0.385	0.421
4460	0.310	0.618	0.385	0.428
4470	0.309	0.624	0.384	0.425
4480	0.309	0.621	0.384	0.427
4490	0.309	0.628	0.385	0.425
eigenvalues:  tensor([30.1729, 29.7677])
hess item is 0.002797336084768176
4500	0.307	0.636	0.383	0.426
4510	0.309	0.619	0.385	0.423
4520	0.308	0.629	0.384	0.426
4530	0.310	0.627	0.387	0.420
4540	0.311	0.621	0.388	0.419
eigenvalues:  tensor([31.3018, 30.9932])
hess item is 0.002746091689914465
4550	0.309	0.620	0.387	0.423
4560	0.311	0.617	0.387	0.424
4570	0.310	0.622	0.387	0.419
4580	0.307	0.633	0.384	0.425
4590	0.308	0.620	0.385	0.423
eigenvalues:  tensor([31.8611, 31.4987])
hess item is 0.00269976700656116
4600	0.306	0.625	0.384	0.425
4610	0.307	0.624	0.385	0.423
4620	0.307	0.633	0.386	0.423
4630	0.307	0.621	0.386	0.426
4640	0.304	0.633	0.383	0.428
eigenvalues:  tensor([32.0227, 31.7181])
hess item is 0.0026535976212471724
4650	0.308	0.624	0.387	0.420
4660	0.309	0.624	0.387	0.421
4670	0.305	0.635	0.385	0.423
4680	0.306	0.630	0.386	0.423
4690	0.307	0.625	0.387	0.420
eigenvalues:  tensor([32.3123, 31.9260])
hess item is 0.0026175682432949543
4700	0.304	0.637	0.384	0.423
4710	0.307	0.625	0.387	0.421
4720	0.306	0.630	0.386	0.420
4730	0.305	0.637	0.386	0.422
4740	0.305	0.640	0.386	0.421
eigenvalues:  tensor([32.0112, 31.7056])
hess item is 0.0025738226249814034
4750	0.304	0.636	0.385	0.425
4760	0.301	0.647	0.383	0.430
4770	0.302	0.640	0.383	0.430
4780	0.305	0.634	0.386	0.425
4790	0.305	0.632	0.386	0.419
eigenvalues:  tensor([33.3783, 33.0824])
hess item is 0.0025380966253578663
4800	0.304	0.638	0.386	0.423
4810	0.304	0.639	0.386	0.424
4820	0.302	0.646	0.384	0.425
4830	0.301	0.643	0.384	0.428
4840	0.303	0.637	0.386	0.423
eigenvalues:  tensor([33.6913, 33.2948])
hess item is 0.0025038591120392084
4850	0.301	0.647	0.384	0.425
4860	0.302	0.643	0.384	0.422
4870	0.302	0.649	0.385	0.423
4880	0.301	0.646	0.384	0.426
4890	0.306	0.632	0.389	0.417
eigenvalues:  tensor([33.8897, 33.5099])
hess item is 0.002467959886416793
4900	0.300	0.646	0.385	0.425
4910	0.302	0.643	0.386	0.419
4920	0.301	0.636	0.385	0.423
4930	0.299	0.652	0.384	0.427
4940	0.299	0.648	0.383	0.428
eigenvalues:  tensor([33.2973, 32.8895])
hess item is 0.0024316548369824886
4950	0.299	0.654	0.384	0.424
4960	0.299	0.645	0.385	0.427
4970	0.299	0.651	0.384	0.430
4980	0.300	0.641	0.386	0.422
4990	0.301	0.640	0.386	0.419
eigenvalues:  tensor([34.2560, 33.8465])
hess item is 0.0024037209805101156
5000	0.300	0.645	0.386	0.425
5010	0.299	0.643	0.386	0.423
5020	0.298	0.648	0.384	0.431
5030	0.298	0.646	0.385	0.424
5040	0.298	0.649	0.385	0.427
eigenvalues:  tensor([33.7149, 33.3647])
hess item is 0.0023727433290332556
5050	0.298	0.646	0.386	0.426
5060	0.299	0.643	0.386	0.426
5070	0.298	0.645	0.385	0.427
5080	0.298	0.646	0.385	0.427
5090	0.299	0.645	0.386	0.423
eigenvalues:  tensor([35.4281, 35.0395])
hess item is 0.002350845606997609
5100	0.297	0.652	0.385	0.421
5110	0.299	0.642	0.387	0.422
5120	0.297	0.649	0.385	0.427
5130	0.296	0.655	0.384	0.426
5140	0.298	0.648	0.386	0.427
eigenvalues:  tensor([36.7386, 36.3489])
hess item is 0.002330942777916789
5150	0.299	0.644	0.387	0.419
5160	0.298	0.653	0.386	0.424
5170	0.296	0.650	0.385	0.427
5180	0.297	0.647	0.386	0.424
5190	0.296	0.655	0.385	0.426
eigenvalues:  tensor([35.7420, 35.3549])
hess item is 0.002310817362740636
5200	0.297	0.655	0.386	0.426
5210	0.295	0.650	0.386	0.423
5220	0.296	0.650	0.386	0.424
5230	0.295	0.652	0.385	0.427
5240	0.296	0.648	0.386	0.421
eigenvalues:  tensor([36.1119, 35.8339])
hess item is 0.0022894893772900105
5250	0.294	0.655	0.384	0.423
5260	0.296	0.651	0.386	0.422
5270	0.295	0.666	0.386	0.426
5280	0.296	0.651	0.388	0.419
5290	0.296	0.648	0.387	0.421
eigenvalues:  tensor([36.8549, 36.4894])
hess item is 0.002271646400913596
5300	0.293	0.653	0.385	0.425
5310	0.294	0.666	0.385	0.426
5320	0.294	0.658	0.386	0.423
5330	0.294	0.658	0.385	0.423
5340	0.294	0.658	0.386	0.427
eigenvalues:  tensor([36.9386, 36.5548])
hess item is 0.002244963776320219
5350	0.296	0.657	0.388	0.416
5360	0.294	0.658	0.386	0.424
5370	0.293	0.664	0.386	0.424
5380	0.292	0.661	0.385	0.424
5390	0.292	0.666	0.385	0.426
eigenvalues:  tensor([36.3224, 35.9858])
hess item is 0.0022265322040766478
5400	0.292	0.665	0.385	0.423
5410	0.293	0.662	0.386	0.425
5420	0.293	0.660	0.386	0.426
5430	0.291	0.660	0.385	0.425
5440	0.293	0.658	0.387	0.424
eigenvalues:  tensor([37.0518, 36.6952])
hess item is 0.00220629945397377
5450	0.290	0.668	0.385	0.425
5460	0.290	0.667	0.384	0.425
5470	0.291	0.665	0.386	0.423
5480	0.290	0.665	0.385	0.426
5490	0.290	0.666	0.385	0.428
eigenvalues:  tensor([36.9525, 36.6532])
hess item is 0.0021960854064673185
5500	0.289	0.671	0.384	0.427
5510	0.292	0.661	0.387	0.423
5520	0.289	0.673	0.386	0.423
5530	0.289	0.670	0.385	0.427
5540	0.289	0.666	0.385	0.426
eigenvalues:  tensor([37.8973, 37.5694])
hess item is 0.0021742740646004677
5550	0.291	0.659	0.386	0.425
5560	0.290	0.668	0.386	0.424
5570	0.288	0.668	0.385	0.421
5580	0.288	0.667	0.385	0.428
5590	0.288	0.673	0.385	0.426
eigenvalues:  tensor([37.9148, 37.6182])
hess item is 0.002152727684006095
5600	0.288	0.668	0.385	0.425
5610	0.293	0.660	0.389	0.416
5620	0.289	0.670	0.386	0.421
5630	0.288	0.676	0.385	0.424
5640	0.288	0.669	0.385	0.425
eigenvalues:  tensor([37.7672, 37.5086])
hess item is 0.002139937598258257
5650	0.287	0.675	0.385	0.426
5660	0.287	0.675	0.385	0.425
5670	0.287	0.680	0.385	0.425
5680	0.287	0.674	0.385	0.427
5690	0.288	0.681	0.385	0.425
eigenvalues:  tensor([38.7589, 38.4569])
hess item is 0.0021292094606906176
5700	0.287	0.677	0.385	0.424
5710	0.287	0.677	0.386	0.427
5720	0.290	0.663	0.388	0.426
5730	0.287	0.673	0.385	0.427
5740	0.290	0.671	0.388	0.423
eigenvalues:  tensor([39.1162, 38.8076])
hess item is 0.0021107427310198545
5750	0.286	0.674	0.385	0.428
5760	0.288	0.665	0.387	0.424
5770	0.285	0.677	0.385	0.429
5780	0.289	0.657	0.388	0.423
5790	0.285	0.679	0.385	0.429
eigenvalues:  tensor([39.2122, 38.8985])
hess item is 0.0021040213759988546
5800	0.286	0.673	0.386	0.421
5810	0.285	0.680	0.385	0.427
5820	0.284	0.679	0.385	0.425
5830	0.285	0.677	0.385	0.426
5840	0.286	0.676	0.386	0.424
eigenvalues:  tensor([39.8988, 39.5964])
hess item is 0.002097048796713352
5850	0.285	0.678	0.386	0.425
5860	0.284	0.679	0.386	0.426
5870	0.285	0.676	0.386	0.423
5880	0.284	0.679	0.385	0.426
5890	0.283	0.682	0.385	0.426
eigenvalues:  tensor([39.7606, 39.4488])
hess item is 0.0020946140866726637
5900	0.284	0.679	0.385	0.426
5910	0.285	0.681	0.386	0.424
5920	0.285	0.682	0.387	0.423
5930	0.283	0.685	0.386	0.429
5940	0.283	0.682	0.385	0.426
eigenvalues:  tensor([39.0073, 38.6957])
hess item is 0.002085284562781453
5950	0.284	0.681	0.386	0.427
5960	0.283	0.680	0.385	0.423
5970	0.283	0.676	0.386	0.426
5980	0.284	0.682	0.386	0.426
5990	0.283	0.682	0.386	0.426
eigenvalues:  tensor([40.7238, 40.3576])
hess item is 0.0020765550434589386
6000	0.284	0.679	0.386	0.424
6010	0.283	0.679	0.386	0.423
6020	0.283	0.680	0.386	0.427
6030	0.281	0.684	0.385	0.428
6040	0.282	0.681	0.386	0.424
eigenvalues:  tensor([40.0161, 39.7216])
hess item is 0.002068531233817339
6050	0.281	0.684	0.385	0.425
6060	0.281	0.684	0.386	0.426
6070	0.282	0.692	0.387	0.423
6080	0.282	0.680	0.386	0.424
6090	0.281	0.685	0.386	0.426
eigenvalues:  tensor([41.2008, 40.8738])
hess item is 0.002067448105663061
6100	0.283	0.682	0.387	0.421
6110	0.281	0.683	0.386	0.426
6120	0.281	0.684	0.386	0.422
6130	0.280	0.689	0.385	0.424
6140	0.281	0.687	0.387	0.423
eigenvalues:  tensor([40.9220, 40.6460])
hess item is 0.002059027785435319
6150	0.278	0.693	0.385	0.428
6160	0.279	0.694	0.386	0.429
6170	0.280	0.688	0.386	0.422
6180	0.280	0.690	0.386	0.423
6190	0.280	0.689	0.387	0.427
eigenvalues:  tensor([40.7689, 40.5278])
hess item is 0.0020537704695016146
6200	0.279	0.693	0.386	0.424
6210	0.278	0.692	0.386	0.430
6220	0.280	0.688	0.387	0.427
6230	0.281	0.688	0.388	0.421
6240	0.281	0.685	0.388	0.420
eigenvalues:  tensor([41.4587, 41.1915])
hess item is 0.002051973482593894
6250	0.280	0.693	0.388	0.420
6260	0.278	0.691	0.386	0.426
6270	0.279	0.686	0.387	0.429
6280	0.278	0.691	0.386	0.428
6290	0.279	0.684	0.387	0.428
eigenvalues:  tensor([41.4965, 41.2559])
hess item is 0.002045435132458806
6300	0.279	0.685	0.387	0.429
6310	0.280	0.692	0.387	0.420
6320	0.279	0.687	0.386	0.423
6330	0.279	0.690	0.387	0.424
6340	0.280	0.688	0.388	0.418
eigenvalues:  tensor([43.2570, 43.0217])
hess item is 0.0020465715788304806
6350	0.279	0.683	0.388	0.425
6360	0.279	0.681	0.388	0.424
6370	0.277	0.695	0.386	0.424
6380	0.277	0.689	0.386	0.425
6390	0.276	0.691	0.386	0.426
eigenvalues:  tensor([42.3433, 42.1162])
hess item is 0.002041345229372382
6400	0.276	0.692	0.386	0.428
6410	0.276	0.690	0.386	0.424
6420	0.277	0.693	0.387	0.423
6430	0.276	0.693	0.386	0.427
6440	0.277	0.691	0.387	0.423
eigenvalues:  tensor([42.8864, 42.6544])
hess item is 0.0020382485818117857
6450	0.277	0.688	0.387	0.424
6460	0.278	0.693	0.388	0.423
6470	0.277	0.694	0.388	0.422
6480	0.277	0.686	0.388	0.422
6490	0.276	0.694	0.387	0.423
eigenvalues:  tensor([41.7800, 41.4929])
hess item is 0.0020439657382667065
6500	0.276	0.698	0.387	0.423
6510	0.274	0.706	0.385	0.429
6520	0.276	0.694	0.387	0.426
6530	0.275	0.701	0.386	0.422
6540	0.277	0.696	0.388	0.423
eigenvalues:  tensor([42.3544, 42.0931])
hess item is 0.0020473941694945097
6550	0.275	0.704	0.387	0.424
6560	0.275	0.698	0.387	0.424
6570	0.274	0.698	0.386	0.424
6580	0.274	0.696	0.386	0.424
6590	0.274	0.698	0.386	0.427
eigenvalues:  tensor([43.2410, 42.9860])
hess item is 0.0020354457665234804
6600	0.273	0.694	0.386	0.426
6610	0.273	0.700	0.386	0.425
6620	0.273	0.697	0.386	0.427
6630	0.274	0.694	0.387	0.422
6640	0.274	0.701	0.387	0.423
eigenvalues:  tensor([43.0328, 42.7809])
hess item is 0.0020345367956906557
6650	0.273	0.699	0.386	0.421
6660	0.273	0.701	0.387	0.423
6670	0.273	0.707	0.387	0.423
6680	0.271	0.703	0.386	0.426
6690	0.271	0.705	0.386	0.426
eigenvalues:  tensor([42.9310, 42.7064])
hess item is 0.0020317172165960073
6700	0.273	0.706	0.388	0.424
6710	0.271	0.705	0.387	0.423
6720	0.274	0.701	0.388	0.422
6730	0.272	0.698	0.387	0.419
6740	0.274	0.691	0.389	0.425
eigenvalues:  tensor([43.1640, 42.9501])
hess item is 0.0020376972388476133
6750	0.273	0.703	0.388	0.427
6760	0.272	0.705	0.387	0.424
6770	0.272	0.705	0.387	0.422
6780	0.272	0.701	0.387	0.427
6790	0.275	0.697	0.390	0.424
eigenvalues:  tensor([43.8193, 43.5845])
hess item is 0.0020425834227353334
6800	0.272	0.705	0.387	0.423
6810	0.273	0.700	0.388	0.428
6820	0.272	0.702	0.386	0.426
6830	0.271	0.705	0.386	0.426
6840	0.270	0.707	0.385	0.426
eigenvalues:  tensor([44.1470, 43.9296])
hess item is 0.0020377601031214
6850	0.271	0.705	0.386	0.424
6860	0.271	0.703	0.386	0.428
6870	0.272	0.700	0.388	0.424
6880	0.270	0.702	0.387	0.428
6890	0.270	0.699	0.387	0.428
eigenvalues:  tensor([44.4700, 44.2437])
hess item is 0.0020399768836796284
6900	0.270	0.705	0.387	0.425
6910	0.269	0.707	0.386	0.425
6920	0.270	0.705	0.387	0.425
6930	0.269	0.710	0.386	0.427
6940	0.270	0.711	0.387	0.426
eigenvalues:  tensor([44.1618, 43.9520])
hess item is 0.002040621591731906
6950	0.271	0.700	0.388	0.425
6960	0.269	0.709	0.387	0.426
6970	0.270	0.701	0.388	0.426
6980	0.268	0.711	0.386	0.425
6990	0.269	0.705	0.387	0.425
eigenvalues:  tensor([43.7275, 43.5149])
hess item is 0.002040809951722622
7000	0.269	0.707	0.387	0.426
7010	0.270	0.700	0.387	0.427
7020	0.268	0.710	0.386	0.430
7030	0.269	0.704	0.387	0.422
7040	0.270	0.707	0.388	0.421
eigenvalues:  tensor([44.8190, 44.5747])
hess item is 0.0020422020461410284
7050	0.268	0.709	0.387	0.423
7060	0.268	0.709	0.387	0.426
7070	0.268	0.708	0.387	0.419
7080	0.268	0.707	0.387	0.424
7090	0.268	0.714	0.387	0.427
eigenvalues:  tensor([44.4636, 44.2545])
hess item is 0.0020417547784745693
7100	0.268	0.710	0.387	0.427
7110	0.267	0.711	0.386	0.423
7120	0.266	0.715	0.386	0.424
7130	0.267	0.709	0.386	0.429
7140	0.267	0.716	0.387	0.428
eigenvalues:  tensor([45.2695, 44.9891])
hess item is 0.002033224329352379
7150	0.267	0.713	0.386	0.424
7160	0.266	0.713	0.386	0.423
7170	0.267	0.715	0.388	0.424
7180	0.267	0.712	0.387	0.422
7190	0.266	0.714	0.387	0.427
eigenvalues:  tensor([44.7141, 44.4914])
hess item is 0.0020356886088848114
7200	0.266	0.715	0.387	0.425
7210	0.268	0.705	0.389	0.416
7220	0.265	0.712	0.387	0.427
7230	0.267	0.711	0.389	0.424
7240	0.265	0.716	0.387	0.428
eigenvalues:  tensor([45.4800, 45.2409])
hess item is 0.002040630904957652
7250	0.266	0.717	0.387	0.422
7260	0.265	0.712	0.386	0.426
7270	0.265	0.714	0.387	0.430
7280	0.267	0.715	0.388	0.420
7290	0.265	0.712	0.387	0.425
eigenvalues:  tensor([44.8991, 44.6799])
hess item is 0.002052858704701066
7300	0.264	0.716	0.387	0.425
7310	0.265	0.715	0.387	0.422
7320	0.265	0.718	0.387	0.425
7330	0.264	0.716	0.386	0.424
7340	0.265	0.714	0.387	0.426
eigenvalues:  tensor([45.2980, 45.0584])
hess item is 0.0020524458959698677
7350	0.265	0.716	0.387	0.426
7360	0.264	0.720	0.386	0.427
7370	0.264	0.714	0.387	0.424
7380	0.265	0.718	0.388	0.425
7390	0.266	0.717	0.388	0.424
eigenvalues:  tensor([45.3660, 45.1067])
hess item is 0.0020553835202008486
7400	0.266	0.715	0.389	0.420
7410	0.264	0.716	0.387	0.424
7420	0.263	0.716	0.387	0.428
7430	0.262	0.719	0.386	0.430
7440	0.266	0.710	0.388	0.421
eigenvalues:  tensor([46.4143, 46.2000])
hess item is 0.00205313041806221
7450	0.264	0.710	0.388	0.422
7460	0.262	0.718	0.386	0.428
7470	0.263	0.716	0.387	0.426
7480	0.263	0.717	0.387	0.425
7490	0.263	0.715	0.387	0.426
eigenvalues:  tensor([45.6435, 45.4404])
hess item is 0.0020512875635176897
7500	0.262	0.719	0.386	0.426
7510	0.263	0.722	0.387	0.424
7520	0.263	0.717	0.388	0.428
7530	0.263	0.720	0.387	0.426
7540	0.262	0.717	0.387	0.426
eigenvalues:  tensor([46.0484, 45.8484])
hess item is 0.0020517499651759863
7550	0.262	0.717	0.388	0.424
7560	0.261	0.724	0.387	0.429
7570	0.262	0.715	0.387	0.423
7580	0.263	0.715	0.388	0.425
7590	0.262	0.723	0.387	0.428
eigenvalues:  tensor([45.6300, 45.4031])
hess item is 0.00205505033954978
7600	0.263	0.718	0.388	0.427
7610	0.261	0.724	0.386	0.427
7620	0.261	0.722	0.388	0.427
7630	0.261	0.719	0.387	0.427
7640	0.262	0.715	0.388	0.423
eigenvalues:  tensor([45.7672, 45.5851])
hess item is 0.002064625732600689
7650	0.261	0.723	0.387	0.425
7660	0.262	0.717	0.389	0.424
7670	0.260	0.727	0.386	0.423
7680	0.260	0.730	0.387	0.426
7690	0.260	0.728	0.387	0.423
eigenvalues:  tensor([46.2790, 46.0307])
hess item is 0.0020582799334079027
7700	0.262	0.719	0.389	0.421
7710	0.261	0.723	0.387	0.422
7720	0.261	0.727	0.388	0.423
7730	0.261	0.724	0.388	0.428
7740	0.261	0.730	0.387	0.424
eigenvalues:  tensor([46.7766, 46.5445])
hess item is 0.002064922358840704
7750	0.261	0.720	0.387	0.424
7760	0.261	0.720	0.387	0.426
7770	0.261	0.724	0.388	0.425
7780	0.261	0.723	0.388	0.424
7790	0.260	0.723	0.388	0.426
eigenvalues:  tensor([46.5383, 46.3097])
hess item is 0.002072877250611782
7800	0.259	0.726	0.386	0.428
7810	0.261	0.720	0.388	0.423
7820	0.260	0.724	0.388	0.425
7830	0.260	0.723	0.387	0.427
7840	0.259	0.725	0.387	0.429
eigenvalues:  tensor([46.4519, 46.2310])
hess item is 0.002072468400001526
7850	0.258	0.729	0.387	0.426
7860	0.259	0.726	0.387	0.426
7870	0.259	0.726	0.387	0.423
7880	0.259	0.726	0.388	0.425
7890	0.259	0.723	0.388	0.422
eigenvalues:  tensor([46.8364, 46.6444])
hess item is 0.002078643999993801
7900	0.259	0.728	0.389	0.423
7910	0.261	0.722	0.390	0.422
7920	0.261	0.717	0.390	0.421
7930	0.259	0.725	0.388	0.423
7940	0.260	0.725	0.389	0.422
eigenvalues:  tensor([46.7522, 46.5401])
hess item is 0.002092805691063404
7950	0.259	0.728	0.388	0.427
7960	0.258	0.730	0.388	0.425
7970	0.258	0.732	0.388	0.425
7980	0.259	0.729	0.389	0.423
7990	0.258	0.726	0.389	0.426
eigenvalues:  tensor([47.1933, 47.0111])
hess item is 0.0020904841367155313
8000	0.257	0.735	0.387	0.426
8010	0.257	0.732	0.387	0.424
8020	0.257	0.733	0.387	0.428
8030	0.258	0.728	0.388	0.424
8040	0.257	0.726	0.387	0.425
eigenvalues:  tensor([47.1226, 46.9168])
hess item is 0.002084064530208707
8050	0.257	0.726	0.387	0.425
8060	0.257	0.730	0.387	0.426
8070	0.256	0.737	0.387	0.426
8080	0.257	0.724	0.388	0.424
8090	0.256	0.733	0.387	0.429
eigenvalues:  tensor([47.0142, 46.8091])
hess item is 0.0020795681048184633
8100	0.257	0.730	0.387	0.427
8110	0.257	0.734	0.387	0.422
8120	0.255	0.737	0.387	0.427
8130	0.254	0.735	0.386	0.426
8140	0.256	0.729	0.387	0.425
eigenvalues:  tensor([47.4846, 47.2556])
hess item is 0.0020759820472449064
8150	0.256	0.732	0.388	0.425
8160	0.256	0.733	0.387	0.422
8170	0.256	0.733	0.388	0.428
8180	0.256	0.731	0.388	0.426
8190	0.256	0.731	0.388	0.424
eigenvalues:  tensor([47.8403, 47.6387])
hess item is 0.002082462888211012
8200	0.257	0.731	0.388	0.425
8210	0.255	0.736	0.387	0.425
8220	0.255	0.734	0.387	0.426
8230	0.257	0.728	0.389	0.421
8240	0.256	0.727	0.388	0.422
eigenvalues:  tensor([47.2386, 47.0426])
hess item is 0.002084653591737151
8250	0.255	0.735	0.387	0.425
8260	0.255	0.731	0.387	0.425
8270	0.256	0.730	0.388	0.420
8280	0.255	0.732	0.387	0.427
8290	0.254	0.730	0.387	0.426
eigenvalues:  tensor([47.5759, 47.3736])
hess item is 0.0020960820838809013
8300	0.255	0.731	0.387	0.424
8310	0.255	0.730	0.387	0.425
8320	0.254	0.733	0.386	0.424
8330	0.255	0.737	0.388	0.424
8340	0.254	0.736	0.387	0.425
eigenvalues:  tensor([47.0285, 46.8262])
hess item is 0.0021007454488426447
8350	0.254	0.738	0.387	0.424
8360	0.255	0.728	0.387	0.429
8370	0.254	0.735	0.387	0.428
8380	0.254	0.736	0.388	0.422
8390	0.255	0.728	0.388	0.425
eigenvalues:  tensor([47.9591, 47.7407])
hess item is 0.0021017473191022873
8400	0.255	0.734	0.388	0.426
8410	0.254	0.737	0.387	0.428
8420	0.253	0.737	0.387	0.422
8430	0.252	0.738	0.386	0.427
8440	0.253	0.735	0.387	0.426
eigenvalues:  tensor([48.0550, 47.8298])
hess item is 0.002098877914249897
8450	0.254	0.735	0.387	0.425
8460	0.254	0.731	0.387	0.425
8470	0.254	0.735	0.387	0.422
8480	0.253	0.734	0.387	0.425
8490	0.253	0.733	0.387	0.426
eigenvalues:  tensor([47.6320, 47.4259])
hess item is 0.0021014236845076084
8500	0.253	0.737	0.387	0.431
8510	0.256	0.729	0.389	0.419
8520	0.252	0.742	0.386	0.427
8530	0.253	0.735	0.388	0.425
8540	0.254	0.737	0.388	0.426
eigenvalues:  tensor([48.2807, 48.0657])
hess item is 0.0021066530607640743
8550	0.253	0.738	0.388	0.425
8560	0.252	0.739	0.387	0.427
8570	0.251	0.735	0.387	0.427
8580	0.252	0.739	0.387	0.425
8590	0.253	0.732	0.388	0.428
eigenvalues:  tensor([48.3966, 48.1721])
hess item is 0.0021035789977759123
8600	0.252	0.738	0.388	0.419
8610	0.252	0.738	0.387	0.426
8620	0.252	0.734	0.387	0.426
8630	0.251	0.735	0.387	0.427
8640	0.251	0.739	0.387	0.429
eigenvalues:  tensor([48.3334, 48.1093])
hess item is 0.0021022113505750895
8650	0.251	0.736	0.388	0.424
8660	0.251	0.743	0.387	0.424
8670	0.251	0.740	0.387	0.427
8680	0.251	0.742	0.387	0.424
8690	0.250	0.742	0.386	0.427
eigenvalues:  tensor([47.8533, 47.6416])
hess item is 0.002108210464939475
8700	0.250	0.740	0.387	0.426
8710	0.251	0.736	0.388	0.425
8720	0.250	0.740	0.387	0.428
8730	0.251	0.740	0.388	0.423
8740	0.251	0.743	0.388	0.424
eigenvalues:  tensor([47.4900, 47.2935])
hess item is 0.0021134288981556892
8750	0.250	0.742	0.387	0.423
8760	0.250	0.742	0.387	0.426
8770	0.251	0.736	0.388	0.427
8780	0.251	0.739	0.388	0.423
8790	0.250	0.744	0.387	0.426
eigenvalues:  tensor([48.9224, 48.7278])
hess item is 0.0021236485335975885
8800	0.250	0.739	0.387	0.424
8810	0.251	0.741	0.388	0.424
8820	0.249	0.737	0.387	0.422
8830	0.250	0.740	0.387	0.421
8840	0.250	0.738	0.387	0.421
eigenvalues:  tensor([49.1628, 48.9399])
hess item is 0.002121386118233204
8850	0.252	0.734	0.389	0.419
8860	0.250	0.744	0.388	0.426
8870	0.249	0.745	0.387	0.426
8880	0.250	0.743	0.388	0.422
8890	0.250	0.743	0.388	0.424
eigenvalues:  tensor([48.5746, 48.3836])
hess item is 0.002122082281857729
8900	0.249	0.739	0.388	0.424
8910	0.248	0.744	0.387	0.424
8920	0.249	0.738	0.388	0.425
8930	0.250	0.738	0.389	0.422
8940	0.249	0.742	0.388	0.424
eigenvalues:  tensor([49.0026, 48.7905])
hess item is 0.0021240641362965107
8950	0.250	0.739	0.388	0.424
8960	0.250	0.740	0.388	0.429
8970	0.248	0.744	0.387	0.426
8980	0.249	0.742	0.388	0.426
8990	0.249	0.741	0.388	0.423
eigenvalues:  tensor([48.7887, 48.5902])
hess item is 0.0021342735271900892
9000	0.248	0.742	0.388	0.426
9010	0.249	0.741	0.387	0.423
9020	0.248	0.746	0.388	0.428
9030	0.249	0.741	0.388	0.424
9040	0.248	0.740	0.388	0.429
eigenvalues:  tensor([47.6815, 47.4902])
hess item is 0.002132048364728689
9050	0.248	0.746	0.388	0.426
9060	0.247	0.746	0.388	0.428
9070	0.248	0.749	0.388	0.425
9080	0.248	0.743	0.388	0.424
9090	0.249	0.738	0.389	0.427
eigenvalues:  tensor([49.1299, 48.9214])
hess item is 0.002127346582710743
9100	0.249	0.743	0.388	0.425
9110	0.248	0.749	0.387	0.427
9120	0.248	0.740	0.389	0.426
9130	0.248	0.742	0.388	0.424
9140	0.247	0.746	0.387	0.425
eigenvalues:  tensor([48.6056, 48.4209])
hess item is 0.0021270138677209616
9150	0.247	0.748	0.386	0.427
9160	0.248	0.748	0.388	0.428
9170	0.248	0.743	0.387	0.426
9180	0.247	0.747	0.387	0.426
9190	0.247	0.747	0.388	0.425
eigenvalues:  tensor([48.6839, 48.4839])
hess item is 0.0021260539069771767
9200	0.247	0.748	0.388	0.424
9210	0.247	0.744	0.388	0.424
9220	0.246	0.751	0.387	0.425
9230	0.247	0.745	0.387	0.426
9240	0.247	0.745	0.387	0.426
eigenvalues:  tensor([48.5960, 48.4061])
hess item is 0.002128412714228034
9250	0.246	0.752	0.387	0.428
9260	0.245	0.751	0.387	0.430
9270	0.246	0.751	0.387	0.428
9280	0.247	0.749	0.388	0.424
9290	0.247	0.748	0.388	0.427
eigenvalues:  tensor([48.8693, 48.6702])
hess item is 0.0021439662668854
9300	0.246	0.745	0.388	0.426
9310	0.247	0.749	0.388	0.431
9320	0.246	0.747	0.388	0.425
9330	0.246	0.746	0.388	0.425
9340	0.246	0.749	0.388	0.428
eigenvalues:  tensor([48.7190, 48.5257])
hess item is 0.0021524112671613693
9350	0.245	0.751	0.387	0.428
9360	0.246	0.747	0.387	0.429
9370	0.246	0.748	0.388	0.426
9380	0.245	0.749	0.387	0.422
9390	0.245	0.747	0.387	0.426
eigenvalues:  tensor([49.4380, 49.2444])
hess item is 0.002162247197702527
9400	0.246	0.741	0.387	0.426
9410	0.245	0.747	0.386	0.426
9420	0.245	0.745	0.387	0.428
9430	0.246	0.745	0.388	0.428
9440	0.245	0.744	0.387	0.433
eigenvalues:  tensor([48.6164, 48.4179])
hess item is 0.002166544320061803
9450	0.245	0.748	0.387	0.429
9460	0.245	0.746	0.387	0.430
9470	0.244	0.752	0.386	0.430
9480	0.244	0.752	0.388	0.426
9490	0.244	0.750	0.387	0.426
eigenvalues:  tensor([48.9771, 48.7884])
hess item is 0.0021645696833729744
9500	0.245	0.747	0.387	0.429
9510	0.246	0.746	0.388	0.428
9520	0.245	0.747	0.387	0.430
9530	0.245	0.743	0.388	0.429
9540	0.244	0.752	0.388	0.426
eigenvalues:  tensor([49.2862, 49.1010])
hess item is 0.0021648439578711987
9550	0.245	0.751	0.389	0.424
9560	0.244	0.752	0.388	0.428
9570	0.244	0.752	0.388	0.425
9580	0.245	0.751	0.389	0.429
9590	0.244	0.751	0.387	0.427
eigenvalues:  tensor([49.1675, 48.9540])
hess item is 0.002163015538826585
9600	0.245	0.748	0.389	0.423
9610	0.243	0.753	0.387	0.428
9620	0.245	0.749	0.388	0.427
9630	0.245	0.751	0.388	0.425
9640	0.244	0.749	0.387	0.429
eigenvalues:  tensor([49.1058, 48.9044])
hess item is 0.0021671114955097437
9650	0.243	0.756	0.387	0.429
9660	0.244	0.749	0.388	0.424
9670	0.244	0.748	0.388	0.426
9680	0.244	0.752	0.388	0.428
9690	0.243	0.755	0.388	0.426
eigenvalues:  tensor([49.5626, 49.3702])
hess item is 0.0021762100514024496
9700	0.243	0.750	0.387	0.428
9710	0.244	0.750	0.388	0.426
9720	0.245	0.746	0.389	0.420
9730	0.244	0.747	0.388	0.426
9740	0.243	0.751	0.387	0.430
eigenvalues:  tensor([49.3480, 49.1586])
hess item is 0.0021696649491786957
9750	0.243	0.752	0.388	0.427
9760	0.243	0.755	0.388	0.428
9770	0.243	0.754	0.389	0.424
9780	0.242	0.755	0.388	0.426
9790	0.242	0.757	0.388	0.427
eigenvalues:  tensor([49.1512, 48.9692])
hess item is 0.0021774987690150738
9800	0.242	0.750	0.388	0.426
9810	0.243	0.749	0.388	0.424
9820	0.243	0.751	0.389	0.424
9830	0.242	0.752	0.389	0.429
9840	0.243	0.755	0.389	0.426
eigenvalues:  tensor([49.3385, 49.1432])
hess item is 0.0021827712189406157
9850	0.243	0.754	0.390	0.424
9860	0.242	0.757	0.388	0.428
9870	0.241	0.758	0.388	0.427
9880	0.241	0.760	0.387	0.428
9890	0.242	0.753	0.388	0.425
eigenvalues:  tensor([48.9725, 48.7568])
hess item is 0.0021726747509092093
9900	0.241	0.759	0.387	0.428
9910	0.241	0.755	0.387	0.428
9920	0.242	0.755	0.388	0.427
9930	0.242	0.755	0.389	0.425
9940	0.241	0.760	0.388	0.424
eigenvalues:  tensor([48.9739, 48.7562])
hess item is 0.002180639887228608
9950	0.242	0.756	0.389	0.421
9960	0.241	0.755	0.389	0.427
9970	0.242	0.755	0.389	0.427
9980	0.241	0.758	0.388	0.426
9990	0.241	0.758	0.388	0.427
