device: cuda:6
output directory: RESULTS/cifar10-10k/fc-tanh/seed_0/mse/ivon/lr_0.0005/h0_1.0/ess_20000000.0/post_10/beta2_0.999/beta_0.0_alpha_100.0_ivon
Files already downloaded and verified
Files already downloaded and verified
optimizer is IVON
0	0.597	0.131	0.597	0.131
10	0.574	0.136	0.574	0.137
20	0.558	0.142	0.559	0.142
30	0.547	0.148	0.548	0.149
40	0.538	0.155	0.539	0.156
eigenvalues:  tensor([80.6537, 66.5434])
hess item is 0.9515141844749451
50	0.531	0.162	0.532	0.163
60	0.525	0.170	0.526	0.170
70	0.520	0.176	0.521	0.174
80	0.515	0.181	0.517	0.179
90	0.512	0.188	0.513	0.184
eigenvalues:  tensor([80.3298, 66.1591])
hess item is 0.9053022861480713
100	0.508	0.193	0.510	0.189
110	0.505	0.198	0.507	0.193
120	0.503	0.202	0.505	0.195
130	0.500	0.205	0.502	0.198
140	0.498	0.209	0.500	0.200
eigenvalues:  tensor([79.8583, 65.7022])
hess item is 0.8613274693489075
150	0.496	0.212	0.498	0.203
160	0.494	0.214	0.496	0.206
170	0.492	0.216	0.495	0.208
180	0.490	0.218	0.493	0.211
190	0.489	0.221	0.491	0.212
eigenvalues:  tensor([79.4207, 65.2513])
hess item is 0.8194777369499207
200	0.487	0.223	0.489	0.215
210	0.485	0.224	0.488	0.217
220	0.484	0.227	0.486	0.219
230	0.482	0.228	0.485	0.222
240	0.481	0.230	0.484	0.224
eigenvalues:  tensor([79.0208, 64.8106])
hess item is 0.7796804904937744
250	0.479	0.231	0.482	0.224
260	0.478	0.233	0.481	0.226
270	0.477	0.236	0.480	0.228
280	0.476	0.237	0.479	0.229
290	0.474	0.240	0.478	0.230
eigenvalues:  tensor([78.6405, 64.3830])
hess item is 0.7418069839477539
300	0.473	0.242	0.476	0.232
310	0.472	0.244	0.475	0.234
320	0.471	0.245	0.474	0.236
330	0.470	0.246	0.473	0.238
340	0.469	0.248	0.472	0.239
eigenvalues:  tensor([78.2696, 63.9675])
hess item is 0.7058027386665344
350	0.468	0.250	0.471	0.240
360	0.467	0.251	0.470	0.241
370	0.466	0.253	0.469	0.243
380	0.465	0.254	0.468	0.244
390	0.464	0.255	0.467	0.245
eigenvalues:  tensor([77.8966, 63.5596])
hess item is 0.6715444326400757
400	0.462	0.257	0.466	0.245
410	0.461	0.258	0.465	0.245
420	0.460	0.260	0.465	0.247
430	0.460	0.261	0.464	0.247
440	0.459	0.262	0.463	0.249
eigenvalues:  tensor([77.5371, 63.1622])
hess item is 0.6389583349227905
450	0.458	0.264	0.462	0.250
460	0.457	0.266	0.461	0.252
470	0.456	0.267	0.461	0.254
480	0.455	0.268	0.460	0.255
490	0.455	0.270	0.459	0.257
eigenvalues:  tensor([77.1807, 62.7780])
hess item is 0.6079719662666321
500	0.454	0.270	0.458	0.259
510	0.453	0.273	0.458	0.259
520	0.452	0.274	0.457	0.260
530	0.451	0.276	0.456	0.261
540	0.451	0.277	0.455	0.263
eigenvalues:  tensor([76.8310, 62.4019])
hess item is 0.5784905552864075
550	0.450	0.278	0.455	0.264
560	0.449	0.279	0.454	0.265
570	0.448	0.280	0.453	0.266
580	0.448	0.282	0.453	0.267
590	0.447	0.283	0.452	0.268
eigenvalues:  tensor([76.4994, 62.0387])
hess item is 0.5503861904144287
600	0.446	0.285	0.451	0.268
610	0.445	0.285	0.451	0.269
620	0.445	0.287	0.450	0.269
630	0.444	0.288	0.449	0.271
640	0.443	0.290	0.449	0.271
eigenvalues:  tensor([76.1614, 61.7094])
hess item is 0.5237023234367371
650	0.443	0.290	0.448	0.273
660	0.442	0.291	0.447	0.273
670	0.441	0.292	0.447	0.275
680	0.441	0.294	0.446	0.276
690	0.440	0.294	0.446	0.277
eigenvalues:  tensor([75.8355, 61.5009])
hess item is 0.49831846356391907
700	0.439	0.296	0.445	0.278
710	0.439	0.298	0.444	0.279
720	0.438	0.299	0.444	0.281
730	0.437	0.301	0.443	0.283
740	0.437	0.303	0.443	0.285
eigenvalues:  tensor([75.5256, 61.3701])
hess item is 0.4741528034210205
750	0.436	0.304	0.442	0.286
760	0.435	0.305	0.441	0.286
770	0.435	0.306	0.441	0.287
780	0.434	0.307	0.440	0.288
790	0.433	0.309	0.440	0.289
eigenvalues:  tensor([75.2281, 61.2578])
hess item is 0.4511629045009613
800	0.433	0.310	0.439	0.290
810	0.432	0.310	0.438	0.291
820	0.432	0.312	0.438	0.292
830	0.431	0.313	0.437	0.293
840	0.430	0.314	0.437	0.294
eigenvalues:  tensor([74.9311, 61.1584])
hess item is 0.4292962849140167
850	0.430	0.316	0.436	0.294
860	0.429	0.318	0.436	0.295
870	0.428	0.319	0.435	0.296
880	0.428	0.320	0.434	0.297
890	0.427	0.321	0.434	0.298
eigenvalues:  tensor([74.6551, 61.0662])
hess item is 0.40849798917770386
900	0.426	0.322	0.433	0.299
910	0.426	0.322	0.432	0.299
920	0.425	0.323	0.432	0.300
930	0.424	0.324	0.431	0.301
940	0.424	0.326	0.431	0.302
eigenvalues:  tensor([74.3840, 60.9793])
hess item is 0.38872379064559937
950	0.423	0.329	0.430	0.303
960	0.422	0.330	0.430	0.304
970	0.422	0.331	0.429	0.306
980	0.421	0.333	0.428	0.305
990	0.421	0.334	0.428	0.306
eigenvalues:  tensor([74.1144, 60.8966])
hess item is 0.36991676688194275
1000	0.420	0.336	0.427	0.307
1010	0.420	0.336	0.427	0.308
1020	0.419	0.338	0.426	0.308
1030	0.419	0.339	0.426	0.308
1040	0.418	0.339	0.426	0.310
eigenvalues:  tensor([73.8590, 60.8186])
hess item is 0.3520257771015167
1050	0.418	0.340	0.425	0.310
1060	0.417	0.342	0.425	0.311
1070	0.417	0.342	0.424	0.312
1080	0.416	0.343	0.424	0.312
1090	0.416	0.344	0.424	0.313
eigenvalues:  tensor([73.5975, 60.7459])
hess item is 0.33500319719314575
1100	0.415	0.345	0.423	0.314
1110	0.415	0.345	0.423	0.315
1120	0.414	0.346	0.422	0.315
1130	0.414	0.347	0.422	0.316
1140	0.414	0.348	0.422	0.316
eigenvalues:  tensor([73.3574, 60.6730])
hess item is 0.31881317496299744
1150	0.413	0.349	0.421	0.317
1160	0.413	0.349	0.421	0.319
1170	0.412	0.350	0.421	0.319
1180	0.412	0.351	0.420	0.319
1190	0.412	0.352	0.420	0.320
eigenvalues:  tensor([73.1111, 60.6050])
hess item is 0.3034117817878723
1200	0.411	0.353	0.420	0.321
1210	0.411	0.354	0.419	0.322
1220	0.410	0.355	0.419	0.324
1230	0.410	0.356	0.419	0.325
1240	0.410	0.357	0.418	0.326
eigenvalues:  tensor([72.8847, 60.5348])
hess item is 0.28876057267189026
1250	0.409	0.357	0.418	0.327
1260	0.409	0.359	0.418	0.328
1270	0.409	0.360	0.418	0.329
1280	0.408	0.360	0.417	0.330
1290	0.408	0.361	0.417	0.330
eigenvalues:  tensor([72.6642, 60.4747])
hess item is 0.274832159280777
1300	0.408	0.363	0.417	0.331
1310	0.407	0.363	0.416	0.332
1320	0.407	0.364	0.416	0.333
1330	0.407	0.365	0.416	0.334
1340	0.406	0.366	0.416	0.334
eigenvalues:  tensor([72.4448, 60.4170])
hess item is 0.2615770995616913
1350	0.406	0.367	0.416	0.335
1360	0.406	0.367	0.415	0.335
1370	0.405	0.367	0.415	0.336
1380	0.405	0.368	0.415	0.336
1390	0.405	0.369	0.415	0.336
eigenvalues:  tensor([72.2271, 60.3654])
hess item is 0.2489672750234604
1400	0.405	0.369	0.414	0.337
1410	0.404	0.370	0.414	0.338
1420	0.404	0.371	0.414	0.338
1430	0.404	0.373	0.414	0.340
1440	0.403	0.373	0.413	0.341
eigenvalues:  tensor([72.0197, 60.3145])
hess item is 0.23696815967559814
1450	0.403	0.374	0.413	0.341
1460	0.403	0.374	0.413	0.342
1470	0.403	0.375	0.413	0.343
1480	0.402	0.376	0.413	0.344
1490	0.402	0.377	0.412	0.344
eigenvalues:  tensor([71.8181, 60.2744])
hess item is 0.22555749118328094
1500	0.402	0.377	0.412	0.345
1510	0.401	0.379	0.412	0.346
1520	0.401	0.380	0.412	0.347
1530	0.401	0.381	0.412	0.346
1540	0.401	0.382	0.411	0.347
eigenvalues:  tensor([71.6249, 60.2324])
hess item is 0.21470344066619873
1550	0.400	0.384	0.411	0.347
1560	0.400	0.384	0.411	0.348
1570	0.400	0.384	0.411	0.348
1580	0.400	0.385	0.411	0.349
1590	0.399	0.385	0.411	0.349
eigenvalues:  tensor([71.4332, 60.1882])
hess item is 0.20438149571418762
1600	0.399	0.386	0.410	0.349
1610	0.399	0.387	0.410	0.350
1620	0.399	0.387	0.410	0.350
1630	0.398	0.388	0.410	0.350
1640	0.398	0.389	0.410	0.350
eigenvalues:  tensor([71.2466, 60.1552])
hess item is 0.19456090033054352
1650	0.398	0.390	0.410	0.350
1660	0.398	0.390	0.409	0.351
1670	0.397	0.391	0.409	0.352
1680	0.397	0.391	0.409	0.352
1690	0.397	0.392	0.409	0.352
eigenvalues:  tensor([71.0778, 60.1086])
hess item is 0.18521994352340698
1700	0.397	0.393	0.409	0.353
1710	0.396	0.394	0.409	0.353
1720	0.396	0.395	0.408	0.354
1730	0.396	0.395	0.408	0.354
1740	0.396	0.396	0.408	0.354
eigenvalues:  tensor([70.8976, 60.0703])
hess item is 0.1763325184583664
1750	0.396	0.397	0.408	0.355
1760	0.395	0.397	0.408	0.355
1770	0.395	0.398	0.408	0.355
1780	0.395	0.398	0.408	0.356
1790	0.395	0.399	0.407	0.356
eigenvalues:  tensor([70.7293, 60.0314])
hess item is 0.16787883639335632
1800	0.394	0.400	0.407	0.357
1810	0.394	0.400	0.407	0.358
1820	0.394	0.401	0.407	0.357
1830	0.394	0.401	0.407	0.358
1840	0.393	0.402	0.407	0.357
eigenvalues:  tensor([70.5677, 60.0033])
hess item is 0.15983891487121582
1850	0.393	0.404	0.407	0.358
1860	0.393	0.403	0.406	0.359
1870	0.393	0.404	0.406	0.358
1880	0.393	0.405	0.406	0.358
1890	0.392	0.405	0.406	0.360
eigenvalues:  tensor([70.4126, 59.9698])
hess item is 0.15219002962112427
1900	0.392	0.405	0.406	0.360
1910	0.392	0.407	0.406	0.359
1920	0.392	0.408	0.406	0.360
1930	0.392	0.408	0.405	0.360
1940	0.391	0.408	0.405	0.361
eigenvalues:  tensor([70.2498, 59.9306])
hess item is 0.14491669833660126
1950	0.391	0.410	0.405	0.361
1960	0.391	0.410	0.405	0.362
1970	0.391	0.411	0.405	0.362
1980	0.390	0.412	0.405	0.363
1990	0.390	0.413	0.405	0.363
eigenvalues:  tensor([70.0990, 59.8957])
hess item is 0.13799640536308289
2000	0.390	0.413	0.405	0.363
2010	0.390	0.414	0.405	0.363
2020	0.390	0.415	0.404	0.363
2030	0.389	0.416	0.404	0.363
2040	0.389	0.416	0.404	0.365
eigenvalues:  tensor([69.9428, 59.8623])
hess item is 0.13141486048698425
2050	0.389	0.418	0.404	0.365
2060	0.389	0.418	0.404	0.365
2070	0.389	0.419	0.404	0.366
2080	0.388	0.420	0.404	0.367
2090	0.388	0.422	0.404	0.366
eigenvalues:  tensor([69.7841, 59.8222])
hess item is 0.12515413761138916
2100	0.388	0.423	0.403	0.367
2110	0.388	0.423	0.403	0.367
2120	0.388	0.424	0.403	0.368
2130	0.387	0.424	0.403	0.368
2140	0.387	0.425	0.403	0.368
eigenvalues:  tensor([69.6481, 59.7913])
hess item is 0.11919833719730377
2150	0.387	0.426	0.403	0.368
2160	0.387	0.426	0.403	0.369
2170	0.386	0.426	0.403	0.369
2180	0.386	0.427	0.403	0.369
2190	0.386	0.427	0.403	0.370
eigenvalues:  tensor([69.4869, 59.7559])
hess item is 0.11353299766778946
2200	0.386	0.428	0.402	0.370
2210	0.386	0.429	0.402	0.371
2220	0.385	0.429	0.402	0.370
2230	0.385	0.430	0.402	0.370
2240	0.385	0.431	0.402	0.371
eigenvalues:  tensor([69.3387, 59.7266])
hess item is 0.10814228653907776
2250	0.385	0.431	0.402	0.370
2260	0.385	0.432	0.402	0.371
2270	0.384	0.433	0.402	0.371
2280	0.384	0.433	0.402	0.372
2290	0.384	0.434	0.402	0.372
eigenvalues:  tensor([69.2058, 59.6860])
hess item is 0.1030149981379509
2300	0.384	0.435	0.401	0.373
2310	0.384	0.435	0.401	0.374
2320	0.383	0.435	0.401	0.374
2330	0.383	0.436	0.401	0.374
2340	0.383	0.437	0.401	0.374
eigenvalues:  tensor([69.0413, 59.6562])
hess item is 0.09813783317804337
2350	0.383	0.437	0.401	0.375
2360	0.383	0.437	0.401	0.374
2370	0.382	0.438	0.401	0.375
2380	0.382	0.439	0.401	0.375
2390	0.382	0.440	0.401	0.375
eigenvalues:  tensor([68.8933, 59.6236])
hess item is 0.0934990867972374
2400	0.382	0.440	0.400	0.376
2410	0.382	0.442	0.400	0.376
2420	0.381	0.442	0.400	0.377
2430	0.381	0.443	0.400	0.377
2440	0.381	0.442	0.400	0.377
eigenvalues:  tensor([68.7323, 59.5925])
hess item is 0.08908744901418686
2450	0.381	0.444	0.400	0.377
2460	0.381	0.444	0.400	0.378
2470	0.380	0.444	0.400	0.378
2480	0.380	0.445	0.400	0.378
2490	0.380	0.447	0.400	0.378
eigenvalues:  tensor([68.5772, 59.5802])
hess item is 0.08489038795232773
2500	0.380	0.447	0.400	0.379
2510	0.380	0.448	0.399	0.379
2520	0.379	0.449	0.399	0.379
2530	0.379	0.449	0.399	0.380
2540	0.379	0.450	0.399	0.381
eigenvalues:  tensor([68.4216, 59.5485])
hess item is 0.08090171217918396
2550	0.379	0.452	0.399	0.381
2560	0.379	0.452	0.399	0.380
2570	0.378	0.452	0.399	0.381
2580	0.378	0.453	0.399	0.381
2590	0.378	0.453	0.399	0.381
eigenvalues:  tensor([68.2684, 59.5233])
hess item is 0.0771043598651886
2600	0.378	0.454	0.399	0.382
2610	0.378	0.455	0.399	0.381
2620	0.377	0.456	0.399	0.383
2630	0.377	0.455	0.398	0.383
2640	0.377	0.456	0.398	0.383
eigenvalues:  tensor([68.1326, 59.4979])
hess item is 0.07349153608083725
2650	0.377	0.457	0.398	0.384
2660	0.376	0.458	0.398	0.384
2670	0.376	0.459	0.398	0.384
2680	0.376	0.460	0.398	0.384
2690	0.376	0.462	0.398	0.385
eigenvalues:  tensor([67.9791, 59.4785])
hess item is 0.07005811482667923
2700	0.376	0.461	0.398	0.384
2710	0.375	0.463	0.398	0.385
2720	0.375	0.463	0.398	0.386
2730	0.375	0.465	0.398	0.386
2740	0.375	0.465	0.398	0.386
eigenvalues:  tensor([67.8481, 59.4602])
hess item is 0.06679122895002365
2750	0.375	0.466	0.397	0.386
2760	0.374	0.467	0.397	0.386
2770	0.374	0.467	0.397	0.387
2780	0.374	0.468	0.397	0.387
2790	0.374	0.468	0.397	0.387
eigenvalues:  tensor([67.7321, 59.4410])
hess item is 0.06368392705917358
2800	0.373	0.469	0.397	0.387
2810	0.373	0.469	0.397	0.387
2820	0.373	0.470	0.397	0.388
2830	0.373	0.470	0.397	0.388
2840	0.373	0.470	0.397	0.389
eigenvalues:  tensor([67.5794, 59.4283])
hess item is 0.06072881817817688
2850	0.372	0.473	0.397	0.389
2860	0.372	0.473	0.397	0.388
2870	0.372	0.473	0.397	0.389
2880	0.372	0.475	0.396	0.389
2890	0.372	0.475	0.396	0.389
eigenvalues:  tensor([67.5313, 59.4350])
hess item is 0.05791669338941574
2900	0.371	0.476	0.396	0.389
2910	0.371	0.476	0.396	0.390
2920	0.371	0.477	0.396	0.390
2930	0.371	0.476	0.396	0.390
2940	0.370	0.477	0.396	0.391
eigenvalues:  tensor([67.4309, 59.4559])
hess item is 0.05524429678916931
2950	0.370	0.477	0.396	0.390
2960	0.370	0.478	0.396	0.392
2970	0.370	0.477	0.396	0.392
2980	0.370	0.478	0.396	0.391
2990	0.369	0.480	0.396	0.391
eigenvalues:  tensor([67.3243, 59.4513])
hess item is 0.05270273983478546
3000	0.369	0.481	0.396	0.391
3010	0.369	0.480	0.396	0.392
3020	0.369	0.481	0.396	0.391
3030	0.368	0.482	0.395	0.393
3040	0.368	0.482	0.395	0.393
eigenvalues:  tensor([67.2465, 59.4786])
hess item is 0.050284840166568756
3050	0.368	0.483	0.395	0.393
3060	0.368	0.484	0.395	0.393
3070	0.367	0.484	0.395	0.393
3080	0.367	0.486	0.395	0.394
3090	0.367	0.486	0.395	0.394
eigenvalues:  tensor([67.2491, 59.4970])
hess item is 0.04798617213964462
3100	0.367	0.486	0.395	0.395
3110	0.366	0.487	0.395	0.396
3120	0.366	0.488	0.395	0.396
3130	0.366	0.490	0.395	0.396
3140	0.366	0.491	0.395	0.397
eigenvalues:  tensor([67.2364, 59.4949])
hess item is 0.04580067843198776
3150	0.366	0.491	0.395	0.398
3160	0.365	0.491	0.395	0.397
3170	0.365	0.491	0.394	0.398
3180	0.365	0.491	0.394	0.398
3190	0.365	0.492	0.394	0.398
eigenvalues:  tensor([67.2451, 59.5616])
hess item is 0.04372034966945648
3200	0.364	0.495	0.394	0.398
3210	0.364	0.495	0.394	0.398
3220	0.364	0.495	0.394	0.399
3230	0.364	0.495	0.394	0.398
3240	0.363	0.498	0.394	0.399
eigenvalues:  tensor([67.2179, 59.5914])
hess item is 0.04174348711967468
3250	0.363	0.496	0.394	0.399
3260	0.363	0.498	0.394	0.400
3270	0.363	0.500	0.394	0.399
3280	0.362	0.500	0.394	0.401
3290	0.362	0.501	0.394	0.400
eigenvalues:  tensor([67.3117, 59.6364])
hess item is 0.03986237198114395
3300	0.362	0.501	0.394	0.400
3310	0.362	0.502	0.394	0.400
3320	0.361	0.503	0.394	0.400
3330	0.361	0.503	0.394	0.402
3340	0.361	0.505	0.393	0.401
eigenvalues:  tensor([67.4668, 59.7252])
hess item is 0.03807435557246208
3350	0.361	0.506	0.393	0.401
3360	0.360	0.508	0.393	0.401
3370	0.360	0.507	0.393	0.402
3380	0.360	0.509	0.393	0.403
3390	0.360	0.511	0.393	0.403
eigenvalues:  tensor([67.5297, 59.8082])
hess item is 0.03637256473302841
3400	0.359	0.511	0.393	0.403
3410	0.359	0.511	0.393	0.404
3420	0.359	0.512	0.393	0.405
3430	0.358	0.515	0.393	0.405
3440	0.358	0.516	0.393	0.404
eigenvalues:  tensor([67.6466, 59.8803])
hess item is 0.034756679087877274
3450	0.358	0.516	0.393	0.404
3460	0.358	0.517	0.393	0.405
3470	0.357	0.518	0.393	0.404
3480	0.357	0.518	0.393	0.405
3490	0.357	0.520	0.393	0.405
eigenvalues:  tensor([67.8437, 59.9540])
hess item is 0.033220887184143066
3500	0.357	0.521	0.393	0.406
3510	0.356	0.522	0.393	0.405
3520	0.356	0.523	0.392	0.406
3530	0.356	0.525	0.392	0.405
3540	0.355	0.525	0.392	0.406
eigenvalues:  tensor([68.0268, 60.0576])
hess item is 0.0317583791911602
3550	0.355	0.525	0.392	0.406
3560	0.355	0.528	0.392	0.407
3570	0.355	0.527	0.392	0.406
3580	0.354	0.527	0.392	0.407
3590	0.354	0.529	0.392	0.407
eigenvalues:  tensor([68.2141, 60.2025])
hess item is 0.030370265245437622
3600	0.354	0.531	0.392	0.406
3610	0.353	0.530	0.392	0.406
3620	0.353	0.533	0.392	0.407
3630	0.353	0.534	0.392	0.407
3640	0.352	0.535	0.392	0.407
eigenvalues:  tensor([68.4342, 60.3592])
hess item is 0.029052922502160072
3650	0.352	0.533	0.392	0.406
3660	0.352	0.536	0.392	0.407
3670	0.352	0.538	0.392	0.408
3680	0.351	0.539	0.392	0.408
3690	0.351	0.538	0.392	0.408
eigenvalues:  tensor([68.7369, 60.5027])
hess item is 0.027801133692264557
3700	0.351	0.538	0.392	0.408
3710	0.350	0.540	0.392	0.408
3720	0.350	0.541	0.392	0.409
3730	0.350	0.542	0.392	0.408
3740	0.349	0.543	0.392	0.410
eigenvalues:  tensor([69.0558, 60.6554])
hess item is 0.026610931381583214
3750	0.349	0.544	0.391	0.410
3760	0.349	0.545	0.391	0.410
3770	0.349	0.544	0.391	0.408
3780	0.348	0.546	0.391	0.410
3790	0.348	0.548	0.391	0.410
eigenvalues:  tensor([69.4100, 60.8446])
hess item is 0.02547943778336048
3800	0.348	0.550	0.391	0.411
3810	0.347	0.549	0.391	0.409
3820	0.347	0.551	0.391	0.410
3830	0.347	0.553	0.391	0.413
3840	0.346	0.551	0.391	0.411
eigenvalues:  tensor([69.7611, 61.0527])
hess item is 0.02440473437309265
3850	0.346	0.553	0.391	0.411
3860	0.346	0.554	0.391	0.409
3870	0.345	0.556	0.391	0.412
3880	0.345	0.555	0.391	0.412
3890	0.345	0.557	0.391	0.410
eigenvalues:  tensor([70.1661, 61.3190])
hess item is 0.023383203893899918
3900	0.344	0.558	0.391	0.412
3910	0.344	0.560	0.391	0.411
3920	0.344	0.561	0.391	0.410
3930	0.343	0.561	0.391	0.410
3940	0.343	0.563	0.391	0.410
eigenvalues:  tensor([70.5490, 61.5865])
hess item is 0.02241498790681362
3950	0.342	0.564	0.391	0.412
3960	0.342	0.563	0.391	0.409
3970	0.342	0.564	0.391	0.412
3980	0.341	0.568	0.391	0.412
3990	0.341	0.566	0.391	0.410
eigenvalues:  tensor([70.9424, 61.9226])
hess item is 0.021495407447218895
4000	0.341	0.570	0.391	0.411
4010	0.340	0.570	0.391	0.411
4020	0.340	0.570	0.391	0.411
4030	0.340	0.570	0.391	0.412
4040	0.339	0.572	0.391	0.413
eigenvalues:  tensor([71.4482, 62.1866])
hess item is 0.020622221753001213
4050	0.339	0.575	0.391	0.411
4060	0.338	0.575	0.391	0.412
4070	0.338	0.574	0.391	0.412
4080	0.338	0.576	0.391	0.413
4090	0.337	0.576	0.391	0.413
eigenvalues:  tensor([71.7310, 62.5707])
hess item is 0.01979263313114643
4100	0.337	0.578	0.391	0.411
4110	0.337	0.578	0.391	0.412
4120	0.336	0.579	0.390	0.414
4130	0.336	0.581	0.390	0.413
4140	0.335	0.581	0.390	0.412
eigenvalues:  tensor([72.4539, 62.9606])
hess item is 0.01900564320385456
4150	0.335	0.582	0.391	0.410
4160	0.335	0.582	0.391	0.410
4170	0.334	0.585	0.390	0.414
4180	0.334	0.587	0.391	0.413
4190	0.333	0.585	0.391	0.412
eigenvalues:  tensor([72.8315, 63.2999])
hess item is 0.01826222613453865
4200	0.333	0.589	0.390	0.413
4210	0.333	0.590	0.390	0.414
4220	0.332	0.591	0.391	0.413
4230	0.332	0.593	0.391	0.412
4240	0.331	0.596	0.391	0.415
eigenvalues:  tensor([73.4151, 63.7744])
hess item is 0.01755487732589245
4250	0.331	0.593	0.391	0.413
4260	0.331	0.594	0.391	0.410
4270	0.331	0.596	0.391	0.412
4280	0.330	0.595	0.391	0.412
4290	0.329	0.601	0.391	0.417
eigenvalues:  tensor([73.1428, 64.1250])
hess item is 0.01688946597278118
4300	0.329	0.601	0.391	0.414
4310	0.329	0.601	0.391	0.412
4320	0.329	0.600	0.392	0.412
4330	0.330	0.599	0.393	0.406
4340	0.331	0.593	0.395	0.403
eigenvalues:  tensor([69.5666, 64.0818])
hess item is 0.016275834292173386
4350	0.329	0.602	0.393	0.408
4360	0.327	0.606	0.391	0.413
4370	0.326	0.609	0.391	0.414
4380	0.326	0.611	0.391	0.416
4390	0.325	0.613	0.391	0.414
eigenvalues:  tensor([69.8831, 64.6055])
hess item is 0.015681829303503036
4400	0.325	0.609	0.391	0.412
4410	0.328	0.599	0.395	0.404
4420	0.329	0.598	0.396	0.402
4430	0.327	0.605	0.395	0.405
4440	0.325	0.616	0.393	0.408
eigenvalues:  tensor([64.7694, 64.3398])
hess item is 0.01513917651027441
4450	0.324	0.616	0.392	0.410
4460	0.322	0.620	0.391	0.414
4470	0.323	0.618	0.393	0.409
4480	0.325	0.618	0.395	0.408
4490	0.322	0.623	0.392	0.412
eigenvalues:  tensor([64.6019, 63.4665])
hess item is 0.01461097039282322
4500	0.321	0.619	0.392	0.414
4510	0.321	0.623	0.392	0.411
4520	0.331	0.593	0.403	0.393
4530	0.324	0.609	0.396	0.406
4540	0.320	0.625	0.392	0.413
eigenvalues:  tensor([64.7670, 59.1621])
hess item is 0.014131794683635235
4550	0.318	0.634	0.391	0.417
4560	0.317	0.635	0.391	0.417
4570	0.322	0.616	0.397	0.401
4580	0.319	0.623	0.394	0.408
4590	0.321	0.616	0.396	0.407
eigenvalues:  tensor([64.4568, 57.8998])
hess item is 0.013665379956364632
4600	0.321	0.615	0.397	0.407
4610	0.337	0.591	0.412	0.397
4620	0.318	0.631	0.394	0.409
4630	0.315	0.641	0.393	0.415
4640	0.315	0.639	0.393	0.414
eigenvalues:  tensor([58.0652, 57.5228])
hess item is 0.013251593336462975
4650	0.322	0.620	0.400	0.401
4660	0.326	0.608	0.405	0.393
4670	0.314	0.642	0.394	0.411
4680	0.320	0.628	0.399	0.405
4690	0.318	0.633	0.398	0.408
eigenvalues:  tensor([56.2202, 55.2921])
hess item is 0.012868225574493408
4700	0.325	0.618	0.405	0.400
4710	0.319	0.633	0.400	0.405
4720	0.311	0.655	0.393	0.417
4730	0.317	0.637	0.398	0.410
4740	0.322	0.620	0.404	0.404
eigenvalues:  tensor([55.9181, 54.6094])
hess item is 0.012495329603552818
4750	0.317	0.635	0.400	0.409
4760	0.322	0.624	0.406	0.396
4770	0.318	0.637	0.402	0.402
4780	0.315	0.642	0.400	0.402
4790	0.318	0.633	0.404	0.402
eigenvalues:  tensor([51.9713, 51.0675])
hess item is 0.012161841616034508
4800	0.327	0.607	0.413	0.387
4810	0.312	0.644	0.399	0.407
4820	0.315	0.641	0.401	0.407
4830	0.313	0.651	0.400	0.408
4840	0.317	0.637	0.406	0.401
eigenvalues:  tensor([52.2744, 49.4660])
hess item is 0.011831015348434448
4850	0.317	0.631	0.406	0.392
4860	0.315	0.635	0.404	0.403
4870	0.320	0.629	0.409	0.395
4880	0.322	0.629	0.411	0.391
4890	0.318	0.623	0.408	0.394
eigenvalues:  tensor([49.6099, 48.7654])
hess item is 0.01154132466763258
4900	0.312	0.640	0.403	0.405
4910	0.318	0.629	0.408	0.400
4920	0.307	0.664	0.398	0.411
4930	0.306	0.663	0.399	0.413
4940	0.328	0.612	0.421	0.382
eigenvalues:  tensor([48.5474, 46.9425])
hess item is 0.011258549056947231
4950	0.320	0.627	0.413	0.384
4960	0.312	0.657	0.405	0.399
4970	0.305	0.676	0.400	0.403
4980	0.330	0.610	0.425	0.367
4990	0.316	0.639	0.410	0.394
eigenvalues:  tensor([46.4365, 45.4209])
hess item is 0.011002877727150917
5000	0.309	0.656	0.404	0.402
5010	0.307	0.662	0.403	0.404
5020	0.325	0.618	0.422	0.370
5030	0.322	0.635	0.418	0.392
5040	0.304	0.667	0.402	0.408
eigenvalues:  tensor([45.3773, 44.7528])
hess item is 0.010750464163720608
5050	0.314	0.646	0.413	0.395
5060	0.312	0.655	0.412	0.391
5070	0.322	0.627	0.422	0.374
5080	0.308	0.662	0.407	0.397
5090	0.309	0.659	0.410	0.402
eigenvalues:  tensor([45.8796, 44.4777])
hess item is 0.010514610446989536
5100	0.316	0.647	0.417	0.399
5110	0.319	0.637	0.418	0.386
5120	0.310	0.656	0.411	0.394
5130	0.302	0.669	0.405	0.405
5140	0.304	0.669	0.407	0.400
eigenvalues:  tensor([43.9956, 42.6426])
hess item is 0.01028488576412201
5150	0.312	0.658	0.416	0.395
5160	0.314	0.647	0.417	0.391
5170	0.310	0.661	0.413	0.399
5180	0.307	0.668	0.413	0.398
5190	0.298	0.684	0.404	0.408
eigenvalues:  tensor([43.2716, 42.3755])
hess item is 0.01007410790771246
5200	0.330	0.621	0.438	0.368
5210	0.297	0.689	0.405	0.401
5220	0.306	0.668	0.413	0.403
5230	0.311	0.660	0.419	0.397
5240	0.337	0.602	0.444	0.356
eigenvalues:  tensor([41.8730, 40.7997])
hess item is 0.00989728607237339
5250	0.307	0.676	0.414	0.401
5260	0.311	0.656	0.420	0.389
5270	0.307	0.668	0.417	0.386
5280	0.291	0.708	0.402	0.407
5290	0.341	0.602	0.451	0.366
eigenvalues:  tensor([40.8797, 40.0498])
hess item is 0.009710595943033695
5300	0.288	0.721	0.399	0.411
5310	0.291	0.718	0.403	0.402
5320	0.306	0.680	0.419	0.381
5330	0.314	0.653	0.425	0.389
5340	0.307	0.664	0.420	0.390
eigenvalues:  tensor([41.2372, 39.3121])
hess item is 0.009513403289020061
5350	0.309	0.662	0.425	0.388
5360	0.308	0.670	0.422	0.394
5370	0.308	0.665	0.422	0.391
5380	0.301	0.677	0.417	0.393
5390	0.308	0.684	0.423	0.393
eigenvalues:  tensor([39.9724, 38.5229])
hess item is 0.00935482606291771
5400	0.305	0.681	0.420	0.392
5410	0.330	0.627	0.446	0.362
5420	0.288	0.712	0.405	0.405
5430	0.292	0.699	0.409	0.405
5440	0.305	0.680	0.422	0.387
eigenvalues:  tensor([37.5139, 37.1659])
hess item is 0.009181923232972622
5450	0.295	0.704	0.413	0.396
5460	0.310	0.673	0.428	0.382
5470	0.281	0.729	0.403	0.416
5480	0.306	0.673	0.428	0.377
5490	0.290	0.715	0.412	0.396
eigenvalues:  tensor([39.0915, 37.4208])
hess item is 0.009022289887070656
5500	0.323	0.653	0.445	0.365
5510	0.289	0.714	0.411	0.398
5520	0.285	0.720	0.408	0.403
5530	0.307	0.675	0.430	0.389
5540	0.288	0.714	0.413	0.397
eigenvalues:  tensor([37.5536, 37.2517])
hess item is 0.008837846107780933
5550	0.320	0.660	0.445	0.368
5560	0.285	0.712	0.413	0.395
5570	0.299	0.697	0.427	0.392
5580	0.304	0.684	0.430	0.382
5590	0.306	0.682	0.434	0.379
eigenvalues:  tensor([37.5591, 36.7785])
hess item is 0.00870033260434866
5600	0.289	0.716	0.417	0.398
5610	0.277	0.740	0.407	0.403
5620	0.296	0.695	0.428	0.382
5630	0.283	0.718	0.414	0.387
5640	0.291	0.712	0.421	0.389
eigenvalues:  tensor([37.5817, 36.8442])
hess item is 0.008540402166545391
5650	0.286	0.728	0.418	0.393
5660	0.287	0.722	0.420	0.392
5670	0.281	0.735	0.415	0.401
5680	0.323	0.659	0.454	0.382
5690	0.273	0.753	0.408	0.410
eigenvalues:  tensor([36.7395, 36.4609])
hess item is 0.008386343717575073
5700	0.283	0.731	0.420	0.393
5710	0.274	0.748	0.413	0.401
5720	0.296	0.693	0.434	0.381
5730	0.275	0.745	0.412	0.407
5740	0.284	0.728	0.422	0.394
eigenvalues:  tensor([36.8641, 36.3570])
hess item is 0.00824524275958538
5750	0.275	0.752	0.414	0.395
5760	0.291	0.718	0.430	0.382
5770	0.276	0.748	0.417	0.394
5780	0.288	0.718	0.432	0.393
5790	0.270	0.756	0.414	0.406
eigenvalues:  tensor([37.5816, 36.8363])
hess item is 0.00809580460190773
5800	0.274	0.757	0.418	0.396
5810	0.276	0.740	0.420	0.401
5820	0.274	0.742	0.419	0.406
5830	0.269	0.754	0.414	0.404
5840	0.285	0.719	0.430	0.391
eigenvalues:  tensor([37.3636, 36.0273])
hess item is 0.00796544086188078
5850	0.271	0.752	0.419	0.391
5860	0.267	0.758	0.417	0.398
5870	0.273	0.752	0.421	0.400
5880	0.260	0.776	0.410	0.409
5890	0.271	0.754	0.422	0.395
eigenvalues:  tensor([37.1736, 36.6598])
hess item is 0.007813945412635803
5900	0.275	0.745	0.427	0.383
5910	0.266	0.761	0.418	0.402
5920	0.279	0.744	0.432	0.378
5930	0.265	0.774	0.420	0.388
5940	0.265	0.771	0.422	0.399
eigenvalues:  tensor([39.1069, 37.4058])
hess item is 0.007701162714511156
5950	0.308	0.689	0.460	0.351
5960	0.276	0.751	0.429	0.393
5970	0.265	0.763	0.422	0.403
5980	0.267	0.771	0.424	0.393
5990	0.269	0.765	0.426	0.391
eigenvalues:  tensor([36.5435, 35.9687])
hess item is 0.00760040245950222
6000	0.269	0.752	0.429	0.387
6010	0.267	0.765	0.426	0.392
6020	0.272	0.759	0.432	0.384
6030	0.269	0.763	0.430	0.388
6040	0.260	0.779	0.422	0.401
eigenvalues:  tensor([36.9267, 36.2119])
hess item is 0.007500072941184044
6050	0.252	0.802	0.415	0.412
6060	0.280	0.741	0.442	0.382
6070	0.249	0.803	0.413	0.409
6080	0.272	0.756	0.433	0.398
6090	0.274	0.748	0.437	0.392
eigenvalues:  tensor([36.7720, 36.4406])
hess item is 0.0073856571689248085
6100	0.259	0.782	0.425	0.404
6110	0.264	0.765	0.430	0.393
6120	0.265	0.770	0.432	0.389
6130	0.261	0.775	0.428	0.393
6140	0.256	0.780	0.423	0.400
eigenvalues:  tensor([36.3856, 35.9341])
hess item is 0.007299783173948526
6150	0.252	0.797	0.421	0.399
6160	0.268	0.767	0.439	0.390
6170	0.248	0.810	0.419	0.401
6180	0.252	0.795	0.423	0.400
6190	0.262	0.783	0.435	0.388
eigenvalues:  tensor([37.3806, 36.1643])
hess item is 0.007189915049821138
6200	0.261	0.786	0.436	0.382
6210	0.242	0.830	0.418	0.402
6220	0.261	0.783	0.436	0.381
6230	0.264	0.782	0.438	0.393
6240	0.250	0.798	0.427	0.400
eigenvalues:  tensor([37.9299, 36.9343])
hess item is 0.007099449168890715
6250	0.253	0.782	0.429	0.398
6260	0.251	0.788	0.429	0.400
6270	0.246	0.804	0.426	0.398
6280	0.250	0.793	0.430	0.393
6290	0.254	0.798	0.433	0.378
eigenvalues:  tensor([37.6406, 37.3602])
hess item is 0.007018058095127344
6300	0.261	0.784	0.440	0.386
6310	0.240	0.817	0.424	0.406
6320	0.240	0.831	0.423	0.399
6330	0.244	0.826	0.427	0.398
6340	0.249	0.808	0.432	0.391
eigenvalues:  tensor([37.4640, 36.5494])
hess item is 0.00693355780094862
6350	0.244	0.824	0.429	0.394
6360	0.241	0.819	0.429	0.403
6370	0.267	0.768	0.453	0.375
6380	0.240	0.822	0.427	0.396
6390	0.247	0.797	0.437	0.384
eigenvalues:  tensor([37.2909, 36.6196])
hess item is 0.006862472742795944
6400	0.253	0.793	0.442	0.385
6410	0.242	0.818	0.431	0.393
6420	0.245	0.812	0.434	0.401
6430	0.234	0.830	0.427	0.403
6440	0.235	0.839	0.429	0.396
eigenvalues:  tensor([37.9995, 37.7400])
hess item is 0.006776217371225357
6450	0.261	0.779	0.452	0.372
6460	0.243	0.815	0.438	0.386
6470	0.232	0.831	0.429	0.400
6480	0.248	0.806	0.444	0.393
6490	0.241	0.817	0.437	0.389
eigenvalues:  tensor([37.5423, 36.7745])
hess item is 0.006718469318002462
6500	0.239	0.828	0.435	0.397
6510	0.237	0.831	0.433	0.396
6520	0.226	0.847	0.426	0.407
6530	0.247	0.811	0.447	0.393
6540	0.236	0.831	0.437	0.393
eigenvalues:  tensor([37.9094, 37.6871])
hess item is 0.0066640134900808334
6550	0.245	0.813	0.446	0.386
6560	0.226	0.847	0.428	0.399
6570	0.237	0.833	0.439	0.385
6580	0.243	0.824	0.445	0.382
6590	0.232	0.839	0.435	0.384
eigenvalues:  tensor([37.7433, 37.1591])
hess item is 0.00660327123478055
6600	0.229	0.852	0.434	0.387
6610	0.235	0.837	0.442	0.383
6620	0.231	0.837	0.438	0.392
6630	0.232	0.831	0.441	0.393
6640	0.223	0.846	0.432	0.397
eigenvalues:  tensor([37.7699, 37.0860])
hess item is 0.00655733747407794
6650	0.238	0.822	0.445	0.385
6660	0.247	0.815	0.452	0.387
6670	0.223	0.850	0.433	0.402
6680	0.221	0.859	0.433	0.402
6690	0.229	0.846	0.443	0.388
eigenvalues:  tensor([37.7291, 37.3895])
hess item is 0.00649132439866662
6700	0.231	0.836	0.442	0.386
6710	0.230	0.832	0.442	0.388
6720	0.226	0.842	0.442	0.387
6730	0.230	0.833	0.446	0.380
6740	0.236	0.833	0.452	0.396
eigenvalues:  tensor([37.7821, 37.1886])
hess item is 0.0064761023968458176
6750	0.237	0.832	0.454	0.386
6760	0.223	0.854	0.441	0.396
6770	0.232	0.833	0.452	0.385
6780	0.231	0.846	0.449	0.377
6790	0.229	0.827	0.447	0.378
eigenvalues:  tensor([38.1141, 37.5917])
hess item is 0.006427361164242029
6800	0.220	0.853	0.440	0.390
6810	0.224	0.846	0.444	0.390
6820	0.214	0.867	0.436	0.395
6830	0.230	0.831	0.451	0.391
6840	0.229	0.836	0.451	0.384
eigenvalues:  tensor([37.4196, 37.1618])
hess item is 0.006364509463310242
6850	0.209	0.869	0.434	0.402
6860	0.223	0.844	0.449	0.393
6870	0.225	0.846	0.451	0.386
6880	0.232	0.845	0.458	0.376
6890	0.213	0.872	0.441	0.392
eigenvalues:  tensor([37.5635, 36.7723])
hess item is 0.006324326153844595
6900	0.211	0.873	0.441	0.396
6910	0.223	0.861	0.451	0.391
6920	0.226	0.854	0.455	0.379
6930	0.209	0.879	0.440	0.397
6940	0.219	0.848	0.451	0.384
eigenvalues:  tensor([37.6717, 36.9091])
hess item is 0.006287592928856611
6950	0.212	0.871	0.446	0.382
6960	0.218	0.846	0.451	0.376
6970	0.219	0.855	0.451	0.377
6980	0.209	0.883	0.444	0.382
6990	0.206	0.888	0.444	0.388
eigenvalues:  tensor([37.6730, 37.5810])
hess item is 0.006235485430806875
7000	0.214	0.869	0.451	0.384
7010	0.237	0.836	0.470	0.369
7020	0.198	0.895	0.434	0.400
7030	0.204	0.881	0.442	0.394
7040	0.212	0.867	0.449	0.383
eigenvalues:  tensor([38.0478, 37.6341])
hess item is 0.0061859809793531895
7050	0.210	0.871	0.450	0.388
7060	0.204	0.883	0.444	0.392
7070	0.209	0.877	0.452	0.384
7080	0.201	0.890	0.445	0.389
7090	0.216	0.861	0.456	0.377
eigenvalues:  tensor([38.4181, 37.9429])
hess item is 0.006166134495288134
7100	0.206	0.877	0.450	0.379
7110	0.206	0.874	0.452	0.386
7120	0.209	0.873	0.455	0.389
7130	0.214	0.872	0.460	0.381
7140	0.199	0.899	0.446	0.387
eigenvalues:  tensor([38.8072, 38.1022])
hess item is 0.006146196275949478
7150	0.208	0.879	0.456	0.378
7160	0.221	0.853	0.469	0.364
7170	0.207	0.890	0.455	0.377
7180	0.192	0.907	0.442	0.393
7190	0.220	0.859	0.473	0.365
eigenvalues:  tensor([38.0688, 37.7217])
hess item is 0.006133232265710831
7200	0.195	0.897	0.448	0.389
7210	0.208	0.869	0.460	0.379
7220	0.204	0.876	0.457	0.387
7230	0.202	0.888	0.457	0.391
7240	0.209	0.869	0.463	0.387
eigenvalues:  tensor([38.6885, 37.8403])
hess item is 0.00613352982327342
7250	0.193	0.901	0.448	0.393
7260	0.196	0.895	0.454	0.388
7270	0.201	0.893	0.457	0.385
7280	0.199	0.891	0.457	0.380
7290	0.207	0.875	0.465	0.374
eigenvalues:  tensor([38.8590, 38.0886])
hess item is 0.006106190849095583
7300	0.194	0.900	0.452	0.388
7310	0.202	0.897	0.462	0.377
7320	0.193	0.907	0.452	0.387
7330	0.197	0.886	0.457	0.387
7340	0.197	0.888	0.459	0.385
eigenvalues:  tensor([38.7183, 38.3705])
hess item is 0.0060797142796218395
7350	0.198	0.891	0.459	0.383
7360	0.190	0.904	0.453	0.394
7370	0.207	0.873	0.470	0.381
7380	0.193	0.897	0.458	0.378
7390	0.184	0.908	0.451	0.387
eigenvalues:  tensor([39.3847, 38.8406])
hess item is 0.006062746047973633
7400	0.195	0.893	0.460	0.389
7410	0.198	0.888	0.464	0.376
7420	0.195	0.894	0.463	0.369
7430	0.189	0.908	0.458	0.380
7440	0.196	0.900	0.465	0.381
eigenvalues:  tensor([38.6025, 37.8320])
hess item is 0.006037202198058367
7450	0.191	0.912	0.461	0.374
7460	0.195	0.906	0.465	0.373
7470	0.194	0.893	0.468	0.383
7480	0.186	0.909	0.458	0.386
7490	0.198	0.886	0.469	0.375
eigenvalues:  tensor([38.7944, 38.5307])
hess item is 0.006014927290380001
7500	0.182	0.913	0.455	0.384
7510	0.185	0.911	0.459	0.381
7520	0.180	0.919	0.456	0.381
7530	0.202	0.898	0.477	0.363
7540	0.193	0.892	0.470	0.378
eigenvalues:  tensor([39.2553, 38.7341])
hess item is 0.005998522508889437
7550	0.186	0.902	0.461	0.387
7560	0.185	0.906	0.462	0.385
7570	0.174	0.925	0.451	0.387
7580	0.198	0.879	0.476	0.372
7590	0.176	0.926	0.456	0.389
eigenvalues:  tensor([38.3938, 37.6900])
hess item is 0.005987475160509348
7600	0.176	0.923	0.458	0.387
7610	0.183	0.902	0.463	0.380
7620	0.176	0.924	0.457	0.386
7630	0.204	0.878	0.485	0.369
7640	0.178	0.913	0.459	0.386
eigenvalues:  tensor([38.6493, 38.4460])
hess item is 0.005955771077424288
7650	0.185	0.906	0.469	0.386
7660	0.181	0.905	0.464	0.379
7670	0.181	0.916	0.465	0.378
7680	0.189	0.909	0.473	0.374
7690	0.171	0.927	0.458	0.388
eigenvalues:  tensor([39.1372, 38.4952])
hess item is 0.005929165054112673
7700	0.190	0.898	0.477	0.374
7710	0.185	0.898	0.473	0.376
7720	0.176	0.922	0.466	0.382
7730	0.184	0.913	0.475	0.369
7740	0.179	0.911	0.469	0.377
eigenvalues:  tensor([39.0007, 38.6822])
hess item is 0.00592395942658186
7750	0.179	0.910	0.470	0.380
7760	0.193	0.894	0.485	0.375
7770	0.173	0.927	0.465	0.377
7780	0.175	0.926	0.467	0.380
7790	0.179	0.919	0.472	0.380
eigenvalues:  tensor([39.0528, 38.5937])
hess item is 0.005882639903575182
7800	0.173	0.925	0.468	0.384
7810	0.176	0.918	0.471	0.377
7820	0.169	0.931	0.466	0.377
7830	0.172	0.915	0.469	0.369
7840	0.169	0.929	0.465	0.380
eigenvalues:  tensor([39.4701, 38.7555])
hess item is 0.00585521524772048
7850	0.171	0.936	0.467	0.379
7860	0.167	0.937	0.466	0.381
7870	0.165	0.933	0.464	0.384
7880	0.185	0.892	0.484	0.372
7890	0.167	0.928	0.467	0.382
eigenvalues:  tensor([39.0347, 38.1299])
hess item is 0.005844227038323879
7900	0.168	0.936	0.469	0.379
7910	0.174	0.922	0.477	0.375
7920	0.169	0.919	0.473	0.379
7930	0.161	0.932	0.466	0.386
7940	0.176	0.919	0.478	0.374
eigenvalues:  tensor([38.8848, 38.3231])
hess item is 0.005832297261804342
7950	0.160	0.941	0.465	0.384
7960	0.172	0.927	0.479	0.379
7970	0.170	0.926	0.477	0.381
7980	0.167	0.931	0.473	0.377
7990	0.165	0.938	0.472	0.377
eigenvalues:  tensor([39.6940, 38.7703])
hess item is 0.005797409452497959
8000	0.157	0.946	0.465	0.384
8010	0.186	0.901	0.493	0.366
8020	0.159	0.937	0.470	0.390
8030	0.170	0.920	0.479	0.380
8040	0.169	0.924	0.478	0.374
eigenvalues:  tensor([39.6831, 39.5082])
hess item is 0.005783734377473593
8050	0.174	0.919	0.480	0.368
8060	0.160	0.935	0.470	0.383
8070	0.167	0.929	0.479	0.384
8080	0.177	0.914	0.489	0.370
8090	0.153	0.949	0.468	0.382
eigenvalues:  tensor([39.8395, 39.0511])
hess item is 0.005761859007179737
8100	0.166	0.935	0.479	0.375
8110	0.163	0.935	0.477	0.383
8120	0.160	0.938	0.474	0.386
8130	0.168	0.922	0.482	0.376
8140	0.163	0.933	0.480	0.378
eigenvalues:  tensor([39.6078, 39.1432])
hess item is 0.0057298848405480385
8150	0.164	0.927	0.481	0.383
8160	0.162	0.925	0.478	0.382
8170	0.168	0.916	0.485	0.378
8180	0.152	0.938	0.472	0.379
8190	0.157	0.936	0.478	0.380
eigenvalues:  tensor([39.2261, 38.3760])
hess item is 0.005712483078241348
8200	0.151	0.952	0.474	0.387
8210	0.169	0.936	0.491	0.373
8220	0.170	0.923	0.493	0.374
8230	0.161	0.931	0.483	0.377
8240	0.154	0.943	0.479	0.382
eigenvalues:  tensor([40.4605, 39.6980])
hess item is 0.005704953335225582
8250	0.170	0.918	0.492	0.366
8260	0.167	0.930	0.489	0.366
8270	0.164	0.933	0.484	0.371
8280	0.158	0.940	0.481	0.380
8290	0.169	0.936	0.493	0.373
eigenvalues:  tensor([40.2251, 39.8850])
hess item is 0.005719134118407965
8300	0.156	0.940	0.480	0.370
8310	0.154	0.937	0.480	0.372
8320	0.158	0.939	0.484	0.373
8330	0.151	0.950	0.481	0.378
8340	0.154	0.952	0.484	0.376
eigenvalues:  tensor([39.1698, 38.7465])
hess item is 0.00568498857319355
8350	0.165	0.927	0.492	0.368
8360	0.151	0.945	0.479	0.369
8370	0.153	0.941	0.483	0.370
8380	0.154	0.940	0.487	0.366
8390	0.163	0.932	0.494	0.374
eigenvalues:  tensor([40.4246, 39.6552])
hess item is 0.005682459566742182
8400	0.153	0.938	0.482	0.377
8410	0.150	0.942	0.481	0.379
8420	0.148	0.949	0.480	0.375
8430	0.152	0.944	0.487	0.368
8440	0.157	0.934	0.491	0.369
eigenvalues:  tensor([39.7050, 39.5666])
hess item is 0.005685914307832718
8450	0.156	0.940	0.490	0.371
8460	0.150	0.952	0.485	0.379
8470	0.144	0.956	0.477	0.382
8480	0.143	0.954	0.479	0.381
8490	0.147	0.952	0.484	0.375
eigenvalues:  tensor([40.4884, 40.1293])
hess item is 0.00567279476672411
8500	0.151	0.951	0.488	0.367
8510	0.144	0.959	0.484	0.374
8520	0.152	0.951	0.493	0.376
8530	0.151	0.939	0.491	0.373
8540	0.155	0.934	0.493	0.373
eigenvalues:  tensor([39.5735, 39.3129])
hess item is 0.005665762349963188
8550	0.148	0.941	0.489	0.375
8560	0.148	0.940	0.489	0.375
8570	0.147	0.942	0.489	0.368
8580	0.144	0.947	0.488	0.373
8590	0.145	0.944	0.489	0.377
eigenvalues:  tensor([39.3195, 39.0172])
hess item is 0.005645647179335356
8600	0.149	0.946	0.492	0.369
8610	0.143	0.951	0.486	0.379
8620	0.143	0.949	0.487	0.382
8630	0.143	0.953	0.490	0.380
8640	0.142	0.952	0.490	0.380
eigenvalues:  tensor([39.3427, 38.9207])
hess item is 0.005625463090837002
8650	0.144	0.951	0.493	0.373
8660	0.156	0.940	0.501	0.363
8670	0.141	0.957	0.488	0.375
8680	0.145	0.961	0.492	0.368
8690	0.143	0.959	0.494	0.370
eigenvalues:  tensor([39.8369, 39.4581])
hess item is 0.005621783901005983
8700	0.145	0.951	0.495	0.366
8710	0.151	0.938	0.499	0.365
8720	0.142	0.948	0.491	0.371
8730	0.146	0.941	0.494	0.375
8740	0.133	0.959	0.485	0.376
eigenvalues:  tensor([39.6763, 39.2871])
hess item is 0.0055961692705750465
8750	0.151	0.937	0.504	0.364
8760	0.138	0.952	0.491	0.373
8770	0.144	0.945	0.497	0.370
8780	0.136	0.953	0.492	0.374
8790	0.140	0.946	0.494	0.378
eigenvalues:  tensor([39.7337, 39.0225])
hess item is 0.0055746533907949924
8800	0.141	0.943	0.495	0.377
8810	0.136	0.953	0.490	0.377
8820	0.143	0.947	0.497	0.376
8830	0.137	0.963	0.492	0.371
8840	0.141	0.961	0.498	0.366
eigenvalues:  tensor([39.9478, 39.5815])
hess item is 0.005556383635848761
8850	0.141	0.956	0.499	0.366
8860	0.132	0.963	0.491	0.378
8870	0.133	0.958	0.493	0.371
8880	0.134	0.953	0.495	0.372
8890	0.128	0.960	0.490	0.376
eigenvalues:  tensor([40.0405, 39.2385])
hess item is 0.005522820632904768
8900	0.140	0.950	0.501	0.370
8910	0.143	0.942	0.502	0.373
8920	0.140	0.951	0.500	0.368
8930	0.134	0.961	0.495	0.371
8940	0.142	0.957	0.503	0.371
eigenvalues:  tensor([39.5698, 39.2181])
hess item is 0.005529057700186968
8950	0.132	0.967	0.494	0.370
8960	0.127	0.968	0.492	0.376
8970	0.130	0.964	0.495	0.374
8980	0.138	0.951	0.502	0.367
8990	0.136	0.959	0.500	0.369
eigenvalues:  tensor([39.7953, 38.7408])
hess item is 0.005505124107003212
9000	0.128	0.967	0.493	0.373
9010	0.135	0.953	0.499	0.375
9020	0.134	0.955	0.498	0.375
9030	0.144	0.949	0.507	0.367
9040	0.135	0.952	0.499	0.373
eigenvalues:  tensor([39.7494, 39.4200])
hess item is 0.005503829102963209
9050	0.141	0.948	0.508	0.372
9060	0.128	0.965	0.495	0.370
9070	0.128	0.970	0.500	0.365
9080	0.131	0.965	0.500	0.368
9090	0.125	0.968	0.495	0.371
eigenvalues:  tensor([40.3548, 39.5459])
hess item is 0.005504649598151445
9100	0.136	0.947	0.502	0.361
9110	0.126	0.964	0.496	0.372
9120	0.129	0.964	0.503	0.367
9130	0.141	0.949	0.512	0.362
9140	0.124	0.959	0.496	0.375
eigenvalues:  tensor([40.1485, 39.6260])
hess item is 0.005476399790495634
9150	0.132	0.958	0.503	0.369
9160	0.127	0.961	0.499	0.372
9170	0.134	0.956	0.505	0.361
9180	0.126	0.964	0.500	0.365
9190	0.131	0.962	0.506	0.366
eigenvalues:  tensor([39.8680, 39.3139])
hess item is 0.0054788896813988686
9200	0.126	0.963	0.502	0.368
9210	0.119	0.971	0.496	0.375
9220	0.127	0.967	0.504	0.373
9230	0.127	0.960	0.502	0.372
9240	0.136	0.947	0.510	0.361
eigenvalues:  tensor([39.7326, 39.0481])
hess item is 0.0054663922637701035
9250	0.127	0.951	0.503	0.360
9260	0.116	0.971	0.495	0.371
9270	0.122	0.971	0.502	0.367
9280	0.118	0.975	0.499	0.370
9290	0.131	0.965	0.509	0.368
eigenvalues:  tensor([39.5731, 39.2581])
hess item is 0.005429829936474562
9300	0.120	0.975	0.499	0.368
9310	0.128	0.964	0.506	0.366
9320	0.127	0.966	0.505	0.370
9330	0.123	0.965	0.504	0.371
9340	0.131	0.956	0.512	0.362
eigenvalues:  tensor([39.5798, 39.4407])
hess item is 0.00540525745600462
9350	0.126	0.962	0.509	0.363
9360	0.121	0.967	0.505	0.367
9370	0.125	0.961	0.510	0.363
9380	0.129	0.950	0.513	0.364
9390	0.137	0.950	0.518	0.364
eigenvalues:  tensor([39.5484, 39.0977])
hess item is 0.005426268093287945
9400	0.122	0.965	0.505	0.373
9410	0.125	0.965	0.507	0.369
9420	0.118	0.972	0.503	0.366
9430	0.118	0.972	0.504	0.368
9440	0.119	0.968	0.506	0.366
eigenvalues:  tensor([39.7442, 39.3347])
hess item is 0.005403036251664162
9450	0.124	0.960	0.510	0.363
9460	0.122	0.962	0.508	0.367
9470	0.118	0.971	0.505	0.369
9480	0.120	0.972	0.509	0.369
9490	0.117	0.976	0.505	0.370
eigenvalues:  tensor([40.0541, 38.7330])
hess item is 0.005384973715990782
9500	0.130	0.966	0.520	0.357
9510	0.119	0.966	0.508	0.359
9520	0.112	0.976	0.503	0.365
9530	0.112	0.974	0.503	0.363
9540	0.121	0.967	0.510	0.355
eigenvalues:  tensor([39.5266, 38.9773])
hess item is 0.005365243647247553
9550	0.120	0.962	0.509	0.368
9560	0.118	0.968	0.506	0.366
9570	0.110	0.978	0.503	0.373
9580	0.118	0.974	0.509	0.367
9590	0.116	0.972	0.509	0.369
eigenvalues:  tensor([39.7791, 39.6254])
hess item is 0.00534466840326786
9600	0.122	0.963	0.514	0.366
9610	0.114	0.969	0.508	0.370
9620	0.114	0.972	0.510	0.366
9630	0.120	0.972	0.517	0.357
9640	0.121	0.972	0.515	0.366
eigenvalues:  tensor([39.5860, 39.4195])
hess item is 0.005336363799870014
9650	0.115	0.971	0.510	0.368
9660	0.110	0.976	0.507	0.372
9670	0.115	0.967	0.513	0.367
9680	0.120	0.960	0.517	0.362
9690	0.107	0.975	0.505	0.372
eigenvalues:  tensor([39.6508, 38.8944])
hess item is 0.0052881259471178055
9700	0.114	0.973	0.513	0.364
9710	0.138	0.947	0.534	0.352
9720	0.131	0.954	0.527	0.353
9730	0.107	0.977	0.505	0.367
9740	0.115	0.976	0.516	0.356
eigenvalues:  tensor([39.6225, 39.2394])
hess item is 0.0053062220104038715
9750	0.116	0.972	0.516	0.356
9760	0.110	0.975	0.512	0.364
9770	0.113	0.970	0.515	0.366
9780	0.123	0.959	0.523	0.360
9790	0.110	0.966	0.511	0.369
eigenvalues:  tensor([40.0145, 39.2739])
hess item is 0.005297251045703888
9800	0.117	0.965	0.518	0.369
9810	0.114	0.970	0.517	0.365
9820	0.118	0.965	0.522	0.362
9830	0.106	0.973	0.510	0.368
9840	0.106	0.972	0.510	0.365
eigenvalues:  tensor([39.1255, 39.0518])
hess item is 0.0052874768152832985
9850	0.108	0.973	0.512	0.364
9860	0.112	0.972	0.515	0.363
9870	0.113	0.970	0.517	0.364
9880	0.113	0.971	0.517	0.363
9890	0.112	0.971	0.516	0.361
eigenvalues:  tensor([39.2576, 38.4698])
hess item is 0.005277074873447418
9900	0.105	0.976	0.511	0.366
9910	0.109	0.976	0.515	0.370
9920	0.113	0.973	0.519	0.367
9930	0.105	0.976	0.513	0.370
9940	0.127	0.956	0.531	0.365
eigenvalues:  tensor([39.7260, 39.5684])
hess item is 0.005285048391669989
9950	0.118	0.962	0.524	0.366
9960	0.109	0.968	0.517	0.366
9970	0.110	0.971	0.519	0.366
9980	0.108	0.974	0.517	0.369
9990	0.103	0.978	0.514	0.367
