device: cuda:6
output directory: RESULTS/cifar10-10k/fc-tanh/seed_0/mse/ivon/lr_0.0005/h0_1.0/ess_10000000.0/post_50/beta2_0.999/beta_0.0_alpha_100.0_ivon
Files already downloaded and verified
Files already downloaded and verified
optimizer is IVON
0	0.597	0.131	0.597	0.131
10	0.574	0.136	0.574	0.137
20	0.558	0.142	0.559	0.142
30	0.547	0.148	0.548	0.149
40	0.538	0.154	0.540	0.155
eigenvalues:  tensor([80.6496, 66.5484])
hess item is 0.9513581395149231
50	0.532	0.161	0.533	0.163
60	0.526	0.168	0.528	0.169
70	0.521	0.173	0.523	0.173
80	0.517	0.178	0.519	0.178
90	0.514	0.184	0.515	0.183
eigenvalues:  tensor([80.3244, 66.1618])
hess item is 0.9051014184951782
100	0.511	0.189	0.512	0.186
110	0.508	0.194	0.510	0.191
120	0.505	0.198	0.507	0.194
130	0.502	0.201	0.504	0.197
140	0.500	0.206	0.502	0.199
eigenvalues:  tensor([79.8545, 65.6973])
hess item is 0.8610994815826416
150	0.498	0.209	0.500	0.202
160	0.496	0.211	0.498	0.204
170	0.493	0.213	0.496	0.207
180	0.491	0.216	0.494	0.209
190	0.489	0.219	0.492	0.213
eigenvalues:  tensor([79.4212, 65.2337])
hess item is 0.8192376494407654
200	0.487	0.221	0.490	0.215
210	0.485	0.223	0.488	0.217
220	0.483	0.225	0.486	0.219
230	0.482	0.228	0.484	0.221
240	0.480	0.230	0.483	0.223
eigenvalues:  tensor([79.0204, 64.7844])
hess item is 0.7794228792190552
250	0.478	0.231	0.481	0.224
260	0.476	0.233	0.479	0.227
270	0.475	0.236	0.478	0.230
280	0.474	0.238	0.477	0.230
290	0.472	0.241	0.475	0.231
eigenvalues:  tensor([78.6426, 64.3497])
hess item is 0.7415507435798645
300	0.471	0.243	0.474	0.233
310	0.469	0.244	0.473	0.236
320	0.468	0.245	0.471	0.237
330	0.467	0.247	0.470	0.239
340	0.466	0.249	0.469	0.241
eigenvalues:  tensor([78.2729, 63.9336])
hess item is 0.7055286169052124
350	0.464	0.251	0.468	0.243
360	0.463	0.254	0.467	0.244
370	0.462	0.255	0.466	0.246
380	0.461	0.257	0.465	0.248
390	0.460	0.259	0.463	0.250
eigenvalues:  tensor([77.9127, 63.5338])
hess item is 0.6712621450424194
400	0.459	0.261	0.462	0.251
410	0.458	0.263	0.461	0.252
420	0.457	0.264	0.461	0.253
430	0.456	0.266	0.460	0.255
440	0.455	0.267	0.459	0.257
eigenvalues:  tensor([77.5613, 63.1510])
hess item is 0.6386687159538269
450	0.454	0.269	0.458	0.258
460	0.453	0.271	0.457	0.260
470	0.452	0.272	0.456	0.262
480	0.451	0.273	0.455	0.263
490	0.450	0.275	0.454	0.264
eigenvalues:  tensor([77.2167, 62.7845])
hess item is 0.6076633334159851
500	0.449	0.277	0.453	0.265
510	0.448	0.279	0.453	0.266
520	0.447	0.280	0.452	0.267
530	0.446	0.282	0.451	0.267
540	0.446	0.283	0.450	0.269
eigenvalues:  tensor([76.8800, 62.4369])
hess item is 0.5781735181808472
550	0.445	0.284	0.449	0.270
560	0.444	0.285	0.449	0.271
570	0.443	0.287	0.448	0.272
580	0.442	0.288	0.447	0.273
590	0.442	0.289	0.446	0.275
eigenvalues:  tensor([76.5461, 62.1133])
hess item is 0.5501216053962708
600	0.441	0.292	0.446	0.276
610	0.440	0.294	0.445	0.279
620	0.440	0.294	0.444	0.280
630	0.439	0.296	0.444	0.281
640	0.438	0.298	0.443	0.283
eigenvalues:  tensor([76.2228, 61.8238])
hess item is 0.523436963558197
650	0.437	0.299	0.443	0.283
660	0.437	0.299	0.442	0.284
670	0.436	0.299	0.441	0.285
680	0.435	0.302	0.441	0.287
690	0.435	0.303	0.440	0.287
eigenvalues:  tensor([75.9089, 61.5760])
hess item is 0.4980538487434387
700	0.434	0.304	0.439	0.288
710	0.433	0.305	0.439	0.289
720	0.433	0.306	0.438	0.290
730	0.432	0.308	0.438	0.291
740	0.432	0.310	0.437	0.292
eigenvalues:  tensor([75.5971, 61.3701])
hess item is 0.4739095866680145
750	0.431	0.311	0.437	0.292
760	0.430	0.312	0.436	0.293
770	0.430	0.313	0.436	0.294
780	0.429	0.314	0.435	0.296
790	0.429	0.315	0.435	0.296
eigenvalues:  tensor([75.2934, 61.1935])
hess item is 0.45094361901283264
800	0.428	0.316	0.434	0.297
810	0.428	0.317	0.434	0.299
820	0.427	0.318	0.433	0.299
830	0.427	0.319	0.433	0.299
840	0.426	0.320	0.432	0.299
eigenvalues:  tensor([75.0002, 61.0386])
hess item is 0.42909562587738037
850	0.426	0.322	0.432	0.300
860	0.425	0.323	0.431	0.301
870	0.425	0.324	0.431	0.302
880	0.424	0.326	0.431	0.303
890	0.424	0.327	0.430	0.303
eigenvalues:  tensor([74.7166, 60.8936])
hess item is 0.4083147644996643
900	0.423	0.328	0.430	0.303
910	0.423	0.330	0.429	0.303
920	0.422	0.331	0.429	0.304
930	0.422	0.332	0.428	0.305
940	0.421	0.333	0.428	0.305
eigenvalues:  tensor([74.4386, 60.7584])
hess item is 0.3885473608970642
950	0.421	0.333	0.428	0.306
960	0.420	0.334	0.427	0.307
970	0.420	0.336	0.427	0.307
980	0.420	0.337	0.427	0.308
990	0.419	0.337	0.426	0.308
eigenvalues:  tensor([74.1666, 60.6298])
hess item is 0.36974403262138367
1000	0.419	0.338	0.426	0.309
1010	0.418	0.339	0.425	0.310
1020	0.418	0.339	0.425	0.310
1030	0.417	0.340	0.425	0.311
1040	0.417	0.341	0.424	0.313
eigenvalues:  tensor([73.9083, 60.5046])
hess item is 0.35185807943344116
1050	0.417	0.342	0.424	0.313
1060	0.416	0.343	0.424	0.315
1070	0.416	0.344	0.423	0.315
1080	0.415	0.345	0.423	0.316
1090	0.415	0.346	0.423	0.317
eigenvalues:  tensor([73.6461, 60.3863])
hess item is 0.33484354615211487
1100	0.415	0.347	0.422	0.318
1110	0.414	0.348	0.422	0.319
1120	0.414	0.350	0.422	0.319
1130	0.414	0.350	0.421	0.319
1140	0.413	0.351	0.421	0.320
eigenvalues:  tensor([73.4012, 60.2707])
hess item is 0.3186594843864441
1150	0.413	0.351	0.421	0.321
1160	0.413	0.352	0.421	0.322
1170	0.412	0.353	0.420	0.323
1180	0.412	0.354	0.420	0.324
1190	0.411	0.356	0.420	0.324
eigenvalues:  tensor([73.1579, 60.1599])
hess item is 0.30326297879219055
1200	0.411	0.356	0.419	0.324
1210	0.411	0.358	0.419	0.325
1220	0.410	0.359	0.419	0.326
1230	0.410	0.360	0.419	0.327
1240	0.410	0.360	0.418	0.328
eigenvalues:  tensor([72.9168, 60.0543])
hess item is 0.2886180281639099
1250	0.409	0.361	0.418	0.328
1260	0.409	0.361	0.418	0.330
1270	0.409	0.362	0.417	0.331
1280	0.408	0.363	0.417	0.332
1290	0.408	0.364	0.417	0.332
eigenvalues:  tensor([72.6884, 59.9489])
hess item is 0.2746870815753937
1300	0.408	0.365	0.417	0.332
1310	0.407	0.365	0.416	0.333
1320	0.407	0.366	0.416	0.334
1330	0.407	0.366	0.416	0.334
1340	0.407	0.367	0.416	0.334
eigenvalues:  tensor([72.4645, 59.8490])
hess item is 0.261436402797699
1350	0.406	0.368	0.415	0.335
1360	0.406	0.368	0.415	0.335
1370	0.406	0.369	0.415	0.336
1380	0.405	0.370	0.415	0.336
1390	0.405	0.371	0.415	0.337
eigenvalues:  tensor([72.2522, 59.7489])
hess item is 0.24883118271827698
1400	0.405	0.371	0.414	0.338
1410	0.404	0.372	0.414	0.338
1420	0.404	0.373	0.414	0.338
1430	0.404	0.375	0.414	0.339
1440	0.404	0.376	0.413	0.340
eigenvalues:  tensor([72.0427, 59.6572])
hess item is 0.23684121668338776
1450	0.403	0.377	0.413	0.340
1460	0.403	0.377	0.413	0.341
1470	0.403	0.378	0.413	0.342
1480	0.402	0.378	0.413	0.342
1490	0.402	0.380	0.412	0.343
eigenvalues:  tensor([71.8337, 59.5660])
hess item is 0.2254360020160675
1500	0.402	0.380	0.412	0.344
1510	0.402	0.381	0.412	0.345
1520	0.401	0.382	0.412	0.345
1530	0.401	0.382	0.412	0.346
1540	0.401	0.384	0.411	0.347
eigenvalues:  tensor([71.6331, 59.4791])
hess item is 0.21458712220191956
1550	0.401	0.384	0.411	0.348
1560	0.400	0.385	0.411	0.349
1570	0.400	0.386	0.411	0.348
1580	0.400	0.387	0.411	0.349
1590	0.400	0.387	0.411	0.350
eigenvalues:  tensor([71.4321, 59.3996])
hess item is 0.20426683127880096
1600	0.399	0.387	0.410	0.350
1610	0.399	0.387	0.410	0.351
1620	0.399	0.388	0.410	0.351
1630	0.399	0.389	0.410	0.352
1640	0.398	0.390	0.410	0.352
eigenvalues:  tensor([71.2491, 59.3235])
hess item is 0.19445030391216278
1650	0.398	0.390	0.410	0.353
1660	0.398	0.391	0.409	0.353
1670	0.398	0.391	0.409	0.354
1680	0.397	0.392	0.409	0.354
1690	0.397	0.393	0.409	0.354
eigenvalues:  tensor([71.0691, 59.2431])
hess item is 0.18511207401752472
1700	0.397	0.395	0.409	0.354
1710	0.397	0.395	0.409	0.354
1720	0.396	0.396	0.408	0.354
1730	0.396	0.397	0.408	0.354
1740	0.396	0.397	0.408	0.355
eigenvalues:  tensor([70.8805, 59.1735])
hess item is 0.17622916400432587
1750	0.396	0.398	0.408	0.356
1760	0.395	0.399	0.408	0.356
1770	0.395	0.399	0.408	0.356
1780	0.395	0.400	0.408	0.356
1790	0.395	0.400	0.407	0.356
eigenvalues:  tensor([70.7103, 59.1032])
hess item is 0.16778017580509186
1800	0.395	0.401	0.407	0.357
1810	0.394	0.402	0.407	0.357
1820	0.394	0.402	0.407	0.357
1830	0.394	0.402	0.407	0.357
1840	0.394	0.403	0.407	0.357
eigenvalues:  tensor([70.5193, 59.0473])
hess item is 0.1597428023815155
1850	0.393	0.403	0.407	0.358
1860	0.393	0.404	0.406	0.359
1870	0.393	0.404	0.406	0.359
1880	0.393	0.405	0.406	0.360
1890	0.393	0.405	0.406	0.361
eigenvalues:  tensor([70.3556, 58.9797])
hess item is 0.15209777653217316
1900	0.392	0.405	0.406	0.361
1910	0.392	0.406	0.406	0.362
1920	0.392	0.407	0.406	0.362
1930	0.392	0.408	0.405	0.362
1940	0.391	0.408	0.405	0.363
eigenvalues:  tensor([70.1775, 58.9253])
hess item is 0.1448250114917755
1950	0.391	0.409	0.405	0.364
1960	0.391	0.409	0.405	0.364
1970	0.391	0.410	0.405	0.363
1980	0.391	0.410	0.405	0.363
1990	0.390	0.411	0.405	0.364
eigenvalues:  tensor([70.0013, 58.8676])
hess item is 0.13790729641914368
2000	0.390	0.412	0.405	0.364
2010	0.390	0.413	0.404	0.365
2020	0.390	0.414	0.404	0.365
2030	0.390	0.415	0.404	0.365
2040	0.389	0.417	0.404	0.366
eigenvalues:  tensor([69.8323, 58.8120])
hess item is 0.13132686913013458
2050	0.389	0.417	0.404	0.366
2060	0.389	0.418	0.404	0.367
2070	0.389	0.419	0.404	0.367
2080	0.388	0.420	0.404	0.367
2090	0.388	0.421	0.404	0.367
eigenvalues:  tensor([69.6504, 58.7645])
hess item is 0.12506736814975739
2100	0.388	0.421	0.403	0.367
2110	0.388	0.423	0.403	0.368
2120	0.388	0.423	0.403	0.368
2130	0.387	0.424	0.403	0.369
2140	0.387	0.424	0.403	0.369
eigenvalues:  tensor([69.4806, 58.7101])
hess item is 0.11911378055810928
2150	0.387	0.426	0.403	0.369
2160	0.387	0.427	0.403	0.369
2170	0.387	0.428	0.403	0.370
2180	0.386	0.429	0.403	0.370
2190	0.386	0.429	0.402	0.370
eigenvalues:  tensor([69.2962, 58.6694])
hess item is 0.11345037817955017
2200	0.386	0.430	0.402	0.370
2210	0.386	0.430	0.402	0.370
2220	0.386	0.431	0.402	0.370
2230	0.385	0.432	0.402	0.371
2240	0.385	0.432	0.402	0.371
eigenvalues:  tensor([69.1153, 58.6259])
hess item is 0.10806258022785187
2250	0.385	0.432	0.402	0.372
2260	0.385	0.432	0.402	0.372
2270	0.385	0.433	0.402	0.372
2280	0.384	0.433	0.402	0.372
2290	0.384	0.434	0.401	0.373
eigenvalues:  tensor([68.9393, 58.5774])
hess item is 0.10293792933225632
2300	0.384	0.434	0.401	0.373
2310	0.384	0.435	0.401	0.373
2320	0.384	0.436	0.401	0.373
2330	0.383	0.435	0.401	0.373
2340	0.383	0.436	0.401	0.373
eigenvalues:  tensor([68.7485, 58.5325])
hess item is 0.09806322306394577
2350	0.383	0.436	0.401	0.374
2360	0.383	0.437	0.401	0.374
2370	0.383	0.437	0.401	0.374
2380	0.382	0.438	0.401	0.375
2390	0.382	0.438	0.401	0.375
eigenvalues:  tensor([68.5533, 58.4925])
hess item is 0.09342732280492783
2400	0.382	0.439	0.400	0.375
2410	0.382	0.440	0.400	0.375
2420	0.382	0.441	0.400	0.376
2430	0.381	0.442	0.400	0.376
2440	0.381	0.443	0.400	0.376
eigenvalues:  tensor([68.3532, 58.4484])
hess item is 0.08901699632406235
2450	0.381	0.444	0.400	0.377
2460	0.381	0.444	0.400	0.377
2470	0.381	0.444	0.400	0.378
2480	0.380	0.444	0.400	0.377
2490	0.380	0.446	0.400	0.378
eigenvalues:  tensor([68.1508, 58.4051])
hess item is 0.08482126146554947
2500	0.380	0.445	0.400	0.379
2510	0.380	0.447	0.399	0.379
2520	0.379	0.448	0.399	0.380
2530	0.379	0.448	0.399	0.381
2540	0.379	0.450	0.399	0.381
eigenvalues:  tensor([67.9492, 58.3609])
hess item is 0.08083071559667587
2550	0.379	0.450	0.399	0.381
2560	0.379	0.451	0.399	0.381
2570	0.378	0.451	0.399	0.381
2580	0.378	0.452	0.399	0.382
2590	0.378	0.453	0.399	0.382
eigenvalues:  tensor([67.7526, 58.3154])
hess item is 0.07703400403261185
2600	0.378	0.454	0.399	0.383
2610	0.378	0.454	0.399	0.383
2620	0.377	0.455	0.399	0.384
2630	0.377	0.456	0.398	0.383
2640	0.377	0.457	0.398	0.383
eigenvalues:  tensor([67.5437, 58.2748])
hess item is 0.07342309504747391
2650	0.377	0.457	0.398	0.383
2660	0.377	0.458	0.398	0.384
2670	0.376	0.460	0.398	0.384
2680	0.376	0.460	0.398	0.384
2690	0.376	0.461	0.398	0.384
eigenvalues:  tensor([67.3519, 58.2345])
hess item is 0.06998873502016068
2700	0.376	0.461	0.398	0.385
2710	0.376	0.462	0.398	0.385
2720	0.375	0.462	0.398	0.386
2730	0.375	0.464	0.398	0.386
2740	0.375	0.464	0.398	0.386
eigenvalues:  tensor([67.1584, 58.2029])
hess item is 0.06672196835279465
2750	0.375	0.464	0.397	0.386
2760	0.374	0.465	0.397	0.387
2770	0.374	0.466	0.397	0.387
2780	0.374	0.467	0.397	0.387
2790	0.374	0.467	0.397	0.387
eigenvalues:  tensor([66.9832, 58.1486])
hess item is 0.06361416727304459
2800	0.374	0.468	0.397	0.387
2810	0.373	0.469	0.397	0.387
2820	0.373	0.469	0.397	0.388
2830	0.373	0.470	0.397	0.388
2840	0.373	0.471	0.397	0.388
eigenvalues:  tensor([66.8182, 58.1143])
hess item is 0.06065783277153969
2850	0.373	0.471	0.397	0.389
2860	0.372	0.471	0.397	0.389
2870	0.372	0.472	0.397	0.389
2880	0.372	0.473	0.396	0.389
2890	0.372	0.474	0.396	0.389
eigenvalues:  tensor([66.6325, 58.0676])
hess item is 0.05784648284316063
2900	0.371	0.474	0.396	0.390
2910	0.371	0.475	0.396	0.390
2920	0.371	0.476	0.396	0.390
2930	0.371	0.476	0.396	0.390
2940	0.371	0.477	0.396	0.391
eigenvalues:  tensor([66.4890, 58.0247])
hess item is 0.055172547698020935
2950	0.370	0.477	0.396	0.391
2960	0.370	0.478	0.396	0.392
2970	0.370	0.479	0.396	0.392
2980	0.370	0.479	0.396	0.392
2990	0.369	0.480	0.396	0.393
eigenvalues:  tensor([66.3470, 58.0003])
hess item is 0.052629612386226654
3000	0.369	0.480	0.396	0.393
3010	0.369	0.480	0.396	0.393
3020	0.369	0.481	0.395	0.393
3030	0.369	0.482	0.395	0.393
3040	0.368	0.483	0.395	0.392
eigenvalues:  tensor([66.2062, 57.9604])
hess item is 0.050211016088724136
3050	0.368	0.484	0.395	0.393
3060	0.368	0.484	0.395	0.394
3070	0.368	0.485	0.395	0.394
3080	0.367	0.485	0.395	0.394
3090	0.367	0.486	0.395	0.394
eigenvalues:  tensor([66.0954, 57.9356])
hess item is 0.04791003093123436
3100	0.367	0.487	0.395	0.395
3110	0.367	0.488	0.395	0.395
3120	0.366	0.488	0.395	0.395
3130	0.366	0.488	0.395	0.395
3140	0.366	0.490	0.395	0.395
eigenvalues:  tensor([66.0022, 57.8852])
hess item is 0.0457216314971447
3150	0.366	0.491	0.395	0.396
3160	0.366	0.491	0.395	0.396
3170	0.365	0.490	0.394	0.397
3180	0.365	0.491	0.394	0.398
3190	0.365	0.492	0.394	0.398
eigenvalues:  tensor([65.9058, 57.8470])
hess item is 0.04364101216197014
3200	0.365	0.493	0.394	0.398
3210	0.364	0.495	0.394	0.398
3220	0.364	0.495	0.394	0.398
3230	0.364	0.496	0.394	0.398
3240	0.364	0.497	0.394	0.398
eigenvalues:  tensor([65.8311, 57.8214])
hess item is 0.0416610985994339
3250	0.363	0.498	0.394	0.399
3260	0.363	0.498	0.394	0.400
3270	0.363	0.500	0.394	0.400
3280	0.363	0.499	0.394	0.400
3290	0.362	0.501	0.394	0.400
eigenvalues:  tensor([65.7772, 57.7830])
hess item is 0.03977850452065468
3300	0.362	0.501	0.394	0.400
3310	0.362	0.501	0.394	0.400
3320	0.362	0.502	0.394	0.401
3330	0.361	0.504	0.393	0.401
3340	0.361	0.505	0.393	0.401
eigenvalues:  tensor([65.7898, 57.7599])
hess item is 0.03798789158463478
3350	0.361	0.505	0.393	0.401
3360	0.361	0.507	0.393	0.402
3370	0.360	0.507	0.393	0.401
3380	0.360	0.508	0.393	0.402
3390	0.360	0.508	0.393	0.402
eigenvalues:  tensor([65.7295, 57.7192])
hess item is 0.03628610447049141
3400	0.360	0.509	0.393	0.402
3410	0.359	0.511	0.393	0.403
3420	0.359	0.511	0.393	0.403
3430	0.359	0.512	0.393	0.403
3440	0.359	0.514	0.393	0.404
eigenvalues:  tensor([65.7580, 57.6970])
hess item is 0.03466727212071419
3450	0.358	0.514	0.393	0.404
3460	0.358	0.515	0.393	0.404
3470	0.358	0.516	0.393	0.405
3480	0.357	0.516	0.393	0.405
3490	0.357	0.517	0.393	0.405
eigenvalues:  tensor([65.7330, 57.6837])
hess item is 0.03312738984823227
3500	0.357	0.517	0.393	0.405
3510	0.357	0.520	0.392	0.405
3520	0.356	0.520	0.392	0.406
3530	0.356	0.520	0.392	0.406
3540	0.356	0.521	0.392	0.407
eigenvalues:  tensor([65.7762, 57.6591])
hess item is 0.03166402503848076
3550	0.356	0.523	0.392	0.406
3560	0.355	0.524	0.392	0.407
3570	0.355	0.526	0.392	0.407
3580	0.355	0.527	0.392	0.407
3590	0.354	0.527	0.392	0.407
eigenvalues:  tensor([65.8632, 57.6458])
hess item is 0.03027251549065113
3600	0.354	0.528	0.392	0.407
3610	0.354	0.529	0.392	0.407
3620	0.354	0.530	0.392	0.408
3630	0.353	0.531	0.392	0.409
3640	0.353	0.531	0.392	0.408
eigenvalues:  tensor([65.9538, 57.6539])
hess item is 0.028948619961738586
3650	0.353	0.532	0.392	0.407
3660	0.352	0.533	0.392	0.407
3670	0.352	0.534	0.392	0.408
3680	0.352	0.536	0.392	0.409
3690	0.352	0.535	0.392	0.408
eigenvalues:  tensor([66.0354, 57.6934])
hess item is 0.027691369876265526
3700	0.351	0.536	0.392	0.407
3710	0.351	0.536	0.392	0.408
3720	0.351	0.538	0.391	0.409
3730	0.350	0.540	0.391	0.409
3740	0.350	0.539	0.391	0.409
eigenvalues:  tensor([66.0767, 57.6848])
hess item is 0.02649533934891224
3750	0.350	0.542	0.391	0.408
3760	0.349	0.542	0.391	0.411
3770	0.349	0.543	0.391	0.410
3780	0.349	0.543	0.391	0.410
3790	0.348	0.545	0.391	0.410
eigenvalues:  tensor([66.1875, 57.7041])
hess item is 0.02535855583846569
3800	0.348	0.545	0.391	0.411
3810	0.348	0.547	0.391	0.409
3820	0.348	0.548	0.391	0.410
3830	0.347	0.550	0.391	0.411
3840	0.347	0.550	0.391	0.410
eigenvalues:  tensor([66.3278, 57.7463])
hess item is 0.02427816577255726
3850	0.347	0.551	0.391	0.411
3860	0.346	0.552	0.391	0.410
3870	0.346	0.552	0.391	0.410
3880	0.346	0.554	0.391	0.410
3890	0.345	0.555	0.391	0.410
eigenvalues:  tensor([66.5053, 57.7996])
hess item is 0.023251181468367577
3900	0.345	0.557	0.391	0.410
3910	0.345	0.557	0.391	0.410
3920	0.344	0.558	0.391	0.411
3930	0.344	0.558	0.391	0.410
3940	0.344	0.560	0.391	0.410
eigenvalues:  tensor([66.6074, 57.8769])
hess item is 0.02227555401623249
3950	0.343	0.561	0.391	0.410
3960	0.343	0.562	0.391	0.413
3970	0.343	0.563	0.391	0.412
3980	0.342	0.565	0.391	0.411
3990	0.342	0.566	0.390	0.412
eigenvalues:  tensor([66.8067, 57.9498])
hess item is 0.02134813368320465
4000	0.341	0.566	0.390	0.412
4010	0.341	0.568	0.390	0.412
4020	0.341	0.568	0.390	0.412
4030	0.340	0.569	0.390	0.412
4040	0.340	0.570	0.390	0.412
eigenvalues:  tensor([66.9705, 58.0302])
hess item is 0.020466435700654984
4050	0.340	0.570	0.390	0.411
4060	0.339	0.571	0.390	0.411
4070	0.339	0.573	0.390	0.411
4080	0.339	0.573	0.390	0.412
4090	0.338	0.575	0.390	0.411
eigenvalues:  tensor([67.2285, 58.1356])
hess item is 0.019630325958132744
4100	0.338	0.576	0.390	0.412
4110	0.338	0.576	0.390	0.410
4120	0.337	0.577	0.390	0.410
4130	0.337	0.579	0.390	0.412
4140	0.336	0.579	0.390	0.412
eigenvalues:  tensor([67.3656, 58.2676])
hess item is 0.01883445307612419
4150	0.336	0.580	0.390	0.412
4160	0.336	0.581	0.390	0.410
4170	0.335	0.582	0.390	0.414
4180	0.335	0.584	0.390	0.412
4190	0.335	0.584	0.390	0.413
eigenvalues:  tensor([67.5436, 58.3514])
hess item is 0.01807999424636364
4200	0.334	0.585	0.390	0.412
4210	0.334	0.587	0.390	0.414
4220	0.333	0.587	0.390	0.413
4230	0.333	0.590	0.390	0.413
4240	0.332	0.590	0.390	0.413
eigenvalues:  tensor([67.8716, 58.5406])
hess item is 0.01736268401145935
4250	0.332	0.592	0.390	0.413
4260	0.332	0.592	0.390	0.415
4270	0.331	0.593	0.390	0.414
4280	0.331	0.596	0.390	0.415
4290	0.330	0.597	0.390	0.415
eigenvalues:  tensor([67.9888, 58.6656])
hess item is 0.016682758927345276
4300	0.330	0.597	0.390	0.415
4310	0.330	0.600	0.390	0.414
4320	0.329	0.600	0.390	0.415
4330	0.329	0.600	0.390	0.413
4340	0.328	0.603	0.390	0.416
eigenvalues:  tensor([68.2312, 58.8425])
hess item is 0.01603632979094982
4350	0.328	0.604	0.390	0.414
4360	0.328	0.605	0.390	0.415
4370	0.327	0.603	0.390	0.412
4380	0.327	0.606	0.390	0.413
4390	0.327	0.608	0.390	0.415
eigenvalues:  tensor([68.0361, 58.9645])
hess item is 0.01542346179485321
4400	0.326	0.611	0.390	0.415
4410	0.325	0.612	0.390	0.417
4420	0.325	0.614	0.390	0.417
4430	0.325	0.613	0.391	0.415
4440	0.326	0.611	0.392	0.415
eigenvalues:  tensor([65.6973, 58.7066])
hess item is 0.014842227101325989
4450	0.327	0.604	0.394	0.412
4460	0.324	0.614	0.391	0.415
4470	0.323	0.619	0.390	0.419
4480	0.323	0.619	0.391	0.417
4490	0.322	0.621	0.391	0.417
eigenvalues:  tensor([66.1187, 59.1096])
hess item is 0.014289249666035175
4500	0.321	0.623	0.390	0.417
4510	0.321	0.621	0.390	0.416
4520	0.323	0.620	0.392	0.409
4530	0.326	0.606	0.396	0.401
4540	0.326	0.603	0.396	0.401
eigenvalues:  tensor([60.6789, 58.5674])
hess item is 0.013765952549874783
4550	0.322	0.618	0.393	0.408
4560	0.320	0.629	0.391	0.414
4570	0.319	0.627	0.391	0.414
4580	0.319	0.631	0.392	0.413
4590	0.318	0.631	0.391	0.414
eigenvalues:  tensor([61.3384, 58.9230])
hess item is 0.013267356902360916
4600	0.319	0.625	0.393	0.410
4610	0.320	0.623	0.394	0.407
4620	0.318	0.633	0.392	0.412
4630	0.318	0.636	0.393	0.412
4640	0.317	0.637	0.393	0.413
eigenvalues:  tensor([59.2693, 57.5956])
hess item is 0.012794309295713902
4650	0.318	0.634	0.393	0.409
4660	0.315	0.643	0.391	0.416
4670	0.314	0.645	0.391	0.417
4680	0.314	0.648	0.391	0.417
4690	0.316	0.644	0.394	0.413
eigenvalues:  tensor([59.2995, 56.2046])
hess item is 0.012345458380877972
4700	0.319	0.632	0.398	0.407
4710	0.314	0.653	0.393	0.418
4720	0.314	0.645	0.394	0.417
4730	0.322	0.620	0.402	0.403
4740	0.317	0.631	0.398	0.408
eigenvalues:  tensor([54.9637, 53.4896])
hess item is 0.011919823475182056
4750	0.311	0.653	0.391	0.416
4760	0.310	0.651	0.392	0.417
4770	0.312	0.647	0.393	0.415
4780	0.312	0.646	0.394	0.417
4790	0.311	0.648	0.394	0.415
eigenvalues:  tensor([56.6001, 54.3978])
hess item is 0.011513177305459976
4800	0.311	0.651	0.394	0.410
4810	0.313	0.651	0.397	0.406
4820	0.314	0.643	0.399	0.408
4830	0.310	0.655	0.396	0.410
4840	0.307	0.665	0.394	0.414
eigenvalues:  tensor([54.3139, 52.1414])
hess item is 0.011126545257866383
4850	0.311	0.643	0.398	0.410
4860	0.314	0.635	0.401	0.403
4870	0.308	0.651	0.396	0.409
4880	0.305	0.666	0.393	0.418
4890	0.309	0.657	0.397	0.410
eigenvalues:  tensor([53.6540, 51.4272])
hess item is 0.010758333839476109
4900	0.310	0.656	0.399	0.410
4910	0.310	0.653	0.399	0.407
4920	0.313	0.646	0.402	0.401
4930	0.308	0.657	0.399	0.403
4940	0.310	0.655	0.401	0.405
eigenvalues:  tensor([51.6664, 49.3207])
hess item is 0.010409841313958168
4950	0.307	0.664	0.399	0.409
4960	0.305	0.672	0.397	0.413
4970	0.304	0.673	0.397	0.412
4980	0.305	0.668	0.398	0.408
4990	0.309	0.654	0.403	0.401
eigenvalues:  tensor([51.5369, 47.9335])
hess item is 0.010078810155391693
5000	0.306	0.658	0.401	0.405
5010	0.308	0.652	0.403	0.404
5020	0.310	0.655	0.405	0.400
5030	0.302	0.676	0.398	0.413
5040	0.300	0.682	0.397	0.416
eigenvalues:  tensor([48.4689, 47.6684])
hess item is 0.00976219866424799
5050	0.299	0.682	0.396	0.417
5060	0.299	0.681	0.397	0.414
5070	0.305	0.665	0.403	0.412
5080	0.298	0.684	0.397	0.415
5090	0.303	0.672	0.403	0.403
eigenvalues:  tensor([49.3149, 46.2497])
hess item is 0.009460987523198128
5100	0.308	0.660	0.408	0.398
5110	0.297	0.691	0.397	0.415
5120	0.296	0.699	0.397	0.415
5130	0.307	0.668	0.408	0.407
5140	0.298	0.683	0.400	0.412
eigenvalues:  tensor([46.6922, 45.3624])
hess item is 0.00917348824441433
5150	0.303	0.667	0.406	0.400
5160	0.296	0.691	0.400	0.410
5170	0.296	0.691	0.400	0.410
5180	0.298	0.682	0.403	0.405
5190	0.295	0.692	0.400	0.415
eigenvalues:  tensor([46.7921, 45.8411])
hess item is 0.008898979052901268
5200	0.298	0.683	0.403	0.410
5210	0.297	0.688	0.404	0.403
5220	0.291	0.704	0.399	0.415
5230	0.297	0.691	0.404	0.410
5240	0.299	0.684	0.406	0.411
eigenvalues:  tensor([46.2239, 44.3066])
hess item is 0.008637357503175735
5250	0.301	0.678	0.410	0.404
5260	0.295	0.698	0.404	0.404
5270	0.286	0.719	0.397	0.415
5280	0.292	0.702	0.403	0.405
5290	0.290	0.712	0.401	0.409
eigenvalues:  tensor([45.5399, 43.6491])
hess item is 0.008386947214603424
5300	0.285	0.718	0.398	0.414
5310	0.305	0.670	0.418	0.394
5320	0.292	0.701	0.405	0.405
5330	0.289	0.713	0.404	0.411
5340	0.293	0.697	0.409	0.404
eigenvalues:  tensor([44.2912, 43.0926])
hess item is 0.008149211294949055
5350	0.292	0.700	0.408	0.404
5360	0.291	0.703	0.407	0.409
5370	0.290	0.710	0.405	0.411
5380	0.296	0.689	0.412	0.402
5390	0.284	0.724	0.402	0.414
eigenvalues:  tensor([43.6274, 42.6670])
hess item is 0.00792315136641264
5400	0.286	0.728	0.404	0.405
5410	0.285	0.726	0.404	0.407
5420	0.282	0.727	0.401	0.414
5430	0.295	0.702	0.415	0.401
5440	0.290	0.716	0.410	0.407
eigenvalues:  tensor([43.2053, 41.5870])
hess item is 0.007706857286393642
5450	0.288	0.714	0.410	0.403
5460	0.293	0.710	0.414	0.401
5470	0.287	0.720	0.408	0.409
5480	0.280	0.733	0.403	0.413
5490	0.281	0.735	0.405	0.407
eigenvalues:  tensor([42.4569, 41.7053])
hess item is 0.007500553037971258
5500	0.289	0.720	0.414	0.400
5510	0.287	0.724	0.413	0.396
5520	0.290	0.713	0.416	0.398
5530	0.280	0.731	0.406	0.413
5540	0.282	0.730	0.408	0.409
eigenvalues:  tensor([41.9676, 40.5411])
hess item is 0.007301956415176392
5550	0.281	0.735	0.409	0.403
5560	0.281	0.734	0.410	0.408
5570	0.290	0.705	0.418	0.403
5580	0.283	0.715	0.412	0.402
5590	0.288	0.720	0.417	0.396
eigenvalues:  tensor([40.7690, 39.9728])
hess item is 0.007113759871572256
5600	0.281	0.731	0.412	0.399
5610	0.280	0.739	0.411	0.400
5620	0.275	0.750	0.407	0.403
5630	0.291	0.709	0.423	0.383
5640	0.291	0.709	0.425	0.397
eigenvalues:  tensor([40.1126, 39.3460])
hess item is 0.006930280942469835
5650	0.272	0.751	0.406	0.416
5660	0.279	0.733	0.413	0.405
5670	0.279	0.741	0.413	0.404
5680	0.275	0.750	0.411	0.402
5690	0.277	0.748	0.413	0.404
eigenvalues:  tensor([39.9767, 39.7369])
hess item is 0.006760256364941597
5700	0.281	0.730	0.417	0.398
5710	0.275	0.750	0.412	0.401
5720	0.275	0.747	0.414	0.400
5730	0.285	0.717	0.423	0.398
5740	0.276	0.743	0.415	0.403
eigenvalues:  tensor([39.5384, 39.0681])
hess item is 0.0065961419604718685
5750	0.273	0.748	0.413	0.400
5760	0.286	0.730	0.426	0.396
5770	0.273	0.757	0.412	0.406
5780	0.274	0.757	0.415	0.400
5790	0.266	0.769	0.410	0.405
eigenvalues:  tensor([38.6701, 38.3471])
hess item is 0.006436096969991922
5800	0.265	0.768	0.409	0.407
5810	0.276	0.750	0.421	0.401
5820	0.274	0.752	0.417	0.401
5830	0.265	0.782	0.410	0.402
5840	0.274	0.750	0.421	0.398
eigenvalues:  tensor([38.3687, 37.8504])
hess item is 0.006285531911998987
5850	0.269	0.763	0.415	0.405
5860	0.265	0.764	0.412	0.400
5870	0.266	0.763	0.414	0.400
5880	0.274	0.745	0.422	0.396
5890	0.269	0.756	0.417	0.406
eigenvalues:  tensor([39.1315, 37.8993])
hess item is 0.00614294596016407
5900	0.267	0.769	0.417	0.395
5910	0.269	0.763	0.420	0.391
5920	0.261	0.784	0.413	0.401
5930	0.264	0.776	0.415	0.401
5940	0.280	0.746	0.432	0.396
eigenvalues:  tensor([38.2722, 36.6879])
hess item is 0.006006988696753979
5950	0.266	0.763	0.419	0.400
5960	0.256	0.794	0.410	0.407
5970	0.276	0.743	0.430	0.391
5980	0.255	0.794	0.410	0.410
5990	0.267	0.777	0.422	0.404
eigenvalues:  tensor([37.4603, 37.3247])
hess item is 0.005875275935977697
6000	0.275	0.757	0.431	0.384
6010	0.250	0.807	0.407	0.408
6020	0.271	0.770	0.429	0.390
6030	0.264	0.765	0.422	0.397
6040	0.252	0.792	0.412	0.409
eigenvalues:  tensor([38.5062, 36.5405])
hess item is 0.005747942253947258
6050	0.267	0.762	0.426	0.397
6060	0.256	0.788	0.416	0.406
6070	0.288	0.733	0.448	0.379
6080	0.253	0.805	0.415	0.399
6090	0.267	0.756	0.428	0.391
eigenvalues:  tensor([37.1790, 36.8962])
hess item is 0.005630042869597673
6100	0.258	0.781	0.420	0.398
6110	0.260	0.781	0.423	0.400
6120	0.254	0.791	0.417	0.404
6130	0.251	0.802	0.416	0.407
6140	0.254	0.796	0.421	0.405
eigenvalues:  tensor([37.6205, 36.7508])
hess item is 0.005515761207789183
6150	0.262	0.778	0.429	0.392
6160	0.247	0.806	0.415	0.403
6170	0.271	0.758	0.439	0.380
6180	0.249	0.802	0.417	0.406
6190	0.255	0.793	0.423	0.402
eigenvalues:  tensor([36.7592, 36.1039])
hess item is 0.005402554292231798
6200	0.250	0.809	0.421	0.397
6210	0.248	0.805	0.420	0.403
6220	0.256	0.784	0.427	0.405
6230	0.254	0.787	0.426	0.402
6240	0.246	0.807	0.419	0.402
eigenvalues:  tensor([37.1031, 36.0923])
hess item is 0.005295881070196629
6250	0.264	0.779	0.435	0.380
6260	0.251	0.807	0.424	0.397
6270	0.243	0.820	0.418	0.398
6280	0.248	0.811	0.424	0.391
6290	0.256	0.786	0.432	0.391
eigenvalues:  tensor([36.7025, 35.8871])
hess item is 0.005195409059524536
6300	0.247	0.804	0.423	0.406
6310	0.244	0.812	0.421	0.399
6320	0.241	0.829	0.421	0.401
6330	0.255	0.789	0.435	0.393
6340	0.250	0.795	0.428	0.394
eigenvalues:  tensor([36.6523, 36.0378])
hess item is 0.005099869798868895
6350	0.251	0.789	0.430	0.389
6360	0.237	0.834	0.418	0.407
6370	0.255	0.802	0.435	0.388
6380	0.237	0.832	0.419	0.407
6390	0.247	0.816	0.430	0.398
eigenvalues:  tensor([37.3000, 36.4062])
hess item is 0.005007473286241293
6400	0.247	0.812	0.430	0.394
6410	0.244	0.820	0.429	0.390
6420	0.239	0.828	0.424	0.390
6430	0.240	0.823	0.425	0.394
6440	0.239	0.828	0.426	0.394
eigenvalues:  tensor([36.3531, 35.3245])
hess item is 0.004917314276099205
6450	0.251	0.802	0.438	0.381
6460	0.235	0.833	0.424	0.401
6470	0.236	0.834	0.426	0.400
6480	0.248	0.812	0.439	0.384
6490	0.238	0.829	0.427	0.391
eigenvalues:  tensor([36.0189, 35.6020])
hess item is 0.00483356136828661
6500	0.236	0.835	0.427	0.395
6510	0.236	0.826	0.427	0.397
6520	0.243	0.816	0.432	0.399
6530	0.237	0.828	0.429	0.396
6540	0.233	0.835	0.426	0.396
eigenvalues:  tensor([36.4773, 35.6334])
hess item is 0.004754689987748861
6550	0.241	0.823	0.435	0.389
6560	0.235	0.829	0.430	0.400
6570	0.238	0.816	0.434	0.398
6580	0.236	0.827	0.432	0.397
6590	0.227	0.848	0.423	0.405
eigenvalues:  tensor([36.8477, 36.2485])
hess item is 0.004676607437431812
6600	0.245	0.818	0.441	0.386
6610	0.236	0.833	0.434	0.394
6620	0.230	0.848	0.429	0.393
6630	0.235	0.843	0.434	0.390
6640	0.231	0.841	0.430	0.392
eigenvalues:  tensor([35.7031, 35.2970])
hess item is 0.0046025472693145275
6650	0.232	0.833	0.435	0.388
6660	0.226	0.850	0.429	0.394
6670	0.227	0.853	0.429	0.397
6680	0.234	0.837	0.436	0.393
6690	0.230	0.837	0.434	0.402
eigenvalues:  tensor([36.8009, 35.6401])
hess item is 0.00453263521194458
6700	0.233	0.831	0.438	0.395
6710	0.233	0.825	0.436	0.394
6720	0.244	0.807	0.449	0.380
6730	0.217	0.866	0.424	0.401
6740	0.225	0.848	0.434	0.392
eigenvalues:  tensor([35.8738, 35.2328])
hess item is 0.004464736673980951
6750	0.230	0.842	0.437	0.393
6760	0.225	0.852	0.433	0.392
6770	0.224	0.854	0.435	0.387
6780	0.222	0.863	0.433	0.392
6790	0.240	0.832	0.448	0.384
eigenvalues:  tensor([36.0691, 35.4527])
hess item is 0.004396397154778242
6800	0.217	0.867	0.429	0.400
6810	0.222	0.853	0.436	0.394
6820	0.231	0.847	0.445	0.388
6830	0.228	0.845	0.440	0.394
6840	0.221	0.855	0.436	0.395
eigenvalues:  tensor([35.8394, 35.3593])
hess item is 0.004338279832154512
6850	0.215	0.867	0.433	0.392
6860	0.234	0.828	0.450	0.380
6870	0.213	0.875	0.429	0.403
6880	0.222	0.850	0.439	0.400
6890	0.217	0.864	0.437	0.398
eigenvalues:  tensor([36.5795, 35.4477])
hess item is 0.004282069392502308
6900	0.222	0.853	0.442	0.392
6910	0.225	0.850	0.444	0.387
6920	0.215	0.870	0.436	0.390
6930	0.215	0.870	0.438	0.391
6940	0.224	0.845	0.446	0.385
eigenvalues:  tensor([36.6242, 35.7861])
hess item is 0.004227067809551954
6950	0.217	0.867	0.439	0.393
6960	0.232	0.845	0.454	0.377
6970	0.213	0.878	0.436	0.393
6980	0.211	0.872	0.434	0.400
6990	0.207	0.880	0.432	0.400
eigenvalues:  tensor([36.3587, 35.4167])
hess item is 0.004180727526545525
7000	0.221	0.859	0.446	0.389
7010	0.213	0.882	0.439	0.391
7020	0.208	0.881	0.436	0.393
7030	0.227	0.845	0.454	0.379
7040	0.209	0.879	0.436	0.389
eigenvalues:  tensor([36.1326, 35.7299])
hess item is 0.004129460547119379
7050	0.226	0.835	0.452	0.377
7060	0.201	0.889	0.431	0.401
7070	0.210	0.868	0.441	0.391
7080	0.216	0.863	0.447	0.390
7090	0.211	0.879	0.443	0.387
eigenvalues:  tensor([36.1117, 35.9796])
hess item is 0.004083049949258566
7100	0.214	0.873	0.446	0.384
7110	0.213	0.872	0.447	0.394
7120	0.203	0.892	0.437	0.400
7130	0.204	0.893	0.439	0.396
7140	0.212	0.882	0.446	0.381
eigenvalues:  tensor([35.8176, 35.6078])
hess item is 0.004035191610455513
7150	0.202	0.882	0.439	0.385
7160	0.213	0.865	0.450	0.383
7170	0.209	0.877	0.447	0.388
7180	0.207	0.878	0.444	0.390
7190	0.215	0.853	0.451	0.384
eigenvalues:  tensor([35.8975, 35.2802])
hess item is 0.0039932457730174065
7200	0.199	0.897	0.438	0.397
7210	0.210	0.860	0.449	0.386
7220	0.205	0.891	0.444	0.395
7230	0.201	0.893	0.442	0.395
7240	0.194	0.899	0.437	0.399
eigenvalues:  tensor([36.8001, 36.1513])
hess item is 0.003947011660784483
7250	0.205	0.878	0.447	0.389
7260	0.201	0.890	0.445	0.384
7270	0.209	0.875	0.454	0.373
7280	0.203	0.878	0.447	0.384
7290	0.192	0.911	0.439	0.398
eigenvalues:  tensor([36.5078, 35.5378])
hess item is 0.003907657694071531
7300	0.201	0.896	0.450	0.387
7310	0.205	0.881	0.453	0.377
7320	0.200	0.894	0.447	0.381
7330	0.212	0.864	0.457	0.383
7340	0.196	0.894	0.446	0.393
eigenvalues:  tensor([36.9395, 36.1761])
hess item is 0.0038679209537804127
7350	0.205	0.882	0.455	0.389
7360	0.198	0.892	0.447	0.387
7370	0.202	0.890	0.451	0.388
7380	0.193	0.898	0.446	0.392
7390	0.196	0.891	0.450	0.389
eigenvalues:  tensor([36.0838, 35.3351])
hess item is 0.003829484572634101
7400	0.191	0.906	0.446	0.392
7410	0.194	0.900	0.448	0.389
7420	0.196	0.904	0.451	0.387
7430	0.201	0.891	0.456	0.388
7440	0.192	0.900	0.449	0.387
eigenvalues:  tensor([36.4547, 35.9051])
hess item is 0.0037903182674199343
7450	0.193	0.897	0.451	0.384
7460	0.193	0.905	0.452	0.389
7470	0.193	0.899	0.450	0.388
7480	0.194	0.894	0.451	0.384
7490	0.185	0.910	0.445	0.388
eigenvalues:  tensor([36.8863, 36.0177])
hess item is 0.003758941777050495
7500	0.207	0.872	0.467	0.378
7510	0.203	0.880	0.461	0.381
7520	0.181	0.917	0.442	0.395
7530	0.194	0.895	0.456	0.382
7540	0.192	0.902	0.454	0.386
eigenvalues:  tensor([36.5080, 35.7983])
hess item is 0.0037299427203834057
7550	0.184	0.914	0.448	0.395
7560	0.199	0.892	0.463	0.382
7570	0.182	0.920	0.448	0.392
7580	0.188	0.908	0.455	0.386
7590	0.185	0.912	0.454	0.387
eigenvalues:  tensor([37.0913, 36.5956])
hess item is 0.0036970828659832478
7600	0.190	0.901	0.455	0.382
7610	0.198	0.893	0.463	0.380
7620	0.183	0.917	0.452	0.390
7630	0.180	0.914	0.449	0.391
7640	0.194	0.889	0.461	0.382
eigenvalues:  tensor([36.7514, 35.9130])
hess item is 0.0036671028938144445
7650	0.181	0.912	0.450	0.395
7660	0.193	0.890	0.461	0.377
7670	0.184	0.917	0.455	0.384
7680	0.190	0.893	0.460	0.379
7690	0.179	0.913	0.451	0.384
eigenvalues:  tensor([36.2805, 35.8030])
hess item is 0.0036389222368597984
7700	0.177	0.921	0.450	0.386
7710	0.184	0.911	0.459	0.381
7720	0.187	0.905	0.462	0.379
7730	0.176	0.918	0.453	0.388
7740	0.182	0.913	0.458	0.389
eigenvalues:  tensor([36.5507, 36.1120])
hess item is 0.0036109609063714743
7750	0.180	0.919	0.456	0.387
7760	0.177	0.923	0.455	0.390
7770	0.191	0.904	0.469	0.377
7780	0.179	0.923	0.459	0.384
7790	0.180	0.919	0.459	0.380
eigenvalues:  tensor([37.2470, 36.7167])
hess item is 0.003584648482501507
7800	0.186	0.916	0.464	0.374
7810	0.188	0.904	0.467	0.378
7820	0.175	0.923	0.455	0.388
7830	0.178	0.923	0.458	0.383
7840	0.180	0.910	0.461	0.375
eigenvalues:  tensor([36.8905, 36.2186])
hess item is 0.0035601393319666386
7850	0.177	0.917	0.459	0.377
7860	0.176	0.925	0.459	0.382
7870	0.177	0.910	0.461	0.385
7880	0.179	0.921	0.462	0.383
7890	0.176	0.923	0.461	0.384
eigenvalues:  tensor([36.8135, 36.3136])
hess item is 0.0035350618418306112
7900	0.173	0.927	0.460	0.387
7910	0.167	0.937	0.455	0.385
7920	0.190	0.904	0.474	0.373
7930	0.169	0.936	0.456	0.386
7940	0.175	0.923	0.464	0.375
eigenvalues:  tensor([36.7539, 35.9212])
hess item is 0.003513745265081525
7950	0.173	0.925	0.462	0.376
7960	0.171	0.928	0.460	0.382
7970	0.174	0.917	0.464	0.383
7980	0.176	0.917	0.467	0.383
7990	0.166	0.934	0.458	0.392
eigenvalues:  tensor([36.6107, 36.0066])
hess item is 0.003486210945993662
8000	0.169	0.930	0.463	0.388
8010	0.174	0.909	0.467	0.383
8020	0.164	0.932	0.458	0.386
8030	0.175	0.924	0.468	0.377
8040	0.166	0.937	0.461	0.384
eigenvalues:  tensor([36.8214, 35.9591])
hess item is 0.0034637271892279387
8050	0.166	0.938	0.462	0.385
8060	0.166	0.932	0.462	0.383
8070	0.165	0.935	0.462	0.386
8080	0.171	0.933	0.468	0.379
8090	0.163	0.936	0.460	0.383
eigenvalues:  tensor([37.7716, 36.8932])
hess item is 0.0034461866598576307
8100	0.190	0.896	0.487	0.366
8110	0.168	0.924	0.467	0.378
8120	0.163	0.936	0.464	0.382
8130	0.164	0.936	0.466	0.389
8140	0.165	0.934	0.465	0.390
eigenvalues:  tensor([36.6821, 36.0352])
hess item is 0.003424572292715311
8150	0.159	0.944	0.462	0.390
8160	0.168	0.931	0.470	0.375
8170	0.163	0.941	0.464	0.386
8180	0.167	0.925	0.469	0.386
8190	0.167	0.921	0.469	0.385
eigenvalues:  tensor([37.4867, 36.6850])
hess item is 0.0034027784131467342
8200	0.169	0.920	0.472	0.380
8210	0.161	0.939	0.465	0.378
8220	0.164	0.935	0.469	0.375
8230	0.158	0.940	0.465	0.379
8240	0.161	0.937	0.468	0.379
eigenvalues:  tensor([37.4691, 36.5384])
hess item is 0.0033865550067275763
8250	0.166	0.936	0.472	0.371
8260	0.161	0.941	0.467	0.379
8270	0.159	0.938	0.465	0.387
8280	0.155	0.941	0.463	0.389
8290	0.166	0.930	0.474	0.379
eigenvalues:  tensor([36.3102, 36.1547])
hess item is 0.0033736403565853834
8300	0.155	0.945	0.465	0.379
8310	0.172	0.913	0.478	0.368
8320	0.150	0.951	0.460	0.390
8330	0.152	0.946	0.464	0.389
8340	0.167	0.925	0.477	0.382
eigenvalues:  tensor([37.3413, 36.6967])
hess item is 0.0033582712057977915
8350	0.161	0.937	0.472	0.380
8360	0.153	0.942	0.466	0.385
8370	0.166	0.921	0.479	0.379
8380	0.153	0.948	0.468	0.387
8390	0.158	0.945	0.472	0.378
eigenvalues:  tensor([37.1163, 36.2382])
hess item is 0.003340971190482378
8400	0.155	0.949	0.470	0.379
8410	0.160	0.938	0.474	0.373
8420	0.167	0.929	0.481	0.376
8430	0.156	0.939	0.473	0.381
8440	0.165	0.926	0.479	0.374
eigenvalues:  tensor([37.4896, 36.9130])
hess item is 0.003327594604343176
8450	0.158	0.936	0.472	0.381
8460	0.151	0.945	0.469	0.384
8470	0.150	0.954	0.469	0.383
8480	0.155	0.942	0.475	0.375
8490	0.156	0.937	0.475	0.372
eigenvalues:  tensor([36.9131, 36.3983])
hess item is 0.003313622437417507
8500	0.148	0.950	0.469	0.377
8510	0.154	0.951	0.477	0.372
8520	0.153	0.949	0.476	0.378
8530	0.159	0.941	0.480	0.367
8540	0.149	0.953	0.471	0.381
eigenvalues:  tensor([36.8978, 36.4042])
hess item is 0.003299161558970809
8550	0.151	0.946	0.473	0.378
8560	0.147	0.950	0.470	0.382
8570	0.147	0.955	0.472	0.377
8580	0.151	0.949	0.477	0.374
8590	0.147	0.950	0.474	0.378
eigenvalues:  tensor([37.4163, 37.0774])
hess item is 0.0032855237368494272
8600	0.172	0.898	0.496	0.361
8610	0.153	0.946	0.477	0.376
8620	0.145	0.955	0.472	0.377
8630	0.141	0.960	0.470	0.378
8640	0.148	0.955	0.477	0.371
eigenvalues:  tensor([37.3889, 36.5850])
hess item is 0.0032712293323129416
8650	0.146	0.950	0.475	0.378
8660	0.146	0.948	0.478	0.379
8670	0.142	0.957	0.474	0.382
8680	0.144	0.955	0.477	0.376
8690	0.146	0.948	0.479	0.373
eigenvalues:  tensor([37.2990, 36.4087])
hess item is 0.0032580869738012552
8700	0.151	0.939	0.482	0.367
8710	0.157	0.933	0.486	0.370
8720	0.146	0.950	0.477	0.377
8730	0.150	0.941	0.482	0.377
8740	0.145	0.945	0.478	0.378
eigenvalues:  tensor([36.8507, 36.0526])
hess item is 0.00324441771954298
8750	0.139	0.955	0.474	0.383
8760	0.146	0.946	0.482	0.373
8770	0.143	0.956	0.478	0.372
8780	0.144	0.957	0.479	0.371
8790	0.143	0.954	0.478	0.379
eigenvalues:  tensor([36.8937, 36.2503])
hess item is 0.003232005052268505
8800	0.136	0.962	0.471	0.384
8810	0.135	0.960	0.473	0.381
8820	0.156	0.925	0.492	0.363
8830	0.143	0.949	0.481	0.372
8840	0.141	0.956	0.480	0.377
eigenvalues:  tensor([36.7232, 35.8478])
hess item is 0.003220602171495557
8850	0.136	0.965	0.477	0.374
8860	0.149	0.951	0.487	0.366
8870	0.142	0.957	0.483	0.376
8880	0.139	0.956	0.482	0.377
8890	0.138	0.957	0.480	0.375
eigenvalues:  tensor([37.2002, 36.5572])
hess item is 0.003213024465367198
8900	0.144	0.946	0.484	0.372
8910	0.133	0.963	0.474	0.375
8920	0.142	0.951	0.484	0.369
8930	0.138	0.956	0.481	0.374
8940	0.139	0.951	0.484	0.372
eigenvalues:  tensor([36.4434, 36.2098])
hess item is 0.0032017789781093597
8950	0.135	0.957	0.480	0.378
8960	0.141	0.955	0.485	0.374
8970	0.142	0.964	0.486	0.373
8980	0.133	0.967	0.479	0.380
8990	0.131	0.966	0.479	0.377
eigenvalues:  tensor([36.8009, 36.0135])
hess item is 0.003189839655533433
9000	0.135	0.964	0.484	0.374
9010	0.136	0.961	0.484	0.377
9020	0.132	0.969	0.481	0.375
9030	0.136	0.966	0.485	0.368
9040	0.140	0.946	0.488	0.366
eigenvalues:  tensor([37.4446, 36.7247])
hess item is 0.0031783911399543285
9050	0.136	0.953	0.483	0.373
9060	0.129	0.966	0.480	0.376
9070	0.135	0.956	0.486	0.375
9080	0.135	0.959	0.485	0.375
9090	0.143	0.947	0.491	0.371
eigenvalues:  tensor([37.8071, 37.1577])
hess item is 0.003170825308188796
9100	0.144	0.944	0.492	0.367
9110	0.132	0.966	0.484	0.370
9120	0.128	0.971	0.481	0.373
9130	0.131	0.961	0.484	0.371
9140	0.135	0.955	0.485	0.370
eigenvalues:  tensor([36.8262, 36.2666])
hess item is 0.0031582617666572332
9150	0.131	0.963	0.484	0.369
9160	0.130	0.962	0.485	0.368
9170	0.136	0.956	0.492	0.368
9180	0.130	0.964	0.487	0.375
9190	0.131	0.967	0.487	0.374
eigenvalues:  tensor([36.6702, 36.1988])
hess item is 0.003149561118334532
9200	0.126	0.968	0.482	0.379
9210	0.129	0.962	0.485	0.373
9220	0.140	0.947	0.495	0.375
9230	0.127	0.961	0.485	0.378
9240	0.131	0.953	0.489	0.371
eigenvalues:  tensor([36.5876, 36.0476])
hess item is 0.003137602936476469
9250	0.125	0.964	0.484	0.375
9260	0.132	0.960	0.489	0.372
9270	0.132	0.961	0.488	0.373
9280	0.127	0.962	0.486	0.378
9290	0.130	0.959	0.489	0.378
eigenvalues:  tensor([36.6764, 36.1610])
hess item is 0.0031242934055626392
9300	0.126	0.966	0.487	0.373
9310	0.122	0.971	0.483	0.373
9320	0.123	0.970	0.485	0.373
9330	0.127	0.967	0.488	0.373
9340	0.131	0.957	0.492	0.364
eigenvalues:  tensor([37.2461, 36.4404])
hess item is 0.0031133568845689297
9350	0.130	0.958	0.493	0.365
9360	0.126	0.965	0.490	0.371
9370	0.129	0.960	0.494	0.371
9380	0.123	0.966	0.488	0.377
9390	0.125	0.964	0.490	0.379
eigenvalues:  tensor([36.9032, 36.4802])
hess item is 0.0031064494978636503
9400	0.126	0.966	0.491	0.372
9410	0.128	0.966	0.493	0.368
9420	0.128	0.963	0.493	0.369
9430	0.123	0.969	0.488	0.373
9440	0.129	0.964	0.493	0.370
eigenvalues:  tensor([37.3594, 36.6387])
hess item is 0.00309742777608335
9450	0.125	0.961	0.490	0.373
9460	0.122	0.966	0.489	0.376
9470	0.119	0.970	0.487	0.375
9480	0.120	0.969	0.489	0.375
9490	0.118	0.968	0.489	0.376
eigenvalues:  tensor([37.1727, 36.6011])
hess item is 0.0030866467859596014
9500	0.124	0.965	0.492	0.368
9510	0.121	0.970	0.491	0.372
9520	0.124	0.967	0.494	0.367
9530	0.124	0.966	0.495	0.364
9540	0.122	0.965	0.493	0.364
eigenvalues:  tensor([36.8938, 36.3494])
hess item is 0.003083548042923212
9550	0.124	0.964	0.493	0.366
9560	0.117	0.971	0.487	0.373
9570	0.121	0.969	0.491	0.373
9580	0.123	0.965	0.494	0.374
9590	0.124	0.959	0.496	0.370
eigenvalues:  tensor([37.0001, 36.2710])
hess item is 0.0030788301955908537
9600	0.116	0.964	0.490	0.373
9610	0.124	0.960	0.497	0.366
9620	0.125	0.961	0.497	0.363
9630	0.114	0.972	0.489	0.370
9640	0.115	0.974	0.491	0.368
eigenvalues:  tensor([36.8519, 36.3902])
hess item is 0.0030722327064722776
9650	0.116	0.975	0.493	0.370
9660	0.116	0.974	0.492	0.371
9670	0.124	0.963	0.500	0.366
9680	0.118	0.973	0.495	0.370
9690	0.118	0.971	0.496	0.370
eigenvalues:  tensor([37.0071, 36.5894])
hess item is 0.003064157208427787
9700	0.125	0.958	0.503	0.361
9710	0.119	0.964	0.496	0.365
9720	0.118	0.967	0.495	0.367
9730	0.113	0.973	0.491	0.373
9740	0.112	0.975	0.491	0.372
eigenvalues:  tensor([36.5080, 35.8865])
hess item is 0.003053154330700636
9750	0.117	0.974	0.496	0.366
9760	0.112	0.978	0.492	0.371
9770	0.120	0.972	0.499	0.365
9780	0.115	0.972	0.496	0.366
9790	0.120	0.966	0.501	0.369
eigenvalues:  tensor([36.7008, 36.2382])
hess item is 0.0030431742779910564
9800	0.115	0.973	0.496	0.375
9810	0.114	0.969	0.497	0.376
9820	0.125	0.957	0.505	0.371
9830	0.114	0.968	0.494	0.374
9840	0.116	0.966	0.497	0.371
eigenvalues:  tensor([36.7663, 36.3042])
hess item is 0.003035729518160224
9850	0.111	0.974	0.493	0.374
9860	0.106	0.978	0.490	0.372
9870	0.106	0.978	0.492	0.375
9880	0.114	0.974	0.501	0.368
9890	0.112	0.975	0.499	0.367
eigenvalues:  tensor([36.9048, 36.0225])
hess item is 0.00303151598200202
9900	0.116	0.970	0.503	0.363
9910	0.114	0.971	0.501	0.367
9920	0.115	0.972	0.501	0.372
9930	0.107	0.976	0.494	0.375
9940	0.109	0.974	0.497	0.373
eigenvalues:  tensor([36.9176, 36.2296])
hess item is 0.003027141559869051
9950	0.115	0.966	0.503	0.373
9960	0.112	0.969	0.499	0.374
9970	0.107	0.975	0.496	0.377
9980	0.105	0.977	0.496	0.375
9990	0.110	0.975	0.500	0.369
