device: cuda:2
output directory: RESULTS/cifar10-10k/fc-tanh/seed_0/mse/ivon/lr_0.0005_h0_1.0_post_1_alpha_100.0_beta2_0.9995_beta_0.0_ess_10000000.0_ivon
Files already downloaded and verified
Files already downloaded and verified
optimizer is IVON
0	0.597	0.131	0.597	0.131
10	0.574	0.136	0.575	0.137
20	0.559	0.142	0.559	0.142
30	0.548	0.148	0.548	0.148
40	0.539	0.154	0.540	0.155
eigenvalues:  tensor([80.6475, 66.5500])
hess item is 0.9755924344062805
50	0.533	0.161	0.534	0.162
60	0.527	0.168	0.529	0.168
70	0.523	0.173	0.524	0.172
80	0.519	0.178	0.520	0.177
90	0.515	0.183	0.517	0.183
eigenvalues:  tensor([80.3135, 66.1663])
hess item is 0.9516372680664062
100	0.512	0.188	0.514	0.185
110	0.509	0.193	0.510	0.190
120	0.506	0.198	0.508	0.193
130	0.503	0.200	0.505	0.196
140	0.501	0.204	0.503	0.199
eigenvalues:  tensor([79.8736, 65.7210])
hess item is 0.9282498955726624
150	0.499	0.207	0.501	0.201
160	0.497	0.211	0.499	0.203
170	0.495	0.212	0.497	0.206
180	0.493	0.214	0.496	0.208
190	0.491	0.216	0.494	0.211
eigenvalues:  tensor([79.4600, 65.2939])
hess item is 0.9054204821586609
200	0.489	0.219	0.492	0.214
210	0.487	0.222	0.490	0.216
220	0.485	0.223	0.488	0.218
230	0.484	0.226	0.486	0.220
240	0.482	0.227	0.485	0.222
eigenvalues:  tensor([79.0880, 64.8849])
hess item is 0.8831717371940613
250	0.481	0.228	0.484	0.223
260	0.480	0.231	0.483	0.225
270	0.478	0.233	0.481	0.226
280	0.477	0.234	0.480	0.228
290	0.476	0.236	0.479	0.229
eigenvalues:  tensor([78.7518, 64.5007])
hess item is 0.8614671230316162
300	0.475	0.238	0.478	0.230
310	0.474	0.240	0.477	0.231
320	0.472	0.242	0.476	0.233
330	0.471	0.243	0.475	0.233
340	0.470	0.245	0.474	0.235
eigenvalues:  tensor([78.4230, 64.1383])
hess item is 0.8403052091598511
350	0.470	0.246	0.473	0.236
360	0.469	0.247	0.472	0.238
370	0.468	0.249	0.471	0.239
380	0.467	0.250	0.470	0.241
390	0.466	0.252	0.469	0.242
eigenvalues:  tensor([78.1233, 63.7887])
hess item is 0.8196476697921753
400	0.465	0.253	0.468	0.244
410	0.464	0.254	0.468	0.245
420	0.463	0.256	0.467	0.246
430	0.462	0.257	0.466	0.247
440	0.462	0.258	0.465	0.247
eigenvalues:  tensor([77.8187, 63.4439])
hess item is 0.7994916439056396
450	0.461	0.259	0.465	0.248
460	0.460	0.261	0.464	0.249
470	0.459	0.262	0.463	0.250
480	0.459	0.263	0.462	0.251
490	0.458	0.264	0.462	0.252
eigenvalues:  tensor([77.5245, 63.1225])
hess item is 0.7798544764518738
500	0.457	0.265	0.461	0.253
510	0.456	0.266	0.460	0.253
520	0.456	0.267	0.460	0.254
530	0.455	0.269	0.459	0.255
540	0.454	0.270	0.458	0.257
eigenvalues:  tensor([77.2401, 62.8107])
hess item is 0.7607207298278809
550	0.453	0.271	0.458	0.259
560	0.453	0.273	0.457	0.259
570	0.452	0.275	0.456	0.260
580	0.451	0.275	0.456	0.261
590	0.451	0.277	0.455	0.263
eigenvalues:  tensor([76.9606, 62.5077])
hess item is 0.742030680179596
600	0.449	0.279	0.454	0.265
610	0.448	0.281	0.452	0.265
620	0.447	0.283	0.452	0.266
630	0.446	0.284	0.451	0.266
640	0.446	0.285	0.451	0.266
eigenvalues:  tensor([76.6941, 62.2205])
hess item is 0.7237926125526428
650	0.445	0.287	0.450	0.267
660	0.445	0.288	0.449	0.268
670	0.444	0.288	0.449	0.269
680	0.443	0.289	0.448	0.270
690	0.443	0.290	0.448	0.271
eigenvalues:  tensor([76.4474, 61.9512])
hess item is 0.706017255783081
700	0.442	0.291	0.447	0.272
710	0.442	0.291	0.447	0.273
720	0.441	0.293	0.446	0.273
730	0.440	0.294	0.446	0.274
740	0.440	0.295	0.445	0.274
eigenvalues:  tensor([76.1889, 61.6802])
hess item is 0.6886772513389587
750	0.439	0.297	0.445	0.275
760	0.439	0.297	0.444	0.276
770	0.438	0.298	0.444	0.277
780	0.438	0.299	0.443	0.277
790	0.437	0.300	0.443	0.278
eigenvalues:  tensor([75.9377, 61.4497])
hess item is 0.6717347502708435
800	0.437	0.301	0.442	0.280
810	0.437	0.301	0.442	0.281
820	0.436	0.302	0.442	0.282
830	0.436	0.303	0.441	0.282
840	0.435	0.304	0.441	0.283
eigenvalues:  tensor([75.6958, 61.3096])
hess item is 0.6552205085754395
850	0.435	0.305	0.440	0.284
860	0.434	0.305	0.440	0.285
870	0.434	0.306	0.439	0.285
880	0.433	0.307	0.439	0.287
890	0.433	0.308	0.439	0.287
eigenvalues:  tensor([75.4654, 61.2124])
hess item is 0.6391116380691528
900	0.432	0.308	0.438	0.288
910	0.432	0.309	0.438	0.290
920	0.432	0.310	0.438	0.290
930	0.431	0.311	0.437	0.291
940	0.431	0.311	0.437	0.291
eigenvalues:  tensor([75.2403, 61.1175])
hess item is 0.6233998537063599
950	0.430	0.313	0.436	0.292
960	0.430	0.314	0.436	0.294
970	0.430	0.314	0.436	0.294
980	0.429	0.315	0.435	0.295
990	0.429	0.316	0.435	0.296
eigenvalues:  tensor([75.0410, 61.0355])
hess item is 0.6080750226974487
1000	0.428	0.317	0.435	0.296
1010	0.428	0.318	0.434	0.296
1020	0.428	0.319	0.434	0.296
1030	0.427	0.319	0.434	0.297
1040	0.427	0.320	0.433	0.298
eigenvalues:  tensor([74.8068, 60.9631])
hess item is 0.5931655168533325
1050	0.427	0.320	0.433	0.299
1060	0.426	0.321	0.433	0.299
1070	0.426	0.323	0.432	0.299
1080	0.425	0.323	0.432	0.300
1090	0.425	0.324	0.432	0.300
eigenvalues:  tensor([74.5995, 60.8901])
hess item is 0.5786112546920776
1100	0.425	0.325	0.431	0.301
1110	0.424	0.326	0.431	0.301
1120	0.424	0.326	0.431	0.301
1130	0.424	0.328	0.430	0.302
1140	0.423	0.329	0.430	0.302
eigenvalues:  tensor([74.3955, 60.8208])
hess item is 0.5644006133079529
1150	0.423	0.329	0.430	0.303
1160	0.423	0.330	0.430	0.303
1170	0.422	0.330	0.429	0.304
1180	0.422	0.331	0.429	0.305
1190	0.422	0.331	0.429	0.306
eigenvalues:  tensor([74.1936, 60.7574])
hess item is 0.5505421161651611
1200	0.421	0.332	0.428	0.306
1210	0.421	0.333	0.428	0.307
1220	0.421	0.333	0.428	0.308
1230	0.420	0.334	0.427	0.308
1240	0.420	0.335	0.427	0.308
eigenvalues:  tensor([74.0166, 60.6999])
hess item is 0.5370285511016846
1250	0.420	0.335	0.427	0.309
1260	0.419	0.336	0.427	0.309
1270	0.419	0.337	0.426	0.310
1280	0.419	0.337	0.426	0.310
1290	0.418	0.337	0.426	0.311
eigenvalues:  tensor([73.8017, 60.6459])
hess item is 0.5238350033760071
1300	0.418	0.338	0.426	0.311
1310	0.418	0.338	0.425	0.312
1320	0.418	0.339	0.425	0.312
1330	0.417	0.340	0.425	0.312
1340	0.417	0.340	0.425	0.313
eigenvalues:  tensor([73.6355, 60.5904])
hess item is 0.5109691023826599
1350	0.417	0.341	0.424	0.314
1360	0.416	0.341	0.424	0.313
1370	0.416	0.341	0.424	0.314
1380	0.416	0.342	0.424	0.314
1390	0.416	0.343	0.423	0.315
eigenvalues:  tensor([73.4599, 60.5472])
hess item is 0.49843692779541016
1400	0.415	0.343	0.423	0.315
1410	0.415	0.344	0.423	0.315
1420	0.415	0.344	0.423	0.315
1430	0.414	0.345	0.422	0.317
1440	0.414	0.345	0.422	0.317
eigenvalues:  tensor([73.2846, 60.5032])
hess item is 0.4862157106399536
1450	0.414	0.346	0.422	0.317
1460	0.414	0.347	0.422	0.318
1470	0.413	0.348	0.421	0.318
1480	0.413	0.349	0.421	0.319
1490	0.413	0.349	0.421	0.319
eigenvalues:  tensor([73.1253, 60.4594])
hess item is 0.47430285811424255
1500	0.413	0.350	0.421	0.320
1510	0.412	0.350	0.421	0.320
1520	0.412	0.351	0.420	0.320
1530	0.412	0.352	0.420	0.320
1540	0.411	0.353	0.420	0.321
eigenvalues:  tensor([72.9706, 60.4124])
hess item is 0.46266481280326843
1550	0.411	0.353	0.419	0.321
1560	0.411	0.354	0.419	0.322
1570	0.410	0.354	0.419	0.323
1580	0.410	0.356	0.419	0.324
1590	0.410	0.357	0.418	0.324
eigenvalues:  tensor([72.7817, 60.3664])
hess item is 0.4513140916824341
1600	0.409	0.356	0.418	0.325
1610	0.409	0.356	0.418	0.326
1620	0.408	0.357	0.417	0.328
1630	0.408	0.357	0.417	0.329
1640	0.408	0.358	0.417	0.329
eigenvalues:  tensor([72.6120, 60.2817])
hess item is 0.44023633003234863
1650	0.407	0.360	0.416	0.330
1660	0.407	0.361	0.416	0.330
1670	0.407	0.362	0.416	0.331
1680	0.406	0.363	0.415	0.331
1690	0.406	0.363	0.415	0.333
eigenvalues:  tensor([72.4104, 60.2227])
hess item is 0.4294400215148926
1700	0.406	0.364	0.415	0.333
1710	0.406	0.365	0.415	0.334
1720	0.405	0.365	0.415	0.335
1730	0.405	0.365	0.415	0.335
1740	0.405	0.366	0.414	0.336
eigenvalues:  tensor([72.2590, 60.1434])
hess item is 0.41891852021217346
1750	0.405	0.366	0.414	0.336
1760	0.405	0.367	0.414	0.336
1770	0.405	0.368	0.414	0.336
1780	0.404	0.368	0.414	0.337
1790	0.404	0.369	0.414	0.337
eigenvalues:  tensor([72.1024, 60.0498])
hess item is 0.4086533188819885
1800	0.404	0.369	0.414	0.338
1810	0.404	0.369	0.413	0.338
1820	0.404	0.370	0.413	0.339
1830	0.403	0.370	0.413	0.340
1840	0.403	0.370	0.413	0.340
eigenvalues:  tensor([71.9828, 59.9607])
hess item is 0.39864298701286316
1850	0.403	0.372	0.413	0.340
1860	0.403	0.372	0.413	0.342
1870	0.403	0.373	0.413	0.341
1880	0.403	0.374	0.413	0.342
1890	0.402	0.375	0.412	0.342
eigenvalues:  tensor([71.8146, 59.8850])
hess item is 0.3888716399669647
1900	0.402	0.375	0.412	0.343
1910	0.402	0.375	0.412	0.343
1920	0.402	0.375	0.412	0.344
1930	0.402	0.376	0.412	0.344
1940	0.402	0.377	0.412	0.344
eigenvalues:  tensor([71.7016, 59.7986])
hess item is 0.3793489634990692
1950	0.402	0.377	0.412	0.345
1960	0.401	0.378	0.412	0.345
1970	0.401	0.378	0.411	0.346
1980	0.401	0.379	0.411	0.346
1990	0.401	0.380	0.411	0.347
eigenvalues:  tensor([71.5688, 59.7204])
hess item is 0.3700617849826813
2000	0.401	0.380	0.411	0.346
2010	0.401	0.381	0.411	0.347
2020	0.400	0.381	0.411	0.346
2030	0.400	0.381	0.411	0.346
2040	0.400	0.382	0.411	0.346
eigenvalues:  tensor([71.4300, 59.6290])
hess item is 0.3610050678253174
2050	0.400	0.382	0.411	0.347
2060	0.400	0.383	0.411	0.347
2070	0.400	0.383	0.410	0.349
2080	0.400	0.384	0.410	0.349
2090	0.399	0.384	0.410	0.350
eigenvalues:  tensor([71.3257, 59.5574])
hess item is 0.3521644175052643
2100	0.399	0.384	0.410	0.350
2110	0.399	0.384	0.410	0.350
2120	0.399	0.384	0.410	0.349
2130	0.399	0.385	0.410	0.350
2140	0.399	0.385	0.410	0.350
eigenvalues:  tensor([71.1979, 59.4792])
hess item is 0.34354162216186523
2150	0.399	0.387	0.410	0.351
2160	0.398	0.386	0.410	0.351
2170	0.398	0.387	0.409	0.350
2180	0.398	0.388	0.409	0.351
2190	0.398	0.387	0.409	0.352
eigenvalues:  tensor([71.0400, 59.4163])
hess item is 0.33513331413269043
2200	0.398	0.388	0.409	0.352
2210	0.398	0.389	0.409	0.352
2220	0.398	0.389	0.409	0.352
2230	0.398	0.389	0.409	0.353
2240	0.397	0.390	0.409	0.354
eigenvalues:  tensor([70.9719, 59.3377])
hess item is 0.3269300162792206
2250	0.397	0.391	0.409	0.353
2260	0.397	0.392	0.409	0.354
2270	0.397	0.392	0.409	0.354
2280	0.397	0.393	0.408	0.353
2290	0.397	0.394	0.408	0.354
eigenvalues:  tensor([70.8408, 59.2703])
hess item is 0.31892889738082886
2300	0.397	0.394	0.408	0.355
2310	0.396	0.394	0.408	0.355
2320	0.396	0.395	0.408	0.355
2330	0.396	0.395	0.408	0.355
2340	0.396	0.396	0.408	0.355
eigenvalues:  tensor([70.7424, 59.1990])
hess item is 0.31112954020500183
2350	0.396	0.396	0.408	0.355
2360	0.396	0.396	0.408	0.356
2370	0.396	0.396	0.408	0.356
2380	0.396	0.397	0.408	0.356
2390	0.395	0.397	0.408	0.356
eigenvalues:  tensor([70.6294, 59.1351])
hess item is 0.30352216958999634
2400	0.395	0.398	0.407	0.356
2410	0.395	0.398	0.407	0.356
2420	0.395	0.398	0.407	0.357
2430	0.395	0.398	0.407	0.357
2440	0.395	0.399	0.407	0.357
eigenvalues:  tensor([70.5621, 59.0684])
hess item is 0.29610323905944824
2450	0.395	0.399	0.407	0.357
2460	0.395	0.399	0.407	0.358
2470	0.394	0.399	0.407	0.358
2480	0.394	0.400	0.407	0.358
2490	0.394	0.400	0.407	0.359
eigenvalues:  tensor([70.4129, 58.9964])
hess item is 0.2888692021369934
2500	0.394	0.401	0.407	0.359
2510	0.394	0.401	0.407	0.358
2520	0.394	0.401	0.407	0.359
2530	0.394	0.402	0.406	0.360
2540	0.394	0.402	0.406	0.359
eigenvalues:  tensor([70.3094, 58.9442])
hess item is 0.2818101942539215
2550	0.393	0.402	0.406	0.359
2560	0.393	0.403	0.406	0.361
2570	0.393	0.403	0.406	0.360
2580	0.393	0.403	0.406	0.360
2590	0.393	0.403	0.406	0.361
eigenvalues:  tensor([70.2278, 58.8877])
hess item is 0.2749292850494385
2600	0.393	0.402	0.406	0.360
2610	0.393	0.403	0.406	0.360
2620	0.393	0.404	0.406	0.361
2630	0.392	0.405	0.406	0.361
2640	0.392	0.405	0.406	0.360
eigenvalues:  tensor([70.1415, 58.8449])
hess item is 0.2682153880596161
2650	0.392	0.405	0.406	0.361
2660	0.392	0.406	0.406	0.361
2670	0.392	0.406	0.405	0.361
2680	0.392	0.406	0.405	0.362
2690	0.392	0.406	0.405	0.361
eigenvalues:  tensor([70.0451, 58.7856])
hess item is 0.26166683435440063
2700	0.392	0.406	0.405	0.362
2710	0.391	0.408	0.405	0.361
2720	0.391	0.407	0.405	0.361
2730	0.391	0.408	0.405	0.362
2740	0.391	0.408	0.405	0.362
eigenvalues:  tensor([69.9820, 58.7281])
hess item is 0.2552800476551056
2750	0.391	0.409	0.405	0.362
2760	0.391	0.409	0.405	0.362
2770	0.391	0.409	0.405	0.363
2780	0.391	0.410	0.405	0.362
2790	0.391	0.410	0.405	0.363
eigenvalues:  tensor([69.8682, 58.6648])
hess item is 0.24905353784561157
2800	0.390	0.411	0.405	0.363
2810	0.390	0.411	0.405	0.363
2820	0.390	0.412	0.404	0.364
2830	0.390	0.412	0.404	0.363
2840	0.390	0.412	0.404	0.364
eigenvalues:  tensor([69.7855, 58.6198])
hess item is 0.24297569692134857
2850	0.390	0.412	0.404	0.363
2860	0.390	0.413	0.404	0.363
2870	0.390	0.413	0.404	0.363
2880	0.389	0.414	0.404	0.363
2890	0.389	0.414	0.404	0.363
eigenvalues:  tensor([69.6836, 58.5990])
hess item is 0.23705095052719116
2900	0.389	0.415	0.404	0.364
2910	0.389	0.415	0.404	0.364
2920	0.389	0.415	0.404	0.364
2930	0.389	0.415	0.404	0.364
2940	0.389	0.417	0.404	0.364
eigenvalues:  tensor([69.6087, 58.5370])
hess item is 0.2312718778848648
2950	0.389	0.417	0.404	0.365
2960	0.389	0.418	0.404	0.366
2970	0.388	0.417	0.404	0.364
2980	0.388	0.417	0.404	0.366
2990	0.388	0.419	0.403	0.365
eigenvalues:  tensor([69.5352, 58.5047])
hess item is 0.22563514113426208
3000	0.388	0.420	0.403	0.366
3010	0.388	0.420	0.403	0.366
3020	0.388	0.421	0.403	0.367
3030	0.388	0.422	0.403	0.367
3040	0.388	0.421	0.403	0.368
eigenvalues:  tensor([69.4991, 58.4812])
hess item is 0.22013859450817108
3050	0.388	0.423	0.403	0.368
3060	0.387	0.424	0.403	0.367
3070	0.387	0.423	0.403	0.368
3080	0.387	0.423	0.403	0.368
3090	0.387	0.424	0.403	0.368
eigenvalues:  tensor([69.3633, 58.4316])
hess item is 0.21477900445461273
3100	0.387	0.425	0.403	0.368
3110	0.387	0.424	0.403	0.368
3120	0.387	0.425	0.403	0.368
3130	0.387	0.426	0.403	0.369
3140	0.387	0.426	0.403	0.369
eigenvalues:  tensor([69.2776, 58.3827])
hess item is 0.20954935252666473
3150	0.386	0.427	0.402	0.369
3160	0.386	0.426	0.402	0.369
3170	0.386	0.427	0.402	0.370
3180	0.386	0.427	0.402	0.370
3190	0.386	0.428	0.402	0.370
eigenvalues:  tensor([69.2126, 58.3661])
hess item is 0.20444905757904053
3200	0.386	0.429	0.402	0.370
3210	0.386	0.430	0.402	0.371
3220	0.386	0.430	0.402	0.370
3230	0.385	0.429	0.402	0.371
3240	0.385	0.430	0.402	0.370
eigenvalues:  tensor([69.1426, 58.3399])
hess item is 0.1994750052690506
3250	0.385	0.430	0.402	0.371
3260	0.385	0.430	0.402	0.370
3270	0.385	0.430	0.402	0.371
3280	0.385	0.432	0.402	0.370
3290	0.385	0.431	0.402	0.370
eigenvalues:  tensor([69.0706, 58.3053])
hess item is 0.1946277767419815
3300	0.385	0.431	0.402	0.371
3310	0.385	0.432	0.402	0.371
3320	0.384	0.433	0.402	0.371
3330	0.384	0.432	0.401	0.371
3340	0.384	0.432	0.401	0.373
eigenvalues:  tensor([69.0044, 58.2784])
hess item is 0.18989641964435577
3350	0.384	0.433	0.401	0.372
3360	0.384	0.434	0.401	0.373
3370	0.384	0.434	0.401	0.372
3380	0.384	0.434	0.401	0.373
3390	0.384	0.435	0.401	0.372
eigenvalues:  tensor([68.9256, 58.2519])
hess item is 0.1852826029062271
3400	0.384	0.434	0.401	0.373
3410	0.383	0.435	0.401	0.372
3420	0.383	0.435	0.401	0.373
3430	0.383	0.434	0.401	0.373
3440	0.383	0.436	0.401	0.374
eigenvalues:  tensor([68.8278, 58.2106])
hess item is 0.18078139424324036
3450	0.383	0.436	0.401	0.374
3460	0.383	0.436	0.401	0.374
3470	0.383	0.437	0.401	0.374
3480	0.383	0.437	0.401	0.374
3490	0.383	0.438	0.401	0.374
eigenvalues:  tensor([68.7568, 58.1902])
hess item is 0.17639225721359253
3500	0.382	0.439	0.401	0.373
3510	0.382	0.438	0.400	0.374
3520	0.382	0.438	0.400	0.375
3530	0.382	0.439	0.400	0.374
3540	0.382	0.439	0.400	0.374
eigenvalues:  tensor([68.7005, 58.1678])
hess item is 0.17211294174194336
3550	0.382	0.441	0.400	0.375
3560	0.382	0.440	0.400	0.375
3570	0.382	0.441	0.400	0.375
3580	0.382	0.441	0.400	0.376
3590	0.381	0.441	0.400	0.375
eigenvalues:  tensor([68.6456, 58.1518])
hess item is 0.1679389774799347
3600	0.381	0.442	0.400	0.375
3610	0.381	0.441	0.400	0.376
3620	0.381	0.442	0.400	0.376
3630	0.381	0.443	0.400	0.375
3640	0.381	0.443	0.400	0.375
eigenvalues:  tensor([68.5265, 58.1534])
hess item is 0.16386927664279938
3650	0.381	0.443	0.400	0.376
3660	0.381	0.444	0.400	0.377
3670	0.381	0.444	0.400	0.377
3680	0.380	0.444	0.400	0.376
3690	0.380	0.444	0.400	0.377
eigenvalues:  tensor([68.4399, 58.1380])
hess item is 0.15990018844604492
3700	0.380	0.445	0.400	0.376
3710	0.380	0.446	0.400	0.377
3720	0.380	0.446	0.399	0.377
3730	0.380	0.447	0.399	0.377
3740	0.380	0.447	0.399	0.377
eigenvalues:  tensor([68.3914, 58.1324])
hess item is 0.15602721273899078
3750	0.380	0.447	0.399	0.377
3760	0.380	0.447	0.399	0.378
3770	0.379	0.447	0.399	0.378
3780	0.379	0.447	0.399	0.378
3790	0.379	0.448	0.399	0.379
eigenvalues:  tensor([68.3239, 58.1083])
hess item is 0.15224990248680115
3800	0.379	0.449	0.399	0.378
3810	0.379	0.447	0.399	0.380
3820	0.379	0.449	0.399	0.380
3830	0.379	0.450	0.399	0.380
3840	0.379	0.449	0.399	0.380
eigenvalues:  tensor([68.2797, 58.1021])
hess item is 0.14856812357902527
3850	0.379	0.450	0.399	0.380
3860	0.378	0.452	0.399	0.379
3870	0.378	0.451	0.399	0.380
3880	0.378	0.451	0.399	0.381
3890	0.378	0.452	0.399	0.382
eigenvalues:  tensor([68.1869, 58.1094])
hess item is 0.1449764370918274
3900	0.378	0.452	0.399	0.382
3910	0.378	0.453	0.399	0.382
3920	0.378	0.453	0.399	0.382
3930	0.378	0.452	0.398	0.381
3940	0.378	0.455	0.398	0.380
eigenvalues:  tensor([68.1166, 58.0898])
hess item is 0.14147062599658966
3950	0.377	0.452	0.398	0.383
3960	0.377	0.455	0.398	0.384
3970	0.377	0.456	0.398	0.382
3980	0.377	0.455	0.398	0.383
3990	0.377	0.454	0.398	0.382
eigenvalues:  tensor([68.0350, 58.1089])
hess item is 0.13805454969406128
4000	0.377	0.455	0.398	0.383
4010	0.377	0.457	0.398	0.383
4020	0.377	0.458	0.398	0.384
4030	0.377	0.459	0.398	0.383
4040	0.376	0.458	0.398	0.384
eigenvalues:  tensor([67.9699, 58.0759])
hess item is 0.13472408056259155
4050	0.376	0.458	0.398	0.384
4060	0.376	0.460	0.398	0.383
4070	0.376	0.459	0.398	0.384
4080	0.376	0.460	0.398	0.384
4090	0.376	0.459	0.398	0.385
eigenvalues:  tensor([67.9175, 58.0778])
hess item is 0.13147322833538055
4100	0.376	0.459	0.398	0.385
4110	0.376	0.460	0.398	0.385
4120	0.376	0.461	0.398	0.384
4130	0.375	0.461	0.398	0.383
4140	0.375	0.463	0.398	0.384
eigenvalues:  tensor([67.8547, 58.0808])
hess item is 0.128302663564682
4150	0.375	0.462	0.398	0.384
4160	0.375	0.462	0.397	0.384
4170	0.375	0.463	0.397	0.386
4180	0.375	0.463	0.397	0.385
4190	0.375	0.463	0.397	0.386
eigenvalues:  tensor([67.8186, 58.1005])
hess item is 0.1252109408378601
4200	0.375	0.464	0.397	0.385
4210	0.374	0.465	0.397	0.386
4220	0.374	0.465	0.397	0.385
4230	0.374	0.464	0.397	0.385
4240	0.374	0.466	0.397	0.387
eigenvalues:  tensor([67.6939, 58.0938])
hess item is 0.1221969723701477
4250	0.374	0.466	0.397	0.386
4260	0.374	0.467	0.397	0.387
4270	0.374	0.466	0.397	0.386
4280	0.374	0.468	0.397	0.386
4290	0.374	0.468	0.397	0.386
eigenvalues:  tensor([67.6821, 58.1364])
hess item is 0.1192571371793747
4300	0.373	0.468	0.397	0.387
4310	0.373	0.468	0.397	0.388
4320	0.373	0.470	0.397	0.388
4330	0.373	0.470	0.397	0.387
4340	0.373	0.470	0.397	0.388
eigenvalues:  tensor([67.6535, 58.1326])
hess item is 0.11639177054166794
4350	0.373	0.470	0.397	0.387
4360	0.373	0.469	0.397	0.387
4370	0.373	0.471	0.397	0.388
4380	0.372	0.471	0.397	0.388
4390	0.372	0.472	0.397	0.387
eigenvalues:  tensor([67.6335, 58.1406])
hess item is 0.11359166353940964
4400	0.372	0.472	0.396	0.388
4410	0.372	0.472	0.396	0.389
4420	0.372	0.471	0.396	0.389
4430	0.372	0.472	0.396	0.389
4440	0.372	0.473	0.396	0.388
eigenvalues:  tensor([67.5769, 58.1320])
hess item is 0.11086617410182953
4450	0.372	0.474	0.396	0.391
4460	0.372	0.471	0.396	0.389
4470	0.371	0.474	0.396	0.388
4480	0.371	0.474	0.396	0.389
4490	0.371	0.475	0.396	0.390
eigenvalues:  tensor([67.4874, 58.1799])
hess item is 0.10820699483156204
4500	0.371	0.476	0.396	0.389
4510	0.371	0.475	0.396	0.389
4520	0.371	0.477	0.396	0.390
4530	0.371	0.475	0.396	0.390
4540	0.371	0.474	0.396	0.390
eigenvalues:  tensor([67.4439, 58.2212])
hess item is 0.10561315715312958
4550	0.370	0.476	0.396	0.389
4560	0.370	0.477	0.396	0.389
4570	0.370	0.477	0.396	0.392
4580	0.370	0.478	0.396	0.389
4590	0.370	0.477	0.396	0.391
eigenvalues:  tensor([67.4328, 58.2080])
hess item is 0.10308191180229187
4600	0.370	0.477	0.396	0.390
4610	0.370	0.479	0.396	0.392
4620	0.370	0.479	0.396	0.393
4630	0.370	0.478	0.396	0.390
4640	0.369	0.479	0.396	0.391
eigenvalues:  tensor([67.4789, 58.2846])
hess item is 0.10061419010162354
4650	0.369	0.477	0.396	0.391
4660	0.369	0.480	0.395	0.392
4670	0.369	0.480	0.395	0.392
4680	0.369	0.481	0.395	0.391
4690	0.369	0.480	0.395	0.392
eigenvalues:  tensor([67.4875, 58.2912])
hess item is 0.09820766746997833
4700	0.369	0.480	0.395	0.391
4710	0.369	0.482	0.395	0.393
4720	0.368	0.482	0.395	0.393
4730	0.368	0.482	0.395	0.393
4740	0.368	0.483	0.395	0.393
eigenvalues:  tensor([67.4820, 58.2897])
hess item is 0.09585973620414734
4750	0.368	0.484	0.395	0.394
4760	0.368	0.484	0.395	0.394
4770	0.368	0.484	0.395	0.393
4780	0.368	0.484	0.395	0.394
4790	0.368	0.483	0.395	0.395
eigenvalues:  tensor([67.5308, 58.3831])
hess item is 0.09357180446386337
4800	0.367	0.485	0.395	0.393
4810	0.367	0.486	0.395	0.394
4820	0.367	0.486	0.395	0.395
4830	0.367	0.486	0.395	0.395
4840	0.367	0.487	0.395	0.393
eigenvalues:  tensor([67.5021, 58.3886])
hess item is 0.09134092181921005
4850	0.367	0.486	0.395	0.397
4860	0.367	0.486	0.395	0.397
4870	0.367	0.486	0.395	0.395
4880	0.366	0.488	0.395	0.396
4890	0.366	0.487	0.395	0.395
eigenvalues:  tensor([67.5900, 58.4583])
hess item is 0.0891638919711113
4900	0.366	0.489	0.395	0.395
4910	0.366	0.487	0.395	0.395
4920	0.366	0.489	0.395	0.396
4930	0.366	0.489	0.395	0.395
4940	0.366	0.489	0.395	0.396
eigenvalues:  tensor([67.5278, 58.4829])
hess item is 0.08703994005918503
4950	0.366	0.490	0.394	0.395
4960	0.365	0.491	0.394	0.396
4970	0.365	0.492	0.394	0.395
4980	0.365	0.491	0.394	0.396
4990	0.365	0.490	0.394	0.396
eigenvalues:  tensor([67.5397, 58.5452])
hess item is 0.08497164398431778
5000	0.365	0.490	0.394	0.396
5010	0.365	0.492	0.394	0.398
5020	0.365	0.493	0.394	0.397
5030	0.364	0.494	0.394	0.398
5040	0.364	0.493	0.394	0.398
eigenvalues:  tensor([67.6358, 58.6178])
hess item is 0.08295256644487381
5050	0.364	0.494	0.394	0.398
5060	0.364	0.495	0.394	0.398
5070	0.364	0.495	0.394	0.398
5080	0.364	0.494	0.394	0.398
5090	0.364	0.496	0.394	0.396
eigenvalues:  tensor([67.6347, 58.6021])
hess item is 0.08098829537630081
5100	0.364	0.497	0.394	0.398
5110	0.363	0.496	0.394	0.399
5120	0.363	0.496	0.394	0.398
5130	0.363	0.498	0.394	0.399
5140	0.363	0.499	0.394	0.398
eigenvalues:  tensor([67.6960, 58.7294])
hess item is 0.0790671557188034
5150	0.363	0.499	0.394	0.398
5160	0.363	0.498	0.394	0.400
5170	0.363	0.500	0.394	0.399
5180	0.363	0.500	0.394	0.399
5190	0.362	0.501	0.394	0.400
eigenvalues:  tensor([67.8613, 58.7891])
hess item is 0.0771946832537651
5200	0.362	0.500	0.394	0.402
5210	0.362	0.501	0.394	0.401
5220	0.362	0.502	0.394	0.401
5230	0.362	0.504	0.394	0.400
5240	0.362	0.503	0.393	0.400
eigenvalues:  tensor([67.8298, 58.8528])
hess item is 0.07537015527486801
5250	0.362	0.504	0.393	0.400
5260	0.361	0.504	0.393	0.400
5270	0.361	0.507	0.393	0.399
5280	0.361	0.506	0.393	0.400
5290	0.361	0.505	0.393	0.401
eigenvalues:  tensor([68.0029, 58.9091])
hess item is 0.07359251379966736
5300	0.361	0.506	0.393	0.401
5310	0.361	0.508	0.393	0.400
5320	0.361	0.506	0.393	0.401
5330	0.360	0.508	0.393	0.402
5340	0.360	0.506	0.393	0.400
eigenvalues:  tensor([68.1590, 59.0128])
hess item is 0.0718560591340065
5350	0.360	0.507	0.393	0.402
5360	0.360	0.508	0.393	0.401
5370	0.360	0.510	0.393	0.402
5380	0.360	0.509	0.393	0.402
5390	0.360	0.509	0.393	0.401
eigenvalues:  tensor([68.1579, 59.0665])
hess item is 0.0701652318239212
5400	0.359	0.509	0.393	0.402
5410	0.359	0.512	0.393	0.402
5420	0.359	0.509	0.393	0.402
5430	0.359	0.512	0.393	0.403
5440	0.359	0.511	0.393	0.402
eigenvalues:  tensor([68.1606, 59.1498])
hess item is 0.06851635128259659
5450	0.359	0.513	0.393	0.403
5460	0.359	0.515	0.393	0.403
5470	0.358	0.514	0.393	0.402
5480	0.358	0.513	0.393	0.403
5490	0.358	0.515	0.393	0.404
eigenvalues:  tensor([68.4112, 59.2427])
hess item is 0.06690709292888641
5500	0.358	0.515	0.393	0.404
5510	0.358	0.515	0.393	0.402
5520	0.358	0.515	0.393	0.402
5530	0.358	0.520	0.393	0.404
5540	0.357	0.518	0.393	0.404
eigenvalues:  tensor([68.4632, 59.3478])
hess item is 0.0653371810913086
5550	0.357	0.516	0.393	0.404
5560	0.357	0.520	0.393	0.403
5570	0.357	0.519	0.393	0.403
5580	0.357	0.521	0.393	0.404
5590	0.357	0.519	0.393	0.404
eigenvalues:  tensor([68.5887, 59.4487])
hess item is 0.06380652636289597
5600	0.357	0.521	0.392	0.404
5610	0.356	0.520	0.392	0.403
5620	0.356	0.521	0.392	0.404
5630	0.356	0.522	0.392	0.404
5640	0.356	0.523	0.392	0.406
eigenvalues:  tensor([68.6987, 59.5415])
hess item is 0.0623178668320179
5650	0.356	0.523	0.392	0.405
5660	0.356	0.524	0.392	0.404
5670	0.356	0.525	0.392	0.406
5680	0.355	0.523	0.392	0.405
5690	0.355	0.528	0.392	0.406
eigenvalues:  tensor([68.9255, 59.6097])
hess item is 0.06086641550064087
5700	0.355	0.527	0.392	0.406
5710	0.355	0.523	0.392	0.405
5720	0.355	0.525	0.392	0.404
5730	0.355	0.529	0.392	0.407
5740	0.354	0.525	0.392	0.403
eigenvalues:  tensor([69.0627, 59.7554])
hess item is 0.05944826826453209
5750	0.354	0.528	0.392	0.408
5760	0.354	0.526	0.392	0.404
5770	0.354	0.527	0.392	0.406
5780	0.354	0.528	0.392	0.406
5790	0.354	0.531	0.392	0.406
eigenvalues:  tensor([69.3052, 59.9052])
hess item is 0.05806600674986839
5800	0.353	0.531	0.392	0.407
5810	0.353	0.532	0.392	0.407
5820	0.353	0.532	0.392	0.407
5830	0.353	0.531	0.392	0.408
5840	0.353	0.532	0.392	0.407
eigenvalues:  tensor([69.4543, 60.0396])
hess item is 0.056717921048402786
5850	0.353	0.533	0.392	0.408
5860	0.353	0.532	0.392	0.407
5870	0.352	0.536	0.392	0.407
5880	0.352	0.534	0.392	0.408
5890	0.352	0.533	0.392	0.407
eigenvalues:  tensor([69.6936, 60.1549])
hess item is 0.055403079837560654
5900	0.352	0.537	0.392	0.409
5910	0.352	0.534	0.392	0.408
5920	0.352	0.537	0.392	0.410
5930	0.351	0.537	0.392	0.407
5940	0.351	0.537	0.392	0.408
eigenvalues:  tensor([69.8115, 60.2889])
hess item is 0.05412239208817482
5950	0.351	0.538	0.391	0.408
5960	0.351	0.539	0.391	0.410
5970	0.351	0.538	0.392	0.408
5980	0.351	0.542	0.392	0.406
5990	0.350	0.538	0.391	0.408
eigenvalues:  tensor([70.2470, 60.4899])
hess item is 0.052874259650707245
6000	0.351	0.539	0.392	0.408
6010	0.350	0.540	0.392	0.409
6020	0.350	0.539	0.392	0.407
6030	0.350	0.541	0.392	0.407
6040	0.350	0.544	0.392	0.410
eigenvalues:  tensor([70.3023, 60.5924])
hess item is 0.05165836960077286
6050	0.349	0.541	0.391	0.408
6060	0.349	0.541	0.391	0.406
6070	0.349	0.546	0.391	0.409
6080	0.349	0.542	0.391	0.409
6090	0.349	0.544	0.391	0.409
eigenvalues:  tensor([70.4028, 60.7124])
hess item is 0.05047230422496796
6100	0.349	0.543	0.391	0.408
6110	0.348	0.545	0.391	0.406
6120	0.348	0.546	0.391	0.408
6130	0.348	0.548	0.391	0.410
6140	0.348	0.544	0.391	0.407
eigenvalues:  tensor([70.6696, 60.8981])
hess item is 0.0493120513856411
6150	0.348	0.546	0.391	0.408
6160	0.348	0.548	0.391	0.410
6170	0.347	0.548	0.391	0.409
6180	0.347	0.548	0.391	0.410
6190	0.347	0.546	0.391	0.410
eigenvalues:  tensor([70.9081, 61.0504])
hess item is 0.04818644002079964
6200	0.347	0.551	0.391	0.410
6210	0.347	0.550	0.391	0.410
6220	0.347	0.551	0.391	0.411
6230	0.346	0.549	0.391	0.410
6240	0.346	0.549	0.391	0.411
eigenvalues:  tensor([71.1900, 61.2253])
hess item is 0.047088623046875
6250	0.346	0.554	0.391	0.410
6260	0.346	0.554	0.391	0.410
6270	0.346	0.553	0.391	0.411
6280	0.345	0.557	0.391	0.411
6290	0.345	0.553	0.391	0.411
eigenvalues:  tensor([71.3576, 61.4355])
hess item is 0.04601764678955078
6300	0.345	0.555	0.391	0.413
6310	0.345	0.552	0.391	0.410
6320	0.345	0.555	0.391	0.412
6330	0.345	0.557	0.391	0.411
6340	0.344	0.556	0.391	0.410
eigenvalues:  tensor([71.5806, 61.5375])
hess item is 0.04497392103075981
6350	0.344	0.555	0.391	0.410
6360	0.344	0.557	0.391	0.409
6370	0.344	0.557	0.391	0.410
6380	0.344	0.555	0.391	0.408
6390	0.343	0.560	0.391	0.413
eigenvalues:  tensor([71.8716, 61.7788])
hess item is 0.04395762085914612
6400	0.343	0.559	0.391	0.411
6410	0.343	0.560	0.391	0.409
6420	0.343	0.561	0.391	0.411
6430	0.343	0.560	0.391	0.411
6440	0.343	0.562	0.391	0.412
eigenvalues:  tensor([71.8751, 61.9851])
hess item is 0.04296911135315895
6450	0.342	0.557	0.391	0.409
6460	0.342	0.562	0.391	0.412
6470	0.342	0.562	0.391	0.409
6480	0.342	0.564	0.391	0.411
6490	0.342	0.563	0.391	0.412
eigenvalues:  tensor([72.3800, 62.0668])
hess item is 0.04200553521513939
6500	0.341	0.565	0.391	0.412
6510	0.341	0.569	0.391	0.415
6520	0.341	0.566	0.391	0.410
6530	0.341	0.568	0.391	0.414
6540	0.340	0.567	0.391	0.414
eigenvalues:  tensor([72.7274, 62.3900])
hess item is 0.041066281497478485
6550	0.340	0.572	0.391	0.413
6560	0.340	0.571	0.391	0.411
6570	0.340	0.568	0.391	0.411
6580	0.340	0.570	0.391	0.410
6590	0.340	0.569	0.391	0.413
eigenvalues:  tensor([72.7922, 62.5503])
hess item is 0.04014987871050835
6600	0.340	0.567	0.391	0.411
6610	0.339	0.572	0.391	0.411
6620	0.339	0.570	0.391	0.411
6630	0.339	0.572	0.391	0.414
6640	0.339	0.572	0.391	0.413
eigenvalues:  tensor([73.5006, 62.8893])
hess item is 0.03926015645265579
6650	0.338	0.573	0.391	0.412
6660	0.338	0.572	0.391	0.413
6670	0.338	0.576	0.391	0.413
6680	0.338	0.575	0.391	0.412
6690	0.337	0.576	0.391	0.411
eigenvalues:  tensor([73.8032, 63.3683])
hess item is 0.038390226662158966
6700	0.338	0.575	0.391	0.408
6710	0.337	0.582	0.391	0.416
6720	0.338	0.576	0.391	0.411
6730	0.336	0.576	0.390	0.412
6740	0.337	0.577	0.391	0.412
eigenvalues:  tensor([74.0266, 63.5121])
hess item is 0.03754478320479393
6750	0.336	0.579	0.391	0.410
6760	0.336	0.579	0.391	0.411
6770	0.336	0.584	0.391	0.414
6780	0.335	0.581	0.391	0.415
6790	0.335	0.584	0.391	0.413
eigenvalues:  tensor([74.5221, 63.8094])
hess item is 0.03671756386756897
6800	0.335	0.584	0.391	0.411
6810	0.335	0.583	0.390	0.415
6820	0.335	0.583	0.391	0.413
6830	0.335	0.584	0.391	0.413
6840	0.334	0.586	0.390	0.414
eigenvalues:  tensor([74.4166, 63.9008])
hess item is 0.03591661900281906
6850	0.334	0.585	0.391	0.413
6860	0.334	0.585	0.391	0.413
6870	0.333	0.587	0.390	0.414
6880	0.333	0.587	0.391	0.413
6890	0.333	0.588	0.390	0.413
eigenvalues:  tensor([75.0442, 64.3865])
hess item is 0.03513011708855629
6900	0.333	0.588	0.391	0.413
6910	0.333	0.590	0.391	0.414
6920	0.333	0.590	0.391	0.415
6930	0.332	0.587	0.391	0.414
6940	0.332	0.592	0.391	0.414
eigenvalues:  tensor([75.5780, 64.5816])
hess item is 0.03436918929219246
6950	0.332	0.592	0.391	0.413
6960	0.332	0.595	0.391	0.412
6970	0.332	0.589	0.391	0.413
6980	0.331	0.596	0.391	0.415
6990	0.331	0.594	0.391	0.415
eigenvalues:  tensor([75.7977, 64.6872])
hess item is 0.033627819269895554
7000	0.330	0.597	0.390	0.415
7010	0.331	0.589	0.391	0.408
7020	0.330	0.597	0.391	0.413
7030	0.330	0.594	0.391	0.410
7040	0.330	0.598	0.391	0.412
eigenvalues:  tensor([76.3178, 64.9805])
hess item is 0.0329071581363678
7050	0.330	0.594	0.391	0.414
7060	0.329	0.601	0.391	0.414
7070	0.329	0.602	0.391	0.414
7080	0.329	0.598	0.391	0.410
7090	0.328	0.601	0.391	0.414
eigenvalues:  tensor([76.4211, 65.3598])
hess item is 0.032201122492551804
7100	0.328	0.604	0.391	0.412
7110	0.328	0.602	0.391	0.412
7120	0.328	0.603	0.391	0.413
7130	0.328	0.607	0.391	0.415
7140	0.327	0.606	0.391	0.414
eigenvalues:  tensor([76.5834, 65.7073])
hess item is 0.031511738896369934
7150	0.327	0.603	0.391	0.413
7160	0.327	0.603	0.391	0.414
7170	0.327	0.607	0.391	0.412
7180	0.326	0.611	0.391	0.413
7190	0.326	0.608	0.391	0.416
eigenvalues:  tensor([77.2937, 66.1417])
hess item is 0.03084309957921505
7200	0.326	0.607	0.391	0.412
7210	0.326	0.613	0.391	0.415
7220	0.326	0.607	0.391	0.413
7230	0.325	0.609	0.391	0.412
7240	0.325	0.611	0.391	0.414
eigenvalues:  tensor([77.3251, 66.2204])
hess item is 0.030197376385331154
7250	0.325	0.611	0.391	0.413
7260	0.325	0.611	0.392	0.411
7270	0.324	0.618	0.391	0.414
7280	0.324	0.615	0.391	0.413
7290	0.324	0.614	0.391	0.416
eigenvalues:  tensor([77.9030, 66.7217])
hess item is 0.029562005773186684
7300	0.323	0.617	0.391	0.417
7310	0.324	0.613	0.392	0.413
7320	0.323	0.619	0.392	0.413
7330	0.323	0.623	0.391	0.414
7340	0.323	0.617	0.391	0.414
eigenvalues:  tensor([78.0550, 66.9232])
hess item is 0.028946932405233383
7350	0.322	0.622	0.391	0.414
7360	0.322	0.623	0.391	0.415
7370	0.321	0.618	0.391	0.416
7380	0.322	0.625	0.392	0.413
7390	0.322	0.619	0.392	0.415
eigenvalues:  tensor([77.9078, 66.9521])
hess item is 0.028351806104183197
7400	0.324	0.617	0.394	0.412
7410	0.322	0.619	0.393	0.407
7420	0.320	0.623	0.392	0.415
7430	0.320	0.617	0.392	0.414
7440	0.321	0.618	0.392	0.411
eigenvalues:  tensor([78.3530, 67.6459])
hess item is 0.02777484618127346
7450	0.320	0.622	0.392	0.412
7460	0.319	0.630	0.391	0.415
7470	0.319	0.621	0.392	0.414
7480	0.319	0.628	0.392	0.413
7490	0.319	0.626	0.392	0.413
eigenvalues:  tensor([78.6619, 67.7324])
hess item is 0.027212057262659073
7500	0.318	0.630	0.392	0.415
7510	0.318	0.632	0.392	0.416
7520	0.319	0.634	0.392	0.416
7530	0.318	0.633	0.392	0.413
7540	0.317	0.634	0.392	0.414
eigenvalues:  tensor([79.0485, 68.3853])
hess item is 0.026663074269890785
7550	0.317	0.632	0.392	0.412
7560	0.316	0.637	0.391	0.415
7570	0.317	0.632	0.393	0.412
7580	0.317	0.638	0.393	0.413
7590	0.319	0.633	0.395	0.413
eigenvalues:  tensor([78.9132, 68.7020])
hess item is 0.02612754888832569
7600	0.315	0.641	0.392	0.415
7610	0.315	0.642	0.392	0.413
7620	0.315	0.644	0.392	0.413
7630	0.315	0.638	0.392	0.412
7640	0.314	0.643	0.392	0.414
eigenvalues:  tensor([79.6419, 68.8956])
hess item is 0.025608714669942856
7650	0.314	0.645	0.392	0.412
7660	0.313	0.641	0.392	0.415
7670	0.315	0.644	0.394	0.410
7680	0.313	0.648	0.392	0.412
7690	0.313	0.648	0.392	0.416
eigenvalues:  tensor([79.3541, 69.0441])
hess item is 0.025105664506554604
7700	0.313	0.645	0.393	0.412
7710	0.313	0.644	0.393	0.411
7720	0.312	0.647	0.393	0.414
7730	0.315	0.645	0.396	0.413
7740	0.312	0.648	0.393	0.412
eigenvalues:  tensor([78.8561, 69.1848])
hess item is 0.02463189885020256
7750	0.311	0.652	0.392	0.418
7760	0.311	0.652	0.393	0.414
7770	0.312	0.643	0.394	0.412
7780	0.310	0.652	0.392	0.416
7790	0.310	0.651	0.393	0.417
eigenvalues:  tensor([79.9258, 69.3014])
hess item is 0.024165844544768333
7800	0.310	0.659	0.393	0.417
7810	0.309	0.654	0.393	0.419
7820	0.309	0.651	0.393	0.413
7830	0.309	0.658	0.393	0.415
7840	0.311	0.648	0.396	0.409
eigenvalues:  tensor([79.8719, 69.5110])
hess item is 0.02370632439851761
7850	0.309	0.654	0.393	0.415
7860	0.308	0.656	0.393	0.413
7870	0.310	0.648	0.396	0.410
7880	0.309	0.661	0.394	0.413
7890	0.310	0.650	0.396	0.411
eigenvalues:  tensor([78.8428, 69.3648])
hess item is 0.02326429821550846
7900	0.310	0.654	0.396	0.413
7910	0.307	0.658	0.394	0.411
7920	0.310	0.646	0.397	0.407
7930	0.306	0.663	0.394	0.417
7940	0.305	0.666	0.394	0.414
eigenvalues:  tensor([79.6099, 70.1653])
hess item is 0.02283230423927307
7950	0.306	0.663	0.394	0.414
7960	0.307	0.664	0.396	0.413
7970	0.306	0.664	0.395	0.410
7980	0.306	0.669	0.395	0.418
7990	0.305	0.664	0.395	0.412
eigenvalues:  tensor([78.7341, 70.3215])
hess item is 0.02243052050471306
8000	0.306	0.667	0.396	0.411
8010	0.304	0.673	0.394	0.413
8020	0.302	0.673	0.393	0.417
8030	0.307	0.667	0.399	0.408
8040	0.302	0.671	0.394	0.419
eigenvalues:  tensor([77.5321, 70.2976])
hess item is 0.02203572727739811
8050	0.303	0.672	0.394	0.417
8060	0.302	0.672	0.395	0.412
8070	0.307	0.667	0.400	0.405
8080	0.303	0.665	0.396	0.412
8090	0.301	0.678	0.395	0.414
eigenvalues:  tensor([76.2874, 69.3417])
hess item is 0.02166406810283661
8100	0.305	0.666	0.398	0.409
8110	0.301	0.678	0.396	0.410
8120	0.301	0.681	0.396	0.413
8130	0.302	0.674	0.397	0.412
8140	0.303	0.664	0.398	0.410
eigenvalues:  tensor([74.0202, 69.8426])
hess item is 0.02131149172782898
8150	0.301	0.670	0.397	0.413
8160	0.301	0.678	0.397	0.411
8170	0.299	0.687	0.396	0.412
8180	0.298	0.686	0.395	0.414
8190	0.301	0.672	0.398	0.409
eigenvalues:  tensor([74.6243, 70.1897])
hess item is 0.020947173237800598
8200	0.298	0.682	0.396	0.410
8210	0.299	0.688	0.398	0.409
8220	0.300	0.679	0.398	0.413
8230	0.299	0.686	0.398	0.412
8240	0.306	0.660	0.406	0.398
eigenvalues:  tensor([71.8121, 69.6632])
hess item is 0.020628267899155617
8250	0.298	0.680	0.397	0.412
8260	0.299	0.678	0.399	0.413
8270	0.303	0.670	0.404	0.401
8280	0.303	0.662	0.403	0.405
8290	0.297	0.688	0.398	0.411
eigenvalues:  tensor([70.6923, 67.6641])
hess item is 0.020341061055660248
8300	0.300	0.681	0.401	0.404
8310	0.297	0.681	0.399	0.414
8320	0.298	0.688	0.400	0.409
8330	0.296	0.693	0.399	0.416
8340	0.300	0.683	0.403	0.409
eigenvalues:  tensor([69.7953, 67.8810])
hess item is 0.020041881129145622
8350	0.297	0.695	0.401	0.409
8360	0.296	0.700	0.400	0.409
8370	0.301	0.672	0.406	0.405
8380	0.294	0.697	0.398	0.414
8390	0.293	0.696	0.398	0.415
eigenvalues:  tensor([69.9317, 66.0617])
hess item is 0.01975017786026001
8400	0.293	0.705	0.398	0.413
8410	0.299	0.690	0.405	0.401
8420	0.291	0.705	0.398	0.415
8430	0.300	0.681	0.407	0.401
8440	0.301	0.682	0.408	0.395
eigenvalues:  tensor([66.8018, 64.0496])
hess item is 0.019500549882650375
8450	0.298	0.683	0.404	0.405
8460	0.289	0.707	0.397	0.415
8470	0.292	0.706	0.401	0.409
8480	0.294	0.697	0.402	0.407
8490	0.292	0.707	0.402	0.407
eigenvalues:  tensor([66.4585, 65.0960])
hess item is 0.019208751618862152
8500	0.291	0.704	0.400	0.413
8510	0.295	0.700	0.405	0.400
8520	0.288	0.717	0.399	0.414
8530	0.311	0.665	0.421	0.385
8540	0.290	0.715	0.401	0.411
eigenvalues:  tensor([65.4773, 64.0162])
hess item is 0.018977312371134758
8550	0.301	0.675	0.412	0.398
8560	0.292	0.693	0.403	0.408
8570	0.288	0.706	0.400	0.415
8580	0.287	0.712	0.399	0.413
8590	0.295	0.690	0.408	0.406
eigenvalues:  tensor([65.7489, 60.4538])
hess item is 0.018757546320557594
8600	0.303	0.674	0.417	0.396
8610	0.293	0.694	0.406	0.408
8620	0.298	0.688	0.411	0.396
8630	0.313	0.655	0.427	0.384
8640	0.309	0.662	0.423	0.385
eigenvalues:  tensor([62.0056, 58.8979])
hess item is 0.018599877133965492
8650	0.298	0.689	0.413	0.400
8660	0.317	0.643	0.432	0.378
8670	0.305	0.676	0.420	0.392
8680	0.290	0.701	0.405	0.407
8690	0.307	0.668	0.422	0.386
eigenvalues:  tensor([58.9210, 57.0524])
hess item is 0.01842729188501835
8700	0.285	0.720	0.402	0.410
8710	0.298	0.692	0.414	0.402
8720	0.289	0.709	0.407	0.401
8730	0.282	0.725	0.400	0.411
8740	0.298	0.687	0.417	0.390
eigenvalues:  tensor([58.2478, 56.8302])
hess item is 0.018245741724967957
8750	0.298	0.692	0.416	0.397
8760	0.299	0.680	0.416	0.396
8770	0.298	0.686	0.417	0.394
8780	0.286	0.720	0.406	0.402
8790	0.305	0.676	0.424	0.398
eigenvalues:  tensor([55.8695, 53.5248])
hess item is 0.018103256821632385
8800	0.292	0.698	0.410	0.404
8810	0.291	0.706	0.410	0.403
8820	0.292	0.704	0.413	0.401
8830	0.302	0.686	0.423	0.396
8840	0.290	0.706	0.411	0.405
eigenvalues:  tensor([56.9473, 54.9371])
hess item is 0.01791488379240036
8850	0.322	0.639	0.443	0.370
8860	0.289	0.700	0.411	0.402
8870	0.295	0.706	0.417	0.386
8880	0.304	0.676	0.427	0.388
8890	0.287	0.715	0.409	0.404
eigenvalues:  tensor([53.0301, 50.3594])
hess item is 0.01781313866376877
8900	0.286	0.719	0.409	0.405
8910	0.286	0.718	0.408	0.404
8920	0.288	0.714	0.411	0.405
8930	0.324	0.648	0.447	0.369
8940	0.286	0.717	0.410	0.407
eigenvalues:  tensor([54.2753, 50.3867])
hess item is 0.017644736915826797
8950	0.292	0.710	0.417	0.394
8960	0.316	0.658	0.440	0.366
8970	0.281	0.725	0.406	0.411
8980	0.293	0.698	0.419	0.392
8990	0.289	0.714	0.416	0.396
eigenvalues:  tensor([51.0416, 49.2081])
hess item is 0.017518598586320877
9000	0.278	0.739	0.405	0.407
9010	0.296	0.698	0.422	0.390
9020	0.287	0.711	0.413	0.401
9030	0.296	0.688	0.424	0.393
9040	0.312	0.676	0.437	0.385
eigenvalues:  tensor([49.3132, 47.5823])
hess item is 0.017398416996002197
9050	0.280	0.732	0.408	0.407
9060	0.295	0.702	0.421	0.394
9070	0.301	0.692	0.428	0.390
9080	0.292	0.706	0.420	0.391
9090	0.291	0.713	0.420	0.392
eigenvalues:  tensor([47.9596, 47.0804])
hess item is 0.017305102199316025
9100	0.304	0.679	0.432	0.379
9110	0.281	0.729	0.410	0.409
9120	0.275	0.742	0.405	0.415
9130	0.285	0.723	0.416	0.399
9140	0.282	0.735	0.412	0.398
eigenvalues:  tensor([48.0157, 45.8439])
hess item is 0.017133133485913277
9150	0.293	0.713	0.422	0.392
9160	0.309	0.671	0.438	0.380
9170	0.301	0.692	0.429	0.394
9180	0.284	0.722	0.415	0.401
9190	0.277	0.741	0.409	0.406
eigenvalues:  tensor([47.3003, 46.1194])
hess item is 0.0169935692101717
9200	0.278	0.746	0.411	0.404
9210	0.319	0.669	0.451	0.373
9220	0.307	0.682	0.440	0.379
9230	0.288	0.721	0.421	0.400
9240	0.276	0.744	0.410	0.403
eigenvalues:  tensor([46.5296, 44.4830])
hess item is 0.01687915250658989
9250	0.303	0.682	0.436	0.387
9260	0.299	0.706	0.434	0.380
9270	0.278	0.747	0.412	0.403
9280	0.297	0.706	0.430	0.384
9290	0.318	0.667	0.453	0.370
eigenvalues:  tensor([46.2111, 44.3837])
hess item is 0.01679212599992752
9300	0.286	0.715	0.421	0.394
9310	0.290	0.710	0.424	0.388
9320	0.271	0.757	0.407	0.407
9330	0.288	0.712	0.424	0.391
9340	0.299	0.693	0.433	0.383
eigenvalues:  tensor([43.4954, 42.8003])
hess item is 0.016684487462043762
9350	0.281	0.730	0.415	0.409
9360	0.281	0.738	0.416	0.390
9370	0.276	0.744	0.413	0.402
9380	0.270	0.752	0.408	0.415
9390	0.274	0.751	0.412	0.407
eigenvalues:  tensor([44.3063, 42.8057])
hess item is 0.016552425920963287
9400	0.277	0.742	0.416	0.398
9410	0.283	0.737	0.422	0.400
9420	0.277	0.746	0.416	0.400
9430	0.317	0.665	0.456	0.375
9440	0.284	0.717	0.423	0.393
eigenvalues:  tensor([43.6207, 42.3716])
hess item is 0.01639815792441368
9450	0.297	0.696	0.438	0.381
9460	0.288	0.716	0.429	0.390
9470	0.276	0.740	0.416	0.401
9480	0.269	0.754	0.411	0.409
9490	0.281	0.739	0.423	0.392
eigenvalues:  tensor([42.7726, 41.4136])
hess item is 0.0162626001983881
9500	0.275	0.751	0.417	0.399
9510	0.275	0.752	0.418	0.396
9520	0.281	0.731	0.423	0.392
9530	0.282	0.725	0.424	0.387
9540	0.290	0.720	0.434	0.392
eigenvalues:  tensor([42.1220, 41.4043])
hess item is 0.016100237146019936
9550	0.268	0.762	0.411	0.407
9560	0.293	0.720	0.439	0.385
9570	0.279	0.733	0.423	0.396
9580	0.271	0.756	0.417	0.400
9590	0.268	0.767	0.415	0.399
eigenvalues:  tensor([41.7750, 41.1227])
hess item is 0.015978848561644554
9600	0.296	0.716	0.441	0.372
9610	0.264	0.779	0.412	0.400
9620	0.275	0.745	0.422	0.399
9630	0.262	0.785	0.411	0.402
9640	0.284	0.714	0.432	0.390
eigenvalues:  tensor([41.7778, 41.4384])
hess item is 0.015818217769265175
9650	0.320	0.678	0.467	0.365
9660	0.266	0.761	0.415	0.403
9670	0.255	0.794	0.407	0.410
9680	0.271	0.751	0.422	0.398
9690	0.267	0.771	0.419	0.395
eigenvalues:  tensor([41.1932, 40.8713])
hess item is 0.015702323988080025
9700	0.264	0.772	0.414	0.402
9710	0.261	0.781	0.413	0.410
9720	0.290	0.725	0.441	0.384
9730	0.266	0.762	0.418	0.407
9740	0.293	0.706	0.446	0.377
eigenvalues:  tensor([41.2462, 40.8279])
hess item is 0.015569781884551048
9750	0.287	0.733	0.438	0.387
9760	0.273	0.742	0.427	0.394
9770	0.278	0.744	0.433	0.383
9780	0.256	0.786	0.412	0.410
9790	0.267	0.764	0.424	0.395
eigenvalues:  tensor([41.5057, 39.9822])
hess item is 0.015428237617015839
9800	0.259	0.786	0.415	0.404
9810	0.258	0.785	0.414	0.413
9820	0.260	0.789	0.417	0.404
9830	0.289	0.720	0.445	0.380
9840	0.271	0.761	0.428	0.392
eigenvalues:  tensor([41.4649, 40.3717])
hess item is 0.015310995280742645
9850	0.266	0.774	0.425	0.394
9860	0.253	0.797	0.413	0.409
9870	0.267	0.767	0.426	0.395
9880	0.265	0.778	0.426	0.392
9890	0.278	0.746	0.438	0.380
eigenvalues:  tensor([41.2827, 40.5948])
hess item is 0.015158466063439846
9900	0.263	0.780	0.424	0.396
9910	0.264	0.767	0.426	0.395
9920	0.275	0.753	0.438	0.396
9930	0.257	0.786	0.419	0.404
9940	0.260	0.786	0.424	0.398
eigenvalues:  tensor([41.3139, 40.1802])
hess item is 0.015038691461086273
9950	0.269	0.757	0.433	0.386
9960	0.252	0.797	0.417	0.404
9970	0.272	0.758	0.437	0.389
9980	0.255	0.792	0.422	0.401
9990	0.251	0.804	0.418	0.404
device: cuda:6
output directory: RESULTS/cifar10-10k/fc-tanh/seed_0/mse/ivon/lr_0.0005_h0_1.0_post_1_alpha_100.0_beta2_0.9995_beta_0.0_ess_10000000.0_ivon
Files already downloaded and verified
Files already downloaded and verified
optimizer is IVON
0	0.597	0.131	0.597	0.131
10	0.574	0.136	0.575	0.137
20	0.559	0.142	0.559	0.142
30	0.548	0.148	0.548	0.148
40	0.539	0.154	0.540	0.155
eigenvalues:  tensor([80.6475, 66.5500])
hess item is 0.9755924344062805
50	0.533	0.161	0.534	0.162
60	0.527	0.168	0.529	0.168
70	0.523	0.173	0.524	0.172
80	0.519	0.178	0.520	0.177
90	0.515	0.183	0.517	0.183
eigenvalues:  tensor([80.3135, 66.1663])
hess item is 0.9516372680664062
100	0.512	0.188	0.514	0.185
110	0.509	0.193	0.510	0.190
120	0.506	0.198	0.508	0.193
130	0.503	0.200	0.505	0.196
140	0.501	0.204	0.503	0.199
eigenvalues:  tensor([79.8736, 65.7210])
hess item is 0.9282498955726624
150	0.499	0.207	0.501	0.201
160	0.497	0.211	0.499	0.203
170	0.495	0.212	0.497	0.206
180	0.493	0.214	0.496	0.208
190	0.491	0.216	0.494	0.211
eigenvalues:  tensor([79.4600, 65.2939])
hess item is 0.9054204821586609
200	0.489	0.219	0.492	0.214
210	0.487	0.222	0.490	0.216
220	0.485	0.223	0.488	0.218
230	0.484	0.226	0.486	0.220
240	0.482	0.227	0.485	0.222
eigenvalues:  tensor([79.0880, 64.8849])
hess item is 0.8831717371940613
250	0.481	0.228	0.484	0.223
260	0.480	0.231	0.483	0.225
270	0.478	0.233	0.481	0.226
280	0.477	0.234	0.480	0.228
290	0.476	0.236	0.479	0.229
eigenvalues:  tensor([78.7518, 64.5007])
hess item is 0.8614671230316162
300	0.475	0.238	0.478	0.230
310	0.474	0.240	0.477	0.231
320	0.472	0.242	0.476	0.233
330	0.471	0.243	0.475	0.233
340	0.470	0.245	0.474	0.235
eigenvalues:  tensor([78.4230, 64.1383])
hess item is 0.8403052091598511
350	0.470	0.246	0.473	0.236
360	0.469	0.247	0.472	0.238
370	0.468	0.249	0.471	0.239
380	0.467	0.250	0.470	0.241
390	0.466	0.252	0.469	0.242
eigenvalues:  tensor([78.1233, 63.7887])
hess item is 0.8196476697921753
400	0.465	0.253	0.468	0.244
410	0.464	0.254	0.468	0.245
420	0.463	0.256	0.467	0.246
430	0.462	0.257	0.466	0.247
440	0.462	0.258	0.465	0.247
eigenvalues:  tensor([77.8187, 63.4439])
hess item is 0.7994916439056396
450	0.461	0.259	0.465	0.248
460	0.460	0.261	0.464	0.249
470	0.459	0.262	0.463	0.250
480	0.459	0.263	0.462	0.251
490	0.458	0.264	0.462	0.252
eigenvalues:  tensor([77.5245, 63.1225])
hess item is 0.7798544764518738
500	0.457	0.265	0.461	0.253
510	0.456	0.266	0.460	0.253
520	0.456	0.267	0.460	0.254
530	0.455	0.269	0.459	0.255
540	0.454	0.270	0.458	0.257
eigenvalues:  tensor([77.2401, 62.8107])
hess item is 0.7607207298278809
550	0.453	0.271	0.458	0.259
560	0.453	0.273	0.457	0.259
570	0.452	0.275	0.456	0.260
580	0.451	0.275	0.456	0.261
590	0.451	0.277	0.455	0.263
eigenvalues:  tensor([76.9606, 62.5077])
hess item is 0.742030680179596
600	0.449	0.279	0.454	0.265
610	0.448	0.281	0.452	0.265
620	0.447	0.283	0.452	0.266
630	0.446	0.284	0.451	0.266
640	0.446	0.285	0.451	0.266
eigenvalues:  tensor([76.6941, 62.2205])
hess item is 0.7237926125526428
650	0.445	0.287	0.450	0.267
660	0.445	0.288	0.449	0.268
670	0.444	0.288	0.449	0.269
680	0.443	0.289	0.448	0.270
690	0.443	0.290	0.448	0.271
eigenvalues:  tensor([76.4474, 61.9512])
hess item is 0.706017255783081
700	0.442	0.291	0.447	0.272
710	0.442	0.291	0.447	0.273
720	0.441	0.293	0.446	0.273
730	0.440	0.294	0.446	0.274
740	0.440	0.295	0.445	0.274
eigenvalues:  tensor([76.1889, 61.6802])
hess item is 0.6886772513389587
750	0.439	0.297	0.445	0.275
760	0.439	0.297	0.444	0.276
770	0.438	0.298	0.444	0.277
780	0.438	0.299	0.443	0.277
790	0.437	0.300	0.443	0.278
eigenvalues:  tensor([75.9377, 61.4497])
hess item is 0.6717347502708435
800	0.437	0.301	0.442	0.280
810	0.437	0.301	0.442	0.281
820	0.436	0.302	0.442	0.282
830	0.436	0.303	0.441	0.282
840	0.435	0.304	0.441	0.283
eigenvalues:  tensor([75.6958, 61.3096])
hess item is 0.6552205085754395
850	0.435	0.305	0.440	0.284
860	0.434	0.305	0.440	0.285
870	0.434	0.306	0.439	0.285
880	0.433	0.307	0.439	0.287
890	0.433	0.308	0.439	0.287
eigenvalues:  tensor([75.4654, 61.2124])
hess item is 0.6391116380691528
900	0.432	0.308	0.438	0.288
910	0.432	0.309	0.438	0.290
920	0.432	0.310	0.438	0.290
930	0.431	0.311	0.437	0.291
940	0.431	0.311	0.437	0.291
eigenvalues:  tensor([75.2403, 61.1175])
hess item is 0.6233998537063599
950	0.430	0.313	0.436	0.292
960	0.430	0.314	0.436	0.294
970	0.430	0.314	0.436	0.294
980	0.429	0.315	0.435	0.295
990	0.429	0.316	0.435	0.296
eigenvalues:  tensor([75.0410, 61.0355])
hess item is 0.6080750226974487
1000	0.428	0.317	0.435	0.296
1010	0.428	0.318	0.434	0.296
1020	0.428	0.319	0.434	0.296
1030	0.427	0.319	0.434	0.297
1040	0.427	0.320	0.433	0.298
eigenvalues:  tensor([74.8068, 60.9631])
hess item is 0.5931655168533325
1050	0.427	0.320	0.433	0.299
1060	0.426	0.321	0.433	0.299
1070	0.426	0.323	0.432	0.299
1080	0.425	0.323	0.432	0.300
1090	0.425	0.324	0.432	0.300
eigenvalues:  tensor([74.5995, 60.8901])
hess item is 0.5786112546920776
1100	0.425	0.325	0.431	0.301
1110	0.424	0.326	0.431	0.301
1120	0.424	0.326	0.431	0.301
1130	0.424	0.328	0.430	0.302
1140	0.423	0.329	0.430	0.302
eigenvalues:  tensor([74.3955, 60.8208])
hess item is 0.5644006133079529
1150	0.423	0.329	0.430	0.303
1160	0.423	0.330	0.430	0.303
1170	0.422	0.330	0.429	0.304
1180	0.422	0.331	0.429	0.305
1190	0.422	0.331	0.429	0.306
eigenvalues:  tensor([74.1936, 60.7574])
hess item is 0.5505421161651611
1200	0.421	0.332	0.428	0.306
1210	0.421	0.333	0.428	0.307
1220	0.421	0.333	0.428	0.308
1230	0.420	0.334	0.427	0.308
1240	0.420	0.335	0.427	0.308
eigenvalues:  tensor([74.0166, 60.6999])
hess item is 0.5370285511016846
1250	0.420	0.335	0.427	0.309
1260	0.419	0.336	0.427	0.309
1270	0.419	0.337	0.426	0.310
1280	0.419	0.337	0.426	0.310
1290	0.418	0.337	0.426	0.311
eigenvalues:  tensor([73.8017, 60.6459])
hess item is 0.5238350033760071
1300	0.418	0.338	0.426	0.311
1310	0.418	0.338	0.425	0.312
1320	0.418	0.339	0.425	0.312
1330	0.417	0.340	0.425	0.312
1340	0.417	0.340	0.425	0.313
eigenvalues:  tensor([73.6355, 60.5904])
hess item is 0.5109691023826599
1350	0.417	0.341	0.424	0.314
1360	0.416	0.341	0.424	0.313
1370	0.416	0.341	0.424	0.314
1380	0.416	0.342	0.424	0.314
1390	0.416	0.343	0.423	0.315
eigenvalues:  tensor([73.4599, 60.5472])
hess item is 0.49843692779541016
1400	0.415	0.343	0.423	0.315
1410	0.415	0.344	0.423	0.315
1420	0.415	0.344	0.423	0.315
1430	0.414	0.345	0.422	0.317
1440	0.414	0.345	0.422	0.317
eigenvalues:  tensor([73.2846, 60.5032])
hess item is 0.4862157106399536
1450	0.414	0.346	0.422	0.317
1460	0.414	0.347	0.422	0.318
1470	0.413	0.348	0.421	0.318
1480	0.413	0.349	0.421	0.319
1490	0.413	0.349	0.421	0.319
eigenvalues:  tensor([73.1253, 60.4594])
hess item is 0.47430285811424255
1500	0.413	0.350	0.421	0.320
1510	0.412	0.350	0.421	0.320
1520	0.412	0.351	0.420	0.320
1530	0.412	0.352	0.420	0.320
1540	0.411	0.353	0.420	0.321
eigenvalues:  tensor([72.9706, 60.4124])
hess item is 0.46266481280326843
1550	0.411	0.353	0.419	0.321
1560	0.411	0.354	0.419	0.322
1570	0.410	0.354	0.419	0.323
1580	0.410	0.356	0.419	0.324
1590	0.410	0.357	0.418	0.324
eigenvalues:  tensor([72.7817, 60.3664])
hess item is 0.4513140916824341
1600	0.409	0.356	0.418	0.325
1610	0.409	0.356	0.418	0.326
1620	0.408	0.357	0.417	0.328
1630	0.408	0.357	0.417	0.329
1640	0.408	0.358	0.417	0.329
eigenvalues:  tensor([72.6120, 60.2817])
hess item is 0.44023633003234863
1650	0.407	0.360	0.416	0.330
1660	0.407	0.361	0.416	0.330
1670	0.407	0.362	0.416	0.331
1680	0.406	0.363	0.415	0.331
1690	0.406	0.363	0.415	0.333
eigenvalues:  tensor([72.4104, 60.2227])
hess item is 0.4294400215148926
1700	0.406	0.364	0.415	0.333
1710	0.406	0.365	0.415	0.334
1720	0.405	0.365	0.415	0.335
1730	0.405	0.365	0.415	0.335
1740	0.405	0.366	0.414	0.336
eigenvalues:  tensor([72.2590, 60.1434])
hess item is 0.41891852021217346
1750	0.405	0.366	0.414	0.336
1760	0.405	0.367	0.414	0.336
1770	0.405	0.368	0.414	0.336
1780	0.404	0.368	0.414	0.337
1790	0.404	0.369	0.414	0.337
eigenvalues:  tensor([72.1024, 60.0498])
hess item is 0.4086533188819885
1800	0.404	0.369	0.414	0.338
1810	0.404	0.369	0.413	0.338
1820	0.404	0.370	0.413	0.339
1830	0.403	0.370	0.413	0.340
1840	0.403	0.370	0.413	0.340
eigenvalues:  tensor([71.9828, 59.9607])
hess item is 0.39864298701286316
1850	0.403	0.372	0.413	0.340
1860	0.403	0.372	0.413	0.342
1870	0.403	0.373	0.413	0.341
1880	0.403	0.374	0.413	0.342
1890	0.402	0.375	0.412	0.342
eigenvalues:  tensor([71.8146, 59.8850])
hess item is 0.3888716399669647
1900	0.402	0.375	0.412	0.343
1910	0.402	0.375	0.412	0.343
1920	0.402	0.375	0.412	0.344
1930	0.402	0.376	0.412	0.344
1940	0.402	0.377	0.412	0.344
eigenvalues:  tensor([71.7016, 59.7986])
hess item is 0.3793489634990692
1950	0.402	0.377	0.412	0.345
1960	0.401	0.378	0.412	0.345
1970	0.401	0.378	0.411	0.346
1980	0.401	0.379	0.411	0.346
1990	0.401	0.380	0.411	0.347
eigenvalues:  tensor([71.5688, 59.7204])
hess item is 0.3700617849826813
2000	0.401	0.380	0.411	0.346
2010	0.401	0.381	0.411	0.347
2020	0.400	0.381	0.411	0.346
2030	0.400	0.381	0.411	0.346
2040	0.400	0.382	0.411	0.346
eigenvalues:  tensor([71.4300, 59.6290])
hess item is 0.3610050678253174
2050	0.400	0.382	0.411	0.347
2060	0.400	0.383	0.411	0.347
2070	0.400	0.383	0.410	0.349
2080	0.400	0.384	0.410	0.349
2090	0.399	0.384	0.410	0.350
eigenvalues:  tensor([71.3257, 59.5574])
hess item is 0.3521644175052643
2100	0.399	0.384	0.410	0.350
2110	0.399	0.384	0.410	0.350
2120	0.399	0.384	0.410	0.349
2130	0.399	0.385	0.410	0.350
2140	0.399	0.385	0.410	0.350
eigenvalues:  tensor([71.1979, 59.4792])
hess item is 0.34354162216186523
2150	0.399	0.387	0.410	0.351
2160	0.398	0.386	0.410	0.351
2170	0.398	0.387	0.409	0.350
2180	0.398	0.388	0.409	0.351
2190	0.398	0.387	0.409	0.352
eigenvalues:  tensor([71.0400, 59.4163])
hess item is 0.33513331413269043
2200	0.398	0.388	0.409	0.352
2210	0.398	0.389	0.409	0.352
2220	0.398	0.389	0.409	0.352
2230	0.398	0.389	0.409	0.353
2240	0.397	0.390	0.409	0.354
eigenvalues:  tensor([70.9719, 59.3377])
hess item is 0.3269300162792206
2250	0.397	0.391	0.409	0.353
2260	0.397	0.392	0.409	0.354
2270	0.397	0.392	0.409	0.354
2280	0.397	0.393	0.408	0.353
2290	0.397	0.394	0.408	0.354
eigenvalues:  tensor([70.8408, 59.2703])
hess item is 0.31892889738082886
2300	0.397	0.394	0.408	0.355
2310	0.396	0.394	0.408	0.355
2320	0.396	0.395	0.408	0.355
2330	0.396	0.395	0.408	0.355
2340	0.396	0.396	0.408	0.355
eigenvalues:  tensor([70.7424, 59.1990])
hess item is 0.31112954020500183
2350	0.396	0.396	0.408	0.355
2360	0.396	0.396	0.408	0.356
2370	0.396	0.396	0.408	0.356
2380	0.396	0.397	0.408	0.356
2390	0.395	0.397	0.408	0.356
eigenvalues:  tensor([70.6294, 59.1351])
hess item is 0.30352216958999634
2400	0.395	0.398	0.407	0.356
2410	0.395	0.398	0.407	0.356
2420	0.395	0.398	0.407	0.357
2430	0.395	0.398	0.407	0.357
2440	0.395	0.399	0.407	0.357
eigenvalues:  tensor([70.5621, 59.0684])
hess item is 0.29610323905944824
2450	0.395	0.399	0.407	0.357
2460	0.395	0.399	0.407	0.358
2470	0.394	0.399	0.407	0.358
2480	0.394	0.400	0.407	0.358
2490	0.394	0.400	0.407	0.359
eigenvalues:  tensor([70.4129, 58.9964])
hess item is 0.2888692021369934
2500	0.394	0.401	0.407	0.359
2510	0.394	0.401	0.407	0.358
2520	0.394	0.401	0.407	0.359
2530	0.394	0.402	0.406	0.360
2540	0.394	0.402	0.406	0.359
eigenvalues:  tensor([70.3094, 58.9442])
hess item is 0.2818101942539215
2550	0.393	0.402	0.406	0.359
2560	0.393	0.403	0.406	0.361
2570	0.393	0.403	0.406	0.360
2580	0.393	0.403	0.406	0.360
2590	0.393	0.403	0.406	0.361
eigenvalues:  tensor([70.2278, 58.8877])
hess item is 0.2749292850494385
2600	0.393	0.402	0.406	0.360
2610	0.393	0.403	0.406	0.360
2620	0.393	0.404	0.406	0.361
2630	0.392	0.405	0.406	0.361
2640	0.392	0.405	0.406	0.360
eigenvalues:  tensor([70.1415, 58.8449])
hess item is 0.2682153880596161
2650	0.392	0.405	0.406	0.361
2660	0.392	0.406	0.406	0.361
2670	0.392	0.406	0.405	0.361
2680	0.392	0.406	0.405	0.362
2690	0.392	0.406	0.405	0.361
eigenvalues:  tensor([70.0451, 58.7856])
hess item is 0.26166683435440063
2700	0.392	0.406	0.405	0.362
2710	0.391	0.408	0.405	0.361
2720	0.391	0.407	0.405	0.361
2730	0.391	0.408	0.405	0.362
2740	0.391	0.408	0.405	0.362
eigenvalues:  tensor([69.9820, 58.7281])
hess item is 0.2552800476551056
2750	0.391	0.409	0.405	0.362
2760	0.391	0.409	0.405	0.362
2770	0.391	0.409	0.405	0.363
2780	0.391	0.410	0.405	0.362
2790	0.391	0.410	0.405	0.363
eigenvalues:  tensor([69.8682, 58.6648])
hess item is 0.24905353784561157
2800	0.390	0.411	0.405	0.363
2810	0.390	0.411	0.405	0.363
2820	0.390	0.412	0.404	0.364
2830	0.390	0.412	0.404	0.363
2840	0.390	0.412	0.404	0.364
eigenvalues:  tensor([69.7855, 58.6198])
hess item is 0.24297569692134857
2850	0.390	0.412	0.404	0.363
2860	0.390	0.413	0.404	0.363
2870	0.390	0.413	0.404	0.363
2880	0.389	0.414	0.404	0.363
2890	0.389	0.414	0.404	0.363
eigenvalues:  tensor([69.6836, 58.5990])
hess item is 0.23705095052719116
2900	0.389	0.415	0.404	0.364
2910	0.389	0.415	0.404	0.364
2920	0.389	0.415	0.404	0.364
2930	0.389	0.415	0.404	0.364
2940	0.389	0.417	0.404	0.364
eigenvalues:  tensor([69.6087, 58.5370])
hess item is 0.2312718778848648
2950	0.389	0.417	0.404	0.365
2960	0.389	0.418	0.404	0.366
2970	0.388	0.417	0.404	0.364
2980	0.388	0.417	0.404	0.366
2990	0.388	0.419	0.403	0.365
eigenvalues:  tensor([69.5352, 58.5047])
hess item is 0.22563514113426208
3000	0.388	0.420	0.403	0.366
3010	0.388	0.420	0.403	0.366
3020	0.388	0.421	0.403	0.367
3030	0.388	0.422	0.403	0.367
3040	0.388	0.421	0.403	0.368
eigenvalues:  tensor([69.4991, 58.4812])
hess item is 0.22013859450817108
3050	0.388	0.423	0.403	0.368
3060	0.387	0.424	0.403	0.367
3070	0.387	0.423	0.403	0.368
3080	0.387	0.423	0.403	0.368
3090	0.387	0.424	0.403	0.368
eigenvalues:  tensor([69.3633, 58.4316])
hess item is 0.21477900445461273
3100	0.387	0.425	0.403	0.368
3110	0.387	0.424	0.403	0.368
3120	0.387	0.425	0.403	0.368
3130	0.387	0.426	0.403	0.369
3140	0.387	0.426	0.403	0.369
eigenvalues:  tensor([69.2776, 58.3827])
hess item is 0.20954935252666473
3150	0.386	0.427	0.402	0.369
3160	0.386	0.426	0.402	0.369
3170	0.386	0.427	0.402	0.370
3180	0.386	0.427	0.402	0.370
3190	0.386	0.428	0.402	0.370
eigenvalues:  tensor([69.2126, 58.3661])
hess item is 0.20444905757904053
3200	0.386	0.429	0.402	0.370
3210	0.386	0.430	0.402	0.371
3220	0.386	0.430	0.402	0.370
3230	0.385	0.429	0.402	0.371
3240	0.385	0.430	0.402	0.370
eigenvalues:  tensor([69.1426, 58.3399])
hess item is 0.1994750052690506
3250	0.385	0.430	0.402	0.371
3260	0.385	0.430	0.402	0.370
3270	0.385	0.430	0.402	0.371
3280	0.385	0.432	0.402	0.370
3290	0.385	0.431	0.402	0.370
eigenvalues:  tensor([69.0706, 58.3053])
hess item is 0.1946277767419815
3300	0.385	0.431	0.402	0.371
3310	0.385	0.432	0.402	0.371
3320	0.384	0.433	0.402	0.371
3330	0.384	0.432	0.401	0.371
3340	0.384	0.432	0.401	0.373
eigenvalues:  tensor([69.0044, 58.2784])
hess item is 0.18989641964435577
3350	0.384	0.433	0.401	0.372
3360	0.384	0.434	0.401	0.373
3370	0.384	0.434	0.401	0.372
3380	0.384	0.434	0.401	0.373
3390	0.384	0.435	0.401	0.372
eigenvalues:  tensor([68.9256, 58.2519])
hess item is 0.1852826029062271
3400	0.384	0.434	0.401	0.373
3410	0.383	0.435	0.401	0.372
3420	0.383	0.435	0.401	0.373
3430	0.383	0.434	0.401	0.373
3440	0.383	0.436	0.401	0.374
eigenvalues:  tensor([68.8278, 58.2106])
hess item is 0.18078139424324036
3450	0.383	0.436	0.401	0.374
3460	0.383	0.436	0.401	0.374
3470	0.383	0.437	0.401	0.374
3480	0.383	0.437	0.401	0.374
3490	0.383	0.438	0.401	0.374
eigenvalues:  tensor([68.7568, 58.1902])
hess item is 0.17639225721359253
3500	0.382	0.439	0.401	0.373
3510	0.382	0.438	0.400	0.374
3520	0.382	0.438	0.400	0.375
3530	0.382	0.439	0.400	0.374
3540	0.382	0.439	0.400	0.374
eigenvalues:  tensor([68.7005, 58.1678])
hess item is 0.17211294174194336
3550	0.382	0.441	0.400	0.375
3560	0.382	0.440	0.400	0.375
3570	0.382	0.441	0.400	0.375
3580	0.382	0.441	0.400	0.376
3590	0.381	0.441	0.400	0.375
eigenvalues:  tensor([68.6456, 58.1518])
hess item is 0.1679389774799347
3600	0.381	0.442	0.400	0.375
3610	0.381	0.441	0.400	0.376
3620	0.381	0.442	0.400	0.376
3630	0.381	0.443	0.400	0.375
3640	0.381	0.443	0.400	0.375
eigenvalues:  tensor([68.5265, 58.1534])
hess item is 0.16386927664279938
3650	0.381	0.443	0.400	0.376
3660	0.381	0.444	0.400	0.377
3670	0.381	0.444	0.400	0.377
3680	0.380	0.444	0.400	0.376
3690	0.380	0.444	0.400	0.377
eigenvalues:  tensor([68.4399, 58.1380])
hess item is 0.15990018844604492
3700	0.380	0.445	0.400	0.376
3710	0.380	0.446	0.400	0.377
3720	0.380	0.446	0.399	0.377
3730	0.380	0.447	0.399	0.377
3740	0.380	0.447	0.399	0.377
eigenvalues:  tensor([68.3914, 58.1324])
hess item is 0.15602721273899078
3750	0.380	0.447	0.399	0.377
3760	0.380	0.447	0.399	0.378
3770	0.379	0.447	0.399	0.378
3780	0.379	0.447	0.399	0.378
3790	0.379	0.448	0.399	0.379
eigenvalues:  tensor([68.3239, 58.1083])
hess item is 0.15224990248680115
3800	0.379	0.449	0.399	0.378
3810	0.379	0.447	0.399	0.380
3820	0.379	0.449	0.399	0.380
3830	0.379	0.450	0.399	0.380
3840	0.379	0.449	0.399	0.380
eigenvalues:  tensor([68.2797, 58.1021])
hess item is 0.14856812357902527
3850	0.379	0.450	0.399	0.380
3860	0.378	0.452	0.399	0.379
3870	0.378	0.451	0.399	0.380
3880	0.378	0.451	0.399	0.381
3890	0.378	0.452	0.399	0.382
eigenvalues:  tensor([68.1869, 58.1094])
hess item is 0.1449764370918274
3900	0.378	0.452	0.399	0.382
3910	0.378	0.453	0.399	0.382
3920	0.378	0.453	0.399	0.382
3930	0.378	0.452	0.398	0.381
3940	0.378	0.455	0.398	0.380
eigenvalues:  tensor([68.1166, 58.0898])
hess item is 0.14147062599658966
3950	0.377	0.452	0.398	0.383
3960	0.377	0.455	0.398	0.384
3970	0.377	0.456	0.398	0.382
3980	0.377	0.455	0.398	0.383
3990	0.377	0.454	0.398	0.382
eigenvalues:  tensor([68.0350, 58.1089])
hess item is 0.13805454969406128
4000	0.377	0.455	0.398	0.383
4010	0.377	0.457	0.398	0.383
4020	0.377	0.458	0.398	0.384
4030	0.377	0.459	0.398	0.383
4040	0.376	0.458	0.398	0.384
eigenvalues:  tensor([67.9699, 58.0759])
hess item is 0.13472408056259155
4050	0.376	0.458	0.398	0.384
4060	0.376	0.460	0.398	0.383
4070	0.376	0.459	0.398	0.384
4080	0.376	0.460	0.398	0.384
4090	0.376	0.459	0.398	0.385
eigenvalues:  tensor([67.9175, 58.0778])
hess item is 0.13147322833538055
4100	0.376	0.459	0.398	0.385
4110	0.376	0.460	0.398	0.385
4120	0.376	0.461	0.398	0.384
4130	0.375	0.461	0.398	0.383
4140	0.375	0.463	0.398	0.384
eigenvalues:  tensor([67.8547, 58.0808])
hess item is 0.128302663564682
4150	0.375	0.462	0.398	0.384
4160	0.375	0.462	0.397	0.384
4170	0.375	0.463	0.397	0.386
4180	0.375	0.463	0.397	0.385
4190	0.375	0.463	0.397	0.386
eigenvalues:  tensor([67.8186, 58.1005])
hess item is 0.1252109408378601
4200	0.375	0.464	0.397	0.385
4210	0.374	0.465	0.397	0.386
4220	0.374	0.465	0.397	0.385
4230	0.374	0.464	0.397	0.385
4240	0.374	0.466	0.397	0.387
eigenvalues:  tensor([67.6939, 58.0938])
hess item is 0.1221969723701477
4250	0.374	0.466	0.397	0.386
4260	0.374	0.467	0.397	0.387
4270	0.374	0.466	0.397	0.386
4280	0.374	0.468	0.397	0.386
4290	0.374	0.468	0.397	0.386
eigenvalues:  tensor([67.6821, 58.1364])
hess item is 0.1192571371793747
4300	0.373	0.468	0.397	0.387
4310	0.373	0.468	0.397	0.388
4320	0.373	0.470	0.397	0.388
4330	0.373	0.470	0.397	0.387
4340	0.373	0.470	0.397	0.388
eigenvalues:  tensor([67.6535, 58.1326])
hess item is 0.11639177054166794
4350	0.373	0.470	0.397	0.387
4360	0.373	0.469	0.397	0.387
4370	0.373	0.471	0.397	0.388
4380	0.372	0.471	0.397	0.388
4390	0.372	0.472	0.397	0.387
eigenvalues:  tensor([67.6335, 58.1406])
hess item is 0.11359166353940964
4400	0.372	0.472	0.396	0.388
4410	0.372	0.472	0.396	0.389
4420	0.372	0.471	0.396	0.389
4430	0.372	0.472	0.396	0.389
4440	0.372	0.473	0.396	0.388
eigenvalues:  tensor([67.5769, 58.1320])
hess item is 0.11086617410182953
4450	0.372	0.474	0.396	0.391
4460	0.372	0.471	0.396	0.389
4470	0.371	0.474	0.396	0.388
4480	0.371	0.474	0.396	0.389
4490	0.371	0.475	0.396	0.390
eigenvalues:  tensor([67.4874, 58.1799])
hess item is 0.10820699483156204
4500	0.371	0.476	0.396	0.389
4510	0.371	0.475	0.396	0.389
4520	0.371	0.477	0.396	0.390
4530	0.371	0.475	0.396	0.390
4540	0.371	0.474	0.396	0.390
eigenvalues:  tensor([67.4439, 58.2212])
hess item is 0.10561315715312958
4550	0.370	0.476	0.396	0.389
4560	0.370	0.477	0.396	0.389
4570	0.370	0.477	0.396	0.392
4580	0.370	0.478	0.396	0.389
4590	0.370	0.477	0.396	0.391
eigenvalues:  tensor([67.4328, 58.2080])
hess item is 0.10308191180229187
4600	0.370	0.477	0.396	0.390
4610	0.370	0.479	0.396	0.392
4620	0.370	0.479	0.396	0.393
4630	0.370	0.478	0.396	0.390
4640	0.369	0.479	0.396	0.391
eigenvalues:  tensor([67.4789, 58.2846])
hess item is 0.10061419010162354
4650	0.369	0.477	0.396	0.391
4660	0.369	0.480	0.395	0.392
4670	0.369	0.480	0.395	0.392
4680	0.369	0.481	0.395	0.391
4690	0.369	0.480	0.395	0.392
eigenvalues:  tensor([67.4875, 58.2912])
hess item is 0.09820766746997833
4700	0.369	0.480	0.395	0.391
4710	0.369	0.482	0.395	0.393
4720	0.368	0.482	0.395	0.393
4730	0.368	0.482	0.395	0.393
4740	0.368	0.483	0.395	0.393
eigenvalues:  tensor([67.4820, 58.2897])
hess item is 0.09585973620414734
4750	0.368	0.484	0.395	0.394
4760	0.368	0.484	0.395	0.394
4770	0.368	0.484	0.395	0.393
4780	0.368	0.484	0.395	0.394
4790	0.368	0.483	0.395	0.395
eigenvalues:  tensor([67.5308, 58.3831])
hess item is 0.09357180446386337
4800	0.367	0.485	0.395	0.393
4810	0.367	0.486	0.395	0.394
4820	0.367	0.486	0.395	0.395
4830	0.367	0.486	0.395	0.395
4840	0.367	0.487	0.395	0.393
eigenvalues:  tensor([67.5021, 58.3886])
hess item is 0.09134092181921005
4850	0.367	0.486	0.395	0.397
4860	0.367	0.486	0.395	0.397
4870	0.367	0.486	0.395	0.395
4880	0.366	0.488	0.395	0.396
4890	0.366	0.487	0.395	0.395
eigenvalues:  tensor([67.5900, 58.4583])
hess item is 0.0891638919711113
4900	0.366	0.489	0.395	0.395
4910	0.366	0.487	0.395	0.395
4920	0.366	0.489	0.395	0.396
4930	0.366	0.489	0.395	0.395
4940	0.366	0.489	0.395	0.396
eigenvalues:  tensor([67.5278, 58.4829])
hess item is 0.08703994005918503
4950	0.366	0.490	0.394	0.395
4960	0.365	0.491	0.394	0.396
4970	0.365	0.492	0.394	0.395
4980	0.365	0.491	0.394	0.396
4990	0.365	0.490	0.394	0.396
eigenvalues:  tensor([67.5397, 58.5452])
hess item is 0.08497164398431778
5000	0.365	0.490	0.394	0.396
5010	0.365	0.492	0.394	0.398
5020	0.365	0.493	0.394	0.397
5030	0.364	0.494	0.394	0.398
5040	0.364	0.493	0.394	0.398
eigenvalues:  tensor([67.6358, 58.6178])
hess item is 0.08295256644487381
5050	0.364	0.494	0.394	0.398
5060	0.364	0.495	0.394	0.398
5070	0.364	0.495	0.394	0.398
5080	0.364	0.494	0.394	0.398
5090	0.364	0.496	0.394	0.396
eigenvalues:  tensor([67.6347, 58.6021])
hess item is 0.08098829537630081
5100	0.364	0.497	0.394	0.398
5110	0.363	0.496	0.394	0.399
5120	0.363	0.496	0.394	0.398
5130	0.363	0.498	0.394	0.399
5140	0.363	0.499	0.394	0.398
eigenvalues:  tensor([67.6960, 58.7294])
hess item is 0.0790671557188034
5150	0.363	0.499	0.394	0.398
5160	0.363	0.498	0.394	0.400
5170	0.363	0.500	0.394	0.399
5180	0.363	0.500	0.394	0.399
5190	0.362	0.501	0.394	0.400
eigenvalues:  tensor([67.8613, 58.7891])
hess item is 0.0771946832537651
5200	0.362	0.500	0.394	0.402
5210	0.362	0.501	0.394	0.401
5220	0.362	0.502	0.394	0.401
5230	0.362	0.504	0.394	0.400
5240	0.362	0.503	0.393	0.400
eigenvalues:  tensor([67.8298, 58.8528])
hess item is 0.07537015527486801
5250	0.362	0.504	0.393	0.400
5260	0.361	0.504	0.393	0.400
5270	0.361	0.507	0.393	0.399
5280	0.361	0.506	0.393	0.400
5290	0.361	0.505	0.393	0.401
eigenvalues:  tensor([68.0029, 58.9091])
hess item is 0.07359251379966736
5300	0.361	0.506	0.393	0.401
5310	0.361	0.508	0.393	0.400
5320	0.361	0.506	0.393	0.401
5330	0.360	0.508	0.393	0.402
5340	0.360	0.506	0.393	0.400
eigenvalues:  tensor([68.1590, 59.0128])
hess item is 0.0718560591340065
5350	0.360	0.507	0.393	0.402
5360	0.360	0.508	0.393	0.401
5370	0.360	0.510	0.393	0.402
5380	0.360	0.509	0.393	0.402
5390	0.360	0.509	0.393	0.401
eigenvalues:  tensor([68.1579, 59.0665])
hess item is 0.0701652318239212
5400	0.359	0.509	0.393	0.402
5410	0.359	0.512	0.393	0.402
5420	0.359	0.509	0.393	0.402
5430	0.359	0.512	0.393	0.403
5440	0.359	0.511	0.393	0.402
eigenvalues:  tensor([68.1606, 59.1498])
hess item is 0.06851635128259659
5450	0.359	0.513	0.393	0.403
5460	0.359	0.515	0.393	0.403
5470	0.358	0.514	0.393	0.402
5480	0.358	0.513	0.393	0.403
5490	0.358	0.515	0.393	0.404
eigenvalues:  tensor([68.4112, 59.2427])
hess item is 0.06690709292888641
5500	0.358	0.515	0.393	0.404
5510	0.358	0.515	0.393	0.402
5520	0.358	0.515	0.393	0.402
5530	0.358	0.520	0.393	0.404
5540	0.357	0.518	0.393	0.404
eigenvalues:  tensor([68.4632, 59.3478])
hess item is 0.0653371810913086
5550	0.357	0.516	0.393	0.404
5560	0.357	0.520	0.393	0.403
5570	0.357	0.519	0.393	0.403
5580	0.357	0.521	0.393	0.404
5590	0.357	0.519	0.393	0.404
eigenvalues:  tensor([68.5887, 59.4487])
hess item is 0.06380652636289597
5600	0.357	0.521	0.392	0.404
5610	0.356	0.520	0.392	0.403
5620	0.356	0.521	0.392	0.404
5630	0.356	0.522	0.392	0.404
5640	0.356	0.523	0.392	0.406
eigenvalues:  tensor([68.6987, 59.5415])
hess item is 0.0623178668320179
5650	0.356	0.523	0.392	0.405
5660	0.356	0.524	0.392	0.404
5670	0.356	0.525	0.392	0.406
5680	0.355	0.523	0.392	0.405
5690	0.355	0.528	0.392	0.406
eigenvalues:  tensor([68.9255, 59.6097])
hess item is 0.06086641550064087
5700	0.355	0.527	0.392	0.406
5710	0.355	0.523	0.392	0.405
5720	0.355	0.525	0.392	0.404
5730	0.355	0.529	0.392	0.407
5740	0.354	0.525	0.392	0.403
eigenvalues:  tensor([69.0627, 59.7554])
hess item is 0.05944826826453209
5750	0.354	0.528	0.392	0.408
5760	0.354	0.526	0.392	0.404
5770	0.354	0.527	0.392	0.406
5780	0.354	0.528	0.392	0.406
5790	0.354	0.531	0.392	0.406
eigenvalues:  tensor([69.3052, 59.9052])
hess item is 0.05806600674986839
5800	0.353	0.531	0.392	0.407
5810	0.353	0.532	0.392	0.407
5820	0.353	0.532	0.392	0.407
5830	0.353	0.531	0.392	0.408
5840	0.353	0.532	0.392	0.407
eigenvalues:  tensor([69.4543, 60.0396])
hess item is 0.056717921048402786
5850	0.353	0.533	0.392	0.408
5860	0.353	0.532	0.392	0.407
5870	0.352	0.536	0.392	0.407
5880	0.352	0.534	0.392	0.408
5890	0.352	0.533	0.392	0.407
eigenvalues:  tensor([69.6936, 60.1549])
hess item is 0.055403079837560654
5900	0.352	0.537	0.392	0.409
5910	0.352	0.534	0.392	0.408
5920	0.352	0.537	0.392	0.410
5930	0.351	0.537	0.392	0.407
5940	0.351	0.537	0.392	0.408
eigenvalues:  tensor([69.8115, 60.2889])
hess item is 0.05412239208817482
5950	0.351	0.538	0.391	0.408
5960	0.351	0.539	0.391	0.410
5970	0.351	0.538	0.392	0.408
5980	0.351	0.542	0.392	0.406
5990	0.350	0.538	0.391	0.408
eigenvalues:  tensor([70.2470, 60.4899])
hess item is 0.052874259650707245
6000	0.351	0.539	0.392	0.408
6010	0.350	0.540	0.392	0.409
6020	0.350	0.539	0.392	0.407
6030	0.350	0.541	0.392	0.407
6040	0.350	0.544	0.392	0.410
eigenvalues:  tensor([70.3023, 60.5924])
hess item is 0.05165836960077286
6050	0.349	0.541	0.391	0.408
6060	0.349	0.541	0.391	0.406
6070	0.349	0.546	0.391	0.409
6080	0.349	0.542	0.391	0.409
6090	0.349	0.544	0.391	0.409
eigenvalues:  tensor([70.4028, 60.7124])
hess item is 0.05047230422496796
6100	0.349	0.543	0.391	0.408
6110	0.348	0.545	0.391	0.406
6120	0.348	0.546	0.391	0.408
6130	0.348	0.548	0.391	0.410
6140	0.348	0.544	0.391	0.407
eigenvalues:  tensor([70.6696, 60.8981])
hess item is 0.0493120513856411
6150	0.348	0.546	0.391	0.408
6160	0.348	0.548	0.391	0.410
6170	0.347	0.548	0.391	0.409
6180	0.347	0.548	0.391	0.410
6190	0.347	0.546	0.391	0.410
eigenvalues:  tensor([70.9081, 61.0504])
hess item is 0.04818644002079964
6200	0.347	0.551	0.391	0.410
6210	0.347	0.550	0.391	0.410
6220	0.347	0.551	0.391	0.411
6230	0.346	0.549	0.391	0.410
6240	0.346	0.549	0.391	0.411
eigenvalues:  tensor([71.1900, 61.2253])
hess item is 0.047088623046875
6250	0.346	0.554	0.391	0.410
6260	0.346	0.554	0.391	0.410
6270	0.346	0.553	0.391	0.411
6280	0.345	0.557	0.391	0.411
6290	0.345	0.553	0.391	0.411
eigenvalues:  tensor([71.3576, 61.4355])
hess item is 0.04601764678955078
6300	0.345	0.555	0.391	0.413
6310	0.345	0.552	0.391	0.410
6320	0.345	0.555	0.391	0.412
6330	0.345	0.557	0.391	0.411
6340	0.344	0.556	0.391	0.410
eigenvalues:  tensor([71.5806, 61.5375])
hess item is 0.04497392103075981
6350	0.344	0.555	0.391	0.410
6360	0.344	0.557	0.391	0.409
6370	0.344	0.557	0.391	0.410
6380	0.344	0.555	0.391	0.408
6390	0.343	0.560	0.391	0.413
eigenvalues:  tensor([71.8716, 61.7788])
hess item is 0.04395762085914612
6400	0.343	0.559	0.391	0.411
6410	0.343	0.560	0.391	0.409
6420	0.343	0.561	0.391	0.411
6430	0.343	0.560	0.391	0.411
6440	0.343	0.562	0.391	0.412
eigenvalues:  tensor([71.8751, 61.9851])
hess item is 0.04296911135315895
6450	0.342	0.557	0.391	0.409
6460	0.342	0.562	0.391	0.412
6470	0.342	0.562	0.391	0.409
6480	0.342	0.564	0.391	0.411
6490	0.342	0.563	0.391	0.412
eigenvalues:  tensor([72.3800, 62.0668])
hess item is 0.04200553521513939
6500	0.341	0.565	0.391	0.412
6510	0.341	0.569	0.391	0.415
6520	0.341	0.566	0.391	0.410
6530	0.341	0.568	0.391	0.414
6540	0.340	0.567	0.391	0.414
eigenvalues:  tensor([72.7274, 62.3900])
hess item is 0.041066281497478485
6550	0.340	0.572	0.391	0.413
6560	0.340	0.571	0.391	0.411
6570	0.340	0.568	0.391	0.411
6580	0.340	0.570	0.391	0.410
6590	0.340	0.569	0.391	0.413
eigenvalues:  tensor([72.7922, 62.5503])
hess item is 0.04014987871050835
6600	0.340	0.567	0.391	0.411
6610	0.339	0.572	0.391	0.411
6620	0.339	0.570	0.391	0.411
6630	0.339	0.572	0.391	0.414
6640	0.339	0.572	0.391	0.413
eigenvalues:  tensor([73.5006, 62.8893])
hess item is 0.03926015645265579
6650	0.338	0.573	0.391	0.412
6660	0.338	0.572	0.391	0.413
6670	0.338	0.576	0.391	0.413
6680	0.338	0.575	0.391	0.412
6690	0.337	0.576	0.391	0.411
eigenvalues:  tensor([73.8032, 63.3683])
hess item is 0.038390226662158966
6700	0.338	0.575	0.391	0.408
6710	0.337	0.582	0.391	0.416
6720	0.338	0.576	0.391	0.411
6730	0.336	0.576	0.390	0.412
6740	0.337	0.577	0.391	0.412
eigenvalues:  tensor([74.0266, 63.5121])
hess item is 0.03754478320479393
6750	0.336	0.579	0.391	0.410
6760	0.336	0.579	0.391	0.411
6770	0.336	0.584	0.391	0.414
6780	0.335	0.581	0.391	0.415
6790	0.335	0.584	0.391	0.413
eigenvalues:  tensor([74.5221, 63.8094])
hess item is 0.03671756386756897
6800	0.335	0.584	0.391	0.411
6810	0.335	0.583	0.390	0.415
6820	0.335	0.583	0.391	0.413
6830	0.335	0.584	0.391	0.413
6840	0.334	0.586	0.390	0.414
eigenvalues:  tensor([74.4166, 63.9008])
hess item is 0.03591661900281906
6850	0.334	0.585	0.391	0.413
6860	0.334	0.585	0.391	0.413
6870	0.333	0.587	0.390	0.414
6880	0.333	0.587	0.391	0.413
6890	0.333	0.588	0.390	0.413
eigenvalues:  tensor([75.0442, 64.3865])
hess item is 0.03513011708855629
6900	0.333	0.588	0.391	0.413
6910	0.333	0.590	0.391	0.414
6920	0.333	0.590	0.391	0.415
6930	0.332	0.587	0.391	0.414
6940	0.332	0.592	0.391	0.414
eigenvalues:  tensor([75.5780, 64.5816])
hess item is 0.03436918929219246
6950	0.332	0.592	0.391	0.413
6960	0.332	0.595	0.391	0.412
6970	0.332	0.589	0.391	0.413
6980	0.331	0.596	0.391	0.415
6990	0.331	0.594	0.391	0.415
eigenvalues:  tensor([75.7977, 64.6872])
hess item is 0.033627819269895554
7000	0.330	0.597	0.390	0.415
7010	0.331	0.589	0.391	0.408
7020	0.330	0.597	0.391	0.413
7030	0.330	0.594	0.391	0.410
7040	0.330	0.598	0.391	0.412
eigenvalues:  tensor([76.3178, 64.9805])
hess item is 0.0329071581363678
7050	0.330	0.594	0.391	0.414
7060	0.329	0.601	0.391	0.414
7070	0.329	0.602	0.391	0.414
7080	0.329	0.598	0.391	0.410
7090	0.328	0.601	0.391	0.414
eigenvalues:  tensor([76.4211, 65.3598])
hess item is 0.032201122492551804
7100	0.328	0.604	0.391	0.412
7110	0.328	0.602	0.391	0.412
7120	0.328	0.603	0.391	0.413
7130	0.328	0.607	0.391	0.415
7140	0.327	0.606	0.391	0.414
eigenvalues:  tensor([76.5834, 65.7073])
hess item is 0.031511738896369934
7150	0.327	0.603	0.391	0.413
7160	0.327	0.603	0.391	0.414
7170	0.327	0.607	0.391	0.412
7180	0.326	0.611	0.391	0.413
7190	0.326	0.608	0.391	0.416
eigenvalues:  tensor([77.2937, 66.1417])
hess item is 0.03084309957921505
7200	0.326	0.607	0.391	0.412
7210	0.326	0.613	0.391	0.415
7220	0.326	0.607	0.391	0.413
7230	0.325	0.609	0.391	0.412
7240	0.325	0.611	0.391	0.414
eigenvalues:  tensor([77.3251, 66.2204])
hess item is 0.030197376385331154
7250	0.325	0.611	0.391	0.413
7260	0.325	0.611	0.392	0.411
7270	0.324	0.618	0.391	0.414
7280	0.324	0.615	0.391	0.413
7290	0.324	0.614	0.391	0.416
eigenvalues:  tensor([77.9030, 66.7217])
hess item is 0.029562005773186684
7300	0.323	0.617	0.391	0.417
7310	0.324	0.613	0.392	0.413
7320	0.323	0.619	0.392	0.413
7330	0.323	0.623	0.391	0.414
7340	0.323	0.617	0.391	0.414
eigenvalues:  tensor([78.0550, 66.9232])
hess item is 0.028946932405233383
7350	0.322	0.622	0.391	0.414
7360	0.322	0.623	0.391	0.415
7370	0.321	0.618	0.391	0.416
7380	0.322	0.625	0.392	0.413
7390	0.322	0.619	0.392	0.415
eigenvalues:  tensor([77.9078, 66.9521])
hess item is 0.028351806104183197
7400	0.324	0.617	0.394	0.412
7410	0.322	0.619	0.393	0.407
7420	0.320	0.623	0.392	0.415
7430	0.320	0.617	0.392	0.414
7440	0.321	0.618	0.392	0.411
eigenvalues:  tensor([78.3530, 67.6459])
hess item is 0.02777484618127346
7450	0.320	0.622	0.392	0.412
7460	0.319	0.630	0.391	0.415
7470	0.319	0.621	0.392	0.414
7480	0.319	0.628	0.392	0.413
7490	0.319	0.626	0.392	0.413
eigenvalues:  tensor([78.6619, 67.7324])
hess item is 0.027212057262659073
7500	0.318	0.630	0.392	0.415
7510	0.318	0.632	0.392	0.416
7520	0.319	0.634	0.392	0.416
7530	0.318	0.633	0.392	0.413
7540	0.317	0.634	0.392	0.414
eigenvalues:  tensor([79.0485, 68.3853])
hess item is 0.026663074269890785
7550	0.317	0.632	0.392	0.412
7560	0.316	0.637	0.391	0.415
7570	0.317	0.632	0.393	0.412
7580	0.317	0.638	0.393	0.413
7590	0.319	0.633	0.395	0.413
eigenvalues:  tensor([78.9132, 68.7020])
hess item is 0.02612754888832569
7600	0.315	0.641	0.392	0.415
7610	0.315	0.642	0.392	0.413
7620	0.315	0.644	0.392	0.413
7630	0.315	0.638	0.392	0.412
7640	0.314	0.643	0.392	0.414
eigenvalues:  tensor([79.6419, 68.8956])
hess item is 0.025608714669942856
7650	0.314	0.645	0.392	0.412
7660	0.313	0.641	0.392	0.415
7670	0.315	0.644	0.394	0.410
7680	0.313	0.648	0.392	0.412
7690	0.313	0.648	0.392	0.416
eigenvalues:  tensor([79.3541, 69.0441])
hess item is 0.025105664506554604
7700	0.313	0.645	0.393	0.412
7710	0.313	0.644	0.393	0.411
7720	0.312	0.647	0.393	0.414
7730	0.315	0.645	0.396	0.413
7740	0.312	0.648	0.393	0.412
eigenvalues:  tensor([78.8561, 69.1848])
hess item is 0.02463189885020256
7750	0.311	0.652	0.392	0.418
7760	0.311	0.652	0.393	0.414
7770	0.312	0.643	0.394	0.412
7780	0.310	0.652	0.392	0.416
7790	0.310	0.651	0.393	0.417
eigenvalues:  tensor([79.9258, 69.3014])
hess item is 0.024165844544768333
7800	0.310	0.659	0.393	0.417
7810	0.309	0.654	0.393	0.419
7820	0.309	0.651	0.393	0.413
7830	0.309	0.658	0.393	0.415
7840	0.311	0.648	0.396	0.409
eigenvalues:  tensor([79.8719, 69.5110])
hess item is 0.02370632439851761
7850	0.309	0.654	0.393	0.415
7860	0.308	0.656	0.393	0.413
7870	0.310	0.648	0.396	0.410
7880	0.309	0.661	0.394	0.413
7890	0.310	0.650	0.396	0.411
eigenvalues:  tensor([78.8428, 69.3648])
hess item is 0.02326429821550846
7900	0.310	0.654	0.396	0.413
7910	0.307	0.658	0.394	0.411
7920	0.310	0.646	0.397	0.407
7930	0.306	0.663	0.394	0.417
7940	0.305	0.666	0.394	0.414
eigenvalues:  tensor([79.6099, 70.1653])
hess item is 0.02283230423927307
7950	0.306	0.663	0.394	0.414
7960	0.307	0.664	0.396	0.413
7970	0.306	0.664	0.395	0.410
7980	0.306	0.669	0.395	0.418
7990	0.305	0.664	0.395	0.412
eigenvalues:  tensor([78.7341, 70.3215])
hess item is 0.02243052050471306
8000	0.306	0.667	0.396	0.411
8010	0.304	0.673	0.394	0.413
8020	0.302	0.673	0.393	0.417
8030	0.307	0.667	0.399	0.408
8040	0.302	0.671	0.394	0.419
eigenvalues:  tensor([77.5321, 70.2976])
hess item is 0.02203572727739811
8050	0.303	0.672	0.394	0.417
8060	0.302	0.672	0.395	0.412
8070	0.307	0.667	0.400	0.405
8080	0.303	0.665	0.396	0.412
8090	0.301	0.678	0.395	0.414
eigenvalues:  tensor([76.2874, 69.3417])
hess item is 0.02166406810283661
8100	0.305	0.666	0.398	0.409
8110	0.301	0.678	0.396	0.410
8120	0.301	0.681	0.396	0.413
8130	0.302	0.674	0.397	0.412
8140	0.303	0.664	0.398	0.410
eigenvalues:  tensor([74.0202, 69.8426])
hess item is 0.02131149172782898
8150	0.301	0.670	0.397	0.413
8160	0.301	0.678	0.397	0.411
8170	0.299	0.687	0.396	0.412
8180	0.298	0.686	0.395	0.414
8190	0.301	0.672	0.398	0.409
eigenvalues:  tensor([74.6243, 70.1897])
hess item is 0.020947173237800598
8200	0.298	0.682	0.396	0.410
8210	0.299	0.688	0.398	0.409
8220	0.300	0.679	0.398	0.413
8230	0.299	0.686	0.398	0.412
8240	0.306	0.660	0.406	0.398
eigenvalues:  tensor([71.8121, 69.6632])
hess item is 0.020628267899155617
8250	0.298	0.680	0.397	0.412
8260	0.299	0.678	0.399	0.413
8270	0.303	0.670	0.404	0.401
8280	0.303	0.662	0.403	0.405
8290	0.297	0.688	0.398	0.411
eigenvalues:  tensor([70.6923, 67.6641])
hess item is 0.020341061055660248
8300	0.300	0.681	0.401	0.404
8310	0.297	0.681	0.399	0.414
8320	0.298	0.688	0.400	0.409
8330	0.296	0.693	0.399	0.416
8340	0.300	0.683	0.403	0.409
eigenvalues:  tensor([69.7953, 67.8810])
hess item is 0.020041881129145622
8350	0.297	0.695	0.401	0.409
8360	0.296	0.700	0.400	0.409
8370	0.301	0.672	0.406	0.405
8380	0.294	0.697	0.398	0.414
8390	0.293	0.696	0.398	0.415
eigenvalues:  tensor([69.9317, 66.0617])
hess item is 0.01975017786026001
8400	0.293	0.705	0.398	0.413
8410	0.299	0.690	0.405	0.401
8420	0.291	0.705	0.398	0.415
8430	0.300	0.681	0.407	0.401
8440	0.301	0.682	0.408	0.395
eigenvalues:  tensor([66.8018, 64.0496])
hess item is 0.019500549882650375
8450	0.298	0.683	0.404	0.405
8460	0.289	0.707	0.397	0.415
8470	0.292	0.706	0.401	0.409
8480	0.294	0.697	0.402	0.407
8490	0.292	0.707	0.402	0.407
eigenvalues:  tensor([66.4585, 65.0960])
hess item is 0.019208751618862152
8500	0.291	0.704	0.400	0.413
8510	0.295	0.700	0.405	0.400
8520	0.288	0.717	0.399	0.414
8530	0.311	0.665	0.421	0.385
8540	0.290	0.715	0.401	0.411
eigenvalues:  tensor([65.4773, 64.0162])
hess item is 0.018977312371134758
8550	0.301	0.675	0.412	0.398
8560	0.292	0.693	0.403	0.408
8570	0.288	0.706	0.400	0.415
8580	0.287	0.712	0.399	0.413
8590	0.295	0.690	0.408	0.406
eigenvalues:  tensor([65.7489, 60.4538])
hess item is 0.018757546320557594
8600	0.303	0.674	0.417	0.396
8610	0.293	0.694	0.406	0.408
8620	0.298	0.688	0.411	0.396
8630	0.313	0.655	0.427	0.384
8640	0.309	0.662	0.423	0.385
eigenvalues:  tensor([62.0056, 58.8979])
hess item is 0.018599877133965492
8650	0.298	0.689	0.413	0.400
8660	0.317	0.643	0.432	0.378
8670	0.305	0.676	0.420	0.392
8680	0.290	0.701	0.405	0.407
8690	0.307	0.668	0.422	0.386
eigenvalues:  tensor([58.9210, 57.0524])
hess item is 0.01842729188501835
8700	0.285	0.720	0.402	0.410
8710	0.298	0.692	0.414	0.402
8720	0.289	0.709	0.407	0.401
8730	0.282	0.725	0.400	0.411
8740	0.298	0.687	0.417	0.390
eigenvalues:  tensor([58.2478, 56.8302])
hess item is 0.018245741724967957
8750	0.298	0.692	0.416	0.397
8760	0.299	0.680	0.416	0.396
8770	0.298	0.686	0.417	0.394
8780	0.286	0.720	0.406	0.402
8790	0.305	0.676	0.424	0.398
eigenvalues:  tensor([55.8695, 53.5248])
hess item is 0.018103256821632385
8800	0.292	0.698	0.410	0.404
8810	0.291	0.706	0.410	0.403
8820	0.292	0.704	0.413	0.401
8830	0.302	0.686	0.423	0.396
8840	0.290	0.706	0.411	0.405
eigenvalues:  tensor([56.9473, 54.9371])
hess item is 0.01791488379240036
8850	0.322	0.639	0.443	0.370
8860	0.289	0.700	0.411	0.402
8870	0.295	0.706	0.417	0.386
8880	0.304	0.676	0.427	0.388
8890	0.287	0.715	0.409	0.404
eigenvalues:  tensor([53.0301, 50.3594])
hess item is 0.01781313866376877
8900	0.286	0.719	0.409	0.405
8910	0.286	0.718	0.408	0.404
8920	0.288	0.714	0.411	0.405
8930	0.324	0.648	0.447	0.369
8940	0.286	0.717	0.410	0.407
eigenvalues:  tensor([54.2753, 50.3867])
hess item is 0.017644736915826797
8950	0.292	0.710	0.417	0.394
8960	0.316	0.658	0.440	0.366
8970	0.281	0.725	0.406	0.411
8980	0.293	0.698	0.419	0.392
8990	0.289	0.714	0.416	0.396
eigenvalues:  tensor([51.0416, 49.2081])
hess item is 0.017518598586320877
9000	0.278	0.739	0.405	0.407
9010	0.296	0.698	0.422	0.390
9020	0.287	0.711	0.413	0.401
9030	0.296	0.688	0.424	0.393
9040	0.312	0.676	0.437	0.385
eigenvalues:  tensor([49.3132, 47.5823])
hess item is 0.017398416996002197
9050	0.280	0.732	0.408	0.407
9060	0.295	0.702	0.421	0.394
9070	0.301	0.692	0.428	0.390
9080	0.292	0.706	0.420	0.391
9090	0.291	0.713	0.420	0.392
eigenvalues:  tensor([47.9596, 47.0804])
hess item is 0.017305102199316025
9100	0.304	0.679	0.432	0.379
9110	0.281	0.729	0.410	0.409
9120	0.275	0.742	0.405	0.415
9130	0.285	0.723	0.416	0.399
9140	0.282	0.735	0.412	0.398
eigenvalues:  tensor([48.0157, 45.8439])
hess item is 0.017133133485913277
9150	0.293	0.713	0.422	0.392
9160	0.309	0.671	0.438	0.380
9170	0.301	0.692	0.429	0.394
9180	0.284	0.722	0.415	0.401
9190	0.277	0.741	0.409	0.406
eigenvalues:  tensor([47.3003, 46.1194])
hess item is 0.0169935692101717
9200	0.278	0.746	0.411	0.404
9210	0.319	0.669	0.451	0.373
9220	0.307	0.682	0.440	0.379
9230	0.288	0.721	0.421	0.400
9240	0.276	0.744	0.410	0.403
eigenvalues:  tensor([46.5296, 44.4830])
hess item is 0.01687915250658989
9250	0.303	0.682	0.436	0.387
9260	0.299	0.706	0.434	0.380
9270	0.278	0.747	0.412	0.403
9280	0.297	0.706	0.430	0.384
9290	0.318	0.667	0.453	0.370
eigenvalues:  tensor([46.2111, 44.3837])
hess item is 0.01679212599992752
9300	0.286	0.715	0.421	0.394
9310	0.290	0.710	0.424	0.388
9320	0.271	0.757	0.407	0.407
9330	0.288	0.712	0.424	0.391
9340	0.299	0.693	0.433	0.383
eigenvalues:  tensor([43.4954, 42.8003])
hess item is 0.016684487462043762
9350	0.281	0.730	0.415	0.409
9360	0.281	0.738	0.416	0.390
9370	0.276	0.744	0.413	0.402
9380	0.270	0.752	0.408	0.415
9390	0.274	0.751	0.412	0.407
eigenvalues:  tensor([44.3063, 42.8057])
hess item is 0.016552425920963287
9400	0.277	0.742	0.416	0.398
9410	0.283	0.737	0.422	0.400
9420	0.277	0.746	0.416	0.400
9430	0.317	0.665	0.456	0.375
9440	0.284	0.717	0.423	0.393
eigenvalues:  tensor([43.6207, 42.3716])
hess item is 0.01639815792441368
9450	0.297	0.696	0.438	0.381
9460	0.288	0.716	0.429	0.390
9470	0.276	0.740	0.416	0.401
9480	0.269	0.754	0.411	0.409
9490	0.281	0.739	0.423	0.392
eigenvalues:  tensor([42.7726, 41.4136])
hess item is 0.0162626001983881
9500	0.275	0.751	0.417	0.399
9510	0.275	0.752	0.418	0.396
9520	0.281	0.731	0.423	0.392
9530	0.282	0.725	0.424	0.387
9540	0.290	0.720	0.434	0.392
eigenvalues:  tensor([42.1220, 41.4043])
hess item is 0.016100237146019936
9550	0.268	0.762	0.411	0.407
9560	0.293	0.720	0.439	0.385
9570	0.279	0.733	0.423	0.396
9580	0.271	0.756	0.417	0.400
9590	0.268	0.767	0.415	0.399
eigenvalues:  tensor([41.7750, 41.1227])
hess item is 0.015978848561644554
9600	0.296	0.716	0.441	0.372
9610	0.264	0.779	0.412	0.400
9620	0.275	0.745	0.422	0.399
9630	0.262	0.785	0.411	0.402
9640	0.284	0.714	0.432	0.390
eigenvalues:  tensor([41.7778, 41.4384])
hess item is 0.015818217769265175
9650	0.320	0.678	0.467	0.365
9660	0.266	0.761	0.415	0.403
9670	0.255	0.794	0.407	0.410
9680	0.271	0.751	0.422	0.398
9690	0.267	0.771	0.419	0.395
eigenvalues:  tensor([41.1932, 40.8713])
hess item is 0.015702323988080025
9700	0.264	0.772	0.414	0.402
9710	0.261	0.781	0.413	0.410
9720	0.290	0.725	0.441	0.384
9730	0.266	0.762	0.418	0.407
9740	0.293	0.706	0.446	0.377
eigenvalues:  tensor([41.2462, 40.8279])
hess item is 0.015569781884551048
9750	0.287	0.733	0.438	0.387
9760	0.273	0.742	0.427	0.394
9770	0.278	0.744	0.433	0.383
9780	0.256	0.786	0.412	0.410
9790	0.267	0.764	0.424	0.395
eigenvalues:  tensor([41.5057, 39.9822])
hess item is 0.015428237617015839
9800	0.259	0.786	0.415	0.404
9810	0.258	0.785	0.414	0.413
9820	0.260	0.789	0.417	0.404
9830	0.289	0.720	0.445	0.380
9840	0.271	0.761	0.428	0.392
eigenvalues:  tensor([41.4649, 40.3717])
hess item is 0.015310995280742645
9850	0.266	0.774	0.425	0.394
9860	0.253	0.797	0.413	0.409
9870	0.267	0.767	0.426	0.395
9880	0.265	0.778	0.426	0.392
9890	0.278	0.746	0.438	0.380
eigenvalues:  tensor([41.2827, 40.5948])
hess item is 0.015158466063439846
9900	0.263	0.780	0.424	0.396
9910	0.264	0.767	0.426	0.395
9920	0.275	0.753	0.438	0.396
9930	0.257	0.786	0.419	0.404
9940	0.260	0.786	0.424	0.398
eigenvalues:  tensor([41.3139, 40.1802])
hess item is 0.015038691461086273
9950	0.269	0.757	0.433	0.386
9960	0.252	0.797	0.417	0.404
9970	0.272	0.758	0.437	0.389
9980	0.255	0.792	0.422	0.401
9990	0.251	0.804	0.418	0.404
