device: cuda:4
output directory: RESULTS/cifar10-10k/fc-tanh/seed_0/mse/ivon/lr_0.0005/h0_1.0/ess_5000000.0/post_50/beta2_0.999/beta_0.0_alpha_100.0_ivon
Files already downloaded and verified
Files already downloaded and verified
optimizer is IVON
0	0.597	0.131	0.597	0.131
10	0.574	0.136	0.574	0.137
20	0.558	0.142	0.559	0.142
30	0.547	0.148	0.548	0.149
40	0.538	0.155	0.540	0.155
eigenvalues:  tensor([80.6473, 66.5474])
hess item is 0.9513500332832336
50	0.532	0.161	0.533	0.163
60	0.526	0.168	0.527	0.168
70	0.521	0.173	0.523	0.173
80	0.517	0.178	0.519	0.178
90	0.514	0.183	0.515	0.183
eigenvalues:  tensor([80.3211, 66.1601])
hess item is 0.9050889611244202
100	0.510	0.189	0.512	0.186
110	0.507	0.194	0.509	0.191
120	0.505	0.198	0.507	0.194
130	0.502	0.201	0.504	0.197
140	0.500	0.206	0.502	0.200
eigenvalues:  tensor([79.8501, 65.6955])
hess item is 0.8610857725143433
150	0.497	0.209	0.500	0.202
160	0.495	0.211	0.498	0.204
170	0.493	0.214	0.495	0.207
180	0.491	0.216	0.493	0.209
190	0.489	0.219	0.491	0.213
eigenvalues:  tensor([79.4147, 65.2325])
hess item is 0.819225013256073
200	0.487	0.221	0.490	0.215
210	0.485	0.223	0.488	0.217
220	0.483	0.226	0.486	0.219
230	0.482	0.227	0.484	0.221
240	0.480	0.230	0.483	0.223
eigenvalues:  tensor([79.0114, 64.7835])
hess item is 0.7794102430343628
250	0.478	0.231	0.481	0.225
260	0.477	0.234	0.480	0.227
270	0.475	0.236	0.478	0.230
280	0.474	0.239	0.477	0.230
290	0.472	0.241	0.475	0.232
eigenvalues:  tensor([78.6321, 64.3484])
hess item is 0.7415382266044617
300	0.471	0.243	0.474	0.234
310	0.470	0.244	0.473	0.235
320	0.468	0.245	0.472	0.237
330	0.467	0.247	0.470	0.239
340	0.466	0.249	0.469	0.241
eigenvalues:  tensor([78.2593, 63.9319])
hess item is 0.7055156826972961
350	0.465	0.250	0.468	0.243
360	0.463	0.253	0.467	0.245
370	0.462	0.255	0.466	0.247
380	0.461	0.257	0.465	0.249
390	0.460	0.260	0.464	0.250
eigenvalues:  tensor([77.8961, 63.5304])
hess item is 0.6712495684623718
400	0.459	0.261	0.463	0.251
410	0.458	0.263	0.462	0.252
420	0.457	0.264	0.461	0.253
430	0.456	0.266	0.460	0.254
440	0.455	0.267	0.459	0.255
eigenvalues:  tensor([77.5418, 63.1457])
hess item is 0.638655960559845
450	0.454	0.269	0.458	0.258
460	0.453	0.271	0.457	0.260
470	0.452	0.272	0.456	0.261
480	0.451	0.273	0.455	0.263
490	0.450	0.276	0.454	0.263
eigenvalues:  tensor([77.1942, 62.7773])
hess item is 0.6076508164405823
500	0.449	0.277	0.453	0.265
510	0.448	0.279	0.453	0.266
520	0.447	0.281	0.452	0.267
530	0.447	0.282	0.451	0.268
540	0.446	0.283	0.450	0.269
eigenvalues:  tensor([76.8548, 62.4272])
hess item is 0.5781605839729309
550	0.445	0.285	0.449	0.270
560	0.444	0.286	0.449	0.272
570	0.443	0.287	0.448	0.273
580	0.443	0.289	0.447	0.274
590	0.442	0.290	0.447	0.275
eigenvalues:  tensor([76.5165, 62.1005])
hess item is 0.5501083731651306
600	0.441	0.292	0.446	0.277
610	0.440	0.293	0.445	0.278
620	0.440	0.294	0.444	0.280
630	0.439	0.296	0.444	0.282
640	0.438	0.297	0.443	0.282
eigenvalues:  tensor([76.1900, 61.8071])
hess item is 0.5234238505363464
650	0.437	0.299	0.443	0.283
660	0.437	0.300	0.442	0.284
670	0.436	0.301	0.441	0.285
680	0.435	0.302	0.441	0.286
690	0.435	0.303	0.440	0.288
eigenvalues:  tensor([75.8738, 61.5535])
hess item is 0.4980405271053314
700	0.434	0.304	0.439	0.289
710	0.434	0.305	0.439	0.289
720	0.433	0.306	0.438	0.290
730	0.432	0.308	0.438	0.291
740	0.432	0.310	0.437	0.292
eigenvalues:  tensor([75.5567, 61.3409])
hess item is 0.4738961160182953
750	0.431	0.311	0.437	0.293
760	0.430	0.312	0.436	0.293
770	0.430	0.313	0.436	0.294
780	0.429	0.314	0.435	0.296
790	0.429	0.315	0.435	0.296
eigenvalues:  tensor([75.2469, 61.1569])
hess item is 0.45093008875846863
800	0.428	0.316	0.434	0.297
810	0.428	0.317	0.434	0.298
820	0.427	0.317	0.433	0.299
830	0.427	0.319	0.433	0.299
840	0.426	0.321	0.432	0.300
eigenvalues:  tensor([74.9485, 60.9955])
hess item is 0.42908260226249695
850	0.426	0.321	0.432	0.301
860	0.425	0.323	0.431	0.302
870	0.425	0.324	0.431	0.303
880	0.424	0.326	0.430	0.303
890	0.424	0.327	0.430	0.303
eigenvalues:  tensor([74.6598, 60.8427])
hess item is 0.40830156207084656
900	0.423	0.328	0.430	0.303
910	0.423	0.330	0.429	0.304
920	0.422	0.331	0.429	0.305
930	0.422	0.332	0.428	0.305
940	0.421	0.333	0.428	0.305
eigenvalues:  tensor([74.3755, 60.6997])
hess item is 0.3885340988636017
950	0.421	0.334	0.428	0.306
960	0.420	0.335	0.427	0.307
970	0.420	0.335	0.427	0.306
980	0.419	0.336	0.426	0.308
990	0.419	0.337	0.426	0.308
eigenvalues:  tensor([74.0956, 60.5628])
hess item is 0.36973071098327637
1000	0.419	0.338	0.426	0.308
1010	0.418	0.338	0.425	0.310
1020	0.418	0.339	0.425	0.311
1030	0.417	0.341	0.425	0.312
1040	0.417	0.342	0.424	0.313
eigenvalues:  tensor([73.8314, 60.4277])
hess item is 0.35184445977211
1050	0.417	0.342	0.424	0.314
1060	0.416	0.343	0.424	0.315
1070	0.416	0.345	0.423	0.315
1080	0.415	0.346	0.423	0.317
1090	0.415	0.347	0.423	0.317
eigenvalues:  tensor([73.5580, 60.2994])
hess item is 0.33482998609542847
1100	0.415	0.348	0.422	0.319
1110	0.414	0.349	0.422	0.319
1120	0.414	0.350	0.422	0.320
1130	0.413	0.350	0.421	0.320
1140	0.413	0.351	0.421	0.321
eigenvalues:  tensor([73.3055, 60.1725])
hess item is 0.31864580512046814
1150	0.413	0.351	0.421	0.322
1160	0.412	0.352	0.420	0.323
1170	0.412	0.353	0.420	0.324
1180	0.412	0.354	0.420	0.324
1190	0.411	0.356	0.420	0.325
eigenvalues:  tensor([73.0521, 60.0500])
hess item is 0.3032497763633728
1200	0.411	0.357	0.419	0.325
1210	0.411	0.357	0.419	0.327
1220	0.410	0.358	0.419	0.327
1230	0.410	0.360	0.418	0.327
1240	0.410	0.361	0.418	0.328
eigenvalues:  tensor([72.7980, 59.9322])
hess item is 0.2886052131652832
1250	0.409	0.360	0.418	0.330
1260	0.409	0.361	0.418	0.331
1270	0.409	0.362	0.417	0.332
1280	0.408	0.363	0.417	0.332
1290	0.408	0.364	0.417	0.333
eigenvalues:  tensor([72.5584, 59.8121])
hess item is 0.27467435598373413
1300	0.408	0.366	0.417	0.333
1310	0.407	0.365	0.416	0.334
1320	0.407	0.366	0.416	0.334
1330	0.407	0.366	0.416	0.334
1340	0.406	0.367	0.416	0.335
eigenvalues:  tensor([72.3212, 59.6976])
hess item is 0.26142367720603943
1350	0.406	0.368	0.415	0.336
1360	0.406	0.368	0.415	0.337
1370	0.405	0.370	0.415	0.337
1380	0.405	0.371	0.415	0.338
1390	0.405	0.371	0.414	0.338
eigenvalues:  tensor([72.0963, 59.5801])
hess item is 0.24881842732429504
1400	0.405	0.372	0.414	0.339
1410	0.404	0.373	0.414	0.339
1420	0.404	0.374	0.414	0.339
1430	0.404	0.375	0.414	0.340
1440	0.403	0.377	0.413	0.340
eigenvalues:  tensor([71.8718, 59.4719])
hess item is 0.23682841658592224
1450	0.403	0.377	0.413	0.340
1460	0.403	0.378	0.413	0.341
1470	0.403	0.378	0.413	0.342
1480	0.402	0.379	0.413	0.343
1490	0.402	0.379	0.412	0.343
eigenvalues:  tensor([71.6440, 59.3616])
hess item is 0.2254229635000229
1500	0.402	0.380	0.412	0.344
1510	0.402	0.381	0.412	0.345
1520	0.401	0.382	0.412	0.346
1530	0.401	0.383	0.412	0.347
1540	0.401	0.383	0.411	0.348
eigenvalues:  tensor([71.4245, 59.2549])
hess item is 0.21457375586032867
1550	0.401	0.384	0.411	0.348
1560	0.400	0.385	0.411	0.349
1570	0.400	0.386	0.411	0.349
1580	0.400	0.386	0.411	0.349
1590	0.399	0.386	0.410	0.350
eigenvalues:  tensor([71.2002, 59.1559])
hess item is 0.20425327122211456
1600	0.399	0.387	0.410	0.351
1610	0.399	0.387	0.410	0.352
1620	0.399	0.389	0.410	0.351
1630	0.398	0.390	0.410	0.352
1640	0.398	0.390	0.410	0.352
eigenvalues:  tensor([70.9974, 59.0587])
hess item is 0.19443652033805847
1650	0.398	0.391	0.409	0.353
1660	0.398	0.392	0.409	0.353
1670	0.398	0.392	0.409	0.353
1680	0.397	0.393	0.409	0.353
1690	0.397	0.393	0.409	0.353
eigenvalues:  tensor([70.7956, 58.9526])
hess item is 0.1850980520248413
1700	0.397	0.395	0.409	0.354
1710	0.397	0.395	0.408	0.354
1720	0.396	0.396	0.408	0.354
1730	0.396	0.396	0.408	0.355
1740	0.396	0.397	0.408	0.355
eigenvalues:  tensor([70.5777, 58.8589])
hess item is 0.17621514201164246
1750	0.396	0.398	0.408	0.355
1760	0.395	0.399	0.408	0.355
1770	0.395	0.399	0.408	0.356
1780	0.395	0.399	0.407	0.356
1790	0.395	0.400	0.407	0.356
eigenvalues:  tensor([70.3829, 58.7608])
hess item is 0.16776572167873383
1800	0.395	0.401	0.407	0.357
1810	0.394	0.401	0.407	0.357
1820	0.394	0.402	0.407	0.357
1830	0.394	0.403	0.407	0.357
1840	0.394	0.403	0.407	0.357
eigenvalues:  tensor([70.1548, 58.6799])
hess item is 0.1597280502319336
1850	0.393	0.403	0.406	0.358
1860	0.393	0.404	0.406	0.359
1870	0.393	0.404	0.406	0.359
1880	0.393	0.404	0.406	0.359
1890	0.393	0.405	0.406	0.361
eigenvalues:  tensor([69.9630, 58.5796])
hess item is 0.15208254754543304
1900	0.392	0.405	0.406	0.361
1910	0.392	0.406	0.406	0.362
1920	0.392	0.407	0.406	0.362
1930	0.392	0.408	0.405	0.363
1940	0.391	0.408	0.405	0.363
eigenvalues:  tensor([69.7473, 58.4952])
hess item is 0.144809290766716
1950	0.391	0.408	0.405	0.363
1960	0.391	0.409	0.405	0.363
1970	0.391	0.410	0.405	0.364
1980	0.391	0.410	0.405	0.364
1990	0.390	0.411	0.405	0.364
eigenvalues:  tensor([69.5316, 58.4031])
hess item is 0.13789108395576477
2000	0.390	0.412	0.405	0.365
2010	0.390	0.413	0.404	0.365
2020	0.390	0.414	0.404	0.365
2030	0.390	0.415	0.404	0.365
2040	0.389	0.416	0.404	0.365
eigenvalues:  tensor([69.3246, 58.3109])
hess item is 0.1313100904226303
2050	0.389	0.417	0.404	0.367
2060	0.389	0.418	0.404	0.367
2070	0.389	0.418	0.404	0.367
2080	0.388	0.420	0.404	0.368
2090	0.388	0.420	0.404	0.367
eigenvalues:  tensor([69.0951, 58.2269])
hess item is 0.12504993379116058
2100	0.388	0.422	0.403	0.368
2110	0.388	0.422	0.403	0.368
2120	0.388	0.423	0.403	0.369
2130	0.387	0.424	0.403	0.369
2140	0.387	0.424	0.403	0.369
eigenvalues:  tensor([68.8809, 58.1307])
hess item is 0.11909561604261398
2150	0.387	0.425	0.403	0.370
2160	0.387	0.427	0.403	0.370
2170	0.387	0.428	0.403	0.370
2180	0.386	0.428	0.403	0.370
2190	0.386	0.428	0.402	0.370
eigenvalues:  tensor([68.6440, 58.0512])
hess item is 0.1134314015507698
2200	0.386	0.429	0.402	0.370
2210	0.386	0.430	0.402	0.370
2220	0.386	0.430	0.402	0.370
2230	0.385	0.431	0.402	0.371
2240	0.385	0.432	0.402	0.371
eigenvalues:  tensor([68.4104, 57.9650])
hess item is 0.10804275423288345
2250	0.385	0.432	0.402	0.371
2260	0.385	0.432	0.402	0.372
2270	0.385	0.433	0.402	0.373
2280	0.384	0.434	0.402	0.373
2290	0.384	0.434	0.401	0.373
eigenvalues:  tensor([68.1818, 57.8687])
hess item is 0.1029171496629715
2300	0.384	0.434	0.401	0.373
2310	0.384	0.434	0.401	0.373
2320	0.384	0.435	0.401	0.373
2330	0.383	0.435	0.401	0.373
2340	0.383	0.436	0.401	0.373
eigenvalues:  tensor([67.9291, 57.7749])
hess item is 0.09804141521453857
2350	0.383	0.436	0.401	0.374
2360	0.383	0.437	0.401	0.374
2370	0.383	0.437	0.401	0.374
2380	0.382	0.438	0.401	0.374
2390	0.382	0.438	0.400	0.374
eigenvalues:  tensor([67.6673, 57.6841])
hess item is 0.09340441226959229
2400	0.382	0.439	0.400	0.374
2410	0.382	0.440	0.400	0.376
2420	0.382	0.440	0.400	0.376
2430	0.381	0.442	0.400	0.376
2440	0.381	0.443	0.400	0.377
eigenvalues:  tensor([67.3958, 57.5850])
hess item is 0.08899283409118652
2450	0.381	0.444	0.400	0.377
2460	0.381	0.444	0.400	0.377
2470	0.381	0.445	0.400	0.377
2480	0.380	0.444	0.400	0.378
2490	0.380	0.445	0.400	0.378
eigenvalues:  tensor([67.1177, 57.4835])
hess item is 0.08479586243629456
2500	0.380	0.445	0.399	0.379
2510	0.380	0.447	0.399	0.379
2520	0.380	0.448	0.399	0.380
2530	0.379	0.448	0.399	0.381
2540	0.379	0.450	0.399	0.380
eigenvalues:  tensor([66.8348, 57.3764])
hess item is 0.08080393821001053
2550	0.379	0.450	0.399	0.381
2560	0.379	0.450	0.399	0.381
2570	0.379	0.451	0.399	0.381
2580	0.378	0.451	0.399	0.381
2590	0.378	0.452	0.399	0.381
eigenvalues:  tensor([66.5553, 57.2643])
hess item is 0.0770057663321495
2600	0.378	0.454	0.399	0.382
2610	0.378	0.454	0.399	0.382
2620	0.378	0.455	0.398	0.383
2630	0.377	0.456	0.398	0.383
2640	0.377	0.457	0.398	0.383
eigenvalues:  tensor([66.2482, 57.1566])
hess item is 0.07339327037334442
2650	0.377	0.458	0.398	0.384
2660	0.377	0.458	0.398	0.384
2670	0.376	0.460	0.398	0.384
2680	0.376	0.460	0.398	0.384
2690	0.376	0.461	0.398	0.385
eigenvalues:  tensor([65.9578, 57.0435])
hess item is 0.06995725631713867
2700	0.376	0.461	0.398	0.385
2710	0.376	0.462	0.398	0.385
2720	0.375	0.463	0.398	0.386
2730	0.375	0.463	0.398	0.386
2740	0.375	0.464	0.397	0.386
eigenvalues:  tensor([65.6568, 56.9376])
hess item is 0.06668863445520401
2750	0.375	0.465	0.397	0.387
2760	0.375	0.465	0.397	0.386
2770	0.374	0.465	0.397	0.387
2780	0.374	0.466	0.397	0.387
2790	0.374	0.467	0.397	0.387
eigenvalues:  tensor([65.3748, 56.7952])
hess item is 0.06357884407043457
2800	0.374	0.468	0.397	0.387
2810	0.374	0.470	0.397	0.388
2820	0.373	0.469	0.397	0.389
2830	0.373	0.469	0.397	0.389
2840	0.373	0.470	0.397	0.389
eigenvalues:  tensor([65.0946, 56.6742])
hess item is 0.06062043085694313
2850	0.373	0.471	0.397	0.389
2860	0.372	0.472	0.397	0.389
2870	0.372	0.472	0.396	0.389
2880	0.372	0.473	0.396	0.389
2890	0.372	0.473	0.396	0.389
eigenvalues:  tensor([64.7747, 56.5303])
hess item is 0.05780681222677231
2900	0.372	0.474	0.396	0.390
2910	0.371	0.475	0.396	0.391
2920	0.371	0.475	0.396	0.391
2930	0.371	0.475	0.396	0.391
2940	0.371	0.477	0.396	0.391
eigenvalues:  tensor([64.5006, 56.3837])
hess item is 0.05513046681880951
2950	0.371	0.477	0.396	0.391
2960	0.370	0.477	0.396	0.391
2970	0.370	0.477	0.396	0.392
2980	0.370	0.478	0.396	0.392
2990	0.370	0.479	0.396	0.392
eigenvalues:  tensor([64.2133, 56.2585])
hess item is 0.052584901452064514
3000	0.369	0.480	0.396	0.392
3010	0.369	0.480	0.395	0.393
3020	0.369	0.481	0.395	0.392
3030	0.369	0.482	0.395	0.393
3040	0.369	0.481	0.395	0.393
eigenvalues:  tensor([63.9151, 56.1011])
hess item is 0.05016350746154785
3050	0.368	0.483	0.395	0.393
3060	0.368	0.483	0.395	0.394
3070	0.368	0.485	0.395	0.395
3080	0.368	0.485	0.395	0.393
3090	0.367	0.486	0.395	0.395
eigenvalues:  tensor([63.6451, 55.9585])
hess item is 0.047859594225883484
3100	0.367	0.486	0.395	0.396
3110	0.367	0.487	0.395	0.396
3120	0.367	0.488	0.395	0.396
3130	0.367	0.488	0.395	0.395
3140	0.366	0.489	0.395	0.396
eigenvalues:  tensor([63.3790, 55.7723])
hess item is 0.04566802829504013
3150	0.366	0.490	0.394	0.396
3160	0.366	0.490	0.394	0.396
3170	0.366	0.489	0.394	0.397
3180	0.365	0.491	0.394	0.397
3190	0.365	0.492	0.394	0.397
eigenvalues:  tensor([63.0939, 55.5928])
hess item is 0.04358403757214546
3200	0.365	0.492	0.394	0.398
3210	0.365	0.493	0.394	0.398
3220	0.364	0.493	0.394	0.398
3230	0.364	0.495	0.394	0.399
3240	0.364	0.496	0.394	0.399
eigenvalues:  tensor([62.8292, 55.4265])
hess item is 0.04160059988498688
3250	0.364	0.497	0.394	0.398
3260	0.363	0.497	0.394	0.399
3270	0.363	0.499	0.394	0.401
3280	0.363	0.498	0.394	0.399
3290	0.363	0.500	0.394	0.400
eigenvalues:  tensor([62.5747, 55.2313])
hess item is 0.039714276790618896
3300	0.362	0.499	0.394	0.399
3310	0.362	0.500	0.393	0.401
3320	0.362	0.501	0.393	0.401
3330	0.362	0.502	0.393	0.401
3340	0.362	0.503	0.393	0.401
eigenvalues:  tensor([62.3868, 55.0415])
hess item is 0.03791967034339905
3350	0.361	0.504	0.393	0.401
3360	0.361	0.506	0.393	0.402
3370	0.361	0.506	0.393	0.402
3380	0.361	0.507	0.393	0.402
3390	0.360	0.507	0.393	0.402
eigenvalues:  tensor([62.0895, 54.8169])
hess item is 0.03621358424425125
3400	0.360	0.508	0.393	0.402
3410	0.360	0.509	0.393	0.403
3420	0.360	0.511	0.393	0.403
3430	0.359	0.511	0.393	0.403
3440	0.359	0.512	0.393	0.404
eigenvalues:  tensor([61.8911, 54.6049])
hess item is 0.034590184688568115
3450	0.359	0.512	0.393	0.404
3460	0.358	0.513	0.393	0.404
3470	0.358	0.514	0.392	0.405
3480	0.358	0.515	0.392	0.405
3490	0.358	0.515	0.392	0.405
eigenvalues:  tensor([61.6014, 54.3950])
hess item is 0.03304546698927879
3500	0.357	0.517	0.392	0.406
3510	0.357	0.518	0.392	0.405
3520	0.357	0.518	0.392	0.406
3530	0.357	0.519	0.392	0.405
3540	0.356	0.520	0.392	0.405
eigenvalues:  tensor([61.3904, 54.1569])
hess item is 0.03157692775130272
3550	0.356	0.521	0.392	0.405
3560	0.356	0.522	0.392	0.406
3570	0.356	0.524	0.392	0.406
3580	0.355	0.525	0.392	0.407
3590	0.355	0.525	0.392	0.407
eigenvalues:  tensor([61.2100, 53.9153])
hess item is 0.030180005356669426
3600	0.355	0.525	0.392	0.408
3610	0.355	0.527	0.392	0.406
3620	0.354	0.527	0.392	0.407
3630	0.354	0.529	0.392	0.407
3640	0.354	0.529	0.392	0.407
eigenvalues:  tensor([61.0195, 53.6918])
hess item is 0.02885042503476143
3650	0.353	0.529	0.391	0.407
3660	0.353	0.529	0.391	0.407
3670	0.353	0.531	0.391	0.407
3680	0.353	0.532	0.391	0.409
3690	0.352	0.532	0.391	0.408
eigenvalues:  tensor([60.7892, 53.4946])
hess item is 0.027587054297327995
3700	0.352	0.533	0.391	0.409
3710	0.352	0.534	0.391	0.408
3720	0.351	0.536	0.391	0.408
3730	0.351	0.538	0.391	0.410
3740	0.351	0.539	0.391	0.408
eigenvalues:  tensor([60.4952, 53.2194])
hess item is 0.026384616270661354
3750	0.351	0.539	0.391	0.408
3760	0.350	0.540	0.391	0.410
3770	0.350	0.540	0.391	0.409
3780	0.350	0.540	0.391	0.410
3790	0.349	0.542	0.391	0.410
eigenvalues:  tensor([60.2865, 52.9606])
hess item is 0.025241069495677948
3800	0.349	0.542	0.391	0.410
3810	0.349	0.543	0.391	0.408
3820	0.348	0.544	0.391	0.410
3830	0.348	0.547	0.391	0.412
3840	0.348	0.545	0.391	0.410
eigenvalues:  tensor([60.0784, 52.7186])
hess item is 0.024153459817171097
3850	0.348	0.547	0.391	0.411
3860	0.347	0.548	0.391	0.409
3870	0.347	0.548	0.391	0.409
3880	0.347	0.549	0.390	0.410
3890	0.346	0.550	0.390	0.409
eigenvalues:  tensor([59.8965, 52.4700])
hess item is 0.023118875920772552
3900	0.346	0.551	0.390	0.410
3910	0.346	0.552	0.390	0.410
3920	0.345	0.554	0.390	0.411
3930	0.345	0.555	0.390	0.410
3940	0.345	0.555	0.390	0.410
eigenvalues:  tensor([59.6203, 52.2406])
hess item is 0.022135170176625252
3950	0.344	0.556	0.390	0.410
3960	0.344	0.557	0.390	0.412
3970	0.344	0.558	0.390	0.412
3980	0.344	0.560	0.390	0.411
3990	0.343	0.560	0.390	0.413
eigenvalues:  tensor([59.4229, 51.9843])
hess item is 0.021199289709329605
4000	0.343	0.561	0.390	0.411
4010	0.343	0.563	0.390	0.412
4020	0.342	0.563	0.390	0.412
4030	0.342	0.564	0.390	0.412
4040	0.342	0.564	0.390	0.411
eigenvalues:  tensor([59.1807, 51.7202])
hess item is 0.020308775827288628
4050	0.341	0.565	0.390	0.410
4060	0.341	0.566	0.390	0.411
4070	0.341	0.567	0.390	0.411
4080	0.340	0.568	0.390	0.412
4090	0.340	0.568	0.390	0.411
eigenvalues:  tensor([58.9861, 51.4738])
hess item is 0.01946314051747322
4100	0.340	0.569	0.390	0.412
4110	0.339	0.569	0.390	0.411
4120	0.339	0.572	0.390	0.412
4130	0.339	0.573	0.390	0.414
4140	0.338	0.572	0.390	0.413
eigenvalues:  tensor([58.6927, 51.2448])
hess item is 0.018657509237527847
4150	0.338	0.572	0.390	0.413
4160	0.337	0.574	0.390	0.412
4170	0.337	0.576	0.390	0.414
4180	0.337	0.577	0.390	0.413
4190	0.336	0.576	0.389	0.413
eigenvalues:  tensor([58.3896, 50.9273])
hess item is 0.017892565578222275
4200	0.336	0.577	0.389	0.413
4210	0.336	0.579	0.389	0.414
4220	0.335	0.580	0.389	0.413
4230	0.335	0.583	0.389	0.414
4240	0.335	0.582	0.389	0.413
eigenvalues:  tensor([58.2715, 50.7391])
hess item is 0.01716442033648491
4250	0.334	0.583	0.389	0.412
4260	0.334	0.583	0.389	0.415
4270	0.334	0.586	0.389	0.414
4280	0.333	0.588	0.389	0.415
4290	0.333	0.588	0.389	0.415
eigenvalues:  tensor([57.8781, 50.4520])
hess item is 0.01647285744547844
4300	0.332	0.589	0.389	0.415
4310	0.332	0.590	0.389	0.415
4320	0.332	0.591	0.389	0.414
4330	0.331	0.592	0.389	0.413
4340	0.331	0.593	0.389	0.414
eigenvalues:  tensor([57.5891, 50.1867])
hess item is 0.01581445336341858
4350	0.331	0.594	0.389	0.415
4360	0.330	0.596	0.389	0.416
4370	0.330	0.598	0.389	0.414
4380	0.329	0.598	0.389	0.416
4390	0.329	0.601	0.389	0.415
eigenvalues:  tensor([57.2828, 49.9347])
hess item is 0.015188871882855892
4400	0.329	0.602	0.389	0.416
4410	0.328	0.602	0.389	0.416
4420	0.328	0.604	0.389	0.417
4430	0.327	0.605	0.389	0.417
4440	0.327	0.608	0.389	0.416
eigenvalues:  tensor([56.9477, 49.6731])
hess item is 0.014593870379030704
4450	0.327	0.607	0.389	0.416
4460	0.326	0.607	0.389	0.415
4470	0.326	0.610	0.389	0.417
4480	0.325	0.611	0.389	0.416
4490	0.325	0.613	0.389	0.418
eigenvalues:  tensor([56.6487, 49.3742])
hess item is 0.014028332196176052
4500	0.325	0.613	0.389	0.417
4510	0.324	0.615	0.389	0.417
4520	0.324	0.615	0.389	0.418
4530	0.323	0.618	0.389	0.418
4540	0.323	0.618	0.389	0.417
eigenvalues:  tensor([56.2338, 49.1424])
hess item is 0.013490647077560425
4550	0.322	0.619	0.389	0.416
4560	0.322	0.621	0.389	0.419
4570	0.322	0.620	0.389	0.418
4580	0.321	0.623	0.389	0.420
4590	0.321	0.625	0.389	0.420
eigenvalues:  tensor([55.9072, 48.8649])
hess item is 0.012979520484805107
4600	0.321	0.624	0.389	0.418
4610	0.320	0.627	0.389	0.418
4620	0.320	0.627	0.389	0.419
4630	0.319	0.631	0.389	0.420
4640	0.319	0.630	0.389	0.420
eigenvalues:  tensor([55.2679, 48.6191])
hess item is 0.012493466958403587
4650	0.318	0.632	0.389	0.419
4660	0.318	0.634	0.389	0.419
4670	0.317	0.634	0.389	0.419
4680	0.317	0.634	0.389	0.422
4690	0.317	0.636	0.390	0.419
eigenvalues:  tensor([54.6202, 48.3007])
hess item is 0.01203126274049282
4700	0.316	0.638	0.389	0.421
4710	0.316	0.640	0.389	0.421
4720	0.315	0.641	0.389	0.420
4730	0.315	0.642	0.389	0.421
4740	0.314	0.643	0.389	0.421
eigenvalues:  tensor([54.4334, 48.0504])
hess item is 0.011592033319175243
4750	0.314	0.642	0.390	0.419
4760	0.315	0.640	0.391	0.416
4770	0.313	0.646	0.390	0.422
4780	0.313	0.648	0.390	0.421
4790	0.312	0.647	0.390	0.421
eigenvalues:  tensor([52.9515, 47.7408])
hess item is 0.011173484846949577
4800	0.312	0.650	0.390	0.420
4810	0.311	0.654	0.390	0.422
4820	0.311	0.651	0.390	0.423
4830	0.310	0.656	0.389	0.422
4840	0.310	0.656	0.390	0.421
eigenvalues:  tensor([52.5040, 47.4295])
hess item is 0.01077540498226881
4850	0.310	0.656	0.390	0.421
4860	0.309	0.655	0.390	0.419
4870	0.311	0.648	0.393	0.415
4880	0.313	0.645	0.395	0.414
4890	0.310	0.650	0.392	0.416
eigenvalues:  tensor([49.4793, 46.9290])
hess item is 0.010396378114819527
4900	0.309	0.654	0.392	0.418
4910	0.307	0.661	0.390	0.421
4920	0.308	0.654	0.392	0.419
4930	0.307	0.661	0.391	0.418
4940	0.306	0.662	0.391	0.420
eigenvalues:  tensor([48.1990, 46.3944])
hess item is 0.010036478750407696
4950	0.307	0.659	0.393	0.415
4960	0.305	0.666	0.390	0.423
4970	0.304	0.671	0.390	0.421
4980	0.303	0.672	0.390	0.423
4990	0.306	0.663	0.393	0.414
eigenvalues:  tensor([47.4503, 46.1758])
hess item is 0.009694636799395084
5000	0.303	0.674	0.391	0.422
5010	0.304	0.666	0.392	0.417
5020	0.302	0.676	0.391	0.421
5030	0.303	0.668	0.393	0.416
5040	0.301	0.677	0.391	0.422
eigenvalues:  tensor([46.9519, 45.4756])
hess item is 0.009368942119181156
5050	0.302	0.674	0.392	0.421
5060	0.299	0.682	0.390	0.421
5070	0.299	0.680	0.391	0.420
5080	0.300	0.676	0.393	0.420
5090	0.304	0.673	0.397	0.408
eigenvalues:  tensor([45.6976, 43.9205])
hess item is 0.00905898492783308
5100	0.300	0.679	0.393	0.418
5110	0.297	0.687	0.391	0.423
5120	0.297	0.687	0.391	0.423
5130	0.297	0.687	0.392	0.423
5140	0.297	0.688	0.392	0.422
eigenvalues:  tensor([45.1310, 43.8544])
hess item is 0.00876406766474247
5150	0.296	0.690	0.392	0.421
5160	0.296	0.696	0.392	0.423
5170	0.297	0.689	0.394	0.422
5180	0.297	0.689	0.394	0.417
5190	0.295	0.694	0.394	0.418
eigenvalues:  tensor([44.6412, 42.8499])
hess item is 0.008482865057885647
5200	0.297	0.689	0.396	0.418
5210	0.297	0.691	0.396	0.416
5220	0.295	0.700	0.394	0.419
5230	0.293	0.702	0.394	0.420
5240	0.292	0.702	0.393	0.423
eigenvalues:  tensor([42.9083, 41.5202])
hess item is 0.008213594555854797
5250	0.294	0.699	0.396	0.417
5260	0.294	0.700	0.396	0.414
5270	0.291	0.703	0.394	0.421
5280	0.290	0.702	0.393	0.421
5290	0.289	0.708	0.394	0.419
eigenvalues:  tensor([41.8832, 41.7779])
hess item is 0.007956963032484055
5300	0.290	0.705	0.395	0.419
5310	0.290	0.706	0.395	0.418
5320	0.290	0.709	0.396	0.420
5330	0.290	0.708	0.396	0.415
5340	0.288	0.709	0.395	0.419
eigenvalues:  tensor([41.9177, 41.0434])
hess item is 0.007713109254837036
5350	0.286	0.716	0.393	0.424
5360	0.288	0.712	0.396	0.418
5370	0.292	0.703	0.401	0.412
5380	0.288	0.715	0.397	0.417
5390	0.285	0.716	0.395	0.420
eigenvalues:  tensor([40.6802, 39.9316])
hess item is 0.00748172402381897
5400	0.286	0.716	0.396	0.418
5410	0.283	0.722	0.394	0.421
5420	0.283	0.720	0.395	0.422
5430	0.285	0.713	0.397	0.422
5440	0.284	0.717	0.396	0.419
eigenvalues:  tensor([40.0285, 39.6234])
hess item is 0.007259363308548927
5450	0.286	0.711	0.399	0.417
5460	0.289	0.703	0.403	0.412
5470	0.284	0.718	0.399	0.415
5480	0.282	0.729	0.397	0.420
5490	0.282	0.727	0.397	0.419
eigenvalues:  tensor([39.7154, 38.6141])
hess item is 0.007046720013022423
5500	0.282	0.729	0.398	0.419
5510	0.279	0.736	0.396	0.421
5520	0.286	0.720	0.404	0.414
5530	0.279	0.737	0.396	0.422
5540	0.277	0.739	0.396	0.422
eigenvalues:  tensor([38.8182, 38.2393])
hess item is 0.006845518946647644
5550	0.281	0.726	0.399	0.419
5560	0.282	0.726	0.401	0.418
5570	0.278	0.734	0.398	0.421
5580	0.277	0.743	0.398	0.419
5590	0.282	0.731	0.403	0.409
eigenvalues:  tensor([38.5020, 38.0479])
hess item is 0.006652071140706539
5600	0.275	0.748	0.398	0.420
5610	0.281	0.738	0.404	0.410
5620	0.281	0.730	0.404	0.413
5630	0.278	0.739	0.401	0.415
5640	0.272	0.754	0.396	0.422
eigenvalues:  tensor([37.3215, 36.5301])
hess item is 0.006467390339821577
5650	0.275	0.745	0.400	0.421
5660	0.276	0.742	0.402	0.416
5670	0.274	0.747	0.400	0.419
5680	0.271	0.752	0.397	0.422
5690	0.275	0.747	0.402	0.414
eigenvalues:  tensor([36.5839, 36.4578])
hess item is 0.006291086785495281
5700	0.271	0.752	0.399	0.418
5710	0.272	0.749	0.400	0.418
5720	0.272	0.748	0.402	0.417
5730	0.271	0.749	0.401	0.417
5740	0.269	0.756	0.399	0.419
eigenvalues:  tensor([36.8020, 36.3541])
hess item is 0.006122927647083998
5750	0.274	0.750	0.404	0.414
5760	0.267	0.762	0.399	0.423
5770	0.270	0.753	0.403	0.415
5780	0.271	0.746	0.404	0.413
5790	0.273	0.743	0.406	0.413
eigenvalues:  tensor([36.6098, 34.9351])
hess item is 0.0059622470289468765
5800	0.268	0.758	0.402	0.419
5810	0.269	0.758	0.404	0.411
5820	0.266	0.768	0.402	0.416
5830	0.262	0.778	0.400	0.418
5840	0.277	0.744	0.414	0.399
eigenvalues:  tensor([35.4198, 35.2237])
hess item is 0.0058103278279304504
5850	0.274	0.754	0.411	0.404
5860	0.265	0.770	0.402	0.417
5870	0.263	0.773	0.401	0.419
5880	0.268	0.758	0.407	0.413
5890	0.260	0.777	0.400	0.420
eigenvalues:  tensor([35.3067, 34.7513])
hess item is 0.0056656464003026485
5900	0.265	0.767	0.405	0.417
5910	0.263	0.769	0.405	0.413
5920	0.260	0.778	0.403	0.419
5930	0.261	0.776	0.404	0.415
5940	0.266	0.770	0.409	0.412
eigenvalues:  tensor([34.9376, 33.9484])
hess item is 0.005527105648070574
5950	0.262	0.773	0.406	0.413
5960	0.262	0.771	0.407	0.411
5970	0.259	0.783	0.404	0.416
5980	0.258	0.787	0.404	0.418
5990	0.255	0.786	0.402	0.421
eigenvalues:  tensor([34.6738, 33.8371])
hess item is 0.005393685773015022
6000	0.265	0.770	0.412	0.407
6010	0.257	0.790	0.404	0.415
6020	0.255	0.797	0.404	0.416
6030	0.257	0.787	0.407	0.413
6040	0.255	0.788	0.405	0.417
eigenvalues:  tensor([34.3080, 33.8248])
hess item is 0.005266228225082159
6050	0.259	0.780	0.409	0.413
6060	0.252	0.794	0.403	0.421
6070	0.251	0.797	0.403	0.420
6080	0.259	0.782	0.412	0.410
6090	0.255	0.790	0.408	0.413
eigenvalues:  tensor([34.0207, 33.5939])
hess item is 0.0051447064615786076
6100	0.256	0.792	0.409	0.410
6110	0.251	0.797	0.406	0.417
6120	0.254	0.787	0.408	0.417
6130	0.252	0.794	0.407	0.417
6140	0.257	0.788	0.413	0.408
eigenvalues:  tensor([33.8960, 33.1971])
hess item is 0.005028663668781519
6150	0.249	0.805	0.406	0.417
6160	0.249	0.812	0.407	0.414
6170	0.249	0.806	0.408	0.412
6180	0.251	0.803	0.410	0.408
6190	0.249	0.808	0.409	0.412
eigenvalues:  tensor([33.6246, 32.8986])
hess item is 0.004917895421385765
6200	0.250	0.809	0.409	0.414
6210	0.249	0.807	0.409	0.414
6220	0.255	0.797	0.417	0.407
6230	0.249	0.802	0.411	0.405
6240	0.250	0.795	0.412	0.406
eigenvalues:  tensor([33.0452, 32.8472])
hess item is 0.004812277387827635
6250	0.242	0.820	0.405	0.417
6260	0.246	0.812	0.410	0.417
6270	0.245	0.812	0.409	0.418
6280	0.241	0.822	0.406	0.417
6290	0.248	0.809	0.415	0.410
eigenvalues:  tensor([33.0896, 32.6514])
hess item is 0.004710808862000704
6300	0.243	0.817	0.410	0.416
6310	0.246	0.811	0.413	0.410
6320	0.250	0.807	0.417	0.405
6330	0.243	0.814	0.411	0.415
6340	0.242	0.821	0.411	0.412
eigenvalues:  tensor([32.9814, 32.4783])
hess item is 0.004613692872226238
6350	0.237	0.833	0.407	0.415
6360	0.239	0.830	0.410	0.410
6370	0.238	0.833	0.410	0.409
6380	0.240	0.828	0.413	0.406
6390	0.238	0.832	0.411	0.411
eigenvalues:  tensor([32.8798, 32.2396])
hess item is 0.00452013174071908
6400	0.240	0.826	0.413	0.409
6410	0.243	0.816	0.416	0.406
6420	0.245	0.813	0.419	0.406
6430	0.240	0.830	0.415	0.408
6440	0.236	0.832	0.412	0.411
eigenvalues:  tensor([32.6718, 32.3376])
hess item is 0.00443156436085701
6450	0.240	0.821	0.417	0.407
6460	0.234	0.834	0.412	0.414
6470	0.232	0.841	0.411	0.413
6480	0.239	0.831	0.417	0.406
6490	0.232	0.842	0.412	0.410
eigenvalues:  tensor([32.5922, 32.1723])
hess item is 0.004346940666437149
6500	0.237	0.834	0.418	0.403
6510	0.231	0.843	0.412	0.410
6520	0.231	0.840	0.413	0.415
6530	0.233	0.837	0.415	0.413
6540	0.234	0.835	0.417	0.405
eigenvalues:  tensor([32.5737, 32.2946])
hess item is 0.004264871124178171
6550	0.241	0.815	0.425	0.399
6560	0.229	0.845	0.412	0.410
6570	0.228	0.847	0.413	0.412
6580	0.238	0.826	0.423	0.398
6590	0.230	0.843	0.415	0.409
eigenvalues:  tensor([32.4597, 32.3113])
hess item is 0.004186184611171484
6600	0.227	0.849	0.413	0.409
6610	0.233	0.840	0.419	0.405
6620	0.237	0.832	0.423	0.406
6630	0.227	0.850	0.415	0.412
6640	0.225	0.848	0.415	0.411
eigenvalues:  tensor([32.4658, 31.6149])
hess item is 0.00411027017980814
6650	0.229	0.845	0.419	0.403
6660	0.223	0.857	0.414	0.409
6670	0.240	0.819	0.429	0.394
6680	0.227	0.853	0.417	0.406
6690	0.228	0.850	0.419	0.403
eigenvalues:  tensor([32.2628, 32.0423])
hess item is 0.004037949722260237
6700	0.227	0.846	0.419	0.407
6710	0.225	0.843	0.418	0.410
6720	0.229	0.840	0.422	0.406
6730	0.224	0.856	0.418	0.407
6740	0.226	0.851	0.420	0.405
eigenvalues:  tensor([32.1708, 31.7072])
hess item is 0.003969807643443346
6750	0.224	0.854	0.418	0.408
6760	0.224	0.857	0.419	0.405
6770	0.224	0.854	0.420	0.406
6780	0.222	0.860	0.419	0.408
6790	0.219	0.867	0.417	0.410
eigenvalues:  tensor([31.9134, 31.6718])
hess item is 0.0039047375321388245
6800	0.219	0.862	0.419	0.410
6810	0.220	0.866	0.420	0.404
6820	0.228	0.847	0.428	0.394
6830	0.225	0.843	0.426	0.394
6840	0.221	0.855	0.422	0.400
eigenvalues:  tensor([31.8565, 31.5147])
hess item is 0.003842900274321437
6850	0.220	0.861	0.422	0.402
6860	0.216	0.873	0.418	0.407
6870	0.214	0.874	0.417	0.411
6880	0.219	0.869	0.422	0.404
6890	0.213	0.876	0.418	0.408
eigenvalues:  tensor([31.7733, 31.6314])
hess item is 0.0037825850304216146
6900	0.210	0.882	0.417	0.405
6910	0.224	0.857	0.432	0.395
6920	0.219	0.869	0.425	0.400
6930	0.212	0.876	0.419	0.407
6940	0.221	0.862	0.429	0.397
eigenvalues:  tensor([31.8438, 31.4419])
hess item is 0.003725699381902814
6950	0.213	0.876	0.422	0.405
6960	0.216	0.863	0.426	0.403
6970	0.213	0.873	0.422	0.407
6980	0.212	0.874	0.422	0.405
6990	0.211	0.877	0.422	0.406
eigenvalues:  tensor([32.1192, 31.5503])
hess item is 0.003670741803944111
7000	0.210	0.879	0.422	0.409
7010	0.210	0.878	0.423	0.409
7020	0.214	0.875	0.427	0.404
7030	0.212	0.874	0.426	0.398
7040	0.214	0.865	0.428	0.399
eigenvalues:  tensor([32.0059, 31.6251])
hess item is 0.003617919748649001
7050	0.212	0.867	0.427	0.402
7060	0.214	0.865	0.429	0.405
7070	0.203	0.889	0.420	0.412
7080	0.207	0.884	0.425	0.408
7090	0.209	0.878	0.428	0.406
eigenvalues:  tensor([31.7251, 31.1974])
hess item is 0.0035663254093378782
7100	0.202	0.895	0.422	0.408
7110	0.206	0.884	0.426	0.405
7120	0.211	0.872	0.431	0.401
7130	0.207	0.878	0.427	0.404
7140	0.202	0.894	0.423	0.404
eigenvalues:  tensor([31.4878, 31.2202])
hess item is 0.0035191329661756754
7150	0.201	0.894	0.424	0.400
7160	0.209	0.877	0.431	0.393
7170	0.203	0.888	0.426	0.404
7180	0.207	0.881	0.430	0.401
7190	0.206	0.879	0.429	0.401
eigenvalues:  tensor([31.6955, 31.1849])
hess item is 0.003472871147096157
7200	0.205	0.884	0.430	0.400
7210	0.203	0.892	0.428	0.400
7220	0.199	0.897	0.425	0.405
7230	0.206	0.882	0.433	0.397
7240	0.208	0.884	0.436	0.396
eigenvalues:  tensor([32.3750, 31.6844])
hess item is 0.003427518531680107
7250	0.206	0.888	0.433	0.394
7260	0.202	0.890	0.429	0.402
7270	0.198	0.898	0.427	0.404
7280	0.197	0.904	0.428	0.402
7290	0.197	0.904	0.428	0.401
eigenvalues:  tensor([31.7719, 31.3394])
hess item is 0.003384804353117943
7300	0.199	0.897	0.429	0.400
7310	0.199	0.897	0.430	0.399
7320	0.196	0.900	0.428	0.401
7330	0.198	0.901	0.430	0.400
7340	0.197	0.896	0.430	0.403
eigenvalues:  tensor([32.1452, 31.6620])
hess item is 0.0033425460569560528
7350	0.200	0.887	0.433	0.404
7360	0.197	0.896	0.432	0.407
7370	0.197	0.899	0.431	0.404
7380	0.190	0.910	0.426	0.406
7390	0.193	0.909	0.429	0.405
eigenvalues:  tensor([31.5623, 31.3740])
hess item is 0.003303531324490905
7400	0.194	0.903	0.430	0.403
7410	0.192	0.907	0.429	0.404
7420	0.192	0.906	0.431	0.404
7430	0.193	0.906	0.433	0.404
7440	0.194	0.904	0.435	0.401
eigenvalues:  tensor([32.1791, 31.8275])
hess item is 0.0032666544429957867
7450	0.197	0.894	0.437	0.395
7460	0.191	0.903	0.432	0.403
7470	0.190	0.908	0.432	0.401
7480	0.188	0.911	0.430	0.406
7490	0.198	0.895	0.440	0.401
eigenvalues:  tensor([32.2064, 31.6084])
hess item is 0.0032295899000018835
7500	0.191	0.902	0.434	0.402
7510	0.188	0.906	0.433	0.401
7520	0.201	0.885	0.446	0.393
7530	0.188	0.910	0.433	0.401
7540	0.186	0.911	0.432	0.399
eigenvalues:  tensor([31.6167, 31.4371])
hess item is 0.0031933775171637535
7550	0.195	0.893	0.441	0.391
7560	0.188	0.907	0.435	0.400
7570	0.183	0.915	0.431	0.401
7580	0.182	0.917	0.430	0.403
7590	0.185	0.911	0.433	0.402
eigenvalues:  tensor([31.8102, 31.6377])
hess item is 0.0031582338269799948
7600	0.189	0.905	0.438	0.401
7610	0.186	0.908	0.437	0.403
7620	0.186	0.913	0.436	0.404
7630	0.182	0.924	0.433	0.404
7640	0.184	0.915	0.437	0.398
eigenvalues:  tensor([32.0420, 31.8312])
hess item is 0.0031260105315595865
7650	0.188	0.906	0.441	0.394
7660	0.181	0.923	0.435	0.400
7670	0.185	0.915	0.438	0.399
7680	0.186	0.908	0.439	0.399
7690	0.187	0.908	0.440	0.399
eigenvalues:  tensor([32.1100, 31.5450])
hess item is 0.003094019368290901
7700	0.181	0.919	0.435	0.398
7710	0.176	0.928	0.432	0.402
7720	0.177	0.924	0.434	0.399
7730	0.185	0.904	0.443	0.388
7740	0.179	0.919	0.437	0.395
eigenvalues:  tensor([32.0519, 31.5077])
hess item is 0.0030628694221377373
7750	0.181	0.914	0.439	0.393
7760	0.179	0.919	0.437	0.398
7770	0.186	0.903	0.446	0.392
7780	0.180	0.923	0.440	0.398
7790	0.174	0.932	0.435	0.401
eigenvalues:  tensor([31.4023, 31.0846])
hess item is 0.0030347581487149
7800	0.176	0.933	0.438	0.397
7810	0.179	0.923	0.440	0.393
7820	0.184	0.914	0.445	0.392
7830	0.176	0.924	0.437	0.403
7840	0.177	0.919	0.440	0.400
eigenvalues:  tensor([31.7902, 31.3685])
hess item is 0.003004679223522544
7850	0.179	0.919	0.442	0.400
7860	0.181	0.913	0.444	0.400
7870	0.172	0.930	0.438	0.401
7880	0.177	0.925	0.443	0.396
7890	0.178	0.925	0.443	0.397
eigenvalues:  tensor([31.8044, 31.3442])
hess item is 0.0029792445711791515
7900	0.173	0.933	0.439	0.400
7910	0.173	0.929	0.440	0.399
7920	0.176	0.923	0.441	0.395
7930	0.172	0.928	0.439	0.399
7940	0.172	0.927	0.441	0.397
eigenvalues:  tensor([32.1105, 31.7859])
hess item is 0.0029525517020374537
7950	0.177	0.920	0.446	0.392
7960	0.172	0.929	0.442	0.396
7970	0.172	0.926	0.442	0.394
7980	0.170	0.931	0.441	0.394
7990	0.168	0.935	0.440	0.394
eigenvalues:  tensor([31.7393, 31.5773])
hess item is 0.002926776884123683
8000	0.175	0.924	0.447	0.385
8010	0.172	0.930	0.445	0.390
8020	0.166	0.941	0.440	0.394
8030	0.164	0.941	0.439	0.401
8040	0.169	0.934	0.445	0.396
eigenvalues:  tensor([32.0876, 31.7683])
hess item is 0.0029026393312960863
8050	0.169	0.931	0.444	0.396
8060	0.172	0.926	0.448	0.393
8070	0.166	0.932	0.443	0.398
8080	0.164	0.934	0.442	0.396
8090	0.171	0.926	0.448	0.389
eigenvalues:  tensor([32.0169, 31.6692])
hess item is 0.0028801998123526573
8100	0.172	0.928	0.448	0.390
8110	0.166	0.932	0.444	0.394
8120	0.164	0.935	0.444	0.395
8130	0.169	0.932	0.447	0.392
8140	0.168	0.930	0.448	0.387
eigenvalues:  tensor([32.0411, 31.5297])
hess item is 0.0028577863704413176
8150	0.167	0.930	0.447	0.388
8160	0.162	0.939	0.443	0.394
8170	0.161	0.945	0.443	0.397
8180	0.162	0.943	0.444	0.396
8190	0.162	0.940	0.445	0.398
eigenvalues:  tensor([31.9424, 31.5161])
hess item is 0.0028348241467028856
8200	0.163	0.937	0.447	0.396
8210	0.160	0.942	0.445	0.399
8220	0.167	0.933	0.451	0.393
8230	0.158	0.944	0.444	0.397
8240	0.161	0.937	0.447	0.393
eigenvalues:  tensor([32.1174, 31.9392])
hess item is 0.002815829124301672
8250	0.162	0.937	0.448	0.390
8260	0.158	0.941	0.445	0.393
8270	0.164	0.931	0.451	0.389
8280	0.164	0.934	0.451	0.388
8290	0.161	0.941	0.449	0.396
eigenvalues:  tensor([32.0713, 31.6967])
hess item is 0.0027966126799583435
8300	0.162	0.936	0.450	0.398
8310	0.161	0.937	0.448	0.395
8320	0.157	0.942	0.446	0.398
8330	0.159	0.941	0.448	0.401
8340	0.158	0.939	0.448	0.400
eigenvalues:  tensor([31.9091, 31.5515])
hess item is 0.0027779708616435528
8350	0.158	0.938	0.449	0.400
8360	0.157	0.941	0.449	0.396
8370	0.158	0.942	0.450	0.397
8380	0.157	0.946	0.449	0.394
8390	0.156	0.948	0.450	0.391
eigenvalues:  tensor([31.9397, 31.5556])
hess item is 0.0027598077431321144
8400	0.155	0.949	0.449	0.392
8410	0.155	0.948	0.449	0.396
8420	0.156	0.950	0.452	0.394
8430	0.155	0.947	0.451	0.395
8440	0.155	0.947	0.450	0.397
eigenvalues:  tensor([32.5279, 32.1519])
hess item is 0.0027425235603004694
8450	0.160	0.936	0.454	0.391
8460	0.160	0.933	0.455	0.396
8470	0.154	0.944	0.450	0.397
8480	0.153	0.946	0.450	0.398
8490	0.153	0.946	0.451	0.396
eigenvalues:  tensor([32.0274, 31.5759])
hess item is 0.0027243238873779774
8500	0.151	0.951	0.449	0.395
8510	0.152	0.949	0.451	0.390
8520	0.157	0.938	0.457	0.385
8530	0.151	0.947	0.451	0.393
8540	0.151	0.945	0.452	0.394
eigenvalues:  tensor([32.1242, 31.5276])
hess item is 0.0027079773135483265
8550	0.152	0.945	0.452	0.397
8560	0.153	0.945	0.454	0.394
8570	0.151	0.951	0.452	0.395
8580	0.152	0.951	0.454	0.388
8590	0.151	0.953	0.453	0.388
eigenvalues:  tensor([31.8543, 31.5617])
hess item is 0.0026935951318591833
8600	0.149	0.953	0.452	0.390
8610	0.151	0.952	0.455	0.390
8620	0.146	0.956	0.451	0.393
8630	0.148	0.951	0.453	0.389
8640	0.149	0.952	0.454	0.388
eigenvalues:  tensor([31.8335, 31.7083])
hess item is 0.00267703365534544
8650	0.148	0.951	0.453	0.389
8660	0.150	0.947	0.455	0.389
8670	0.147	0.953	0.453	0.389
8680	0.148	0.953	0.454	0.391
8690	0.150	0.952	0.456	0.392
eigenvalues:  tensor([31.9638, 31.6531])
hess item is 0.002664202591404319
8700	0.144	0.955	0.451	0.397
8710	0.147	0.951	0.455	0.394
8720	0.149	0.949	0.457	0.388
8730	0.148	0.948	0.457	0.389
8740	0.149	0.945	0.460	0.388
eigenvalues:  tensor([32.0387, 31.7696])
hess item is 0.002648963825777173
8750	0.143	0.955	0.453	0.391
8760	0.145	0.950	0.456	0.391
8770	0.150	0.942	0.460	0.392
8780	0.148	0.947	0.458	0.394
8790	0.140	0.958	0.452	0.396
eigenvalues:  tensor([31.9647, 31.5461])
hess item is 0.002634132979437709
8800	0.145	0.956	0.457	0.396
8810	0.142	0.958	0.455	0.391
8820	0.139	0.961	0.453	0.393
8830	0.138	0.962	0.453	0.391
8840	0.144	0.954	0.459	0.390
eigenvalues:  tensor([32.1131, 31.7728])
hess item is 0.0026212073862552643
8850	0.140	0.957	0.455	0.394
8860	0.140	0.959	0.456	0.393
8870	0.140	0.960	0.457	0.388
8880	0.138	0.962	0.455	0.389
8890	0.142	0.958	0.460	0.388
eigenvalues:  tensor([32.2462, 31.8429])
hess item is 0.0026094485074281693
8900	0.141	0.959	0.458	0.391
8910	0.139	0.961	0.458	0.391
8920	0.140	0.959	0.458	0.388
8930	0.144	0.950	0.462	0.389
8940	0.146	0.946	0.462	0.387
eigenvalues:  tensor([32.4873, 31.9315])
hess item is 0.0025971911381930113
8950	0.141	0.954	0.458	0.391
8960	0.142	0.953	0.459	0.392
8970	0.138	0.958	0.457	0.391
8980	0.135	0.963	0.455	0.392
8990	0.135	0.967	0.456	0.390
eigenvalues:  tensor([31.8307, 31.5164])
hess item is 0.0025830576196312904
9000	0.137	0.964	0.459	0.387
9010	0.138	0.961	0.459	0.389
9020	0.133	0.967	0.456	0.390
9030	0.132	0.966	0.455	0.391
9040	0.134	0.967	0.458	0.389
eigenvalues:  tensor([32.0350, 31.6673])
hess item is 0.002570428652688861
9050	0.136	0.967	0.460	0.385
9060	0.136	0.961	0.460	0.390
9070	0.141	0.951	0.464	0.392
9080	0.136	0.957	0.460	0.393
9090	0.138	0.955	0.462	0.394
eigenvalues:  tensor([32.3880, 32.0540])
hess item is 0.002558955457061529
9100	0.137	0.958	0.461	0.391
9110	0.135	0.961	0.461	0.390
9120	0.134	0.963	0.460	0.391
9130	0.136	0.960	0.463	0.390
9140	0.132	0.964	0.460	0.391
eigenvalues:  tensor([32.0472, 31.5338])
hess item is 0.002546321600675583
9150	0.131	0.966	0.459	0.390
9160	0.131	0.969	0.460	0.389
9170	0.135	0.962	0.465	0.387
9180	0.131	0.967	0.460	0.389
9190	0.129	0.968	0.460	0.391
eigenvalues:  tensor([32.1481, 31.8078])
hess item is 0.00253399764187634
9200	0.132	0.963	0.462	0.387
9210	0.137	0.957	0.467	0.383
9220	0.132	0.962	0.462	0.389
9230	0.129	0.967	0.460	0.390
9240	0.130	0.965	0.461	0.391
eigenvalues:  tensor([31.9929, 31.7236])
hess item is 0.0025228685699403286
9250	0.128	0.968	0.459	0.392
9260	0.129	0.966	0.461	0.389
9270	0.131	0.965	0.463	0.389
9280	0.128	0.967	0.461	0.387
9290	0.128	0.968	0.461	0.386
eigenvalues:  tensor([32.2102, 31.7571])
hess item is 0.0025113446172326803
9300	0.136	0.955	0.469	0.376
9310	0.130	0.966	0.464	0.385
9320	0.125	0.970	0.460	0.387
9330	0.126	0.969	0.461	0.387
9340	0.131	0.965	0.465	0.382
eigenvalues:  tensor([32.1445, 31.8261])
hess item is 0.0025007009971886873
9350	0.127	0.968	0.463	0.387
9360	0.128	0.967	0.464	0.387
9370	0.130	0.966	0.466	0.386
9380	0.126	0.970	0.463	0.392
9390	0.126	0.970	0.462	0.392
eigenvalues:  tensor([32.0432, 31.7794])
hess item is 0.002491107676178217
9400	0.128	0.966	0.465	0.387
9410	0.127	0.968	0.464	0.385
9420	0.125	0.969	0.463	0.386
9430	0.124	0.969	0.462	0.388
9440	0.123	0.970	0.462	0.388
eigenvalues:  tensor([32.1772, 31.9409])
hess item is 0.002480385359376669
9450	0.125	0.967	0.464	0.392
9460	0.126	0.967	0.466	0.390
9470	0.127	0.962	0.467	0.391
9480	0.129	0.961	0.468	0.387
9490	0.122	0.970	0.463	0.390
eigenvalues:  tensor([32.1127, 31.7738])
hess item is 0.002470143837854266
9500	0.122	0.971	0.463	0.387
9510	0.120	0.973	0.463	0.387
9520	0.123	0.974	0.466	0.382
9530	0.121	0.974	0.465	0.385
9540	0.124	0.970	0.468	0.389
eigenvalues:  tensor([32.1815, 31.8565])
hess item is 0.002461114665493369
9550	0.124	0.967	0.467	0.388
9560	0.123	0.968	0.466	0.388
9570	0.122	0.969	0.466	0.392
9580	0.126	0.963	0.470	0.388
9590	0.128	0.959	0.472	0.386
eigenvalues:  tensor([32.2819, 31.9579])
hess item is 0.0024537688586860895
9600	0.124	0.966	0.468	0.386
9610	0.120	0.971	0.465	0.388
9620	0.123	0.968	0.467	0.389
9630	0.119	0.972	0.465	0.387
9640	0.117	0.974	0.464	0.389
eigenvalues:  tensor([32.0598, 31.7728])
hess item is 0.00244443048723042
9650	0.123	0.967	0.470	0.383
9660	0.121	0.969	0.468	0.383
9670	0.117	0.974	0.464	0.388
9680	0.116	0.975	0.465	0.389
9690	0.116	0.973	0.465	0.388
eigenvalues:  tensor([31.9534, 31.6093])
hess item is 0.0024360648822039366
9700	0.119	0.973	0.469	0.383
9710	0.119	0.973	0.468	0.382
9720	0.118	0.972	0.468	0.384
9730	0.116	0.975	0.466	0.385
9740	0.120	0.970	0.470	0.384
eigenvalues:  tensor([31.8947, 31.7593])
hess item is 0.0024280904326587915
9750	0.119	0.972	0.470	0.385
9760	0.116	0.975	0.467	0.386
9770	0.120	0.970	0.470	0.382
9780	0.120	0.970	0.471	0.382
9790	0.118	0.973	0.469	0.384
eigenvalues:  tensor([31.9031, 31.6232])
hess item is 0.0024194899015128613
9800	0.115	0.976	0.467	0.386
9810	0.114	0.977	0.467	0.387
9820	0.116	0.974	0.469	0.386
9830	0.118	0.973	0.471	0.387
9840	0.114	0.975	0.467	0.389
eigenvalues:  tensor([32.0330, 31.7756])
hess item is 0.0024125268682837486
9850	0.113	0.976	0.467	0.390
9860	0.114	0.975	0.469	0.387
9870	0.117	0.970	0.472	0.386
9880	0.117	0.970	0.472	0.387
9890	0.114	0.974	0.469	0.388
eigenvalues:  tensor([32.1098, 31.8358])
hess item is 0.00240586930885911
9900	0.114	0.975	0.469	0.387
9910	0.115	0.974	0.471	0.388
9920	0.117	0.971	0.473	0.387
9930	0.117	0.970	0.473	0.387
9940	0.113	0.977	0.469	0.387
eigenvalues:  tensor([32.1000, 31.7086])
hess item is 0.002399149350821972
9950	0.112	0.977	0.469	0.384
9960	0.111	0.979	0.468	0.386
9970	0.111	0.979	0.470	0.388
9980	0.110	0.979	0.469	0.386
9990	0.112	0.977	0.471	0.385
