device: cuda:5
output directory: RESULTS/cifar10-10k/fc-tanh/seed_0/mse/ivon/lr_0.0005_h0_0.1_post_1_alpha_100.0_beta2_0.995_beta_0.0_ess_10000000.0_ivon
Files already downloaded and verified
Files already downloaded and verified
optimizer is IVON
0	0.597	0.131	0.597	0.131
10	0.512	0.193	0.514	0.189
20	0.493	0.220	0.496	0.214
30	0.481	0.242	0.485	0.230
40	0.473	0.255	0.476	0.245
eigenvalues:  tensor([75.7169, 62.3371])
hess item is 0.0833946242928505
50	0.466	0.268	0.470	0.255
60	0.460	0.280	0.464	0.267
70	0.454	0.293	0.460	0.276
80	0.450	0.298	0.455	0.282
90	0.446	0.307	0.452	0.288
eigenvalues:  tensor([73.9150, 60.5060])
hess item is 0.06780784577131271
100	0.442	0.315	0.448	0.294
110	0.438	0.323	0.445	0.298
120	0.435	0.329	0.443	0.301
130	0.432	0.335	0.440	0.308
140	0.429	0.342	0.438	0.313
eigenvalues:  tensor([72.3182, 58.4821])
hess item is 0.054794829338788986
150	0.427	0.347	0.435	0.316
160	0.424	0.352	0.433	0.320
170	0.422	0.356	0.432	0.320
180	0.419	0.359	0.429	0.328
190	0.417	0.362	0.428	0.328
eigenvalues:  tensor([70.5856, 57.3819])
hess item is 0.0443623811006546
200	0.415	0.370	0.426	0.334
210	0.413	0.374	0.424	0.336
220	0.410	0.380	0.423	0.341
230	0.409	0.384	0.422	0.344
240	0.406	0.387	0.419	0.343
eigenvalues:  tensor([68.6800, 56.3775])
hess item is 0.037611447274684906
250	0.406	0.387	0.419	0.345
260	0.403	0.392	0.417	0.345
270	0.403	0.392	0.418	0.346
280	0.400	0.401	0.415	0.358
290	0.398	0.408	0.414	0.361
eigenvalues:  tensor([63.4692, 54.5438])
hess item is 0.033187393099069595
300	0.398	0.405	0.415	0.351
310	0.402	0.402	0.419	0.347
320	0.396	0.414	0.414	0.358
330	0.395	0.412	0.414	0.354
340	0.391	0.429	0.410	0.367
eigenvalues:  tensor([52.0986, 50.2934])
hess item is 0.034298088401556015
350	0.397	0.423	0.416	0.359
360	0.387	0.447	0.407	0.378
370	0.390	0.424	0.411	0.364
380	0.392	0.437	0.412	0.367
390	0.386	0.444	0.408	0.370
eigenvalues:  tensor([49.4093, 44.7269])
hess item is 0.03450702875852585
400	0.392	0.433	0.414	0.367
410	0.390	0.424	0.414	0.352
420	0.381	0.455	0.406	0.375
430	0.381	0.455	0.406	0.371
440	0.382	0.450	0.408	0.372
eigenvalues:  tensor([47.8252, 42.5308])
hess item is 0.032987311482429504
450	0.385	0.461	0.412	0.379
460	0.374	0.471	0.401	0.387
470	0.377	0.475	0.404	0.380
480	0.373	0.479	0.402	0.388
490	0.371	0.489	0.399	0.392
eigenvalues:  tensor([44.3021, 40.2465])
hess item is 0.03241269662976265
500	0.373	0.473	0.402	0.384
510	0.370	0.482	0.401	0.386
520	0.369	0.477	0.400	0.384
530	0.379	0.469	0.410	0.382
540	0.367	0.496	0.400	0.391
eigenvalues:  tensor([41.6864, 38.4618])
hess item is 0.03122268244624138
550	0.364	0.501	0.399	0.393
560	0.364	0.504	0.398	0.392
570	0.367	0.500	0.401	0.396
580	0.365	0.495	0.400	0.393
590	0.363	0.503	0.400	0.389
eigenvalues:  tensor([40.5736, 37.5097])
hess item is 0.028728317469358444
600	0.360	0.510	0.398	0.387
610	0.359	0.508	0.397	0.396
620	0.358	0.521	0.397	0.400
630	0.356	0.520	0.395	0.403
640	0.358	0.518	0.399	0.407
eigenvalues:  tensor([40.2253, 37.2584])
hess item is 0.026468632742762566
650	0.359	0.511	0.400	0.392
660	0.357	0.508	0.399	0.393
670	0.352	0.529	0.395	0.404
680	0.355	0.524	0.399	0.393
690	0.351	0.536	0.395	0.401
eigenvalues:  tensor([38.8084, 36.3524])
hess item is 0.025710836052894592
700	0.350	0.541	0.395	0.402
710	0.349	0.549	0.396	0.400
720	0.349	0.545	0.396	0.395
730	0.348	0.541	0.396	0.402
740	0.343	0.562	0.393	0.410
eigenvalues:  tensor([36.7987, 34.7824])
hess item is 0.02468423917889595
750	0.343	0.560	0.393	0.405
760	0.345	0.549	0.396	0.400
770	0.343	0.554	0.394	0.404
780	0.344	0.550	0.396	0.407
790	0.342	0.559	0.395	0.406
eigenvalues:  tensor([35.9972, 34.4099])
hess item is 0.023911217227578163
800	0.338	0.574	0.392	0.410
810	0.341	0.556	0.396	0.400
820	0.341	0.566	0.396	0.405
830	0.340	0.571	0.397	0.403
840	0.338	0.566	0.396	0.402
eigenvalues:  tensor([34.8431, 32.9739])
hess item is 0.02249860391020775
850	0.332	0.587	0.392	0.415
860	0.332	0.584	0.392	0.411
870	0.337	0.571	0.399	0.396
880	0.331	0.591	0.393	0.411
890	0.330	0.594	0.393	0.417
eigenvalues:  tensor([33.9848, 32.7934])
hess item is 0.021272888407111168
900	0.329	0.592	0.394	0.412
910	0.329	0.594	0.393	0.411
920	0.331	0.592	0.396	0.414
930	0.329	0.601	0.396	0.408
940	0.330	0.593	0.399	0.407
eigenvalues:  tensor([33.0071, 31.8161])
hess item is 0.02047264389693737
950	0.323	0.619	0.392	0.414
960	0.326	0.607	0.396	0.410
970	0.323	0.609	0.394	0.416
980	0.330	0.599	0.402	0.399
990	0.322	0.618	0.394	0.410
eigenvalues:  tensor([33.4149, 32.0009])
hess item is 0.01985934190452099
1000	0.327	0.599	0.401	0.402
1010	0.319	0.623	0.395	0.410
1020	0.319	0.626	0.396	0.408
1030	0.317	0.634	0.395	0.411
1040	0.316	0.634	0.394	0.407
eigenvalues:  tensor([32.2217, 31.2347])
hess item is 0.01916453428566456
1050	0.315	0.642	0.396	0.408
1060	0.313	0.642	0.393	0.416
1070	0.317	0.626	0.399	0.410
1080	0.317	0.638	0.399	0.406
1090	0.310	0.650	0.394	0.415
eigenvalues:  tensor([31.9851, 30.7525])
hess item is 0.019086627289652824
1100	0.311	0.659	0.397	0.408
1110	0.314	0.640	0.399	0.408
1120	0.311	0.659	0.398	0.410
1130	0.309	0.663	0.396	0.410
1140	0.308	0.652	0.397	0.410
eigenvalues:  tensor([30.9365, 30.2509])
hess item is 0.018787797540426254
1150	0.307	0.668	0.397	0.408
1160	0.304	0.671	0.394	0.417
1170	0.307	0.651	0.398	0.413
1180	0.301	0.679	0.393	0.416
1190	0.308	0.650	0.402	0.410
eigenvalues:  tensor([30.8893, 29.7391])
hess item is 0.019145134836435318
1200	0.301	0.678	0.396	0.413
1210	0.299	0.681	0.395	0.417
1220	0.301	0.687	0.398	0.411
1230	0.298	0.686	0.395	0.414
1240	0.294	0.706	0.394	0.416
eigenvalues:  tensor([30.2239, 29.5844])
hess item is 0.019273709505796432
1250	0.297	0.685	0.397	0.414
1260	0.293	0.701	0.395	0.419
1270	0.296	0.688	0.397	0.419
1280	0.294	0.690	0.398	0.413
1290	0.291	0.715	0.396	0.412
eigenvalues:  tensor([29.8359, 29.1537])
hess item is 0.019037915393710136
1300	0.293	0.700	0.398	0.410
1310	0.293	0.700	0.401	0.411
1320	0.292	0.702	0.399	0.413
1330	0.289	0.710	0.398	0.409
1340	0.286	0.722	0.397	0.412
eigenvalues:  tensor([29.9156, 28.7208])
hess item is 0.01863212324678898
1350	0.286	0.727	0.397	0.414
1360	0.287	0.712	0.400	0.417
1370	0.285	0.722	0.399	0.411
1380	0.286	0.720	0.400	0.416
1390	0.289	0.715	0.406	0.402
eigenvalues:  tensor([29.3108, 28.7741])
hess item is 0.01805451326072216
1400	0.280	0.735	0.397	0.418
1410	0.288	0.716	0.406	0.405
1420	0.280	0.736	0.398	0.416
1430	0.282	0.727	0.402	0.410
1440	0.279	0.737	0.400	0.415
eigenvalues:  tensor([28.9064, 28.5968])
hess item is 0.01781501993536949
1450	0.277	0.743	0.400	0.415
1460	0.274	0.753	0.398	0.415
1470	0.274	0.753	0.399	0.414
1480	0.274	0.756	0.400	0.412
1490	0.273	0.756	0.400	0.415
eigenvalues:  tensor([28.9425, 28.3390])
hess item is 0.017818579450249672
1500	0.274	0.753	0.402	0.413
1510	0.273	0.753	0.403	0.412
1520	0.273	0.755	0.402	0.416
1530	0.269	0.768	0.400	0.413
1540	0.269	0.768	0.402	0.409
eigenvalues:  tensor([28.5434, 27.9544])
hess item is 0.017500443384051323
1550	0.266	0.772	0.400	0.412
1560	0.267	0.771	0.402	0.413
1570	0.270	0.756	0.404	0.411
1580	0.267	0.769	0.403	0.411
1590	0.274	0.753	0.410	0.405
eigenvalues:  tensor([28.6548, 28.1308])
hess item is 0.017968222498893738
1600	0.263	0.779	0.402	0.410
1610	0.263	0.781	0.403	0.414
1620	0.264	0.780	0.406	0.403
1630	0.267	0.771	0.410	0.399
1640	0.258	0.797	0.401	0.413
eigenvalues:  tensor([28.4486, 27.8530])
hess item is 0.01746537908911705
1650	0.256	0.796	0.401	0.416
1660	0.260	0.792	0.406	0.403
1670	0.263	0.774	0.411	0.405
1680	0.258	0.789	0.405	0.411
1690	0.257	0.789	0.405	0.412
eigenvalues:  tensor([28.1210, 27.6262])
hess item is 0.017097504809498787
1700	0.256	0.800	0.406	0.410
1710	0.253	0.803	0.405	0.409
1720	0.253	0.810	0.405	0.409
1730	0.253	0.797	0.407	0.409
1740	0.257	0.785	0.411	0.408
eigenvalues:  tensor([28.1004, 27.8593])
hess item is 0.017109250649809837
1750	0.255	0.803	0.410	0.407
1760	0.253	0.806	0.409	0.403
1770	0.250	0.806	0.408	0.410
1780	0.247	0.821	0.406	0.410
1790	0.258	0.795	0.417	0.397
eigenvalues:  tensor([28.1029, 27.6980])
hess item is 0.017199227586388588
1800	0.252	0.806	0.412	0.407
1810	0.248	0.817	0.410	0.410
1820	0.247	0.823	0.410	0.404
1830	0.242	0.831	0.407	0.410
1840	0.244	0.830	0.408	0.409
eigenvalues:  tensor([27.8105, 27.3865])
hess item is 0.016865430399775505
1850	0.247	0.820	0.413	0.406
1860	0.251	0.813	0.416	0.404
1870	0.246	0.818	0.415	0.401
1880	0.244	0.825	0.413	0.404
1890	0.238	0.835	0.409	0.414
eigenvalues:  tensor([28.0627, 27.5569])
hess item is 0.017071669921278954
1900	0.243	0.833	0.414	0.407
1910	0.238	0.841	0.410	0.408
1920	0.237	0.839	0.411	0.408
1930	0.238	0.832	0.412	0.411
1940	0.233	0.857	0.409	0.409
eigenvalues:  tensor([27.7462, 27.4723])
hess item is 0.016958078369498253
1950	0.235	0.842	0.412	0.408
1960	0.237	0.846	0.415	0.403
1970	0.235	0.840	0.413	0.411
1980	0.235	0.851	0.414	0.404
1990	0.232	0.846	0.413	0.413
eigenvalues:  tensor([27.6005, 27.2756])
hess item is 0.016961196437478065
2000	0.232	0.848	0.415	0.405
2010	0.232	0.848	0.414	0.409
2020	0.226	0.862	0.411	0.409
2030	0.229	0.857	0.413	0.408
2040	0.226	0.865	0.412	0.412
eigenvalues:  tensor([27.6094, 27.5847])
hess item is 0.01651075668632984
2050	0.233	0.836	0.421	0.399
2060	0.227	0.857	0.415	0.409
2070	0.229	0.853	0.419	0.405
2080	0.230	0.850	0.420	0.402
2090	0.226	0.861	0.417	0.402
eigenvalues:  tensor([27.5797, 27.1719])
hess item is 0.01696067303419113
2100	0.225	0.859	0.418	0.403
2110	0.227	0.856	0.420	0.406
2120	0.221	0.870	0.416	0.405
2130	0.223	0.867	0.418	0.406
2140	0.221	0.864	0.419	0.406
eigenvalues:  tensor([27.5512, 26.9992])
hess item is 0.016939884051680565
2150	0.220	0.871	0.418	0.407
2160	0.217	0.876	0.416	0.408
2170	0.222	0.872	0.422	0.401
2180	0.216	0.882	0.417	0.408
2190	0.217	0.874	0.419	0.408
eigenvalues:  tensor([27.6994, 27.0495])
hess item is 0.017236467450857162
2200	0.222	0.858	0.423	0.406
2210	0.216	0.881	0.420	0.402
2220	0.214	0.881	0.420	0.404
2230	0.221	0.867	0.428	0.396
2240	0.215	0.881	0.422	0.406
eigenvalues:  tensor([27.4343, 26.8716])
hess item is 0.017083177343010902
2250	0.216	0.879	0.425	0.394
2260	0.210	0.889	0.420	0.407
2270	0.214	0.884	0.425	0.401
2280	0.210	0.887	0.421	0.408
2290	0.213	0.885	0.426	0.402
eigenvalues:  tensor([27.5654, 26.8668])
hess item is 0.016571173444390297
2300	0.208	0.893	0.422	0.402
2310	0.212	0.879	0.426	0.399
2320	0.210	0.885	0.424	0.406
2330	0.205	0.891	0.423	0.405
2340	0.205	0.896	0.423	0.400
eigenvalues:  tensor([27.5432, 27.0215])
hess item is 0.017051992937922478
2350	0.207	0.896	0.427	0.395
2360	0.205	0.895	0.424	0.405
2370	0.209	0.887	0.431	0.404
2380	0.203	0.896	0.425	0.401
2390	0.203	0.899	0.425	0.404
eigenvalues:  tensor([27.4466, 26.8557])
hess item is 0.017070652917027473
2400	0.201	0.908	0.424	0.398
2410	0.201	0.902	0.425	0.401
2420	0.202	0.897	0.428	0.401
2430	0.206	0.892	0.432	0.398
2440	0.199	0.905	0.426	0.406
eigenvalues:  tensor([27.4696, 26.9727])
hess item is 0.01707201823592186
2450	0.199	0.905	0.427	0.400
2460	0.201	0.899	0.429	0.398
2470	0.197	0.907	0.428	0.407
2480	0.197	0.903	0.428	0.403
2490	0.195	0.911	0.427	0.396
eigenvalues:  tensor([27.7174, 27.1250])
hess item is 0.0169761274009943
2500	0.196	0.906	0.428	0.397
2510	0.197	0.905	0.431	0.400
2520	0.197	0.907	0.431	0.400
2530	0.198	0.902	0.433	0.397
2540	0.193	0.909	0.430	0.403
eigenvalues:  tensor([27.4387, 27.3242])
hess item is 0.016487132757902145
2550	0.194	0.907	0.432	0.397
2560	0.188	0.922	0.427	0.400
2570	0.195	0.905	0.435	0.398
2580	0.193	0.913	0.433	0.401
2590	0.192	0.912	0.432	0.397
eigenvalues:  tensor([27.4321, 27.0634])
hess item is 0.016488483175635338
2600	0.190	0.915	0.432	0.397
2610	0.192	0.913	0.435	0.400
2620	0.194	0.908	0.437	0.400
2630	0.189	0.925	0.434	0.394
2640	0.195	0.905	0.440	0.392
eigenvalues:  tensor([27.5032, 27.1596])
hess item is 0.017009925097227097
2650	0.184	0.923	0.430	0.400
2660	0.187	0.920	0.436	0.397
2670	0.187	0.920	0.436	0.396
2680	0.186	0.917	0.437	0.396
2690	0.182	0.927	0.433	0.397
eigenvalues:  tensor([27.3800, 26.9510])
hess item is 0.01657029613852501
2700	0.187	0.919	0.438	0.396
2710	0.186	0.918	0.438	0.395
2720	0.184	0.925	0.437	0.395
2730	0.180	0.928	0.435	0.401
2740	0.193	0.905	0.447	0.388
eigenvalues:  tensor([27.6604, 27.3015])
hess item is 0.01699921302497387
2750	0.181	0.923	0.436	0.396
2760	0.181	0.926	0.439	0.396
2770	0.183	0.925	0.439	0.393
2780	0.179	0.931	0.437	0.397
2790	0.179	0.928	0.438	0.394
eigenvalues:  tensor([27.5187, 26.9543])
hess item is 0.017222406342625618
2800	0.179	0.933	0.439	0.391
2810	0.182	0.925	0.445	0.389
2820	0.179	0.927	0.441	0.394
2830	0.175	0.934	0.438	0.394
2840	0.174	0.933	0.437	0.398
eigenvalues:  tensor([27.6343, 27.1816])
hess item is 0.016810594126582146
2850	0.180	0.929	0.445	0.393
2860	0.178	0.931	0.443	0.389
2870	0.179	0.926	0.444	0.392
2880	0.178	0.930	0.446	0.389
2890	0.173	0.936	0.441	0.396
eigenvalues:  tensor([27.6590, 27.1768])
hess item is 0.016394054517149925
2900	0.173	0.936	0.442	0.396
2910	0.169	0.940	0.439	0.397
2920	0.171	0.939	0.440	0.395
2930	0.172	0.938	0.443	0.394
2940	0.173	0.935	0.443	0.394
eigenvalues:  tensor([27.6249, 27.1638])
hess item is 0.016395535320043564
2950	0.173	0.933	0.447	0.391
2960	0.169	0.938	0.443	0.399
2970	0.169	0.940	0.444	0.397
2980	0.166	0.941	0.442	0.396
2990	0.174	0.927	0.449	0.386
eigenvalues:  tensor([27.8750, 27.4044])
hess item is 0.016893411055207253
3000	0.167	0.940	0.444	0.394
3010	0.172	0.938	0.449	0.389
3020	0.173	0.932	0.449	0.387
3030	0.169	0.942	0.449	0.388
3040	0.164	0.946	0.445	0.395
eigenvalues:  tensor([27.7839, 27.1301])
hess item is 0.01626121625304222
3050	0.168	0.942	0.448	0.393
3060	0.166	0.943	0.447	0.388
3070	0.165	0.948	0.447	0.389
3080	0.162	0.945	0.445	0.395
3090	0.166	0.938	0.449	0.395
eigenvalues:  tensor([27.8573, 27.2681])
hess item is 0.016489636152982712
3100	0.160	0.950	0.445	0.393
3110	0.165	0.939	0.449	0.393
3120	0.166	0.943	0.453	0.389
3130	0.160	0.948	0.448	0.392
3140	0.162	0.947	0.449	0.393
eigenvalues:  tensor([28.0698, 27.3465])
hess item is 0.016582513228058815
3150	0.164	0.944	0.451	0.383
3160	0.160	0.947	0.449	0.394
3170	0.164	0.944	0.454	0.389
3180	0.159	0.950	0.451	0.385
3190	0.159	0.950	0.451	0.389
eigenvalues:  tensor([27.8960, 27.3830])
hess item is 0.016797272488474846
3200	0.161	0.947	0.452	0.389
3210	0.159	0.949	0.452	0.384
3220	0.160	0.945	0.454	0.394
3230	0.156	0.951	0.450	0.389
3240	0.163	0.942	0.457	0.388
eigenvalues:  tensor([27.8273, 27.2145])
hess item is 0.016332577913999557
3250	0.156	0.950	0.452	0.388
3260	0.158	0.950	0.456	0.388
3270	0.156	0.954	0.454	0.389
3280	0.157	0.951	0.455	0.386
3290	0.160	0.943	0.459	0.387
eigenvalues:  tensor([27.9295, 27.1082])
hess item is 0.01700042188167572
3300	0.157	0.953	0.456	0.379
3310	0.155	0.949	0.454	0.395
3320	0.154	0.951	0.454	0.391
3330	0.152	0.954	0.454	0.390
3340	0.156	0.949	0.459	0.391
eigenvalues:  tensor([27.7726, 27.1459])
hess item is 0.01721222884953022
3350	0.151	0.956	0.453	0.388
3360	0.151	0.957	0.455	0.385
3370	0.152	0.957	0.456	0.384
3380	0.151	0.954	0.456	0.388
3390	0.152	0.955	0.457	0.382
eigenvalues:  tensor([27.8946, 27.2559])
hess item is 0.016547100618481636
3400	0.151	0.953	0.457	0.388
3410	0.149	0.957	0.455	0.390
3420	0.152	0.953	0.458	0.386
3430	0.150	0.956	0.459	0.385
3440	0.150	0.957	0.459	0.380
eigenvalues:  tensor([28.0691, 27.2613])
hess item is 0.016673076897859573
3450	0.147	0.959	0.456	0.387
3460	0.149	0.955	0.459	0.387
3470	0.151	0.955	0.463	0.377
3480	0.153	0.949	0.464	0.380
3490	0.151	0.953	0.462	0.386
eigenvalues:  tensor([27.9951, 27.5329])
hess item is 0.016850696876645088
3500	0.146	0.957	0.459	0.390
3510	0.150	0.954	0.462	0.387
3520	0.151	0.955	0.465	0.380
3530	0.146	0.959	0.461	0.384
3540	0.142	0.964	0.459	0.383
eigenvalues:  tensor([28.0783, 27.3296])
hess item is 0.01662011444568634
3550	0.147	0.955	0.463	0.385
3560	0.146	0.958	0.464	0.383
3570	0.142	0.962	0.460	0.385
3580	0.146	0.959	0.463	0.378
3590	0.141	0.962	0.459	0.387
eigenvalues:  tensor([27.9790, 27.4945])
hess item is 0.016565995290875435
3600	0.145	0.960	0.464	0.386
3610	0.143	0.961	0.463	0.387
3620	0.144	0.961	0.464	0.383
3630	0.141	0.964	0.462	0.385
3640	0.145	0.959	0.466	0.383
eigenvalues:  tensor([28.2558, 27.3137])
hess item is 0.016458122059702873
3650	0.140	0.963	0.462	0.385
3660	0.146	0.958	0.469	0.376
3670	0.145	0.962	0.467	0.380
3680	0.140	0.961	0.465	0.386
3690	0.143	0.961	0.466	0.382
eigenvalues:  tensor([28.0184, 27.3707])
hess item is 0.016458816826343536
3700	0.137	0.967	0.464	0.384
3710	0.138	0.967	0.465	0.382
3720	0.138	0.966	0.464	0.384
3730	0.139	0.965	0.465	0.383
3740	0.140	0.960	0.468	0.386
eigenvalues:  tensor([28.1275, 27.5402])
hess item is 0.016252808272838593
3750	0.140	0.962	0.469	0.383
3760	0.140	0.962	0.468	0.380
3770	0.140	0.961	0.469	0.382
3780	0.134	0.969	0.465	0.382
3790	0.136	0.968	0.467	0.382
eigenvalues:  tensor([28.2490, 27.5990])
hess item is 0.0158609077334404
3800	0.137	0.965	0.469	0.386
3810	0.140	0.964	0.473	0.377
3820	0.135	0.966	0.468	0.385
3830	0.136	0.964	0.470	0.382
3840	0.138	0.964	0.472	0.376
eigenvalues:  tensor([28.1896, 27.4391])
hess item is 0.01583307981491089
3850	0.131	0.970	0.466	0.383
3860	0.135	0.968	0.472	0.378
3870	0.138	0.967	0.473	0.376
3880	0.133	0.969	0.469	0.381
3890	0.131	0.970	0.468	0.388
eigenvalues:  tensor([28.5743, 27.7746])
hess item is 0.016072679311037064
3900	0.131	0.970	0.469	0.380
3910	0.141	0.956	0.478	0.380
3920	0.133	0.966	0.471	0.380
3930	0.134	0.964	0.473	0.379
3940	0.135	0.963	0.475	0.382
eigenvalues:  tensor([28.5289, 27.7939])
hess item is 0.01663426123559475
3950	0.138	0.960	0.478	0.377
3960	0.134	0.966	0.475	0.380
3970	0.133	0.964	0.472	0.381
3980	0.129	0.969	0.471	0.383
3990	0.132	0.967	0.473	0.378
eigenvalues:  tensor([28.7638, 27.9230])
hess item is 0.01660677045583725
4000	0.133	0.966	0.476	0.376
4010	0.128	0.972	0.471	0.378
4020	0.133	0.966	0.476	0.373
4030	0.131	0.968	0.475	0.379
4040	0.129	0.970	0.472	0.380
eigenvalues:  tensor([28.6997, 27.9522])
hess item is 0.01635001040995121
4050	0.132	0.967	0.477	0.381
4060	0.128	0.972	0.473	0.377
4070	0.131	0.965	0.476	0.379
4080	0.128	0.970	0.474	0.376
4090	0.128	0.971	0.477	0.374
eigenvalues:  tensor([28.3614, 27.6583])
hess item is 0.01623869314789772
4100	0.125	0.974	0.473	0.379
4110	0.129	0.969	0.478	0.377
4120	0.126	0.973	0.475	0.377
4130	0.126	0.973	0.476	0.377
4140	0.127	0.970	0.476	0.378
eigenvalues:  tensor([28.5494, 27.8368])
hess item is 0.015879511833190918
4150	0.125	0.972	0.476	0.380
4160	0.128	0.970	0.478	0.375
4170	0.127	0.970	0.478	0.379
4180	0.123	0.973	0.477	0.380
4190	0.124	0.970	0.476	0.382
eigenvalues:  tensor([28.6154, 27.8031])
hess item is 0.015744749456644058
4200	0.127	0.968	0.480	0.375
4210	0.124	0.970	0.477	0.378
4220	0.126	0.970	0.481	0.375
4230	0.126	0.971	0.481	0.371
4240	0.131	0.963	0.485	0.375
eigenvalues:  tensor([28.7112, 27.8827])
hess item is 0.015975765883922577
4250	0.122	0.973	0.477	0.379
4260	0.124	0.972	0.480	0.378
4270	0.128	0.972	0.485	0.370
4280	0.121	0.975	0.479	0.376
4290	0.121	0.973	0.479	0.378
eigenvalues:  tensor([28.5265, 27.9796])
hess item is 0.01597093604505062
4300	0.128	0.966	0.486	0.375
4310	0.123	0.970	0.483	0.378
4320	0.123	0.971	0.482	0.376
4330	0.123	0.972	0.482	0.380
4340	0.121	0.975	0.482	0.374
eigenvalues:  tensor([28.7549, 27.8284])
hess item is 0.016387248411774635
4350	0.123	0.975	0.483	0.372
4360	0.118	0.975	0.479	0.379
4370	0.117	0.978	0.479	0.377
4380	0.120	0.976	0.482	0.379
4390	0.120	0.975	0.482	0.375
eigenvalues:  tensor([28.8212, 27.9837])
hess item is 0.01626412943005562
4400	0.122	0.974	0.484	0.374
4410	0.120	0.974	0.484	0.373
4420	0.119	0.976	0.483	0.373
4430	0.118	0.977	0.482	0.373
4440	0.116	0.976	0.481	0.376
eigenvalues:  tensor([28.8017, 27.8253])
hess item is 0.016730640083551407
4450	0.117	0.976	0.481	0.377
4460	0.121	0.975	0.486	0.373
4470	0.117	0.975	0.483	0.378
4480	0.116	0.976	0.483	0.379
4490	0.115	0.977	0.482	0.379
eigenvalues:  tensor([28.7709, 27.7302])
hess item is 0.016271887347102165
4500	0.116	0.979	0.483	0.371
4510	0.115	0.978	0.483	0.371
4520	0.118	0.976	0.486	0.373
4530	0.128	0.968	0.495	0.362
4540	0.120	0.975	0.487	0.369
eigenvalues:  tensor([28.8859, 27.9173])
hess item is 0.016463439911603928
4550	0.115	0.975	0.485	0.378
4560	0.120	0.970	0.489	0.375
4570	0.115	0.980	0.484	0.373
4580	0.115	0.978	0.485	0.371
4590	0.113	0.977	0.485	0.375
eigenvalues:  tensor([28.8766, 27.7162])
hess item is 0.01623932085931301
4600	0.112	0.979	0.483	0.379
4610	0.120	0.973	0.491	0.366
4620	0.125	0.968	0.497	0.366
4630	0.115	0.978	0.487	0.374
4640	0.114	0.978	0.487	0.375
eigenvalues:  tensor([29.0072, 28.0320])
hess item is 0.016642842441797256
4650	0.117	0.975	0.490	0.371
4660	0.117	0.974	0.490	0.377
4670	0.113	0.979	0.487	0.370
4680	0.112	0.978	0.487	0.375
4690	0.110	0.980	0.485	0.375
eigenvalues:  tensor([28.8386, 27.7514])
hess item is 0.016367238014936447
4700	0.108	0.982	0.484	0.376
4710	0.117	0.975	0.494	0.375
4720	0.114	0.976	0.489	0.371
4730	0.112	0.981	0.489	0.371
4740	0.116	0.979	0.492	0.370
eigenvalues:  tensor([28.8853, 27.8658])
hess item is 0.016716517508029938
4750	0.110	0.981	0.487	0.374
4760	0.109	0.980	0.486	0.375
4770	0.112	0.978	0.490	0.371
4780	0.111	0.979	0.490	0.372
4790	0.113	0.978	0.491	0.369
eigenvalues:  tensor([28.8852, 27.9085])
hess item is 0.01671881414949894
4800	0.109	0.979	0.488	0.375
4810	0.109	0.981	0.489	0.371
4820	0.116	0.973	0.495	0.371
4830	0.108	0.980	0.487	0.375
4840	0.111	0.978	0.492	0.370
eigenvalues:  tensor([28.9990, 27.9870])
hess item is 0.017066167667508125
4850	0.113	0.978	0.493	0.370
4860	0.107	0.980	0.489	0.376
4870	0.108	0.981	0.489	0.373
4880	0.107	0.983	0.489	0.370
4890	0.117	0.975	0.499	0.370
eigenvalues:  tensor([28.9878, 28.0845])
hess item is 0.016850974410772324
4900	0.108	0.980	0.492	0.373
4910	0.110	0.979	0.493	0.371
4920	0.113	0.975	0.498	0.369
4930	0.110	0.979	0.495	0.366
4940	0.109	0.979	0.493	0.373
eigenvalues:  tensor([28.8974, 27.8799])
hess item is 0.016601687297225
4950	0.105	0.983	0.491	0.373
4960	0.108	0.981	0.494	0.372
4970	0.106	0.980	0.491	0.372
4980	0.108	0.981	0.494	0.367
4990	0.104	0.982	0.491	0.375
eigenvalues:  tensor([28.9396, 27.8546])
hess item is 0.016526641324162483
5000	0.106	0.981	0.493	0.375
5010	0.110	0.978	0.499	0.368
5020	0.106	0.983	0.493	0.366
5030	0.108	0.979	0.497	0.367
5040	0.105	0.982	0.494	0.371
eigenvalues:  tensor([29.0453, 27.8275])
hess item is 0.016498293727636337
5050	0.105	0.982	0.495	0.370
5060	0.104	0.982	0.493	0.374
5070	0.107	0.979	0.497	0.370
5080	0.111	0.974	0.501	0.372
5090	0.107	0.982	0.497	0.369
eigenvalues:  tensor([29.1284, 28.0087])
hess item is 0.016613807529211044
5100	0.105	0.979	0.496	0.373
5110	0.103	0.980	0.495	0.374
5120	0.103	0.982	0.495	0.371
5130	0.108	0.980	0.501	0.366
5140	0.106	0.980	0.498	0.374
eigenvalues:  tensor([29.1739, 28.1040])
hess item is 0.0161085594445467
5150	0.104	0.981	0.497	0.369
5160	0.104	0.982	0.497	0.366
5170	0.107	0.982	0.500	0.361
5180	0.105	0.979	0.498	0.368
5190	0.105	0.981	0.498	0.370
eigenvalues:  tensor([29.1507, 27.9637])
hess item is 0.01634308695793152
5200	0.101	0.985	0.496	0.369
5210	0.107	0.979	0.502	0.363
5220	0.106	0.981	0.502	0.368
5230	0.104	0.983	0.501	0.368
5240	0.100	0.982	0.496	0.371
eigenvalues:  tensor([29.1137, 28.2424])
hess item is 0.016399946063756943
5250	0.108	0.976	0.505	0.367
5260	0.102	0.984	0.498	0.367
5270	0.104	0.983	0.501	0.364
5280	0.100	0.984	0.498	0.369
5290	0.102	0.981	0.500	0.365
eigenvalues:  tensor([29.2942, 28.1111])
hess item is 0.01651601679623127
5300	0.104	0.982	0.501	0.362
5310	0.105	0.984	0.503	0.359
5320	0.100	0.985	0.499	0.366
5330	0.102	0.983	0.500	0.364
5340	0.100	0.986	0.500	0.369
eigenvalues:  tensor([29.3371, 28.3827])
hess item is 0.01620679534971714
5350	0.104	0.980	0.504	0.365
5360	0.102	0.982	0.502	0.370
5370	0.103	0.984	0.503	0.360
5380	0.101	0.983	0.503	0.369
5390	0.099	0.982	0.500	0.367
eigenvalues:  tensor([29.3107, 28.2083])
hess item is 0.01623392477631569
5400	0.107	0.979	0.507	0.363
5410	0.097	0.984	0.500	0.371
5420	0.098	0.986	0.499	0.370
5430	0.098	0.984	0.499	0.371
5440	0.103	0.983	0.505	0.370
eigenvalues:  tensor([29.3103, 28.2280])
hess item is 0.015917077660560608
5450	0.100	0.982	0.502	0.369
5460	0.097	0.984	0.501	0.369
5470	0.102	0.983	0.506	0.365
5480	0.099	0.984	0.503	0.368
5490	0.103	0.982	0.506	0.369
eigenvalues:  tensor([29.1852, 28.0513])
hess item is 0.015886301174759865
5500	0.098	0.987	0.503	0.363
5510	0.098	0.985	0.503	0.361
5520	0.101	0.983	0.507	0.366
5530	0.095	0.985	0.501	0.368
5540	0.096	0.985	0.502	0.368
eigenvalues:  tensor([29.2921, 28.2384])
hess item is 0.015567772090435028
5550	0.094	0.986	0.500	0.370
5560	0.105	0.979	0.512	0.361
5570	0.095	0.986	0.502	0.369
5580	0.098	0.985	0.504	0.364
5590	0.095	0.984	0.502	0.366
eigenvalues:  tensor([29.1553, 28.1396])
hess item is 0.015552833676338196
5600	0.097	0.985	0.505	0.360
5610	0.097	0.983	0.504	0.368
5620	0.093	0.986	0.502	0.363
5630	0.098	0.985	0.506	0.367
5640	0.099	0.983	0.507	0.359
eigenvalues:  tensor([29.2866, 28.1956])
hess item is 0.01584049127995968
5650	0.094	0.986	0.503	0.368
5660	0.096	0.987	0.506	0.364
5670	0.101	0.980	0.511	0.365
5680	0.095	0.986	0.505	0.366
5690	0.100	0.985	0.511	0.361
eigenvalues:  tensor([29.3755, 28.2939])
hess item is 0.016136247664690018
5700	0.097	0.984	0.508	0.364
5710	0.097	0.986	0.508	0.364
5720	0.095	0.985	0.507	0.369
5730	0.096	0.987	0.508	0.360
5740	0.092	0.987	0.505	0.364
eigenvalues:  tensor([29.3103, 28.2813])
hess item is 0.015929333865642548
5750	0.095	0.985	0.507	0.363
5760	0.095	0.986	0.508	0.366
5770	0.092	0.988	0.505	0.361
5780	0.092	0.988	0.506	0.363
5790	0.091	0.988	0.504	0.369
eigenvalues:  tensor([29.2073, 28.1293])
hess item is 0.01550603099167347
5800	0.092	0.987	0.507	0.362
5810	0.093	0.988	0.508	0.363
5820	0.092	0.986	0.506	0.368
5830	0.091	0.988	0.506	0.364
5840	0.094	0.988	0.509	0.361
eigenvalues:  tensor([29.3166, 28.2431])
hess item is 0.015482582151889801
5850	0.092	0.986	0.507	0.366
5860	0.092	0.984	0.508	0.364
5870	0.092	0.987	0.509	0.366
5880	0.091	0.988	0.508	0.368
5890	0.089	0.989	0.506	0.366
eigenvalues:  tensor([29.2853, 28.1848])
hess item is 0.01507976558059454
5900	0.092	0.986	0.508	0.362
5910	0.092	0.986	0.511	0.364
5920	0.095	0.988	0.512	0.364
5930	0.092	0.986	0.510	0.367
5940	0.090	0.987	0.508	0.365
eigenvalues:  tensor([29.2346, 28.1874])
hess item is 0.01480314414948225
5950	0.092	0.986	0.511	0.364
5960	0.090	0.986	0.508	0.366
5970	0.094	0.986	0.512	0.360
5980	0.089	0.987	0.507	0.370
5990	0.096	0.982	0.515	0.368
eigenvalues:  tensor([29.4672, 28.2589])
hess item is 0.014596603810787201
6000	0.088	0.989	0.508	0.365
6010	0.088	0.990	0.508	0.366
6020	0.089	0.988	0.509	0.365
6030	0.093	0.986	0.514	0.363
6040	0.088	0.987	0.508	0.366
eigenvalues:  tensor([29.5064, 28.3389])
hess item is 0.014549098908901215
6050	0.088	0.988	0.509	0.366
6060	0.091	0.987	0.512	0.366
6070	0.092	0.986	0.514	0.359
6080	0.088	0.987	0.510	0.363
6090	0.090	0.985	0.512	0.367
eigenvalues:  tensor([29.3654, 28.2067])
hess item is 0.015116097405552864
6100	0.088	0.988	0.510	0.364
6110	0.094	0.984	0.516	0.360
6120	0.089	0.987	0.512	0.368
6130	0.094	0.984	0.516	0.363
6140	0.089	0.988	0.511	0.362
eigenvalues:  tensor([29.4920, 28.3816])
hess item is 0.015340860933065414
6150	0.089	0.987	0.512	0.364
6160	0.089	0.987	0.515	0.365
6170	0.087	0.989	0.511	0.361
6180	0.089	0.988	0.513	0.363
6190	0.097	0.981	0.520	0.362
eigenvalues:  tensor([29.3251, 28.4129])
hess item is 0.015637867152690887
6200	0.086	0.990	0.512	0.361
6210	0.089	0.986	0.514	0.366
6220	0.087	0.989	0.513	0.365
6230	0.085	0.990	0.510	0.364
6240	0.090	0.986	0.516	0.363
eigenvalues:  tensor([29.4196, 28.3859])
hess item is 0.015318633057177067
6250	0.085	0.987	0.511	0.365
6260	0.089	0.988	0.515	0.360
6270	0.089	0.989	0.516	0.360
6280	0.085	0.989	0.512	0.364
6290	0.088	0.986	0.514	0.365
eigenvalues:  tensor([28.9797, 27.9950])
hess item is 0.015336290933191776
6300	0.087	0.989	0.516	0.361
6310	0.092	0.988	0.519	0.364
6320	0.087	0.986	0.515	0.363
6330	0.093	0.984	0.522	0.356
6340	0.087	0.989	0.515	0.363
eigenvalues:  tensor([29.5422, 28.5189])
hess item is 0.01545722596347332
6350	0.086	0.989	0.515	0.363
6360	0.094	0.987	0.523	0.358
6370	0.089	0.988	0.518	0.359
6380	0.088	0.990	0.517	0.363
6390	0.085	0.989	0.516	0.359
eigenvalues:  tensor([29.5154, 28.5100])
hess item is 0.015542685985565186
6400	0.090	0.985	0.518	0.364
6410	0.087	0.988	0.517	0.355
6420	0.084	0.990	0.514	0.363
6430	0.085	0.989	0.516	0.364
6440	0.083	0.988	0.513	0.364
eigenvalues:  tensor([29.2205, 28.1971])
hess item is 0.015720335766673088
6450	0.085	0.989	0.515	0.362
6460	0.085	0.991	0.517	0.361
6470	0.086	0.990	0.517	0.360
6480	0.083	0.991	0.514	0.365
6490	0.084	0.990	0.517	0.361
eigenvalues:  tensor([29.4073, 28.3236])
hess item is 0.015383711084723473
6500	0.086	0.989	0.518	0.364
6510	0.084	0.988	0.517	0.364
6520	0.087	0.989	0.519	0.360
6530	0.086	0.987	0.518	0.362
6540	0.089	0.985	0.521	0.364
eigenvalues:  tensor([29.4507, 28.2602])
hess item is 0.01508060097694397
6550	0.085	0.989	0.518	0.361
6560	0.084	0.989	0.518	0.359
6570	0.084	0.987	0.517	0.362
6580	0.086	0.989	0.518	0.362
6590	0.082	0.988	0.515	0.364
eigenvalues:  tensor([29.5794, 28.4124])
hess item is 0.015413234941661358
6600	0.086	0.987	0.520	0.366
6610	0.083	0.988	0.517	0.366
6620	0.082	0.990	0.518	0.364
6630	0.080	0.990	0.515	0.365
6640	0.086	0.990	0.520	0.356
eigenvalues:  tensor([29.5067, 28.2470])
hess item is 0.015361186116933823
6650	0.082	0.990	0.517	0.362
6660	0.084	0.989	0.520	0.359
6670	0.082	0.990	0.518	0.359
6680	0.083	0.990	0.519	0.365
6690	0.083	0.991	0.520	0.359
eigenvalues:  tensor([29.4667, 28.2573])
hess item is 0.015384034253656864
6700	0.081	0.990	0.518	0.363
6710	0.079	0.990	0.516	0.363
6720	0.082	0.989	0.518	0.362
6730	0.079	0.991	0.516	0.366
6740	0.081	0.991	0.518	0.365
eigenvalues:  tensor([29.4328, 28.3920])
hess item is 0.015422936528921127
6750	0.083	0.989	0.521	0.361
6760	0.081	0.992	0.519	0.364
6770	0.084	0.992	0.523	0.351
6780	0.084	0.989	0.522	0.362
6790	0.080	0.992	0.518	0.362
eigenvalues:  tensor([29.5477, 28.3066])
hess item is 0.015621981583535671
6800	0.080	0.990	0.519	0.356
6810	0.082	0.989	0.521	0.361
6820	0.079	0.991	0.518	0.361
6830	0.084	0.989	0.523	0.363
6840	0.085	0.990	0.522	0.362
eigenvalues:  tensor([29.6341, 28.5144])
hess item is 0.015490712597966194
6850	0.080	0.989	0.520	0.365
6860	0.078	0.991	0.517	0.361
6870	0.080	0.990	0.519	0.360
6880	0.079	0.991	0.518	0.363
6890	0.081	0.989	0.520	0.362
eigenvalues:  tensor([29.3506, 28.2988])
hess item is 0.01580510102212429
6900	0.080	0.993	0.520	0.359
6910	0.080	0.989	0.520	0.359
6920	0.078	0.991	0.519	0.362
6930	0.082	0.990	0.523	0.360
6940	0.077	0.992	0.519	0.363
eigenvalues:  tensor([29.4033, 28.2594])
hess item is 0.015446038916707039
6950	0.076	0.992	0.518	0.361
6960	0.078	0.992	0.520	0.358
6970	0.082	0.990	0.525	0.359
6980	0.079	0.991	0.521	0.361
6990	0.078	0.992	0.520	0.359
eigenvalues:  tensor([29.2195, 28.1247])
hess item is 0.015808740630745888
7000	0.077	0.993	0.519	0.359
7010	0.080	0.990	0.522	0.364
7020	0.077	0.992	0.521	0.359
7030	0.084	0.989	0.527	0.359
7040	0.083	0.988	0.525	0.360
eigenvalues:  tensor([29.4585, 28.4708])
hess item is 0.016264507547020912
7050	0.081	0.991	0.525	0.357
7060	0.079	0.993	0.524	0.354
7070	0.076	0.992	0.521	0.358
7080	0.077	0.992	0.521	0.356
7090	0.077	0.992	0.523	0.357
eigenvalues:  tensor([29.4269, 28.2608])
hess item is 0.01594717986881733
7100	0.075	0.992	0.520	0.358
7110	0.076	0.992	0.521	0.359
7120	0.077	0.992	0.522	0.358
7130	0.074	0.992	0.520	0.363
7140	0.076	0.993	0.522	0.359
eigenvalues:  tensor([29.3214, 28.2223])
hess item is 0.0152711421251297
7150	0.075	0.993	0.521	0.358
7160	0.078	0.990	0.525	0.361
7170	0.076	0.991	0.522	0.361
7180	0.077	0.991	0.523	0.362
7190	0.076	0.991	0.524	0.359
eigenvalues:  tensor([29.5454, 28.4663])
hess item is 0.015540547668933868
7200	0.075	0.992	0.523	0.359
7210	0.077	0.991	0.524	0.359
7220	0.074	0.993	0.522	0.354
7230	0.076	0.992	0.524	0.356
7240	0.076	0.992	0.524	0.360
eigenvalues:  tensor([29.5276, 28.4173])
hess item is 0.015064121223986149
7250	0.074	0.993	0.523	0.353
7260	0.076	0.992	0.524	0.361
7270	0.081	0.989	0.528	0.351
7280	0.076	0.992	0.524	0.357
7290	0.075	0.992	0.523	0.356
eigenvalues:  tensor([29.2721, 28.1417])
hess item is 0.014739200472831726
7300	0.078	0.993	0.527	0.353
7310	0.078	0.992	0.528	0.352
7320	0.081	0.990	0.529	0.353
7330	0.076	0.992	0.525	0.356
7340	0.078	0.989	0.527	0.358
eigenvalues:  tensor([29.4516, 28.3069])
hess item is 0.01510582771152258
7350	0.077	0.991	0.527	0.358
7360	0.074	0.993	0.525	0.360
7370	0.073	0.992	0.523	0.359
7380	0.076	0.994	0.526	0.353
7390	0.076	0.991	0.525	0.360
eigenvalues:  tensor([29.3975, 28.2406])
hess item is 0.015235166996717453
7400	0.076	0.993	0.528	0.356
7410	0.075	0.994	0.526	0.351
7420	0.075	0.993	0.526	0.354
7430	0.073	0.992	0.524	0.361
7440	0.079	0.990	0.530	0.354
eigenvalues:  tensor([29.3193, 28.2200])
hess item is 0.0153623903170228
7450	0.073	0.993	0.525	0.356
7460	0.078	0.990	0.531	0.355
7470	0.076	0.990	0.528	0.358
7480	0.075	0.992	0.527	0.357
7490	0.074	0.991	0.526	0.356
eigenvalues:  tensor([29.3871, 28.1934])
hess item is 0.015484162606298923
7500	0.074	0.991	0.526	0.356
7510	0.074	0.990	0.527	0.359
7520	0.080	0.989	0.532	0.351
7530	0.073	0.993	0.527	0.356
7540	0.077	0.993	0.530	0.353
eigenvalues:  tensor([29.3383, 28.2473])
hess item is 0.015444410033524036
7550	0.072	0.993	0.526	0.354
7560	0.073	0.992	0.526	0.358
7570	0.076	0.991	0.530	0.356
7580	0.076	0.992	0.529	0.357
7590	0.071	0.994	0.525	0.356
eigenvalues:  tensor([29.3347, 28.2108])
hess item is 0.015080067329108715
7600	0.071	0.994	0.526	0.356
7610	0.073	0.991	0.528	0.358
7620	0.075	0.992	0.530	0.353
7630	0.072	0.991	0.528	0.355
7640	0.079	0.988	0.534	0.359
eigenvalues:  tensor([29.3451, 28.2678])
hess item is 0.015080815181136131
7650	0.070	0.994	0.525	0.360
7660	0.075	0.992	0.531	0.360
7670	0.072	0.994	0.527	0.355
7680	0.073	0.993	0.530	0.352
7690	0.076	0.990	0.532	0.352
eigenvalues:  tensor([29.3413, 28.2057])
hess item is 0.01527031697332859
7700	0.074	0.993	0.530	0.350
7710	0.075	0.992	0.531	0.356
7720	0.070	0.993	0.527	0.356
7730	0.072	0.993	0.528	0.357
7740	0.070	0.994	0.527	0.358
eigenvalues:  tensor([29.1933, 28.0815])
hess item is 0.01573088951408863
7750	0.071	0.994	0.529	0.358
7760	0.073	0.994	0.530	0.354
7770	0.072	0.992	0.528	0.359
7780	0.069	0.992	0.527	0.356
7790	0.072	0.993	0.531	0.355
eigenvalues:  tensor([29.2451, 28.1974])
hess item is 0.01552741602063179
7800	0.072	0.994	0.530	0.352
7810	0.069	0.993	0.527	0.357
7820	0.070	0.993	0.529	0.355
7830	0.070	0.994	0.528	0.355
7840	0.070	0.994	0.529	0.356
eigenvalues:  tensor([29.3095, 28.2430])
hess item is 0.01487293466925621
7850	0.070	0.993	0.529	0.356
7860	0.070	0.995	0.529	0.356
7870	0.070	0.992	0.530	0.357
7880	0.072	0.993	0.531	0.356
7890	0.071	0.993	0.531	0.357
eigenvalues:  tensor([29.4619, 28.3493])
hess item is 0.014569972641766071
7900	0.070	0.993	0.530	0.355
7910	0.069	0.993	0.529	0.354
7920	0.073	0.992	0.534	0.349
7930	0.076	0.990	0.536	0.354
7940	0.067	0.995	0.529	0.356
eigenvalues:  tensor([29.4295, 28.4232])
hess item is 0.014650464989244938
7950	0.068	0.994	0.529	0.356
7960	0.070	0.994	0.530	0.354
7970	0.072	0.993	0.534	0.350
7980	0.071	0.992	0.532	0.357
7990	0.070	0.992	0.532	0.359
eigenvalues:  tensor([29.2582, 28.2319])
hess item is 0.014931479468941689
8000	0.075	0.994	0.537	0.347
8010	0.070	0.993	0.531	0.353
8020	0.072	0.992	0.533	0.351
8030	0.071	0.994	0.535	0.352
8040	0.069	0.993	0.532	0.358
eigenvalues:  tensor([29.0960, 28.0277])
hess item is 0.01498389896005392
8050	0.069	0.994	0.531	0.358
8060	0.068	0.994	0.531	0.355
8070	0.069	0.995	0.532	0.352
8080	0.071	0.993	0.533	0.354
8090	0.067	0.995	0.531	0.352
eigenvalues:  tensor([29.1350, 28.0129])
hess item is 0.015132416971027851
8100	0.069	0.993	0.532	0.352
8110	0.071	0.993	0.535	0.353
8120	0.069	0.994	0.532	0.356
8130	0.067	0.993	0.531	0.357
8140	0.069	0.992	0.532	0.357
eigenvalues:  tensor([29.7185, 28.5732])
hess item is 0.015146817080676556
8150	0.070	0.993	0.533	0.354
8160	0.071	0.992	0.534	0.353
8170	0.069	0.995	0.534	0.351
8180	0.068	0.994	0.533	0.354
8190	0.075	0.992	0.540	0.346
eigenvalues:  tensor([29.4087, 28.4227])
hess item is 0.015014887787401676
8200	0.066	0.994	0.531	0.354
8210	0.067	0.993	0.532	0.351
8220	0.065	0.995	0.531	0.357
8230	0.067	0.995	0.532	0.355
8240	0.067	0.993	0.533	0.355
eigenvalues:  tensor([29.1369, 28.1478])
hess item is 0.014963921159505844
8250	0.066	0.994	0.531	0.359
8260	0.067	0.993	0.533	0.355
8270	0.071	0.994	0.537	0.348
8280	0.068	0.993	0.534	0.354
8290	0.067	0.995	0.534	0.352
eigenvalues:  tensor([29.5466, 28.4814])
hess item is 0.015023931860923767
8300	0.066	0.993	0.533	0.355
8310	0.069	0.993	0.536	0.355
8320	0.067	0.994	0.533	0.353
8330	0.065	0.995	0.532	0.353
8340	0.068	0.993	0.534	0.353
eigenvalues:  tensor([29.3441, 28.3268])
hess item is 0.014961431734263897
8350	0.066	0.995	0.533	0.355
8360	0.067	0.994	0.535	0.353
8370	0.066	0.994	0.534	0.354
8380	0.065	0.995	0.532	0.355
8390	0.067	0.994	0.534	0.356
eigenvalues:  tensor([29.3581, 28.2579])
hess item is 0.015058093704283237
8400	0.068	0.994	0.536	0.349
8410	0.067	0.994	0.536	0.351
8420	0.069	0.992	0.536	0.354
8430	0.068	0.995	0.536	0.350
8440	0.067	0.995	0.536	0.346
eigenvalues:  tensor([29.3792, 28.3087])
hess item is 0.015009735710918903
8450	0.065	0.993	0.534	0.352
8460	0.070	0.993	0.538	0.352
8470	0.064	0.994	0.533	0.355
8480	0.066	0.993	0.535	0.358
8490	0.068	0.994	0.537	0.352
eigenvalues:  tensor([29.1421, 28.0678])
hess item is 0.014947967603802681
8500	0.066	0.994	0.535	0.353
8510	0.067	0.995	0.537	0.347
8520	0.066	0.994	0.536	0.354
8530	0.070	0.992	0.538	0.355
8540	0.066	0.993	0.536	0.350
eigenvalues:  tensor([29.3162, 28.1671])
hess item is 0.014753755182027817
8550	0.064	0.994	0.534	0.351
8560	0.066	0.993	0.536	0.353
8570	0.064	0.993	0.534	0.359
8580	0.066	0.994	0.536	0.352
8590	0.068	0.992	0.538	0.352
eigenvalues:  tensor([29.3623, 28.3593])
hess item is 0.015194090083241463
8600	0.067	0.993	0.539	0.348
8610	0.064	0.994	0.534	0.356
8620	0.070	0.992	0.539	0.347
8630	0.069	0.992	0.541	0.354
8640	0.067	0.994	0.539	0.347
eigenvalues:  tensor([29.2102, 28.0623])
hess item is 0.015289929695427418
8650	0.066	0.995	0.538	0.349
8660	0.066	0.994	0.536	0.356
8670	0.066	0.994	0.537	0.352
8680	0.066	0.993	0.537	0.357
8690	0.068	0.993	0.540	0.350
eigenvalues:  tensor([29.4957, 28.2814])
hess item is 0.015302669256925583
8700	0.064	0.995	0.536	0.353
8710	0.069	0.992	0.540	0.351
8720	0.068	0.993	0.540	0.352
8730	0.063	0.995	0.535	0.352
8740	0.063	0.996	0.536	0.350
eigenvalues:  tensor([29.3367, 28.1508])
hess item is 0.015530815348029137
8750	0.063	0.995	0.534	0.353
8760	0.063	0.994	0.534	0.356
8770	0.065	0.996	0.538	0.352
8780	0.064	0.995	0.537	0.352
8790	0.064	0.994	0.537	0.351
eigenvalues:  tensor([29.4934, 28.3603])
hess item is 0.014994536526501179
8800	0.061	0.995	0.533	0.356
8810	0.064	0.995	0.537	0.351
8820	0.065	0.996	0.539	0.354
8830	0.065	0.993	0.540	0.353
8840	0.063	0.993	0.537	0.352
eigenvalues:  tensor([29.2461, 28.1316])
hess item is 0.01446878258138895
8850	0.066	0.993	0.540	0.350
8860	0.061	0.995	0.536	0.355
8870	0.062	0.994	0.537	0.350
8880	0.065	0.994	0.539	0.352
8890	0.063	0.995	0.538	0.351
eigenvalues:  tensor([29.4814, 28.2267])
hess item is 0.014304774813354015
8900	0.062	0.995	0.537	0.354
8910	0.066	0.993	0.540	0.354
8920	0.062	0.993	0.537	0.356
8930	0.064	0.993	0.539	0.354
8940	0.065	0.995	0.539	0.350
eigenvalues:  tensor([29.2512, 28.0693])
hess item is 0.015061285346746445
8950	0.064	0.995	0.539	0.350
8960	0.062	0.995	0.538	0.350
8970	0.062	0.996	0.538	0.351
8980	0.062	0.995	0.538	0.351
8990	0.060	0.996	0.537	0.349
eigenvalues:  tensor([29.3663, 28.2636])
hess item is 0.015267749316990376
9000	0.064	0.994	0.540	0.351
9010	0.065	0.994	0.540	0.351
9020	0.063	0.994	0.539	0.354
9030	0.065	0.993	0.542	0.355
9040	0.062	0.994	0.538	0.352
eigenvalues:  tensor([29.2504, 28.0923])
hess item is 0.015031259506940842
9050	0.067	0.992	0.543	0.354
9060	0.064	0.994	0.541	0.348
9070	0.060	0.994	0.537	0.353
9080	0.062	0.995	0.539	0.353
9090	0.063	0.995	0.539	0.352
eigenvalues:  tensor([29.5007, 28.3907])
hess item is 0.01486219372600317
9100	0.063	0.995	0.540	0.352
9110	0.067	0.992	0.543	0.347
9120	0.062	0.993	0.538	0.352
9130	0.060	0.995	0.537	0.355
9140	0.061	0.996	0.538	0.352
eigenvalues:  tensor([29.5052, 28.3018])
hess item is 0.014929465018212795
9150	0.063	0.993	0.540	0.352
9160	0.062	0.996	0.539	0.351
9170	0.059	0.996	0.538	0.355
9180	0.061	0.994	0.540	0.352
9190	0.061	0.996	0.540	0.356
eigenvalues:  tensor([29.4360, 28.2495])
hess item is 0.014574793167412281
9200	0.064	0.995	0.543	0.348
9210	0.063	0.994	0.541	0.350
9220	0.060	0.996	0.539	0.349
9230	0.060	0.996	0.539	0.349
9240	0.059	0.996	0.537	0.354
eigenvalues:  tensor([29.3037, 28.1319])
hess item is 0.014622907154262066
9250	0.063	0.996	0.541	0.347
9260	0.061	0.994	0.539	0.357
9270	0.061	0.996	0.540	0.351
9280	0.058	0.996	0.538	0.350
9290	0.062	0.994	0.542	0.352
eigenvalues:  tensor([29.3482, 28.2959])
hess item is 0.01455517765134573
9300	0.062	0.995	0.542	0.351
9310	0.060	0.995	0.540	0.355
9320	0.064	0.994	0.544	0.349
9330	0.066	0.992	0.546	0.348
9340	0.062	0.994	0.542	0.351
eigenvalues:  tensor([29.0305, 28.0040])
hess item is 0.014695142395794392
9350	0.061	0.996	0.540	0.349
9360	0.061	0.996	0.540	0.350
9370	0.062	0.996	0.540	0.348
9380	0.060	0.996	0.540	0.349
9390	0.058	0.996	0.538	0.351
eigenvalues:  tensor([29.3067, 28.3240])
hess item is 0.014870502054691315
9400	0.060	0.995	0.540	0.353
9410	0.058	0.996	0.539	0.353
9420	0.062	0.994	0.542	0.350
9430	0.063	0.996	0.543	0.349
9440	0.060	0.995	0.540	0.349
eigenvalues:  tensor([29.3980, 28.3682])
hess item is 0.014886457473039627
9450	0.057	0.996	0.538	0.352
9460	0.058	0.997	0.539	0.351
9470	0.059	0.996	0.540	0.353
9480	0.058	0.997	0.540	0.352
9490	0.057	0.995	0.538	0.352
eigenvalues:  tensor([29.3350, 28.2456])
hess item is 0.014635647647082806
9500	0.058	0.996	0.540	0.349
9510	0.060	0.996	0.541	0.350
9520	0.061	0.996	0.542	0.348
9530	0.059	0.996	0.541	0.346
9540	0.058	0.994	0.540	0.352
eigenvalues:  tensor([29.4468, 28.3631])
hess item is 0.014329439960420132
9550	0.059	0.996	0.541	0.351
9560	0.063	0.995	0.546	0.348
9570	0.058	0.997	0.542	0.348
9580	0.056	0.997	0.539	0.348
9590	0.061	0.996	0.543	0.348
eigenvalues:  tensor([29.4761, 28.3347])
hess item is 0.01419809926301241
9600	0.064	0.994	0.546	0.350
9610	0.058	0.996	0.542	0.349
9620	0.057	0.996	0.540	0.353
9630	0.067	0.994	0.551	0.345
9640	0.058	0.995	0.540	0.350
eigenvalues:  tensor([29.2381, 28.0896])
hess item is 0.014750664122402668
9650	0.061	0.994	0.544	0.348
9660	0.057	0.996	0.540	0.352
9670	0.056	0.995	0.539	0.354
9680	0.058	0.996	0.542	0.349
9690	0.057	0.995	0.541	0.350
eigenvalues:  tensor([29.1942, 28.0538])
hess item is 0.014795157127082348
9700	0.056	0.996	0.540	0.352
9710	0.058	0.996	0.542	0.353
9720	0.058	0.995	0.542	0.351
9730	0.060	0.995	0.543	0.352
9740	0.059	0.996	0.543	0.347
eigenvalues:  tensor([29.4198, 28.2056])
hess item is 0.014284707605838776
9750	0.058	0.996	0.543	0.349
9760	0.055	0.996	0.540	0.350
9770	0.060	0.994	0.544	0.353
9780	0.055	0.996	0.541	0.352
9790	0.058	0.995	0.543	0.349
eigenvalues:  tensor([29.3638, 28.1808])
hess item is 0.014100815169513226
9800	0.056	0.996	0.540	0.351
9810	0.058	0.994	0.542	0.354
9820	0.056	0.996	0.542	0.350
9830	0.060	0.995	0.545	0.350
9840	0.060	0.995	0.544	0.351
eigenvalues:  tensor([29.2023, 28.1085])
hess item is 0.014170960523188114
9850	0.060	0.997	0.546	0.340
9860	0.058	0.994	0.542	0.352
9870	0.058	0.996	0.543	0.348
9880	0.060	0.996	0.546	0.352
9890	0.056	0.997	0.542	0.347
eigenvalues:  tensor([29.4751, 28.2818])
hess item is 0.014160915277898312
9900	0.056	0.996	0.542	0.350
9910	0.056	0.997	0.542	0.352
9920	0.059	0.994	0.545	0.350
9930	0.060	0.994	0.545	0.348
9940	0.069	0.992	0.555	0.342
eigenvalues:  tensor([29.4247, 28.3623])
hess item is 0.014709586277604103
9950	0.059	0.995	0.543	0.350
9960	0.059	0.997	0.545	0.347
9970	0.059	0.996	0.546	0.348
9980	0.060	0.996	0.547	0.344
9990	0.055	0.997	0.542	0.346
