device: cuda:2
output directory: RESULTS/cifar10-10k/fc-tanh/seed_0/mse/ivon/lr_0.0005_h0_1.0_post_1_alpha_100.0_beta2_0.999_beta_0.0_ess_500000.0_ivon
Files already downloaded and verified
Files already downloaded and verified
optimizer is IVON
0	0.597	0.131	0.597	0.131
10	0.574	0.136	0.575	0.137
20	0.558	0.142	0.559	0.142
30	0.547	0.149	0.548	0.148
40	0.539	0.154	0.540	0.154
eigenvalues:  tensor([80.6402, 66.5398])
preconditioned eigenvalues tensor([84.7708, 69.9539])
hess item is 0.9513821005821228
50	0.532	0.161	0.533	0.162
60	0.527	0.168	0.528	0.167
70	0.522	0.173	0.523	0.173
80	0.518	0.179	0.519	0.178
90	0.514	0.184	0.516	0.183
eigenvalues:  tensor([80.2044, 66.1149])
preconditioned eigenvalues tensor([88.6094, 73.0458])
hess item is 0.9051241874694824
100	0.511	0.189	0.512	0.186
110	0.507	0.193	0.509	0.192
120	0.505	0.198	0.507	0.194
130	0.502	0.202	0.504	0.197
140	0.500	0.208	0.502	0.200
eigenvalues:  tensor([79.7603, 65.6235])
preconditioned eigenvalues tensor([92.6031, 76.2021])
hess item is 0.8611202836036682
150	0.497	0.211	0.499	0.203
160	0.495	0.211	0.497	0.206
170	0.493	0.214	0.495	0.208
180	0.491	0.216	0.493	0.211
190	0.489	0.219	0.491	0.213
eigenvalues:  tensor([79.2673, 65.1589])
preconditioned eigenvalues tensor([96.7179, 79.5229])
hess item is 0.8192669749259949
200	0.487	0.222	0.489	0.216
210	0.485	0.224	0.487	0.219
220	0.482	0.225	0.485	0.221
230	0.480	0.227	0.483	0.224
240	0.479	0.229	0.482	0.225
eigenvalues:  tensor([78.8148, 64.6741])
preconditioned eigenvalues tensor([101.0641,  82.9419])
hess item is 0.7794599533081055
250	0.477	0.232	0.480	0.227
260	0.476	0.234	0.479	0.229
270	0.474	0.237	0.477	0.231
280	0.473	0.239	0.476	0.232
290	0.472	0.242	0.475	0.234
eigenvalues:  tensor([78.4125, 64.2273])
preconditioned eigenvalues tensor([105.6568,  86.5586])
hess item is 0.741595447063446
300	0.470	0.243	0.473	0.235
310	0.469	0.245	0.472	0.237
320	0.468	0.247	0.471	0.239
330	0.466	0.249	0.470	0.241
340	0.465	0.252	0.469	0.243
eigenvalues:  tensor([77.9686, 63.8069])
preconditioned eigenvalues tensor([110.4110,  90.3691])
hess item is 0.7055774927139282
350	0.464	0.254	0.468	0.244
360	0.463	0.256	0.467	0.247
370	0.462	0.258	0.466	0.248
380	0.461	0.260	0.465	0.250
390	0.460	0.260	0.464	0.253
eigenvalues:  tensor([77.6295, 63.3861])
preconditioned eigenvalues tensor([115.5107,  94.3326])
hess item is 0.6713095307350159
400	0.459	0.263	0.463	0.253
410	0.458	0.264	0.462	0.255
420	0.457	0.267	0.461	0.256
430	0.456	0.269	0.460	0.257
440	0.455	0.271	0.459	0.257
eigenvalues:  tensor([77.2012, 62.9345])
preconditioned eigenvalues tensor([120.7087,  98.4122])
hess item is 0.6387147307395935
450	0.454	0.272	0.458	0.258
460	0.453	0.273	0.457	0.259
470	0.452	0.275	0.457	0.261
480	0.452	0.276	0.456	0.263
490	0.451	0.277	0.455	0.264
eigenvalues:  tensor([76.7820, 62.5325])
preconditioned eigenvalues tensor([126.1392, 102.7371])
hess item is 0.6077154278755188
500	0.450	0.279	0.454	0.264
510	0.449	0.280	0.454	0.266
520	0.448	0.281	0.453	0.266
530	0.448	0.283	0.452	0.266
540	0.447	0.283	0.451	0.267
eigenvalues:  tensor([76.3629, 62.1387])
preconditioned eigenvalues tensor([131.8093, 107.2724])
hess item is 0.578231692314148
550	0.446	0.286	0.451	0.268
560	0.445	0.286	0.450	0.269
570	0.445	0.288	0.449	0.269
580	0.444	0.289	0.449	0.271
590	0.443	0.289	0.448	0.273
eigenvalues:  tensor([75.9286, 61.7386])
preconditioned eigenvalues tensor([137.6958, 111.9825])
hess item is 0.5501790642738342
600	0.442	0.290	0.447	0.274
610	0.441	0.292	0.446	0.275
620	0.441	0.294	0.446	0.276
630	0.440	0.295	0.445	0.278
640	0.439	0.297	0.444	0.278
eigenvalues:  tensor([75.5260, 61.3659])
preconditioned eigenvalues tensor([143.8946, 116.9406])
hess item is 0.523490846157074
650	0.439	0.297	0.444	0.280
660	0.438	0.300	0.443	0.280
670	0.437	0.301	0.443	0.281
680	0.437	0.302	0.442	0.282
690	0.436	0.301	0.442	0.282
eigenvalues:  tensor([75.1875, 61.0447])
preconditioned eigenvalues tensor([150.5061, 122.2217])
hess item is 0.4981062710285187
700	0.435	0.302	0.441	0.284
710	0.435	0.303	0.440	0.286
720	0.434	0.305	0.440	0.287
730	0.434	0.306	0.439	0.288
740	0.433	0.308	0.439	0.289
eigenvalues:  tensor([74.7282, 60.6778])
preconditioned eigenvalues tensor([157.1517, 127.6409])
hess item is 0.47396790981292725
750	0.433	0.308	0.438	0.288
760	0.432	0.309	0.438	0.290
770	0.431	0.311	0.437	0.293
780	0.431	0.312	0.437	0.292
790	0.430	0.313	0.436	0.293
eigenvalues:  tensor([74.2798, 60.4428])
preconditioned eigenvalues tensor([164.0970, 133.5719])
hess item is 0.4509938061237335
800	0.430	0.314	0.436	0.292
810	0.429	0.315	0.435	0.293
820	0.429	0.316	0.435	0.295
830	0.428	0.318	0.434	0.296
840	0.428	0.319	0.434	0.297
eigenvalues:  tensor([73.8509, 60.1464])
preconditioned eigenvalues tensor([171.3771, 139.6198])
hess item is 0.4291427731513977
850	0.427	0.320	0.433	0.298
860	0.427	0.321	0.433	0.299
870	0.426	0.321	0.433	0.299
880	0.426	0.323	0.432	0.300
890	0.425	0.323	0.432	0.300
eigenvalues:  tensor([73.4717, 59.9153])
preconditioned eigenvalues tensor([179.1305, 146.0740])
hess item is 0.408353716135025
900	0.425	0.325	0.431	0.301
910	0.424	0.326	0.431	0.301
920	0.424	0.326	0.430	0.302
930	0.423	0.326	0.430	0.304
940	0.423	0.327	0.430	0.304
eigenvalues:  tensor([73.0449, 59.6435])
preconditioned eigenvalues tensor([187.0455, 152.7260])
hess item is 0.38858017325401306
950	0.422	0.329	0.429	0.305
960	0.422	0.331	0.429	0.304
970	0.422	0.332	0.429	0.306
980	0.421	0.332	0.428	0.306
990	0.421	0.332	0.428	0.307
eigenvalues:  tensor([72.7729, 59.4256])
preconditioned eigenvalues tensor([195.7541, 159.8198])
hess item is 0.36976727843284607
1000	0.420	0.333	0.427	0.308
1010	0.420	0.334	0.427	0.309
1020	0.419	0.335	0.426	0.310
1030	0.419	0.335	0.426	0.311
1040	0.418	0.338	0.426	0.312
eigenvalues:  tensor([72.2159, 59.2421])
preconditioned eigenvalues tensor([204.0293, 167.3215])
hess item is 0.35188227891921997
1050	0.418	0.337	0.425	0.312
1060	0.418	0.338	0.425	0.312
1070	0.417	0.339	0.425	0.312
1080	0.417	0.339	0.424	0.312
1090	0.416	0.340	0.424	0.312
eigenvalues:  tensor([71.7740, 59.0229])
preconditioned eigenvalues tensor([212.9854, 175.0892])
hess item is 0.33486267924308777
1100	0.416	0.342	0.424	0.313
1110	0.416	0.343	0.423	0.314
1120	0.415	0.344	0.423	0.314
1130	0.415	0.344	0.423	0.316
1140	0.414	0.346	0.422	0.315
eigenvalues:  tensor([71.3434, 58.7831])
preconditioned eigenvalues tensor([222.3533, 183.1307])
hess item is 0.3186759948730469
1150	0.414	0.347	0.422	0.316
1160	0.414	0.348	0.422	0.317
1170	0.413	0.350	0.421	0.317
1180	0.413	0.349	0.421	0.320
1190	0.413	0.349	0.421	0.322
eigenvalues:  tensor([70.8891, 58.4982])
preconditioned eigenvalues tensor([232.0549, 191.3670])
hess item is 0.30327901244163513
1200	0.412	0.350	0.420	0.323
1210	0.412	0.350	0.420	0.321
1220	0.412	0.352	0.420	0.322
1230	0.411	0.354	0.420	0.322
1240	0.411	0.354	0.419	0.325
eigenvalues:  tensor([70.4937, 58.2589])
preconditioned eigenvalues tensor([242.2993, 200.1633])
hess item is 0.28863072395324707
1250	0.410	0.354	0.419	0.325
1260	0.410	0.357	0.419	0.324
1270	0.410	0.356	0.419	0.324
1280	0.409	0.356	0.418	0.324
1290	0.409	0.357	0.418	0.325
eigenvalues:  tensor([69.8461, 58.0123])
preconditioned eigenvalues tensor([252.0669, 209.2445])
hess item is 0.2746979296207428
1300	0.409	0.360	0.418	0.328
1310	0.408	0.361	0.418	0.329
1320	0.408	0.361	0.417	0.330
1330	0.408	0.362	0.417	0.331
1340	0.407	0.362	0.417	0.332
eigenvalues:  tensor([69.4475, 57.6866])
preconditioned eigenvalues tensor([263.2033, 218.5561])
hess item is 0.26143375039100647
1350	0.407	0.364	0.416	0.331
1360	0.407	0.364	0.416	0.332
1370	0.407	0.364	0.416	0.333
1380	0.406	0.366	0.416	0.331
1390	0.406	0.368	0.416	0.331
eigenvalues:  tensor([68.9314, 57.4825])
preconditioned eigenvalues tensor([274.3712, 228.6539])
hess item is 0.24882566928863525
1400	0.406	0.369	0.415	0.332
1410	0.405	0.368	0.415	0.334
1420	0.405	0.371	0.415	0.335
1430	0.405	0.374	0.414	0.334
1440	0.404	0.374	0.414	0.336
eigenvalues:  tensor([68.4428, 57.2290])
preconditioned eigenvalues tensor([286.0116, 239.0198])
hess item is 0.23682808876037598
1450	0.404	0.375	0.414	0.338
1460	0.404	0.376	0.414	0.338
1470	0.404	0.375	0.414	0.337
1480	0.403	0.377	0.413	0.338
1490	0.403	0.379	0.413	0.340
eigenvalues:  tensor([67.9963, 56.9011])
preconditioned eigenvalues tensor([298.2639, 249.4849])
hess item is 0.2254195362329483
1500	0.403	0.377	0.413	0.341
1510	0.402	0.379	0.413	0.341
1520	0.402	0.380	0.412	0.343
1530	0.402	0.380	0.412	0.342
1540	0.402	0.381	0.412	0.343
eigenvalues:  tensor([67.5581, 56.5927])
preconditioned eigenvalues tensor([311.1251, 260.4959])
hess item is 0.21456395089626312
1550	0.401	0.382	0.412	0.346
1560	0.401	0.381	0.412	0.346
1570	0.401	0.382	0.412	0.347
1580	0.401	0.384	0.411	0.344
1590	0.400	0.383	0.411	0.348
eigenvalues:  tensor([66.7710, 56.3271])
preconditioned eigenvalues tensor([322.7195, 272.0553])
hess item is 0.20424441993236542
1600	0.400	0.384	0.411	0.346
1610	0.400	0.384	0.411	0.348
1620	0.399	0.386	0.411	0.348
1630	0.399	0.387	0.410	0.350
1640	0.399	0.388	0.410	0.350
eigenvalues:  tensor([66.3905, 55.7989])
preconditioned eigenvalues tensor([336.7910, 282.8504])
hess item is 0.1944155991077423
1650	0.399	0.389	0.410	0.352
1660	0.399	0.390	0.410	0.351
1670	0.398	0.391	0.410	0.350
1680	0.398	0.392	0.410	0.351
1690	0.398	0.390	0.410	0.349
eigenvalues:  tensor([65.6896, 55.5997])
preconditioned eigenvalues tensor([349.7774, 295.8083])
hess item is 0.18506978452205658
1700	0.398	0.391	0.409	0.352
1710	0.397	0.392	0.409	0.354
1720	0.397	0.392	0.409	0.353
1730	0.397	0.392	0.409	0.354
1740	0.397	0.391	0.409	0.353
eigenvalues:  tensor([65.1108, 55.1294])
preconditioned eigenvalues tensor([363.8069, 307.7027])
hess item is 0.17618198692798615
1750	0.397	0.395	0.409	0.353
1760	0.396	0.399	0.408	0.355
1770	0.396	0.394	0.408	0.353
1780	0.396	0.395	0.408	0.354
1790	0.396	0.394	0.408	0.354
eigenvalues:  tensor([64.4336, 54.5837])
preconditioned eigenvalues tensor([377.6148, 319.5193])
hess item is 0.16772478818893433
1800	0.395	0.399	0.408	0.358
1810	0.395	0.398	0.408	0.356
1820	0.395	0.398	0.407	0.357
1830	0.395	0.400	0.407	0.357
1840	0.394	0.402	0.407	0.359
eigenvalues:  tensor([63.9620, 54.1723])
preconditioned eigenvalues tensor([393.2938, 332.5943])
hess item is 0.1596808284521103
1850	0.394	0.404	0.407	0.358
1860	0.394	0.402	0.407	0.359
1870	0.394	0.404	0.407	0.359
1880	0.393	0.400	0.407	0.359
1890	0.393	0.403	0.406	0.359
eigenvalues:  tensor([62.9181, 53.8031])
preconditioned eigenvalues tensor([405.7019, 346.6068])
hess item is 0.1520269811153412
1900	0.393	0.404	0.406	0.361
1910	0.393	0.406	0.406	0.361
1920	0.393	0.405	0.406	0.360
1930	0.393	0.405	0.406	0.362
1940	0.392	0.407	0.406	0.359
eigenvalues:  tensor([62.2496, 53.3049])
preconditioned eigenvalues tensor([421.1087, 360.1552])
hess item is 0.14474551379680634
1950	0.392	0.407	0.405	0.362
1960	0.392	0.408	0.405	0.361
1970	0.392	0.410	0.405	0.363
1980	0.391	0.408	0.405	0.362
1990	0.391	0.410	0.405	0.361
eigenvalues:  tensor([61.4421, 52.9450])
preconditioned eigenvalues tensor([435.8618, 375.1558])
hess item is 0.13781845569610596
2000	0.391	0.408	0.405	0.365
2010	0.391	0.410	0.405	0.365
2020	0.391	0.410	0.405	0.364
2030	0.391	0.414	0.405	0.364
2040	0.390	0.414	0.404	0.366
eigenvalues:  tensor([60.5428, 52.3462])
preconditioned eigenvalues tensor([450.0805, 388.9222])
hess item is 0.1312294751405716
2050	0.390	0.415	0.405	0.366
2060	0.390	0.415	0.404	0.364
2070	0.390	0.411	0.404	0.368
2080	0.390	0.415	0.404	0.366
2090	0.389	0.414	0.404	0.365
eigenvalues:  tensor([59.8212, 51.7233])
preconditioned eigenvalues tensor([466.3791, 402.6436])
hess item is 0.12495880573987961
2100	0.389	0.418	0.404	0.366
2110	0.389	0.417	0.404	0.366
2120	0.389	0.419	0.404	0.366
2130	0.388	0.417	0.403	0.368
2140	0.389	0.420	0.404	0.366
eigenvalues:  tensor([58.9393, 51.1955])
preconditioned eigenvalues tensor([481.4893, 417.7181])
hess item is 0.11899029463529587
2150	0.388	0.419	0.403	0.365
2160	0.388	0.419	0.403	0.368
2170	0.388	0.421	0.403	0.368
2180	0.388	0.420	0.403	0.365
2190	0.387	0.421	0.403	0.367
eigenvalues:  tensor([57.5120, 50.5610])
preconditioned eigenvalues tensor([492.2211, 432.2935])
hess item is 0.11331870406866074
2200	0.388	0.421	0.403	0.370
2210	0.387	0.424	0.403	0.369
2220	0.387	0.424	0.402	0.368
2230	0.387	0.428	0.403	0.369
2240	0.386	0.430	0.402	0.370
eigenvalues:  tensor([57.0904, 50.0108])
preconditioned eigenvalues tensor([511.9917, 448.0425])
hess item is 0.10792078822851181
2250	0.386	0.429	0.402	0.369
2260	0.386	0.428	0.403	0.369
2270	0.386	0.430	0.402	0.371
2280	0.386	0.426	0.402	0.371
2290	0.386	0.428	0.402	0.374
eigenvalues:  tensor([55.9631, 49.3059])
preconditioned eigenvalues tensor([525.8163, 462.8585])
hess item is 0.10277795791625977
2300	0.385	0.429	0.402	0.372
2310	0.385	0.431	0.402	0.372
2320	0.385	0.429	0.402	0.374
2330	0.385	0.428	0.402	0.371
2340	0.385	0.429	0.401	0.372
eigenvalues:  tensor([55.0737, 48.7601])
preconditioned eigenvalues tensor([541.8792, 479.3237])
hess item is 0.09789134562015533
2350	0.385	0.429	0.401	0.373
2360	0.384	0.432	0.401	0.373
2370	0.384	0.433	0.401	0.371
2380	0.384	0.432	0.401	0.372
2390	0.384	0.434	0.401	0.375
eigenvalues:  tensor([53.8846, 47.9189])
preconditioned eigenvalues tensor([554.7816, 492.8772])
hess item is 0.09323903173208237
2400	0.384	0.435	0.401	0.375
2410	0.383	0.434	0.401	0.376
2420	0.383	0.435	0.401	0.374
2430	0.383	0.433	0.401	0.377
2440	0.383	0.437	0.400	0.376
eigenvalues:  tensor([53.0721, 47.2832])
preconditioned eigenvalues tensor([572.0242, 508.8486])
hess item is 0.08881403505802155
2450	0.383	0.436	0.400	0.375
2460	0.382	0.437	0.400	0.373
2470	0.382	0.438	0.400	0.376
2480	0.382	0.438	0.400	0.375
2490	0.382	0.440	0.400	0.376
eigenvalues:  tensor([51.5904, 46.6175])
preconditioned eigenvalues tensor([581.4088, 524.4703])
hess item is 0.0846032053232193
2500	0.382	0.440	0.400	0.377
2510	0.382	0.438	0.400	0.377
2520	0.382	0.439	0.400	0.378
2530	0.381	0.444	0.399	0.378
2540	0.383	0.442	0.401	0.377
eigenvalues:  tensor([50.5337, 45.8593])
preconditioned eigenvalues tensor([595.7109, 539.8405])
hess item is 0.08059660345315933
2550	0.381	0.442	0.399	0.378
2560	0.381	0.443	0.400	0.378
2570	0.381	0.444	0.399	0.380
2580	0.381	0.445	0.400	0.378
2590	0.380	0.442	0.399	0.378
eigenvalues:  tensor([49.7975, 45.1558])
preconditioned eigenvalues tensor([613.7935, 555.1751])
hess item is 0.07678525149822235
2600	0.380	0.441	0.399	0.379
2610	0.380	0.448	0.399	0.382
2620	0.380	0.447	0.399	0.384
2630	0.380	0.446	0.399	0.382
2640	0.379	0.446	0.399	0.383
eigenvalues:  tensor([48.7070, 44.4804])
preconditioned eigenvalues tensor([627.6743, 571.3340])
hess item is 0.07315681874752045
2650	0.380	0.445	0.399	0.381
2660	0.380	0.444	0.399	0.382
2670	0.380	0.445	0.399	0.382
2680	0.379	0.447	0.399	0.381
2690	0.379	0.449	0.398	0.384
eigenvalues:  tensor([47.5960, 43.4104])
preconditioned eigenvalues tensor([640.0958, 582.0394])
hess item is 0.0697050616145134
2700	0.379	0.449	0.398	0.383
2710	0.379	0.448	0.399	0.380
2720	0.378	0.450	0.398	0.382
2730	0.378	0.452	0.398	0.384
2740	0.378	0.451	0.398	0.386
eigenvalues:  tensor([46.7571, 42.8377])
preconditioned eigenvalues tensor([657.3041, 600.1185])
hess item is 0.06641701608896255
2750	0.378	0.451	0.398	0.386
2760	0.378	0.451	0.398	0.385
2770	0.377	0.453	0.397	0.386
2780	0.377	0.450	0.398	0.385
2790	0.378	0.450	0.398	0.382
eigenvalues:  tensor([45.3650, 41.9460])
preconditioned eigenvalues tensor([664.9465, 612.2928])
hess item is 0.06329119205474854
2800	0.377	0.454	0.398	0.386
2810	0.376	0.456	0.397	0.385
2820	0.376	0.458	0.397	0.386
2830	0.376	0.458	0.397	0.387
2840	0.376	0.459	0.397	0.388
eigenvalues:  tensor([44.5137, 41.3054])
preconditioned eigenvalues tensor([681.1964, 629.2515])
hess item is 0.060307882726192474
2850	0.376	0.458	0.397	0.387
2860	0.376	0.460	0.397	0.386
2870	0.376	0.462	0.397	0.391
2880	0.376	0.461	0.397	0.389
2890	0.376	0.464	0.397	0.389
eigenvalues:  tensor([43.4483, 40.8302])
preconditioned eigenvalues tensor([692.7507, 648.5947])
hess item is 0.05747253820300102
2900	0.376	0.457	0.397	0.387
2910	0.376	0.454	0.398	0.381
2920	0.376	0.459	0.398	0.387
2930	0.376	0.458	0.398	0.386
2940	0.375	0.463	0.397	0.388
eigenvalues:  tensor([42.5739, 39.8767])
preconditioned eigenvalues tensor([707.6636, 660.1531])
hess item is 0.05477360263466835
2950	0.374	0.461	0.396	0.386
2960	0.376	0.454	0.398	0.387
2970	0.375	0.461	0.397	0.390
2980	0.375	0.458	0.397	0.390
2990	0.375	0.463	0.397	0.388
eigenvalues:  tensor([41.6328, 39.2370])
preconditioned eigenvalues tensor([720.9982, 675.4902])
hess item is 0.05220255255699158
3000	0.374	0.465	0.396	0.392
3010	0.374	0.464	0.396	0.388
3020	0.373	0.469	0.396	0.393
3030	0.374	0.461	0.396	0.390
3040	0.375	0.461	0.397	0.389
eigenvalues:  tensor([40.8225, 38.4376])
preconditioned eigenvalues tensor([737.2762, 688.8253])
hess item is 0.04975593090057373
3050	0.374	0.462	0.397	0.387
3060	0.373	0.463	0.396	0.392
3070	0.373	0.470	0.396	0.392
3080	0.373	0.463	0.396	0.388
3090	0.372	0.468	0.395	0.392
eigenvalues:  tensor([39.4823, 37.3598])
preconditioned eigenvalues tensor([739.7068, 694.3520])
hess item is 0.04743003845214844
3100	0.372	0.468	0.395	0.394
3110	0.372	0.468	0.395	0.392
3120	0.373	0.464	0.396	0.390
3130	0.373	0.467	0.396	0.391
3140	0.372	0.467	0.395	0.397
eigenvalues:  tensor([38.6170, 36.5435])
preconditioned eigenvalues tensor([751.6694, 705.8580])
hess item is 0.04521152749657631
3150	0.372	0.465	0.396	0.391
3160	0.372	0.466	0.395	0.393
3170	0.372	0.468	0.396	0.392
3180	0.371	0.475	0.395	0.395
3190	0.371	0.477	0.395	0.397
eigenvalues:  tensor([37.8302, 35.9587])
preconditioned eigenvalues tensor([765.5225, 721.2728])
hess item is 0.043101560324430466
3200	0.371	0.471	0.395	0.392
3210	0.371	0.474	0.394	0.396
3220	0.371	0.468	0.395	0.393
3230	0.371	0.473	0.395	0.392
3240	0.371	0.467	0.395	0.392
eigenvalues:  tensor([37.0890, 35.0031])
preconditioned eigenvalues tensor([779.2411, 727.7813])
hess item is 0.041092973202466965
3250	0.370	0.469	0.394	0.389
3260	0.371	0.469	0.395	0.391
3270	0.370	0.474	0.394	0.394
3280	0.370	0.475	0.394	0.397
3290	0.370	0.476	0.394	0.396
eigenvalues:  tensor([36.3391, 34.2060])
preconditioned eigenvalues tensor([789.0580, 734.5278])
hess item is 0.039184343069791794
3300	0.370	0.475	0.395	0.394
3310	0.369	0.475	0.394	0.399
3320	0.370	0.470	0.395	0.393
3330	0.369	0.478	0.394	0.396
3340	0.369	0.476	0.394	0.394
eigenvalues:  tensor([35.6439, 33.4388])
preconditioned eigenvalues tensor([802.8995, 743.1786])
hess item is 0.03736390545964241
3350	0.370	0.474	0.394	0.394
3360	0.369	0.478	0.394	0.398
3370	0.369	0.478	0.394	0.398
3380	0.369	0.479	0.394	0.400
3390	0.369	0.476	0.394	0.394
eigenvalues:  tensor([34.9065, 32.6799])
preconditioned eigenvalues tensor([815.5245, 752.0268])
hess item is 0.03562930226325989
3400	0.369	0.472	0.394	0.397
3410	0.369	0.464	0.395	0.391
3420	0.369	0.471	0.394	0.394
3430	0.368	0.473	0.394	0.398
3440	0.367	0.486	0.393	0.403
eigenvalues:  tensor([33.9790, 31.8622])
preconditioned eigenvalues tensor([819.3726, 755.4669])
hess item is 0.03398147597908974
3450	0.369	0.478	0.394	0.397
3460	0.369	0.477	0.395	0.398
3470	0.368	0.483	0.393	0.400
3480	0.367	0.479	0.394	0.397
3490	0.368	0.481	0.394	0.398
eigenvalues:  tensor([33.4368, 31.0054])
preconditioned eigenvalues tensor([834.5991, 757.4531])
hess item is 0.03240911662578583
3500	0.367	0.478	0.393	0.397
3510	0.368	0.476	0.394	0.397
3520	0.367	0.479	0.393	0.400
3530	0.367	0.481	0.393	0.398
3540	0.366	0.489	0.393	0.402
eigenvalues:  tensor([32.5545, 30.4809])
preconditioned eigenvalues tensor([841.1322, 771.5581])
hess item is 0.030912281945347786
3550	0.367	0.482	0.393	0.401
3560	0.368	0.478	0.394	0.396
3570	0.367	0.479	0.394	0.397
3580	0.366	0.484	0.393	0.402
3590	0.366	0.484	0.393	0.403
eigenvalues:  tensor([32.1357, 30.0461])
preconditioned eigenvalues tensor([858.6050, 786.4615])
hess item is 0.029488591477274895
3600	0.367	0.484	0.393	0.401
3610	0.366	0.486	0.393	0.398
3620	0.367	0.482	0.393	0.401
3630	0.365	0.485	0.392	0.399
3640	0.365	0.483	0.393	0.400
eigenvalues:  tensor([31.5308, 29.2494])
preconditioned eigenvalues tensor([870.1311, 785.7427])
hess item is 0.028134051710367203
3650	0.366	0.484	0.393	0.401
3660	0.365	0.489	0.392	0.402
3670	0.366	0.483	0.393	0.398
3680	0.365	0.485	0.392	0.401
3690	0.365	0.489	0.392	0.401
eigenvalues:  tensor([30.9545, 28.9116])
preconditioned eigenvalues tensor([881.6664, 802.7279])
hess item is 0.026844220235943794
3700	0.365	0.493	0.392	0.399
3710	0.364	0.489	0.392	0.400
3720	0.365	0.481	0.393	0.398
3730	0.365	0.480	0.392	0.398
3740	0.366	0.483	0.393	0.400
eigenvalues:  tensor([30.4384, 28.3994])
preconditioned eigenvalues tensor([891.2966, 811.3416])
hess item is 0.02561407908797264
3750	0.364	0.485	0.392	0.401
3760	0.364	0.487	0.392	0.402
3770	0.365	0.487	0.392	0.405
3780	0.364	0.489	0.392	0.404
3790	0.363	0.495	0.391	0.406
eigenvalues:  tensor([30.0955, 28.2210])
preconditioned eigenvalues tensor([907.6376, 830.7297])
hess item is 0.024443797767162323
3800	0.364	0.490	0.392	0.400
3810	0.365	0.486	0.393	0.400
3820	0.365	0.490	0.393	0.405
3830	0.364	0.493	0.392	0.404
3840	0.363	0.492	0.392	0.404
eigenvalues:  tensor([29.7285, 27.6860])
preconditioned eigenvalues tensor([921.9189, 833.1253])
hess item is 0.02332993596792221
3850	0.364	0.494	0.392	0.400
3860	0.363	0.491	0.391	0.403
3870	0.364	0.486	0.392	0.400
3880	0.363	0.496	0.391	0.405
3890	0.363	0.495	0.391	0.402
eigenvalues:  tensor([29.1035, 27.3243])
preconditioned eigenvalues tensor([927.4529, 845.4388])
hess item is 0.02226898819208145
3900	0.362	0.497	0.391	0.406
3910	0.362	0.496	0.391	0.404
3920	0.363	0.493	0.391	0.402
3930	0.363	0.492	0.391	0.403
3940	0.363	0.488	0.392	0.401
eigenvalues:  tensor([28.6334, 27.0339])
preconditioned eigenvalues tensor([937.1964, 860.1677])
hess item is 0.02125522494316101
3950	0.363	0.489	0.392	0.405
3960	0.362	0.498	0.391	0.407
3970	0.363	0.488	0.392	0.401
3980	0.361	0.494	0.390	0.405
3990	0.361	0.498	0.390	0.407
eigenvalues:  tensor([28.3608, 26.7744])
preconditioned eigenvalues tensor([953.6758, 875.2003])
hess item is 0.020293887704610825
4000	0.363	0.482	0.392	0.397
4010	0.362	0.488	0.392	0.401
4020	0.363	0.488	0.392	0.402
4030	0.361	0.495	0.391	0.403
4040	0.362	0.497	0.391	0.407
eigenvalues:  tensor([27.7702, 26.1066])
preconditioned eigenvalues tensor([964.4259, 878.0364])
hess item is 0.019379641860723495
4050	0.361	0.495	0.390	0.409
4060	0.362	0.481	0.392	0.399
4070	0.361	0.489	0.391	0.403
4080	0.362	0.488	0.391	0.402
4090	0.362	0.491	0.392	0.400
eigenvalues:  tensor([27.4970, 25.7185])
preconditioned eigenvalues tensor([974.0546, 877.8937])
hess item is 0.018507210537791252
4100	0.360	0.499	0.390	0.404
4110	0.360	0.502	0.390	0.408
4120	0.360	0.499	0.390	0.408
4130	0.360	0.500	0.389	0.408
4140	0.360	0.505	0.390	0.407
eigenvalues:  tensor([26.8855, 25.1326])
preconditioned eigenvalues tensor([977.7544, 877.5173])
hess item is 0.01767352595925331
4150	0.360	0.494	0.390	0.406
4160	0.361	0.496	0.391	0.405
4170	0.361	0.491	0.391	0.402
4180	0.360	0.493	0.390	0.403
4190	0.360	0.502	0.389	0.408
eigenvalues:  tensor([26.9393, 25.3420])
preconditioned eigenvalues tensor([996.5365, 902.5350])
hess item is 0.01687924563884735
4200	0.360	0.494	0.390	0.404
4210	0.360	0.497	0.390	0.404
4220	0.361	0.493	0.391	0.402
4230	0.359	0.502	0.390	0.409
4240	0.362	0.489	0.392	0.404
eigenvalues:  tensor([26.8524, 25.0046])
preconditioned eigenvalues tensor([1009.8866,  898.4119])
hess item is 0.016124431043863297
4250	0.360	0.498	0.390	0.408
4260	0.362	0.490	0.392	0.405
4270	0.359	0.498	0.389	0.407
4280	0.359	0.493	0.390	0.404
4290	0.359	0.500	0.390	0.403
eigenvalues:  tensor([26.2988, 24.6102])
preconditioned eigenvalues tensor([1018.3754,  910.7838])
hess item is 0.01540927030146122
4300	0.359	0.492	0.390	0.405
4310	0.360	0.499	0.390	0.410
4320	0.361	0.483	0.392	0.400
4330	0.358	0.499	0.389	0.403
4340	0.358	0.501	0.389	0.410
eigenvalues:  tensor([26.1648, 24.3554])
preconditioned eigenvalues tensor([1039.3011,  922.1093])
hess item is 0.014725430868566036
4350	0.359	0.495	0.390	0.406
4360	0.359	0.492	0.390	0.405
4370	0.359	0.499	0.390	0.405
4380	0.358	0.498	0.389	0.408
4390	0.358	0.500	0.389	0.406
eigenvalues:  tensor([25.6830, 23.8530])
preconditioned eigenvalues tensor([1054.8450,  929.2600])
hess item is 0.01407313160598278
4400	0.358	0.507	0.389	0.407
4410	0.359	0.495	0.390	0.405
4420	0.358	0.498	0.389	0.409
4430	0.359	0.502	0.390	0.405
4440	0.359	0.492	0.390	0.401
eigenvalues:  tensor([25.7958, 23.9778])
preconditioned eigenvalues tensor([1067.5544,  938.5488])
hess item is 0.013454530388116837
4450	0.358	0.499	0.389	0.407
4460	0.358	0.499	0.389	0.411
4470	0.358	0.497	0.390	0.405
4480	0.357	0.502	0.389	0.412
4490	0.358	0.508	0.389	0.409
eigenvalues:  tensor([25.4275, 23.6733])
preconditioned eigenvalues tensor([1072.0186,  940.6892])
hess item is 0.012864954769611359
4500	0.356	0.506	0.388	0.408
4510	0.356	0.505	0.388	0.410
4520	0.358	0.502	0.389	0.407
4530	0.359	0.499	0.391	0.409
4540	0.359	0.498	0.391	0.406
eigenvalues:  tensor([25.2017, 23.5480])
preconditioned eigenvalues tensor([1092.8645,  960.1631])
hess item is 0.012302807532250881
4550	0.359	0.496	0.391	0.406
4560	0.359	0.493	0.391	0.404
4570	0.357	0.501	0.389	0.409
4580	0.356	0.505	0.388	0.411
4590	0.357	0.495	0.389	0.406
eigenvalues:  tensor([25.1364, 23.6286])
preconditioned eigenvalues tensor([1096.0110,  978.9717])
hess item is 0.01177042257040739
4600	0.357	0.501	0.389	0.409
4610	0.358	0.496	0.390	0.407
4620	0.357	0.508	0.389	0.410
4630	0.356	0.497	0.389	0.408
4640	0.355	0.509	0.388	0.412
eigenvalues:  tensor([24.9858, 23.5503])
preconditioned eigenvalues tensor([1098.2972,  979.6326])
hess item is 0.011262600310146809
4650	0.359	0.487	0.391	0.403
4660	0.359	0.496	0.391	0.408
4670	0.355	0.509	0.388	0.412
4680	0.357	0.502	0.389	0.410
4690	0.358	0.498	0.391	0.408
eigenvalues:  tensor([24.8927, 23.4377])
preconditioned eigenvalues tensor([1119.5944,  995.1651])
hess item is 0.010778985917568207
4700	0.355	0.513	0.388	0.414
4710	0.358	0.494	0.391	0.402
4720	0.356	0.501	0.389	0.410
4730	0.356	0.502	0.389	0.406
4740	0.356	0.505	0.389	0.407
eigenvalues:  tensor([24.7644, 23.2576])
preconditioned eigenvalues tensor([1142.6714,  996.8424])
hess item is 0.010314994491636753
4750	0.356	0.508	0.388	0.409
4760	0.354	0.512	0.387	0.416
4770	0.354	0.511	0.387	0.415
4780	0.359	0.495	0.391	0.406
4790	0.359	0.500	0.392	0.406
eigenvalues:  tensor([24.8431, 23.6814])
preconditioned eigenvalues tensor([1121.9595, 1004.6908])
hess item is 0.009877869859337807
4800	0.357	0.498	0.390	0.406
4810	0.358	0.503	0.390	0.411
4820	0.355	0.513	0.389	0.415
4830	0.354	0.508	0.388	0.414
4840	0.357	0.502	0.390	0.409
eigenvalues:  tensor([24.9515, 23.7224])
preconditioned eigenvalues tensor([1153.4001, 1032.2048])
hess item is 0.009459184482693672
4850	0.354	0.516	0.388	0.413
4860	0.355	0.511	0.388	0.409
4870	0.356	0.509	0.389	0.409
4880	0.354	0.512	0.388	0.412
4890	0.358	0.501	0.391	0.403
eigenvalues:  tensor([24.7885, 23.6067])
preconditioned eigenvalues tensor([1143.1057, 1019.9116])
hess item is 0.009061493910849094
4900	0.355	0.512	0.388	0.414
4910	0.357	0.497	0.390	0.407
4920	0.355	0.502	0.388	0.411
4930	0.354	0.513	0.387	0.415
4940	0.354	0.513	0.387	0.414
eigenvalues:  tensor([24.4598, 23.2306])
preconditioned eigenvalues tensor([1172.5186, 1034.4496])
hess item is 0.008680623956024647
4950	0.353	0.513	0.387	0.414
4960	0.353	0.512	0.387	0.414
4970	0.354	0.510	0.388	0.413
4980	0.355	0.501	0.389	0.408
4990	0.358	0.487	0.392	0.400
eigenvalues:  tensor([25.0034, 23.7272])
preconditioned eigenvalues tensor([1180.8003, 1049.8113])
hess item is 0.008321812376379967
5000	0.356	0.500	0.390	0.409
5010	0.355	0.508	0.389	0.413
5020	0.354	0.508	0.388	0.414
5030	0.353	0.507	0.387	0.411
5040	0.354	0.512	0.388	0.412
eigenvalues:  tensor([24.3356, 23.0040])
preconditioned eigenvalues tensor([1208.8441, 1036.9889])
hess item is 0.007978853769600391
5050	0.354	0.502	0.389	0.409
5060	0.355	0.511	0.389	0.416
5070	0.354	0.503	0.388	0.408
5080	0.354	0.503	0.388	0.409
5090	0.355	0.503	0.389	0.410
eigenvalues:  tensor([25.0351, 23.8624])
preconditioned eigenvalues tensor([1211.6084, 1045.2218])
hess item is 0.007655574940145016
5100	0.353	0.514	0.387	0.415
5110	0.354	0.500	0.389	0.410
5120	0.354	0.502	0.388	0.412
5130	0.353	0.515	0.387	0.413
5140	0.356	0.503	0.390	0.410
eigenvalues:  tensor([25.8122, 24.5808])
preconditioned eigenvalues tensor([1224.8937, 1063.1156])
hess item is 0.007346480619162321
5150	0.356	0.503	0.390	0.406
5160	0.355	0.512	0.389	0.411
5170	0.353	0.503	0.387	0.412
5180	0.353	0.503	0.388	0.412
5190	0.354	0.506	0.388	0.412
eigenvalues:  tensor([25.5915, 24.5602])
preconditioned eigenvalues tensor([1234.3499, 1088.8708])
hess item is 0.007049925625324249
5200	0.356	0.502	0.390	0.406
5210	0.352	0.508	0.387	0.412
5220	0.354	0.497	0.389	0.409
5230	0.354	0.507	0.388	0.415
5240	0.355	0.503	0.389	0.410
eigenvalues:  tensor([25.6767, 24.7882])
preconditioned eigenvalues tensor([1229.1450, 1094.2343])
hess item is 0.00677078403532505
5250	0.352	0.512	0.387	0.408
5260	0.354	0.505	0.389	0.408
5270	0.353	0.522	0.388	0.411
5280	0.353	0.514	0.389	0.410
5290	0.355	0.496	0.390	0.408
eigenvalues:  tensor([26.2414, 25.4927])
preconditioned eigenvalues tensor([1210.6226, 1106.5121])
hess item is 0.0065045347437262535
5300	0.351	0.509	0.386	0.410
5310	0.353	0.515	0.388	0.412
5320	0.353	0.513	0.387	0.409
5330	0.352	0.513	0.387	0.413
5340	0.354	0.501	0.389	0.410
eigenvalues:  tensor([26.2119, 25.2748])
preconditioned eigenvalues tensor([1226.9562, 1111.9100])
hess item is 0.0062504177913069725
5350	0.359	0.497	0.393	0.401
5360	0.353	0.512	0.388	0.413
5370	0.353	0.512	0.389	0.409
5380	0.352	0.508	0.388	0.410
5390	0.351	0.507	0.387	0.405
eigenvalues:  tensor([25.7132, 24.9316])
preconditioned eigenvalues tensor([1235.1812, 1111.1361])
hess item is 0.006009635981172323
5400	0.352	0.507	0.388	0.410
5410	0.353	0.510	0.389	0.414
5420	0.356	0.498	0.391	0.405
5430	0.352	0.499	0.388	0.408
5440	0.354	0.494	0.390	0.408
eigenvalues:  tensor([26.8197, 25.9855])
preconditioned eigenvalues tensor([1264.0425, 1114.6259])
hess item is 0.005781075451523066
5450	0.351	0.511	0.387	0.410
5460	0.351	0.515	0.387	0.410
5470	0.351	0.504	0.387	0.407
5480	0.352	0.503	0.388	0.410
5490	0.352	0.512	0.387	0.412
eigenvalues:  tensor([26.5874, 25.7705])
preconditioned eigenvalues tensor([1271.7633, 1125.2230])
hess item is 0.005568934604525566
5500	0.352	0.510	0.387	0.409
5510	0.354	0.493	0.390	0.407
5520	0.351	0.503	0.387	0.406
5530	0.351	0.514	0.387	0.416
5540	0.352	0.509	0.388	0.414
eigenvalues:  tensor([27.7956, 27.0683])
preconditioned eigenvalues tensor([1321.6875, 1152.1136])
hess item is 0.005357301328331232
5550	0.355	0.493	0.391	0.401
5560	0.353	0.502	0.389	0.406
5570	0.350	0.512	0.386	0.408
5580	0.349	0.516	0.386	0.414
5590	0.352	0.506	0.388	0.410
eigenvalues:  tensor([27.8262, 27.2470])
preconditioned eigenvalues tensor([1280.3142, 1136.1343])
hess item is 0.005160235799849033
5600	0.353	0.502	0.389	0.408
5610	0.355	0.499	0.391	0.401
5620	0.352	0.507	0.388	0.410
5630	0.351	0.509	0.387	0.414
5640	0.351	0.510	0.387	0.413
eigenvalues:  tensor([27.4270, 26.8241])
preconditioned eigenvalues tensor([1295.9253, 1160.6752])
hess item is 0.0049745491705834866
5650	0.350	0.517	0.386	0.415
5660	0.350	0.511	0.386	0.410
5670	0.350	0.526	0.387	0.414
5680	0.351	0.509	0.387	0.408
5690	0.352	0.515	0.388	0.409
eigenvalues:  tensor([29.1604, 28.7696])
preconditioned eigenvalues tensor([1276.4493, 1222.2601])
hess item is 0.004797208588570356
5700	0.350	0.513	0.387	0.411
5710	0.350	0.507	0.387	0.406
5720	0.355	0.494	0.392	0.402
5730	0.351	0.506	0.387	0.412
5740	0.355	0.496	0.391	0.405
eigenvalues:  tensor([29.6246, 29.2358])
preconditioned eigenvalues tensor([1288.4299, 1213.9303])
hess item is 0.0046271709725260735
5750	0.351	0.505	0.387	0.413
5760	0.352	0.498	0.389	0.406
5770	0.349	0.510	0.386	0.412
5780	0.357	0.481	0.393	0.396
5790	0.350	0.512	0.386	0.414
eigenvalues:  tensor([30.7701, 30.3165])
preconditioned eigenvalues tensor([1321.9995, 1216.5049])
hess item is 0.004473073873668909
5800	0.351	0.509	0.388	0.409
5810	0.349	0.511	0.386	0.412
5820	0.351	0.502	0.387	0.410
5830	0.352	0.505	0.389	0.411
5840	0.351	0.511	0.388	0.413
eigenvalues:  tensor([31.7707, 31.2353])
preconditioned eigenvalues tensor([1345.4393, 1222.7061])
hess item is 0.0043235598132014275
5850	0.352	0.503	0.389	0.406
5860	0.351	0.509	0.388	0.406
5870	0.353	0.495	0.391	0.404
5880	0.351	0.512	0.388	0.412
5890	0.348	0.516	0.386	0.415
eigenvalues:  tensor([32.2332, 31.6930])
preconditioned eigenvalues tensor([1372.1519, 1239.8738])
hess item is 0.004182867705821991
5900	0.350	0.509	0.387	0.409
5910	0.354	0.503	0.391	0.407
5920	0.352	0.510	0.389	0.409
5930	0.352	0.508	0.390	0.408
5940	0.351	0.509	0.388	0.414
eigenvalues:  tensor([31.0048, 30.4820])
preconditioned eigenvalues tensor([1340.3141, 1213.3895])
hess item is 0.0040464699268341064
5950	0.351	0.509	0.388	0.413
5960	0.351	0.507	0.389	0.411
5970	0.350	0.503	0.388	0.410
5980	0.350	0.504	0.388	0.413
5990	0.349	0.506	0.387	0.408
eigenvalues:  tensor([33.1214, 32.5580])
preconditioned eigenvalues tensor([1310.4802, 1252.0392])
hess item is 0.0039173923432827
6000	0.355	0.502	0.392	0.406
6010	0.351	0.501	0.389	0.405
6020	0.351	0.500	0.388	0.410
6030	0.349	0.505	0.387	0.411
6040	0.351	0.508	0.389	0.406
eigenvalues:  tensor([34.5087, 34.0427])
preconditioned eigenvalues tensor([1322.7964, 1252.2567])
hess item is 0.0037954961881041527
6050	0.350	0.507	0.387	0.408
6060	0.349	0.507	0.387	0.409
6070	0.351	0.508	0.389	0.406
6080	0.351	0.507	0.389	0.409
6090	0.351	0.500	0.389	0.405
eigenvalues:  tensor([35.6837, 35.1551])
preconditioned eigenvalues tensor([1338.2026, 1247.0303])
hess item is 0.0036864473950117826
6100	0.355	0.492	0.393	0.400
6110	0.349	0.504	0.388	0.408
6120	0.351	0.501	0.390	0.409
6130	0.350	0.507	0.388	0.409
6140	0.351	0.506	0.390	0.403
eigenvalues:  tensor([35.5206, 34.9431])
preconditioned eigenvalues tensor([1371.6951, 1269.3381])
hess item is 0.0035751922987401485
6150	0.347	0.514	0.386	0.412
6160	0.348	0.509	0.387	0.409
6170	0.349	0.508	0.388	0.406
6180	0.349	0.511	0.387	0.411
6190	0.350	0.506	0.389	0.406
eigenvalues:  tensor([36.1908, 35.6014])
preconditioned eigenvalues tensor([1326.1152, 1255.6145])
hess item is 0.0034733775537461042
6200	0.350	0.516	0.389	0.409
6210	0.348	0.507	0.387	0.411
6220	0.352	0.511	0.391	0.410
6230	0.352	0.495	0.392	0.399
6240	0.351	0.505	0.390	0.403
eigenvalues:  tensor([37.1127, 36.5161])
preconditioned eigenvalues tensor([1343.8176, 1256.7233])
hess item is 0.0033798564691096544
6250	0.351	0.516	0.389	0.410
6260	0.350	0.506	0.388	0.407
6270	0.349	0.507	0.389	0.411
6280	0.351	0.506	0.390	0.407
6290	0.352	0.499	0.391	0.408
eigenvalues:  tensor([38.0135, 37.4787])
preconditioned eigenvalues tensor([1334.6079, 1268.7460])
hess item is 0.003286362159997225
6300	0.352	0.501	0.391	0.404
6310	0.355	0.498	0.393	0.402
6320	0.351	0.504	0.390	0.407
6330	0.351	0.502	0.390	0.405
6340	0.354	0.496	0.393	0.400
eigenvalues:  tensor([40.8126, 40.1237])
preconditioned eigenvalues tensor([1375.9867, 1261.8771])
hess item is 0.003206009743735194
6350	0.353	0.488	0.392	0.399
6360	0.349	0.495	0.389	0.404
6370	0.351	0.496	0.391	0.403
6380	0.349	0.500	0.389	0.403
6390	0.348	0.508	0.388	0.407
eigenvalues:  tensor([40.5158, 39.9300])
preconditioned eigenvalues tensor([1371.4891, 1257.4292])
hess item is 0.0031268808525055647
6400	0.351	0.500	0.390	0.401
6410	0.348	0.500	0.388	0.402
6420	0.350	0.500	0.389	0.405
6430	0.348	0.502	0.388	0.405
6440	0.350	0.503	0.390	0.402
eigenvalues:  tensor([42.2507, 41.7201])
preconditioned eigenvalues tensor([1343.2798, 1247.7703])
hess item is 0.003047692822292447
6450	0.354	0.485	0.393	0.395
6460	0.351	0.502	0.391	0.399
6470	0.356	0.493	0.396	0.391
6480	0.352	0.495	0.392	0.400
6490	0.351	0.493	0.391	0.401
eigenvalues:  tensor([40.9873, 40.4614])
preconditioned eigenvalues tensor([1286.8279, 1230.5049])
hess item is 0.0029798687901347876
6500	0.348	0.507	0.388	0.402
6510	0.348	0.509	0.388	0.404
6520	0.351	0.498	0.391	0.401
6530	0.349	0.508	0.388	0.407
6540	0.350	0.503	0.390	0.402
eigenvalues:  tensor([41.8691, 41.3167])
preconditioned eigenvalues tensor([1318.2078, 1228.8558])
hess item is 0.002915236633270979
6550	0.348	0.512	0.389	0.407
6560	0.349	0.507	0.389	0.403
6570	0.347	0.504	0.388	0.402
6580	0.348	0.499	0.389	0.403
6590	0.349	0.505	0.389	0.405
eigenvalues:  tensor([43.3850, 42.8831])
preconditioned eigenvalues tensor([1292.8594, 1220.6858])
hess item is 0.0028459010645747185
6600	0.348	0.494	0.390	0.403
6610	0.346	0.510	0.387	0.407
6620	0.347	0.500	0.388	0.404
6630	0.350	0.496	0.391	0.402
6640	0.351	0.499	0.391	0.396
eigenvalues:  tensor([44.9474, 44.5246])
preconditioned eigenvalues tensor([1300.5216, 1229.1000])
hess item is 0.0027839508838951588
6650	0.349	0.504	0.390	0.403
6660	0.350	0.503	0.391	0.401
6670	0.348	0.514	0.389	0.404
6680	0.347	0.505	0.388	0.402
6690	0.345	0.510	0.386	0.408
eigenvalues:  tensor([45.3035, 44.8078])
preconditioned eigenvalues tensor([1274.4443, 1240.4465])
hess item is 0.002726535080000758
6700	0.345	0.507	0.387	0.411
6710	0.346	0.507	0.388	0.404
6720	0.347	0.505	0.389	0.405
6730	0.350	0.493	0.391	0.399
6740	0.349	0.491	0.391	0.402
eigenvalues:  tensor([47.6947, 47.2520])
preconditioned eigenvalues tensor([1382.8402, 1276.9742])
hess item is 0.0026753172278404236
6750	0.348	0.507	0.391	0.401
6760	0.348	0.503	0.390	0.400
6770	0.346	0.499	0.389	0.402
6780	0.347	0.502	0.389	0.403
6790	0.353	0.490	0.395	0.398
eigenvalues:  tensor([48.8679, 48.4040])
preconditioned eigenvalues tensor([1316.7620, 1249.4016])
hess item is 0.002631960203871131
6800	0.348	0.502	0.389	0.403
6810	0.349	0.503	0.391	0.405
6820	0.348	0.500	0.389	0.409
6830	0.348	0.501	0.389	0.407
6840	0.347	0.511	0.388	0.407
eigenvalues:  tensor([49.9509, 49.5186])
preconditioned eigenvalues tensor([1322.3324, 1213.8771])
hess item is 0.0025846504140645266
6850	0.348	0.506	0.389	0.402
6860	0.349	0.501	0.390	0.403
6870	0.349	0.494	0.391	0.400
6880	0.345	0.501	0.387	0.406
6890	0.347	0.494	0.390	0.401
eigenvalues:  tensor([51.2080, 50.6486])
preconditioned eigenvalues tensor([1298.0814, 1197.8848])
hess item is 0.002544873394072056
6900	0.346	0.504	0.388	0.407
6910	0.346	0.499	0.388	0.407
6920	0.348	0.494	0.390	0.401
6930	0.346	0.507	0.389	0.409
6940	0.350	0.496	0.392	0.400
eigenvalues:  tensor([51.7238, 51.2054])
preconditioned eigenvalues tensor([1291.0334, 1194.6321])
hess item is 0.002510415157303214
6950	0.348	0.497	0.391	0.404
6960	0.345	0.511	0.388	0.410
6970	0.349	0.498	0.391	0.404
6980	0.344	0.505	0.388	0.408
6990	0.345	0.498	0.388	0.403
eigenvalues:  tensor([52.3664, 51.8998])
preconditioned eigenvalues tensor([1255.0336, 1167.0037])
hess item is 0.0024703294038772583
7000	0.345	0.504	0.388	0.406
7010	0.347	0.492	0.390	0.400
7020	0.343	0.510	0.387	0.410
7030	0.352	0.491	0.395	0.400
7040	0.347	0.496	0.390	0.403
eigenvalues:  tensor([53.8995, 53.4660])
preconditioned eigenvalues tensor([1226.6985, 1158.5477])
hess item is 0.0024359896779060364
7050	0.345	0.502	0.388	0.404
7060	0.346	0.504	0.389	0.404
7070	0.348	0.496	0.391	0.402
7080	0.345	0.504	0.388	0.406
7090	0.346	0.507	0.390	0.400
eigenvalues:  tensor([54.6047, 54.2108])
preconditioned eigenvalues tensor([1246.9440, 1143.4915])
hess item is 0.002405633917078376
7100	0.346	0.498	0.389	0.403
7110	0.344	0.506	0.387	0.407
7120	0.344	0.502	0.387	0.406
7130	0.345	0.504	0.389	0.404
7140	0.344	0.508	0.388	0.407
eigenvalues:  tensor([56.6666, 56.2655])
preconditioned eigenvalues tensor([1210.2279, 1130.8268])
hess item is 0.00237266905605793
7150	0.346	0.501	0.389	0.404
7160	0.346	0.501	0.389	0.402
7170	0.346	0.505	0.390	0.400
7180	0.347	0.497	0.390	0.401
7190	0.346	0.497	0.389	0.401
eigenvalues:  tensor([58.1098, 57.7269])
preconditioned eigenvalues tensor([1193.1750, 1128.9857])
hess item is 0.0023462572135031223
7200	0.347	0.499	0.391	0.403
7210	0.347	0.495	0.391	0.397
7220	0.346	0.501	0.389	0.403
7230	0.347	0.498	0.391	0.399
7240	0.345	0.501	0.389	0.401
eigenvalues:  tensor([59.4190, 58.9637])
preconditioned eigenvalues tensor([1199.4188, 1134.5033])
hess item is 0.002321432577446103
7250	0.345	0.506	0.389	0.401
7260	0.343	0.507	0.388	0.403
7270	0.344	0.503	0.389	0.404
7280	0.345	0.508	0.389	0.399
7290	0.344	0.507	0.388	0.404
eigenvalues:  tensor([59.0924, 58.6895])
preconditioned eigenvalues tensor([1194.7113, 1137.7046])
hess item is 0.0023024524562060833
7300	0.344	0.508	0.389	0.403
7310	0.344	0.510	0.388	0.404
7320	0.347	0.507	0.392	0.403
7330	0.342	0.507	0.387	0.409
7340	0.344	0.501	0.389	0.405
eigenvalues:  tensor([60.7767, 60.4442])
preconditioned eigenvalues tensor([1175.3442, 1110.1517])
hess item is 0.0022853261325508356
7350	0.346	0.501	0.391	0.402
7360	0.345	0.499	0.390	0.400
7370	0.345	0.502	0.390	0.404
7380	0.346	0.506	0.391	0.402
7390	0.347	0.498	0.391	0.400
eigenvalues:  tensor([63.0219, 62.6296])
preconditioned eigenvalues tensor([1148.7695, 1130.1936])
hess item is 0.00226207566447556
7400	0.346	0.503	0.391	0.401
7410	0.346	0.491	0.390	0.402
7420	0.342	0.503	0.387	0.404
7430	0.343	0.510	0.388	0.409
7440	0.347	0.490	0.391	0.400
eigenvalues:  tensor([64.7107, 64.3729])
preconditioned eigenvalues tensor([1148.0316, 1103.1520])
hess item is 0.00223778304643929
7450	0.347	0.489	0.391	0.398
7460	0.343	0.505	0.387	0.402
7470	0.343	0.505	0.388	0.402
7480	0.346	0.497	0.391	0.397
7490	0.346	0.502	0.391	0.402
eigenvalues:  tensor([64.6678, 64.3235])
preconditioned eigenvalues tensor([1097.0911, 1060.0980])
hess item is 0.0022237475495785475
7500	0.344	0.504	0.389	0.404
7510	0.345	0.502	0.390	0.401
7520	0.347	0.499	0.392	0.401
7530	0.346	0.504	0.391	0.404
7540	0.345	0.500	0.391	0.400
eigenvalues:  tensor([65.8340, 65.4277])
preconditioned eigenvalues tensor([1073.7217, 1056.5452])
hess item is 0.0022102997172623873
7550	0.344	0.498	0.389	0.402
7560	0.347	0.499	0.392	0.402
7570	0.342	0.502	0.387	0.403
7580	0.343	0.501	0.389	0.405
7590	0.342	0.509	0.388	0.408
eigenvalues:  tensor([66.3592, 65.9734])
preconditioned eigenvalues tensor([1082.2042, 1043.2507])
hess item is 0.0022007240913808346
7600	0.344	0.503	0.390	0.404
7610	0.343	0.510	0.388	0.404
7620	0.344	0.503	0.390	0.403
7630	0.343	0.498	0.389	0.403
7640	0.344	0.498	0.390	0.400
eigenvalues:  tensor([67.8236, 67.5013])
preconditioned eigenvalues tensor([1087.7183, 1021.7421])
hess item is 0.00219250307418406
7650	0.344	0.495	0.390	0.399
7660	0.345	0.496	0.391	0.395
7670	0.341	0.508	0.388	0.403
7680	0.343	0.508	0.389	0.406
7690	0.343	0.504	0.389	0.399
eigenvalues:  tensor([68.4757, 68.0669])
preconditioned eigenvalues tensor([1047.2621, 1002.8264])
hess item is 0.0021789141464978456
7700	0.345	0.498	0.391	0.395
7710	0.343	0.497	0.389	0.400
7720	0.343	0.503	0.390	0.401
7730	0.344	0.507	0.390	0.403
7740	0.343	0.508	0.390	0.400
eigenvalues:  tensor([70.2533, 69.8380])
preconditioned eigenvalues tensor([1017.0950,  994.7109])
hess item is 0.002180105075240135
7750	0.343	0.504	0.389	0.401
7760	0.343	0.503	0.389	0.404
7770	0.344	0.499	0.390	0.401
7780	0.343	0.498	0.390	0.398
7790	0.342	0.502	0.389	0.403
eigenvalues:  tensor([71.2649, 70.8284])
preconditioned eigenvalues tensor([1036.3788,  984.1763])
hess item is 0.002181441755965352
7800	0.340	0.509	0.387	0.406
7810	0.345	0.499	0.392	0.398
7820	0.343	0.506	0.389	0.405
7830	0.344	0.501	0.390	0.403
7840	0.341	0.511	0.388	0.408
eigenvalues:  tensor([72.4732, 72.0343])
preconditioned eigenvalues tensor([1039.2410,  968.0187])
hess item is 0.0021717024501413107
7850	0.343	0.505	0.390	0.403
7860	0.342	0.501	0.389	0.403
7870	0.341	0.502	0.388	0.406
7880	0.345	0.499	0.393	0.400
7890	0.344	0.499	0.391	0.403
eigenvalues:  tensor([73.5220, 73.1779])
preconditioned eigenvalues tensor([1033.2971,  967.2278])
hess item is 0.0021778903901576996
7900	0.345	0.504	0.392	0.400
7910	0.343	0.502	0.391	0.402
7920	0.346	0.490	0.394	0.395
7930	0.341	0.507	0.389	0.405
7940	0.343	0.502	0.391	0.401
eigenvalues:  tensor([73.8726, 73.5402])
preconditioned eigenvalues tensor([1027.7936,  948.4086])
hess item is 0.002178758382797241
7950	0.341	0.511	0.389	0.406
7960	0.340	0.504	0.389	0.405
7970	0.342	0.501	0.390	0.401
7980	0.343	0.499	0.391	0.399
7990	0.341	0.505	0.390	0.403
eigenvalues:  tensor([74.4693, 74.1884])
preconditioned eigenvalues tensor([998.8838, 974.3568])
hess item is 0.0021718016359955072
8000	0.339	0.510	0.387	0.405
8010	0.340	0.510	0.388	0.405
8020	0.340	0.505	0.389	0.403
8030	0.342	0.504	0.390	0.400
8040	0.342	0.500	0.390	0.399
eigenvalues:  tensor([76.1393, 75.7858])
preconditioned eigenvalues tensor([996.1231, 964.0088])
hess item is 0.002158741233870387
8050	0.340	0.507	0.389	0.402
8060	0.340	0.508	0.389	0.403
8070	0.339	0.511	0.388	0.403
8080	0.341	0.502	0.390	0.399
8090	0.342	0.508	0.390	0.403
eigenvalues:  tensor([77.6514, 77.3031])
preconditioned eigenvalues tensor([972.3395, 951.4268])
hess item is 0.0021514338441193104
8100	0.341	0.506	0.389	0.401
8110	0.340	0.507	0.388	0.402
8120	0.340	0.505	0.388	0.403
8130	0.338	0.511	0.386	0.408
8140	0.339	0.509	0.387	0.403
eigenvalues:  tensor([78.5077, 78.1480])
preconditioned eigenvalues tensor([1021.6320,  927.8672])
hess item is 0.0021426230669021606
8150	0.339	0.511	0.387	0.405
8160	0.338	0.512	0.386	0.406
8170	0.342	0.503	0.391	0.402
8180	0.340	0.506	0.389	0.404
8190	0.341	0.507	0.389	0.401
eigenvalues:  tensor([79.8470, 79.5169])
preconditioned eigenvalues tensor([1002.2943,  942.1715])
hess item is 0.00213818927295506
8200	0.342	0.503	0.390	0.400
8210	0.339	0.516	0.388	0.408
8220	0.340	0.507	0.388	0.401
8230	0.343	0.503	0.392	0.394
8240	0.341	0.503	0.389	0.401
eigenvalues:  tensor([81.0308, 80.6742])
preconditioned eigenvalues tensor([971.1581, 902.2273])
hess item is 0.0021458943374454975
8250	0.342	0.511	0.390	0.400
8260	0.340	0.507	0.388	0.405
8270	0.340	0.508	0.389	0.400
8280	0.340	0.507	0.389	0.400
8290	0.340	0.506	0.389	0.403
eigenvalues:  tensor([81.3616, 81.0393])
preconditioned eigenvalues tensor([979.4235, 895.7103])
hess item is 0.0021552012767642736
8300	0.339	0.506	0.388	0.405
8310	0.340	0.506	0.389	0.401
8320	0.340	0.509	0.389	0.402
8330	0.340	0.508	0.389	0.400
8340	0.339	0.510	0.388	0.402
eigenvalues:  tensor([82.2765, 81.9481])
preconditioned eigenvalues tensor([942.7229, 886.2062])
hess item is 0.0021627284586429596
8350	0.339	0.510	0.389	0.401
8360	0.341	0.503	0.390	0.402
8370	0.342	0.503	0.391	0.401
8380	0.340	0.510	0.389	0.403
8390	0.341	0.502	0.390	0.400
eigenvalues:  tensor([83.4318, 83.0773])
preconditioned eigenvalues tensor([977.4578, 898.8677])
hess item is 0.0021560864988714457
8400	0.339	0.508	0.389	0.400
8410	0.338	0.511	0.388	0.403
8420	0.340	0.509	0.389	0.398
8430	0.338	0.512	0.388	0.402
8440	0.339	0.507	0.388	0.402
eigenvalues:  tensor([84.8386, 84.4751])
preconditioned eigenvalues tensor([942.1738, 923.7095])
hess item is 0.0021611908450722694
8450	0.340	0.507	0.389	0.403
8460	0.339	0.509	0.389	0.403
8470	0.339	0.505	0.389	0.399
8480	0.339	0.507	0.388	0.400
8490	0.339	0.507	0.389	0.400
eigenvalues:  tensor([84.8304, 84.5259])
preconditioned eigenvalues tensor([913.1390, 909.8196])
hess item is 0.002159586874768138
8500	0.338	0.514	0.388	0.405
8510	0.340	0.515	0.390	0.403
8520	0.338	0.516	0.388	0.407
8530	0.340	0.511	0.390	0.401
8540	0.339	0.514	0.389	0.402
eigenvalues:  tensor([86.5891, 86.2596])
preconditioned eigenvalues tensor([897.0941, 860.1069])
hess item is 0.002168813720345497
8550	0.338	0.512	0.388	0.405
8560	0.338	0.512	0.388	0.406
8570	0.338	0.507	0.389	0.405
8580	0.337	0.514	0.387	0.405
8590	0.338	0.508	0.388	0.404
eigenvalues:  tensor([87.5885, 87.2628])
preconditioned eigenvalues tensor([908.0841, 885.6933])
hess item is 0.0021661268547177315
8600	0.338	0.509	0.388	0.402
8610	0.338	0.513	0.388	0.403
8620	0.339	0.503	0.389	0.400
8630	0.338	0.510	0.389	0.401
8640	0.337	0.510	0.388	0.405
eigenvalues:  tensor([88.6799, 88.3395])
preconditioned eigenvalues tensor([902.9034, 882.1620])
hess item is 0.0021608301904052496
8650	0.339	0.502	0.389	0.401
8660	0.337	0.507	0.388	0.401
8670	0.338	0.507	0.389	0.401
8680	0.337	0.510	0.388	0.401
8690	0.337	0.513	0.388	0.404
eigenvalues:  tensor([89.1922, 88.8820])
preconditioned eigenvalues tensor([899.0597, 851.8721])
hess item is 0.0021677599288523197
8700	0.337	0.511	0.388	0.404
8710	0.339	0.512	0.389	0.401
8720	0.338	0.508	0.388	0.400
8730	0.339	0.504	0.389	0.402
8740	0.338	0.505	0.389	0.401
eigenvalues:  tensor([89.0441, 88.7129])
preconditioned eigenvalues tensor([960.1616, 868.4733])
hess item is 0.0021706826519221067
8750	0.337	0.510	0.388	0.403
8760	0.336	0.516	0.387	0.404
8770	0.337	0.509	0.388	0.400
8780	0.340	0.505	0.390	0.396
8790	0.338	0.511	0.389	0.400
eigenvalues:  tensor([90.9887, 90.6790])
preconditioned eigenvalues tensor([879.3253, 873.5901])
hess item is 0.0021806585136801004
8800	0.337	0.507	0.388	0.399
8810	0.337	0.509	0.388	0.400
8820	0.336	0.511	0.387	0.402
8830	0.337	0.508	0.388	0.397
8840	0.337	0.512	0.388	0.400
eigenvalues:  tensor([92.0222, 91.7081])
preconditioned eigenvalues tensor([877.4721, 854.1993])
hess item is 0.002184743992984295
8850	0.339	0.502	0.390	0.397
8860	0.337	0.512	0.389	0.401
8870	0.336	0.514	0.388	0.400
8880	0.338	0.507	0.389	0.395
8890	0.338	0.511	0.388	0.399
eigenvalues:  tensor([92.4355, 92.1450])
preconditioned eigenvalues tensor([874.3654, 817.2296])
hess item is 0.002183851320296526
8900	0.338	0.512	0.389	0.403
8910	0.335	0.512	0.387	0.403
8920	0.337	0.504	0.388	0.401
8930	0.337	0.511	0.389	0.400
8940	0.337	0.509	0.389	0.400
eigenvalues:  tensor([93.3294, 93.0552])
preconditioned eigenvalues tensor([884.3889, 815.4601])
hess item is 0.0021969471126794815
8950	0.338	0.509	0.390	0.398
8960	0.336	0.515	0.389	0.404
8970	0.335	0.513	0.387	0.402
8980	0.337	0.513	0.389	0.404
8990	0.337	0.510	0.389	0.398
eigenvalues:  tensor([93.4945, 93.2213])
preconditioned eigenvalues tensor([868.0819, 813.6904])
hess item is 0.00221473490819335
9000	0.336	0.511	0.388	0.402
9010	0.336	0.515	0.388	0.403
9020	0.336	0.514	0.388	0.403
9030	0.338	0.503	0.390	0.398
9040	0.335	0.511	0.388	0.405
eigenvalues:  tensor([93.0010, 92.7523])
preconditioned eigenvalues tensor([920.8890, 808.4427])
hess item is 0.0022202085237950087
9050	0.336	0.510	0.389	0.406
9060	0.335	0.514	0.388	0.405
9070	0.336	0.516	0.388	0.406
9080	0.339	0.509	0.391	0.401
9090	0.339	0.508	0.392	0.400
eigenvalues:  tensor([94.9253, 94.6418])
preconditioned eigenvalues tensor([897.7950, 827.0163])
hess item is 0.002222023205831647
9100	0.336	0.510	0.388	0.402
9110	0.337	0.515	0.389	0.405
9120	0.335	0.510	0.388	0.402
9130	0.336	0.507	0.389	0.401
9140	0.336	0.509	0.388	0.400
eigenvalues:  tensor([95.5061, 95.2369])
preconditioned eigenvalues tensor([859.5809, 840.1630])
hess item is 0.0022277552634477615
9150	0.335	0.513	0.387	0.402
9160	0.337	0.510	0.389	0.400
9170	0.335	0.514	0.388	0.403
9180	0.336	0.509	0.389	0.400
9190	0.334	0.513	0.387	0.400
eigenvalues:  tensor([96.4940, 96.2380])
preconditioned eigenvalues tensor([869.7961, 807.7100])
hess item is 0.0022350025828927755
9200	0.336	0.510	0.389	0.400
9210	0.337	0.507	0.390	0.396
9220	0.335	0.516	0.388	0.399
9230	0.336	0.518	0.389	0.398
9240	0.336	0.515	0.388	0.396
eigenvalues:  tensor([97.1039, 96.8401])
preconditioned eigenvalues tensor([862.2317, 831.4143])
hess item is 0.00223936908878386
9250	0.335	0.518	0.387	0.402
9260	0.334	0.519	0.387	0.400
9270	0.334	0.517	0.387	0.399
9280	0.334	0.513	0.387	0.396
9290	0.336	0.516	0.389	0.400
eigenvalues:  tensor([97.9837, 97.7315])
preconditioned eigenvalues tensor([900.7379, 834.8505])
hess item is 0.0022690570913255215
9300	0.335	0.514	0.388	0.398
9310	0.335	0.520	0.388	0.400
9320	0.335	0.512	0.388	0.399
9330	0.334	0.514	0.387	0.401
9340	0.336	0.514	0.389	0.405
eigenvalues:  tensor([98.9248, 98.6774])
preconditioned eigenvalues tensor([890.2611, 841.0986])
hess item is 0.0022784527391195297
9350	0.335	0.511	0.388	0.400
9360	0.335	0.516	0.388	0.403
9370	0.335	0.515	0.388	0.402
9380	0.334	0.517	0.387	0.400
9390	0.334	0.513	0.388	0.399
eigenvalues:  tensor([99.8465, 99.5969])
preconditioned eigenvalues tensor([873.7466, 843.2512])
hess item is 0.002288691932335496
9400	0.336	0.511	0.390	0.397
9410	0.334	0.515	0.387	0.400
9420	0.336	0.519	0.389	0.401
9430	0.336	0.512	0.389	0.400
9440	0.335	0.518	0.389	0.403
eigenvalues:  tensor([99.7101, 99.4702])
preconditioned eigenvalues tensor([843.6740, 825.8093])
hess item is 0.0022957941982895136
9450	0.335	0.517	0.388	0.402
9460	0.334	0.513	0.387	0.401
9470	0.334	0.516	0.387	0.399
9480	0.335	0.515	0.388	0.402
9490	0.336	0.514	0.389	0.398
eigenvalues:  tensor([100.9767, 100.7436])
preconditioned eigenvalues tensor([900.1212, 802.6155])
hess item is 0.002297886647284031
9500	0.334	0.512	0.388	0.400
9510	0.336	0.512	0.389	0.398
9520	0.335	0.516	0.388	0.401
9530	0.336	0.514	0.389	0.400
9540	0.335	0.516	0.388	0.400
eigenvalues:  tensor([101.8359, 101.6178])
preconditioned eigenvalues tensor([886.3304, 819.6712])
hess item is 0.002321830252185464
9550	0.337	0.508	0.390	0.398
9560	0.334	0.518	0.388	0.405
9570	0.334	0.519	0.388	0.399
9580	0.334	0.522	0.388	0.402
9590	0.335	0.521	0.389	0.397
eigenvalues:  tensor([102.1872, 101.9780])
preconditioned eigenvalues tensor([910.8074, 813.3376])
hess item is 0.002330019371584058
9600	0.335	0.511	0.389	0.397
9610	0.334	0.518	0.388	0.400
9620	0.334	0.517	0.388	0.399
9630	0.335	0.513	0.389	0.401
9640	0.335	0.511	0.388	0.399
eigenvalues:  tensor([102.0591, 101.8395])
preconditioned eigenvalues tensor([923.3627, 863.7520])
hess item is 0.002336459932848811
9650	0.334	0.513	0.388	0.400
9660	0.333	0.511	0.388	0.401
9670	0.335	0.508	0.389	0.400
9680	0.334	0.515	0.388	0.404
9690	0.334	0.516	0.388	0.400
eigenvalues:  tensor([102.8672, 102.6630])
preconditioned eigenvalues tensor([918.7867, 868.2941])
hess item is 0.0023459282238036394
9700	0.334	0.516	0.388	0.401
9710	0.336	0.509	0.390	0.398
9720	0.335	0.511	0.389	0.398
9730	0.336	0.509	0.390	0.397
9740	0.334	0.516	0.389	0.405
eigenvalues:  tensor([103.6024, 103.3992])
preconditioned eigenvalues tensor([900.8676, 837.0339])
hess item is 0.0023476979695260525
9750	0.333	0.518	0.387	0.403
9760	0.334	0.516	0.388	0.401
9770	0.334	0.521	0.388	0.403
9780	0.333	0.518	0.388	0.403
9790	0.334	0.515	0.388	0.401
eigenvalues:  tensor([104.0296, 103.8452])
preconditioned eigenvalues tensor([953.4902, 870.8171])
hess item is 0.0023668212816119194
9800	0.333	0.516	0.387	0.403
9810	0.334	0.511	0.389	0.400
9820	0.333	0.517	0.387	0.400
9830	0.334	0.514	0.388	0.400
9840	0.334	0.514	0.388	0.397
eigenvalues:  tensor([104.6460, 104.4565])
preconditioned eigenvalues tensor([ 1058.9867, -1012.1309])
hess item is 0.0023824048694223166
9850	0.334	0.516	0.388	0.404
9860	0.332	0.519	0.387	0.400
9870	0.334	0.517	0.389	0.399
9880	0.332	0.518	0.387	0.402
9890	0.334	0.511	0.389	0.399
eigenvalues:  tensor([104.3409, 104.1574])
preconditioned eigenvalues tensor([1002.5222,  943.1685])
hess item is 0.0023765077348798513
9900	0.332	0.521	0.387	0.403
9910	0.333	0.514	0.388	0.399
9920	0.333	0.517	0.388	0.401
9930	0.335	0.512	0.389	0.399
9940	0.333	0.518	0.388	0.403
eigenvalues:  tensor([106.2068, 106.0198])
preconditioned eigenvalues tensor([994.3219, 894.2316])
hess item is 0.0023853511083871126
9950	0.335	0.516	0.390	0.399
9960	0.334	0.514	0.388	0.402
9970	0.335	0.511	0.389	0.400
9980	0.333	0.513	0.388	0.399
9990	0.333	0.514	0.388	0.401
