device: cuda:3
output directory: RESULTS/cifar10-10k/fc-tanh/seed_0/mse/ivon/lr_0.0005_h0_0.9_post_1_alpha_100.0_beta2_0.99_beta_0.0_ess_10000000.0_ivon
Files already downloaded and verified
Files already downloaded and verified
optimizer is IVON
0	0.597	0.131	0.597	0.131
10	0.569	0.138	0.570	0.138
20	0.549	0.147	0.550	0.147
30	0.536	0.159	0.537	0.159
40	0.526	0.171	0.527	0.171
eigenvalues:  tensor([80.3742, 66.1837])
hess item is 0.6030120253562927
50	0.518	0.184	0.520	0.183
60	0.511	0.196	0.513	0.192
70	0.506	0.205	0.508	0.200
80	0.501	0.215	0.503	0.207
90	0.497	0.221	0.499	0.213
eigenvalues:  tensor([78.9597, 64.9225])
hess item is 0.3817530870437622
100	0.493	0.227	0.495	0.221
110	0.489	0.234	0.492	0.226
120	0.485	0.240	0.488	0.231
130	0.482	0.248	0.485	0.235
140	0.479	0.253	0.482	0.244
eigenvalues:  tensor([77.3470, 63.7132])
hess item is 0.23974740505218506
150	0.476	0.261	0.479	0.249
160	0.473	0.266	0.477	0.254
170	0.470	0.272	0.474	0.257
180	0.467	0.278	0.471	0.264
190	0.464	0.285	0.469	0.269
eigenvalues:  tensor([75.6507, 62.2264])
hess item is 0.15051782131195068
200	0.461	0.289	0.467	0.274
210	0.459	0.298	0.464	0.280
220	0.456	0.302	0.462	0.285
230	0.453	0.308	0.460	0.289
240	0.451	0.313	0.458	0.293
eigenvalues:  tensor([73.6554, 60.9014])
hess item is 0.10072379559278488
250	0.448	0.320	0.456	0.293
260	0.446	0.326	0.454	0.299
270	0.444	0.331	0.452	0.303
280	0.441	0.341	0.450	0.309
290	0.439	0.343	0.448	0.312
eigenvalues:  tensor([71.5070, 58.8674])
hess item is 0.06783965229988098
300	0.437	0.347	0.446	0.314
310	0.435	0.353	0.445	0.318
320	0.432	0.356	0.443	0.322
330	0.429	0.367	0.441	0.325
340	0.427	0.369	0.440	0.326
eigenvalues:  tensor([66.9264, 56.5020])
hess item is 0.05427005887031555
350	0.429	0.375	0.442	0.330
360	0.423	0.384	0.437	0.334
370	0.422	0.386	0.436	0.343
380	0.420	0.388	0.435	0.339
390	0.418	0.398	0.434	0.344
eigenvalues:  tensor([61.4608, 52.2595])
hess item is 0.05065617710351944
400	0.420	0.395	0.436	0.350
410	0.418	0.384	0.436	0.331
420	0.412	0.407	0.431	0.350
430	0.410	0.406	0.430	0.350
440	0.407	0.426	0.428	0.364
eigenvalues:  tensor([57.5647, 49.6443])
hess item is 0.04744545370340347
450	0.404	0.431	0.425	0.370
460	0.403	0.434	0.424	0.370
470	0.403	0.434	0.425	0.369
480	0.400	0.434	0.423	0.366
490	0.399	0.441	0.424	0.365
eigenvalues:  tensor([53.3215, 46.3398])
hess item is 0.049024466425180435
500	0.400	0.430	0.425	0.358
510	0.394	0.446	0.421	0.372
520	0.393	0.454	0.419	0.375
530	0.392	0.452	0.420	0.376
540	0.390	0.464	0.419	0.380
eigenvalues:  tensor([50.3710, 45.2955])
hess item is 0.04938911274075508
550	0.387	0.467	0.417	0.381
560	0.385	0.476	0.416	0.387
570	0.385	0.481	0.416	0.388
580	0.387	0.457	0.419	0.373
590	0.382	0.476	0.415	0.378
eigenvalues:  tensor([49.5960, 44.1238])
hess item is 0.04561809450387955
600	0.381	0.481	0.415	0.380
610	0.379	0.488	0.415	0.387
620	0.377	0.490	0.413	0.387
630	0.376	0.499	0.413	0.385
640	0.374	0.503	0.411	0.397
eigenvalues:  tensor([47.8266, 43.4084])
hess item is 0.042073965072631836
650	0.372	0.498	0.410	0.394
660	0.373	0.503	0.411	0.388
670	0.371	0.502	0.410	0.393
680	0.371	0.507	0.412	0.391
690	0.367	0.516	0.409	0.393
eigenvalues:  tensor([47.4215, 42.5554])
hess item is 0.04193798080086708
700	0.367	0.515	0.410	0.396
710	0.363	0.529	0.407	0.398
720	0.362	0.527	0.407	0.399
730	0.366	0.523	0.412	0.394
740	0.360	0.530	0.406	0.397
eigenvalues:  tensor([46.5625, 41.1358])
hess item is 0.04062265530228615
750	0.358	0.537	0.405	0.403
760	0.358	0.535	0.406	0.400
770	0.357	0.541	0.406	0.405
780	0.357	0.536	0.405	0.405
790	0.356	0.550	0.406	0.403
eigenvalues:  tensor([46.3772, 41.1931])
hess item is 0.03954044729471207
800	0.353	0.549	0.404	0.404
810	0.354	0.546	0.407	0.402
820	0.353	0.547	0.407	0.398
830	0.352	0.557	0.407	0.397
840	0.352	0.544	0.407	0.397
eigenvalues:  tensor([46.0390, 40.5233])
hess item is 0.03673554211854935
850	0.345	0.568	0.401	0.407
860	0.345	0.573	0.401	0.407
870	0.346	0.564	0.405	0.400
880	0.344	0.576	0.403	0.405
890	0.345	0.566	0.405	0.400
eigenvalues:  tensor([46.5574, 40.6651])
hess item is 0.03509568050503731
900	0.343	0.578	0.404	0.409
910	0.341	0.582	0.403	0.406
920	0.339	0.590	0.402	0.408
930	0.340	0.587	0.403	0.408
940	0.340	0.581	0.405	0.406
eigenvalues:  tensor([46.7497, 40.1360])
hess item is 0.03508146479725838
950	0.341	0.591	0.407	0.405
960	0.335	0.601	0.402	0.405
970	0.334	0.598	0.401	0.412
980	0.334	0.604	0.401	0.411
990	0.334	0.610	0.403	0.407
eigenvalues:  tensor([45.9821, 39.9538])
hess item is 0.03559011593461037
1000	0.333	0.598	0.402	0.406
1010	0.331	0.612	0.402	0.411
1020	0.329	0.622	0.401	0.414
1030	0.329	0.609	0.402	0.412
1040	0.328	0.615	0.402	0.407
eigenvalues:  tensor([46.2139, 39.5775])
hess item is 0.03420117124915123
1050	0.325	0.623	0.401	0.410
1060	0.326	0.625	0.401	0.408
1070	0.326	0.623	0.403	0.413
1080	0.323	0.629	0.400	0.413
1090	0.324	0.625	0.403	0.406
eigenvalues:  tensor([46.4886, 39.3202])
hess item is 0.03383486345410347
1100	0.322	0.631	0.403	0.408
1110	0.322	0.633	0.403	0.405
1120	0.321	0.642	0.402	0.409
1130	0.319	0.644	0.402	0.409
1140	0.323	0.627	0.406	0.403
eigenvalues:  tensor([45.5428, 39.2389])
hess item is 0.03518695756793022
1150	0.316	0.644	0.400	0.410
1160	0.314	0.659	0.399	0.410
1170	0.314	0.654	0.400	0.412
1180	0.311	0.669	0.398	0.415
1190	0.313	0.655	0.400	0.413
eigenvalues:  tensor([45.3610, 38.9821])
hess item is 0.034664057195186615
1200	0.314	0.660	0.402	0.414
1210	0.311	0.663	0.400	0.410
1220	0.311	0.668	0.401	0.407
1230	0.308	0.671	0.398	0.415
1240	0.309	0.674	0.401	0.406
eigenvalues:  tensor([45.5776, 39.0516])
hess item is 0.03369063511490822
1250	0.306	0.676	0.399	0.414
1260	0.306	0.678	0.400	0.415
1270	0.307	0.684	0.402	0.411
1280	0.304	0.679	0.400	0.412
1290	0.304	0.690	0.401	0.409
eigenvalues:  tensor([45.2745, 38.8912])
hess item is 0.03453115001320839
1300	0.304	0.685	0.401	0.410
1310	0.306	0.679	0.404	0.406
1320	0.301	0.693	0.400	0.415
1330	0.300	0.695	0.401	0.411
1340	0.298	0.704	0.399	0.413
eigenvalues:  tensor([44.9236, 39.0799])
hess item is 0.03391660749912262
1350	0.300	0.706	0.402	0.415
1360	0.297	0.695	0.400	0.415
1370	0.297	0.698	0.400	0.413
1380	0.297	0.701	0.401	0.411
1390	0.294	0.707	0.400	0.413
eigenvalues:  tensor([44.7090, 38.5550])
hess item is 0.03267775475978851
1400	0.292	0.720	0.399	0.412
1410	0.293	0.712	0.401	0.408
1420	0.291	0.716	0.399	0.414
1430	0.292	0.712	0.401	0.413
1440	0.294	0.713	0.404	0.405
eigenvalues:  tensor([43.7307, 38.3206])
hess item is 0.03265097737312317
1450	0.288	0.730	0.399	0.412
1460	0.287	0.730	0.399	0.414
1470	0.288	0.723	0.402	0.411
1480	0.286	0.732	0.400	0.414
1490	0.287	0.739	0.401	0.413
eigenvalues:  tensor([43.8658, 38.5948])
hess item is 0.03184688091278076
1500	0.285	0.734	0.401	0.415
1510	0.284	0.738	0.401	0.412
1520	0.285	0.735	0.402	0.411
1530	0.284	0.739	0.402	0.409
1540	0.281	0.744	0.400	0.410
eigenvalues:  tensor([43.3490, 38.0327])
hess item is 0.030970104038715363
1550	0.279	0.746	0.400	0.416
1560	0.281	0.747	0.401	0.412
1570	0.279	0.743	0.401	0.413
1580	0.284	0.729	0.406	0.407
1590	0.281	0.737	0.404	0.411
eigenvalues:  tensor([43.0648, 37.8162])
hess item is 0.03183487430214882
1600	0.277	0.755	0.402	0.411
1610	0.278	0.755	0.404	0.408
1620	0.274	0.764	0.401	0.413
1630	0.277	0.757	0.405	0.410
1640	0.275	0.766	0.403	0.409
eigenvalues:  tensor([42.8589, 37.4636])
hess item is 0.029740221798419952
1650	0.273	0.763	0.403	0.414
1660	0.272	0.767	0.404	0.412
1670	0.272	0.766	0.403	0.414
1680	0.273	0.762	0.405	0.409
1690	0.269	0.774	0.402	0.413
eigenvalues:  tensor([42.9807, 37.7366])
hess item is 0.028684111312031746
1700	0.271	0.770	0.405	0.405
1710	0.269	0.770	0.404	0.409
1720	0.271	0.776	0.407	0.406
1730	0.268	0.772	0.405	0.410
1740	0.269	0.765	0.405	0.410
eigenvalues:  tensor([42.3268, 37.8181])
hess item is 0.030286351218819618
1750	0.270	0.770	0.409	0.410
1760	0.264	0.788	0.404	0.406
1770	0.264	0.785	0.404	0.409
1780	0.263	0.790	0.404	0.413
1790	0.263	0.794	0.405	0.408
eigenvalues:  tensor([41.8611, 37.1914])
hess item is 0.029667040333151817
1800	0.261	0.786	0.405	0.409
1810	0.264	0.788	0.408	0.406
1820	0.259	0.799	0.404	0.406
1830	0.258	0.804	0.404	0.412
1840	0.260	0.792	0.407	0.407
eigenvalues:  tensor([42.0856, 36.9648])
hess item is 0.029638472944498062
1850	0.258	0.802	0.405	0.411
1860	0.257	0.802	0.405	0.409
1870	0.259	0.794	0.408	0.406
1880	0.256	0.807	0.406	0.406
1890	0.254	0.807	0.406	0.415
eigenvalues:  tensor([41.9312, 36.8345])
hess item is 0.03018868714570999
1900	0.257	0.803	0.408	0.405
1910	0.254	0.807	0.407	0.408
1920	0.253	0.816	0.407	0.411
1930	0.254	0.799	0.409	0.411
1940	0.251	0.821	0.407	0.408
eigenvalues:  tensor([42.1155, 36.7689])
hess item is 0.028299909085035324
1950	0.252	0.811	0.408	0.411
1960	0.250	0.820	0.407	0.408
1970	0.252	0.808	0.410	0.406
1980	0.250	0.814	0.409	0.404
1990	0.250	0.811	0.410	0.413
eigenvalues:  tensor([42.0134, 36.6065])
hess item is 0.028790660202503204
2000	0.247	0.825	0.408	0.407
2010	0.246	0.823	0.408	0.411
2020	0.245	0.827	0.408	0.407
2030	0.244	0.830	0.407	0.411
2040	0.244	0.834	0.408	0.408
eigenvalues:  tensor([42.0068, 36.9094])
hess item is 0.028822463005781174
2050	0.246	0.818	0.412	0.409
2060	0.245	0.823	0.412	0.406
2070	0.242	0.834	0.410	0.405
2080	0.244	0.828	0.411	0.405
2090	0.242	0.832	0.410	0.409
eigenvalues:  tensor([41.7394, 36.1920])
hess item is 0.028190050274133682
2100	0.243	0.830	0.413	0.405
2110	0.241	0.831	0.412	0.408
2120	0.240	0.837	0.412	0.402
2130	0.239	0.838	0.411	0.407
2140	0.238	0.841	0.412	0.405
eigenvalues:  tensor([41.9679, 36.2134])
hess item is 0.02866499125957489
2150	0.238	0.841	0.412	0.407
2160	0.237	0.845	0.412	0.404
2170	0.239	0.841	0.414	0.406
2180	0.234	0.853	0.411	0.405
2190	0.235	0.842	0.413	0.408
eigenvalues:  tensor([42.4062, 36.2803])
hess item is 0.02870221436023712
2200	0.235	0.846	0.413	0.405
2210	0.233	0.857	0.413	0.405
2220	0.232	0.854	0.413	0.404
2230	0.232	0.853	0.414	0.405
2240	0.233	0.849	0.416	0.404
eigenvalues:  tensor([42.0706, 36.5761])
hess item is 0.028080878779292107
2250	0.231	0.854	0.415	0.404
2260	0.232	0.851	0.416	0.401
2270	0.235	0.847	0.420	0.398
2280	0.228	0.862	0.413	0.408
2290	0.228	0.862	0.415	0.404
eigenvalues:  tensor([42.7124, 36.4579])
hess item is 0.028391866013407707
2300	0.229	0.859	0.418	0.402
2310	0.227	0.861	0.415	0.405
2320	0.227	0.861	0.415	0.406
2330	0.226	0.863	0.416	0.407
2340	0.226	0.863	0.418	0.400
eigenvalues:  tensor([42.1671, 36.3484])
hess item is 0.02900119498372078
2350	0.224	0.865	0.416	0.403
2360	0.227	0.858	0.419	0.403
2370	0.226	0.863	0.420	0.401
2380	0.222	0.869	0.416	0.407
2390	0.226	0.858	0.420	0.404
eigenvalues:  tensor([42.6951, 36.4264])
hess item is 0.0288623608648777
2400	0.221	0.872	0.417	0.402
2410	0.219	0.875	0.417	0.405
2420	0.220	0.876	0.418	0.402
2430	0.222	0.870	0.420	0.402
2440	0.221	0.873	0.419	0.405
eigenvalues:  tensor([42.6384, 36.3527])
hess item is 0.028929080814123154
2450	0.221	0.871	0.421	0.400
2460	0.220	0.871	0.421	0.401
2470	0.218	0.878	0.420	0.405
2480	0.220	0.870	0.422	0.401
2490	0.217	0.880	0.421	0.401
eigenvalues:  tensor([43.2695, 36.1875])
hess item is 0.02909010462462902
2500	0.215	0.883	0.419	0.407
2510	0.214	0.886	0.419	0.403
2520	0.214	0.888	0.420	0.400
2530	0.220	0.873	0.426	0.400
2540	0.215	0.878	0.422	0.405
eigenvalues:  tensor([42.5420, 36.1032])
hess item is 0.028016168624162674
2550	0.214	0.876	0.423	0.402
2560	0.212	0.890	0.421	0.400
2570	0.216	0.881	0.425	0.399
2580	0.210	0.892	0.420	0.402
2590	0.212	0.885	0.424	0.401
eigenvalues:  tensor([42.9867, 36.2608])
hess item is 0.029151147231459618
2600	0.210	0.895	0.422	0.401
2610	0.211	0.888	0.424	0.400
2620	0.209	0.893	0.422	0.401
2630	0.206	0.899	0.421	0.399
2640	0.208	0.894	0.424	0.397
eigenvalues:  tensor([43.3997, 36.2826])
hess item is 0.03006806969642639
2650	0.206	0.897	0.422	0.401
2660	0.207	0.893	0.425	0.401
2670	0.208	0.896	0.425	0.399
2680	0.204	0.903	0.423	0.400
2690	0.204	0.900	0.423	0.401
eigenvalues:  tensor([43.1183, 36.0209])
hess item is 0.028614705428481102
2700	0.203	0.901	0.424	0.396
2710	0.208	0.895	0.428	0.398
2720	0.202	0.903	0.424	0.398
2730	0.202	0.900	0.426	0.402
2740	0.204	0.901	0.428	0.397
eigenvalues:  tensor([43.5274, 36.1240])
hess item is 0.029089048504829407
2750	0.205	0.898	0.428	0.395
2760	0.203	0.904	0.429	0.395
2770	0.203	0.899	0.429	0.395
2780	0.200	0.909	0.426	0.398
2790	0.200	0.904	0.427	0.395
eigenvalues:  tensor([43.1514, 36.0667])
hess item is 0.030176974833011627
2800	0.202	0.903	0.429	0.397
2810	0.201	0.904	0.431	0.396
2820	0.197	0.911	0.427	0.400
2830	0.198	0.912	0.428	0.396
2840	0.197	0.910	0.428	0.396
eigenvalues:  tensor([44.0455, 36.3181])
hess item is 0.028964152559638023
2850	0.198	0.906	0.431	0.400
2860	0.197	0.913	0.429	0.396
2870	0.199	0.904	0.432	0.398
2880	0.198	0.908	0.432	0.394
2890	0.194	0.914	0.429	0.399
eigenvalues:  tensor([44.1743, 36.4588])
hess item is 0.02851768210530281
2900	0.196	0.907	0.430	0.401
2910	0.197	0.910	0.433	0.392
2920	0.193	0.913	0.430	0.396
2930	0.196	0.909	0.433	0.397
2940	0.196	0.910	0.433	0.397
eigenvalues:  tensor([44.2893, 36.2807])
hess item is 0.028373435139656067
2950	0.192	0.918	0.432	0.393
2960	0.191	0.917	0.432	0.398
2970	0.190	0.918	0.431	0.396
2980	0.189	0.917	0.431	0.401
2990	0.193	0.916	0.435	0.391
eigenvalues:  tensor([44.1625, 36.6488])
hess item is 0.029833244159817696
3000	0.192	0.915	0.435	0.395
3010	0.189	0.922	0.433	0.394
3020	0.190	0.917	0.434	0.391
3030	0.191	0.916	0.436	0.393
3040	0.189	0.921	0.436	0.398
eigenvalues:  tensor([44.9077, 36.5284])
hess item is 0.030374761670827866
3050	0.187	0.924	0.434	0.400
3060	0.188	0.920	0.435	0.394
3070	0.187	0.922	0.435	0.395
3080	0.185	0.923	0.434	0.399
3090	0.185	0.925	0.434	0.396
eigenvalues:  tensor([45.0248, 36.4677])
hess item is 0.029861927032470703
3100	0.185	0.925	0.435	0.397
3110	0.185	0.920	0.436	0.395
3120	0.187	0.924	0.439	0.391
3130	0.183	0.926	0.435	0.398
3140	0.182	0.929	0.435	0.399
eigenvalues:  tensor([45.0512, 36.6303])
hess item is 0.029413506388664246
3150	0.182	0.930	0.436	0.393
3160	0.184	0.926	0.438	0.393
3170	0.185	0.926	0.441	0.389
3180	0.181	0.931	0.437	0.392
3190	0.180	0.933	0.438	0.391
eigenvalues:  tensor([45.0171, 36.7177])
hess item is 0.030518552288413048
3200	0.181	0.929	0.438	0.391
3210	0.183	0.927	0.441	0.390
3220	0.180	0.928	0.438	0.393
3230	0.179	0.935	0.438	0.392
3240	0.180	0.928	0.439	0.394
eigenvalues:  tensor([45.0430, 36.6763])
hess item is 0.029138997197151184
3250	0.179	0.932	0.439	0.393
3260	0.179	0.930	0.441	0.394
3270	0.181	0.930	0.442	0.387
3280	0.177	0.936	0.439	0.394
3290	0.177	0.932	0.440	0.393
eigenvalues:  tensor([45.9467, 36.8677])
hess item is 0.03114515356719494
3300	0.177	0.935	0.440	0.390
3310	0.176	0.934	0.440	0.392
3320	0.176	0.932	0.441	0.397
3330	0.177	0.932	0.443	0.389
3340	0.178	0.934	0.444	0.392
eigenvalues:  tensor([45.7254, 36.8959])
hess item is 0.03062010183930397
3350	0.175	0.936	0.441	0.392
3360	0.175	0.937	0.443	0.390
3370	0.173	0.939	0.441	0.391
3380	0.174	0.934	0.442	0.391
3390	0.175	0.936	0.444	0.391
eigenvalues:  tensor([45.6430, 36.9212])
hess item is 0.030041813850402832
3400	0.175	0.936	0.444	0.389
3410	0.173	0.933	0.444	0.389
3420	0.172	0.937	0.443	0.392
3430	0.173	0.939	0.446	0.389
3440	0.175	0.934	0.448	0.380
eigenvalues:  tensor([46.4071, 37.1666])
hess item is 0.03027607686817646
3450	0.171	0.938	0.443	0.391
3460	0.169	0.943	0.443	0.392
3470	0.171	0.941	0.446	0.388
3480	0.171	0.941	0.446	0.388
3490	0.169	0.944	0.444	0.390
eigenvalues:  tensor([46.5787, 36.9943])
hess item is 0.030995668843388557
3500	0.167	0.947	0.443	0.393
3510	0.170	0.940	0.446	0.388
3520	0.170	0.942	0.448	0.388
3530	0.168	0.940	0.447	0.391
3540	0.166	0.946	0.445	0.390
eigenvalues:  tensor([46.4826, 37.2653])
hess item is 0.03273453563451767
3550	0.168	0.940	0.448	0.389
3560	0.167	0.944	0.447	0.389
3570	0.168	0.942	0.448	0.389
3580	0.167	0.946	0.448	0.389
3590	0.165	0.945	0.446	0.392
eigenvalues:  tensor([46.9373, 37.2399])
hess item is 0.03153282776474953
3600	0.165	0.949	0.447	0.386
3610	0.167	0.944	0.450	0.387
3620	0.165	0.947	0.448	0.391
3630	0.166	0.946	0.449	0.391
3640	0.163	0.951	0.448	0.391
eigenvalues:  tensor([47.4370, 37.1815])
hess item is 0.030636388808488846
3650	0.162	0.949	0.447	0.391
3660	0.164	0.947	0.450	0.388
3670	0.165	0.945	0.452	0.386
3680	0.163	0.947	0.451	0.389
3690	0.163	0.949	0.450	0.389
eigenvalues:  tensor([47.2724, 37.4573])
hess item is 0.03129817172884941
3700	0.161	0.950	0.450	0.387
3710	0.163	0.950	0.451	0.387
3720	0.161	0.949	0.450	0.389
3730	0.161	0.951	0.451	0.389
3740	0.159	0.950	0.450	0.388
eigenvalues:  tensor([46.8342, 37.5243])
hess item is 0.03093593753874302
3750	0.163	0.946	0.454	0.385
3760	0.159	0.952	0.451	0.390
3770	0.161	0.949	0.453	0.388
3780	0.159	0.953	0.452	0.386
3790	0.159	0.954	0.453	0.392
eigenvalues:  tensor([47.2062, 37.8039])
hess item is 0.02957497537136078
3800	0.161	0.945	0.456	0.389
3810	0.162	0.949	0.457	0.383
3820	0.157	0.954	0.453	0.389
3830	0.158	0.949	0.454	0.387
3840	0.156	0.956	0.453	0.389
eigenvalues:  tensor([48.0530, 37.8493])
hess item is 0.030057979747653008
3850	0.157	0.956	0.454	0.384
3860	0.160	0.948	0.459	0.385
3870	0.157	0.954	0.455	0.389
3880	0.158	0.949	0.457	0.383
3890	0.154	0.957	0.453	0.389
eigenvalues:  tensor([48.3261, 37.7887])
hess item is 0.03227866441011429
3900	0.154	0.956	0.455	0.387
3910	0.155	0.953	0.455	0.384
3920	0.154	0.958	0.455	0.388
3930	0.153	0.957	0.454	0.389
3940	0.153	0.956	0.455	0.389
eigenvalues:  tensor([48.0334, 37.7977])
hess item is 0.030765656381845474
3950	0.157	0.952	0.460	0.384
3960	0.156	0.951	0.460	0.386
3970	0.153	0.955	0.456	0.387
3980	0.156	0.953	0.460	0.387
3990	0.154	0.953	0.458	0.383
eigenvalues:  tensor([48.5775, 38.0833])
hess item is 0.03227978199720383
4000	0.153	0.954	0.459	0.386
4010	0.151	0.959	0.457	0.386
4020	0.152	0.956	0.457	0.384
4030	0.151	0.957	0.458	0.386
4040	0.151	0.959	0.458	0.387
eigenvalues:  tensor([48.9998, 38.0164])
hess item is 0.032806336879730225
4050	0.151	0.957	0.458	0.384
4060	0.151	0.957	0.460	0.380
4070	0.149	0.958	0.458	0.388
4080	0.150	0.959	0.459	0.386
4090	0.149	0.960	0.460	0.386
eigenvalues:  tensor([49.5269, 38.0345])
hess item is 0.03196330741047859
4100	0.150	0.960	0.461	0.383
4110	0.150	0.964	0.461	0.384
4120	0.147	0.964	0.460	0.384
4130	0.150	0.960	0.463	0.384
4140	0.150	0.960	0.461	0.383
eigenvalues:  tensor([49.2289, 38.1340])
hess item is 0.032600514590740204
4150	0.146	0.963	0.459	0.389
4160	0.148	0.961	0.461	0.387
4170	0.149	0.959	0.463	0.386
4180	0.145	0.965	0.461	0.387
4190	0.147	0.961	0.461	0.387
eigenvalues:  tensor([49.2477, 38.2774])
hess item is 0.03226534277200699
4200	0.146	0.962	0.461	0.382
4210	0.145	0.961	0.461	0.383
4220	0.147	0.962	0.463	0.386
4230	0.147	0.962	0.464	0.380
4240	0.148	0.958	0.465	0.381
eigenvalues:  tensor([49.6756, 38.3538])
hess item is 0.03303665295243263
4250	0.142	0.965	0.461	0.387
4260	0.145	0.961	0.463	0.383
4270	0.145	0.963	0.464	0.384
4280	0.145	0.964	0.464	0.381
4290	0.143	0.963	0.464	0.384
eigenvalues:  tensor([49.7265, 38.5779])
hess item is 0.033336903899908066
4300	0.144	0.962	0.465	0.383
4310	0.144	0.962	0.465	0.382
4320	0.142	0.963	0.464	0.383
4330	0.143	0.964	0.465	0.382
4340	0.141	0.967	0.464	0.380
eigenvalues:  tensor([49.8497, 38.3559])
hess item is 0.03457511216402054
4350	0.143	0.967	0.466	0.384
4360	0.141	0.965	0.464	0.384
4370	0.140	0.967	0.464	0.385
4380	0.142	0.967	0.467	0.383
4390	0.140	0.969	0.465	0.384
eigenvalues:  tensor([49.3793, 38.6215])
hess item is 0.03310078755021095
4400	0.143	0.962	0.468	0.381
4410	0.140	0.966	0.466	0.385
4420	0.141	0.967	0.467	0.385
4430	0.139	0.970	0.466	0.385
4440	0.141	0.964	0.469	0.381
eigenvalues:  tensor([50.4773, 38.6180])
hess item is 0.033284541219472885
4450	0.141	0.966	0.468	0.381
4460	0.141	0.965	0.469	0.383
4470	0.140	0.964	0.468	0.384
4480	0.138	0.967	0.468	0.380
4490	0.140	0.964	0.470	0.380
eigenvalues:  tensor([50.4637, 38.8122])
hess item is 0.033066749572753906
4500	0.137	0.969	0.467	0.381
4510	0.137	0.968	0.468	0.380
4520	0.139	0.966	0.471	0.378
4530	0.140	0.967	0.471	0.380
4540	0.140	0.967	0.472	0.380
eigenvalues:  tensor([50.7622, 39.2234])
hess item is 0.033388104289770126
4550	0.137	0.968	0.470	0.386
4560	0.138	0.964	0.471	0.380
4570	0.135	0.969	0.468	0.381
4580	0.139	0.964	0.472	0.380
4590	0.135	0.970	0.470	0.380
eigenvalues:  tensor([50.7272, 39.2208])
hess item is 0.033392470329999924
4600	0.135	0.968	0.469	0.379
4610	0.137	0.969	0.472	0.379
4620	0.138	0.966	0.474	0.382
4630	0.137	0.969	0.473	0.379
4640	0.134	0.972	0.470	0.380
eigenvalues:  tensor([50.8713, 39.6405])
hess item is 0.0347537100315094
4650	0.137	0.965	0.474	0.381
4660	0.137	0.967	0.474	0.382
4670	0.134	0.972	0.473	0.377
4680	0.134	0.972	0.472	0.376
4690	0.132	0.971	0.471	0.380
eigenvalues:  tensor([51.1145, 39.4692])
hess item is 0.03452080488204956
4700	0.133	0.971	0.471	0.379
4710	0.134	0.970	0.475	0.380
4720	0.134	0.970	0.475	0.377
4730	0.131	0.972	0.473	0.382
4740	0.136	0.972	0.476	0.378
eigenvalues:  tensor([51.1491, 39.5219])
hess item is 0.034177277237176895
4750	0.132	0.971	0.473	0.378
4760	0.130	0.975	0.472	0.381
4770	0.132	0.971	0.473	0.380
4780	0.132	0.972	0.475	0.379
4790	0.130	0.974	0.473	0.379
eigenvalues:  tensor([51.4915, 39.6714])
hess item is 0.032981157302856445
4800	0.130	0.971	0.473	0.380
4810	0.133	0.972	0.476	0.380
4820	0.135	0.970	0.479	0.378
4830	0.132	0.971	0.475	0.378
4840	0.131	0.974	0.476	0.381
eigenvalues:  tensor([51.8728, 39.8997])
hess item is 0.03481242060661316
4850	0.131	0.973	0.476	0.379
4860	0.128	0.973	0.475	0.378
4870	0.130	0.974	0.475	0.380
4880	0.128	0.977	0.475	0.378
4890	0.136	0.967	0.482	0.379
eigenvalues:  tensor([51.7130, 39.9323])
hess item is 0.03397618979215622
4900	0.129	0.974	0.477	0.376
4910	0.131	0.972	0.479	0.376
4920	0.129	0.972	0.478	0.379
4930	0.130	0.973	0.480	0.376
4940	0.127	0.975	0.477	0.376
eigenvalues:  tensor([52.4081, 40.1305])
hess item is 0.03461642935872078
4950	0.128	0.975	0.479	0.378
4960	0.129	0.974	0.479	0.379
4970	0.127	0.974	0.478	0.375
4980	0.128	0.974	0.480	0.375
4990	0.127	0.975	0.478	0.378
eigenvalues:  tensor([51.8502, 40.1308])
hess item is 0.03528754785656929
5000	0.128	0.973	0.480	0.375
5010	0.128	0.972	0.481	0.375
5020	0.126	0.977	0.478	0.378
5030	0.125	0.976	0.479	0.378
5040	0.128	0.972	0.481	0.375
eigenvalues:  tensor([52.1739, 40.0523])
hess item is 0.03530015051364899
5050	0.128	0.973	0.481	0.376
5060	0.126	0.975	0.480	0.377
5070	0.129	0.972	0.483	0.377
5080	0.125	0.975	0.480	0.379
5090	0.125	0.975	0.481	0.379
eigenvalues:  tensor([52.3566, 40.4928])
hess item is 0.0360199436545372
5100	0.126	0.975	0.481	0.376
5110	0.125	0.973	0.483	0.375
5120	0.125	0.976	0.481	0.377
5130	0.128	0.975	0.485	0.371
5140	0.127	0.974	0.485	0.376
eigenvalues:  tensor([52.6995, 40.6251])
hess item is 0.0341767892241478
5150	0.124	0.976	0.482	0.375
5160	0.126	0.976	0.484	0.377
5170	0.123	0.980	0.482	0.375
5180	0.125	0.973	0.484	0.373
5190	0.123	0.977	0.482	0.378
eigenvalues:  tensor([53.0210, 40.6792])
hess item is 0.034115713089704514
5200	0.123	0.978	0.483	0.372
5210	0.124	0.975	0.484	0.373
5220	0.124	0.976	0.485	0.376
5230	0.121	0.978	0.483	0.377
5240	0.122	0.976	0.484	0.377
eigenvalues:  tensor([52.9352, 40.9320])
hess item is 0.033377137035131454
5250	0.123	0.976	0.485	0.375
5260	0.121	0.979	0.483	0.376
5270	0.125	0.977	0.487	0.372
5280	0.122	0.979	0.485	0.375
5290	0.122	0.976	0.485	0.371
eigenvalues:  tensor([53.1807, 40.9585])
hess item is 0.034297529608011246
5300	0.122	0.979	0.486	0.372
5310	0.122	0.980	0.486	0.374
5320	0.120	0.980	0.485	0.373
5330	0.120	0.979	0.485	0.377
5340	0.122	0.977	0.488	0.372
eigenvalues:  tensor([53.0375, 40.8557])
hess item is 0.03421551734209061
5350	0.121	0.977	0.487	0.375
5360	0.120	0.978	0.487	0.379
5370	0.121	0.980	0.487	0.372
5380	0.120	0.978	0.487	0.371
5390	0.120	0.978	0.487	0.373
eigenvalues:  tensor([52.5745, 41.3032])
hess item is 0.036185700446367264
5400	0.121	0.976	0.488	0.374
5410	0.119	0.976	0.487	0.373
5420	0.118	0.979	0.486	0.373
5430	0.117	0.980	0.486	0.377
5440	0.120	0.979	0.488	0.372
eigenvalues:  tensor([52.9784, 41.0797])
hess item is 0.03577510640025139
5450	0.117	0.980	0.487	0.378
5460	0.117	0.980	0.487	0.370
5470	0.120	0.980	0.491	0.372
5480	0.117	0.979	0.488	0.372
5490	0.121	0.978	0.491	0.372
eigenvalues:  tensor([53.7218, 41.1742])
hess item is 0.03288900479674339
5500	0.118	0.981	0.490	0.375
5510	0.119	0.977	0.491	0.370
5520	0.123	0.976	0.496	0.370
5530	0.115	0.981	0.488	0.377
5540	0.116	0.979	0.489	0.375
eigenvalues:  tensor([53.3928, 41.4204])
hess item is 0.03358259052038193
5550	0.118	0.979	0.492	0.373
5560	0.118	0.981	0.492	0.371
5570	0.116	0.980	0.490	0.374
5580	0.121	0.979	0.495	0.367
5590	0.119	0.978	0.492	0.368
eigenvalues:  tensor([53.4169, 41.4655])
hess item is 0.035273537039756775
5600	0.116	0.981	0.491	0.373
5610	0.116	0.982	0.490	0.376
5620	0.116	0.980	0.491	0.371
5630	0.115	0.980	0.492	0.373
5640	0.114	0.981	0.490	0.374
eigenvalues:  tensor([53.9263, 41.8081])
hess item is 0.035244833678007126
5650	0.114	0.982	0.491	0.373
5660	0.115	0.982	0.491	0.371
5670	0.114	0.979	0.492	0.370
5680	0.114	0.982	0.492	0.371
5690	0.114	0.983	0.491	0.375
eigenvalues:  tensor([53.7758, 41.7234])
hess item is 0.036142680794000626
5700	0.115	0.980	0.493	0.373
5710	0.117	0.981	0.495	0.370
5720	0.112	0.982	0.491	0.372
5730	0.115	0.981	0.495	0.370
5740	0.113	0.983	0.493	0.371
eigenvalues:  tensor([54.1760, 41.8730])
hess item is 0.03441396728157997
5750	0.112	0.984	0.492	0.371
5760	0.112	0.982	0.493	0.373
5770	0.112	0.985	0.493	0.372
5780	0.114	0.980	0.495	0.370
5790	0.111	0.984	0.492	0.373
eigenvalues:  tensor([54.6184, 41.9353])
hess item is 0.035001300275325775
5800	0.112	0.983	0.494	0.368
5810	0.113	0.983	0.495	0.370
5820	0.110	0.983	0.492	0.373
5830	0.114	0.982	0.496	0.367
5840	0.114	0.982	0.496	0.368
eigenvalues:  tensor([53.5219, 41.8065])
hess item is 0.03446993976831436
5850	0.116	0.978	0.498	0.368
5860	0.110	0.982	0.494	0.370
5870	0.112	0.981	0.497	0.370
5880	0.111	0.983	0.495	0.371
5890	0.109	0.983	0.494	0.370
eigenvalues:  tensor([54.3505, 42.2390])
hess item is 0.03492714837193489
5900	0.110	0.984	0.494	0.368
5910	0.111	0.980	0.497	0.367
5920	0.114	0.982	0.498	0.369
5930	0.109	0.984	0.495	0.370
5940	0.112	0.981	0.498	0.366
eigenvalues:  tensor([54.0354, 42.4374])
hess item is 0.035416699945926666
5950	0.115	0.978	0.501	0.366
5960	0.110	0.985	0.496	0.368
5970	0.111	0.982	0.498	0.372
5980	0.108	0.985	0.495	0.369
5990	0.108	0.983	0.496	0.369
eigenvalues:  tensor([54.4465, 42.4369])
hess item is 0.03459997847676277
6000	0.109	0.985	0.497	0.363
6010	0.108	0.986	0.497	0.369
6020	0.108	0.984	0.497	0.371
6030	0.111	0.981	0.500	0.368
6040	0.109	0.985	0.497	0.368
eigenvalues:  tensor([54.8337, 42.5532])
hess item is 0.034223247319459915
6050	0.107	0.984	0.497	0.368
6060	0.108	0.983	0.498	0.370
6070	0.108	0.985	0.498	0.369
6080	0.107	0.983	0.498	0.369
6090	0.107	0.982	0.498	0.369
eigenvalues:  tensor([54.5760, 42.7565])
hess item is 0.03564226254820824
6100	0.109	0.982	0.501	0.368
6110	0.111	0.981	0.503	0.368
6120	0.107	0.983	0.499	0.367
6130	0.108	0.985	0.500	0.368
6140	0.105	0.985	0.497	0.369
eigenvalues:  tensor([54.5299, 42.9078])
hess item is 0.03515520691871643
6150	0.108	0.983	0.500	0.366
6160	0.107	0.982	0.501	0.367
6170	0.106	0.986	0.499	0.370
6180	0.108	0.984	0.502	0.369
6190	0.109	0.983	0.501	0.368
eigenvalues:  tensor([54.5752, 42.6021])
hess item is 0.037406764924526215
6200	0.107	0.985	0.502	0.366
6210	0.106	0.985	0.500	0.367
6220	0.107	0.984	0.503	0.366
6230	0.105	0.986	0.499	0.370
6240	0.105	0.985	0.500	0.369
eigenvalues:  tensor([54.9354, 42.9058])
hess item is 0.03654053062200546
6250	0.105	0.985	0.501	0.369
6260	0.104	0.988	0.500	0.371
6270	0.105	0.986	0.501	0.368
6280	0.104	0.987	0.501	0.370
6290	0.104	0.984	0.501	0.371
eigenvalues:  tensor([54.7288, 42.8964])
hess item is 0.03531026095151901
6300	0.104	0.986	0.501	0.367
6310	0.105	0.986	0.503	0.367
6320	0.103	0.985	0.501	0.368
6330	0.105	0.985	0.504	0.364
6340	0.105	0.987	0.503	0.363
eigenvalues:  tensor([55.1589, 43.1455])
hess item is 0.034581258893013
6350	0.103	0.986	0.501	0.367
6360	0.107	0.984	0.507	0.362
6370	0.107	0.985	0.506	0.363
6380	0.106	0.986	0.506	0.365
6390	0.102	0.986	0.502	0.367
eigenvalues:  tensor([55.1728, 43.3136])
hess item is 0.03638754040002823
6400	0.106	0.986	0.505	0.368
6410	0.105	0.986	0.505	0.363
6420	0.104	0.985	0.505	0.369
6430	0.102	0.988	0.503	0.365
6440	0.103	0.985	0.504	0.365
eigenvalues:  tensor([55.4973, 43.4368])
hess item is 0.036686010658741
6450	0.104	0.986	0.506	0.365
6460	0.103	0.985	0.506	0.366
6470	0.102	0.987	0.503	0.367
6480	0.103	0.985	0.506	0.370
6490	0.106	0.985	0.509	0.362
eigenvalues:  tensor([55.3691, 43.8373])
hess item is 0.03628993779420853
6500	0.104	0.985	0.506	0.366
6510	0.105	0.983	0.507	0.365
6520	0.103	0.987	0.506	0.363
6530	0.101	0.986	0.505	0.368
6540	0.102	0.986	0.506	0.369
eigenvalues:  tensor([55.4907, 43.3625])
hess item is 0.03637359291315079
6550	0.105	0.986	0.509	0.367
6560	0.100	0.988	0.505	0.366
6570	0.101	0.986	0.506	0.366
6580	0.101	0.988	0.506	0.368
6590	0.100	0.988	0.506	0.363
eigenvalues:  tensor([55.2669, 43.7357])
hess item is 0.03717834874987602
6600	0.100	0.986	0.506	0.366
6610	0.100	0.987	0.506	0.366
6620	0.101	0.988	0.508	0.365
6630	0.104	0.987	0.509	0.368
6640	0.105	0.985	0.510	0.362
eigenvalues:  tensor([55.5868, 43.8498])
hess item is 0.037900734692811966
6650	0.100	0.988	0.507	0.365
6660	0.100	0.987	0.508	0.364
6670	0.098	0.988	0.506	0.365
6680	0.100	0.988	0.507	0.365
6690	0.100	0.988	0.508	0.367
eigenvalues:  tensor([55.1487, 43.6803])
hess item is 0.03670792654156685
6700	0.099	0.987	0.507	0.364
6710	0.098	0.988	0.507	0.365
6720	0.098	0.987	0.508	0.366
6730	0.099	0.988	0.509	0.365
6740	0.098	0.988	0.507	0.367
eigenvalues:  tensor([55.5333, 43.8763])
hess item is 0.03580068051815033
6750	0.098	0.988	0.507	0.367
6760	0.101	0.988	0.511	0.360
6770	0.098	0.990	0.509	0.361
6780	0.102	0.986	0.513	0.362
6790	0.100	0.986	0.511	0.364
eigenvalues:  tensor([55.5714, 44.0891])
hess item is 0.0360698439180851
6800	0.098	0.988	0.509	0.361
6810	0.100	0.987	0.511	0.364
6820	0.098	0.987	0.510	0.363
6830	0.098	0.988	0.509	0.364
6840	0.099	0.987	0.510	0.362
eigenvalues:  tensor([55.8007, 44.3313])
hess item is 0.037781763821840286
6850	0.097	0.988	0.509	0.368
6860	0.097	0.989	0.509	0.364
6870	0.097	0.989	0.509	0.364
6880	0.096	0.987	0.509	0.366
6890	0.096	0.989	0.508	0.364
eigenvalues:  tensor([55.6502, 44.1454])
hess item is 0.03671223670244217
6900	0.096	0.991	0.509	0.364
6910	0.096	0.989	0.510	0.363
6920	0.100	0.986	0.513	0.361
6930	0.096	0.988	0.510	0.365
6940	0.095	0.991	0.510	0.361
eigenvalues:  tensor([55.2987, 44.2325])
hess item is 0.037481069564819336
6950	0.097	0.989	0.511	0.362
6960	0.095	0.988	0.511	0.361
6970	0.098	0.987	0.513	0.363
6980	0.096	0.988	0.511	0.367
6990	0.097	0.989	0.512	0.362
eigenvalues:  tensor([55.8146, 44.3737])
hess item is 0.03860470652580261
7000	0.095	0.990	0.510	0.362
7010	0.098	0.988	0.513	0.364
7020	0.095	0.989	0.511	0.361
7030	0.098	0.986	0.514	0.362
7040	0.097	0.987	0.512	0.364
eigenvalues:  tensor([55.7591, 44.3439])
hess item is 0.03875350207090378
7050	0.096	0.989	0.514	0.360
7060	0.094	0.990	0.512	0.363
7070	0.096	0.988	0.514	0.360
7080	0.094	0.989	0.511	0.367
7090	0.095	0.989	0.513	0.363
eigenvalues:  tensor([55.1817, 44.2518])
hess item is 0.037545282393693924
7100	0.094	0.989	0.512	0.364
7110	0.093	0.990	0.512	0.360
7120	0.094	0.990	0.513	0.361
7130	0.094	0.991	0.514	0.363
7140	0.094	0.990	0.513	0.361
eigenvalues:  tensor([55.6402, 44.5731])
hess item is 0.036839503794908524
7150	0.094	0.990	0.513	0.363
7160	0.099	0.986	0.518	0.361
7170	0.094	0.990	0.514	0.364
7180	0.093	0.990	0.513	0.363
7190	0.095	0.988	0.516	0.362
eigenvalues:  tensor([55.3774, 44.7030])
hess item is 0.03780655935406685
7200	0.094	0.989	0.514	0.364
7210	0.094	0.991	0.515	0.362
7220	0.092	0.991	0.514	0.362
7230	0.093	0.989	0.515	0.361
7240	0.095	0.989	0.518	0.361
eigenvalues:  tensor([55.6944, 44.5585])
hess item is 0.03768092021346092
7250	0.092	0.990	0.515	0.359
7260	0.097	0.990	0.519	0.362
7270	0.094	0.990	0.516	0.360
7280	0.093	0.990	0.516	0.358
7290	0.094	0.990	0.517	0.361
eigenvalues:  tensor([55.9480, 45.0443])
hess item is 0.03601624071598053
7300	0.091	0.990	0.514	0.361
7310	0.093	0.988	0.516	0.359
7320	0.094	0.989	0.517	0.362
7330	0.092	0.989	0.516	0.358
7340	0.094	0.988	0.518	0.363
eigenvalues:  tensor([56.1368, 45.1837])
hess item is 0.036585185676813126
7350	0.094	0.991	0.518	0.361
7360	0.091	0.991	0.516	0.361
7370	0.091	0.990	0.516	0.364
7380	0.094	0.991	0.520	0.358
7390	0.093	0.989	0.518	0.359
eigenvalues:  tensor([56.1507, 45.0867])
hess item is 0.03666793927550316
7400	0.093	0.990	0.517	0.359
7410	0.092	0.990	0.518	0.359
7420	0.091	0.990	0.516	0.362
7430	0.091	0.990	0.518	0.358
7440	0.092	0.988	0.518	0.362
eigenvalues:  tensor([55.7695, 45.1726])
hess item is 0.037457577884197235
7450	0.090	0.991	0.516	0.358
7460	0.091	0.990	0.518	0.361
7470	0.093	0.987	0.520	0.361
7480	0.090	0.991	0.518	0.363
7490	0.092	0.988	0.519	0.360
eigenvalues:  tensor([55.5646, 45.2195])
hess item is 0.03862760588526726
7500	0.089	0.991	0.517	0.362
7510	0.090	0.990	0.518	0.359
7520	0.094	0.990	0.521	0.357
7530	0.090	0.991	0.518	0.359
7540	0.090	0.992	0.518	0.363
eigenvalues:  tensor([56.2946, 45.1093])
hess item is 0.03723867982625961
7550	0.089	0.991	0.519	0.359
7560	0.089	0.991	0.518	0.363
7570	0.092	0.988	0.522	0.361
7580	0.090	0.990	0.519	0.359
7590	0.088	0.991	0.518	0.363
eigenvalues:  tensor([56.0468, 45.3352])
hess item is 0.036801744252443314
7600	0.090	0.991	0.520	0.358
7610	0.089	0.991	0.519	0.362
7620	0.090	0.991	0.520	0.359
7630	0.088	0.991	0.519	0.359
7640	0.089	0.990	0.520	0.364
eigenvalues:  tensor([56.0536, 45.3848])
hess item is 0.03750484809279442
7650	0.088	0.992	0.518	0.357
7660	0.090	0.990	0.521	0.361
7670	0.092	0.989	0.523	0.355
7680	0.091	0.991	0.524	0.357
7690	0.090	0.992	0.522	0.356
eigenvalues:  tensor([56.4800, 45.6137])
hess item is 0.036888860166072845
7700	0.091	0.991	0.524	0.355
7710	0.088	0.991	0.520	0.359
7720	0.090	0.990	0.522	0.360
7730	0.088	0.992	0.520	0.359
7740	0.088	0.992	0.521	0.359
eigenvalues:  tensor([56.6518, 45.4961])
hess item is 0.037023793905973434
7750	0.089	0.992	0.523	0.356
7760	0.087	0.992	0.521	0.359
7770	0.087	0.991	0.522	0.360
7780	0.088	0.989	0.522	0.358
7790	0.087	0.992	0.522	0.358
eigenvalues:  tensor([56.2677, 45.4569])
hess item is 0.036572955548763275
7800	0.087	0.992	0.521	0.355
7810	0.086	0.992	0.521	0.356
7820	0.087	0.991	0.522	0.362
7830	0.087	0.992	0.522	0.357
7840	0.087	0.991	0.523	0.356
eigenvalues:  tensor([55.9838, 45.8638])
hess item is 0.03712286800146103
7850	0.090	0.988	0.525	0.357
7860	0.088	0.992	0.524	0.355
7870	0.087	0.991	0.523	0.361
7880	0.086	0.992	0.523	0.358
7890	0.087	0.991	0.524	0.357
eigenvalues:  tensor([56.5353, 45.5766])
hess item is 0.03709185868501663
7900	0.087	0.992	0.523	0.360
7910	0.086	0.992	0.522	0.361
7920	0.087	0.990	0.524	0.355
7930	0.089	0.990	0.527	0.355
7940	0.087	0.992	0.525	0.357
eigenvalues:  tensor([56.5682, 45.7937])
hess item is 0.0366392582654953
7950	0.087	0.992	0.524	0.357
7960	0.087	0.992	0.526	0.356
7970	0.090	0.990	0.528	0.353
7980	0.088	0.989	0.526	0.358
7990	0.084	0.993	0.523	0.358
eigenvalues:  tensor([56.3295, 45.6505])
hess item is 0.037259798496961594
8000	0.087	0.992	0.526	0.354
8010	0.085	0.992	0.524	0.360
8020	0.085	0.991	0.523	0.358
8030	0.088	0.991	0.527	0.356
8040	0.086	0.992	0.525	0.358
eigenvalues:  tensor([56.2810, 45.7806])
hess item is 0.037830714136362076
8050	0.084	0.992	0.523	0.357
8060	0.085	0.993	0.524	0.358
8070	0.087	0.992	0.527	0.353
8080	0.085	0.992	0.525	0.357
8090	0.085	0.992	0.525	0.358
eigenvalues:  tensor([56.1685, 45.7533])
hess item is 0.03891622647643089
8100	0.083	0.993	0.523	0.360
8110	0.083	0.992	0.524	0.357
8120	0.085	0.993	0.527	0.356
8130	0.083	0.992	0.524	0.356
8140	0.083	0.993	0.525	0.357
eigenvalues:  tensor([56.2121, 45.6790])
hess item is 0.03743670880794525
8150	0.084	0.992	0.526	0.355
8160	0.086	0.991	0.527	0.355
8170	0.084	0.993	0.526	0.359
8180	0.084	0.994	0.526	0.356
8190	0.084	0.991	0.527	0.354
eigenvalues:  tensor([56.6663, 45.8442])
hess item is 0.036405354738235474
8200	0.083	0.993	0.526	0.358
8210	0.085	0.992	0.529	0.352
8220	0.083	0.993	0.526	0.359
8230	0.084	0.993	0.527	0.359
8240	0.088	0.990	0.532	0.356
eigenvalues:  tensor([56.5668, 45.9860])
hess item is 0.037403207272291183
8250	0.084	0.992	0.528	0.360
8260	0.085	0.992	0.529	0.353
8270	0.083	0.992	0.528	0.353
8280	0.085	0.991	0.529	0.357
8290	0.084	0.993	0.529	0.359
eigenvalues:  tensor([56.4323, 46.0869])
hess item is 0.03816191852092743
8300	0.081	0.992	0.526	0.357
8310	0.087	0.990	0.533	0.358
8320	0.083	0.993	0.528	0.359
8330	0.081	0.993	0.527	0.358
8340	0.083	0.993	0.529	0.354
eigenvalues:  tensor([56.7796, 46.1099])
hess item is 0.03750825300812721
8350	0.082	0.994	0.528	0.354
8360	0.082	0.992	0.529	0.360
8370	0.084	0.993	0.531	0.350
8380	0.082	0.993	0.528	0.359
8390	0.083	0.993	0.530	0.358
eigenvalues:  tensor([56.6495, 46.2594])
hess item is 0.03663789480924606
8400	0.084	0.992	0.530	0.356
8410	0.084	0.992	0.531	0.352
8420	0.083	0.991	0.529	0.356
8430	0.082	0.993	0.529	0.356
8440	0.085	0.992	0.533	0.352
eigenvalues:  tensor([56.3329, 46.2604])
hess item is 0.03724697604775429
8450	0.082	0.992	0.530	0.355
8460	0.080	0.993	0.528	0.357
8470	0.082	0.993	0.530	0.353
8480	0.083	0.992	0.531	0.357
8490	0.082	0.994	0.530	0.356
eigenvalues:  tensor([56.9889, 46.3968])
hess item is 0.03573958948254585
8500	0.080	0.993	0.528	0.355
8510	0.081	0.993	0.530	0.354
8520	0.081	0.993	0.530	0.357
8530	0.082	0.992	0.530	0.357
8540	0.079	0.993	0.528	0.355
eigenvalues:  tensor([56.8735, 46.4829])
hess item is 0.037465181201696396
8550	0.082	0.993	0.531	0.356
8560	0.080	0.993	0.530	0.356
8570	0.080	0.993	0.529	0.354
8580	0.080	0.994	0.529	0.356
8590	0.082	0.992	0.532	0.355
eigenvalues:  tensor([56.1829, 46.0352])
hess item is 0.03908941522240639
8600	0.081	0.993	0.532	0.358
8610	0.081	0.991	0.531	0.359
8620	0.082	0.992	0.532	0.354
8630	0.082	0.992	0.533	0.353
8640	0.080	0.994	0.530	0.355
eigenvalues:  tensor([56.3736, 45.9662])
hess item is 0.03838042542338371
8650	0.083	0.992	0.534	0.355
8660	0.080	0.993	0.531	0.355
8670	0.080	0.994	0.531	0.357
8680	0.079	0.994	0.531	0.356
8690	0.081	0.992	0.532	0.356
eigenvalues:  tensor([56.4644, 46.0678])
hess item is 0.037643127143383026
8700	0.079	0.994	0.531	0.352
8710	0.082	0.993	0.534	0.354
8720	0.079	0.993	0.532	0.351
8730	0.078	0.994	0.530	0.354
8740	0.078	0.995	0.530	0.356
eigenvalues:  tensor([56.7774, 46.1939])
hess item is 0.0377255454659462
8750	0.080	0.994	0.533	0.350
8760	0.078	0.993	0.531	0.353
8770	0.081	0.993	0.534	0.352
8780	0.080	0.993	0.533	0.354
8790	0.079	0.994	0.532	0.357
eigenvalues:  tensor([56.4666, 46.4544])
hess item is 0.03670770302414894
8800	0.079	0.993	0.532	0.355
8810	0.078	0.994	0.531	0.355
8820	0.078	0.994	0.532	0.357
8830	0.080	0.992	0.534	0.357
8840	0.078	0.992	0.532	0.355
eigenvalues:  tensor([55.5327, 46.2114])
hess item is 0.03803272917866707
8850	0.081	0.992	0.535	0.357
8860	0.077	0.994	0.532	0.351
8870	0.077	0.994	0.532	0.352
8880	0.079	0.994	0.534	0.356
8890	0.077	0.994	0.532	0.355
eigenvalues:  tensor([57.0754, 46.5450])
hess item is 0.036385200917720795
8900	0.077	0.994	0.533	0.352
8910	0.079	0.993	0.534	0.354
8920	0.079	0.993	0.535	0.353
8930	0.080	0.993	0.536	0.353
8940	0.077	0.994	0.532	0.354
eigenvalues:  tensor([56.3617, 46.2151])
hess item is 0.03749503567814827
8950	0.078	0.993	0.534	0.355
8960	0.076	0.993	0.532	0.351
8970	0.076	0.994	0.532	0.355
8980	0.077	0.994	0.534	0.357
8990	0.076	0.994	0.533	0.352
eigenvalues:  tensor([56.2105, 46.2354])
hess item is 0.0378914438188076
9000	0.079	0.992	0.535	0.355
9010	0.077	0.994	0.533	0.356
9020	0.077	0.993	0.534	0.354
9030	0.076	0.993	0.534	0.353
9040	0.076	0.994	0.534	0.353
eigenvalues:  tensor([56.2198, 46.5257])
hess item is 0.03631601855158806
9050	0.080	0.991	0.539	0.356
9060	0.078	0.994	0.536	0.353
9070	0.075	0.994	0.534	0.357
9080	0.075	0.994	0.534	0.353
9090	0.076	0.994	0.534	0.358
eigenvalues:  tensor([56.8200, 46.3384])
hess item is 0.03768991306424141
9100	0.076	0.994	0.535	0.355
9110	0.083	0.990	0.541	0.351
9120	0.075	0.994	0.534	0.351
9130	0.077	0.994	0.536	0.357
9140	0.077	0.994	0.536	0.355
eigenvalues:  tensor([56.3169, 46.5236])
hess item is 0.038931410759687424
9150	0.076	0.994	0.535	0.355
9160	0.076	0.995	0.535	0.353
9170	0.077	0.994	0.536	0.354
9180	0.076	0.993	0.537	0.355
9190	0.075	0.994	0.535	0.355
eigenvalues:  tensor([56.4523, 46.2807])
hess item is 0.03817310184240341
9200	0.079	0.993	0.539	0.349
9210	0.081	0.991	0.541	0.349
9220	0.076	0.995	0.537	0.353
9230	0.077	0.994	0.537	0.356
9240	0.077	0.994	0.537	0.353
eigenvalues:  tensor([57.0222, 46.6423])
hess item is 0.038451503962278366
9250	0.073	0.995	0.534	0.354
9260	0.073	0.994	0.534	0.353
9270	0.075	0.994	0.536	0.353
9280	0.074	0.994	0.536	0.352
9290	0.076	0.994	0.538	0.353
eigenvalues:  tensor([56.7269, 46.6028])
hess item is 0.03714554384350777
9300	0.076	0.993	0.538	0.353
9310	0.075	0.995	0.537	0.356
9320	0.077	0.994	0.538	0.355
9330	0.076	0.993	0.539	0.355
9340	0.076	0.993	0.539	0.355
eigenvalues:  tensor([57.0287, 46.7565])
hess item is 0.039322346448898315
9350	0.077	0.994	0.538	0.354
9360	0.075	0.993	0.537	0.353
9370	0.075	0.995	0.539	0.349
9380	0.074	0.994	0.537	0.352
9390	0.076	0.994	0.540	0.349
eigenvalues:  tensor([56.7672, 46.7127])
hess item is 0.03741167113184929
9400	0.073	0.994	0.536	0.355
9410	0.072	0.995	0.537	0.352
9420	0.075	0.995	0.539	0.351
9430	0.076	0.995	0.539	0.352
9440	0.075	0.995	0.539	0.355
eigenvalues:  tensor([56.5438, 46.6729])
hess item is 0.037965837866067886
9450	0.073	0.995	0.537	0.357
9460	0.074	0.994	0.538	0.353
9470	0.074	0.995	0.538	0.349
9480	0.072	0.994	0.536	0.354
9490	0.071	0.995	0.536	0.353
eigenvalues:  tensor([56.5382, 46.4945])
hess item is 0.03907756134867668
9500	0.073	0.995	0.539	0.350
9510	0.077	0.994	0.541	0.351
9520	0.074	0.994	0.539	0.350
9530	0.073	0.994	0.538	0.350
9540	0.073	0.994	0.539	0.356
eigenvalues:  tensor([56.9958, 46.7841])
hess item is 0.03743492439389229
9550	0.073	0.994	0.538	0.355
9560	0.075	0.995	0.542	0.349
9570	0.074	0.994	0.540	0.351
9580	0.073	0.994	0.539	0.351
9590	0.075	0.994	0.541	0.352
eigenvalues:  tensor([56.6032, 46.5570])
hess item is 0.03688136115670204
9600	0.072	0.994	0.539	0.353
9610	0.073	0.994	0.540	0.351
9620	0.073	0.995	0.540	0.351
9630	0.075	0.994	0.542	0.353
9640	0.073	0.995	0.540	0.352
eigenvalues:  tensor([56.2380, 46.4150])
hess item is 0.03841811791062355
9650	0.074	0.994	0.541	0.349
9660	0.072	0.994	0.539	0.354
9670	0.071	0.995	0.539	0.350
9680	0.072	0.995	0.539	0.353
9690	0.075	0.994	0.543	0.351
eigenvalues:  tensor([56.9986, 46.7511])
hess item is 0.03885629400610924
9700	0.071	0.995	0.539	0.354
9710	0.071	0.994	0.539	0.352
9720	0.071	0.995	0.539	0.355
9730	0.070	0.995	0.539	0.350
9740	0.071	0.995	0.539	0.355
eigenvalues:  tensor([57.2099, 46.8924])
hess item is 0.03645436838269234
9750	0.074	0.995	0.542	0.351
9760	0.073	0.994	0.542	0.351
9770	0.076	0.993	0.544	0.350
9780	0.072	0.995	0.541	0.352
9790	0.072	0.995	0.541	0.354
eigenvalues:  tensor([56.6906, 46.6718])
hess item is 0.03842626139521599
9800	0.071	0.994	0.541	0.354
9810	0.071	0.995	0.541	0.356
9820	0.071	0.994	0.541	0.353
9830	0.073	0.995	0.542	0.352
9840	0.073	0.995	0.543	0.350
eigenvalues:  tensor([57.0832, 46.6460])
hess item is 0.03715655952692032
9850	0.072	0.995	0.543	0.347
9860	0.070	0.996	0.540	0.351
9870	0.070	0.996	0.541	0.350
9880	0.072	0.996	0.543	0.350
9890	0.071	0.996	0.542	0.347
eigenvalues:  tensor([57.1310, 46.8643])
hess item is 0.036846183240413666
9900	0.072	0.994	0.543	0.352
9910	0.072	0.996	0.543	0.349
9920	0.074	0.993	0.545	0.348
9930	0.072	0.995	0.542	0.350
9940	0.074	0.995	0.547	0.347
eigenvalues:  tensor([56.2309, 46.4805])
hess item is 0.038543932139873505
9950	0.074	0.993	0.545	0.352
9960	0.070	0.996	0.542	0.349
9970	0.072	0.996	0.545	0.347
9980	0.070	0.996	0.542	0.352
9990	0.072	0.995	0.544	0.349
device: cuda:4
output directory: RESULTS/cifar10-10k/fc-tanh/seed_0/mse/ivon/lr_0.0005_h0_0.9_post_1_alpha_100.0_beta2_0.99_beta_0.0_ess_10000000.0_ivon
Files already downloaded and verified
Files already downloaded and verified
optimizer is IVON
0	0.597	0.131	0.597	0.131
10	0.569	0.138	0.570	0.138
20	0.549	0.147	0.550	0.147
30	0.536	0.159	0.537	0.159
40	0.526	0.171	0.527	0.171
eigenvalues:  tensor([80.3742, 66.1837])
hess item is 0.6030120253562927
50	0.518	0.184	0.520	0.183
60	0.511	0.196	0.513	0.192
70	0.506	0.205	0.508	0.200
80	0.501	0.215	0.503	0.207
90	0.497	0.221	0.499	0.213
eigenvalues:  tensor([78.9597, 64.9225])
hess item is 0.3817530870437622
100	0.493	0.227	0.495	0.221
110	0.489	0.234	0.492	0.226
120	0.485	0.240	0.488	0.231
130	0.482	0.248	0.485	0.235
140	0.479	0.253	0.482	0.244
eigenvalues:  tensor([77.3470, 63.7132])
hess item is 0.23974740505218506
150	0.476	0.261	0.479	0.249
160	0.473	0.266	0.477	0.254
170	0.470	0.272	0.474	0.257
180	0.467	0.278	0.471	0.264
190	0.464	0.285	0.469	0.269
eigenvalues:  tensor([75.6507, 62.2264])
hess item is 0.15051782131195068
200	0.461	0.289	0.467	0.274
210	0.459	0.298	0.464	0.280
220	0.456	0.302	0.462	0.285
230	0.453	0.308	0.460	0.289
240	0.451	0.313	0.458	0.293
eigenvalues:  tensor([73.6554, 60.9014])
hess item is 0.10072379559278488
250	0.448	0.320	0.456	0.293
260	0.446	0.326	0.454	0.299
270	0.444	0.331	0.452	0.303
280	0.441	0.341	0.450	0.309
290	0.439	0.343	0.448	0.312
eigenvalues:  tensor([71.5070, 58.8674])
hess item is 0.06783965229988098
300	0.437	0.347	0.446	0.314
310	0.435	0.353	0.445	0.318
320	0.432	0.356	0.443	0.322
330	0.429	0.367	0.441	0.325
340	0.427	0.369	0.440	0.326
eigenvalues:  tensor([66.9264, 56.5020])
hess item is 0.05427005887031555
350	0.429	0.375	0.442	0.330
360	0.423	0.384	0.437	0.334
370	0.422	0.386	0.436	0.343
380	0.420	0.388	0.435	0.339
390	0.418	0.398	0.434	0.344
eigenvalues:  tensor([61.4608, 52.2595])
hess item is 0.05065617710351944
400	0.420	0.395	0.436	0.350
410	0.418	0.384	0.436	0.331
420	0.412	0.407	0.431	0.350
430	0.410	0.406	0.430	0.350
440	0.407	0.426	0.428	0.364
eigenvalues:  tensor([57.5647, 49.6443])
hess item is 0.04744545370340347
450	0.404	0.431	0.425	0.370
460	0.403	0.434	0.424	0.370
470	0.403	0.434	0.425	0.369
480	0.400	0.434	0.423	0.366
490	0.399	0.441	0.424	0.365
eigenvalues:  tensor([53.3215, 46.3398])
hess item is 0.049024466425180435
500	0.400	0.430	0.425	0.358
510	0.394	0.446	0.421	0.372
520	0.393	0.454	0.419	0.375
530	0.392	0.452	0.420	0.376
540	0.390	0.464	0.419	0.380
eigenvalues:  tensor([50.3710, 45.2955])
hess item is 0.04938911274075508
550	0.387	0.467	0.417	0.381
560	0.385	0.476	0.416	0.387
570	0.385	0.481	0.416	0.388
580	0.387	0.457	0.419	0.373
590	0.382	0.476	0.415	0.378
eigenvalues:  tensor([49.5960, 44.1238])
hess item is 0.04561809450387955
600	0.381	0.481	0.415	0.380
610	0.379	0.488	0.415	0.387
620	0.377	0.490	0.413	0.387
630	0.376	0.499	0.413	0.385
640	0.374	0.503	0.411	0.397
eigenvalues:  tensor([47.8266, 43.4084])
hess item is 0.042073965072631836
650	0.372	0.498	0.410	0.394
660	0.373	0.503	0.411	0.388
670	0.371	0.502	0.410	0.393
680	0.371	0.507	0.412	0.391
690	0.367	0.516	0.409	0.393
eigenvalues:  tensor([47.4215, 42.5554])
hess item is 0.04193798080086708
700	0.367	0.515	0.410	0.396
710	0.363	0.529	0.407	0.398
720	0.362	0.527	0.407	0.399
730	0.366	0.523	0.412	0.394
740	0.360	0.530	0.406	0.397
eigenvalues:  tensor([46.5625, 41.1358])
hess item is 0.04062265530228615
750	0.358	0.537	0.405	0.403
760	0.358	0.535	0.406	0.400
770	0.357	0.541	0.406	0.405
780	0.357	0.536	0.405	0.405
790	0.356	0.550	0.406	0.403
eigenvalues:  tensor([46.3772, 41.1931])
hess item is 0.03954044729471207
800	0.353	0.549	0.404	0.404
810	0.354	0.546	0.407	0.402
820	0.353	0.547	0.407	0.398
830	0.352	0.557	0.407	0.397
840	0.352	0.544	0.407	0.397
eigenvalues:  tensor([46.0390, 40.5233])
hess item is 0.03673554211854935
850	0.345	0.568	0.401	0.407
860	0.345	0.573	0.401	0.407
870	0.346	0.564	0.405	0.400
880	0.344	0.576	0.403	0.405
890	0.345	0.566	0.405	0.400
eigenvalues:  tensor([46.5574, 40.6651])
hess item is 0.03509568050503731
900	0.343	0.578	0.404	0.409
910	0.341	0.582	0.403	0.406
920	0.339	0.590	0.402	0.408
930	0.340	0.587	0.403	0.408
940	0.340	0.581	0.405	0.406
eigenvalues:  tensor([46.7497, 40.1360])
hess item is 0.03508146479725838
950	0.341	0.591	0.407	0.405
960	0.335	0.601	0.402	0.405
970	0.334	0.598	0.401	0.412
980	0.334	0.604	0.401	0.411
990	0.334	0.610	0.403	0.407
eigenvalues:  tensor([45.9821, 39.9538])
hess item is 0.03559011593461037
1000	0.333	0.598	0.402	0.406
1010	0.331	0.612	0.402	0.411
1020	0.329	0.622	0.401	0.414
1030	0.329	0.609	0.402	0.412
1040	0.328	0.615	0.402	0.407
eigenvalues:  tensor([46.2139, 39.5775])
hess item is 0.03420117124915123
1050	0.325	0.623	0.401	0.410
1060	0.326	0.625	0.401	0.408
1070	0.326	0.623	0.403	0.413
1080	0.323	0.629	0.400	0.413
1090	0.324	0.625	0.403	0.406
eigenvalues:  tensor([46.4886, 39.3202])
hess item is 0.03383486345410347
1100	0.322	0.631	0.403	0.408
1110	0.322	0.633	0.403	0.405
1120	0.321	0.642	0.402	0.409
1130	0.319	0.644	0.402	0.409
1140	0.323	0.627	0.406	0.403
eigenvalues:  tensor([45.5428, 39.2389])
hess item is 0.03518695756793022
1150	0.316	0.644	0.400	0.410
1160	0.314	0.659	0.399	0.410
1170	0.314	0.654	0.400	0.412
1180	0.311	0.669	0.398	0.415
1190	0.313	0.655	0.400	0.413
eigenvalues:  tensor([45.3610, 38.9821])
hess item is 0.034664057195186615
1200	0.314	0.660	0.402	0.414
1210	0.311	0.663	0.400	0.410
1220	0.311	0.668	0.401	0.407
1230	0.308	0.671	0.398	0.415
1240	0.309	0.674	0.401	0.406
eigenvalues:  tensor([45.5776, 39.0516])
hess item is 0.03369063511490822
1250	0.306	0.676	0.399	0.414
1260	0.306	0.678	0.400	0.415
1270	0.307	0.684	0.402	0.411
1280	0.304	0.679	0.400	0.412
1290	0.304	0.690	0.401	0.409
eigenvalues:  tensor([45.2745, 38.8912])
hess item is 0.03453115001320839
1300	0.304	0.685	0.401	0.410
1310	0.306	0.679	0.404	0.406
1320	0.301	0.693	0.400	0.415
1330	0.300	0.695	0.401	0.411
1340	0.298	0.704	0.399	0.413
eigenvalues:  tensor([44.9236, 39.0799])
hess item is 0.03391660749912262
1350	0.300	0.706	0.402	0.415
1360	0.297	0.695	0.400	0.415
1370	0.297	0.698	0.400	0.413
1380	0.297	0.701	0.401	0.411
1390	0.294	0.707	0.400	0.413
eigenvalues:  tensor([44.7090, 38.5550])
hess item is 0.03267775475978851
1400	0.292	0.720	0.399	0.412
1410	0.293	0.712	0.401	0.408
1420	0.291	0.716	0.399	0.414
1430	0.292	0.712	0.401	0.413
1440	0.294	0.713	0.404	0.405
eigenvalues:  tensor([43.7307, 38.3206])
hess item is 0.03265097737312317
1450	0.288	0.730	0.399	0.412
1460	0.287	0.730	0.399	0.414
1470	0.288	0.723	0.402	0.411
1480	0.286	0.732	0.400	0.414
1490	0.287	0.739	0.401	0.413
eigenvalues:  tensor([43.8658, 38.5948])
hess item is 0.03184688091278076
1500	0.285	0.734	0.401	0.415
1510	0.284	0.738	0.401	0.412
1520	0.285	0.735	0.402	0.411
1530	0.284	0.739	0.402	0.409
1540	0.281	0.744	0.400	0.410
eigenvalues:  tensor([43.3490, 38.0327])
hess item is 0.030970104038715363
1550	0.279	0.746	0.400	0.416
1560	0.281	0.747	0.401	0.412
1570	0.279	0.743	0.401	0.413
1580	0.284	0.729	0.406	0.407
1590	0.281	0.737	0.404	0.411
eigenvalues:  tensor([43.0648, 37.8162])
hess item is 0.03183487430214882
1600	0.277	0.755	0.402	0.411
1610	0.278	0.755	0.404	0.408
1620	0.274	0.764	0.401	0.413
1630	0.277	0.757	0.405	0.410
1640	0.275	0.766	0.403	0.409
eigenvalues:  tensor([42.8589, 37.4636])
hess item is 0.029740221798419952
1650	0.273	0.763	0.403	0.414
1660	0.272	0.767	0.404	0.412
1670	0.272	0.766	0.403	0.414
1680	0.273	0.762	0.405	0.409
1690	0.269	0.774	0.402	0.413
eigenvalues:  tensor([42.9807, 37.7366])
hess item is 0.028684111312031746
1700	0.271	0.770	0.405	0.405
1710	0.269	0.770	0.404	0.409
1720	0.271	0.776	0.407	0.406
1730	0.268	0.772	0.405	0.410
1740	0.269	0.765	0.405	0.410
eigenvalues:  tensor([42.3268, 37.8181])
hess item is 0.030286351218819618
1750	0.270	0.770	0.409	0.410
1760	0.264	0.788	0.404	0.406
1770	0.264	0.785	0.404	0.409
1780	0.263	0.790	0.404	0.413
1790	0.263	0.794	0.405	0.408
eigenvalues:  tensor([41.8611, 37.1914])
hess item is 0.029667040333151817
1800	0.261	0.786	0.405	0.409
1810	0.264	0.788	0.408	0.406
1820	0.259	0.799	0.404	0.406
1830	0.258	0.804	0.404	0.412
1840	0.260	0.792	0.407	0.407
eigenvalues:  tensor([42.0856, 36.9648])
hess item is 0.029638472944498062
1850	0.258	0.802	0.405	0.411
1860	0.257	0.802	0.405	0.409
1870	0.259	0.794	0.408	0.406
1880	0.256	0.807	0.406	0.406
1890	0.254	0.807	0.406	0.415
eigenvalues:  tensor([41.9312, 36.8345])
hess item is 0.03018868714570999
1900	0.257	0.803	0.408	0.405
1910	0.254	0.807	0.407	0.408
1920	0.253	0.816	0.407	0.411
1930	0.254	0.799	0.409	0.411
1940	0.251	0.821	0.407	0.408
eigenvalues:  tensor([42.1155, 36.7689])
hess item is 0.028299909085035324
1950	0.252	0.811	0.408	0.411
1960	0.250	0.820	0.407	0.408
1970	0.252	0.808	0.410	0.406
1980	0.250	0.814	0.409	0.404
1990	0.250	0.811	0.410	0.413
eigenvalues:  tensor([42.0134, 36.6065])
hess item is 0.028790660202503204
2000	0.247	0.825	0.408	0.407
2010	0.246	0.823	0.408	0.411
2020	0.245	0.827	0.408	0.407
2030	0.244	0.830	0.407	0.411
2040	0.244	0.834	0.408	0.408
eigenvalues:  tensor([42.0068, 36.9094])
hess item is 0.028822463005781174
2050	0.246	0.818	0.412	0.409
2060	0.245	0.823	0.412	0.406
2070	0.242	0.834	0.410	0.405
2080	0.244	0.828	0.411	0.405
2090	0.242	0.832	0.410	0.409
eigenvalues:  tensor([41.7394, 36.1920])
hess item is 0.028190050274133682
2100	0.243	0.830	0.413	0.405
2110	0.241	0.831	0.412	0.408
2120	0.240	0.837	0.412	0.402
2130	0.239	0.838	0.411	0.407
2140	0.238	0.841	0.412	0.405
eigenvalues:  tensor([41.9679, 36.2134])
hess item is 0.02866499125957489
2150	0.238	0.841	0.412	0.407
2160	0.237	0.845	0.412	0.404
2170	0.239	0.841	0.414	0.406
2180	0.234	0.853	0.411	0.405
2190	0.235	0.842	0.413	0.408
eigenvalues:  tensor([42.4062, 36.2803])
hess item is 0.02870221436023712
2200	0.235	0.846	0.413	0.405
2210	0.233	0.857	0.413	0.405
2220	0.232	0.854	0.413	0.404
2230	0.232	0.853	0.414	0.405
2240	0.233	0.849	0.416	0.404
eigenvalues:  tensor([42.0706, 36.5761])
hess item is 0.028080878779292107
2250	0.231	0.854	0.415	0.404
2260	0.232	0.851	0.416	0.401
2270	0.235	0.847	0.420	0.398
2280	0.228	0.862	0.413	0.408
2290	0.228	0.862	0.415	0.404
eigenvalues:  tensor([42.7124, 36.4579])
hess item is 0.028391866013407707
2300	0.229	0.859	0.418	0.402
2310	0.227	0.861	0.415	0.405
2320	0.227	0.861	0.415	0.406
2330	0.226	0.863	0.416	0.407
2340	0.226	0.863	0.418	0.400
eigenvalues:  tensor([42.1671, 36.3484])
hess item is 0.02900119498372078
2350	0.224	0.865	0.416	0.403
2360	0.227	0.858	0.419	0.403
2370	0.226	0.863	0.420	0.401
2380	0.222	0.869	0.416	0.407
2390	0.226	0.858	0.420	0.404
eigenvalues:  tensor([42.6951, 36.4264])
hess item is 0.0288623608648777
2400	0.221	0.872	0.417	0.402
2410	0.219	0.875	0.417	0.405
2420	0.220	0.876	0.418	0.402
2430	0.222	0.870	0.420	0.402
2440	0.221	0.873	0.419	0.405
eigenvalues:  tensor([42.6384, 36.3527])
hess item is 0.028929080814123154
2450	0.221	0.871	0.421	0.400
2460	0.220	0.871	0.421	0.401
2470	0.218	0.878	0.420	0.405
2480	0.220	0.870	0.422	0.401
2490	0.217	0.880	0.421	0.401
eigenvalues:  tensor([43.2695, 36.1875])
hess item is 0.02909010462462902
2500	0.215	0.883	0.419	0.407
2510	0.214	0.886	0.419	0.403
2520	0.214	0.888	0.420	0.400
2530	0.220	0.873	0.426	0.400
2540	0.215	0.878	0.422	0.405
eigenvalues:  tensor([42.5420, 36.1032])
hess item is 0.028016168624162674
2550	0.214	0.876	0.423	0.402
2560	0.212	0.890	0.421	0.400
2570	0.216	0.881	0.425	0.399
2580	0.210	0.892	0.420	0.402
2590	0.212	0.885	0.424	0.401
eigenvalues:  tensor([42.9867, 36.2608])
hess item is 0.029151147231459618
2600	0.210	0.895	0.422	0.401
2610	0.211	0.888	0.424	0.400
2620	0.209	0.893	0.422	0.401
2630	0.206	0.899	0.421	0.399
2640	0.208	0.894	0.424	0.397
eigenvalues:  tensor([43.3997, 36.2826])
hess item is 0.03006806969642639
2650	0.206	0.897	0.422	0.401
2660	0.207	0.893	0.425	0.401
2670	0.208	0.896	0.425	0.399
2680	0.204	0.903	0.423	0.400
2690	0.204	0.900	0.423	0.401
eigenvalues:  tensor([43.1183, 36.0209])
hess item is 0.028614705428481102
2700	0.203	0.901	0.424	0.396
2710	0.208	0.895	0.428	0.398
2720	0.202	0.903	0.424	0.398
2730	0.202	0.900	0.426	0.402
2740	0.204	0.901	0.428	0.397
eigenvalues:  tensor([43.5274, 36.1240])
hess item is 0.029089048504829407
2750	0.205	0.898	0.428	0.395
2760	0.203	0.904	0.429	0.395
2770	0.203	0.899	0.429	0.395
2780	0.200	0.909	0.426	0.398
2790	0.200	0.904	0.427	0.395
eigenvalues:  tensor([43.1514, 36.0667])
hess item is 0.030176974833011627
2800	0.202	0.903	0.429	0.397
2810	0.201	0.904	0.431	0.396
2820	0.197	0.911	0.427	0.400
2830	0.198	0.912	0.428	0.396
2840	0.197	0.910	0.428	0.396
eigenvalues:  tensor([44.0455, 36.3181])
hess item is 0.028964152559638023
2850	0.198	0.906	0.431	0.400
2860	0.197	0.913	0.429	0.396
2870	0.199	0.904	0.432	0.398
2880	0.198	0.908	0.432	0.394
2890	0.194	0.914	0.429	0.399
eigenvalues:  tensor([44.1743, 36.4588])
hess item is 0.02851768210530281
2900	0.196	0.907	0.430	0.401
2910	0.197	0.910	0.433	0.392
2920	0.193	0.913	0.430	0.396
2930	0.196	0.909	0.433	0.397
2940	0.196	0.910	0.433	0.397
eigenvalues:  tensor([44.2893, 36.2807])
hess item is 0.028373435139656067
2950	0.192	0.918	0.432	0.393
2960	0.191	0.917	0.432	0.398
2970	0.190	0.918	0.431	0.396
2980	0.189	0.917	0.431	0.401
2990	0.193	0.916	0.435	0.391
eigenvalues:  tensor([44.1625, 36.6488])
hess item is 0.029833244159817696
3000	0.192	0.915	0.435	0.395
3010	0.189	0.922	0.433	0.394
3020	0.190	0.917	0.434	0.391
3030	0.191	0.916	0.436	0.393
3040	0.189	0.921	0.436	0.398
eigenvalues:  tensor([44.9077, 36.5284])
hess item is 0.030374761670827866
3050	0.187	0.924	0.434	0.400
3060	0.188	0.920	0.435	0.394
3070	0.187	0.922	0.435	0.395
3080	0.185	0.923	0.434	0.399
3090	0.185	0.925	0.434	0.396
eigenvalues:  tensor([45.0248, 36.4677])
hess item is 0.029861927032470703
3100	0.185	0.925	0.435	0.397
3110	0.185	0.920	0.436	0.395
3120	0.187	0.924	0.439	0.391
3130	0.183	0.926	0.435	0.398
3140	0.182	0.929	0.435	0.399
eigenvalues:  tensor([45.0512, 36.6303])
hess item is 0.029413506388664246
3150	0.182	0.930	0.436	0.393
3160	0.184	0.926	0.438	0.393
3170	0.185	0.926	0.441	0.389
3180	0.181	0.931	0.437	0.392
3190	0.180	0.933	0.438	0.391
eigenvalues:  tensor([45.0171, 36.7177])
hess item is 0.030518552288413048
3200	0.181	0.929	0.438	0.391
3210	0.183	0.927	0.441	0.390
3220	0.180	0.928	0.438	0.393
3230	0.179	0.935	0.438	0.392
3240	0.180	0.928	0.439	0.394
eigenvalues:  tensor([45.0430, 36.6763])
hess item is 0.029138997197151184
3250	0.179	0.932	0.439	0.393
3260	0.179	0.930	0.441	0.394
3270	0.181	0.930	0.442	0.387
3280	0.177	0.936	0.439	0.394
3290	0.177	0.932	0.440	0.393
eigenvalues:  tensor([45.9467, 36.8677])
hess item is 0.03114515356719494
3300	0.177	0.935	0.440	0.390
3310	0.176	0.934	0.440	0.392
3320	0.176	0.932	0.441	0.397
3330	0.177	0.932	0.443	0.389
3340	0.178	0.934	0.444	0.392
eigenvalues:  tensor([45.7254, 36.8959])
hess item is 0.03062010183930397
3350	0.175	0.936	0.441	0.392
3360	0.175	0.937	0.443	0.390
3370	0.173	0.939	0.441	0.391
3380	0.174	0.934	0.442	0.391
3390	0.175	0.936	0.444	0.391
eigenvalues:  tensor([45.6430, 36.9212])
hess item is 0.030041813850402832
3400	0.175	0.936	0.444	0.389
3410	0.173	0.933	0.444	0.389
3420	0.172	0.937	0.443	0.392
3430	0.173	0.939	0.446	0.389
3440	0.175	0.934	0.448	0.380
eigenvalues:  tensor([46.4071, 37.1666])
hess item is 0.03027607686817646
3450	0.171	0.938	0.443	0.391
3460	0.169	0.943	0.443	0.392
3470	0.171	0.941	0.446	0.388
3480	0.171	0.941	0.446	0.388
3490	0.169	0.944	0.444	0.390
eigenvalues:  tensor([46.5787, 36.9943])
hess item is 0.030995668843388557
3500	0.167	0.947	0.443	0.393
3510	0.170	0.940	0.446	0.388
3520	0.170	0.942	0.448	0.388
3530	0.168	0.940	0.447	0.391
3540	0.166	0.946	0.445	0.390
eigenvalues:  tensor([46.4826, 37.2653])
hess item is 0.03273453563451767
3550	0.168	0.940	0.448	0.389
3560	0.167	0.944	0.447	0.389
3570	0.168	0.942	0.448	0.389
3580	0.167	0.946	0.448	0.389
3590	0.165	0.945	0.446	0.392
eigenvalues:  tensor([46.9373, 37.2399])
hess item is 0.03153282776474953
3600	0.165	0.949	0.447	0.386
3610	0.167	0.944	0.450	0.387
3620	0.165	0.947	0.448	0.391
3630	0.166	0.946	0.449	0.391
3640	0.163	0.951	0.448	0.391
eigenvalues:  tensor([47.4370, 37.1815])
hess item is 0.030636388808488846
3650	0.162	0.949	0.447	0.391
3660	0.164	0.947	0.450	0.388
3670	0.165	0.945	0.452	0.386
3680	0.163	0.947	0.451	0.389
3690	0.163	0.949	0.450	0.389
eigenvalues:  tensor([47.2724, 37.4573])
hess item is 0.03129817172884941
3700	0.161	0.950	0.450	0.387
3710	0.163	0.950	0.451	0.387
3720	0.161	0.949	0.450	0.389
3730	0.161	0.951	0.451	0.389
3740	0.159	0.950	0.450	0.388
eigenvalues:  tensor([46.8342, 37.5243])
hess item is 0.03093593753874302
3750	0.163	0.946	0.454	0.385
3760	0.159	0.952	0.451	0.390
3770	0.161	0.949	0.453	0.388
3780	0.159	0.953	0.452	0.386
3790	0.159	0.954	0.453	0.392
eigenvalues:  tensor([47.2062, 37.8039])
hess item is 0.02957497537136078
3800	0.161	0.945	0.456	0.389
3810	0.162	0.949	0.457	0.383
3820	0.157	0.954	0.453	0.389
3830	0.158	0.949	0.454	0.387
3840	0.156	0.956	0.453	0.389
eigenvalues:  tensor([48.0530, 37.8493])
hess item is 0.030057979747653008
3850	0.157	0.956	0.454	0.384
3860	0.160	0.948	0.459	0.385
3870	0.157	0.954	0.455	0.389
3880	0.158	0.949	0.457	0.383
3890	0.154	0.957	0.453	0.389
eigenvalues:  tensor([48.3261, 37.7887])
hess item is 0.03227866441011429
3900	0.154	0.956	0.455	0.387
3910	0.155	0.953	0.455	0.384
3920	0.154	0.958	0.455	0.388
3930	0.153	0.957	0.454	0.389
3940	0.153	0.956	0.455	0.389
eigenvalues:  tensor([48.0334, 37.7977])
hess item is 0.030765656381845474
3950	0.157	0.952	0.460	0.384
3960	0.156	0.951	0.460	0.386
3970	0.153	0.955	0.456	0.387
3980	0.156	0.953	0.460	0.387
3990	0.154	0.953	0.458	0.383
eigenvalues:  tensor([48.5775, 38.0833])
hess item is 0.03227978199720383
4000	0.153	0.954	0.459	0.386
4010	0.151	0.959	0.457	0.386
4020	0.152	0.956	0.457	0.384
4030	0.151	0.957	0.458	0.386
4040	0.151	0.959	0.458	0.387
eigenvalues:  tensor([48.9998, 38.0164])
hess item is 0.032806336879730225
4050	0.151	0.957	0.458	0.384
4060	0.151	0.957	0.460	0.380
4070	0.149	0.958	0.458	0.388
4080	0.150	0.959	0.459	0.386
4090	0.149	0.960	0.460	0.386
eigenvalues:  tensor([49.5269, 38.0345])
hess item is 0.03196330741047859
4100	0.150	0.960	0.461	0.383
4110	0.150	0.964	0.461	0.384
4120	0.147	0.964	0.460	0.384
4130	0.150	0.960	0.463	0.384
4140	0.150	0.960	0.461	0.383
eigenvalues:  tensor([49.2289, 38.1340])
hess item is 0.032600514590740204
4150	0.146	0.963	0.459	0.389
4160	0.148	0.961	0.461	0.387
4170	0.149	0.959	0.463	0.386
4180	0.145	0.965	0.461	0.387
4190	0.147	0.961	0.461	0.387
eigenvalues:  tensor([49.2477, 38.2774])
hess item is 0.03226534277200699
4200	0.146	0.962	0.461	0.382
4210	0.145	0.961	0.461	0.383
4220	0.147	0.962	0.463	0.386
4230	0.147	0.962	0.464	0.380
4240	0.148	0.958	0.465	0.381
eigenvalues:  tensor([49.6756, 38.3538])
hess item is 0.03303665295243263
4250	0.142	0.965	0.461	0.387
4260	0.145	0.961	0.463	0.383
4270	0.145	0.963	0.464	0.384
4280	0.145	0.964	0.464	0.381
4290	0.143	0.963	0.464	0.384
eigenvalues:  tensor([49.7265, 38.5779])
hess item is 0.033336903899908066
4300	0.144	0.962	0.465	0.383
4310	0.144	0.962	0.465	0.382
4320	0.142	0.963	0.464	0.383
4330	0.143	0.964	0.465	0.382
4340	0.141	0.967	0.464	0.380
eigenvalues:  tensor([49.8497, 38.3559])
hess item is 0.03457511216402054
4350	0.143	0.967	0.466	0.384
4360	0.141	0.965	0.464	0.384
4370	0.140	0.967	0.464	0.385
4380	0.142	0.967	0.467	0.383
4390	0.140	0.969	0.465	0.384
eigenvalues:  tensor([49.3793, 38.6215])
hess item is 0.03310078755021095
4400	0.143	0.962	0.468	0.381
4410	0.140	0.966	0.466	0.385
4420	0.141	0.967	0.467	0.385
4430	0.139	0.970	0.466	0.385
4440	0.141	0.964	0.469	0.381
eigenvalues:  tensor([50.4773, 38.6180])
hess item is 0.033284541219472885
4450	0.141	0.966	0.468	0.381
4460	0.141	0.965	0.469	0.383
4470	0.140	0.964	0.468	0.384
4480	0.138	0.967	0.468	0.380
4490	0.140	0.964	0.470	0.380
eigenvalues:  tensor([50.4637, 38.8122])
hess item is 0.033066749572753906
4500	0.137	0.969	0.467	0.381
4510	0.137	0.968	0.468	0.380
4520	0.139	0.966	0.471	0.378
4530	0.140	0.967	0.471	0.380
4540	0.140	0.967	0.472	0.380
eigenvalues:  tensor([50.7622, 39.2234])
hess item is 0.033388104289770126
4550	0.137	0.968	0.470	0.386
4560	0.138	0.964	0.471	0.380
4570	0.135	0.969	0.468	0.381
4580	0.139	0.964	0.472	0.380
4590	0.135	0.970	0.470	0.380
eigenvalues:  tensor([50.7272, 39.2208])
hess item is 0.033392470329999924
4600	0.135	0.968	0.469	0.379
4610	0.137	0.969	0.472	0.379
4620	0.138	0.966	0.474	0.382
4630	0.137	0.969	0.473	0.379
4640	0.134	0.972	0.470	0.380
eigenvalues:  tensor([50.8713, 39.6405])
hess item is 0.0347537100315094
4650	0.137	0.965	0.474	0.381
4660	0.137	0.967	0.474	0.382
4670	0.134	0.972	0.473	0.377
4680	0.134	0.972	0.472	0.376
4690	0.132	0.971	0.471	0.380
eigenvalues:  tensor([51.1145, 39.4692])
hess item is 0.03452080488204956
4700	0.133	0.971	0.471	0.379
4710	0.134	0.970	0.475	0.380
4720	0.134	0.970	0.475	0.377
4730	0.131	0.972	0.473	0.382
4740	0.136	0.972	0.476	0.378
eigenvalues:  tensor([51.1491, 39.5219])
hess item is 0.034177277237176895
4750	0.132	0.971	0.473	0.378
4760	0.130	0.975	0.472	0.381
4770	0.132	0.971	0.473	0.380
4780	0.132	0.972	0.475	0.379
4790	0.130	0.974	0.473	0.379
eigenvalues:  tensor([51.4915, 39.6714])
hess item is 0.032981157302856445
4800	0.130	0.971	0.473	0.380
4810	0.133	0.972	0.476	0.380
4820	0.135	0.970	0.479	0.378
4830	0.132	0.971	0.475	0.378
4840	0.131	0.974	0.476	0.381
eigenvalues:  tensor([51.8728, 39.8997])
hess item is 0.03481242060661316
4850	0.131	0.973	0.476	0.379
4860	0.128	0.973	0.475	0.378
4870	0.130	0.974	0.475	0.380
4880	0.128	0.977	0.475	0.378
4890	0.136	0.967	0.482	0.379
eigenvalues:  tensor([51.7130, 39.9323])
hess item is 0.03397618979215622
4900	0.129	0.974	0.477	0.376
4910	0.131	0.972	0.479	0.376
4920	0.129	0.972	0.478	0.379
4930	0.130	0.973	0.480	0.376
4940	0.127	0.975	0.477	0.376
eigenvalues:  tensor([52.4081, 40.1305])
hess item is 0.03461642935872078
4950	0.128	0.975	0.479	0.378
4960	0.129	0.974	0.479	0.379
4970	0.127	0.974	0.478	0.375
4980	0.128	0.974	0.480	0.375
4990	0.127	0.975	0.478	0.378
eigenvalues:  tensor([51.8502, 40.1308])
hess item is 0.03528754785656929
5000	0.128	0.973	0.480	0.375
5010	0.128	0.972	0.481	0.375
5020	0.126	0.977	0.478	0.378
5030	0.125	0.976	0.479	0.378
5040	0.128	0.972	0.481	0.375
eigenvalues:  tensor([52.1739, 40.0523])
hess item is 0.03530015051364899
5050	0.128	0.973	0.481	0.376
5060	0.126	0.975	0.480	0.377
5070	0.129	0.972	0.483	0.377
5080	0.125	0.975	0.480	0.379
5090	0.125	0.975	0.481	0.379
eigenvalues:  tensor([52.3566, 40.4928])
hess item is 0.0360199436545372
5100	0.126	0.975	0.481	0.376
5110	0.125	0.973	0.483	0.375
5120	0.125	0.976	0.481	0.377
5130	0.128	0.975	0.485	0.371
5140	0.127	0.974	0.485	0.376
eigenvalues:  tensor([52.6995, 40.6251])
hess item is 0.0341767892241478
5150	0.124	0.976	0.482	0.375
5160	0.126	0.976	0.484	0.377
5170	0.123	0.980	0.482	0.375
5180	0.125	0.973	0.484	0.373
5190	0.123	0.977	0.482	0.378
eigenvalues:  tensor([53.0210, 40.6792])
hess item is 0.034115713089704514
5200	0.123	0.978	0.483	0.372
5210	0.124	0.975	0.484	0.373
5220	0.124	0.976	0.485	0.376
5230	0.121	0.978	0.483	0.377
5240	0.122	0.976	0.484	0.377
eigenvalues:  tensor([52.9352, 40.9320])
hess item is 0.033377137035131454
5250	0.123	0.976	0.485	0.375
5260	0.121	0.979	0.483	0.376
5270	0.125	0.977	0.487	0.372
5280	0.122	0.979	0.485	0.375
5290	0.122	0.976	0.485	0.371
eigenvalues:  tensor([53.1807, 40.9585])
hess item is 0.034297529608011246
5300	0.122	0.979	0.486	0.372
5310	0.122	0.980	0.486	0.374
5320	0.120	0.980	0.485	0.373
5330	0.120	0.979	0.485	0.377
5340	0.122	0.977	0.488	0.372
eigenvalues:  tensor([53.0375, 40.8557])
hess item is 0.03421551734209061
5350	0.121	0.977	0.487	0.375
5360	0.120	0.978	0.487	0.379
5370	0.121	0.980	0.487	0.372
5380	0.120	0.978	0.487	0.371
5390	0.120	0.978	0.487	0.373
eigenvalues:  tensor([52.5745, 41.3032])
hess item is 0.036185700446367264
5400	0.121	0.976	0.488	0.374
5410	0.119	0.976	0.487	0.373
5420	0.118	0.979	0.486	0.373
5430	0.117	0.980	0.486	0.377
5440	0.120	0.979	0.488	0.372
eigenvalues:  tensor([52.9784, 41.0797])
hess item is 0.03577510640025139
5450	0.117	0.980	0.487	0.378
5460	0.117	0.980	0.487	0.370
5470	0.120	0.980	0.491	0.372
5480	0.117	0.979	0.488	0.372
5490	0.121	0.978	0.491	0.372
eigenvalues:  tensor([53.7218, 41.1742])
hess item is 0.03288900479674339
5500	0.118	0.981	0.490	0.375
5510	0.119	0.977	0.491	0.370
5520	0.123	0.976	0.496	0.370
5530	0.115	0.981	0.488	0.377
5540	0.116	0.979	0.489	0.375
eigenvalues:  tensor([53.3928, 41.4204])
hess item is 0.03358259052038193
5550	0.118	0.979	0.492	0.373
5560	0.118	0.981	0.492	0.371
5570	0.116	0.980	0.490	0.374
5580	0.121	0.979	0.495	0.367
5590	0.119	0.978	0.492	0.368
eigenvalues:  tensor([53.4169, 41.4655])
hess item is 0.035273537039756775
5600	0.116	0.981	0.491	0.373
5610	0.116	0.982	0.490	0.376
5620	0.116	0.980	0.491	0.371
5630	0.115	0.980	0.492	0.373
5640	0.114	0.981	0.490	0.374
eigenvalues:  tensor([53.9263, 41.8081])
hess item is 0.035244833678007126
5650	0.114	0.982	0.491	0.373
5660	0.115	0.982	0.491	0.371
5670	0.114	0.979	0.492	0.370
5680	0.114	0.982	0.492	0.371
5690	0.114	0.983	0.491	0.375
eigenvalues:  tensor([53.7758, 41.7234])
hess item is 0.036142680794000626
5700	0.115	0.980	0.493	0.373
5710	0.117	0.981	0.495	0.370
5720	0.112	0.982	0.491	0.372
5730	0.115	0.981	0.495	0.370
5740	0.113	0.983	0.493	0.371
eigenvalues:  tensor([54.1760, 41.8730])
hess item is 0.03441396728157997
5750	0.112	0.984	0.492	0.371
5760	0.112	0.982	0.493	0.373
5770	0.112	0.985	0.493	0.372
5780	0.114	0.980	0.495	0.370
5790	0.111	0.984	0.492	0.373
eigenvalues:  tensor([54.6184, 41.9353])
hess item is 0.035001300275325775
5800	0.112	0.983	0.494	0.368
5810	0.113	0.983	0.495	0.370
5820	0.110	0.983	0.492	0.373
5830	0.114	0.982	0.496	0.367
5840	0.114	0.982	0.496	0.368
eigenvalues:  tensor([53.5219, 41.8065])
hess item is 0.03446993976831436
5850	0.116	0.978	0.498	0.368
5860	0.110	0.982	0.494	0.370
5870	0.112	0.981	0.497	0.370
5880	0.111	0.983	0.495	0.371
5890	0.109	0.983	0.494	0.370
eigenvalues:  tensor([54.3505, 42.2390])
hess item is 0.03492714837193489
5900	0.110	0.984	0.494	0.368
5910	0.111	0.980	0.497	0.367
5920	0.114	0.982	0.498	0.369
5930	0.109	0.984	0.495	0.370
5940	0.112	0.981	0.498	0.366
eigenvalues:  tensor([54.0354, 42.4374])
hess item is 0.035416699945926666
5950	0.115	0.978	0.501	0.366
5960	0.110	0.985	0.496	0.368
5970	0.111	0.982	0.498	0.372
5980	0.108	0.985	0.495	0.369
5990	0.108	0.983	0.496	0.369
eigenvalues:  tensor([54.4465, 42.4369])
hess item is 0.03459997847676277
6000	0.109	0.985	0.497	0.363
6010	0.108	0.986	0.497	0.369
6020	0.108	0.984	0.497	0.371
6030	0.111	0.981	0.500	0.368
6040	0.109	0.985	0.497	0.368
eigenvalues:  tensor([54.8337, 42.5532])
hess item is 0.034223247319459915
6050	0.107	0.984	0.497	0.368
6060	0.108	0.983	0.498	0.370
6070	0.108	0.985	0.498	0.369
6080	0.107	0.983	0.498	0.369
6090	0.107	0.982	0.498	0.369
eigenvalues:  tensor([54.5760, 42.7565])
hess item is 0.03564226254820824
6100	0.109	0.982	0.501	0.368
6110	0.111	0.981	0.503	0.368
6120	0.107	0.983	0.499	0.367
6130	0.108	0.985	0.500	0.368
6140	0.105	0.985	0.497	0.369
eigenvalues:  tensor([54.5299, 42.9078])
hess item is 0.03515520691871643
6150	0.108	0.983	0.500	0.366
6160	0.107	0.982	0.501	0.367
6170	0.106	0.986	0.499	0.370
6180	0.108	0.984	0.502	0.369
6190	0.109	0.983	0.501	0.368
eigenvalues:  tensor([54.5752, 42.6021])
hess item is 0.037406764924526215
6200	0.107	0.985	0.502	0.366
6210	0.106	0.985	0.500	0.367
6220	0.107	0.984	0.503	0.366
6230	0.105	0.986	0.499	0.370
6240	0.105	0.985	0.500	0.369
eigenvalues:  tensor([54.9354, 42.9058])
hess item is 0.03654053062200546
6250	0.105	0.985	0.501	0.369
6260	0.104	0.988	0.500	0.371
6270	0.105	0.986	0.501	0.368
6280	0.104	0.987	0.501	0.370
6290	0.104	0.984	0.501	0.371
eigenvalues:  tensor([54.7288, 42.8964])
hess item is 0.03531026095151901
6300	0.104	0.986	0.501	0.367
6310	0.105	0.986	0.503	0.367
6320	0.103	0.985	0.501	0.368
6330	0.105	0.985	0.504	0.364
6340	0.105	0.987	0.503	0.363
eigenvalues:  tensor([55.1589, 43.1455])
hess item is 0.034581258893013
6350	0.103	0.986	0.501	0.367
6360	0.107	0.984	0.507	0.362
6370	0.107	0.985	0.506	0.363
6380	0.106	0.986	0.506	0.365
6390	0.102	0.986	0.502	0.367
eigenvalues:  tensor([55.1728, 43.3136])
hess item is 0.03638754040002823
6400	0.106	0.986	0.505	0.368
6410	0.105	0.986	0.505	0.363
6420	0.104	0.985	0.505	0.369
6430	0.102	0.988	0.503	0.365
6440	0.103	0.985	0.504	0.365
eigenvalues:  tensor([55.4973, 43.4368])
hess item is 0.036686010658741
6450	0.104	0.986	0.506	0.365
6460	0.103	0.985	0.506	0.366
6470	0.102	0.987	0.503	0.367
6480	0.103	0.985	0.506	0.370
6490	0.106	0.985	0.509	0.362
eigenvalues:  tensor([55.3691, 43.8373])
hess item is 0.03628993779420853
6500	0.104	0.985	0.506	0.366
6510	0.105	0.983	0.507	0.365
6520	0.103	0.987	0.506	0.363
6530	0.101	0.986	0.505	0.368
6540	0.102	0.986	0.506	0.369
eigenvalues:  tensor([55.4907, 43.3625])
hess item is 0.03637359291315079
6550	0.105	0.986	0.509	0.367
6560	0.100	0.988	0.505	0.366
6570	0.101	0.986	0.506	0.366
6580	0.101	0.988	0.506	0.368
6590	0.100	0.988	0.506	0.363
eigenvalues:  tensor([55.2669, 43.7357])
hess item is 0.03717834874987602
6600	0.100	0.986	0.506	0.366
6610	0.100	0.987	0.506	0.366
6620	0.101	0.988	0.508	0.365
6630	0.104	0.987	0.509	0.368
6640	0.105	0.985	0.510	0.362
eigenvalues:  tensor([55.5868, 43.8498])
hess item is 0.037900734692811966
6650	0.100	0.988	0.507	0.365
6660	0.100	0.987	0.508	0.364
6670	0.098	0.988	0.506	0.365
6680	0.100	0.988	0.507	0.365
6690	0.100	0.988	0.508	0.367
eigenvalues:  tensor([55.1487, 43.6803])
hess item is 0.03670792654156685
6700	0.099	0.987	0.507	0.364
6710	0.098	0.988	0.507	0.365
6720	0.098	0.987	0.508	0.366
6730	0.099	0.988	0.509	0.365
6740	0.098	0.988	0.507	0.367
eigenvalues:  tensor([55.5333, 43.8763])
hess item is 0.03580068051815033
6750	0.098	0.988	0.507	0.367
6760	0.101	0.988	0.511	0.360
6770	0.098	0.990	0.509	0.361
6780	0.102	0.986	0.513	0.362
6790	0.100	0.986	0.511	0.364
eigenvalues:  tensor([55.5714, 44.0891])
hess item is 0.0360698439180851
6800	0.098	0.988	0.509	0.361
6810	0.100	0.987	0.511	0.364
6820	0.098	0.987	0.510	0.363
6830	0.098	0.988	0.509	0.364
6840	0.099	0.987	0.510	0.362
eigenvalues:  tensor([55.8007, 44.3313])
hess item is 0.037781763821840286
6850	0.097	0.988	0.509	0.368
6860	0.097	0.989	0.509	0.364
6870	0.097	0.989	0.509	0.364
6880	0.096	0.987	0.509	0.366
6890	0.096	0.989	0.508	0.364
eigenvalues:  tensor([55.6502, 44.1454])
hess item is 0.03671223670244217
6900	0.096	0.991	0.509	0.364
6910	0.096	0.989	0.510	0.363
6920	0.100	0.986	0.513	0.361
6930	0.096	0.988	0.510	0.365
6940	0.095	0.991	0.510	0.361
eigenvalues:  tensor([55.2987, 44.2325])
hess item is 0.037481069564819336
6950	0.097	0.989	0.511	0.362
6960	0.095	0.988	0.511	0.361
6970	0.098	0.987	0.513	0.363
6980	0.096	0.988	0.511	0.367
6990	0.097	0.989	0.512	0.362
eigenvalues:  tensor([55.8146, 44.3737])
hess item is 0.03860470652580261
7000	0.095	0.990	0.510	0.362
7010	0.098	0.988	0.513	0.364
7020	0.095	0.989	0.511	0.361
7030	0.098	0.986	0.514	0.362
7040	0.097	0.987	0.512	0.364
eigenvalues:  tensor([55.7591, 44.3439])
hess item is 0.03875350207090378
7050	0.096	0.989	0.514	0.360
7060	0.094	0.990	0.512	0.363
7070	0.096	0.988	0.514	0.360
7080	0.094	0.989	0.511	0.367
7090	0.095	0.989	0.513	0.363
eigenvalues:  tensor([55.1817, 44.2518])
hess item is 0.037545282393693924
7100	0.094	0.989	0.512	0.364
7110	0.093	0.990	0.512	0.360
7120	0.094	0.990	0.513	0.361
7130	0.094	0.991	0.514	0.363
7140	0.094	0.990	0.513	0.361
eigenvalues:  tensor([55.6402, 44.5731])
hess item is 0.036839503794908524
7150	0.094	0.990	0.513	0.363
7160	0.099	0.986	0.518	0.361
7170	0.094	0.990	0.514	0.364
7180	0.093	0.990	0.513	0.363
7190	0.095	0.988	0.516	0.362
eigenvalues:  tensor([55.3774, 44.7030])
hess item is 0.03780655935406685
7200	0.094	0.989	0.514	0.364
7210	0.094	0.991	0.515	0.362
7220	0.092	0.991	0.514	0.362
7230	0.093	0.989	0.515	0.361
7240	0.095	0.989	0.518	0.361
eigenvalues:  tensor([55.6944, 44.5585])
hess item is 0.03768092021346092
7250	0.092	0.990	0.515	0.359
7260	0.097	0.990	0.519	0.362
7270	0.094	0.990	0.516	0.360
7280	0.093	0.990	0.516	0.358
7290	0.094	0.990	0.517	0.361
eigenvalues:  tensor([55.9480, 45.0443])
hess item is 0.03601624071598053
7300	0.091	0.990	0.514	0.361
7310	0.093	0.988	0.516	0.359
7320	0.094	0.989	0.517	0.362
7330	0.092	0.989	0.516	0.358
7340	0.094	0.988	0.518	0.363
eigenvalues:  tensor([56.1368, 45.1837])
hess item is 0.036585185676813126
7350	0.094	0.991	0.518	0.361
7360	0.091	0.991	0.516	0.361
7370	0.091	0.990	0.516	0.364
7380	0.094	0.991	0.520	0.358
7390	0.093	0.989	0.518	0.359
eigenvalues:  tensor([56.1507, 45.0867])
hess item is 0.03666793927550316
7400	0.093	0.990	0.517	0.359
7410	0.092	0.990	0.518	0.359
7420	0.091	0.990	0.516	0.362
7430	0.091	0.990	0.518	0.358
7440	0.092	0.988	0.518	0.362
eigenvalues:  tensor([55.7695, 45.1726])
hess item is 0.037457577884197235
7450	0.090	0.991	0.516	0.358
7460	0.091	0.990	0.518	0.361
7470	0.093	0.987	0.520	0.361
7480	0.090	0.991	0.518	0.363
7490	0.092	0.988	0.519	0.360
eigenvalues:  tensor([55.5646, 45.2195])
hess item is 0.03862760588526726
7500	0.089	0.991	0.517	0.362
7510	0.090	0.990	0.518	0.359
7520	0.094	0.990	0.521	0.357
7530	0.090	0.991	0.518	0.359
7540	0.090	0.992	0.518	0.363
eigenvalues:  tensor([56.2946, 45.1093])
hess item is 0.03723867982625961
7550	0.089	0.991	0.519	0.359
7560	0.089	0.991	0.518	0.363
7570	0.092	0.988	0.522	0.361
7580	0.090	0.990	0.519	0.359
7590	0.088	0.991	0.518	0.363
eigenvalues:  tensor([56.0468, 45.3352])
hess item is 0.036801744252443314
7600	0.090	0.991	0.520	0.358
7610	0.089	0.991	0.519	0.362
7620	0.090	0.991	0.520	0.359
7630	0.088	0.991	0.519	0.359
7640	0.089	0.990	0.520	0.364
eigenvalues:  tensor([56.0536, 45.3848])
hess item is 0.03750484809279442
7650	0.088	0.992	0.518	0.357
7660	0.090	0.990	0.521	0.361
7670	0.092	0.989	0.523	0.355
7680	0.091	0.991	0.524	0.357
7690	0.090	0.992	0.522	0.356
eigenvalues:  tensor([56.4800, 45.6137])
hess item is 0.036888860166072845
7700	0.091	0.991	0.524	0.355
7710	0.088	0.991	0.520	0.359
7720	0.090	0.990	0.522	0.360
7730	0.088	0.992	0.520	0.359
7740	0.088	0.992	0.521	0.359
eigenvalues:  tensor([56.6518, 45.4961])
hess item is 0.037023793905973434
7750	0.089	0.992	0.523	0.356
7760	0.087	0.992	0.521	0.359
7770	0.087	0.991	0.522	0.360
7780	0.088	0.989	0.522	0.358
7790	0.087	0.992	0.522	0.358
eigenvalues:  tensor([56.2677, 45.4569])
hess item is 0.036572955548763275
7800	0.087	0.992	0.521	0.355
7810	0.086	0.992	0.521	0.356
7820	0.087	0.991	0.522	0.362
7830	0.087	0.992	0.522	0.357
7840	0.087	0.991	0.523	0.356
eigenvalues:  tensor([55.9838, 45.8638])
hess item is 0.03712286800146103
7850	0.090	0.988	0.525	0.357
7860	0.088	0.992	0.524	0.355
7870	0.087	0.991	0.523	0.361
7880	0.086	0.992	0.523	0.358
7890	0.087	0.991	0.524	0.357
eigenvalues:  tensor([56.5353, 45.5766])
hess item is 0.03709185868501663
7900	0.087	0.992	0.523	0.360
7910	0.086	0.992	0.522	0.361
7920	0.087	0.990	0.524	0.355
7930	0.089	0.990	0.527	0.355
7940	0.087	0.992	0.525	0.357
eigenvalues:  tensor([56.5682, 45.7937])
hess item is 0.0366392582654953
7950	0.087	0.992	0.524	0.357
7960	0.087	0.992	0.526	0.356
7970	0.090	0.990	0.528	0.353
7980	0.088	0.989	0.526	0.358
7990	0.084	0.993	0.523	0.358
eigenvalues:  tensor([56.3295, 45.6505])
hess item is 0.037259798496961594
8000	0.087	0.992	0.526	0.354
8010	0.085	0.992	0.524	0.360
8020	0.085	0.991	0.523	0.358
8030	0.088	0.991	0.527	0.356
8040	0.086	0.992	0.525	0.358
eigenvalues:  tensor([56.2810, 45.7806])
hess item is 0.037830714136362076
8050	0.084	0.992	0.523	0.357
8060	0.085	0.993	0.524	0.358
8070	0.087	0.992	0.527	0.353
8080	0.085	0.992	0.525	0.357
8090	0.085	0.992	0.525	0.358
eigenvalues:  tensor([56.1685, 45.7533])
hess item is 0.03891622647643089
8100	0.083	0.993	0.523	0.360
8110	0.083	0.992	0.524	0.357
8120	0.085	0.993	0.527	0.356
8130	0.083	0.992	0.524	0.356
8140	0.083	0.993	0.525	0.357
eigenvalues:  tensor([56.2121, 45.6790])
hess item is 0.03743670880794525
8150	0.084	0.992	0.526	0.355
8160	0.086	0.991	0.527	0.355
8170	0.084	0.993	0.526	0.359
8180	0.084	0.994	0.526	0.356
8190	0.084	0.991	0.527	0.354
eigenvalues:  tensor([56.6663, 45.8442])
hess item is 0.036405354738235474
8200	0.083	0.993	0.526	0.358
8210	0.085	0.992	0.529	0.352
8220	0.083	0.993	0.526	0.359
8230	0.084	0.993	0.527	0.359
8240	0.088	0.990	0.532	0.356
eigenvalues:  tensor([56.5668, 45.9860])
hess item is 0.037403207272291183
8250	0.084	0.992	0.528	0.360
8260	0.085	0.992	0.529	0.353
8270	0.083	0.992	0.528	0.353
8280	0.085	0.991	0.529	0.357
8290	0.084	0.993	0.529	0.359
eigenvalues:  tensor([56.4323, 46.0869])
hess item is 0.03816191852092743
8300	0.081	0.992	0.526	0.357
8310	0.087	0.990	0.533	0.358
8320	0.083	0.993	0.528	0.359
8330	0.081	0.993	0.527	0.358
8340	0.083	0.993	0.529	0.354
eigenvalues:  tensor([56.7796, 46.1099])
hess item is 0.03750825300812721
8350	0.082	0.994	0.528	0.354
8360	0.082	0.992	0.529	0.360
8370	0.084	0.993	0.531	0.350
8380	0.082	0.993	0.528	0.359
8390	0.083	0.993	0.530	0.358
eigenvalues:  tensor([56.6495, 46.2594])
hess item is 0.03663789480924606
8400	0.084	0.992	0.530	0.356
8410	0.084	0.992	0.531	0.352
8420	0.083	0.991	0.529	0.356
8430	0.082	0.993	0.529	0.356
8440	0.085	0.992	0.533	0.352
eigenvalues:  tensor([56.3329, 46.2604])
hess item is 0.03724697604775429
8450	0.082	0.992	0.530	0.355
8460	0.080	0.993	0.528	0.357
8470	0.082	0.993	0.530	0.353
8480	0.083	0.992	0.531	0.357
8490	0.082	0.994	0.530	0.356
eigenvalues:  tensor([56.9889, 46.3968])
hess item is 0.03573958948254585
8500	0.080	0.993	0.528	0.355
8510	0.081	0.993	0.530	0.354
8520	0.081	0.993	0.530	0.357
8530	0.082	0.992	0.530	0.357
8540	0.079	0.993	0.528	0.355
eigenvalues:  tensor([56.8735, 46.4829])
hess item is 0.037465181201696396
8550	0.082	0.993	0.531	0.356
8560	0.080	0.993	0.530	0.356
8570	0.080	0.993	0.529	0.354
8580	0.080	0.994	0.529	0.356
8590	0.082	0.992	0.532	0.355
eigenvalues:  tensor([56.1829, 46.0352])
hess item is 0.03908941522240639
8600	0.081	0.993	0.532	0.358
8610	0.081	0.991	0.531	0.359
8620	0.082	0.992	0.532	0.354
8630	0.082	0.992	0.533	0.353
8640	0.080	0.994	0.530	0.355
eigenvalues:  tensor([56.3736, 45.9662])
hess item is 0.03838042542338371
8650	0.083	0.992	0.534	0.355
8660	0.080	0.993	0.531	0.355
8670	0.080	0.994	0.531	0.357
8680	0.079	0.994	0.531	0.356
8690	0.081	0.992	0.532	0.356
eigenvalues:  tensor([56.4644, 46.0678])
hess item is 0.037643127143383026
8700	0.079	0.994	0.531	0.352
8710	0.082	0.993	0.534	0.354
8720	0.079	0.993	0.532	0.351
8730	0.078	0.994	0.530	0.354
8740	0.078	0.995	0.530	0.356
eigenvalues:  tensor([56.7774, 46.1939])
hess item is 0.0377255454659462
8750	0.080	0.994	0.533	0.350
8760	0.078	0.993	0.531	0.353
8770	0.081	0.993	0.534	0.352
8780	0.080	0.993	0.533	0.354
8790	0.079	0.994	0.532	0.357
eigenvalues:  tensor([56.4666, 46.4544])
hess item is 0.03670770302414894
8800	0.079	0.993	0.532	0.355
8810	0.078	0.994	0.531	0.355
8820	0.078	0.994	0.532	0.357
8830	0.080	0.992	0.534	0.357
8840	0.078	0.992	0.532	0.355
eigenvalues:  tensor([55.5327, 46.2114])
hess item is 0.03803272917866707
8850	0.081	0.992	0.535	0.357
8860	0.077	0.994	0.532	0.351
8870	0.077	0.994	0.532	0.352
8880	0.079	0.994	0.534	0.356
8890	0.077	0.994	0.532	0.355
eigenvalues:  tensor([57.0754, 46.5450])
hess item is 0.036385200917720795
8900	0.077	0.994	0.533	0.352
8910	0.079	0.993	0.534	0.354
8920	0.079	0.993	0.535	0.353
8930	0.080	0.993	0.536	0.353
8940	0.077	0.994	0.532	0.354
eigenvalues:  tensor([56.3617, 46.2151])
hess item is 0.03749503567814827
8950	0.078	0.993	0.534	0.355
8960	0.076	0.993	0.532	0.351
8970	0.076	0.994	0.532	0.355
8980	0.077	0.994	0.534	0.357
8990	0.076	0.994	0.533	0.352
eigenvalues:  tensor([56.2105, 46.2354])
hess item is 0.0378914438188076
9000	0.079	0.992	0.535	0.355
9010	0.077	0.994	0.533	0.356
9020	0.077	0.993	0.534	0.354
9030	0.076	0.993	0.534	0.353
9040	0.076	0.994	0.534	0.353
eigenvalues:  tensor([56.2198, 46.5257])
hess item is 0.03631601855158806
9050	0.080	0.991	0.539	0.356
9060	0.078	0.994	0.536	0.353
9070	0.075	0.994	0.534	0.357
9080	0.075	0.994	0.534	0.353
9090	0.076	0.994	0.534	0.358
eigenvalues:  tensor([56.8200, 46.3384])
hess item is 0.03768991306424141
9100	0.076	0.994	0.535	0.355
9110	0.083	0.990	0.541	0.351
9120	0.075	0.994	0.534	0.351
9130	0.077	0.994	0.536	0.357
9140	0.077	0.994	0.536	0.355
eigenvalues:  tensor([56.3169, 46.5236])
hess item is 0.038931410759687424
9150	0.076	0.994	0.535	0.355
9160	0.076	0.995	0.535	0.353
9170	0.077	0.994	0.536	0.354
9180	0.076	0.993	0.537	0.355
9190	0.075	0.994	0.535	0.355
eigenvalues:  tensor([56.4523, 46.2807])
hess item is 0.03817310184240341
9200	0.079	0.993	0.539	0.349
9210	0.081	0.991	0.541	0.349
9220	0.076	0.995	0.537	0.353
9230	0.077	0.994	0.537	0.356
9240	0.077	0.994	0.537	0.353
eigenvalues:  tensor([57.0222, 46.6423])
hess item is 0.038451503962278366
9250	0.073	0.995	0.534	0.354
9260	0.073	0.994	0.534	0.353
9270	0.075	0.994	0.536	0.353
9280	0.074	0.994	0.536	0.352
9290	0.076	0.994	0.538	0.353
eigenvalues:  tensor([56.7269, 46.6028])
hess item is 0.03714554384350777
9300	0.076	0.993	0.538	0.353
9310	0.075	0.995	0.537	0.356
9320	0.077	0.994	0.538	0.355
9330	0.076	0.993	0.539	0.355
9340	0.076	0.993	0.539	0.355
eigenvalues:  tensor([57.0287, 46.7565])
hess item is 0.039322346448898315
9350	0.077	0.994	0.538	0.354
9360	0.075	0.993	0.537	0.353
9370	0.075	0.995	0.539	0.349
9380	0.074	0.994	0.537	0.352
9390	0.076	0.994	0.540	0.349
eigenvalues:  tensor([56.7672, 46.7127])
hess item is 0.03741167113184929
9400	0.073	0.994	0.536	0.355
9410	0.072	0.995	0.537	0.352
9420	0.075	0.995	0.539	0.351
9430	0.076	0.995	0.539	0.352
9440	0.075	0.995	0.539	0.355
eigenvalues:  tensor([56.5438, 46.6729])
hess item is 0.037965837866067886
9450	0.073	0.995	0.537	0.357
9460	0.074	0.994	0.538	0.353
9470	0.074	0.995	0.538	0.349
9480	0.072	0.994	0.536	0.354
9490	0.071	0.995	0.536	0.353
eigenvalues:  tensor([56.5382, 46.4945])
hess item is 0.03907756134867668
9500	0.073	0.995	0.539	0.350
9510	0.077	0.994	0.541	0.351
9520	0.074	0.994	0.539	0.350
9530	0.073	0.994	0.538	0.350
9540	0.073	0.994	0.539	0.356
eigenvalues:  tensor([56.9958, 46.7841])
hess item is 0.03743492439389229
9550	0.073	0.994	0.538	0.355
9560	0.075	0.995	0.542	0.349
9570	0.074	0.994	0.540	0.351
9580	0.073	0.994	0.539	0.351
9590	0.075	0.994	0.541	0.352
eigenvalues:  tensor([56.6032, 46.5570])
hess item is 0.03688136115670204
9600	0.072	0.994	0.539	0.353
9610	0.073	0.994	0.540	0.351
9620	0.073	0.995	0.540	0.351
9630	0.075	0.994	0.542	0.353
9640	0.073	0.995	0.540	0.352
eigenvalues:  tensor([56.2380, 46.4150])
hess item is 0.03841811791062355
9650	0.074	0.994	0.541	0.349
9660	0.072	0.994	0.539	0.354
9670	0.071	0.995	0.539	0.350
9680	0.072	0.995	0.539	0.353
9690	0.075	0.994	0.543	0.351
eigenvalues:  tensor([56.9986, 46.7511])
hess item is 0.03885629400610924
9700	0.071	0.995	0.539	0.354
9710	0.071	0.994	0.539	0.352
9720	0.071	0.995	0.539	0.355
9730	0.070	0.995	0.539	0.350
9740	0.071	0.995	0.539	0.355
eigenvalues:  tensor([57.2099, 46.8924])
hess item is 0.03645436838269234
9750	0.074	0.995	0.542	0.351
9760	0.073	0.994	0.542	0.351
9770	0.076	0.993	0.544	0.350
9780	0.072	0.995	0.541	0.352
9790	0.072	0.995	0.541	0.354
eigenvalues:  tensor([56.6906, 46.6718])
hess item is 0.03842626139521599
9800	0.071	0.994	0.541	0.354
9810	0.071	0.995	0.541	0.356
9820	0.071	0.994	0.541	0.353
9830	0.073	0.995	0.542	0.352
9840	0.073	0.995	0.543	0.350
eigenvalues:  tensor([57.0832, 46.6460])
hess item is 0.03715655952692032
9850	0.072	0.995	0.543	0.347
9860	0.070	0.996	0.540	0.351
9870	0.070	0.996	0.541	0.350
9880	0.072	0.996	0.543	0.350
9890	0.071	0.996	0.542	0.347
eigenvalues:  tensor([57.1310, 46.8643])
hess item is 0.036846183240413666
9900	0.072	0.994	0.543	0.352
9910	0.072	0.996	0.543	0.349
9920	0.074	0.993	0.545	0.348
9930	0.072	0.995	0.542	0.350
9940	0.074	0.995	0.547	0.347
eigenvalues:  tensor([56.2309, 46.4805])
hess item is 0.038543932139873505
9950	0.074	0.993	0.545	0.352
9960	0.070	0.996	0.542	0.349
9970	0.072	0.996	0.545	0.347
9980	0.070	0.996	0.542	0.352
9990	0.072	0.995	0.544	0.349
