device: cuda:5
output directory: RESULTS/cifar10-10k/fc-tanh/seed_0/mse/ivon/lr_0.0005_h0_0.9_post_10_alpha_100.0_beta2_0.99_beta_0.0_ess_1000000.0_ivon
Files already downloaded and verified
Files already downloaded and verified
optimizer is IVON
0	0.597	0.131	0.597	0.131
10	0.571	0.137	0.572	0.138
20	0.553	0.145	0.554	0.145
30	0.540	0.154	0.541	0.156
40	0.530	0.166	0.531	0.166
eigenvalues:  tensor([80.5642, 66.3864])
hess item is 0.5474568009376526
50	0.522	0.175	0.523	0.173
60	0.515	0.185	0.517	0.182
70	0.509	0.194	0.511	0.190
80	0.504	0.204	0.506	0.196
90	0.499	0.211	0.501	0.203
eigenvalues:  tensor([79.5770, 65.4116])
hess item is 0.33330610394477844
100	0.495	0.215	0.497	0.209
110	0.490	0.222	0.493	0.214
120	0.486	0.227	0.489	0.220
130	0.482	0.233	0.485	0.227
140	0.478	0.239	0.481	0.230
eigenvalues:  tensor([78.2071, 64.0009])
hess item is 0.20340703427791595
150	0.474	0.245	0.478	0.235
160	0.470	0.249	0.473	0.243
170	0.465	0.259	0.469	0.249
180	0.460	0.267	0.463	0.255
190	0.455	0.275	0.459	0.259
eigenvalues:  tensor([76.3310, 62.1647])
hess item is 0.12459853291511536
200	0.452	0.281	0.456	0.264
210	0.448	0.286	0.453	0.271
220	0.445	0.293	0.450	0.278
230	0.441	0.300	0.446	0.283
240	0.437	0.309	0.443	0.290
eigenvalues:  tensor([73.6658, 60.0479])
hess item is 0.07681000232696533
250	0.434	0.316	0.440	0.295
260	0.431	0.322	0.437	0.299
270	0.428	0.329	0.435	0.304
280	0.425	0.335	0.432	0.309
290	0.422	0.339	0.429	0.313
eigenvalues:  tensor([69.8176, 57.7390])
hess item is 0.04780329391360283
300	0.420	0.345	0.427	0.317
310	0.417	0.350	0.425	0.323
320	0.414	0.357	0.423	0.327
330	0.412	0.361	0.421	0.331
340	0.410	0.366	0.419	0.337
eigenvalues:  tensor([63.7944, 53.4054])
hess item is 0.03019617311656475
350	0.408	0.375	0.417	0.339
360	0.405	0.379	0.415	0.345
370	0.404	0.385	0.415	0.347
380	0.401	0.390	0.412	0.352
390	0.399	0.393	0.411	0.356
eigenvalues:  tensor([55.1811, 47.2953])
hess item is 0.01945759542286396
400	0.398	0.394	0.410	0.357
410	0.396	0.400	0.409	0.360
420	0.394	0.408	0.407	0.364
430	0.393	0.411	0.407	0.363
440	0.391	0.412	0.406	0.366
eigenvalues:  tensor([44.1468, 40.4583])
hess item is 0.012847899459302425
450	0.391	0.417	0.405	0.370
460	0.390	0.418	0.405	0.369
470	0.388	0.420	0.403	0.371
480	0.388	0.420	0.404	0.370
490	0.387	0.423	0.404	0.372
eigenvalues:  tensor([37.5788, 35.3297])
hess item is 0.008718091063201427
500	0.387	0.423	0.403	0.375
510	0.385	0.434	0.402	0.378
520	0.388	0.421	0.404	0.369
530	0.385	0.428	0.402	0.380
540	0.385	0.426	0.403	0.372
eigenvalues:  tensor([35.5981, 35.1063])
hess item is 0.006120346486568451
550	0.386	0.423	0.403	0.372
560	0.385	0.425	0.403	0.377
570	0.385	0.428	0.403	0.372
580	0.383	0.432	0.401	0.382
590	0.385	0.428	0.402	0.377
eigenvalues:  tensor([38.0226, 37.6830])
hess item is 0.004476004745811224
600	0.384	0.431	0.402	0.383
610	0.386	0.417	0.404	0.370
620	0.386	0.421	0.404	0.370
630	0.385	0.424	0.403	0.373
640	0.384	0.427	0.402	0.381
eigenvalues:  tensor([42.2398, 41.4492])
hess item is 0.0034489473327994347
650	0.385	0.426	0.403	0.379
660	0.385	0.417	0.404	0.369
670	0.383	0.430	0.402	0.378
680	0.385	0.426	0.403	0.373
690	0.385	0.427	0.404	0.376
eigenvalues:  tensor([45.4346, 44.4589])
hess item is 0.0028242142871022224
700	0.384	0.427	0.402	0.380
710	0.385	0.420	0.403	0.373
720	0.387	0.416	0.405	0.374
730	0.386	0.417	0.404	0.376
740	0.387	0.411	0.405	0.368
eigenvalues:  tensor([49.6136, 48.2449])
hess item is 0.0023926785215735435
750	0.388	0.413	0.406	0.371
760	0.387	0.416	0.404	0.376
770	0.388	0.412	0.405	0.371
780	0.386	0.418	0.404	0.376
790	0.389	0.409	0.407	0.369
eigenvalues:  tensor([52.3681, 50.8281])
hess item is 0.002156286733224988
800	0.387	0.417	0.405	0.374
810	0.394	0.401	0.411	0.364
820	0.390	0.405	0.408	0.368
830	0.391	0.405	0.408	0.371
840	0.394	0.401	0.411	0.367
eigenvalues:  tensor([56.3641, 54.6484])
hess item is 0.0019839194137603045
850	0.395	0.398	0.413	0.358
860	0.394	0.398	0.412	0.360
870	0.394	0.396	0.412	0.363
880	0.394	0.397	0.411	0.365
890	0.396	0.399	0.413	0.363
eigenvalues:  tensor([58.6506, 56.7613])
hess item is 0.0018886082107201219
900	0.397	0.393	0.414	0.359
910	0.396	0.397	0.413	0.364
920	0.396	0.397	0.412	0.364
930	0.399	0.389	0.415	0.358
940	0.397	0.393	0.413	0.361
eigenvalues:  tensor([60.8485, 58.7715])
hess item is 0.0018318318761885166
950	0.400	0.387	0.416	0.357
960	0.402	0.385	0.419	0.356
970	0.400	0.387	0.417	0.356
980	0.399	0.387	0.416	0.358
990	0.399	0.389	0.415	0.359
eigenvalues:  tensor([62.5568, 60.3770])
hess item is 0.0018012527143582702
1000	0.401	0.382	0.418	0.355
1010	0.398	0.388	0.414	0.361
1020	0.398	0.389	0.415	0.361
1030	0.400	0.389	0.416	0.358
1040	0.399	0.387	0.416	0.355
eigenvalues:  tensor([63.7417, 61.5337])
hess item is 0.0017726912628859282
1050	0.403	0.380	0.419	0.352
1060	0.402	0.382	0.417	0.354
1070	0.402	0.383	0.418	0.354
1080	0.404	0.376	0.419	0.353
1090	0.402	0.379	0.418	0.357
eigenvalues:  tensor([64.7404, 62.6581])
hess item is 0.0018058835994452238
1100	0.407	0.374	0.423	0.351
1110	0.405	0.379	0.420	0.354
1120	0.406	0.381	0.421	0.354
1130	0.405	0.377	0.420	0.352
1140	0.404	0.378	0.420	0.352
eigenvalues:  tensor([66.2832, 63.9021])
hess item is 0.0017977365059778094
1150	0.404	0.381	0.419	0.353
1160	0.405	0.376	0.421	0.350
1170	0.406	0.375	0.422	0.351
1180	0.405	0.377	0.420	0.352
1190	0.405	0.375	0.420	0.351
eigenvalues:  tensor([66.8005, 64.7628])
hess item is 0.001814105547964573
1200	0.407	0.375	0.423	0.349
1210	0.407	0.373	0.422	0.349
1220	0.405	0.378	0.420	0.353
1230	0.405	0.378	0.420	0.353
1240	0.406	0.374	0.421	0.352
eigenvalues:  tensor([67.3608, 65.3263])
hess item is 0.0018227165564894676
1250	0.405	0.377	0.420	0.350
1260	0.409	0.374	0.424	0.348
1270	0.406	0.376	0.421	0.347
1280	0.405	0.375	0.420	0.348
1290	0.404	0.377	0.420	0.350
eigenvalues:  tensor([68.4189, 66.3699])
hess item is 0.0018189215334132314
1300	0.404	0.377	0.419	0.351
1310	0.406	0.375	0.421	0.347
1320	0.406	0.375	0.420	0.343
1330	0.407	0.370	0.421	0.345
1340	0.407	0.372	0.421	0.346
eigenvalues:  tensor([69.8453, 67.7193])
hess item is 0.0018263384699821472
1350	0.408	0.369	0.423	0.344
1360	0.408	0.368	0.422	0.345
1370	0.404	0.374	0.419	0.352
1380	0.406	0.371	0.421	0.348
1390	0.408	0.369	0.422	0.349
eigenvalues:  tensor([70.3500, 68.2817])
hess item is 0.001816313830204308
1400	0.406	0.370	0.420	0.346
1410	0.409	0.368	0.424	0.346
1420	0.409	0.370	0.423	0.347
1430	0.405	0.374	0.420	0.349
1440	0.410	0.367	0.424	0.342
eigenvalues:  tensor([71.3645, 69.3880])
hess item is 0.0018345336429774761
1450	0.409	0.366	0.423	0.343
1460	0.409	0.366	0.423	0.343
1470	0.409	0.368	0.423	0.346
1480	0.409	0.366	0.423	0.341
1490	0.411	0.367	0.425	0.341
eigenvalues:  tensor([71.0825, 69.0931])
hess item is 0.0018339158268645406
1500	0.407	0.371	0.420	0.348
1510	0.408	0.370	0.421	0.345
1520	0.407	0.371	0.421	0.346
1530	0.408	0.368	0.421	0.343
1540	0.405	0.374	0.420	0.347
eigenvalues:  tensor([72.2071, 70.2130])
hess item is 0.0018215924501419067
1550	0.408	0.368	0.422	0.345
1560	0.407	0.373	0.422	0.347
1570	0.408	0.368	0.422	0.345
1580	0.408	0.364	0.422	0.346
1590	0.408	0.366	0.422	0.345
eigenvalues:  tensor([73.6644, 71.6418])
hess item is 0.0018023103475570679
1600	0.410	0.363	0.424	0.343
1610	0.406	0.369	0.420	0.346
1620	0.409	0.364	0.423	0.342
1630	0.408	0.366	0.422	0.344
1640	0.407	0.367	0.421	0.345
eigenvalues:  tensor([73.9653, 71.5435])
hess item is 0.0018153581768274307
1650	0.406	0.370	0.420	0.350
1660	0.406	0.364	0.420	0.348
1670	0.406	0.367	0.420	0.345
1680	0.403	0.370	0.417	0.352
1690	0.406	0.363	0.420	0.342
eigenvalues:  tensor([74.7917, 72.4276])
hess item is 0.0018377028172835708
1700	0.407	0.367	0.421	0.342
1710	0.406	0.367	0.420	0.345
1720	0.408	0.364	0.422	0.343
1730	0.405	0.367	0.419	0.345
1740	0.407	0.361	0.421	0.343
eigenvalues:  tensor([74.7911, 73.0265])
hess item is 0.0018485349137336016
1750	0.407	0.363	0.421	0.344
1760	0.406	0.363	0.419	0.346
1770	0.412	0.356	0.425	0.339
1780	0.411	0.360	0.424	0.340
1790	0.407	0.367	0.421	0.342
eigenvalues:  tensor([75.3934, 73.1371])
hess item is 0.0018585127545520663
1800	0.407	0.363	0.421	0.343
1810	0.406	0.366	0.420	0.348
1820	0.405	0.366	0.418	0.350
1830	0.409	0.358	0.423	0.341
1840	0.409	0.362	0.422	0.340
eigenvalues:  tensor([74.8408, 72.8034])
hess item is 0.001843127072788775
1850	0.407	0.368	0.420	0.343
1860	0.404	0.369	0.417	0.347
1870	0.405	0.368	0.418	0.349
1880	0.405	0.368	0.418	0.347
1890	0.408	0.363	0.421	0.343
eigenvalues:  tensor([74.1532, 72.0216])
hess item is 0.001838119700551033
1900	0.406	0.363	0.419	0.344
1910	0.406	0.363	0.419	0.342
1920	0.405	0.366	0.418	0.344
1930	0.404	0.367	0.418	0.350
1940	0.404	0.359	0.416	0.351
eigenvalues:  tensor([72.5614, 70.7776])
hess item is 0.0018794675124809146
1950	0.403	0.366	0.416	0.348
1960	0.404	0.364	0.416	0.345
1970	0.404	0.365	0.417	0.343
1980	0.406	0.363	0.419	0.340
1990	0.404	0.363	0.416	0.346
eigenvalues:  tensor([70.8819, 69.4269])
hess item is 0.0018749485025182366
2000	0.406	0.360	0.418	0.342
2010	0.405	0.361	0.418	0.344
2020	0.403	0.367	0.415	0.348
2030	0.403	0.367	0.415	0.345
2040	0.401	0.361	0.414	0.347
eigenvalues:  tensor([67.4027, 66.4173])
hess item is 0.001872620778158307
2050	0.402	0.365	0.414	0.343
2060	0.399	0.369	0.411	0.347
2070	0.399	0.363	0.411	0.346
2080	0.398	0.368	0.410	0.346
2090	0.400	0.365	0.412	0.348
eigenvalues:  tensor([66.8502, 65.5347])
hess item is 0.0018438103143125772
2100	0.402	0.363	0.414	0.345
2110	0.399	0.368	0.411	0.346
2120	0.398	0.368	0.410	0.346
2130	0.396	0.375	0.407	0.353
2140	0.399	0.364	0.410	0.348
eigenvalues:  tensor([62.8813, 61.2207])
hess item is 0.0018437303369864821
2150	0.398	0.368	0.409	0.347
2160	0.399	0.363	0.410	0.346
2170	0.398	0.370	0.408	0.351
2180	0.396	0.373	0.407	0.355
2190	0.394	0.381	0.405	0.356
eigenvalues:  tensor([60.5765, 59.0665])
hess item is 0.0018311678431928158
2200	0.396	0.373	0.407	0.351
2210	0.397	0.367	0.408	0.345
2220	0.395	0.370	0.407	0.348
2230	0.397	0.368	0.407	0.353
2240	0.395	0.374	0.406	0.352
eigenvalues:  tensor([58.7840, 57.0444])
hess item is 0.001839341246522963
2250	0.395	0.373	0.405	0.347
2260	0.394	0.373	0.406	0.350
2270	0.394	0.376	0.406	0.352
2280	0.396	0.367	0.409	0.342
2290	0.395	0.372	0.406	0.345
eigenvalues:  tensor([60.0049, 58.4253])
hess item is 0.0018426309106871486
2300	0.396	0.364	0.407	0.343
2310	0.397	0.365	0.407	0.346
2320	0.396	0.363	0.406	0.342
2330	0.396	0.367	0.406	0.348
2340	0.396	0.366	0.407	0.344
eigenvalues:  tensor([59.2749, 58.3292])
hess item is 0.001849217340350151
2350	0.396	0.368	0.407	0.349
2360	0.395	0.369	0.406	0.347
2370	0.394	0.373	0.406	0.345
2380	0.394	0.366	0.405	0.346
2390	0.395	0.374	0.406	0.349
eigenvalues:  tensor([55.0082, 53.7064])
hess item is 0.0018319768132641912
2400	0.393	0.379	0.404	0.354
2410	0.396	0.370	0.405	0.351
2420	0.395	0.368	0.405	0.344
2430	0.396	0.366	0.406	0.348
2440	0.395	0.368	0.406	0.342
eigenvalues:  tensor([56.9370, 55.9707])
hess item is 0.0018275990150868893
2450	0.396	0.364	0.407	0.342
2460	0.394	0.373	0.404	0.353
2470	0.394	0.373	0.404	0.351
2480	0.394	0.372	0.404	0.347
2490	0.395	0.368	0.404	0.352
eigenvalues:  tensor([55.0450, 53.5695])
hess item is 0.0018551767570897937
2500	0.394	0.369	0.404	0.351
2510	0.395	0.372	0.404	0.353
2520	0.394	0.371	0.403	0.351
2530	0.394	0.369	0.404	0.348
2540	0.394	0.366	0.404	0.352
eigenvalues:  tensor([52.8850, 51.0067])
hess item is 0.001841172343119979
2550	0.396	0.366	0.406	0.341
2560	0.394	0.369	0.403	0.351
2570	0.394	0.376	0.404	0.351
2580	0.395	0.363	0.404	0.346
2590	0.394	0.375	0.404	0.349
eigenvalues:  tensor([52.7533, 51.3510])
hess item is 0.001843707519583404
2600	0.394	0.371	0.403	0.344
2610	0.394	0.371	0.404	0.344
2620	0.395	0.368	0.404	0.345
2630	0.394	0.373	0.404	0.343
2640	0.395	0.365	0.405	0.343
eigenvalues:  tensor([56.1832, 54.5754])
hess item is 0.0018858008552342653
2650	0.395	0.371	0.405	0.347
2660	0.395	0.365	0.405	0.341
2670	0.395	0.367	0.405	0.345
2680	0.394	0.372	0.403	0.352
2690	0.395	0.369	0.404	0.344
eigenvalues:  tensor([57.4911, 56.1439])
hess item is 0.0018935705302283168
2700	0.394	0.364	0.403	0.349
2710	0.393	0.371	0.403	0.356
2720	0.393	0.369	0.402	0.356
2730	0.394	0.373	0.402	0.352
2740	0.393	0.377	0.402	0.349
eigenvalues:  tensor([54.3089, 53.4998])
hess item is 0.001901625539176166
2750	0.392	0.381	0.402	0.349
2760	0.393	0.377	0.403	0.349
2770	0.393	0.372	0.403	0.348
2780	0.392	0.380	0.403	0.349
2790	0.393	0.373	0.403	0.350
eigenvalues:  tensor([55.4024, 54.6872])
hess item is 0.0019322700100019574
2800	0.393	0.374	0.403	0.352
2810	0.394	0.368	0.403	0.344
2820	0.393	0.375	0.403	0.353
2830	0.393	0.377	0.403	0.352
2840	0.393	0.377	0.403	0.346
eigenvalues:  tensor([53.4002, 52.6924])
hess item is 0.0019157081842422485
2850	0.394	0.373	0.404	0.348
2860	0.393	0.372	0.403	0.348
2870	0.394	0.364	0.404	0.343
2880	0.393	0.373	0.403	0.343
2890	0.392	0.373	0.403	0.352
eigenvalues:  tensor([54.0520, 53.7788])
hess item is 0.0019433071138337255
2900	0.392	0.370	0.402	0.350
2910	0.392	0.375	0.403	0.350
2920	0.393	0.371	0.403	0.350
2930	0.393	0.373	0.403	0.350
2940	0.393	0.378	0.404	0.351
eigenvalues:  tensor([53.4692, 53.2844])
hess item is 0.0019314957316964865
2950	0.392	0.378	0.403	0.348
2960	0.392	0.379	0.402	0.353
2970	0.391	0.373	0.404	0.346
2980	0.392	0.370	0.404	0.348
2990	0.392	0.377	0.403	0.359
eigenvalues:  tensor([51.3010, 50.5351])
hess item is 0.0019477515015751123
3000	0.391	0.380	0.402	0.356
3010	0.392	0.380	0.402	0.354
3020	0.392	0.376	0.402	0.352
3030	0.392	0.378	0.402	0.345
3040	0.391	0.379	0.402	0.355
eigenvalues:  tensor([49.8439, 49.4363])
hess item is 0.0019076853059232235
3050	0.392	0.379	0.402	0.356
3060	0.392	0.375	0.402	0.351
3070	0.391	0.380	0.403	0.350
3080	0.391	0.381	0.402	0.354
3090	0.391	0.382	0.402	0.356
eigenvalues:  tensor([50.7149, 50.1795])
hess item is 0.001892484724521637
3100	0.391	0.381	0.402	0.356
3110	0.392	0.377	0.403	0.352
3120	0.391	0.377	0.402	0.351
3130	0.391	0.379	0.403	0.345
3140	0.392	0.377	0.403	0.350
eigenvalues:  tensor([51.9406, 51.4004])
hess item is 0.0019200268434360623
3150	0.391	0.377	0.402	0.348
3160	0.392	0.373	0.403	0.349
3170	0.392	0.374	0.403	0.346
3180	0.392	0.371	0.402	0.351
3190	0.392	0.379	0.402	0.349
eigenvalues:  tensor([53.6414, 52.9180])
hess item is 0.001892107306048274
3200	0.390	0.381	0.402	0.353
3210	0.390	0.377	0.403	0.350
3220	0.391	0.379	0.402	0.353
3230	0.391	0.381	0.403	0.348
3240	0.391	0.385	0.402	0.353
eigenvalues:  tensor([53.6488, 52.9950])
hess item is 0.0019532835576683283
3250	0.390	0.384	0.402	0.354
3260	0.390	0.383	0.402	0.357
3270	0.390	0.384	0.403	0.352
3280	0.390	0.382	0.402	0.356
3290	0.390	0.383	0.402	0.358
eigenvalues:  tensor([53.0701, 52.4126])
hess item is 0.001933746738359332
3300	0.390	0.383	0.402	0.355
3310	0.391	0.377	0.402	0.343
3320	0.392	0.376	0.403	0.342
3330	0.390	0.382	0.402	0.353
3340	0.389	0.391	0.402	0.349
eigenvalues:  tensor([53.1131, 52.6011])
hess item is 0.001962287351489067
3350	0.390	0.388	0.402	0.351
3360	0.390	0.386	0.402	0.352
3370	0.389	0.385	0.402	0.350
3380	0.389	0.383	0.402	0.355
3390	0.389	0.377	0.401	0.355
eigenvalues:  tensor([51.1071, 50.6321])
hess item is 0.0019285703310742974
3400	0.388	0.384	0.401	0.354
3410	0.388	0.388	0.400	0.360
3420	0.388	0.382	0.401	0.360
3430	0.389	0.386	0.401	0.355
3440	0.389	0.381	0.401	0.361
eigenvalues:  tensor([52.1953, 51.5233])
hess item is 0.0019415785791352391
3450	0.389	0.384	0.401	0.358
3460	0.388	0.383	0.401	0.355
3470	0.388	0.386	0.400	0.365
3480	0.387	0.389	0.400	0.359
3490	0.387	0.390	0.400	0.361
eigenvalues:  tensor([51.7091, 51.2549])
hess item is 0.0019681660924106836
3500	0.388	0.391	0.401	0.361
3510	0.387	0.385	0.400	0.357
3520	0.387	0.394	0.400	0.364
3530	0.386	0.391	0.399	0.363
3540	0.385	0.396	0.399	0.360
eigenvalues:  tensor([48.5714, 48.0981])
hess item is 0.0019382887985557318
3550	0.386	0.393	0.399	0.366
3560	0.385	0.393	0.399	0.361
3570	0.385	0.392	0.399	0.363
3580	0.385	0.400	0.398	0.364
3590	0.384	0.396	0.399	0.358
eigenvalues:  tensor([48.8605, 48.5501])
hess item is 0.0019005938665941358
3600	0.384	0.396	0.398	0.359
3610	0.384	0.399	0.398	0.363
3620	0.385	0.393	0.399	0.363
3630	0.386	0.396	0.399	0.366
3640	0.386	0.396	0.398	0.367
eigenvalues:  tensor([46.9686, 46.3020])
hess item is 0.001912471605464816
3650	0.386	0.389	0.398	0.363
3660	0.386	0.388	0.399	0.365
3670	0.386	0.393	0.399	0.361
3680	0.386	0.397	0.399	0.366
3690	0.386	0.385	0.399	0.359
eigenvalues:  tensor([46.8949, 46.0058])
hess item is 0.0018816570518538356
3700	0.386	0.393	0.399	0.360
3710	0.387	0.392	0.399	0.363
3720	0.387	0.389	0.399	0.358
3730	0.386	0.395	0.399	0.359
3740	0.386	0.396	0.399	0.359
eigenvalues:  tensor([49.7024, 49.1306])
hess item is 0.0018951351521536708
3750	0.386	0.392	0.399	0.359
3760	0.386	0.399	0.399	0.362
3770	0.386	0.398	0.400	0.359
3780	0.385	0.392	0.399	0.358
3790	0.386	0.394	0.399	0.363
eigenvalues:  tensor([53.0098, 52.2134])
hess item is 0.0019304545130580664
3800	0.385	0.396	0.400	0.361
3810	0.385	0.397	0.400	0.363
3820	0.385	0.395	0.399	0.363
3830	0.385	0.395	0.399	0.356
3840	0.384	0.402	0.399	0.364
eigenvalues:  tensor([54.2507, 53.7859])
hess item is 0.0019291223725304008
3850	0.384	0.400	0.399	0.361
3860	0.384	0.395	0.400	0.363
3870	0.384	0.397	0.399	0.360
3880	0.383	0.399	0.399	0.357
3890	0.383	0.397	0.398	0.364
eigenvalues:  tensor([56.3092, 55.6708])
hess item is 0.0019766646437346935
3900	0.383	0.400	0.398	0.360
3910	0.383	0.400	0.399	0.356
3920	0.383	0.396	0.399	0.355
3930	0.383	0.398	0.399	0.360
3940	0.384	0.398	0.399	0.352
eigenvalues:  tensor([58.0216, 57.4694])
hess item is 0.001968617085367441
3950	0.385	0.398	0.399	0.358
3960	0.384	0.396	0.398	0.361
3970	0.384	0.397	0.398	0.371
3980	0.383	0.398	0.397	0.370
3990	0.383	0.398	0.397	0.365
eigenvalues:  tensor([58.2550, 57.6709])
hess item is 0.0019559760112315416
4000	0.383	0.397	0.398	0.364
4010	0.382	0.397	0.397	0.364
4020	0.382	0.397	0.398	0.361
4030	0.381	0.399	0.398	0.361
4040	0.381	0.405	0.397	0.367
eigenvalues:  tensor([56.9576, 56.2626])
hess item is 0.001983223482966423
4050	0.382	0.406	0.397	0.367
4060	0.381	0.406	0.397	0.368
4070	0.381	0.402	0.398	0.366
4080	0.381	0.405	0.397	0.370
4090	0.381	0.405	0.397	0.367
eigenvalues:  tensor([53.6916, 52.9508])
hess item is 0.001974336104467511
4100	0.381	0.402	0.396	0.368
4110	0.382	0.406	0.396	0.366
4120	0.381	0.407	0.397	0.368
4130	0.381	0.403	0.396	0.367
4140	0.381	0.403	0.396	0.372
eigenvalues:  tensor([54.5056, 53.7752])
hess item is 0.0019738434348255396
4150	0.382	0.406	0.397	0.373
4160	0.380	0.406	0.396	0.370
4170	0.380	0.404	0.396	0.366
4180	0.380	0.406	0.397	0.365
4190	0.380	0.400	0.396	0.368
eigenvalues:  tensor([54.9204, 54.1805])
hess item is 0.001948138466104865
4200	0.381	0.401	0.397	0.365
4210	0.381	0.404	0.396	0.366
4220	0.381	0.404	0.397	0.365
4230	0.381	0.405	0.397	0.361
4240	0.380	0.412	0.396	0.374
eigenvalues:  tensor([52.8550, 52.2579])
hess item is 0.0019217963563278317
4250	0.380	0.414	0.396	0.372
4260	0.381	0.410	0.397	0.370
4270	0.380	0.406	0.397	0.369
4280	0.379	0.412	0.396	0.370
4290	0.379	0.410	0.395	0.369
eigenvalues:  tensor([54.7909, 54.3234])
hess item is 0.0019623807165771723
4300	0.379	0.409	0.396	0.366
4310	0.379	0.412	0.397	0.367
4320	0.378	0.409	0.396	0.369
4330	0.379	0.410	0.397	0.370
4340	0.378	0.411	0.396	0.366
eigenvalues:  tensor([57.3107, 56.7684])
hess item is 0.0019988962449133396
4350	0.378	0.410	0.396	0.368
4360	0.378	0.414	0.396	0.368
4370	0.377	0.414	0.395	0.371
4380	0.377	0.416	0.395	0.367
4390	0.377	0.410	0.395	0.370
eigenvalues:  tensor([56.0654, 55.5448])
hess item is 0.0019849862437695265
4400	0.378	0.412	0.395	0.374
4410	0.377	0.410	0.395	0.370
4420	0.377	0.413	0.395	0.369
4430	0.379	0.412	0.396	0.369
4440	0.378	0.412	0.395	0.367
eigenvalues:  tensor([56.9802, 56.4476])
hess item is 0.0019296245882287621
4450	0.378	0.409	0.396	0.363
4460	0.378	0.412	0.396	0.369
4470	0.378	0.408	0.396	0.368
4480	0.378	0.419	0.395	0.375
4490	0.378	0.417	0.395	0.372
eigenvalues:  tensor([55.3097, 54.9455])
hess item is 0.0019172844476997852
4500	0.377	0.414	0.395	0.372
4510	0.377	0.415	0.395	0.374
4520	0.377	0.417	0.396	0.369
4530	0.378	0.412	0.395	0.368
4540	0.377	0.414	0.395	0.369
eigenvalues:  tensor([57.4762, 57.0112])
hess item is 0.001957870787009597
4550	0.377	0.415	0.396	0.369
4560	0.377	0.415	0.396	0.369
4570	0.377	0.412	0.396	0.370
4580	0.376	0.417	0.395	0.375
4590	0.377	0.419	0.395	0.370
eigenvalues:  tensor([57.7575, 57.3598])
hess item is 0.001968155847862363
4600	0.376	0.419	0.395	0.370
4610	0.377	0.416	0.395	0.371
4620	0.377	0.411	0.395	0.368
4630	0.375	0.418	0.395	0.373
4640	0.376	0.417	0.395	0.370
eigenvalues:  tensor([58.1902, 57.7851])
hess item is 0.001998463412746787
4650	0.376	0.422	0.394	0.377
4660	0.377	0.412	0.395	0.371
4670	0.377	0.411	0.395	0.367
4680	0.377	0.409	0.395	0.372
4690	0.376	0.416	0.395	0.372
eigenvalues:  tensor([59.8301, 59.3396])
hess item is 0.0020290911197662354
4700	0.376	0.416	0.395	0.371
4710	0.376	0.424	0.396	0.363
4720	0.376	0.414	0.396	0.366
4730	0.375	0.415	0.396	0.368
4740	0.375	0.424	0.395	0.370
eigenvalues:  tensor([62.6763, 62.2088])
hess item is 0.0020540684927254915
4750	0.375	0.415	0.395	0.368
4760	0.376	0.421	0.396	0.374
4770	0.376	0.418	0.395	0.371
4780	0.375	0.419	0.395	0.373
4790	0.376	0.415	0.396	0.368
eigenvalues:  tensor([61.7979, 61.4333])
hess item is 0.00203709932975471
4800	0.376	0.421	0.396	0.371
4810	0.376	0.420	0.396	0.374
4820	0.375	0.423	0.396	0.371
4830	0.375	0.425	0.397	0.370
4840	0.375	0.425	0.396	0.372
eigenvalues:  tensor([62.2687, 61.8020])
hess item is 0.002037319354712963
4850	0.375	0.420	0.395	0.376
4860	0.374	0.424	0.395	0.375
4870	0.374	0.418	0.395	0.377
4880	0.374	0.419	0.395	0.373
4890	0.374	0.423	0.395	0.373
eigenvalues:  tensor([63.1837, 62.7341])
hess item is 0.0020712402183562517
4900	0.374	0.416	0.395	0.372
4910	0.374	0.422	0.395	0.369
4920	0.373	0.422	0.395	0.373
4930	0.374	0.419	0.395	0.373
4940	0.374	0.422	0.395	0.375
eigenvalues:  tensor([64.2345, 63.7906])
hess item is 0.0021139804739505053
4950	0.374	0.426	0.395	0.375
4960	0.374	0.421	0.395	0.369
4970	0.373	0.424	0.395	0.373
4980	0.374	0.424	0.395	0.370
4990	0.374	0.425	0.395	0.370
eigenvalues:  tensor([62.4423, 62.0637])
hess item is 0.002118856180459261
5000	0.374	0.425	0.396	0.367
5010	0.374	0.421	0.396	0.365
5020	0.374	0.424	0.397	0.364
5030	0.373	0.426	0.396	0.368
5040	0.373	0.426	0.396	0.370
eigenvalues:  tensor([64.1285, 63.7687])
hess item is 0.0021184373181313276
5050	0.373	0.421	0.396	0.369
5060	0.373	0.422	0.396	0.366
5070	0.374	0.425	0.397	0.364
5080	0.374	0.425	0.396	0.366
5090	0.374	0.422	0.396	0.366
eigenvalues:  tensor([65.3341, 64.8375])
hess item is 0.0021015878301113844
5100	0.374	0.423	0.396	0.366
5110	0.373	0.423	0.396	0.367
5120	0.373	0.422	0.396	0.371
5130	0.371	0.423	0.396	0.369
5140	0.372	0.421	0.395	0.373
eigenvalues:  tensor([64.1237, 63.7507])
hess item is 0.002096247160807252
5150	0.373	0.419	0.396	0.369
5160	0.373	0.422	0.396	0.366
5170	0.373	0.422	0.396	0.371
5180	0.373	0.422	0.396	0.368
5190	0.373	0.423	0.396	0.368
eigenvalues:  tensor([65.7358, 65.3883])
hess item is 0.0020857099443674088
5200	0.373	0.419	0.396	0.363
5210	0.373	0.420	0.396	0.369
5220	0.372	0.421	0.395	0.373
5230	0.372	0.420	0.396	0.370
5240	0.372	0.424	0.395	0.367
eigenvalues:  tensor([65.4587, 64.8656])
hess item is 0.0021121399477124214
5250	0.372	0.425	0.395	0.366
5260	0.372	0.430	0.395	0.368
5270	0.370	0.428	0.394	0.372
5280	0.371	0.429	0.395	0.366
5290	0.371	0.428	0.395	0.370
eigenvalues:  tensor([66.3726, 65.9858])
hess item is 0.002123888349160552
5300	0.372	0.428	0.396	0.366
5310	0.372	0.426	0.395	0.362
5320	0.372	0.425	0.396	0.367
5330	0.372	0.421	0.397	0.366
5340	0.371	0.424	0.396	0.368
eigenvalues:  tensor([67.2882, 66.7759])
hess item is 0.0021239896304905415
5350	0.371	0.424	0.396	0.363
5360	0.371	0.423	0.396	0.366
5370	0.373	0.422	0.397	0.364
5380	0.372	0.424	0.396	0.369
5390	0.372	0.427	0.396	0.366
eigenvalues:  tensor([67.2344, 66.7855])
hess item is 0.00216539460234344
5400	0.371	0.424	0.396	0.366
5410	0.372	0.429	0.396	0.366
5420	0.371	0.431	0.396	0.369
5430	0.371	0.428	0.396	0.365
5440	0.371	0.425	0.396	0.367
eigenvalues:  tensor([66.8486, 66.3379])
hess item is 0.002167097060009837
5450	0.371	0.428	0.396	0.364
5460	0.371	0.430	0.395	0.366
5470	0.372	0.428	0.396	0.367
5480	0.371	0.426	0.396	0.365
5490	0.371	0.426	0.395	0.366
eigenvalues:  tensor([66.2563, 65.8214])
hess item is 0.0021397650707513094
5500	0.370	0.430	0.395	0.368
5510	0.370	0.428	0.395	0.370
5520	0.370	0.431	0.395	0.369
5530	0.370	0.432	0.395	0.370
5540	0.370	0.429	0.394	0.368
eigenvalues:  tensor([66.3757, 65.8462])
hess item is 0.0021443041041493416
5550	0.369	0.433	0.394	0.378
5560	0.369	0.435	0.394	0.371
5570	0.369	0.431	0.394	0.373
5580	0.369	0.429	0.394	0.370
5590	0.369	0.430	0.393	0.374
eigenvalues:  tensor([67.0880, 66.5455])
hess item is 0.002166932914406061
5600	0.369	0.434	0.394	0.371
5610	0.370	0.428	0.394	0.367
5620	0.370	0.426	0.394	0.367
5630	0.369	0.434	0.394	0.372
5640	0.370	0.432	0.394	0.369
eigenvalues:  tensor([68.5875, 67.9350])
hess item is 0.002200801158323884
5650	0.369	0.435	0.394	0.370
5660	0.369	0.434	0.394	0.370
5670	0.369	0.431	0.394	0.372
5680	0.368	0.433	0.394	0.373
5690	0.369	0.434	0.394	0.373
eigenvalues:  tensor([67.1078, 66.6525])
hess item is 0.002194375265389681
5700	0.368	0.433	0.393	0.371
5710	0.368	0.434	0.393	0.374
5720	0.368	0.434	0.394	0.371
5730	0.368	0.432	0.394	0.371
5740	0.369	0.430	0.394	0.370
eigenvalues:  tensor([65.9472, 65.4267])
hess item is 0.002160824602469802
5750	0.369	0.432	0.394	0.365
5760	0.368	0.434	0.393	0.374
5770	0.368	0.431	0.393	0.374
5780	0.368	0.436	0.393	0.372
5790	0.368	0.431	0.393	0.374
eigenvalues:  tensor([67.3359, 66.7637])
hess item is 0.0021890061907470226
5800	0.368	0.430	0.393	0.372
5810	0.367	0.433	0.393	0.372
5820	0.367	0.432	0.393	0.371
5830	0.367	0.436	0.393	0.373
5840	0.368	0.432	0.393	0.374
eigenvalues:  tensor([68.4023, 67.8944])
hess item is 0.0021553754340857267
5850	0.368	0.435	0.394	0.375
5860	0.367	0.436	0.393	0.377
5870	0.367	0.437	0.393	0.372
5880	0.367	0.438	0.392	0.373
5890	0.368	0.433	0.393	0.372
eigenvalues:  tensor([68.8219, 68.2706])
hess item is 0.0021806727163493633
5900	0.367	0.444	0.392	0.374
5910	0.367	0.439	0.392	0.378
5920	0.366	0.441	0.393	0.372
5930	0.366	0.440	0.392	0.376
5940	0.366	0.440	0.392	0.378
eigenvalues:  tensor([66.9370, 66.5026])
hess item is 0.0022062277421355247
5950	0.367	0.439	0.393	0.374
5960	0.367	0.438	0.392	0.376
5970	0.367	0.437	0.392	0.376
5980	0.366	0.437	0.392	0.375
5990	0.366	0.440	0.392	0.375
eigenvalues:  tensor([66.8008, 66.2800])
hess item is 0.0021617645397782326
6000	0.366	0.441	0.393	0.376
6010	0.367	0.440	0.394	0.374
6020	0.367	0.440	0.394	0.374
6030	0.366	0.436	0.394	0.373
6040	0.366	0.439	0.393	0.376
eigenvalues:  tensor([67.9463, 67.3615])
hess item is 0.002167885424569249
6050	0.366	0.436	0.393	0.379
6060	0.366	0.439	0.393	0.375
6070	0.366	0.443	0.394	0.379
6080	0.366	0.440	0.394	0.374
6090	0.365	0.444	0.393	0.375
eigenvalues:  tensor([68.7987, 68.1588])
hess item is 0.002172300359234214
6100	0.366	0.440	0.393	0.376
6110	0.366	0.439	0.394	0.370
6120	0.365	0.442	0.394	0.371
6130	0.365	0.439	0.394	0.369
6140	0.366	0.438	0.394	0.372
eigenvalues:  tensor([71.0653, 70.4823])
hess item is 0.0021856757812201977
6150	0.365	0.444	0.394	0.373
6160	0.365	0.439	0.394	0.374
6170	0.366	0.436	0.394	0.372
6180	0.365	0.440	0.393	0.376
6190	0.365	0.439	0.394	0.371
eigenvalues:  tensor([72.2860, 71.5801])
hess item is 0.002167615108191967
6200	0.365	0.437	0.393	0.375
6210	0.365	0.442	0.394	0.372
6220	0.365	0.441	0.394	0.373
6230	0.364	0.442	0.393	0.372
6240	0.364	0.442	0.393	0.369
eigenvalues:  tensor([72.2160, 71.5208])
hess item is 0.0021892033983021975
6250	0.364	0.444	0.393	0.371
6260	0.364	0.444	0.393	0.376
6270	0.364	0.447	0.393	0.377
6280	0.364	0.443	0.393	0.373
6290	0.364	0.446	0.393	0.372
eigenvalues:  tensor([72.6290, 71.9489])
hess item is 0.002223074669018388
6300	0.364	0.446	0.393	0.370
6310	0.365	0.441	0.394	0.372
6320	0.365	0.440	0.393	0.374
6330	0.365	0.445	0.393	0.376
6340	0.364	0.441	0.393	0.373
eigenvalues:  tensor([73.5646, 72.7819])
hess item is 0.0022796564735472202
6350	0.365	0.440	0.394	0.375
6360	0.365	0.436	0.393	0.375
6370	0.364	0.441	0.393	0.378
6380	0.364	0.442	0.393	0.378
6390	0.364	0.445	0.393	0.378
eigenvalues:  tensor([74.0692, 73.3479])
hess item is 0.002283242531120777
6400	0.363	0.451	0.392	0.376
6410	0.364	0.445	0.393	0.380
6420	0.364	0.445	0.393	0.377
6430	0.363	0.441	0.392	0.379
6440	0.363	0.445	0.393	0.375
eigenvalues:  tensor([74.7417, 73.9854])
hess item is 0.002264547161757946
6450	0.363	0.444	0.393	0.375
6460	0.363	0.447	0.392	0.381
6470	0.364	0.446	0.393	0.377
6480	0.363	0.445	0.393	0.379
6490	0.362	0.449	0.393	0.378
eigenvalues:  tensor([75.5633, 74.8184])
hess item is 0.0022571587469428778
6500	0.363	0.445	0.393	0.377
6510	0.362	0.447	0.393	0.377
6520	0.363	0.449	0.393	0.375
6530	0.363	0.441	0.393	0.377
6540	0.363	0.447	0.393	0.375
eigenvalues:  tensor([74.6350, 73.8250])
hess item is 0.002254246734082699
6550	0.363	0.446	0.393	0.380
6560	0.363	0.445	0.393	0.373
6570	0.363	0.445	0.393	0.377
6580	0.363	0.447	0.393	0.378
6590	0.362	0.450	0.393	0.374
eigenvalues:  tensor([76.7776, 75.8820])
hess item is 0.0023207939229905605
6600	0.362	0.444	0.393	0.376
6610	0.362	0.450	0.393	0.375
6620	0.362	0.444	0.393	0.376
6630	0.362	0.441	0.394	0.370
6640	0.362	0.443	0.394	0.373
eigenvalues:  tensor([76.7039, 75.8113])
hess item is 0.0022923320066183805
6650	0.362	0.439	0.393	0.375
6660	0.362	0.445	0.393	0.375
6670	0.362	0.446	0.393	0.378
6680	0.361	0.446	0.392	0.379
6690	0.361	0.449	0.393	0.375
eigenvalues:  tensor([76.0413, 75.1323])
hess item is 0.0023299979511648417
6700	0.361	0.453	0.392	0.378
6710	0.360	0.449	0.393	0.376
6720	0.361	0.454	0.393	0.376
6730	0.360	0.447	0.392	0.376
6740	0.360	0.447	0.392	0.374
eigenvalues:  tensor([75.7949, 74.8745])
hess item is 0.002317604376003146
6750	0.360	0.448	0.392	0.380
6760	0.360	0.445	0.393	0.375
6770	0.361	0.451	0.393	0.373
6780	0.360	0.449	0.392	0.376
6790	0.360	0.449	0.393	0.375
eigenvalues:  tensor([76.3694, 75.4426])
hess item is 0.002337579382583499
6800	0.360	0.451	0.393	0.375
6810	0.360	0.454	0.392	0.375
6820	0.360	0.454	0.393	0.376
6830	0.360	0.449	0.392	0.379
6840	0.361	0.453	0.393	0.379
eigenvalues:  tensor([76.6224, 75.7371])
hess item is 0.002313625067472458
6850	0.361	0.457	0.393	0.378
6860	0.360	0.455	0.393	0.374
6870	0.360	0.456	0.393	0.376
6880	0.360	0.453	0.393	0.376
6890	0.360	0.450	0.393	0.375
eigenvalues:  tensor([77.8330, 76.9298])
hess item is 0.002312724245712161
6900	0.360	0.453	0.393	0.373
6910	0.360	0.451	0.393	0.375
6920	0.360	0.453	0.393	0.377
6930	0.360	0.454	0.393	0.379
6940	0.360	0.456	0.393	0.377
eigenvalues:  tensor([76.8548, 76.0006])
hess item is 0.002326864516362548
6950	0.360	0.451	0.393	0.379
6960	0.360	0.455	0.393	0.378
6970	0.360	0.455	0.393	0.379
6980	0.360	0.457	0.393	0.378
6990	0.359	0.456	0.392	0.381
eigenvalues:  tensor([77.1350, 76.3015])
hess item is 0.002337724668905139
7000	0.360	0.456	0.392	0.380
7010	0.360	0.456	0.392	0.380
7020	0.360	0.455	0.392	0.379
7030	0.360	0.456	0.392	0.371
7040	0.360	0.454	0.392	0.374
eigenvalues:  tensor([78.9013, 78.0717])
hess item is 0.002332860603928566
7050	0.360	0.454	0.393	0.375
7060	0.359	0.456	0.392	0.380
7070	0.359	0.458	0.392	0.375
7080	0.360	0.454	0.392	0.377
7090	0.359	0.457	0.392	0.378
eigenvalues:  tensor([78.6915, 77.9294])
hess item is 0.002363742794841528
7100	0.359	0.458	0.392	0.381
7110	0.359	0.454	0.392	0.378
7120	0.359	0.451	0.392	0.384
7130	0.359	0.451	0.392	0.379
7140	0.359	0.451	0.392	0.379
eigenvalues:  tensor([79.9497, 79.1125])
hess item is 0.0023711093235760927
7150	0.358	0.454	0.392	0.380
7160	0.359	0.456	0.392	0.378
7170	0.359	0.455	0.392	0.380
7180	0.358	0.456	0.392	0.384
7190	0.358	0.454	0.392	0.384
eigenvalues:  tensor([80.4093, 79.5055])
hess item is 0.0023854272440075874
7200	0.358	0.455	0.391	0.381
7210	0.358	0.459	0.391	0.383
7220	0.358	0.458	0.391	0.380
7230	0.357	0.462	0.391	0.383
7240	0.357	0.460	0.391	0.383
eigenvalues:  tensor([79.3097, 78.4036])
hess item is 0.0023667241912335157
7250	0.357	0.464	0.391	0.383
7260	0.357	0.461	0.391	0.380
7270	0.356	0.466	0.391	0.380
7280	0.356	0.467	0.390	0.389
7290	0.356	0.464	0.391	0.385
eigenvalues:  tensor([80.1990, 79.2844])
hess item is 0.0023811159189790487
7300	0.356	0.461	0.391	0.385
7310	0.356	0.461	0.391	0.382
7320	0.356	0.459	0.391	0.382
7330	0.357	0.461	0.392	0.380
7340	0.356	0.464	0.392	0.379
eigenvalues:  tensor([80.6768, 79.7879])
hess item is 0.002390405163168907
7350	0.357	0.461	0.392	0.380
7360	0.356	0.461	0.392	0.383
7370	0.357	0.460	0.392	0.383
7380	0.357	0.461	0.392	0.384
7390	0.357	0.456	0.391	0.382
eigenvalues:  tensor([80.3718, 79.5702])
hess item is 0.002385146915912628
7400	0.357	0.459	0.392	0.384
7410	0.357	0.459	0.392	0.380
7420	0.356	0.464	0.391	0.383
7430	0.356	0.462	0.391	0.382
7440	0.356	0.461	0.391	0.385
eigenvalues:  tensor([78.6285, 77.8584])
hess item is 0.0024088257923722267
7450	0.356	0.462	0.391	0.384
7460	0.356	0.459	0.391	0.385
7470	0.356	0.460	0.391	0.384
7480	0.356	0.462	0.391	0.384
7490	0.355	0.467	0.391	0.386
eigenvalues:  tensor([79.0199, 78.3431])
hess item is 0.0023778206668794155
7500	0.355	0.465	0.390	0.386
7510	0.355	0.462	0.390	0.382
7520	0.355	0.459	0.390	0.385
7530	0.355	0.464	0.391	0.383
7540	0.355	0.462	0.391	0.383
eigenvalues:  tensor([79.0788, 78.3549])
hess item is 0.0024012422654777765
7550	0.355	0.465	0.391	0.382
7560	0.355	0.467	0.391	0.380
7570	0.354	0.469	0.391	0.382
7580	0.354	0.470	0.391	0.383
7590	0.354	0.469	0.390	0.384
eigenvalues:  tensor([78.8357, 78.0855])
hess item is 0.0023837899789214134
7600	0.354	0.469	0.391	0.385
7610	0.353	0.471	0.391	0.384
7620	0.353	0.467	0.391	0.386
7630	0.353	0.470	0.391	0.388
7640	0.353	0.474	0.391	0.385
eigenvalues:  tensor([78.9403, 78.1689])
hess item is 0.0023628119379281998
7650	0.353	0.466	0.390	0.388
7660	0.354	0.469	0.391	0.386
7670	0.354	0.472	0.391	0.383
7680	0.353	0.470	0.391	0.386
7690	0.353	0.469	0.390	0.384
eigenvalues:  tensor([81.1033, 80.3001])
hess item is 0.002391357673332095
7700	0.354	0.470	0.390	0.378
7710	0.354	0.467	0.391	0.381
7720	0.354	0.468	0.391	0.379
7730	0.354	0.470	0.391	0.377
7740	0.353	0.472	0.391	0.383
eigenvalues:  tensor([80.4806, 79.6531])
hess item is 0.0023958224337548018
7750	0.353	0.473	0.391	0.380
7760	0.353	0.471	0.391	0.382
7770	0.353	0.469	0.391	0.380
7780	0.352	0.472	0.391	0.384
7790	0.353	0.470	0.391	0.381
eigenvalues:  tensor([81.1107, 80.2522])
hess item is 0.002360570477321744
7800	0.352	0.473	0.391	0.384
7810	0.352	0.470	0.391	0.383
7820	0.352	0.473	0.392	0.379
7830	0.353	0.472	0.392	0.384
7840	0.353	0.472	0.391	0.383
eigenvalues:  tensor([81.0150, 80.1181])
hess item is 0.002430530032142997
7850	0.353	0.475	0.391	0.380
7860	0.352	0.475	0.391	0.384
7870	0.352	0.469	0.390	0.384
7880	0.352	0.471	0.391	0.384
7890	0.352	0.474	0.390	0.384
eigenvalues:  tensor([80.4898, 79.6732])
hess item is 0.0024226561654359102
7900	0.352	0.478	0.391	0.380
7910	0.352	0.472	0.391	0.386
7920	0.352	0.470	0.392	0.381
7930	0.352	0.471	0.391	0.384
7940	0.352	0.473	0.392	0.380
eigenvalues:  tensor([82.1035, 81.2467])
hess item is 0.002402625745162368
7950	0.352	0.471	0.391	0.377
7960	0.352	0.467	0.391	0.380
7970	0.352	0.467	0.392	0.381
7980	0.352	0.468	0.391	0.380
7990	0.353	0.466	0.392	0.385
eigenvalues:  tensor([81.6660, 80.8230])
hess item is 0.0024549069348722696
8000	0.353	0.468	0.392	0.382
8010	0.353	0.465	0.391	0.383
8020	0.352	0.465	0.392	0.383
8030	0.352	0.467	0.392	0.381
8040	0.351	0.469	0.392	0.384
eigenvalues:  tensor([82.7625, 81.9271])
hess item is 0.0024414302315562963
8050	0.351	0.470	0.391	0.384
8060	0.351	0.472	0.391	0.381
8070	0.351	0.470	0.391	0.380
8080	0.351	0.475	0.392	0.379
8090	0.352	0.474	0.392	0.380
eigenvalues:  tensor([81.7851, 80.9581])
hess item is 0.002422125544399023
8100	0.352	0.476	0.392	0.380
8110	0.351	0.473	0.391	0.377
8120	0.351	0.474	0.391	0.378
8130	0.351	0.472	0.392	0.379
8140	0.352	0.473	0.392	0.378
eigenvalues:  tensor([83.2998, 82.3924])
hess item is 0.002444006036967039
8150	0.351	0.473	0.392	0.375
8160	0.351	0.474	0.392	0.380
8170	0.351	0.477	0.392	0.383
8180	0.351	0.474	0.392	0.381
8190	0.351	0.475	0.392	0.381
eigenvalues:  tensor([84.5851, 83.7029])
hess item is 0.002471470506861806
8200	0.351	0.476	0.393	0.381
8210	0.352	0.474	0.392	0.380
8220	0.351	0.477	0.392	0.382
8230	0.351	0.475	0.392	0.382
8240	0.351	0.480	0.392	0.386
eigenvalues:  tensor([84.1013, 83.2428])
hess item is 0.0025098214391618967
8250	0.351	0.479	0.392	0.385
8260	0.350	0.474	0.392	0.384
8270	0.351	0.470	0.392	0.382
8280	0.351	0.473	0.393	0.380
8290	0.351	0.475	0.392	0.379
eigenvalues:  tensor([84.5426, 83.5902])
hess item is 0.002510327147319913
8300	0.351	0.477	0.392	0.383
8310	0.351	0.477	0.392	0.380
8320	0.350	0.478	0.392	0.379
8330	0.350	0.477	0.392	0.384
8340	0.349	0.477	0.392	0.384
eigenvalues:  tensor([84.5012, 83.5972])
hess item is 0.0025302344001829624
8350	0.349	0.480	0.392	0.381
8360	0.349	0.482	0.392	0.386
8370	0.349	0.484	0.392	0.384
8380	0.349	0.483	0.392	0.382
8390	0.349	0.477	0.392	0.385
eigenvalues:  tensor([84.8176, 83.9024])
hess item is 0.0025368030183017254
8400	0.350	0.478	0.392	0.383
8410	0.349	0.482	0.391	0.387
8420	0.349	0.480	0.391	0.386
8430	0.349	0.484	0.390	0.386
8440	0.349	0.482	0.390	0.388
eigenvalues:  tensor([85.0815, 84.1608])
hess item is 0.0024959982838481665
8450	0.349	0.480	0.391	0.389
8460	0.349	0.477	0.391	0.389
8470	0.349	0.477	0.391	0.387
8480	0.348	0.480	0.391	0.384
8490	0.348	0.481	0.391	0.383
eigenvalues:  tensor([84.3017, 83.4599])
hess item is 0.00251523545011878
8500	0.348	0.479	0.392	0.385
8510	0.348	0.485	0.391	0.385
8520	0.348	0.479	0.392	0.383
8530	0.349	0.480	0.392	0.383
8540	0.349	0.477	0.392	0.381
eigenvalues:  tensor([86.0700, 85.2466])
hess item is 0.00253873853944242
8550	0.350	0.476	0.392	0.379
8560	0.349	0.480	0.392	0.384
8570	0.349	0.479	0.392	0.384
8580	0.349	0.485	0.391	0.383
8590	0.349	0.478	0.391	0.386
eigenvalues:  tensor([86.2488, 85.3442])
hess item is 0.0025140854995697737
8600	0.349	0.477	0.391	0.387
8610	0.349	0.481	0.392	0.385
8620	0.349	0.479	0.391	0.388
8630	0.348	0.481	0.391	0.385
8640	0.348	0.480	0.390	0.388
eigenvalues:  tensor([87.9482, 86.9919])
hess item is 0.0025127038825303316
8650	0.349	0.479	0.391	0.384
8660	0.348	0.481	0.390	0.389
8670	0.348	0.480	0.391	0.385
8680	0.349	0.476	0.391	0.387
8690	0.349	0.483	0.391	0.389
eigenvalues:  tensor([87.9135, 86.9298])
hess item is 0.002512164181098342
8700	0.349	0.480	0.391	0.387
8710	0.349	0.482	0.391	0.387
8720	0.349	0.481	0.391	0.388
8730	0.349	0.479	0.391	0.388
8740	0.349	0.479	0.391	0.386
eigenvalues:  tensor([87.7714, 86.7470])
hess item is 0.00255417637526989
8750	0.348	0.478	0.391	0.383
8760	0.349	0.479	0.391	0.384
8770	0.348	0.484	0.391	0.384
8780	0.348	0.483	0.391	0.388
8790	0.348	0.481	0.391	0.387
eigenvalues:  tensor([88.7270, 87.6528])
hess item is 0.002584235044196248
8800	0.348	0.481	0.391	0.388
8810	0.348	0.479	0.391	0.384
8820	0.348	0.484	0.391	0.388
8830	0.347	0.484	0.391	0.385
8840	0.348	0.482	0.390	0.389
eigenvalues:  tensor([88.3245, 87.3209])
hess item is 0.002585024107247591
8850	0.348	0.481	0.390	0.386
8860	0.348	0.483	0.391	0.387
8870	0.348	0.482	0.391	0.387
8880	0.349	0.480	0.391	0.381
8890	0.348	0.483	0.392	0.383
eigenvalues:  tensor([88.7458, 87.8078])
hess item is 0.0026069909799844027
8900	0.348	0.486	0.391	0.389
8910	0.348	0.485	0.392	0.386
8920	0.348	0.485	0.391	0.388
8930	0.348	0.484	0.391	0.387
8940	0.347	0.481	0.391	0.389
eigenvalues:  tensor([88.3173, 87.3397])
hess item is 0.0025651638861745596
8950	0.347	0.483	0.391	0.387
8960	0.347	0.485	0.391	0.389
8970	0.346	0.484	0.391	0.386
8980	0.347	0.484	0.391	0.386
8990	0.347	0.484	0.392	0.384
eigenvalues:  tensor([88.5321, 87.5443])
hess item is 0.0025243479758501053
9000	0.347	0.488	0.392	0.387
9010	0.347	0.490	0.392	0.386
9020	0.347	0.487	0.392	0.385
9030	0.346	0.488	0.392	0.384
9040	0.347	0.485	0.392	0.386
eigenvalues:  tensor([89.3022, 88.3149])
hess item is 0.002548221033066511
9050	0.346	0.488	0.392	0.388
9060	0.347	0.487	0.392	0.387
9070	0.347	0.489	0.392	0.387
9080	0.347	0.484	0.391	0.384
9090	0.347	0.485	0.392	0.387
eigenvalues:  tensor([89.2557, 88.2928])
hess item is 0.002539270557463169
9100	0.347	0.487	0.391	0.389
9110	0.347	0.488	0.392	0.385
9120	0.347	0.487	0.392	0.386
9130	0.346	0.488	0.392	0.386
9140	0.347	0.489	0.391	0.386
eigenvalues:  tensor([88.4113, 87.4705])
hess item is 0.0025089511182159185
9150	0.346	0.489	0.391	0.385
9160	0.346	0.488	0.392	0.385
9170	0.346	0.490	0.391	0.384
9180	0.346	0.489	0.392	0.386
9190	0.346	0.492	0.392	0.387
eigenvalues:  tensor([88.7082, 87.7303])
hess item is 0.0025721576530486345
9200	0.346	0.494	0.391	0.389
9210	0.346	0.491	0.391	0.387
9220	0.346	0.495	0.392	0.384
9230	0.345	0.494	0.391	0.383
9240	0.346	0.494	0.391	0.385
eigenvalues:  tensor([88.2532, 87.3089])
hess item is 0.002554791746661067
9250	0.345	0.495	0.391	0.388
9260	0.345	0.494	0.391	0.384
9270	0.344	0.495	0.391	0.385
9280	0.344	0.498	0.392	0.386
9290	0.344	0.498	0.392	0.384
eigenvalues:  tensor([87.3355, 86.4363])
hess item is 0.002560053486377001
9300	0.344	0.498	0.392	0.384
9310	0.345	0.497	0.392	0.387
9320	0.345	0.496	0.391	0.385
9330	0.345	0.494	0.392	0.387
9340	0.345	0.498	0.392	0.387
eigenvalues:  tensor([87.7692, 86.8713])
hess item is 0.0025259368121623993
9350	0.345	0.494	0.392	0.388
9360	0.344	0.492	0.392	0.387
9370	0.344	0.493	0.391	0.390
9380	0.344	0.493	0.391	0.390
9390	0.344	0.494	0.391	0.386
eigenvalues:  tensor([86.3789, 85.5747])
hess item is 0.0025423041079193354
9400	0.344	0.495	0.391	0.385
9410	0.344	0.496	0.391	0.384
9420	0.343	0.496	0.391	0.384
9430	0.343	0.498	0.391	0.386
9440	0.343	0.498	0.392	0.384
eigenvalues:  tensor([88.2392, 87.3907])
hess item is 0.0025622809771448374
9450	0.343	0.494	0.392	0.383
9460	0.343	0.498	0.392	0.385
9470	0.343	0.498	0.391	0.383
9480	0.343	0.495	0.392	0.385
9490	0.343	0.495	0.391	0.382
eigenvalues:  tensor([88.7377, 87.8941])
hess item is 0.0025669774040579796
9500	0.343	0.497	0.392	0.385
9510	0.343	0.495	0.391	0.381
9520	0.343	0.494	0.392	0.382
9530	0.343	0.496	0.391	0.386
9540	0.342	0.500	0.392	0.382
eigenvalues:  tensor([88.4750, 87.5853])
hess item is 0.0025732507929205894
9550	0.342	0.502	0.391	0.384
9560	0.342	0.499	0.391	0.387
9570	0.341	0.503	0.391	0.383
9580	0.341	0.505	0.391	0.384
9590	0.342	0.504	0.391	0.386
eigenvalues:  tensor([88.6796, 87.7844])
hess item is 0.0026008719578385353
9600	0.341	0.500	0.391	0.383
9610	0.342	0.498	0.390	0.385
9620	0.342	0.498	0.390	0.389
9630	0.342	0.501	0.391	0.385
9640	0.342	0.500	0.391	0.385
eigenvalues:  tensor([88.3026, 87.3417])
hess item is 0.002606938360258937
9650	0.342	0.503	0.391	0.389
9660	0.341	0.504	0.391	0.383
9670	0.341	0.502	0.391	0.385
9680	0.341	0.502	0.391	0.386
9690	0.341	0.502	0.391	0.385
eigenvalues:  tensor([88.1738, 87.2579])
hess item is 0.0025882490444928408
9700	0.342	0.500	0.391	0.387
9710	0.341	0.504	0.391	0.387
9720	0.342	0.499	0.391	0.389
9730	0.342	0.501	0.391	0.388
9740	0.343	0.501	0.392	0.385
eigenvalues:  tensor([88.0098, 87.0939])
hess item is 0.002572660567238927
9750	0.342	0.497	0.392	0.381
9760	0.341	0.498	0.392	0.383
9770	0.341	0.499	0.392	0.384
9780	0.341	0.500	0.391	0.388
9790	0.341	0.503	0.392	0.386
eigenvalues:  tensor([88.0490, 87.1678])
hess item is 0.0025623824913054705
9800	0.341	0.503	0.391	0.388
9810	0.342	0.503	0.391	0.389
9820	0.342	0.504	0.392	0.383
9830	0.342	0.501	0.392	0.388
9840	0.341	0.505	0.392	0.387
eigenvalues:  tensor([87.9918, 87.1186])
hess item is 0.002580775413662195
9850	0.342	0.502	0.392	0.385
9860	0.341	0.505	0.392	0.384
9870	0.340	0.503	0.392	0.386
9880	0.340	0.502	0.392	0.389
9890	0.341	0.501	0.392	0.388
eigenvalues:  tensor([88.9918, 88.1145])
hess item is 0.0025807013735175133
9900	0.341	0.500	0.392	0.386
9910	0.341	0.501	0.392	0.386
9920	0.341	0.505	0.392	0.388
9930	0.340	0.510	0.392	0.387
9940	0.340	0.505	0.392	0.388
eigenvalues:  tensor([89.3668, 88.4788])
hess item is 0.0025825551711022854
9950	0.340	0.504	0.392	0.388
9960	0.340	0.504	0.392	0.382
9970	0.340	0.506	0.392	0.386
9980	0.340	0.505	0.392	0.384
9990	0.340	0.503	0.392	0.386
