device: cuda:4
output directory: RESULTS/cifar10-10k/fc-tanh/seed_0/mse/ivon/lr_0.0005/h0_1.0/ess_100000000.0/post_50/beta2_0.999/beta_0.0_alpha_100.0_ivon
Files already downloaded and verified
Files already downloaded and verified
optimizer is IVON
0	0.597	0.131	0.597	0.131
10	0.574	0.136	0.574	0.137
20	0.558	0.142	0.559	0.142
30	0.547	0.149	0.548	0.150
40	0.538	0.155	0.540	0.155
eigenvalues:  tensor([80.6526, 66.5465])
hess item is 0.9515199065208435
50	0.532	0.161	0.533	0.163
60	0.526	0.169	0.528	0.169
70	0.522	0.174	0.523	0.173
80	0.518	0.179	0.519	0.178
90	0.514	0.184	0.516	0.184
eigenvalues:  tensor([80.3264, 66.1564])
hess item is 0.9053265452384949
100	0.511	0.190	0.513	0.187
110	0.508	0.195	0.510	0.191
120	0.506	0.198	0.507	0.193
130	0.503	0.202	0.505	0.196
140	0.501	0.205	0.503	0.199
eigenvalues:  tensor([79.8526, 65.6825])
hess item is 0.8613409399986267
150	0.499	0.209	0.501	0.201
160	0.496	0.210	0.499	0.204
170	0.494	0.213	0.497	0.207
180	0.491	0.216	0.494	0.209
190	0.489	0.220	0.491	0.212
eigenvalues:  tensor([79.4192, 65.2020])
hess item is 0.8194717168807983
200	0.486	0.223	0.488	0.216
210	0.484	0.226	0.486	0.217
220	0.482	0.226	0.485	0.219
230	0.480	0.227	0.483	0.221
240	0.478	0.231	0.481	0.223
eigenvalues:  tensor([79.0208, 64.7378])
hess item is 0.7796580195426941
250	0.476	0.233	0.479	0.226
260	0.474	0.236	0.477	0.228
270	0.473	0.239	0.476	0.230
280	0.472	0.241	0.475	0.231
290	0.471	0.242	0.474	0.233
eigenvalues:  tensor([78.6456, 64.2897])
hess item is 0.7417845129966736
300	0.469	0.245	0.473	0.234
310	0.468	0.246	0.471	0.236
320	0.467	0.248	0.470	0.237
330	0.466	0.249	0.469	0.240
340	0.465	0.250	0.468	0.241
eigenvalues:  tensor([78.2808, 63.8605])
hess item is 0.7057658433914185
350	0.464	0.252	0.467	0.243
360	0.463	0.254	0.466	0.244
370	0.462	0.255	0.465	0.246
380	0.461	0.257	0.464	0.248
390	0.460	0.258	0.463	0.249
eigenvalues:  tensor([77.9253, 63.4538])
hess item is 0.6714953780174255
400	0.459	0.260	0.462	0.250
410	0.458	0.261	0.461	0.252
420	0.457	0.262	0.461	0.254
430	0.456	0.264	0.460	0.256
440	0.455	0.266	0.459	0.257
eigenvalues:  tensor([77.5766, 63.0658])
hess item is 0.6389005780220032
450	0.454	0.267	0.458	0.258
460	0.453	0.268	0.457	0.259
470	0.452	0.269	0.456	0.261
480	0.451	0.271	0.455	0.262
490	0.450	0.273	0.454	0.262
eigenvalues:  tensor([77.2358, 62.6943])
hess item is 0.6078891158103943
500	0.449	0.274	0.454	0.264
510	0.448	0.275	0.453	0.265
520	0.448	0.276	0.452	0.266
530	0.447	0.278	0.451	0.268
540	0.446	0.280	0.451	0.269
eigenvalues:  tensor([76.9009, 62.3456])
hess item is 0.578400194644928
550	0.445	0.282	0.450	0.269
560	0.445	0.283	0.449	0.271
570	0.444	0.285	0.449	0.273
580	0.443	0.286	0.448	0.274
590	0.442	0.287	0.447	0.275
eigenvalues:  tensor([76.5700, 62.0347])
hess item is 0.550349771976471
600	0.442	0.288	0.447	0.275
610	0.441	0.290	0.446	0.276
620	0.440	0.292	0.445	0.277
630	0.440	0.294	0.445	0.278
640	0.439	0.295	0.444	0.279
eigenvalues:  tensor([76.2463, 61.7787])
hess item is 0.5236622095108032
650	0.438	0.297	0.444	0.280
660	0.438	0.298	0.443	0.282
670	0.437	0.299	0.442	0.283
680	0.436	0.301	0.442	0.284
690	0.436	0.302	0.441	0.285
eigenvalues:  tensor([75.9291, 61.5801])
hess item is 0.49827736616134644
700	0.435	0.303	0.441	0.286
710	0.434	0.304	0.440	0.287
720	0.434	0.305	0.439	0.287
730	0.433	0.306	0.439	0.288
740	0.433	0.307	0.438	0.289
eigenvalues:  tensor([75.6190, 61.4210])
hess item is 0.47413381934165955
750	0.432	0.308	0.438	0.290
760	0.431	0.310	0.437	0.292
770	0.431	0.312	0.437	0.293
780	0.430	0.313	0.436	0.294
790	0.430	0.314	0.436	0.295
eigenvalues:  tensor([75.3162, 61.2836])
hess item is 0.45116347074508667
800	0.429	0.315	0.435	0.296
810	0.429	0.317	0.435	0.296
820	0.428	0.318	0.434	0.297
830	0.428	0.319	0.434	0.298
840	0.427	0.320	0.433	0.298
eigenvalues:  tensor([75.0200, 61.1613])
hess item is 0.4293037950992584
850	0.426	0.322	0.433	0.299
860	0.426	0.323	0.432	0.299
870	0.425	0.324	0.432	0.300
880	0.425	0.325	0.431	0.300
890	0.424	0.326	0.431	0.301
eigenvalues:  tensor([74.7337, 61.0485])
hess item is 0.4085187613964081
900	0.424	0.327	0.431	0.302
910	0.423	0.327	0.430	0.303
920	0.423	0.328	0.430	0.304
930	0.422	0.329	0.429	0.304
940	0.422	0.330	0.429	0.305
eigenvalues:  tensor([74.4549, 60.9425])
hess item is 0.3887491524219513
950	0.422	0.331	0.428	0.305
960	0.421	0.332	0.428	0.305
970	0.421	0.334	0.428	0.306
980	0.420	0.335	0.427	0.307
990	0.420	0.336	0.427	0.307
eigenvalues:  tensor([74.1833, 60.8419])
hess item is 0.36994245648384094
1000	0.419	0.337	0.426	0.308
1010	0.419	0.338	0.426	0.309
1020	0.418	0.339	0.426	0.309
1030	0.418	0.340	0.425	0.310
1040	0.418	0.341	0.425	0.311
eigenvalues:  tensor([73.9219, 60.7469])
hess item is 0.35205593705177307
1050	0.417	0.342	0.425	0.312
1060	0.417	0.343	0.424	0.313
1070	0.416	0.343	0.424	0.314
1080	0.416	0.345	0.424	0.315
1090	0.415	0.345	0.423	0.315
eigenvalues:  tensor([73.6653, 60.6575])
hess item is 0.3350367248058319
1100	0.415	0.346	0.423	0.316
1110	0.415	0.347	0.423	0.317
1120	0.414	0.347	0.422	0.318
1130	0.414	0.347	0.422	0.319
1140	0.414	0.348	0.422	0.319
eigenvalues:  tensor([73.4186, 60.5733])
hess item is 0.31884825229644775
1150	0.413	0.349	0.421	0.320
1160	0.413	0.350	0.421	0.320
1170	0.412	0.351	0.421	0.320
1180	0.412	0.352	0.420	0.322
1190	0.412	0.352	0.420	0.322
eigenvalues:  tensor([73.1741, 60.4926])
hess item is 0.3034389913082123
1200	0.411	0.354	0.420	0.323
1210	0.411	0.355	0.419	0.323
1220	0.410	0.356	0.419	0.324
1230	0.410	0.357	0.419	0.325
1240	0.410	0.357	0.418	0.326
eigenvalues:  tensor([72.9362, 60.4163])
hess item is 0.2887847423553467
1250	0.409	0.358	0.418	0.326
1260	0.409	0.359	0.418	0.327
1270	0.409	0.361	0.418	0.328
1280	0.408	0.361	0.417	0.328
1290	0.408	0.362	0.417	0.329
eigenvalues:  tensor([72.7083, 60.3405])
hess item is 0.2748458981513977
1300	0.408	0.363	0.417	0.330
1310	0.407	0.363	0.416	0.331
1320	0.407	0.364	0.416	0.332
1330	0.407	0.365	0.416	0.333
1340	0.406	0.365	0.416	0.334
eigenvalues:  tensor([72.4876, 60.2676])
hess item is 0.26159021258354187
1350	0.406	0.366	0.415	0.334
1360	0.406	0.367	0.415	0.335
1370	0.405	0.367	0.415	0.336
1380	0.405	0.368	0.415	0.337
1390	0.405	0.369	0.414	0.338
eigenvalues:  tensor([72.2766, 60.1967])
hess item is 0.24897967278957367
1400	0.405	0.370	0.414	0.338
1410	0.404	0.371	0.414	0.339
1420	0.404	0.372	0.414	0.340
1430	0.404	0.373	0.414	0.341
1440	0.403	0.374	0.413	0.342
eigenvalues:  tensor([72.0730, 60.1304])
hess item is 0.23698458075523376
1450	0.403	0.375	0.413	0.342
1460	0.403	0.375	0.413	0.343
1470	0.403	0.375	0.413	0.344
1480	0.402	0.377	0.413	0.344
1490	0.402	0.378	0.412	0.344
eigenvalues:  tensor([71.8757, 60.0661])
hess item is 0.22557669878005981
1500	0.402	0.379	0.412	0.345
1510	0.401	0.379	0.412	0.345
1520	0.401	0.380	0.412	0.345
1530	0.401	0.380	0.412	0.345
1540	0.401	0.381	0.411	0.346
eigenvalues:  tensor([71.6862, 60.0051])
hess item is 0.2147260457277298
1550	0.400	0.381	0.411	0.347
1560	0.400	0.382	0.411	0.348
1570	0.400	0.383	0.411	0.349
1580	0.400	0.384	0.411	0.349
1590	0.399	0.385	0.410	0.350
eigenvalues:  tensor([71.5020, 59.9490])
hess item is 0.20440156757831573
1600	0.399	0.386	0.410	0.351
1610	0.399	0.387	0.410	0.351
1620	0.399	0.388	0.410	0.352
1630	0.398	0.388	0.410	0.352
1640	0.398	0.389	0.410	0.352
eigenvalues:  tensor([71.3280, 59.8963])
hess item is 0.19458071887493134
1650	0.398	0.390	0.409	0.353
1660	0.398	0.390	0.409	0.353
1670	0.397	0.391	0.409	0.354
1680	0.397	0.391	0.409	0.354
1690	0.397	0.391	0.409	0.354
eigenvalues:  tensor([71.1601, 59.8447])
hess item is 0.18523716926574707
1700	0.397	0.392	0.409	0.356
1710	0.396	0.393	0.408	0.356
1720	0.396	0.394	0.408	0.356
1730	0.396	0.395	0.408	0.357
1740	0.396	0.395	0.408	0.357
eigenvalues:  tensor([70.9952, 59.7993])
hess item is 0.1763477921485901
1750	0.395	0.396	0.408	0.357
1760	0.395	0.397	0.408	0.357
1770	0.395	0.398	0.408	0.358
1780	0.395	0.399	0.407	0.357
1790	0.395	0.400	0.407	0.358
eigenvalues:  tensor([70.8404, 59.7571])
hess item is 0.16789600253105164
1800	0.394	0.400	0.407	0.358
1810	0.394	0.401	0.407	0.359
1820	0.394	0.401	0.407	0.359
1830	0.394	0.402	0.407	0.359
1840	0.393	0.402	0.407	0.359
eigenvalues:  tensor([70.6834, 59.7229])
hess item is 0.15985383093357086
1850	0.393	0.403	0.406	0.359
1860	0.393	0.403	0.406	0.360
1870	0.393	0.404	0.406	0.361
1880	0.393	0.404	0.406	0.361
1890	0.392	0.405	0.406	0.361
eigenvalues:  tensor([70.5386, 59.6873])
hess item is 0.15220527350902557
1900	0.392	0.406	0.406	0.361
1910	0.392	0.406	0.406	0.361
1920	0.392	0.407	0.406	0.362
1930	0.391	0.407	0.405	0.362
1940	0.391	0.408	0.405	0.362
eigenvalues:  tensor([70.3932, 59.6580])
hess item is 0.14492923021316528
1950	0.391	0.409	0.405	0.362
1960	0.391	0.410	0.405	0.363
1970	0.391	0.410	0.405	0.363
1980	0.390	0.411	0.405	0.364
1990	0.390	0.412	0.405	0.363
eigenvalues:  tensor([70.2513, 59.6302])
hess item is 0.1380079984664917
2000	0.390	0.412	0.405	0.364
2010	0.390	0.413	0.404	0.365
2020	0.390	0.415	0.404	0.364
2030	0.389	0.415	0.404	0.364
2040	0.389	0.417	0.404	0.365
eigenvalues:  tensor([70.1153, 59.6055])
hess item is 0.13142435252666473
2050	0.389	0.418	0.404	0.366
2060	0.389	0.419	0.404	0.366
2070	0.389	0.420	0.404	0.366
2080	0.388	0.420	0.404	0.367
2090	0.388	0.421	0.404	0.367
eigenvalues:  tensor([69.9788, 59.5859])
hess item is 0.12516170740127563
2100	0.388	0.422	0.403	0.367
2110	0.388	0.423	0.403	0.368
2120	0.388	0.423	0.403	0.369
2130	0.387	0.425	0.403	0.369
2140	0.387	0.426	0.403	0.369
eigenvalues:  tensor([69.8487, 59.5676])
hess item is 0.11920546740293503
2150	0.387	0.426	0.403	0.369
2160	0.387	0.427	0.403	0.369
2170	0.386	0.427	0.403	0.369
2180	0.386	0.428	0.403	0.369
2190	0.386	0.428	0.402	0.369
eigenvalues:  tensor([69.7162, 59.5566])
hess item is 0.11353972554206848
2200	0.386	0.429	0.402	0.370
2210	0.386	0.430	0.402	0.370
2220	0.385	0.431	0.402	0.370
2230	0.385	0.431	0.402	0.371
2240	0.385	0.431	0.402	0.371
eigenvalues:  tensor([69.5866, 59.5473])
hess item is 0.10814975947141647
2250	0.385	0.432	0.402	0.371
2260	0.385	0.432	0.402	0.371
2270	0.384	0.433	0.402	0.371
2280	0.384	0.433	0.402	0.372
2290	0.384	0.434	0.401	0.372
eigenvalues:  tensor([69.4599, 59.5389])
hess item is 0.10302305966615677
2300	0.384	0.435	0.401	0.372
2310	0.384	0.435	0.401	0.373
2320	0.383	0.435	0.401	0.373
2330	0.383	0.436	0.401	0.374
2340	0.383	0.437	0.401	0.374
eigenvalues:  tensor([69.3307, 59.5348])
hess item is 0.09814637899398804
2350	0.383	0.437	0.401	0.374
2360	0.383	0.437	0.401	0.374
2370	0.382	0.438	0.401	0.374
2380	0.382	0.439	0.401	0.374
2390	0.382	0.439	0.401	0.375
eigenvalues:  tensor([69.2017, 59.5356])
hess item is 0.09350892901420593
2400	0.382	0.440	0.400	0.375
2410	0.382	0.441	0.400	0.375
2420	0.381	0.442	0.400	0.376
2430	0.381	0.442	0.400	0.376
2440	0.381	0.442	0.400	0.377
eigenvalues:  tensor([69.0732, 59.5379])
hess item is 0.08909747004508972
2450	0.381	0.444	0.400	0.377
2460	0.381	0.444	0.400	0.377
2470	0.380	0.445	0.400	0.378
2480	0.380	0.446	0.400	0.379
2490	0.380	0.447	0.400	0.378
eigenvalues:  tensor([68.9467, 59.5448])
hess item is 0.08489997684955597
2500	0.380	0.447	0.400	0.379
2510	0.380	0.448	0.399	0.380
2520	0.379	0.449	0.399	0.381
2530	0.379	0.449	0.399	0.380
2540	0.379	0.450	0.399	0.381
eigenvalues:  tensor([68.8248, 59.5546])
hess item is 0.08090829104185104
2550	0.379	0.451	0.399	0.381
2560	0.379	0.452	0.399	0.381
2570	0.378	0.453	0.399	0.381
2580	0.378	0.453	0.399	0.382
2590	0.378	0.454	0.399	0.382
eigenvalues:  tensor([68.7086, 59.5680])
hess item is 0.07711046189069748
2600	0.378	0.454	0.399	0.382
2610	0.378	0.454	0.399	0.382
2620	0.377	0.455	0.399	0.383
2630	0.377	0.456	0.398	0.384
2640	0.377	0.457	0.398	0.384
eigenvalues:  tensor([68.5958, 59.5872])
hess item is 0.07349863648414612
2650	0.377	0.458	0.398	0.384
2660	0.376	0.458	0.398	0.384
2670	0.376	0.458	0.398	0.384
2680	0.376	0.459	0.398	0.384
2690	0.376	0.461	0.398	0.384
eigenvalues:  tensor([68.4965, 59.6111])
hess item is 0.07006329298019409
2700	0.376	0.461	0.398	0.384
2710	0.375	0.462	0.398	0.384
2720	0.375	0.464	0.398	0.385
2730	0.375	0.464	0.398	0.384
2740	0.375	0.465	0.398	0.385
eigenvalues:  tensor([68.4047, 59.6434])
hess item is 0.06679622828960419
2750	0.375	0.465	0.397	0.385
2760	0.374	0.466	0.397	0.385
2770	0.374	0.467	0.397	0.386
2780	0.374	0.467	0.397	0.386
2790	0.374	0.468	0.397	0.386
eigenvalues:  tensor([68.3285, 59.6744])
hess item is 0.06368857622146606
2800	0.373	0.468	0.397	0.387
2810	0.373	0.469	0.397	0.387
2820	0.373	0.470	0.397	0.388
2830	0.373	0.471	0.397	0.388
2840	0.373	0.471	0.397	0.388
eigenvalues:  tensor([68.2676, 59.7196])
hess item is 0.06073227524757385
2850	0.372	0.472	0.397	0.388
2860	0.372	0.473	0.397	0.388
2870	0.372	0.474	0.397	0.388
2880	0.372	0.474	0.397	0.388
2890	0.372	0.474	0.396	0.389
eigenvalues:  tensor([68.2136, 59.7682])
hess item is 0.057921357452869415
2900	0.371	0.475	0.396	0.389
2910	0.371	0.476	0.396	0.389
2920	0.371	0.477	0.396	0.389
2930	0.371	0.477	0.396	0.389
2940	0.370	0.478	0.396	0.390
eigenvalues:  tensor([68.1887, 59.8256])
hess item is 0.05524807795882225
2950	0.370	0.478	0.396	0.390
2960	0.370	0.478	0.396	0.391
2970	0.370	0.479	0.396	0.391
2980	0.369	0.479	0.396	0.391
2990	0.369	0.480	0.396	0.392
eigenvalues:  tensor([68.1811, 59.8961])
hess item is 0.05270617827773094
3000	0.369	0.480	0.396	0.391
3010	0.369	0.481	0.396	0.391
3020	0.369	0.481	0.396	0.391
3030	0.368	0.482	0.395	0.391
3040	0.368	0.483	0.395	0.392
eigenvalues:  tensor([68.1916, 59.9720])
hess item is 0.050288762897253036
3050	0.368	0.484	0.395	0.393
3060	0.368	0.484	0.395	0.393
3070	0.367	0.485	0.395	0.394
3080	0.367	0.485	0.395	0.394
3090	0.367	0.486	0.395	0.394
eigenvalues:  tensor([68.2308, 60.0618])
hess item is 0.04798927530646324
3100	0.367	0.486	0.395	0.394
3110	0.366	0.488	0.395	0.394
3120	0.366	0.488	0.395	0.394
3130	0.366	0.489	0.395	0.395
3140	0.366	0.490	0.395	0.395
eigenvalues:  tensor([68.2986, 60.1532])
hess item is 0.04580260440707207
3150	0.365	0.490	0.395	0.396
3160	0.365	0.491	0.395	0.396
3170	0.365	0.492	0.395	0.396
3180	0.365	0.492	0.394	0.397
3190	0.365	0.493	0.394	0.396
eigenvalues:  tensor([68.3883, 60.2606])
hess item is 0.04372399300336838
3200	0.364	0.494	0.394	0.397
3210	0.364	0.495	0.394	0.398
3220	0.364	0.496	0.394	0.398
3230	0.364	0.497	0.394	0.398
3240	0.363	0.498	0.394	0.399
eigenvalues:  tensor([68.5061, 60.3817])
hess item is 0.041746415197849274
3250	0.363	0.499	0.394	0.399
3260	0.363	0.499	0.394	0.399
3270	0.363	0.500	0.394	0.400
3280	0.362	0.501	0.394	0.400
3290	0.362	0.501	0.394	0.400
eigenvalues:  tensor([68.6570, 60.5132])
hess item is 0.03986620530486107
3300	0.362	0.502	0.394	0.400
3310	0.362	0.503	0.394	0.400
3320	0.361	0.503	0.394	0.401
3330	0.361	0.505	0.394	0.401
3340	0.361	0.505	0.394	0.401
eigenvalues:  tensor([68.8588, 60.6653])
hess item is 0.038078423589468
3350	0.360	0.507	0.393	0.401
3360	0.360	0.508	0.393	0.401
3370	0.360	0.509	0.393	0.401
3380	0.360	0.511	0.393	0.402
3390	0.359	0.511	0.393	0.402
eigenvalues:  tensor([69.0625, 60.8310])
hess item is 0.036379918456077576
3400	0.359	0.512	0.393	0.402
3410	0.359	0.513	0.393	0.403
3420	0.359	0.513	0.393	0.403
3430	0.358	0.514	0.393	0.403
3440	0.358	0.516	0.393	0.404
eigenvalues:  tensor([69.3241, 61.0168])
hess item is 0.0347648561000824
3450	0.358	0.517	0.393	0.404
3460	0.357	0.518	0.393	0.404
3470	0.357	0.518	0.393	0.404
3480	0.357	0.519	0.393	0.404
3490	0.357	0.520	0.393	0.404
eigenvalues:  tensor([69.6013, 61.2266])
hess item is 0.03322920575737953
3500	0.356	0.521	0.393	0.405
3510	0.356	0.522	0.393	0.405
3520	0.356	0.523	0.393	0.405
3530	0.356	0.523	0.393	0.405
3540	0.355	0.525	0.392	0.405
eigenvalues:  tensor([69.9315, 61.4519])
hess item is 0.03177054226398468
3550	0.355	0.526	0.392	0.405
3560	0.355	0.527	0.392	0.405
3570	0.354	0.528	0.392	0.406
3580	0.354	0.528	0.392	0.405
3590	0.354	0.530	0.392	0.406
eigenvalues:  tensor([70.3131, 61.7058])
hess item is 0.030383862555027008
3600	0.353	0.530	0.392	0.406
3610	0.353	0.531	0.392	0.406
3620	0.353	0.532	0.392	0.406
3630	0.353	0.534	0.392	0.406
3640	0.352	0.535	0.392	0.406
eigenvalues:  tensor([70.7290, 61.9914])
hess item is 0.029065163806080818
3650	0.352	0.536	0.392	0.406
3660	0.352	0.538	0.392	0.406
3670	0.351	0.538	0.392	0.406
3680	0.351	0.539	0.392	0.407
3690	0.351	0.540	0.392	0.406
eigenvalues:  tensor([71.1822, 62.3162])
hess item is 0.02781381830573082
3700	0.350	0.540	0.392	0.407
3710	0.350	0.541	0.392	0.407
3720	0.350	0.542	0.392	0.408
3730	0.349	0.543	0.392	0.408
3740	0.349	0.543	0.392	0.408
eigenvalues:  tensor([71.6578, 62.6528])
hess item is 0.026624027639627457
3750	0.349	0.545	0.392	0.408
3760	0.349	0.546	0.392	0.409
3770	0.348	0.546	0.392	0.409
3780	0.348	0.547	0.391	0.410
3790	0.348	0.548	0.391	0.410
eigenvalues:  tensor([72.1907, 63.0338])
hess item is 0.025494098663330078
3800	0.347	0.549	0.391	0.410
3810	0.347	0.550	0.391	0.411
3820	0.347	0.552	0.391	0.411
3830	0.346	0.553	0.391	0.411
3840	0.346	0.553	0.391	0.411
eigenvalues:  tensor([72.7875, 63.4537])
hess item is 0.024421196430921555
3850	0.346	0.554	0.391	0.412
3860	0.345	0.555	0.391	0.411
3870	0.345	0.556	0.391	0.411
3880	0.344	0.557	0.391	0.412
3890	0.344	0.558	0.391	0.411
eigenvalues:  tensor([73.4391, 63.9141])
hess item is 0.02340233512222767
3900	0.344	0.560	0.391	0.412
3910	0.343	0.559	0.391	0.412
3920	0.343	0.561	0.391	0.412
3930	0.343	0.562	0.391	0.412
3940	0.342	0.563	0.391	0.412
eigenvalues:  tensor([74.1057, 64.4173])
hess item is 0.022435583174228668
3950	0.342	0.565	0.391	0.412
3960	0.342	0.567	0.391	0.412
3970	0.341	0.569	0.391	0.412
3980	0.341	0.570	0.391	0.412
3990	0.341	0.571	0.391	0.412
eigenvalues:  tensor([74.8619, 64.9580])
hess item is 0.02151772752404213
4000	0.340	0.573	0.391	0.412
4010	0.340	0.573	0.391	0.413
4020	0.339	0.573	0.391	0.413
4030	0.339	0.574	0.391	0.413
4040	0.339	0.575	0.391	0.413
eigenvalues:  tensor([75.6481, 65.5452])
hess item is 0.020646175369620323
4050	0.338	0.576	0.391	0.412
4060	0.338	0.577	0.391	0.413
4070	0.337	0.578	0.391	0.413
4080	0.337	0.579	0.391	0.413
4090	0.337	0.579	0.391	0.412
eigenvalues:  tensor([76.5613, 66.1821])
hess item is 0.01982136443257332
4100	0.336	0.581	0.391	0.413
4110	0.336	0.583	0.391	0.412
4120	0.335	0.583	0.391	0.412
4130	0.335	0.585	0.391	0.412
4140	0.335	0.584	0.391	0.412
eigenvalues:  tensor([77.4254, 66.8722])
hess item is 0.01903722435235977
4150	0.334	0.587	0.391	0.413
4160	0.334	0.587	0.391	0.413
4170	0.333	0.589	0.391	0.414
4180	0.333	0.590	0.391	0.414
4190	0.333	0.591	0.391	0.414
eigenvalues:  tensor([78.4142, 67.6067])
hess item is 0.01829567924141884
4200	0.332	0.593	0.391	0.414
4210	0.332	0.594	0.391	0.414
4220	0.331	0.595	0.391	0.414
4230	0.331	0.596	0.391	0.412
4240	0.331	0.596	0.391	0.412
eigenvalues:  tensor([79.2831, 68.3962])
hess item is 0.017593933269381523
4250	0.331	0.594	0.392	0.408
4260	0.334	0.586	0.396	0.401
4270	0.338	0.576	0.399	0.394
4280	0.332	0.592	0.394	0.406
4290	0.329	0.600	0.392	0.412
eigenvalues:  tensor([72.5846, 68.3374])
hess item is 0.016964707523584366
4300	0.328	0.603	0.391	0.412
4310	0.328	0.604	0.391	0.412
4320	0.328	0.603	0.392	0.409
4330	0.330	0.595	0.395	0.405
4340	0.332	0.591	0.396	0.400
eigenvalues:  tensor([69.5894, 68.1057])
hess item is 0.016360456123948097
4350	0.330	0.597	0.395	0.404
4360	0.327	0.604	0.393	0.409
4370	0.326	0.603	0.393	0.410
4380	0.327	0.604	0.393	0.409
4390	0.327	0.604	0.394	0.407
eigenvalues:  tensor([70.5230, 66.9496])
hess item is 0.015780838206410408
4400	0.327	0.605	0.394	0.406
4410	0.327	0.608	0.395	0.404
4420	0.326	0.611	0.394	0.405
4430	0.325	0.616	0.394	0.407
4440	0.325	0.617	0.395	0.408
eigenvalues:  tensor([68.3643, 65.7595])
hess item is 0.015238526277244091
4450	0.328	0.610	0.398	0.403
4460	0.331	0.598	0.402	0.396
4470	0.327	0.610	0.398	0.403
4480	0.328	0.604	0.399	0.405
4490	0.325	0.610	0.397	0.407
eigenvalues:  tensor([63.5295, 62.5408])
hess item is 0.01475287601351738
4500	0.322	0.622	0.394	0.412
4510	0.321	0.623	0.394	0.411
4520	0.322	0.621	0.396	0.407
4530	0.324	0.614	0.398	0.406
4540	0.323	0.613	0.398	0.407
eigenvalues:  tensor([64.4270, 61.6163])
hess item is 0.014278005808591843
4550	0.329	0.599	0.403	0.394
4560	0.326	0.609	0.401	0.395
4570	0.321	0.625	0.397	0.404
4580	0.333	0.604	0.408	0.386
4590	0.323	0.618	0.399	0.401
eigenvalues:  tensor([60.1132, 58.6869])
hess item is 0.013859311118721962
4600	0.320	0.627	0.397	0.409
4610	0.325	0.614	0.402	0.406
4620	0.317	0.632	0.396	0.413
4630	0.318	0.631	0.397	0.411
4640	0.329	0.606	0.408	0.390
eigenvalues:  tensor([61.2674, 57.1545])
hess item is 0.013456065207719803
4650	0.326	0.612	0.405	0.391
4660	0.337	0.582	0.417	0.379
4670	0.322	0.610	0.403	0.393
4680	0.320	0.626	0.401	0.399
4690	0.321	0.627	0.403	0.396
eigenvalues:  tensor([55.3526, 54.9856])
hess item is 0.013100397773087025
4700	0.321	0.630	0.403	0.402
4710	0.317	0.643	0.399	0.405
4720	0.319	0.636	0.402	0.398
4730	0.316	0.643	0.400	0.403
4740	0.334	0.594	0.418	0.379
eigenvalues:  tensor([55.5158, 54.8135])
hess item is 0.012745993211865425
4750	0.320	0.627	0.404	0.403
4760	0.328	0.608	0.412	0.393
4770	0.313	0.650	0.398	0.408
4780	0.320	0.639	0.406	0.397
4790	0.325	0.622	0.412	0.388
eigenvalues:  tensor([52.2244, 51.3946])
hess item is 0.012429485097527504
4800	0.327	0.609	0.414	0.391
4810	0.315	0.639	0.402	0.405
4820	0.327	0.622	0.414	0.384
4830	0.310	0.670	0.399	0.399
4840	0.324	0.622	0.414	0.380
eigenvalues:  tensor([51.4855, 49.6901])
hess item is 0.01210720557719469
4850	0.325	0.627	0.414	0.390
4860	0.318	0.633	0.407	0.399
4870	0.309	0.668	0.399	0.406
4880	0.317	0.648	0.408	0.391
4890	0.335	0.589	0.427	0.376
eigenvalues:  tensor([48.7421, 47.0197])
hess item is 0.01184605248272419
4900	0.322	0.626	0.414	0.386
4910	0.311	0.662	0.405	0.399
4920	0.323	0.626	0.417	0.390
4930	0.319	0.622	0.412	0.394
4940	0.321	0.632	0.414	0.396
eigenvalues:  tensor([50.0359, 47.5438])
hess item is 0.011563536711037159
4950	0.310	0.658	0.405	0.406
4960	0.347	0.582	0.443	0.360
4970	0.304	0.669	0.399	0.414
4980	0.315	0.652	0.411	0.402
4990	0.321	0.638	0.418	0.397
eigenvalues:  tensor([47.6821, 47.0163])
hess item is 0.011309575289487839
5000	0.323	0.632	0.419	0.386
5010	0.312	0.653	0.411	0.397
5020	0.317	0.648	0.417	0.388
5030	0.362	0.560	0.458	0.343
5040	0.320	0.621	0.417	0.387
eigenvalues:  tensor([45.2818, 44.1512])
hess item is 0.011102775111794472
5050	0.311	0.656	0.410	0.397
5060	0.320	0.633	0.418	0.392
5070	0.314	0.652	0.414	0.397
5080	0.328	0.624	0.429	0.379
5090	0.321	0.635	0.421	0.381
eigenvalues:  tensor([44.0966, 43.9690])
hess item is 0.010884500108659267
5100	0.330	0.614	0.431	0.365
5110	0.299	0.684	0.402	0.409
5120	0.330	0.623	0.433	0.376
5130	0.314	0.658	0.417	0.389
5140	0.328	0.629	0.433	0.383
eigenvalues:  tensor([43.0551, 41.8476])
hess item is 0.010692167095839977
5150	0.316	0.658	0.419	0.392
5160	0.315	0.655	0.419	0.386
5170	0.321	0.634	0.427	0.366
5180	0.320	0.645	0.424	0.374
5190	0.301	0.679	0.406	0.407
eigenvalues:  tensor([41.3705, 40.6708])
hess item is 0.010477937757968903
5200	0.341	0.602	0.444	0.372
5210	0.314	0.660	0.420	0.385
5220	0.306	0.677	0.413	0.396
5230	0.321	0.637	0.429	0.375
5240	0.313	0.663	0.421	0.383
eigenvalues:  tensor([40.9529, 39.3800])
hess item is 0.010273653082549572
5250	0.300	0.687	0.408	0.400
5260	0.317	0.629	0.425	0.385
5270	0.324	0.639	0.434	0.370
5280	0.302	0.682	0.412	0.397
5290	0.308	0.671	0.420	0.387
eigenvalues:  tensor([40.2642, 39.4358])
hess item is 0.0100929643958807
5300	0.317	0.635	0.427	0.369
5310	0.305	0.674	0.417	0.389
5320	0.295	0.693	0.408	0.405
5330	0.324	0.629	0.434	0.379
5340	0.309	0.673	0.422	0.377
eigenvalues:  tensor([39.6029, 39.0428])
hess item is 0.00989045575261116
5350	0.291	0.714	0.406	0.405
5360	0.311	0.665	0.427	0.385
5370	0.307	0.662	0.423	0.386
5380	0.316	0.645	0.433	0.374
5390	0.287	0.717	0.405	0.407
eigenvalues:  tensor([38.3141, 37.8313])
hess item is 0.009693345986306667
5400	0.303	0.669	0.421	0.389
5410	0.302	0.682	0.421	0.382
5420	0.289	0.706	0.410	0.400
5430	0.298	0.689	0.418	0.394
5440	0.316	0.652	0.435	0.382
eigenvalues:  tensor([38.8594, 38.3033])
hess item is 0.009522911161184311
5450	0.299	0.696	0.420	0.392
5460	0.280	0.740	0.403	0.410
5470	0.306	0.683	0.428	0.389
5480	0.320	0.655	0.442	0.350
5490	0.288	0.708	0.412	0.401
eigenvalues:  tensor([38.1211, 37.2921])
hess item is 0.009336963295936584
5500	0.306	0.668	0.432	0.381
5510	0.282	0.739	0.408	0.397
5520	0.289	0.716	0.417	0.396
5530	0.300	0.696	0.427	0.396
5540	0.287	0.717	0.414	0.400
eigenvalues:  tensor([38.1944, 37.1580])
hess item is 0.009165819734334946
5550	0.300	0.694	0.427	0.391
5560	0.275	0.745	0.406	0.407
5570	0.300	0.691	0.431	0.386
5580	0.297	0.696	0.428	0.373
5590	0.273	0.752	0.405	0.411
eigenvalues:  tensor([38.1433, 37.3723])
hess item is 0.008971966803073883
5600	0.289	0.718	0.424	0.392
5610	0.284	0.730	0.418	0.389
5620	0.310	0.680	0.444	0.374
5630	0.300	0.682	0.432	0.387
5640	0.291	0.717	0.424	0.386
eigenvalues:  tensor([38.7725, 38.0348])
hess item is 0.008844711817800999
5650	0.291	0.699	0.425	0.392
5660	0.297	0.694	0.432	0.382
5670	0.290	0.714	0.427	0.386
5680	0.286	0.722	0.424	0.400
5690	0.310	0.679	0.446	0.366
eigenvalues:  tensor([37.3201, 36.5906])
hess item is 0.00872078537940979
5700	0.267	0.764	0.405	0.403
5710	0.291	0.699	0.430	0.373
5720	0.327	0.642	0.467	0.334
5730	0.272	0.750	0.413	0.409
5740	0.287	0.713	0.429	0.391
eigenvalues:  tensor([37.7913, 37.1152])
hess item is 0.00857587531208992
5750	0.293	0.720	0.435	0.382
5760	0.275	0.745	0.418	0.399
5770	0.282	0.737	0.425	0.389
5780	0.284	0.739	0.427	0.385
5790	0.279	0.740	0.425	0.387
eigenvalues:  tensor([37.5095, 36.7286])
hess item is 0.00843387097120285
5800	0.274	0.748	0.421	0.398
5810	0.270	0.756	0.417	0.403
5820	0.277	0.743	0.423	0.391
5830	0.276	0.756	0.425	0.386
5840	0.275	0.757	0.425	0.376
eigenvalues:  tensor([37.8949, 36.7995])
hess item is 0.008274373598396778
5850	0.260	0.786	0.411	0.407
5860	0.290	0.725	0.439	0.385
5870	0.267	0.774	0.418	0.400
5880	0.280	0.734	0.432	0.394
5890	0.263	0.774	0.417	0.409
eigenvalues:  tensor([38.6438, 37.9402])
hess item is 0.008144104853272438
5900	0.280	0.746	0.432	0.389
5910	0.268	0.760	0.424	0.405
5920	0.274	0.740	0.430	0.387
5930	0.269	0.754	0.428	0.382
5940	0.279	0.743	0.435	0.382
eigenvalues:  tensor([38.1098, 37.7730])
hess item is 0.008040027692914009
5950	0.284	0.731	0.440	0.378
5960	0.257	0.788	0.415	0.404
5970	0.274	0.745	0.432	0.397
5980	0.273	0.751	0.431	0.391
5990	0.265	0.783	0.425	0.387
eigenvalues:  tensor([38.0032, 36.9346])
hess item is 0.007945127785205841
6000	0.267	0.763	0.428	0.388
6010	0.277	0.736	0.439	0.381
6020	0.274	0.750	0.437	0.381
6030	0.266	0.761	0.428	0.378
6040	0.266	0.774	0.430	0.390
eigenvalues:  tensor([37.9349, 36.6508])
hess item is 0.007850036956369877
6050	0.257	0.790	0.422	0.397
6060	0.262	0.779	0.430	0.396
6070	0.269	0.758	0.435	0.387
6080	0.251	0.790	0.418	0.405
6090	0.268	0.757	0.438	0.380
eigenvalues:  tensor([38.8374, 37.7350])
hess item is 0.007736870087683201
6100	0.268	0.773	0.437	0.373
6110	0.256	0.789	0.426	0.397
6120	0.256	0.781	0.428	0.396
6130	0.267	0.772	0.438	0.373
6140	0.259	0.781	0.432	0.390
eigenvalues:  tensor([37.9281, 36.8416])
hess item is 0.00763566792011261
6150	0.241	0.818	0.415	0.409
6160	0.282	0.732	0.455	0.381
6170	0.251	0.807	0.428	0.397
6180	0.252	0.795	0.429	0.396
6190	0.258	0.782	0.435	0.382
eigenvalues:  tensor([38.7813, 37.9468])
hess item is 0.007536602206528187
6200	0.268	0.767	0.447	0.369
6210	0.248	0.805	0.427	0.393
6220	0.260	0.779	0.440	0.382
6230	0.255	0.789	0.435	0.385
6240	0.244	0.818	0.427	0.396
eigenvalues:  tensor([38.4032, 38.0900])
hess item is 0.00748645281419158
6250	0.252	0.804	0.434	0.389
6260	0.256	0.786	0.440	0.384
6270	0.250	0.795	0.434	0.389
6280	0.265	0.777	0.446	0.375
6290	0.260	0.781	0.442	0.386
eigenvalues:  tensor([38.3082, 38.1726])
hess item is 0.007391826249659061
6300	0.250	0.808	0.435	0.393
6310	0.264	0.771	0.449	0.389
6320	0.242	0.819	0.426	0.390
6330	0.237	0.826	0.426	0.402
6340	0.274	0.744	0.459	0.372
eigenvalues:  tensor([38.0842, 37.5405])
hess item is 0.007335927337408066
6350	0.250	0.797	0.439	0.381
6360	0.241	0.823	0.431	0.384
6370	0.260	0.792	0.450	0.359
6380	0.253	0.801	0.445	0.387
6390	0.253	0.792	0.447	0.372
eigenvalues:  tensor([40.1755, 39.1117])
hess item is 0.007283403538167477
6400	0.268	0.777	0.458	0.377
6410	0.231	0.840	0.426	0.402
6420	0.242	0.817	0.436	0.386
6430	0.236	0.826	0.435	0.387
6440	0.246	0.811	0.444	0.394
eigenvalues:  tensor([38.9159, 38.2818])
hess item is 0.00719055300578475
6450	0.239	0.830	0.436	0.386
6460	0.247	0.813	0.447	0.375
6470	0.242	0.826	0.443	0.377
6480	0.248	0.811	0.449	0.377
6490	0.235	0.828	0.437	0.386
eigenvalues:  tensor([41.1072, 39.2536])
hess item is 0.007157488260418177
6500	0.255	0.793	0.454	0.372
6510	0.246	0.805	0.448	0.386
6520	0.247	0.810	0.450	0.388
6530	0.241	0.832	0.446	0.374
6540	0.234	0.836	0.440	0.381
eigenvalues:  tensor([39.7315, 39.1322])
hess item is 0.007112075109034777
6550	0.274	0.771	0.481	0.367
6560	0.227	0.846	0.435	0.393
6570	0.241	0.826	0.447	0.383
6580	0.241	0.810	0.447	0.392
6590	0.238	0.820	0.445	0.384
eigenvalues:  tensor([39.3780, 38.2933])
hess item is 0.0070531596429646015
6600	0.235	0.823	0.446	0.387
6610	0.240	0.825	0.452	0.382
6620	0.233	0.842	0.444	0.380
6630	0.230	0.838	0.444	0.384
6640	0.236	0.825	0.447	0.376
eigenvalues:  tensor([39.4356, 39.0273])
hess item is 0.00700240395963192
6650	0.231	0.846	0.445	0.378
6660	0.229	0.845	0.446	0.385
6670	0.226	0.845	0.446	0.390
6680	0.229	0.840	0.448	0.378
6690	0.224	0.856	0.444	0.383
eigenvalues:  tensor([39.7157, 38.7599])
hess item is 0.006953108124434948
6700	0.234	0.832	0.454	0.385
6710	0.230	0.830	0.449	0.374
6720	0.222	0.855	0.444	0.384
6730	0.235	0.821	0.456	0.381
6740	0.213	0.869	0.437	0.399
eigenvalues:  tensor([38.6315, 38.4547])
hess item is 0.0069237626157701015
6750	0.224	0.857	0.450	0.383
6760	0.228	0.850	0.451	0.383
6770	0.226	0.838	0.449	0.382
6780	0.229	0.836	0.453	0.375
6790	0.239	0.827	0.464	0.372
eigenvalues:  tensor([39.7716, 39.2238])
hess item is 0.006895661819726229
6800	0.213	0.871	0.440	0.390
6810	0.228	0.844	0.454	0.379
6820	0.216	0.872	0.444	0.383
6830	0.228	0.856	0.457	0.361
6840	0.233	0.849	0.464	0.374
eigenvalues:  tensor([39.8960, 39.4658])
hess item is 0.006833910942077637
6850	0.217	0.863	0.449	0.382
6860	0.223	0.844	0.456	0.373
6870	0.230	0.846	0.464	0.377
6880	0.225	0.851	0.458	0.373
6890	0.217	0.860	0.448	0.383
eigenvalues:  tensor([39.9128, 39.5718])
hess item is 0.006799609865993261
6900	0.242	0.812	0.473	0.373
6910	0.212	0.870	0.446	0.389
6920	0.218	0.858	0.454	0.382
6930	0.212	0.873	0.451	0.390
6940	0.213	0.877	0.452	0.391
eigenvalues:  tensor([40.0369, 39.7784])
hess item is 0.006761154625564814
6950	0.241	0.815	0.479	0.352
6960	0.219	0.859	0.458	0.377
6970	0.211	0.879	0.451	0.381
6980	0.219	0.862	0.462	0.374
6990	0.203	0.886	0.447	0.385
eigenvalues:  tensor([40.1820, 39.4392])
hess item is 0.006755241192877293
7000	0.218	0.863	0.462	0.375
7010	0.211	0.871	0.458	0.385
7020	0.206	0.879	0.453	0.387
7030	0.206	0.874	0.450	0.385
7040	0.210	0.868	0.457	0.386
eigenvalues:  tensor([40.5930, 39.9806])
hess item is 0.006712106987833977
7050	0.219	0.859	0.467	0.377
7060	0.208	0.881	0.458	0.375
7070	0.224	0.845	0.471	0.369
7080	0.215	0.868	0.464	0.374
7090	0.204	0.883	0.455	0.380
eigenvalues:  tensor([40.9595, 40.3051])
hess item is 0.0066917939111590385
7100	0.209	0.873	0.458	0.368
7110	0.216	0.859	0.466	0.365
7120	0.207	0.873	0.458	0.387
7130	0.207	0.879	0.459	0.384
7140	0.215	0.869	0.466	0.372
eigenvalues:  tensor([40.0186, 39.2647])
hess item is 0.006675741635262966
7150	0.205	0.885	0.461	0.370
7160	0.198	0.901	0.456	0.384
7170	0.214	0.873	0.471	0.377
7180	0.214	0.870	0.472	0.374
7190	0.217	0.851	0.473	0.362
eigenvalues:  tensor([40.2398, 39.3650])
hess item is 0.006655091419816017
7200	0.195	0.901	0.455	0.377
7210	0.210	0.869	0.467	0.369
7220	0.196	0.891	0.457	0.382
7230	0.221	0.858	0.481	0.357
7240	0.217	0.865	0.481	0.370
eigenvalues:  tensor([41.6544, 40.7947])
hess item is 0.006628064904361963
7250	0.197	0.896	0.461	0.380
7260	0.205	0.879	0.465	0.378
7270	0.202	0.885	0.465	0.382
7280	0.202	0.887	0.465	0.376
7290	0.209	0.865	0.471	0.363
eigenvalues:  tensor([40.2786, 39.5459])
hess item is 0.006633387878537178
7300	0.187	0.904	0.455	0.383
7310	0.208	0.876	0.475	0.372
7320	0.195	0.899	0.464	0.377
7330	0.202	0.887	0.468	0.378
7340	0.193	0.901	0.462	0.380
eigenvalues:  tensor([40.7059, 40.1502])
hess item is 0.00662969658151269
7350	0.230	0.841	0.500	0.342
7360	0.187	0.914	0.458	0.384
7370	0.205	0.886	0.472	0.374
7380	0.201	0.892	0.471	0.368
7390	0.187	0.908	0.460	0.376
eigenvalues:  tensor([41.5908, 40.4488])
hess item is 0.0066435509361326694
7400	0.203	0.886	0.477	0.368
7410	0.204	0.882	0.478	0.361
7420	0.185	0.913	0.460	0.379
7430	0.189	0.903	0.466	0.377
7440	0.208	0.865	0.486	0.366
eigenvalues:  tensor([40.8898, 40.1385])
hess item is 0.006649225950241089
7450	0.189	0.890	0.465	0.382
7460	0.181	0.909	0.456	0.387
7470	0.192	0.902	0.471	0.373
7480	0.191	0.898	0.471	0.368
7490	0.186	0.915	0.469	0.378
eigenvalues:  tensor([40.9265, 40.2708])
hess item is 0.006626064423471689
7500	0.193	0.907	0.474	0.375
7510	0.200	0.890	0.480	0.361
7520	0.193	0.896	0.477	0.368
7530	0.184	0.912	0.470	0.375
7540	0.191	0.899	0.476	0.367
eigenvalues:  tensor([42.0282, 40.8248])
hess item is 0.00658990116789937
7550	0.185	0.906	0.469	0.372
7560	0.194	0.884	0.480	0.369
7570	0.182	0.904	0.470	0.373
7580	0.205	0.882	0.491	0.363
7590	0.190	0.894	0.476	0.384
eigenvalues:  tensor([41.3635, 41.2467])
hess item is 0.006559417117387056
7600	0.181	0.916	0.468	0.385
7610	0.191	0.904	0.481	0.366
7620	0.178	0.923	0.469	0.371
7630	0.193	0.899	0.483	0.369
7640	0.179	0.917	0.472	0.380
eigenvalues:  tensor([42.2578, 40.7042])
hess item is 0.006521216128021479
7650	0.187	0.907	0.480	0.375
7660	0.175	0.925	0.471	0.374
7670	0.193	0.898	0.488	0.367
7680	0.203	0.874	0.497	0.371
7690	0.186	0.900	0.479	0.367
eigenvalues:  tensor([42.0173, 41.2401])
hess item is 0.006537245586514473
7700	0.189	0.901	0.484	0.361
7710	0.184	0.900	0.480	0.366
7720	0.189	0.900	0.489	0.367
7730	0.174	0.928	0.471	0.379
7740	0.187	0.913	0.485	0.365
eigenvalues:  tensor([41.4506, 40.3396])
hess item is 0.006514170207083225
7750	0.180	0.918	0.481	0.362
7760	0.172	0.928	0.472	0.375
7770	0.192	0.887	0.490	0.375
7780	0.173	0.920	0.476	0.377
7790	0.171	0.927	0.474	0.373
eigenvalues:  tensor([42.5468, 41.5904])
hess item is 0.006489600986242294
7800	0.186	0.908	0.487	0.365
7810	0.192	0.894	0.493	0.357
7820	0.170	0.927	0.474	0.371
7830	0.182	0.908	0.485	0.364
7840	0.184	0.904	0.488	0.375
eigenvalues:  tensor([41.8117, 41.4085])
hess item is 0.00647890055552125
7850	0.181	0.909	0.483	0.374
7860	0.176	0.922	0.481	0.367
7870	0.185	0.915	0.493	0.356
7880	0.180	0.910	0.487	0.377
7890	0.167	0.923	0.477	0.385
eigenvalues:  tensor([42.0628, 41.9202])
hess item is 0.006488782819360495
7900	0.185	0.903	0.492	0.363
7910	0.170	0.928	0.480	0.369
7920	0.179	0.904	0.487	0.361
7930	0.177	0.908	0.486	0.369
7940	0.169	0.918	0.481	0.368
eigenvalues:  tensor([42.2963, 41.7220])
hess item is 0.006489185616374016
7950	0.185	0.899	0.494	0.358
7960	0.175	0.912	0.490	0.361
7970	0.164	0.933	0.479	0.374
7980	0.177	0.922	0.494	0.371
7990	0.170	0.926	0.485	0.370
eigenvalues:  tensor([41.6981, 41.2719])
hess item is 0.006483649369329214
8000	0.169	0.926	0.481	0.377
8010	0.169	0.924	0.484	0.373
8020	0.174	0.913	0.489	0.358
8030	0.176	0.918	0.492	0.367
8040	0.165	0.931	0.482	0.376
eigenvalues:  tensor([42.3493, 41.8527])
hess item is 0.0064366948790848255
8050	0.174	0.920	0.490	0.364
8060	0.166	0.927	0.486	0.365
8070	0.169	0.918	0.488	0.376
8080	0.160	0.935	0.481	0.377
8090	0.168	0.929	0.489	0.366
eigenvalues:  tensor([41.9354, 41.4480])
hess item is 0.00642315624281764
8100	0.165	0.940	0.486	0.364
8110	0.169	0.928	0.494	0.356
8120	0.171	0.911	0.496	0.358
8130	0.165	0.929	0.491	0.373
8140	0.161	0.935	0.489	0.369
eigenvalues:  tensor([42.9372, 42.0725])
hess item is 0.006414082366973162
8150	0.179	0.923	0.504	0.361
8160	0.163	0.934	0.487	0.368
8170	0.179	0.920	0.505	0.372
8180	0.155	0.948	0.484	0.379
8190	0.171	0.922	0.501	0.370
eigenvalues:  tensor([42.7143, 42.2445])
hess item is 0.006432525813579559
8200	0.166	0.919	0.492	0.370
8210	0.164	0.928	0.492	0.369
8220	0.160	0.933	0.491	0.367
8230	0.161	0.937	0.492	0.365
8240	0.168	0.927	0.500	0.359
eigenvalues:  tensor([41.9872, 41.3690])
hess item is 0.0064196111634373665
8250	0.155	0.941	0.486	0.367
8260	0.157	0.936	0.490	0.365
8270	0.179	0.910	0.510	0.353
8280	0.152	0.941	0.488	0.371
8290	0.180	0.902	0.516	0.345
eigenvalues:  tensor([42.5336, 41.8182])
hess item is 0.006415731273591518
8300	0.155	0.944	0.490	0.363
8310	0.170	0.919	0.505	0.364
8320	0.160	0.945	0.497	0.366
8330	0.148	0.956	0.485	0.370
8340	0.154	0.943	0.492	0.367
eigenvalues:  tensor([42.2003, 41.4085])
hess item is 0.006391524337232113
8350	0.153	0.941	0.491	0.376
8360	0.160	0.940	0.498	0.376
8370	0.157	0.947	0.497	0.369
8380	0.156	0.946	0.496	0.361
8390	0.165	0.916	0.505	0.349
eigenvalues:  tensor([42.5078, 41.9862])
hess item is 0.006397325079888105
8400	0.163	0.921	0.502	0.357
8410	0.151	0.948	0.494	0.371
8420	0.150	0.951	0.495	0.373
8430	0.164	0.934	0.507	0.352
8440	0.150	0.946	0.492	0.362
eigenvalues:  tensor([42.5396, 41.4536])
hess item is 0.006375070195645094
8450	0.150	0.939	0.495	0.362
8460	0.155	0.934	0.501	0.365
8470	0.169	0.909	0.508	0.361
8480	0.147	0.945	0.492	0.374
8490	0.157	0.942	0.499	0.367
eigenvalues:  tensor([42.1744, 41.6842])
hess item is 0.006395464763045311
8500	0.154	0.947	0.501	0.356
8510	0.141	0.959	0.490	0.363
8520	0.155	0.941	0.504	0.360
8530	0.140	0.954	0.493	0.374
8540	0.155	0.940	0.509	0.369
eigenvalues:  tensor([42.9874, 42.3233])
hess item is 0.006356722675263882
8550	0.146	0.946	0.498	0.365
8560	0.175	0.908	0.524	0.342
8570	0.144	0.956	0.494	0.370
8580	0.147	0.957	0.500	0.368
8590	0.164	0.926	0.515	0.351
eigenvalues:  tensor([42.9544, 42.1586])
hess item is 0.00638593127951026
8600	0.146	0.942	0.499	0.363
8610	0.146	0.940	0.502	0.357
8620	0.142	0.952	0.495	0.364
8630	0.148	0.945	0.501	0.370
8640	0.137	0.952	0.493	0.377
eigenvalues:  tensor([42.1296, 41.9764])
hess item is 0.006368299014866352
8650	0.153	0.938	0.508	0.363
8660	0.142	0.960	0.501	0.363
8670	0.151	0.947	0.509	0.354
8680	0.151	0.938	0.507	0.361
8690	0.153	0.944	0.509	0.355
eigenvalues:  tensor([42.3449, 41.9050])
hess item is 0.006360578816384077
8700	0.140	0.956	0.498	0.362
8710	0.156	0.934	0.514	0.356
8720	0.145	0.949	0.504	0.368
8730	0.146	0.952	0.507	0.364
8740	0.145	0.952	0.508	0.355
eigenvalues:  tensor([42.8485, 41.9966])
hess item is 0.006343020126223564
8750	0.152	0.937	0.514	0.349
8760	0.139	0.949	0.502	0.362
8770	0.146	0.946	0.509	0.363
8780	0.141	0.957	0.506	0.363
8790	0.142	0.953	0.508	0.367
eigenvalues:  tensor([43.2188, 42.6462])
hess item is 0.006344044581055641
8800	0.142	0.943	0.508	0.365
8810	0.134	0.948	0.503	0.366
8820	0.149	0.943	0.517	0.357
8830	0.137	0.962	0.504	0.352
8840	0.144	0.946	0.512	0.349
eigenvalues:  tensor([43.4828, 42.2166])
hess item is 0.0063458695076406
8850	0.157	0.919	0.521	0.348
8860	0.136	0.953	0.504	0.366
8870	0.150	0.930	0.515	0.360
8880	0.135	0.951	0.505	0.369
8890	0.142	0.954	0.512	0.363
eigenvalues:  tensor([43.0424, 42.6386])
hess item is 0.006346703041344881
8900	0.152	0.938	0.522	0.351
8910	0.144	0.952	0.515	0.353
8920	0.140	0.953	0.511	0.361
8930	0.138	0.950	0.510	0.366
8940	0.140	0.945	0.513	0.360
eigenvalues:  tensor([42.8272, 42.1565])
hess item is 0.0063732280395925045
8950	0.134	0.954	0.507	0.360
8960	0.138	0.957	0.511	0.357
8970	0.146	0.948	0.515	0.361
8980	0.129	0.963	0.502	0.370
8990	0.128	0.960	0.503	0.370
eigenvalues:  tensor([42.4279, 41.6162])
hess item is 0.006358038634061813
9000	0.136	0.949	0.512	0.364
9010	0.147	0.938	0.521	0.354
9020	0.137	0.957	0.514	0.356
9030	0.134	0.964	0.512	0.359
9040	0.133	0.960	0.512	0.365
eigenvalues:  tensor([43.0134, 42.6615])
hess item is 0.006357742939144373
9050	0.144	0.947	0.519	0.364
9060	0.130	0.961	0.508	0.366
9070	0.145	0.955	0.521	0.349
9080	0.127	0.967	0.507	0.359
9090	0.134	0.958	0.515	0.356
eigenvalues:  tensor([43.1770, 42.2590])
hess item is 0.0063356878235936165
9100	0.133	0.954	0.516	0.363
9110	0.135	0.950	0.516	0.362
9120	0.132	0.955	0.514	0.361
9130	0.132	0.959	0.514	0.356
9140	0.129	0.957	0.513	0.356
eigenvalues:  tensor([43.1391, 42.2491])
hess item is 0.006327511742711067
9150	0.152	0.925	0.535	0.341
9160	0.129	0.962	0.513	0.358
9170	0.130	0.961	0.515	0.359
9180	0.120	0.969	0.509	0.370
9190	0.137	0.955	0.523	0.359
eigenvalues:  tensor([42.8268, 41.7479])
hess item is 0.006346852518618107
9200	0.127	0.962	0.514	0.355
9210	0.125	0.962	0.513	0.357
9220	0.132	0.959	0.521	0.357
9230	0.128	0.964	0.517	0.364
9240	0.137	0.957	0.527	0.350
eigenvalues:  tensor([42.8701, 41.9838])
hess item is 0.006325658410787582
9250	0.136	0.960	0.527	0.346
9260	0.134	0.952	0.525	0.350
9270	0.136	0.947	0.525	0.355
9280	0.133	0.945	0.520	0.355
9290	0.130	0.949	0.519	0.354
eigenvalues:  tensor([42.5059, 41.9478])
hess item is 0.00631735660135746
9300	0.128	0.960	0.518	0.348
9310	0.130	0.968	0.519	0.350
9320	0.116	0.974	0.509	0.361
9330	0.117	0.972	0.510	0.362
9340	0.117	0.967	0.511	0.364
eigenvalues:  tensor([42.3697, 42.0737])
hess item is 0.00627325102686882
9350	0.127	0.957	0.520	0.364
9360	0.118	0.967	0.513	0.368
9370	0.135	0.957	0.529	0.353
9380	0.126	0.968	0.522	0.353
9390	0.126	0.961	0.522	0.355
eigenvalues:  tensor([43.0329, 42.5971])
hess item is 0.00628823135048151
9400	0.134	0.949	0.530	0.353
9410	0.128	0.958	0.526	0.353
9420	0.138	0.948	0.535	0.346
9430	0.134	0.952	0.530	0.349
9440	0.120	0.971	0.518	0.357
eigenvalues:  tensor([43.4400, 42.5634])
hess item is 0.006264216732233763
9450	0.131	0.962	0.528	0.350
9460	0.126	0.961	0.524	0.357
9470	0.141	0.941	0.538	0.354
9480	0.116	0.971	0.517	0.364
9490	0.122	0.970	0.523	0.356
eigenvalues:  tensor([42.2324, 41.6266])
hess item is 0.006225999910384417
9500	0.116	0.972	0.518	0.360
9510	0.127	0.966	0.531	0.355
9520	0.123	0.966	0.525	0.351
9530	0.126	0.967	0.528	0.351
9540	0.121	0.969	0.524	0.357
eigenvalues:  tensor([42.4405, 41.7888])
hess item is 0.006244817283004522
9550	0.120	0.967	0.522	0.354
9560	0.119	0.970	0.522	0.356
9570	0.124	0.965	0.526	0.353
9580	0.131	0.949	0.533	0.360
9590	0.127	0.955	0.531	0.358
eigenvalues:  tensor([43.3997, 42.5475])
hess item is 0.006235622335225344
9600	0.132	0.950	0.533	0.355
9610	0.124	0.961	0.526	0.363
9620	0.116	0.969	0.520	0.362
9630	0.123	0.962	0.528	0.361
9640	0.114	0.968	0.521	0.362
eigenvalues:  tensor([42.6723, 41.9888])
hess item is 0.006232182960957289
9650	0.119	0.962	0.527	0.355
9660	0.125	0.964	0.534	0.346
9670	0.115	0.973	0.524	0.352
9680	0.125	0.967	0.536	0.346
9690	0.116	0.972	0.526	0.355
eigenvalues:  tensor([43.5953, 42.4616])
hess item is 0.006253282073885202
9700	0.123	0.966	0.534	0.353
9710	0.126	0.951	0.535	0.346
9720	0.124	0.959	0.530	0.349
9730	0.113	0.974	0.523	0.354
9740	0.128	0.964	0.537	0.352
eigenvalues:  tensor([42.9937, 42.0269])
hess item is 0.006246835924685001
9750	0.117	0.972	0.528	0.359
9760	0.115	0.970	0.528	0.358
9770	0.114	0.969	0.527	0.357
9780	0.116	0.966	0.530	0.353
9790	0.123	0.963	0.534	0.352
eigenvalues:  tensor([42.6395, 42.1900])
hess item is 0.006227376405149698
9800	0.110	0.975	0.523	0.359
9810	0.110	0.973	0.524	0.365
9820	0.117	0.968	0.532	0.362
9830	0.112	0.975	0.528	0.361
9840	0.126	0.961	0.540	0.346
eigenvalues:  tensor([42.9827, 42.1601])
hess item is 0.006218791473656893
9850	0.120	0.957	0.533	0.350
9860	0.117	0.965	0.533	0.356
9870	0.118	0.971	0.535	0.357
9880	0.112	0.977	0.531	0.360
9890	0.110	0.979	0.530	0.355
eigenvalues:  tensor([42.7893, 41.9059])
hess item is 0.006233244203031063
9900	0.117	0.974	0.536	0.351
9910	0.114	0.974	0.532	0.357
9920	0.105	0.978	0.525	0.362
9930	0.110	0.974	0.531	0.359
9940	0.131	0.953	0.549	0.345
eigenvalues:  tensor([42.7879, 42.1885])
hess item is 0.006234502419829369
9950	0.108	0.972	0.529	0.357
9960	0.121	0.961	0.541	0.351
9970	0.111	0.973	0.531	0.354
9980	0.114	0.970	0.535	0.350
9990	0.126	0.947	0.545	0.342
