device: cuda:1
output directory: RESULTS/cifar10-10k/fc-tanh/seed_0/mse/ivon/lr_0.0005/h0_1.0/ess_30000000.0/post_10/beta2_0.999/beta_0.0_alpha_100.0_ivon
Files already downloaded and verified
Files already downloaded and verified
optimizer is IVON
0	0.597	0.131	0.597	0.131
10	0.574	0.136	0.574	0.137
20	0.558	0.142	0.559	0.142
30	0.547	0.149	0.548	0.149
40	0.538	0.156	0.539	0.156
eigenvalues:  tensor([80.6541, 66.5412])
hess item is 0.951604425907135
50	0.531	0.162	0.532	0.163
60	0.525	0.170	0.527	0.170
70	0.520	0.175	0.521	0.175
80	0.515	0.182	0.517	0.180
90	0.512	0.189	0.513	0.185
eigenvalues:  tensor([80.3316, 66.1581])
hess item is 0.9054187536239624
100	0.509	0.193	0.510	0.188
110	0.506	0.197	0.508	0.193
120	0.503	0.200	0.505	0.196
130	0.501	0.205	0.503	0.198
140	0.499	0.209	0.501	0.200
eigenvalues:  tensor([79.8599, 65.7021])
hess item is 0.861460268497467
150	0.496	0.211	0.499	0.203
160	0.495	0.214	0.497	0.204
170	0.493	0.216	0.495	0.207
180	0.491	0.218	0.493	0.210
190	0.489	0.221	0.491	0.211
eigenvalues:  tensor([79.4214, 65.2507])
hess item is 0.8196168541908264
200	0.487	0.222	0.490	0.214
210	0.486	0.224	0.488	0.216
220	0.484	0.227	0.487	0.219
230	0.483	0.228	0.485	0.221
240	0.481	0.229	0.484	0.222
eigenvalues:  tensor([79.0216, 64.8093])
hess item is 0.7798275947570801
250	0.480	0.231	0.483	0.224
260	0.478	0.234	0.481	0.227
270	0.477	0.237	0.480	0.229
280	0.476	0.238	0.479	0.229
290	0.475	0.240	0.478	0.230
eigenvalues:  tensor([78.6415, 64.3801])
hess item is 0.7419534921646118
300	0.474	0.242	0.477	0.232
310	0.472	0.242	0.476	0.234
320	0.471	0.244	0.475	0.236
330	0.470	0.245	0.474	0.239
340	0.469	0.247	0.473	0.240
eigenvalues:  tensor([78.2706, 63.9625])
hess item is 0.7059589624404907
350	0.468	0.249	0.472	0.240
360	0.467	0.251	0.471	0.242
370	0.466	0.253	0.470	0.243
380	0.465	0.254	0.468	0.244
390	0.464	0.256	0.467	0.243
eigenvalues:  tensor([77.8959, 63.5503])
hess item is 0.6717019081115723
400	0.462	0.256	0.466	0.243
410	0.461	0.257	0.466	0.244
420	0.461	0.259	0.465	0.245
430	0.460	0.260	0.464	0.246
440	0.459	0.261	0.463	0.248
eigenvalues:  tensor([77.5349, 63.1476])
hess item is 0.6391180157661438
450	0.458	0.262	0.462	0.248
460	0.457	0.263	0.461	0.249
470	0.456	0.264	0.461	0.251
480	0.455	0.267	0.460	0.252
490	0.455	0.269	0.459	0.254
eigenvalues:  tensor([77.1789, 62.7587])
hess item is 0.6081379652023315
500	0.454	0.270	0.458	0.255
510	0.453	0.271	0.458	0.256
520	0.452	0.273	0.457	0.256
530	0.451	0.275	0.456	0.258
540	0.451	0.276	0.455	0.259
eigenvalues:  tensor([76.8302, 62.3772])
hess item is 0.578661322593689
550	0.450	0.277	0.455	0.260
560	0.449	0.278	0.454	0.262
570	0.448	0.279	0.453	0.263
580	0.448	0.280	0.453	0.264
590	0.447	0.282	0.452	0.265
eigenvalues:  tensor([76.4982, 62.0047])
hess item is 0.5505321025848389
600	0.446	0.284	0.451	0.265
610	0.445	0.285	0.450	0.267
620	0.445	0.287	0.450	0.267
630	0.444	0.289	0.449	0.269
640	0.443	0.290	0.449	0.270
eigenvalues:  tensor([76.1621, 61.6613])
hess item is 0.5238456726074219
650	0.443	0.291	0.448	0.271
660	0.442	0.292	0.447	0.272
670	0.441	0.293	0.447	0.273
680	0.441	0.294	0.446	0.274
690	0.440	0.295	0.445	0.275
eigenvalues:  tensor([75.8395, 61.5143])
hess item is 0.498460054397583
700	0.439	0.297	0.445	0.275
710	0.439	0.298	0.444	0.277
720	0.438	0.299	0.444	0.278
730	0.437	0.301	0.443	0.280
740	0.436	0.303	0.442	0.281
eigenvalues:  tensor([75.5325, 61.4052])
hess item is 0.4742845892906189
750	0.436	0.303	0.442	0.282
760	0.435	0.304	0.441	0.284
770	0.435	0.305	0.441	0.286
780	0.434	0.307	0.440	0.287
790	0.433	0.308	0.439	0.287
eigenvalues:  tensor([75.2393, 61.3057])
hess item is 0.4512842297554016
800	0.433	0.310	0.439	0.289
810	0.432	0.311	0.438	0.289
820	0.431	0.312	0.438	0.290
830	0.431	0.313	0.437	0.291
840	0.430	0.314	0.437	0.292
eigenvalues:  tensor([74.9498, 61.2189])
hess item is 0.4294084310531616
850	0.430	0.315	0.436	0.294
860	0.429	0.317	0.436	0.294
870	0.428	0.317	0.435	0.295
880	0.428	0.319	0.434	0.296
890	0.427	0.320	0.434	0.297
eigenvalues:  tensor([74.6794, 61.1390])
hess item is 0.40860244631767273
900	0.426	0.321	0.433	0.298
910	0.426	0.322	0.432	0.298
920	0.425	0.324	0.432	0.299
930	0.424	0.324	0.431	0.300
940	0.424	0.326	0.431	0.301
eigenvalues:  tensor([74.4119, 61.0651])
hess item is 0.3888240158557892
950	0.423	0.328	0.430	0.302
960	0.423	0.330	0.430	0.303
970	0.422	0.331	0.429	0.304
980	0.421	0.332	0.428	0.304
990	0.421	0.333	0.428	0.306
eigenvalues:  tensor([74.1458, 60.9967])
hess item is 0.3700152039527893
1000	0.420	0.334	0.427	0.306
1010	0.420	0.335	0.427	0.308
1020	0.419	0.337	0.426	0.308
1030	0.419	0.338	0.426	0.309
1040	0.418	0.340	0.426	0.310
eigenvalues:  tensor([73.8911, 60.9345])
hess item is 0.3521215319633484
1050	0.418	0.341	0.425	0.311
1060	0.417	0.342	0.425	0.312
1070	0.417	0.342	0.424	0.312
1080	0.416	0.343	0.424	0.313
1090	0.416	0.344	0.423	0.313
eigenvalues:  tensor([73.6325, 60.8757])
hess item is 0.3350945711135864
1100	0.415	0.345	0.423	0.313
1110	0.415	0.345	0.423	0.314
1120	0.414	0.346	0.422	0.315
1130	0.414	0.347	0.422	0.316
1140	0.414	0.348	0.422	0.317
eigenvalues:  tensor([73.3948, 60.8161])
hess item is 0.318901389837265
1150	0.413	0.349	0.421	0.318
1160	0.413	0.350	0.421	0.319
1170	0.412	0.350	0.421	0.320
1180	0.412	0.351	0.420	0.320
1190	0.412	0.353	0.420	0.320
eigenvalues:  tensor([73.1530, 60.7609])
hess item is 0.3034965991973877
1200	0.411	0.354	0.420	0.321
1210	0.411	0.355	0.419	0.323
1220	0.410	0.356	0.419	0.323
1230	0.410	0.357	0.419	0.324
1240	0.410	0.357	0.418	0.326
eigenvalues:  tensor([72.9264, 60.7053])
hess item is 0.28884151577949524
1250	0.409	0.358	0.418	0.327
1260	0.409	0.360	0.418	0.328
1270	0.408	0.361	0.417	0.328
1280	0.408	0.361	0.417	0.330
1290	0.408	0.362	0.417	0.331
eigenvalues:  tensor([72.7051, 60.6594])
hess item is 0.2749122381210327
1300	0.407	0.363	0.417	0.331
1310	0.407	0.364	0.416	0.331
1320	0.407	0.364	0.416	0.332
1330	0.407	0.365	0.416	0.333
1340	0.406	0.365	0.416	0.334
eigenvalues:  tensor([72.4879, 60.6167])
hess item is 0.2616548240184784
1350	0.406	0.366	0.415	0.334
1360	0.406	0.366	0.415	0.335
1370	0.405	0.368	0.415	0.335
1380	0.405	0.368	0.415	0.336
1390	0.405	0.369	0.414	0.337
eigenvalues:  tensor([72.2732, 60.5820])
hess item is 0.24904190003871918
1400	0.404	0.370	0.414	0.338
1410	0.404	0.372	0.414	0.338
1420	0.404	0.372	0.414	0.339
1430	0.404	0.373	0.414	0.340
1440	0.403	0.374	0.413	0.340
eigenvalues:  tensor([72.0675, 60.5520])
hess item is 0.2370387613773346
1450	0.403	0.375	0.413	0.341
1460	0.403	0.375	0.413	0.343
1470	0.402	0.376	0.413	0.343
1480	0.402	0.377	0.413	0.344
1490	0.402	0.377	0.412	0.345
eigenvalues:  tensor([71.8682, 60.5319])
hess item is 0.22562450170516968
1500	0.402	0.378	0.412	0.345
1510	0.401	0.379	0.412	0.346
1520	0.401	0.380	0.412	0.346
1530	0.401	0.381	0.412	0.347
1540	0.401	0.381	0.411	0.347
eigenvalues:  tensor([71.6778, 60.5062])
hess item is 0.21476729214191437
1550	0.400	0.382	0.411	0.347
1560	0.400	0.383	0.411	0.347
1570	0.400	0.384	0.411	0.347
1580	0.400	0.385	0.411	0.348
1590	0.399	0.386	0.410	0.349
eigenvalues:  tensor([71.4904, 60.4783])
hess item is 0.20444327592849731
1600	0.399	0.386	0.410	0.349
1610	0.399	0.387	0.410	0.349
1620	0.399	0.387	0.410	0.350
1630	0.398	0.389	0.410	0.351
1640	0.398	0.389	0.410	0.351
eigenvalues:  tensor([71.3084, 60.4590])
hess item is 0.19462019205093384
1650	0.398	0.390	0.409	0.351
1660	0.398	0.390	0.409	0.351
1670	0.397	0.391	0.409	0.351
1680	0.397	0.391	0.409	0.352
1690	0.397	0.392	0.409	0.353
eigenvalues:  tensor([71.1427, 60.4259])
hess item is 0.18527714908123016
1700	0.397	0.392	0.409	0.353
1710	0.396	0.393	0.408	0.353
1720	0.396	0.395	0.408	0.354
1730	0.396	0.395	0.408	0.354
1740	0.396	0.396	0.408	0.354
eigenvalues:  tensor([70.9687, 60.4000])
hess item is 0.17638754844665527
1750	0.395	0.397	0.408	0.355
1760	0.395	0.398	0.408	0.355
1770	0.395	0.399	0.408	0.355
1780	0.395	0.399	0.407	0.356
1790	0.395	0.400	0.407	0.356
eigenvalues:  tensor([70.8050, 60.3742])
hess item is 0.1679314821958542
1800	0.394	0.400	0.407	0.357
1810	0.394	0.400	0.407	0.357
1820	0.394	0.401	0.407	0.357
1830	0.394	0.402	0.407	0.357
1840	0.393	0.403	0.407	0.358
eigenvalues:  tensor([70.6475, 60.3579])
hess item is 0.15988966822624207
1850	0.393	0.404	0.406	0.358
1860	0.393	0.404	0.406	0.359
1870	0.393	0.405	0.406	0.359
1880	0.393	0.406	0.406	0.359
1890	0.392	0.405	0.406	0.360
eigenvalues:  tensor([70.4962, 60.3362])
hess item is 0.15223872661590576
1900	0.392	0.406	0.406	0.361
1910	0.392	0.407	0.406	0.360
1920	0.392	0.408	0.406	0.360
1930	0.391	0.409	0.405	0.361
1940	0.391	0.408	0.405	0.361
eigenvalues:  tensor([70.3397, 60.3089])
hess item is 0.1449635773897171
1950	0.391	0.409	0.405	0.361
1960	0.391	0.410	0.405	0.362
1970	0.391	0.411	0.405	0.362
1980	0.390	0.411	0.405	0.362
1990	0.390	0.413	0.405	0.363
eigenvalues:  tensor([70.1941, 60.2849])
hess item is 0.13804160058498383
2000	0.390	0.413	0.405	0.364
2010	0.390	0.415	0.404	0.364
2020	0.390	0.415	0.404	0.364
2030	0.389	0.416	0.404	0.364
2040	0.389	0.417	0.404	0.364
eigenvalues:  tensor([70.0443, 60.2617])
hess item is 0.13145841658115387
2050	0.389	0.419	0.404	0.365
2060	0.389	0.418	0.404	0.365
2070	0.389	0.419	0.404	0.365
2080	0.388	0.420	0.404	0.367
2090	0.388	0.421	0.404	0.367
eigenvalues:  tensor([69.8936, 60.2325])
hess item is 0.12519626319408417
2100	0.388	0.422	0.403	0.367
2110	0.388	0.423	0.403	0.368
2120	0.387	0.424	0.403	0.368
2130	0.387	0.424	0.403	0.368
2140	0.387	0.425	0.403	0.368
eigenvalues:  tensor([69.7615, 60.2110])
hess item is 0.11923907697200775
2150	0.387	0.426	0.403	0.368
2160	0.387	0.427	0.403	0.369
2170	0.386	0.427	0.403	0.369
2180	0.386	0.427	0.403	0.369
2190	0.386	0.428	0.402	0.370
eigenvalues:  tensor([69.6097, 60.1850])
hess item is 0.11357229948043823
2200	0.386	0.429	0.402	0.370
2210	0.386	0.429	0.402	0.370
2220	0.385	0.430	0.402	0.370
2230	0.385	0.430	0.402	0.370
2240	0.385	0.431	0.402	0.371
eigenvalues:  tensor([69.4685, 60.1639])
hess item is 0.10818018019199371
2250	0.385	0.431	0.402	0.371
2260	0.385	0.432	0.402	0.371
2270	0.384	0.433	0.402	0.372
2280	0.384	0.433	0.402	0.372
2290	0.384	0.434	0.401	0.373
eigenvalues:  tensor([69.3404, 60.1335])
hess item is 0.1030515730381012
2300	0.384	0.434	0.401	0.373
2310	0.384	0.434	0.401	0.373
2320	0.383	0.435	0.401	0.374
2330	0.383	0.435	0.401	0.374
2340	0.383	0.436	0.401	0.374
eigenvalues:  tensor([69.1869, 60.1116])
hess item is 0.098173126578331
2350	0.383	0.436	0.401	0.374
2360	0.383	0.437	0.401	0.375
2370	0.382	0.438	0.401	0.375
2380	0.382	0.439	0.401	0.375
2390	0.382	0.439	0.401	0.376
eigenvalues:  tensor([69.0476, 60.0874])
hess item is 0.09353332221508026
2400	0.382	0.441	0.400	0.376
2410	0.382	0.442	0.400	0.376
2420	0.381	0.442	0.400	0.377
2430	0.381	0.443	0.400	0.377
2440	0.381	0.443	0.400	0.377
eigenvalues:  tensor([68.8986, 60.0644])
hess item is 0.08912064880132675
2450	0.381	0.444	0.400	0.377
2460	0.381	0.444	0.400	0.377
2470	0.380	0.445	0.400	0.378
2480	0.380	0.445	0.400	0.379
2490	0.380	0.446	0.400	0.379
eigenvalues:  tensor([68.7551, 60.0575])
hess item is 0.08492281287908554
2500	0.380	0.447	0.400	0.379
2510	0.380	0.447	0.399	0.379
2520	0.379	0.448	0.399	0.380
2530	0.379	0.450	0.399	0.380
2540	0.379	0.449	0.399	0.380
eigenvalues:  tensor([68.6132, 60.0353])
hess item is 0.08093328028917313
2550	0.379	0.451	0.399	0.380
2560	0.378	0.451	0.399	0.381
2570	0.378	0.451	0.399	0.382
2580	0.378	0.453	0.399	0.381
2590	0.378	0.453	0.399	0.381
eigenvalues:  tensor([68.4732, 60.0191])
hess item is 0.0771351307630539
2600	0.378	0.454	0.399	0.382
2610	0.377	0.455	0.399	0.381
2620	0.377	0.456	0.399	0.382
2630	0.377	0.456	0.398	0.384
2640	0.377	0.456	0.398	0.383
eigenvalues:  tensor([68.3502, 60.0032])
hess item is 0.07352152466773987
2650	0.377	0.458	0.398	0.384
2660	0.376	0.458	0.398	0.384
2670	0.376	0.458	0.398	0.384
2680	0.376	0.460	0.398	0.384
2690	0.376	0.462	0.398	0.384
eigenvalues:  tensor([68.2160, 59.9944])
hess item is 0.0700874924659729
2700	0.376	0.461	0.398	0.384
2710	0.375	0.463	0.398	0.385
2720	0.375	0.463	0.398	0.385
2730	0.375	0.464	0.398	0.386
2740	0.375	0.465	0.398	0.386
eigenvalues:  tensor([68.1014, 59.9883])
hess item is 0.06681995838880539
2750	0.374	0.466	0.397	0.386
2760	0.374	0.466	0.397	0.386
2770	0.374	0.467	0.397	0.387
2780	0.374	0.468	0.397	0.388
2790	0.374	0.468	0.397	0.388
eigenvalues:  tensor([68.0032, 59.9828])
hess item is 0.0637122243642807
2800	0.373	0.468	0.397	0.388
2810	0.373	0.469	0.397	0.388
2820	0.373	0.470	0.397	0.388
2830	0.373	0.471	0.397	0.387
2840	0.373	0.471	0.397	0.389
eigenvalues:  tensor([67.8774, 59.9837])
hess item is 0.060756731778383255
2850	0.372	0.472	0.397	0.389
2860	0.372	0.473	0.397	0.388
2870	0.372	0.474	0.397	0.388
2880	0.372	0.475	0.396	0.389
2890	0.371	0.475	0.396	0.389
eigenvalues:  tensor([67.8419, 60.0029])
hess item is 0.057944297790527344
2900	0.371	0.475	0.396	0.389
2910	0.371	0.476	0.396	0.389
2920	0.371	0.476	0.396	0.390
2930	0.371	0.477	0.396	0.390
2940	0.370	0.476	0.396	0.391
eigenvalues:  tensor([67.7691, 60.0370])
hess item is 0.05527155473828316
2950	0.370	0.477	0.396	0.391
2960	0.370	0.478	0.396	0.392
2970	0.370	0.478	0.396	0.392
2980	0.369	0.479	0.396	0.391
2990	0.369	0.480	0.396	0.391
eigenvalues:  tensor([67.6963, 60.0528])
hess item is 0.05272969231009483
3000	0.369	0.481	0.396	0.391
3010	0.369	0.481	0.396	0.391
3020	0.369	0.481	0.396	0.391
3030	0.368	0.481	0.395	0.393
3040	0.368	0.483	0.395	0.393
eigenvalues:  tensor([67.6530, 60.0967])
hess item is 0.050311632454395294
3050	0.368	0.484	0.395	0.394
3060	0.368	0.485	0.395	0.392
3070	0.367	0.485	0.395	0.393
3080	0.367	0.487	0.395	0.394
3090	0.367	0.487	0.395	0.394
eigenvalues:  tensor([67.6819, 60.1351])
hess item is 0.04801293462514877
3100	0.367	0.488	0.395	0.394
3110	0.366	0.488	0.395	0.395
3120	0.366	0.490	0.395	0.395
3130	0.366	0.490	0.395	0.395
3140	0.366	0.490	0.395	0.396
eigenvalues:  tensor([67.7034, 60.1611])
hess item is 0.04582739248871803
3150	0.365	0.491	0.395	0.397
3160	0.365	0.491	0.395	0.397
3170	0.365	0.493	0.394	0.398
3180	0.365	0.493	0.394	0.398
3190	0.364	0.493	0.394	0.397
eigenvalues:  tensor([67.7478, 60.2469])
hess item is 0.043747130781412125
3200	0.364	0.494	0.394	0.397
3210	0.364	0.495	0.394	0.398
3220	0.364	0.496	0.394	0.398
3230	0.363	0.496	0.394	0.398
3240	0.363	0.498	0.394	0.399
eigenvalues:  tensor([67.7713, 60.3050])
hess item is 0.04177040979266167
3250	0.363	0.498	0.394	0.399
3260	0.363	0.498	0.394	0.399
3270	0.362	0.501	0.394	0.400
3280	0.362	0.501	0.394	0.401
3290	0.362	0.501	0.394	0.400
eigenvalues:  tensor([67.9003, 60.3776])
hess item is 0.03988954424858093
3300	0.362	0.502	0.394	0.401
3310	0.361	0.502	0.394	0.401
3320	0.361	0.503	0.394	0.401
3330	0.361	0.503	0.394	0.402
3340	0.361	0.505	0.393	0.402
eigenvalues:  tensor([68.0901, 60.4901])
hess item is 0.03810187056660652
3350	0.360	0.506	0.393	0.402
3360	0.360	0.509	0.393	0.402
3370	0.360	0.508	0.393	0.403
3380	0.360	0.509	0.393	0.403
3390	0.359	0.511	0.393	0.404
eigenvalues:  tensor([68.2099, 60.6030])
hess item is 0.03640041500329971
3400	0.359	0.511	0.393	0.404
3410	0.359	0.512	0.393	0.405
3420	0.359	0.513	0.393	0.404
3430	0.358	0.515	0.393	0.404
3440	0.358	0.517	0.393	0.404
eigenvalues:  tensor([68.3837, 60.7107])
hess item is 0.0347849540412426
3450	0.358	0.517	0.393	0.405
3460	0.357	0.518	0.393	0.405
3470	0.357	0.518	0.393	0.404
3480	0.357	0.519	0.393	0.405
3490	0.357	0.521	0.393	0.405
eigenvalues:  tensor([68.6375, 60.8268])
hess item is 0.03324976935982704
3500	0.356	0.522	0.393	0.406
3510	0.356	0.522	0.393	0.405
3520	0.356	0.525	0.392	0.407
3530	0.356	0.525	0.392	0.406
3540	0.355	0.526	0.392	0.406
eigenvalues:  tensor([68.8854, 60.9723])
hess item is 0.03178786486387253
3550	0.355	0.525	0.392	0.406
3560	0.355	0.529	0.392	0.407
3570	0.354	0.529	0.392	0.407
3580	0.354	0.529	0.392	0.406
3590	0.354	0.531	0.392	0.407
eigenvalues:  tensor([69.1489, 61.1584])
hess item is 0.03040042705833912
3600	0.353	0.531	0.392	0.407
3610	0.353	0.531	0.392	0.406
3620	0.353	0.534	0.392	0.407
3630	0.353	0.534	0.392	0.407
3640	0.352	0.535	0.392	0.407
eigenvalues:  tensor([69.4524, 61.3634])
hess item is 0.029084019362926483
3650	0.352	0.535	0.392	0.407
3660	0.352	0.536	0.392	0.407
3670	0.351	0.538	0.392	0.408
3680	0.351	0.538	0.392	0.408
3690	0.351	0.538	0.392	0.408
eigenvalues:  tensor([69.8368, 61.5668])
hess item is 0.027833260595798492
3700	0.350	0.540	0.392	0.408
3710	0.350	0.541	0.392	0.408
3720	0.350	0.541	0.392	0.410
3730	0.350	0.542	0.392	0.409
3740	0.349	0.545	0.392	0.409
eigenvalues:  tensor([70.2425, 61.7851])
hess item is 0.026644155383110046
3750	0.349	0.545	0.391	0.410
3760	0.349	0.546	0.391	0.409
3770	0.348	0.545	0.391	0.408
3780	0.348	0.548	0.391	0.410
3790	0.348	0.549	0.391	0.410
eigenvalues:  tensor([70.6919, 62.0395])
hess item is 0.025513941422104836
3800	0.347	0.551	0.391	0.411
3810	0.347	0.550	0.391	0.409
3820	0.347	0.551	0.391	0.410
3830	0.346	0.553	0.391	0.413
3840	0.346	0.551	0.391	0.411
eigenvalues:  tensor([71.1544, 62.3224])
hess item is 0.024440716952085495
3850	0.346	0.553	0.391	0.411
3860	0.345	0.554	0.391	0.410
3870	0.345	0.556	0.391	0.411
3880	0.345	0.557	0.391	0.412
3890	0.344	0.558	0.391	0.410
eigenvalues:  tensor([71.6681, 62.6576])
hess item is 0.023420793935656548
3900	0.344	0.558	0.391	0.413
3910	0.344	0.561	0.391	0.412
3920	0.343	0.562	0.391	0.410
3930	0.343	0.562	0.391	0.410
3940	0.343	0.566	0.391	0.410
eigenvalues:  tensor([72.1822, 63.0105])
hess item is 0.022454271093010902
3950	0.342	0.566	0.391	0.412
3960	0.342	0.565	0.391	0.410
3970	0.341	0.566	0.391	0.411
3980	0.341	0.569	0.391	0.412
3990	0.341	0.567	0.391	0.410
eigenvalues:  tensor([72.7094, 63.4301])
hess item is 0.021536653861403465
4000	0.340	0.571	0.391	0.411
4010	0.340	0.570	0.391	0.412
4020	0.340	0.572	0.391	0.412
4030	0.339	0.571	0.391	0.412
4040	0.339	0.573	0.391	0.413
eigenvalues:  tensor([73.3499, 63.8012])
hess item is 0.020665697753429413
4050	0.339	0.576	0.391	0.411
4060	0.338	0.575	0.391	0.412
4070	0.338	0.576	0.391	0.412
4080	0.337	0.577	0.391	0.414
4090	0.337	0.577	0.391	0.413
eigenvalues:  tensor([73.8020, 64.2795])
hess item is 0.019838493317365646
4100	0.337	0.578	0.391	0.411
4110	0.336	0.579	0.391	0.414
4120	0.336	0.580	0.391	0.414
4130	0.335	0.583	0.391	0.413
4140	0.335	0.584	0.391	0.413
eigenvalues:  tensor([74.6585, 64.7820])
hess item is 0.01905394159257412
4150	0.335	0.585	0.391	0.412
4160	0.334	0.583	0.391	0.410
4170	0.334	0.587	0.391	0.414
4180	0.333	0.589	0.391	0.414
4190	0.333	0.588	0.391	0.413
eigenvalues:  tensor([75.2239, 65.2501])
hess item is 0.018313530832529068
4200	0.332	0.590	0.391	0.414
4210	0.332	0.592	0.391	0.415
4220	0.332	0.594	0.391	0.413
4230	0.331	0.594	0.391	0.414
4240	0.331	0.597	0.391	0.416
eigenvalues:  tensor([75.9756, 65.8515])
hess item is 0.01760965585708618
4250	0.331	0.594	0.391	0.412
4260	0.332	0.591	0.393	0.407
4270	0.333	0.590	0.394	0.405
4280	0.331	0.592	0.393	0.409
4290	0.329	0.603	0.391	0.416
eigenvalues:  tensor([73.0963, 66.0357])
hess item is 0.01697218231856823
4300	0.329	0.601	0.392	0.411
4310	0.330	0.599	0.392	0.409
4320	0.330	0.594	0.393	0.406
4330	0.331	0.597	0.394	0.405
4340	0.330	0.596	0.394	0.405
eigenvalues:  tensor([68.8664, 66.0065])
hess item is 0.016383638605475426
4350	0.328	0.605	0.392	0.410
4360	0.326	0.606	0.391	0.412
4370	0.326	0.609	0.391	0.412
4380	0.325	0.612	0.391	0.414
4390	0.326	0.613	0.392	0.410
eigenvalues:  tensor([69.1729, 66.6168])
hess item is 0.015801822766661644
4400	0.329	0.598	0.395	0.403
4410	0.333	0.583	0.400	0.397
4420	0.326	0.607	0.393	0.408
4430	0.323	0.616	0.391	0.413
4440	0.324	0.619	0.393	0.410
eigenvalues:  tensor([66.6072, 64.8699])
hess item is 0.015278846956789494
4450	0.325	0.617	0.394	0.407
4460	0.324	0.619	0.394	0.409
4470	0.325	0.614	0.395	0.407
4480	0.324	0.619	0.395	0.407
4490	0.322	0.618	0.393	0.409
eigenvalues:  tensor([63.6934, 60.7794])
hess item is 0.014788630418479443
4500	0.332	0.593	0.403	0.397
4510	0.325	0.607	0.396	0.406
4520	0.324	0.612	0.396	0.403
4530	0.323	0.618	0.396	0.405
4540	0.325	0.616	0.398	0.403
eigenvalues:  tensor([60.4235, 58.4806])
hess item is 0.014362426474690437
4550	0.322	0.625	0.396	0.410
4560	0.322	0.626	0.397	0.405
4570	0.322	0.623	0.398	0.404
4580	0.320	0.627	0.395	0.410
4590	0.319	0.628	0.395	0.409
eigenvalues:  tensor([60.6380, 59.9286])
hess item is 0.013913093134760857
4600	0.319	0.630	0.396	0.408
4610	0.338	0.583	0.415	0.385
4620	0.321	0.627	0.398	0.407
4630	0.327	0.613	0.405	0.399
4640	0.324	0.622	0.402	0.400
eigenvalues:  tensor([56.7691, 55.7509])
hess item is 0.013575314544141293
4650	0.320	0.631	0.399	0.404
4660	0.327	0.612	0.406	0.393
4670	0.313	0.649	0.393	0.415
4680	0.330	0.603	0.411	0.381
4690	0.318	0.637	0.399	0.405
eigenvalues:  tensor([56.3648, 53.7229])
hess item is 0.013227483257651329
4700	0.319	0.633	0.399	0.404
4710	0.336	0.590	0.416	0.389
4720	0.323	0.622	0.404	0.406
4730	0.314	0.641	0.397	0.410
4740	0.316	0.638	0.399	0.407
eigenvalues:  tensor([52.8225, 52.1875])
hess item is 0.01292647235095501
4750	0.325	0.611	0.408	0.393
4760	0.319	0.637	0.403	0.399
4770	0.335	0.586	0.419	0.376
4780	0.334	0.588	0.418	0.377
4790	0.322	0.621	0.408	0.388
eigenvalues:  tensor([49.1347, 48.2654])
hess item is 0.012690282426774502
4800	0.319	0.635	0.405	0.399
4810	0.316	0.641	0.403	0.406
4820	0.324	0.612	0.411	0.393
4830	0.323	0.623	0.411	0.391
4840	0.314	0.639	0.402	0.400
eigenvalues:  tensor([48.8436, 47.7890])
hess item is 0.01239764504134655
4850	0.322	0.623	0.410	0.388
4860	0.320	0.618	0.408	0.398
4870	0.316	0.631	0.405	0.398
4880	0.331	0.601	0.420	0.372
4890	0.316	0.646	0.408	0.394
eigenvalues:  tensor([46.4824, 45.4579])
hess item is 0.012151423841714859
4900	0.330	0.614	0.421	0.377
4910	0.332	0.617	0.422	0.386
4920	0.310	0.657	0.401	0.409
4930	0.336	0.605	0.427	0.371
4940	0.328	0.619	0.418	0.380
eigenvalues:  tensor([45.5310, 43.6274])
hess item is 0.011963884346187115
4950	0.335	0.607	0.427	0.373
4960	0.315	0.638	0.408	0.399
4970	0.316	0.637	0.410	0.391
4980	0.312	0.649	0.405	0.404
4990	0.323	0.633	0.416	0.393
eigenvalues:  tensor([44.3551, 42.3550])
hess item is 0.011750887148082256
5000	0.328	0.609	0.422	0.381
5010	0.310	0.652	0.405	0.405
5020	0.317	0.638	0.414	0.397
5030	0.317	0.642	0.413	0.392
5040	0.319	0.636	0.416	0.375
eigenvalues:  tensor([43.6215, 42.1303])
hess item is 0.011527820490300655
5050	0.322	0.633	0.418	0.371
5060	0.312	0.656	0.410	0.391
5070	0.330	0.598	0.426	0.367
5080	0.334	0.614	0.432	0.380
5090	0.320	0.638	0.416	0.389
eigenvalues:  tensor([41.5370, 40.1565])
hess item is 0.011365307494997978
5100	0.316	0.639	0.413	0.394
5110	0.321	0.627	0.418	0.384
5120	0.334	0.619	0.433	0.374
5130	0.337	0.574	0.436	0.359
5140	0.320	0.636	0.419	0.395
eigenvalues:  tensor([39.9121, 38.4908])
hess item is 0.011201770976185799
5150	0.311	0.649	0.412	0.395
5160	0.313	0.660	0.413	0.384
5170	0.321	0.642	0.420	0.388
5180	0.313	0.659	0.415	0.392
5190	0.315	0.650	0.416	0.390
eigenvalues:  tensor([39.2297, 37.3719])
hess item is 0.011020924896001816
5200	0.304	0.673	0.407	0.400
5210	0.295	0.694	0.399	0.415
5220	0.324	0.643	0.428	0.392
5230	0.304	0.669	0.410	0.404
5240	0.307	0.665	0.414	0.393
eigenvalues:  tensor([38.0517, 37.3317])
hess item is 0.010789777152240276
5250	0.301	0.680	0.408	0.398
5260	0.301	0.687	0.409	0.400
5270	0.296	0.688	0.405	0.403
5280	0.301	0.673	0.412	0.396
5290	0.301	0.683	0.413	0.393
eigenvalues:  tensor([38.6715, 38.1701])
hess item is 0.010545074008405209
5300	0.308	0.670	0.419	0.387
5310	0.321	0.647	0.430	0.382
5320	0.294	0.706	0.405	0.405
5330	0.305	0.665	0.416	0.386
5340	0.315	0.651	0.427	0.371
eigenvalues:  tensor([39.3644, 38.3640])
hess item is 0.010365169495344162
5350	0.300	0.682	0.414	0.391
5360	0.312	0.659	0.426	0.390
5370	0.310	0.663	0.423	0.378
5380	0.291	0.709	0.407	0.402
5390	0.305	0.675	0.421	0.391
eigenvalues:  tensor([37.3873, 36.5985])
hess item is 0.010189342312514782
5400	0.297	0.698	0.412	0.404
5410	0.305	0.681	0.421	0.388
5420	0.299	0.686	0.417	0.397
5430	0.286	0.718	0.405	0.401
5440	0.290	0.710	0.411	0.395
eigenvalues:  tensor([38.5556, 37.0127])
hess item is 0.009983203373849392
5450	0.279	0.738	0.401	0.414
5460	0.307	0.670	0.429	0.384
5470	0.332	0.616	0.450	0.360
5480	0.294	0.707	0.415	0.388
5490	0.286	0.720	0.409	0.397
eigenvalues:  tensor([37.7882, 36.8637])
hess item is 0.009846270084381104
5500	0.307	0.679	0.430	0.378
5510	0.282	0.731	0.405	0.413
5520	0.292	0.693	0.416	0.395
5530	0.291	0.712	0.417	0.393
5540	0.299	0.684	0.426	0.382
eigenvalues:  tensor([36.7330, 36.5473])
hess item is 0.009688685648143291
5550	0.295	0.699	0.423	0.393
5560	0.294	0.701	0.423	0.389
5570	0.288	0.710	0.417	0.392
5580	0.306	0.686	0.433	0.385
5590	0.290	0.711	0.419	0.384
eigenvalues:  tensor([36.6730, 35.9570])
hess item is 0.009566939435899258
5600	0.286	0.719	0.417	0.388
5610	0.299	0.692	0.428	0.393
5620	0.274	0.749	0.406	0.409
5630	0.278	0.735	0.412	0.400
5640	0.297	0.700	0.429	0.391
eigenvalues:  tensor([37.2206, 36.5436])
hess item is 0.009425344876945019
5650	0.281	0.732	0.414	0.403
5660	0.288	0.727	0.422	0.395
5670	0.292	0.709	0.428	0.390
5680	0.269	0.757	0.406	0.408
5690	0.286	0.715	0.424	0.391
eigenvalues:  tensor([37.2251, 35.9094])
hess item is 0.00928899459540844
5700	0.277	0.741	0.414	0.404
5710	0.280	0.726	0.419	0.391
5720	0.308	0.693	0.450	0.385
5730	0.272	0.754	0.412	0.408
5740	0.266	0.757	0.408	0.412
eigenvalues:  tensor([36.6899, 35.6996])
hess item is 0.009135263971984386
5750	0.276	0.732	0.419	0.397
5760	0.275	0.752	0.418	0.396
5770	0.287	0.727	0.429	0.388
5780	0.272	0.754	0.417	0.402
5790	0.269	0.757	0.415	0.410
eigenvalues:  tensor([36.8157, 36.4329])
hess item is 0.008986840955913067
5800	0.273	0.757	0.418	0.403
5810	0.289	0.724	0.437	0.376
5820	0.279	0.740	0.427	0.392
5830	0.265	0.767	0.412	0.405
5840	0.273	0.755	0.421	0.393
eigenvalues:  tensor([37.2351, 36.6423])
hess item is 0.008889992721378803
5850	0.276	0.739	0.425	0.391
5860	0.271	0.744	0.420	0.403
5870	0.274	0.747	0.424	0.399
5880	0.268	0.763	0.418	0.395
5890	0.264	0.760	0.417	0.403
eigenvalues:  tensor([37.0741, 36.2114])
hess item is 0.008785204961895943
5900	0.277	0.742	0.430	0.388
5910	0.274	0.748	0.429	0.391
5920	0.271	0.759	0.424	0.393
5930	0.286	0.733	0.440	0.371
5940	0.270	0.756	0.425	0.394
eigenvalues:  tensor([36.6077, 36.0765])
hess item is 0.00867544673383236
5950	0.270	0.758	0.424	0.396
5960	0.262	0.771	0.418	0.407
5970	0.261	0.780	0.420	0.403
5980	0.268	0.760	0.428	0.388
5990	0.282	0.745	0.442	0.370
eigenvalues:  tensor([36.7337, 36.4191])
hess item is 0.00854584015905857
6000	0.255	0.799	0.415	0.405
6010	0.260	0.788	0.421	0.399
6020	0.255	0.792	0.418	0.405
6030	0.274	0.750	0.438	0.395
6040	0.262	0.775	0.427	0.402
eigenvalues:  tensor([37.0505, 35.9373])
hess item is 0.008463715203106403
6050	0.263	0.767	0.427	0.398
6060	0.254	0.793	0.420	0.393
6070	0.265	0.767	0.434	0.382
6080	0.267	0.764	0.437	0.390
6090	0.254	0.789	0.422	0.396
eigenvalues:  tensor([36.6155, 35.8417])
hess item is 0.008352835662662983
6100	0.250	0.801	0.419	0.403
6110	0.257	0.788	0.427	0.393
6120	0.260	0.771	0.430	0.391
6130	0.257	0.790	0.429	0.390
6140	0.247	0.806	0.420	0.404
eigenvalues:  tensor([37.3179, 37.1227])
hess item is 0.008263961412012577
6150	0.286	0.726	0.456	0.379
6160	0.245	0.814	0.420	0.403
6170	0.257	0.791	0.431	0.391
6180	0.252	0.796	0.426	0.401
6190	0.277	0.751	0.452	0.374
eigenvalues:  tensor([37.5654, 36.9429])
hess item is 0.008217050693929195
6200	0.255	0.799	0.432	0.394
6210	0.253	0.793	0.430	0.391
6220	0.244	0.816	0.422	0.400
6230	0.261	0.780	0.439	0.382
6240	0.246	0.813	0.426	0.392
eigenvalues:  tensor([37.5242, 36.4403])
hess item is 0.008154303766787052
6250	0.249	0.803	0.429	0.397
6260	0.254	0.801	0.435	0.395
6270	0.255	0.792	0.438	0.383
6280	0.244	0.822	0.427	0.387
6290	0.240	0.825	0.425	0.394
eigenvalues:  tensor([37.8189, 37.7428])
hess item is 0.008118998259305954
6300	0.264	0.785	0.447	0.386
6310	0.243	0.818	0.430	0.404
6320	0.238	0.821	0.426	0.398
6330	0.242	0.810	0.430	0.401
6340	0.239	0.819	0.427	0.403
eigenvalues:  tensor([38.1617, 37.1771])
hess item is 0.008027758449316025
6350	0.251	0.797	0.440	0.390
6360	0.234	0.826	0.427	0.396
6370	0.269	0.773	0.459	0.375
6380	0.241	0.824	0.431	0.391
6390	0.243	0.825	0.434	0.388
eigenvalues:  tensor([38.2719, 37.7825])
hess item is 0.007984597235918045
6400	0.258	0.781	0.450	0.374
6410	0.247	0.812	0.439	0.387
6420	0.237	0.832	0.432	0.393
6430	0.237	0.820	0.432	0.397
6440	0.251	0.801	0.447	0.393
eigenvalues:  tensor([37.4793, 37.1446])
hess item is 0.0079433498904109
6450	0.240	0.819	0.437	0.397
6460	0.241	0.812	0.441	0.385
6470	0.242	0.828	0.442	0.384
6480	0.230	0.845	0.430	0.395
6490	0.254	0.797	0.450	0.377
eigenvalues:  tensor([38.2467, 37.9189])
hess item is 0.007888106629252434
6500	0.240	0.826	0.440	0.387
6510	0.253	0.798	0.451	0.386
6520	0.226	0.842	0.428	0.403
6530	0.243	0.822	0.445	0.387
6540	0.237	0.828	0.442	0.384
eigenvalues:  tensor([37.6379, 37.1521])
hess item is 0.007824517786502838
6550	0.236	0.823	0.442	0.386
6560	0.224	0.854	0.430	0.404
6570	0.229	0.846	0.437	0.392
6580	0.225	0.851	0.432	0.393
6590	0.248	0.807	0.454	0.377
eigenvalues:  tensor([37.7437, 37.3004])
hess item is 0.0077750347554683685
6600	0.222	0.854	0.430	0.397
6610	0.235	0.828	0.445	0.388
6620	0.233	0.835	0.443	0.393
6630	0.218	0.864	0.431	0.398
6640	0.231	0.850	0.446	0.383
eigenvalues:  tensor([38.1300, 37.4456])
hess item is 0.007695505861192942
6650	0.230	0.837	0.445	0.384
6660	0.227	0.843	0.442	0.389
6670	0.246	0.812	0.460	0.379
6680	0.222	0.854	0.439	0.395
6690	0.230	0.835	0.447	0.389
eigenvalues:  tensor([38.3903, 37.2993])
hess item is 0.007687486708164215
6700	0.226	0.846	0.442	0.387
6710	0.227	0.852	0.444	0.385
6720	0.224	0.850	0.443	0.385
6730	0.218	0.864	0.437	0.395
6740	0.246	0.814	0.465	0.377
eigenvalues:  tensor([37.7318, 36.8712])
hess item is 0.00765167037025094
6750	0.210	0.884	0.432	0.399
6760	0.230	0.842	0.452	0.384
6770	0.217	0.859	0.441	0.398
6780	0.227	0.848	0.452	0.393
6790	0.218	0.866	0.444	0.391
eigenvalues:  tensor([39.0335, 37.4927])
hess item is 0.007624281104654074
6800	0.210	0.879	0.437	0.397
6810	0.230	0.840	0.459	0.377
6820	0.213	0.880	0.441	0.381
6830	0.205	0.891	0.435	0.391
6840	0.230	0.840	0.459	0.369
eigenvalues:  tensor([38.9622, 38.1068])
hess item is 0.007565643638372421
6850	0.234	0.845	0.463	0.375
6860	0.209	0.883	0.440	0.393
6870	0.218	0.866	0.449	0.394
6880	0.225	0.848	0.454	0.382
6890	0.214	0.866	0.447	0.388
eigenvalues:  tensor([38.7930, 38.2738])
hess item is 0.007517682388424873
6900	0.222	0.853	0.453	0.387
6910	0.221	0.845	0.455	0.382
6920	0.244	0.813	0.477	0.356
6930	0.201	0.890	0.438	0.394
6940	0.210	0.876	0.448	0.389
eigenvalues:  tensor([37.9901, 37.6291])
hess item is 0.007497246377170086
6950	0.207	0.874	0.446	0.392
6960	0.214	0.866	0.453	0.386
6970	0.212	0.879	0.452	0.380
6980	0.213	0.874	0.454	0.379
6990	0.216	0.868	0.457	0.381
eigenvalues:  tensor([39.1442, 38.6121])
hess item is 0.007450892589986324
7000	0.212	0.875	0.452	0.375
7010	0.199	0.896	0.441	0.391
7020	0.227	0.838	0.468	0.373
7030	0.215	0.860	0.460	0.377
7040	0.214	0.868	0.459	0.384
eigenvalues:  tensor([38.5555, 38.0402])
hess item is 0.007461682427674532
7050	0.209	0.880	0.453	0.385
7060	0.210	0.879	0.456	0.383
7070	0.221	0.853	0.466	0.367
7080	0.209	0.876	0.456	0.383
7090	0.190	0.909	0.439	0.395
eigenvalues:  tensor([38.7733, 38.2488])
hess item is 0.007449714932590723
7100	0.227	0.834	0.475	0.377
7110	0.200	0.892	0.450	0.392
7120	0.206	0.892	0.457	0.376
7130	0.214	0.877	0.462	0.373
7140	0.203	0.885	0.456	0.386
eigenvalues:  tensor([39.7722, 39.4571])
hess item is 0.0074427491053938866
7150	0.196	0.893	0.449	0.391
7160	0.193	0.901	0.449	0.394
7170	0.225	0.841	0.477	0.365
7180	0.201	0.881	0.456	0.385
7190	0.208	0.881	0.465	0.375
eigenvalues:  tensor([39.3167, 38.1820])
hess item is 0.0074004800990223885
7200	0.203	0.884	0.461	0.375
7210	0.205	0.882	0.461	0.381
7220	0.203	0.888	0.460	0.380
7230	0.195	0.897	0.451	0.385
7240	0.199	0.882	0.456	0.378
eigenvalues:  tensor([38.6397, 38.4782])
hess item is 0.007346286904066801
7250	0.198	0.893	0.458	0.378
7260	0.195	0.896	0.459	0.378
7270	0.210	0.879	0.469	0.371
7280	0.205	0.889	0.467	0.367
7290	0.204	0.878	0.466	0.379
eigenvalues:  tensor([38.7347, 38.3879])
hess item is 0.007322268560528755
7300	0.201	0.887	0.464	0.387
7310	0.190	0.904	0.453	0.389
7320	0.200	0.878	0.463	0.382
7330	0.195	0.901	0.459	0.378
7340	0.186	0.915	0.453	0.387
eigenvalues:  tensor([38.9866, 38.7811])
hess item is 0.007276772987097502
7350	0.205	0.881	0.471	0.364
7360	0.183	0.917	0.452	0.386
7370	0.204	0.889	0.470	0.372
7380	0.190	0.907	0.463	0.384
7390	0.189	0.903	0.459	0.383
eigenvalues:  tensor([38.6186, 38.1533])
hess item is 0.007248078007251024
7400	0.188	0.908	0.460	0.382
7410	0.194	0.899	0.465	0.377
7420	0.191	0.905	0.465	0.376
7430	0.187	0.911	0.462	0.381
7440	0.189	0.901	0.464	0.383
eigenvalues:  tensor([39.6772, 39.2159])
hess item is 0.007243472151458263
7450	0.184	0.904	0.457	0.387
7460	0.185	0.910	0.461	0.380
7470	0.185	0.911	0.460	0.379
7480	0.189	0.899	0.465	0.381
7490	0.179	0.924	0.455	0.382
eigenvalues:  tensor([39.8118, 39.3721])
hess item is 0.007207267917692661
7500	0.198	0.881	0.475	0.363
7510	0.186	0.913	0.463	0.378
7520	0.186	0.917	0.464	0.378
7530	0.190	0.903	0.469	0.377
7540	0.184	0.915	0.465	0.380
eigenvalues:  tensor([40.2015, 39.2656])
hess item is 0.007179141975939274
7550	0.192	0.905	0.473	0.375
7560	0.174	0.925	0.460	0.382
7570	0.192	0.900	0.477	0.367
7580	0.187	0.900	0.471	0.382
7590	0.200	0.888	0.484	0.382
eigenvalues:  tensor([39.3536, 38.7307])
hess item is 0.007142649497836828
7600	0.184	0.912	0.469	0.374
7610	0.175	0.925	0.461	0.379
7620	0.184	0.914	0.469	0.377
7630	0.202	0.873	0.486	0.362
7640	0.176	0.915	0.466	0.381
eigenvalues:  tensor([39.5366, 38.5925])
hess item is 0.0071712383069098
7650	0.186	0.913	0.477	0.370
7660	0.182	0.918	0.473	0.369
7670	0.173	0.928	0.463	0.378
7680	0.186	0.905	0.476	0.373
7690	0.172	0.925	0.463	0.384
eigenvalues:  tensor([39.5847, 39.2339])
hess item is 0.0071574789471924305
7700	0.182	0.912	0.475	0.378
7710	0.176	0.915	0.469	0.379
7720	0.191	0.904	0.484	0.373
7730	0.171	0.933	0.467	0.382
7740	0.175	0.924	0.472	0.376
eigenvalues:  tensor([39.6734, 39.0952])
hess item is 0.007173737045377493
7750	0.188	0.907	0.485	0.367
7760	0.169	0.931	0.466	0.378
7770	0.190	0.901	0.486	0.357
7780	0.181	0.916	0.478	0.377
7790	0.193	0.894	0.488	0.370
eigenvalues:  tensor([39.4802, 38.5216])
hess item is 0.007176668848842382
7800	0.166	0.933	0.466	0.380
7810	0.172	0.930	0.475	0.378
7820	0.165	0.939	0.469	0.374
7830	0.175	0.920	0.480	0.368
7840	0.170	0.932	0.473	0.376
eigenvalues:  tensor([39.7454, 38.4383])
hess item is 0.007122380193322897
7850	0.174	0.910	0.477	0.369
7860	0.179	0.914	0.480	0.368
7870	0.172	0.928	0.476	0.379
7880	0.160	0.939	0.467	0.386
7890	0.165	0.930	0.473	0.382
eigenvalues:  tensor([39.9288, 39.2868])
hess item is 0.007119374815374613
7900	0.169	0.922	0.478	0.378
7910	0.167	0.930	0.475	0.374
7920	0.190	0.899	0.494	0.364
7930	0.159	0.936	0.467	0.380
7940	0.168	0.927	0.477	0.372
eigenvalues:  tensor([39.9227, 39.3511])
hess item is 0.007117751985788345
7950	0.170	0.924	0.480	0.370
7960	0.162	0.933	0.473	0.372
7970	0.168	0.927	0.477	0.374
7980	0.164	0.933	0.475	0.373
7990	0.167	0.938	0.479	0.371
eigenvalues:  tensor([39.4143, 38.9276])
hess item is 0.007109067402780056
8000	0.174	0.927	0.488	0.370
8010	0.163	0.942	0.476	0.375
8020	0.169	0.933	0.482	0.371
8030	0.160	0.936	0.474	0.381
8040	0.173	0.916	0.488	0.362
eigenvalues:  tensor([39.8254, 39.3794])
hess item is 0.007087636273354292
8050	0.168	0.932	0.484	0.362
8060	0.150	0.951	0.470	0.381
8070	0.162	0.934	0.482	0.380
8080	0.174	0.913	0.490	0.374
8090	0.154	0.938	0.472	0.383
eigenvalues:  tensor([40.1196, 39.4079])
hess item is 0.007040545344352722
8100	0.167	0.921	0.484	0.375
8110	0.159	0.935	0.477	0.374
8120	0.166	0.927	0.484	0.370
8130	0.162	0.930	0.480	0.374
8140	0.156	0.939	0.479	0.376
eigenvalues:  tensor([39.7311, 39.3114])
hess item is 0.007038197945803404
8150	0.166	0.931	0.488	0.369
8160	0.162	0.934	0.483	0.369
8170	0.160	0.929	0.483	0.370
8180	0.150	0.942	0.475	0.376
8190	0.165	0.933	0.491	0.369
eigenvalues:  tensor([39.9220, 39.1528])
hess item is 0.007036453578621149
8200	0.155	0.944	0.481	0.370
8210	0.173	0.908	0.498	0.350
8220	0.148	0.943	0.476	0.372
8230	0.163	0.928	0.489	0.368
8240	0.156	0.941	0.484	0.375
eigenvalues:  tensor([40.0517, 39.2938])
hess item is 0.0069862850941717625
8250	0.158	0.941	0.488	0.372
8260	0.165	0.927	0.495	0.369
8270	0.149	0.950	0.481	0.380
8280	0.152	0.947	0.485	0.380
8290	0.167	0.917	0.496	0.369
eigenvalues:  tensor([40.2304, 39.6358])
hess item is 0.0069967517629265785
8300	0.156	0.935	0.485	0.372
8310	0.150	0.942	0.481	0.375
8320	0.160	0.934	0.492	0.365
8330	0.157	0.946	0.489	0.371
8340	0.158	0.948	0.491	0.366
eigenvalues:  tensor([39.0755, 38.9172])
hess item is 0.006981360260397196
8350	0.143	0.956	0.478	0.379
8360	0.158	0.933	0.493	0.379
8370	0.153	0.935	0.489	0.371
8380	0.149	0.949	0.488	0.366
8390	0.140	0.961	0.481	0.376
eigenvalues:  tensor([39.6036, 38.8622])
hess item is 0.0069559658877551556
8400	0.154	0.941	0.492	0.368
8410	0.160	0.931	0.495	0.365
8420	0.153	0.933	0.490	0.363
8430	0.153	0.936	0.491	0.364
8440	0.159	0.935	0.499	0.363
eigenvalues:  tensor([40.5444, 39.9556])
hess item is 0.006986516993492842
8450	0.151	0.941	0.490	0.369
8460	0.150	0.938	0.489	0.370
8470	0.150	0.942	0.489	0.371
8480	0.139	0.957	0.482	0.374
8490	0.141	0.954	0.486	0.369
eigenvalues:  tensor([40.1447, 39.2364])
hess item is 0.006979898549616337
8500	0.151	0.946	0.494	0.363
8510	0.145	0.955	0.490	0.371
8520	0.146	0.956	0.491	0.376
8530	0.154	0.934	0.499	0.367
8540	0.149	0.942	0.495	0.367
eigenvalues:  tensor([40.0725, 40.0210])
hess item is 0.006983242928981781
8550	0.149	0.944	0.496	0.365
8560	0.145	0.951	0.492	0.366
8570	0.156	0.939	0.502	0.362
8580	0.151	0.935	0.498	0.368
8590	0.150	0.940	0.498	0.370
eigenvalues:  tensor([40.8134, 39.8797])
hess item is 0.00700233643874526
8600	0.152	0.934	0.500	0.365
8610	0.141	0.951	0.493	0.375
8620	0.140	0.953	0.493	0.372
8630	0.138	0.961	0.493	0.371
8640	0.148	0.954	0.501	0.363
eigenvalues:  tensor([40.3383, 39.2832])
hess item is 0.006966095417737961
8650	0.147	0.950	0.500	0.361
8660	0.145	0.943	0.496	0.363
8670	0.146	0.942	0.497	0.361
8680	0.140	0.956	0.496	0.364
8690	0.143	0.952	0.498	0.359
eigenvalues:  tensor([39.8790, 39.5463])
hess item is 0.006976000033318996
8700	0.142	0.946	0.497	0.362
8710	0.145	0.945	0.500	0.357
8720	0.142	0.949	0.498	0.367
8730	0.139	0.959	0.496	0.362
8740	0.145	0.957	0.501	0.355
eigenvalues:  tensor([40.4118, 39.5514])
hess item is 0.0069539169780910015
8750	0.147	0.957	0.503	0.358
8760	0.134	0.961	0.492	0.371
8770	0.143	0.951	0.501	0.370
8780	0.137	0.952	0.498	0.371
8790	0.138	0.949	0.497	0.369
eigenvalues:  tensor([39.7800, 39.0968])
hess item is 0.006897914223372936
8800	0.137	0.952	0.500	0.365
8810	0.139	0.950	0.499	0.374
8820	0.156	0.929	0.511	0.364
8830	0.135	0.960	0.494	0.368
8840	0.138	0.961	0.500	0.364
eigenvalues:  tensor([40.6996, 39.8010])
hess item is 0.006859646178781986
8850	0.146	0.950	0.509	0.366
8860	0.140	0.947	0.501	0.366
8870	0.136	0.952	0.498	0.363
8880	0.136	0.953	0.498	0.371
8890	0.138	0.950	0.499	0.373
eigenvalues:  tensor([40.1651, 39.5184])
hess item is 0.006855431944131851
8900	0.132	0.955	0.496	0.373
8910	0.128	0.960	0.494	0.374
8920	0.124	0.964	0.493	0.372
8930	0.134	0.956	0.504	0.359
8940	0.147	0.938	0.515	0.351
eigenvalues:  tensor([40.0995, 39.7902])
hess item is 0.006841713562607765
8950	0.136	0.952	0.505	0.363
8960	0.140	0.952	0.509	0.369
8970	0.142	0.948	0.511	0.366
8980	0.135	0.955	0.504	0.369
8990	0.133	0.959	0.504	0.364
eigenvalues:  tensor([40.5133, 40.0373])
hess item is 0.006845077034085989
9000	0.131	0.960	0.502	0.370
9010	0.128	0.958	0.499	0.368
9020	0.134	0.958	0.505	0.366
9030	0.126	0.960	0.499	0.369
9040	0.135	0.949	0.506	0.368
eigenvalues:  tensor([40.5931, 39.9856])
hess item is 0.006845558527857065
9050	0.143	0.947	0.514	0.360
9060	0.124	0.965	0.495	0.369
9070	0.130	0.964	0.503	0.363
9080	0.129	0.964	0.503	0.363
9090	0.134	0.959	0.508	0.363
eigenvalues:  tensor([40.4911, 39.5012])
hess item is 0.006842368748039007
9100	0.132	0.957	0.507	0.364
9110	0.139	0.951	0.512	0.360
9120	0.133	0.956	0.508	0.362
9130	0.132	0.957	0.509	0.359
9140	0.130	0.959	0.506	0.366
eigenvalues:  tensor([40.4477, 39.8057])
hess item is 0.006820253562182188
9150	0.126	0.962	0.504	0.366
9160	0.122	0.961	0.500	0.370
9170	0.131	0.952	0.508	0.369
9180	0.126	0.962	0.503	0.369
9190	0.126	0.960	0.504	0.369
eigenvalues:  tensor([40.2946, 40.0024])
hess item is 0.0067659360356628895
9200	0.129	0.963	0.506	0.370
9210	0.126	0.962	0.504	0.366
9220	0.128	0.960	0.509	0.356
9230	0.124	0.960	0.506	0.362
9240	0.132	0.956	0.513	0.361
eigenvalues:  tensor([39.8335, 39.1393])
hess item is 0.006741175893694162
9250	0.116	0.971	0.500	0.367
9260	0.121	0.972	0.506	0.364
9270	0.116	0.975	0.504	0.368
9280	0.126	0.969	0.513	0.362
9290	0.121	0.970	0.508	0.364
eigenvalues:  tensor([40.4210, 39.9308])
hess item is 0.006703724153339863
9300	0.126	0.963	0.513	0.364
9310	0.120	0.962	0.507	0.366
9320	0.136	0.946	0.521	0.360
9330	0.120	0.965	0.506	0.368
9340	0.127	0.955	0.515	0.368
eigenvalues:  tensor([41.0681, 39.9294])
hess item is 0.006761263590306044
9350	0.125	0.960	0.511	0.363
9360	0.128	0.957	0.514	0.362
9370	0.128	0.957	0.515	0.359
9380	0.122	0.965	0.509	0.361
9390	0.126	0.967	0.514	0.362
eigenvalues:  tensor([40.1718, 39.0686])
hess item is 0.006782001815736294
9400	0.122	0.969	0.511	0.366
9410	0.129	0.967	0.519	0.367
9420	0.119	0.969	0.509	0.370
9430	0.116	0.968	0.509	0.364
9440	0.120	0.966	0.514	0.371
eigenvalues:  tensor([39.7728, 39.0834])
hess item is 0.006687415763735771
9450	0.117	0.962	0.512	0.368
9460	0.122	0.961	0.516	0.364
9470	0.119	0.966	0.514	0.357
9480	0.127	0.961	0.521	0.350
9490	0.115	0.971	0.510	0.359
eigenvalues:  tensor([39.9194, 39.5104])
hess item is 0.0066819400526583195
9500	0.124	0.963	0.518	0.355
9510	0.127	0.962	0.517	0.365
9520	0.120	0.964	0.513	0.365
9530	0.120	0.965	0.514	0.361
9540	0.117	0.971	0.513	0.361
eigenvalues:  tensor([40.4322, 39.4641])
hess item is 0.006675537675619125
9550	0.114	0.974	0.511	0.361
9560	0.125	0.961	0.521	0.347
9570	0.113	0.972	0.510	0.357
9580	0.114	0.970	0.512	0.356
9590	0.120	0.960	0.517	0.359
eigenvalues:  tensor([40.3594, 39.5998])
hess item is 0.006646276917308569
9600	0.124	0.964	0.519	0.360
9610	0.107	0.977	0.507	0.370
9620	0.113	0.975	0.515	0.363
9630	0.114	0.975	0.518	0.359
9640	0.112	0.976	0.515	0.364
eigenvalues:  tensor([40.0658, 39.1688])
hess item is 0.0066161807626485825
9650	0.116	0.971	0.522	0.362
9660	0.120	0.966	0.522	0.359
9670	0.112	0.974	0.515	0.366
9680	0.118	0.968	0.521	0.359
9690	0.128	0.956	0.528	0.355
eigenvalues:  tensor([40.3064, 40.0170])
hess item is 0.006574193947017193
9700	0.115	0.967	0.516	0.363
9710	0.119	0.963	0.520	0.359
9720	0.109	0.971	0.512	0.367
9730	0.109	0.969	0.514	0.364
9740	0.117	0.967	0.522	0.355
eigenvalues:  tensor([40.7034, 40.4215])
hess item is 0.0065542059019207954
9750	0.125	0.950	0.526	0.347
9760	0.128	0.963	0.531	0.350
9770	0.109	0.978	0.515	0.359
9780	0.110	0.978	0.519	0.363
9790	0.111	0.976	0.519	0.362
eigenvalues:  tensor([40.5997, 40.1245])
hess item is 0.00657266890630126
9800	0.117	0.966	0.525	0.360
9810	0.113	0.965	0.521	0.364
9820	0.111	0.970	0.520	0.364
9830	0.106	0.975	0.515	0.363
9840	0.114	0.969	0.522	0.355
eigenvalues:  tensor([40.7214, 39.9138])
hess item is 0.006593393627554178
9850	0.116	0.965	0.521	0.353
9860	0.110	0.972	0.520	0.358
9870	0.112	0.970	0.523	0.355
9880	0.107	0.978	0.520	0.361
9890	0.112	0.973	0.523	0.359
eigenvalues:  tensor([41.1925, 40.5708])
hess item is 0.006554902531206608
9900	0.127	0.954	0.534	0.350
9910	0.102	0.977	0.513	0.364
9920	0.106	0.980	0.517	0.365
9930	0.105	0.981	0.516	0.363
9940	0.109	0.977	0.522	0.362
eigenvalues:  tensor([40.3689, 40.1526])
hess item is 0.006514973938465118
9950	0.116	0.964	0.529	0.362
9960	0.123	0.959	0.534	0.354
9970	0.106	0.979	0.520	0.359
9980	0.115	0.971	0.529	0.356
9990	0.111	0.973	0.525	0.355
