device: cuda:4
output directory: RESULTS/cifar10-10k/fc-tanh/seed_0/mse/ivon/lr_0.0005_h0_1.0_post_10_alpha_100.0_beta2_0.9995_beta_0.0_ess_1000000.0_ivon
Files already downloaded and verified
Files already downloaded and verified
optimizer is IVON
0	0.597	0.131	0.597	0.131
10	0.574	0.136	0.575	0.137
20	0.558	0.142	0.559	0.142
30	0.547	0.148	0.548	0.148
40	0.539	0.155	0.540	0.155
eigenvalues:  tensor([80.6378, 66.5444])
hess item is 0.9753667116165161
50	0.532	0.161	0.533	0.162
60	0.526	0.168	0.528	0.168
70	0.522	0.172	0.523	0.172
80	0.517	0.178	0.519	0.177
90	0.514	0.183	0.515	0.183
eigenvalues:  tensor([80.3269, 66.1697])
hess item is 0.9513508081436157
100	0.510	0.188	0.512	0.186
110	0.508	0.193	0.509	0.190
120	0.505	0.197	0.507	0.193
130	0.502	0.201	0.504	0.195
140	0.500	0.205	0.502	0.199
eigenvalues:  tensor([79.8670, 65.7190])
hess item is 0.9279289245605469
150	0.498	0.209	0.500	0.201
160	0.496	0.211	0.498	0.203
170	0.494	0.212	0.496	0.205
180	0.492	0.214	0.494	0.208
190	0.490	0.217	0.492	0.209
eigenvalues:  tensor([79.4387, 65.2898])
hess item is 0.905085563659668
200	0.488	0.219	0.491	0.213
210	0.487	0.221	0.489	0.215
220	0.485	0.222	0.487	0.218
230	0.483	0.225	0.486	0.219
240	0.482	0.226	0.485	0.220
eigenvalues:  tensor([79.0560, 64.8727])
hess item is 0.882808268070221
250	0.481	0.228	0.483	0.222
260	0.479	0.229	0.482	0.224
270	0.478	0.231	0.481	0.226
280	0.477	0.235	0.479	0.227
290	0.475	0.236	0.478	0.230
eigenvalues:  tensor([78.7033, 64.4756])
hess item is 0.8610810041427612
300	0.474	0.239	0.477	0.230
310	0.473	0.240	0.476	0.231
320	0.472	0.242	0.475	0.233
330	0.471	0.244	0.474	0.235
340	0.470	0.244	0.473	0.236
eigenvalues:  tensor([78.3649, 64.0979])
hess item is 0.8398908972740173
350	0.468	0.246	0.472	0.237
360	0.467	0.248	0.471	0.239
370	0.466	0.249	0.470	0.241
380	0.465	0.250	0.469	0.242
390	0.464	0.252	0.468	0.243
eigenvalues:  tensor([78.0226, 63.7334])
hess item is 0.819225013256073
400	0.464	0.254	0.467	0.245
410	0.463	0.256	0.466	0.247
420	0.462	0.257	0.465	0.248
430	0.461	0.259	0.464	0.249
440	0.460	0.261	0.464	0.250
eigenvalues:  tensor([77.7155, 63.3870])
hess item is 0.7990700006484985
450	0.459	0.261	0.463	0.251
460	0.458	0.262	0.462	0.252
470	0.457	0.264	0.461	0.252
480	0.457	0.266	0.460	0.254
490	0.456	0.266	0.460	0.254
eigenvalues:  tensor([77.4034, 63.0609])
hess item is 0.7794126868247986
500	0.455	0.267	0.459	0.256
510	0.454	0.269	0.458	0.257
520	0.453	0.271	0.457	0.259
530	0.453	0.272	0.457	0.260
540	0.452	0.273	0.456	0.261
eigenvalues:  tensor([77.0903, 62.7421])
hess item is 0.7602404356002808
550	0.451	0.273	0.455	0.262
560	0.451	0.275	0.455	0.263
570	0.450	0.277	0.454	0.264
580	0.449	0.278	0.453	0.265
590	0.448	0.280	0.453	0.266
eigenvalues:  tensor([76.8277, 62.4381])
hess item is 0.7415397763252258
600	0.448	0.281	0.452	0.266
610	0.447	0.282	0.452	0.267
620	0.446	0.283	0.451	0.268
630	0.446	0.285	0.450	0.269
640	0.445	0.285	0.450	0.270
eigenvalues:  tensor([76.5270, 62.1515])
hess item is 0.7233039736747742
650	0.445	0.287	0.449	0.271
660	0.444	0.287	0.449	0.272
670	0.443	0.289	0.448	0.273
680	0.443	0.289	0.447	0.275
690	0.442	0.291	0.447	0.275
eigenvalues:  tensor([76.2312, 61.8877])
hess item is 0.7055179476737976
700	0.441	0.292	0.446	0.276
710	0.441	0.293	0.446	0.277
720	0.440	0.294	0.445	0.278
730	0.440	0.296	0.445	0.279
740	0.439	0.297	0.444	0.280
eigenvalues:  tensor([75.9655, 61.6486])
hess item is 0.688169002532959
750	0.439	0.298	0.444	0.280
760	0.438	0.299	0.443	0.282
770	0.438	0.299	0.443	0.282
780	0.437	0.301	0.442	0.284
790	0.436	0.301	0.442	0.285
eigenvalues:  tensor([75.7088, 61.4334])
hess item is 0.6712482571601868
800	0.436	0.302	0.441	0.287
810	0.435	0.302	0.441	0.287
820	0.435	0.304	0.440	0.287
830	0.434	0.305	0.440	0.288
840	0.434	0.306	0.439	0.289
eigenvalues:  tensor([75.4285, 61.2437])
hess item is 0.6547458171844482
850	0.433	0.306	0.439	0.289
860	0.433	0.307	0.438	0.290
870	0.432	0.308	0.438	0.290
880	0.432	0.309	0.437	0.291
890	0.431	0.310	0.437	0.292
eigenvalues:  tensor([75.1789, 61.0816])
hess item is 0.6386507153511047
900	0.431	0.310	0.437	0.292
910	0.430	0.312	0.436	0.293
920	0.430	0.312	0.436	0.294
930	0.429	0.313	0.435	0.296
940	0.429	0.313	0.435	0.296
eigenvalues:  tensor([74.9410, 60.9323])
hess item is 0.6229541301727295
950	0.429	0.315	0.434	0.296
960	0.428	0.315	0.434	0.297
970	0.428	0.316	0.434	0.297
980	0.427	0.317	0.433	0.298
990	0.427	0.318	0.433	0.298
eigenvalues:  tensor([74.6919, 60.7938])
hess item is 0.6076444983482361
1000	0.426	0.319	0.432	0.299
1010	0.426	0.320	0.432	0.299
1020	0.425	0.322	0.432	0.300
1030	0.425	0.322	0.431	0.300
1040	0.425	0.324	0.431	0.301
eigenvalues:  tensor([74.4652, 60.6653])
hess item is 0.5927134156227112
1050	0.424	0.324	0.431	0.301
1060	0.424	0.324	0.430	0.302
1070	0.424	0.325	0.430	0.303
1080	0.423	0.327	0.430	0.303
1090	0.423	0.328	0.429	0.304
eigenvalues:  tensor([74.2170, 60.5428])
hess item is 0.5781505107879639
1100	0.422	0.329	0.429	0.305
1110	0.422	0.330	0.429	0.305
1120	0.422	0.332	0.428	0.305
1130	0.421	0.332	0.428	0.305
1140	0.421	0.332	0.428	0.306
eigenvalues:  tensor([73.9932, 60.4210])
hess item is 0.5639479160308838
1150	0.421	0.333	0.427	0.306
1160	0.420	0.334	0.427	0.307
1170	0.420	0.334	0.427	0.307
1180	0.420	0.334	0.426	0.307
1190	0.419	0.334	0.426	0.308
eigenvalues:  tensor([73.7538, 60.3043])
hess item is 0.5500954389572144
1200	0.419	0.334	0.426	0.308
1210	0.419	0.335	0.426	0.310
1220	0.418	0.336	0.425	0.310
1230	0.418	0.337	0.425	0.310
1240	0.418	0.338	0.425	0.310
eigenvalues:  tensor([73.5411, 60.1787])
hess item is 0.5365850329399109
1250	0.417	0.339	0.424	0.311
1260	0.417	0.340	0.424	0.311
1270	0.417	0.340	0.424	0.312
1280	0.416	0.341	0.424	0.312
1290	0.416	0.342	0.423	0.313
eigenvalues:  tensor([73.3421, 60.0637])
hess item is 0.5234095454216003
1300	0.416	0.343	0.423	0.313
1310	0.416	0.344	0.423	0.315
1320	0.415	0.344	0.423	0.316
1330	0.415	0.345	0.422	0.317
1340	0.415	0.345	0.422	0.317
eigenvalues:  tensor([73.1283, 59.9452])
hess item is 0.5105576515197754
1350	0.414	0.345	0.422	0.317
1360	0.414	0.347	0.422	0.318
1370	0.414	0.348	0.422	0.319
1380	0.414	0.348	0.421	0.319
1390	0.413	0.349	0.421	0.320
eigenvalues:  tensor([72.9062, 59.8351])
hess item is 0.4980235695838928
1400	0.413	0.350	0.421	0.321
1410	0.413	0.351	0.421	0.321
1420	0.413	0.351	0.420	0.322
1430	0.412	0.352	0.420	0.322
1440	0.412	0.352	0.420	0.322
eigenvalues:  tensor([72.6989, 59.7181])
hess item is 0.4857983887195587
1450	0.412	0.353	0.420	0.323
1460	0.412	0.353	0.420	0.323
1470	0.411	0.353	0.419	0.324
1480	0.411	0.354	0.419	0.325
1490	0.411	0.354	0.419	0.326
eigenvalues:  tensor([72.4980, 59.6101])
hess item is 0.4738757908344269
1500	0.411	0.355	0.419	0.326
1510	0.411	0.355	0.419	0.326
1520	0.410	0.356	0.418	0.327
1530	0.410	0.356	0.418	0.328
1540	0.410	0.356	0.418	0.328
eigenvalues:  tensor([72.2994, 59.5020])
hess item is 0.4622476398944855
1550	0.410	0.357	0.418	0.328
1560	0.409	0.358	0.418	0.329
1570	0.409	0.359	0.418	0.329
1580	0.409	0.359	0.417	0.329
1590	0.409	0.360	0.417	0.330
eigenvalues:  tensor([72.0888, 59.3816])
hess item is 0.4509068727493286
1600	0.409	0.360	0.417	0.330
1610	0.408	0.360	0.417	0.331
1620	0.408	0.361	0.417	0.331
1630	0.408	0.361	0.417	0.331
1640	0.408	0.362	0.416	0.332
eigenvalues:  tensor([71.8878, 59.2827])
hess item is 0.43984559178352356
1650	0.407	0.362	0.416	0.333
1660	0.407	0.362	0.416	0.333
1670	0.407	0.363	0.416	0.333
1680	0.407	0.364	0.416	0.334
1690	0.407	0.365	0.416	0.334
eigenvalues:  tensor([71.7053, 59.1598])
hess item is 0.4290573000907898
1700	0.407	0.365	0.415	0.335
1710	0.406	0.365	0.415	0.335
1720	0.406	0.366	0.415	0.335
1730	0.406	0.365	0.415	0.337
1740	0.406	0.366	0.415	0.337
eigenvalues:  tensor([71.4903, 59.0535])
hess item is 0.41853463649749756
1750	0.406	0.367	0.415	0.337
1760	0.405	0.368	0.415	0.337
1770	0.405	0.368	0.414	0.338
1780	0.405	0.368	0.414	0.338
1790	0.405	0.369	0.414	0.338
eigenvalues:  tensor([71.3062, 58.9357])
hess item is 0.40827226638793945
1800	0.405	0.369	0.414	0.338
1810	0.404	0.370	0.414	0.338
1820	0.404	0.370	0.414	0.339
1830	0.404	0.370	0.414	0.340
1840	0.404	0.371	0.413	0.340
eigenvalues:  tensor([71.1179, 58.8335])
hess item is 0.3982635736465454
1850	0.404	0.372	0.413	0.340
1860	0.404	0.372	0.413	0.340
1870	0.403	0.373	0.413	0.341
1880	0.403	0.373	0.413	0.341
1890	0.403	0.374	0.413	0.341
eigenvalues:  tensor([70.9474, 58.7163])
hess item is 0.3885016143321991
1900	0.403	0.375	0.413	0.342
1910	0.403	0.376	0.413	0.342
1920	0.403	0.375	0.412	0.343
1930	0.402	0.376	0.412	0.343
1940	0.402	0.377	0.412	0.344
eigenvalues:  tensor([70.7332, 58.5990])
hess item is 0.3789815902709961
1950	0.402	0.377	0.412	0.344
1960	0.402	0.378	0.412	0.344
1970	0.402	0.379	0.412	0.344
1980	0.402	0.378	0.412	0.345
1990	0.401	0.379	0.412	0.345
eigenvalues:  tensor([70.5572, 58.4877])
hess item is 0.3696955740451813
2000	0.401	0.379	0.412	0.345
2010	0.401	0.380	0.411	0.345
2020	0.401	0.380	0.411	0.346
2030	0.401	0.381	0.411	0.346
2040	0.401	0.382	0.411	0.346
eigenvalues:  tensor([70.3669, 58.3745])
hess item is 0.36063942313194275
2050	0.401	0.381	0.411	0.346
2060	0.400	0.382	0.411	0.347
2070	0.400	0.382	0.411	0.347
2080	0.400	0.384	0.411	0.348
2090	0.400	0.384	0.411	0.348
eigenvalues:  tensor([70.1580, 58.2558])
hess item is 0.3518065810203552
2100	0.400	0.385	0.410	0.349
2110	0.400	0.385	0.410	0.350
2120	0.399	0.385	0.410	0.350
2130	0.399	0.386	0.410	0.350
2140	0.399	0.387	0.410	0.350
eigenvalues:  tensor([69.9960, 58.1456])
hess item is 0.34319165349006653
2150	0.399	0.387	0.410	0.350
2160	0.399	0.387	0.410	0.350
2170	0.399	0.388	0.410	0.351
2180	0.399	0.387	0.410	0.351
2190	0.398	0.389	0.410	0.351
eigenvalues:  tensor([69.7930, 58.0283])
hess item is 0.33478930592536926
2200	0.398	0.389	0.409	0.352
2210	0.398	0.389	0.409	0.352
2220	0.398	0.389	0.409	0.352
2230	0.398	0.389	0.409	0.352
2240	0.398	0.390	0.409	0.352
eigenvalues:  tensor([69.6163, 57.9128])
hess item is 0.3265935480594635
2250	0.398	0.391	0.409	0.352
2260	0.398	0.391	0.409	0.353
2270	0.397	0.391	0.409	0.353
2280	0.397	0.391	0.409	0.354
2290	0.397	0.392	0.409	0.352
eigenvalues:  tensor([69.4590, 57.7854])
hess item is 0.31860023736953735
2300	0.397	0.392	0.409	0.352
2310	0.397	0.393	0.408	0.353
2320	0.397	0.393	0.408	0.353
2330	0.397	0.393	0.408	0.355
2340	0.396	0.393	0.408	0.353
eigenvalues:  tensor([69.2594, 57.6726])
hess item is 0.3108042776584625
2350	0.396	0.393	0.408	0.353
2360	0.396	0.394	0.408	0.355
2370	0.396	0.393	0.408	0.354
2380	0.396	0.393	0.408	0.354
2390	0.396	0.395	0.408	0.355
eigenvalues:  tensor([69.0546, 57.5670])
hess item is 0.3032008409500122
2400	0.396	0.395	0.408	0.356
2410	0.396	0.396	0.408	0.356
2420	0.395	0.396	0.407	0.356
2430	0.395	0.397	0.407	0.356
2440	0.395	0.396	0.407	0.356
eigenvalues:  tensor([68.8654, 57.4476])
hess item is 0.29578542709350586
2450	0.395	0.398	0.407	0.356
2460	0.395	0.398	0.407	0.356
2470	0.395	0.399	0.407	0.356
2480	0.395	0.399	0.407	0.356
2490	0.394	0.398	0.407	0.357
eigenvalues:  tensor([68.6668, 57.3596])
hess item is 0.2885522246360779
2500	0.394	0.399	0.407	0.356
2510	0.394	0.400	0.407	0.357
2520	0.394	0.400	0.407	0.356
2530	0.394	0.400	0.407	0.357
2540	0.394	0.400	0.407	0.357
eigenvalues:  tensor([68.4708, 57.2406])
hess item is 0.281499445438385
2550	0.394	0.401	0.406	0.357
2560	0.394	0.401	0.406	0.357
2570	0.393	0.402	0.406	0.357
2580	0.393	0.402	0.406	0.357
2590	0.393	0.402	0.406	0.358
eigenvalues:  tensor([68.2864, 57.1170])
hess item is 0.27461937069892883
2600	0.393	0.403	0.406	0.357
2610	0.393	0.404	0.406	0.358
2620	0.393	0.403	0.406	0.358
2630	0.393	0.404	0.406	0.358
2640	0.393	0.403	0.406	0.359
eigenvalues:  tensor([68.1079, 57.0096])
hess item is 0.2679084837436676
2650	0.393	0.403	0.406	0.359
2660	0.392	0.404	0.406	0.359
2670	0.392	0.405	0.406	0.361
2680	0.392	0.405	0.406	0.360
2690	0.392	0.406	0.405	0.360
eigenvalues:  tensor([67.8993, 56.8802])
hess item is 0.26136451959609985
2700	0.392	0.405	0.405	0.360
2710	0.392	0.405	0.405	0.361
2720	0.392	0.406	0.405	0.362
2730	0.392	0.407	0.405	0.361
2740	0.391	0.407	0.405	0.362
eigenvalues:  tensor([67.7163, 56.7557])
hess item is 0.2549816370010376
2750	0.391	0.408	0.405	0.362
2760	0.391	0.408	0.405	0.362
2770	0.391	0.409	0.405	0.361
2780	0.391	0.410	0.405	0.363
2790	0.391	0.410	0.405	0.362
eigenvalues:  tensor([67.5012, 56.6479])
hess item is 0.2487560361623764
2800	0.391	0.411	0.405	0.363
2810	0.391	0.411	0.405	0.363
2820	0.391	0.411	0.405	0.363
2830	0.390	0.412	0.404	0.363
2840	0.390	0.412	0.404	0.363
eigenvalues:  tensor([67.2934, 56.5247])
hess item is 0.2426842302083969
2850	0.390	0.412	0.404	0.363
2860	0.390	0.412	0.404	0.363
2870	0.390	0.413	0.404	0.364
2880	0.390	0.413	0.404	0.364
2890	0.390	0.414	0.404	0.364
eigenvalues:  tensor([67.1361, 56.4061])
hess item is 0.23676156997680664
2900	0.390	0.415	0.404	0.365
2910	0.389	0.415	0.404	0.365
2920	0.389	0.416	0.404	0.365
2930	0.389	0.416	0.404	0.365
2940	0.389	0.416	0.404	0.366
eigenvalues:  tensor([66.9008, 56.2982])
hess item is 0.23098617792129517
2950	0.389	0.417	0.404	0.365
2960	0.389	0.417	0.404	0.366
2970	0.389	0.417	0.404	0.366
2980	0.389	0.418	0.404	0.366
2990	0.389	0.418	0.403	0.366
eigenvalues:  tensor([66.6724, 56.1719])
hess item is 0.22535324096679688
3000	0.388	0.419	0.403	0.366
3010	0.388	0.420	0.403	0.367
3020	0.388	0.420	0.403	0.368
3030	0.388	0.421	0.403	0.367
3040	0.388	0.421	0.403	0.368
eigenvalues:  tensor([66.4689, 56.0382])
hess item is 0.21985885500907898
3050	0.388	0.422	0.403	0.368
3060	0.388	0.423	0.403	0.369
3070	0.388	0.422	0.403	0.368
3080	0.388	0.423	0.403	0.368
3090	0.387	0.424	0.403	0.369
eigenvalues:  tensor([66.2453, 55.9245])
hess item is 0.21450035274028778
3100	0.387	0.425	0.403	0.370
3110	0.387	0.424	0.403	0.368
3120	0.387	0.424	0.403	0.369
3130	0.387	0.425	0.403	0.369
3140	0.387	0.426	0.403	0.370
eigenvalues:  tensor([66.0280, 55.7812])
hess item is 0.20927421748638153
3150	0.387	0.426	0.403	0.369
3160	0.387	0.426	0.402	0.370
3170	0.387	0.426	0.402	0.369
3180	0.386	0.426	0.402	0.370
3190	0.386	0.427	0.402	0.370
eigenvalues:  tensor([65.8213, 55.6694])
hess item is 0.20417624711990356
3200	0.386	0.428	0.402	0.371
3210	0.386	0.428	0.402	0.371
3220	0.386	0.428	0.402	0.371
3230	0.386	0.428	0.402	0.371
3240	0.386	0.429	0.402	0.373
eigenvalues:  tensor([65.5603, 55.5369])
hess item is 0.1992044597864151
3250	0.386	0.429	0.402	0.372
3260	0.386	0.428	0.402	0.372
3270	0.385	0.430	0.402	0.374
3280	0.385	0.430	0.402	0.372
3290	0.385	0.430	0.402	0.373
eigenvalues:  tensor([65.3510, 55.3965])
hess item is 0.19435472786426544
3300	0.385	0.431	0.402	0.372
3310	0.385	0.431	0.402	0.372
3320	0.385	0.431	0.402	0.372
3330	0.385	0.431	0.402	0.374
3340	0.385	0.432	0.401	0.374
eigenvalues:  tensor([65.1355, 55.2933])
hess item is 0.18962472677230835
3350	0.385	0.431	0.401	0.373
3360	0.384	0.431	0.401	0.373
3370	0.384	0.431	0.401	0.373
3380	0.384	0.431	0.401	0.373
3390	0.384	0.433	0.401	0.373
eigenvalues:  tensor([64.9104, 55.1694])
hess item is 0.18501058220863342
3400	0.384	0.433	0.401	0.373
3410	0.384	0.435	0.401	0.374
3420	0.384	0.434	0.401	0.374
3430	0.384	0.434	0.401	0.374
3440	0.384	0.434	0.401	0.375
eigenvalues:  tensor([64.6704, 55.0289])
hess item is 0.18051140010356903
3450	0.383	0.434	0.401	0.374
3460	0.383	0.434	0.401	0.374
3470	0.383	0.435	0.401	0.374
3480	0.383	0.434	0.401	0.375
3490	0.383	0.435	0.401	0.375
eigenvalues:  tensor([64.4046, 54.8956])
hess item is 0.17612330615520477
3500	0.383	0.435	0.401	0.374
3510	0.383	0.435	0.401	0.375
3520	0.383	0.435	0.400	0.375
3530	0.383	0.437	0.400	0.374
3540	0.382	0.437	0.400	0.375
eigenvalues:  tensor([64.1595, 54.7504])
hess item is 0.17184250056743622
3550	0.382	0.437	0.400	0.375
3560	0.382	0.437	0.400	0.375
3570	0.382	0.438	0.400	0.375
3580	0.382	0.439	0.400	0.375
3590	0.382	0.439	0.400	0.375
eigenvalues:  tensor([63.8910, 54.6311])
hess item is 0.16766773164272308
3600	0.382	0.440	0.400	0.375
3610	0.382	0.440	0.400	0.376
3620	0.382	0.440	0.400	0.375
3630	0.382	0.441	0.400	0.377
3640	0.381	0.442	0.400	0.375
eigenvalues:  tensor([63.6107, 54.4945])
hess item is 0.16359679400920868
3650	0.381	0.443	0.400	0.375
3660	0.381	0.443	0.400	0.377
3670	0.381	0.443	0.400	0.375
3680	0.381	0.443	0.400	0.377
3690	0.381	0.443	0.400	0.377
eigenvalues:  tensor([63.3337, 54.3420])
hess item is 0.15962614119052887
3700	0.381	0.443	0.400	0.377
3710	0.381	0.444	0.400	0.378
3720	0.381	0.444	0.399	0.378
3730	0.380	0.444	0.399	0.378
3740	0.380	0.445	0.399	0.379
eigenvalues:  tensor([63.1058, 54.1674])
hess item is 0.1557532101869583
3750	0.380	0.445	0.399	0.379
3760	0.380	0.445	0.399	0.378
3770	0.380	0.446	0.399	0.379
3780	0.380	0.447	0.399	0.379
3790	0.380	0.447	0.399	0.378
eigenvalues:  tensor([62.8167, 54.0227])
hess item is 0.15197545289993286
3800	0.380	0.448	0.399	0.380
3810	0.380	0.448	0.399	0.380
3820	0.379	0.449	0.399	0.379
3830	0.379	0.449	0.399	0.381
3840	0.379	0.450	0.399	0.380
eigenvalues:  tensor([62.5085, 53.8584])
hess item is 0.14829090237617493
3850	0.379	0.449	0.399	0.380
3860	0.379	0.450	0.399	0.380
3870	0.379	0.450	0.399	0.382
3880	0.379	0.450	0.399	0.381
3890	0.379	0.451	0.399	0.382
eigenvalues:  tensor([62.2571, 53.7114])
hess item is 0.1446969211101532
3900	0.379	0.451	0.399	0.381
3910	0.378	0.451	0.399	0.380
3920	0.378	0.452	0.398	0.382
3930	0.378	0.452	0.398	0.382
3940	0.378	0.453	0.398	0.382
eigenvalues:  tensor([61.9225, 53.5569])
hess item is 0.1411922574043274
3950	0.378	0.454	0.398	0.382
3960	0.378	0.454	0.398	0.382
3970	0.378	0.454	0.398	0.383
3980	0.378	0.454	0.398	0.382
3990	0.378	0.455	0.398	0.382
eigenvalues:  tensor([61.6639, 53.3574])
hess item is 0.13777366280555725
4000	0.378	0.454	0.398	0.383
4010	0.377	0.455	0.398	0.383
4020	0.377	0.456	0.398	0.383
4030	0.377	0.456	0.398	0.383
4040	0.377	0.457	0.398	0.383
eigenvalues:  tensor([61.3594, 53.2217])
hess item is 0.1344388723373413
4050	0.377	0.458	0.398	0.384
4060	0.377	0.457	0.398	0.384
4070	0.377	0.458	0.398	0.386
4080	0.377	0.459	0.398	0.385
4090	0.377	0.458	0.398	0.384
eigenvalues:  tensor([61.0430, 53.0403])
hess item is 0.1311865746974945
4100	0.376	0.459	0.398	0.385
4110	0.376	0.459	0.398	0.384
4120	0.376	0.459	0.398	0.385
4130	0.376	0.461	0.398	0.385
4140	0.376	0.461	0.397	0.385
eigenvalues:  tensor([60.7493, 52.8763])
hess item is 0.12801408767700195
4150	0.376	0.460	0.397	0.384
4160	0.376	0.461	0.397	0.386
4170	0.376	0.462	0.397	0.386
4180	0.376	0.461	0.397	0.386
4190	0.375	0.462	0.397	0.386
eigenvalues:  tensor([60.4357, 52.7023])
hess item is 0.1249207928776741
4200	0.375	0.461	0.397	0.386
4210	0.375	0.463	0.397	0.387
4220	0.375	0.463	0.397	0.385
4230	0.375	0.464	0.397	0.386
4240	0.375	0.465	0.397	0.387
eigenvalues:  tensor([60.1239, 52.5120])
hess item is 0.12190263718366623
4250	0.375	0.465	0.397	0.386
4260	0.375	0.464	0.397	0.387
4270	0.375	0.465	0.397	0.388
4280	0.374	0.466	0.397	0.387
4290	0.374	0.466	0.397	0.388
eigenvalues:  tensor([59.7873, 52.3511])
hess item is 0.11895907670259476
4300	0.374	0.467	0.397	0.388
4310	0.374	0.465	0.397	0.387
4320	0.374	0.466	0.397	0.388
4330	0.374	0.467	0.397	0.388
4340	0.374	0.469	0.397	0.388
eigenvalues:  tensor([59.4603, 52.1390])
hess item is 0.11608795821666718
4350	0.374	0.468	0.397	0.389
4360	0.374	0.467	0.397	0.389
4370	0.374	0.468	0.397	0.388
4380	0.373	0.468	0.397	0.389
4390	0.373	0.468	0.396	0.389
eigenvalues:  tensor([59.1384, 51.9581])
hess item is 0.11328808963298798
4400	0.373	0.468	0.396	0.390
4410	0.373	0.469	0.396	0.389
4420	0.373	0.470	0.396	0.389
4430	0.373	0.471	0.396	0.389
4440	0.373	0.470	0.396	0.390
eigenvalues:  tensor([58.9274, 51.7164])
hess item is 0.11055649071931839
4450	0.373	0.471	0.396	0.390
4460	0.373	0.472	0.396	0.389
4470	0.372	0.470	0.396	0.390
4480	0.372	0.472	0.396	0.390
4490	0.372	0.472	0.396	0.389
eigenvalues:  tensor([58.4946, 51.5393])
hess item is 0.10789231210947037
4500	0.372	0.472	0.396	0.389
4510	0.372	0.473	0.396	0.389
4520	0.372	0.472	0.396	0.391
4530	0.372	0.473	0.396	0.390
4540	0.372	0.473	0.396	0.389
eigenvalues:  tensor([58.1703, 51.3571])
hess item is 0.10529331117868423
4550	0.372	0.473	0.396	0.390
4560	0.371	0.473	0.396	0.391
4570	0.371	0.473	0.396	0.391
4580	0.371	0.474	0.396	0.391
4590	0.371	0.474	0.396	0.391
eigenvalues:  tensor([57.8783, 51.1329])
hess item is 0.10275853425264359
4600	0.371	0.474	0.396	0.391
4610	0.371	0.475	0.396	0.393
4620	0.371	0.475	0.396	0.392
4630	0.371	0.475	0.395	0.392
4640	0.371	0.477	0.395	0.392
eigenvalues:  tensor([57.5286, 50.9023])
hess item is 0.10028646886348724
4650	0.370	0.476	0.395	0.392
4660	0.370	0.477	0.395	0.392
4670	0.370	0.477	0.395	0.392
4680	0.370	0.478	0.395	0.393
4690	0.370	0.477	0.395	0.392
eigenvalues:  tensor([57.2066, 50.6992])
hess item is 0.09787499159574509
4700	0.370	0.476	0.395	0.393
4710	0.370	0.479	0.395	0.393
4720	0.370	0.478	0.395	0.394
4730	0.370	0.479	0.395	0.394
4740	0.369	0.480	0.395	0.394
eigenvalues:  tensor([56.8312, 50.4744])
hess item is 0.0955231636762619
4750	0.369	0.479	0.395	0.392
4760	0.369	0.478	0.395	0.394
4770	0.369	0.480	0.395	0.394
4780	0.369	0.481	0.395	0.395
4790	0.369	0.481	0.395	0.395
eigenvalues:  tensor([56.5371, 50.1896])
hess item is 0.09322890639305115
4800	0.369	0.481	0.395	0.394
4810	0.369	0.481	0.395	0.394
4820	0.369	0.481	0.395	0.395
4830	0.368	0.481	0.395	0.395
4840	0.368	0.481	0.395	0.394
eigenvalues:  tensor([56.1975, 49.9749])
hess item is 0.09099110215902328
4850	0.368	0.483	0.395	0.396
4860	0.368	0.483	0.395	0.396
4870	0.368	0.483	0.395	0.396
4880	0.368	0.481	0.394	0.396
4890	0.368	0.483	0.394	0.396
eigenvalues:  tensor([55.8294, 49.7233])
hess item is 0.08880900591611862
4900	0.368	0.483	0.394	0.394
4910	0.368	0.485	0.394	0.396
4920	0.367	0.485	0.394	0.397
4930	0.367	0.486	0.394	0.397
4940	0.367	0.486	0.394	0.397
eigenvalues:  tensor([55.5540, 49.4986])
hess item is 0.08667988330125809
4950	0.367	0.485	0.394	0.398
4960	0.367	0.486	0.394	0.397
4970	0.367	0.485	0.394	0.396
4980	0.367	0.486	0.394	0.397
4990	0.367	0.487	0.394	0.398
eigenvalues:  tensor([55.1428, 49.2065])
hess item is 0.08460307866334915
5000	0.367	0.486	0.394	0.397
5010	0.366	0.487	0.394	0.399
5020	0.366	0.488	0.394	0.398
5030	0.366	0.486	0.394	0.398
5040	0.366	0.488	0.394	0.398
eigenvalues:  tensor([54.8860, 48.9430])
hess item is 0.08257748186588287
5050	0.366	0.490	0.394	0.398
5060	0.366	0.490	0.394	0.399
5070	0.366	0.489	0.394	0.398
5080	0.366	0.490	0.394	0.397
5090	0.365	0.492	0.394	0.398
eigenvalues:  tensor([54.5428, 48.6954])
hess item is 0.08060213178396225
5100	0.365	0.491	0.394	0.398
5110	0.365	0.490	0.394	0.399
5120	0.365	0.491	0.394	0.398
5130	0.365	0.492	0.394	0.399
5140	0.365	0.492	0.394	0.399
eigenvalues:  tensor([54.1845, 48.4398])
hess item is 0.0786747857928276
5150	0.365	0.493	0.394	0.399
5160	0.365	0.493	0.393	0.400
5170	0.365	0.493	0.393	0.399
5180	0.364	0.493	0.393	0.400
5190	0.364	0.494	0.393	0.400
eigenvalues:  tensor([53.8458, 48.1406])
hess item is 0.07679461687803268
5200	0.364	0.496	0.393	0.401
5210	0.364	0.494	0.393	0.401
5220	0.364	0.496	0.393	0.401
5230	0.364	0.496	0.393	0.402
5240	0.364	0.498	0.393	0.401
eigenvalues:  tensor([53.5726, 47.8580])
hess item is 0.07496090233325958
5250	0.364	0.498	0.393	0.402
5260	0.364	0.497	0.393	0.401
5270	0.363	0.499	0.393	0.401
5280	0.363	0.498	0.393	0.401
5290	0.363	0.499	0.393	0.402
eigenvalues:  tensor([53.1309, 47.5875])
hess item is 0.07317236810922623
5300	0.363	0.500	0.393	0.400
5310	0.363	0.499	0.393	0.401
5320	0.363	0.501	0.393	0.401
5330	0.363	0.499	0.393	0.401
5340	0.363	0.501	0.393	0.402
eigenvalues:  tensor([52.7925, 47.2951])
hess item is 0.07142745703458786
5350	0.362	0.500	0.393	0.401
5360	0.362	0.500	0.393	0.402
5370	0.362	0.501	0.393	0.402
5380	0.362	0.502	0.393	0.402
5390	0.362	0.503	0.393	0.402
eigenvalues:  tensor([52.5122, 46.9608])
hess item is 0.06972590833902359
5400	0.362	0.502	0.393	0.403
5410	0.362	0.503	0.393	0.403
5420	0.362	0.504	0.393	0.404
5430	0.362	0.502	0.393	0.403
5440	0.361	0.504	0.393	0.403
eigenvalues:  tensor([52.1429, 46.6471])
hess item is 0.06806554645299911
5450	0.361	0.504	0.392	0.403
5460	0.361	0.504	0.392	0.404
5470	0.361	0.505	0.392	0.403
5480	0.361	0.506	0.392	0.404
5490	0.361	0.507	0.392	0.402
eigenvalues:  tensor([51.8307, 46.3866])
hess item is 0.06644635647535324
5500	0.361	0.507	0.392	0.404
5510	0.361	0.507	0.392	0.403
5520	0.360	0.508	0.392	0.404
5530	0.360	0.507	0.392	0.404
5540	0.360	0.508	0.392	0.405
eigenvalues:  tensor([51.5503, 46.0753])
hess item is 0.06486649066209793
5550	0.360	0.508	0.392	0.404
5560	0.360	0.509	0.392	0.405
5570	0.360	0.507	0.392	0.404
5580	0.360	0.511	0.392	0.404
5590	0.360	0.510	0.392	0.405
eigenvalues:  tensor([51.2002, 45.7932])
hess item is 0.06332601606845856
5600	0.360	0.511	0.392	0.405
5610	0.359	0.513	0.392	0.405
5620	0.359	0.512	0.392	0.405
5630	0.359	0.512	0.392	0.406
5640	0.359	0.513	0.392	0.405
eigenvalues:  tensor([50.9488, 45.4104])
hess item is 0.06182295083999634
5650	0.359	0.514	0.392	0.406
5660	0.359	0.513	0.392	0.406
5670	0.359	0.513	0.392	0.405
5680	0.359	0.516	0.392	0.406
5690	0.358	0.515	0.392	0.407
eigenvalues:  tensor([50.5139, 45.1014])
hess item is 0.06035679206252098
5700	0.358	0.517	0.392	0.406
5710	0.358	0.514	0.392	0.405
5720	0.358	0.515	0.392	0.405
5730	0.358	0.516	0.391	0.405
5740	0.358	0.513	0.392	0.405
eigenvalues:  tensor([50.2209, 44.8075])
hess item is 0.05892689898610115
5750	0.358	0.517	0.391	0.406
5760	0.358	0.517	0.391	0.408
5770	0.357	0.517	0.391	0.405
5780	0.357	0.518	0.391	0.406
5790	0.357	0.519	0.391	0.408
eigenvalues:  tensor([49.9076, 44.5059])
hess item is 0.057531822472810745
5800	0.357	0.519	0.391	0.407
5810	0.357	0.517	0.391	0.408
5820	0.357	0.519	0.391	0.406
5830	0.357	0.518	0.391	0.406
5840	0.357	0.520	0.391	0.407
eigenvalues:  tensor([49.5839, 44.1741])
hess item is 0.05617078021168709
5850	0.356	0.519	0.391	0.406
5860	0.356	0.519	0.391	0.406
5870	0.356	0.521	0.391	0.407
5880	0.356	0.520	0.391	0.408
5890	0.356	0.521	0.391	0.406
eigenvalues:  tensor([49.2776, 43.8078])
hess item is 0.0548430010676384
5900	0.356	0.522	0.391	0.407
5910	0.356	0.522	0.391	0.406
5920	0.356	0.520	0.391	0.406
5930	0.355	0.524	0.391	0.409
5940	0.355	0.523	0.391	0.408
eigenvalues:  tensor([49.0136, 43.5309])
hess item is 0.0535481721162796
5950	0.355	0.524	0.391	0.408
5960	0.355	0.522	0.391	0.408
5970	0.355	0.522	0.391	0.407
5980	0.355	0.525	0.391	0.408
5990	0.355	0.525	0.391	0.408
eigenvalues:  tensor([48.5955, 43.1736])
hess item is 0.05228510871529579
6000	0.355	0.526	0.391	0.408
6010	0.354	0.524	0.391	0.406
6020	0.354	0.526	0.391	0.407
6030	0.354	0.524	0.391	0.407
6040	0.354	0.527	0.391	0.410
eigenvalues:  tensor([48.2157, 42.8613])
hess item is 0.05105333775281906
6050	0.354	0.528	0.391	0.410
6060	0.354	0.528	0.390	0.409
6070	0.354	0.526	0.390	0.408
6080	0.354	0.528	0.390	0.409
6090	0.353	0.529	0.390	0.409
eigenvalues:  tensor([47.8726, 42.5034])
hess item is 0.04985116049647331
6100	0.353	0.529	0.390	0.408
6110	0.353	0.530	0.390	0.408
6120	0.353	0.529	0.390	0.410
6130	0.353	0.529	0.390	0.410
6140	0.353	0.530	0.390	0.410
eigenvalues:  tensor([47.5131, 42.1544])
hess item is 0.048678960651159286
6150	0.353	0.533	0.390	0.409
6160	0.353	0.530	0.390	0.408
6170	0.352	0.532	0.390	0.410
6180	0.352	0.528	0.390	0.408
6190	0.352	0.528	0.390	0.408
eigenvalues:  tensor([47.1854, 41.8189])
hess item is 0.04753507673740387
6200	0.352	0.530	0.390	0.408
6210	0.352	0.529	0.390	0.408
6220	0.352	0.534	0.390	0.410
6230	0.352	0.532	0.390	0.409
6240	0.351	0.534	0.390	0.409
eigenvalues:  tensor([46.7818, 41.5186])
hess item is 0.04641927778720856
6250	0.351	0.531	0.390	0.409
6260	0.351	0.531	0.390	0.408
6270	0.351	0.536	0.390	0.409
6280	0.351	0.535	0.390	0.411
6290	0.351	0.535	0.390	0.410
eigenvalues:  tensor([46.5113, 41.1838])
hess item is 0.045330196619033813
6300	0.351	0.535	0.390	0.409
6310	0.351	0.533	0.390	0.409
6320	0.350	0.534	0.390	0.409
6330	0.350	0.534	0.390	0.408
6340	0.350	0.539	0.390	0.412
eigenvalues:  tensor([46.1373, 40.7955])
hess item is 0.04426777735352516
6350	0.350	0.537	0.390	0.410
6360	0.350	0.539	0.390	0.411
6370	0.350	0.539	0.390	0.411
6380	0.350	0.538	0.390	0.411
6390	0.349	0.539	0.389	0.411
eigenvalues:  tensor([45.8484, 40.4480])
hess item is 0.04323142394423485
6400	0.349	0.540	0.389	0.412
6410	0.349	0.543	0.389	0.413
6420	0.349	0.542	0.389	0.412
6430	0.349	0.538	0.389	0.411
6440	0.349	0.544	0.390	0.413
eigenvalues:  tensor([45.5124, 40.0939])
hess item is 0.04221988096833229
6450	0.349	0.541	0.389	0.413
6460	0.349	0.544	0.389	0.413
6470	0.349	0.539	0.389	0.410
6480	0.348	0.544	0.389	0.413
6490	0.348	0.541	0.389	0.412
eigenvalues:  tensor([45.1801, 39.7682])
hess item is 0.04123378172516823
6500	0.348	0.546	0.389	0.412
6510	0.348	0.544	0.389	0.410
6520	0.348	0.545	0.389	0.413
6530	0.348	0.543	0.389	0.411
6540	0.347	0.546	0.389	0.412
eigenvalues:  tensor([44.8564, 39.4264])
hess item is 0.04027177020907402
6550	0.347	0.545	0.389	0.412
6560	0.347	0.546	0.389	0.411
6570	0.347	0.547	0.389	0.413
6580	0.347	0.544	0.389	0.412
6590	0.347	0.547	0.389	0.413
eigenvalues:  tensor([44.5124, 39.0689])
hess item is 0.03933306038379669
6600	0.347	0.547	0.389	0.415
6610	0.347	0.545	0.389	0.412
6620	0.346	0.548	0.389	0.412
6630	0.346	0.548	0.389	0.413
6640	0.346	0.548	0.389	0.413
eigenvalues:  tensor([43.9778, 38.7492])
hess item is 0.038417357951402664
6650	0.346	0.549	0.389	0.413
6660	0.346	0.549	0.389	0.413
6670	0.346	0.547	0.389	0.413
6680	0.346	0.549	0.389	0.413
6690	0.345	0.549	0.389	0.412
eigenvalues:  tensor([43.6728, 38.4456])
hess item is 0.03752409294247627
6700	0.345	0.549	0.389	0.412
6710	0.345	0.548	0.389	0.412
6720	0.345	0.550	0.389	0.414
6730	0.345	0.550	0.389	0.415
6740	0.345	0.552	0.389	0.414
eigenvalues:  tensor([43.3286, 38.1185])
hess item is 0.0366523340344429
6750	0.345	0.553	0.389	0.414
6760	0.345	0.552	0.389	0.414
6770	0.344	0.554	0.389	0.414
6780	0.344	0.553	0.389	0.413
6790	0.344	0.552	0.389	0.413
eigenvalues:  tensor([43.0379, 37.7788])
hess item is 0.03580164164304733
6800	0.344	0.554	0.389	0.414
6810	0.344	0.553	0.388	0.413
6820	0.344	0.553	0.388	0.414
6830	0.344	0.553	0.388	0.416
6840	0.343	0.553	0.388	0.414
eigenvalues:  tensor([42.6638, 37.5237])
hess item is 0.0349719300866127
6850	0.343	0.553	0.388	0.414
6860	0.343	0.555	0.388	0.415
6870	0.343	0.558	0.388	0.415
6880	0.343	0.557	0.388	0.414
6890	0.343	0.557	0.388	0.412
eigenvalues:  tensor([42.3230, 37.1243])
hess item is 0.03416268154978752
6900	0.343	0.558	0.388	0.415
6910	0.342	0.557	0.388	0.415
6920	0.342	0.557	0.388	0.414
6930	0.342	0.557	0.388	0.417
6940	0.342	0.558	0.388	0.414
eigenvalues:  tensor([41.9998, 36.8329])
hess item is 0.03337333723902702
6950	0.342	0.561	0.388	0.414
6960	0.342	0.560	0.388	0.416
6970	0.342	0.561	0.388	0.415
6980	0.341	0.561	0.388	0.416
6990	0.341	0.561	0.388	0.414
eigenvalues:  tensor([41.5678, 36.6215])
hess item is 0.03260306268930435
7000	0.341	0.560	0.388	0.414
7010	0.341	0.559	0.388	0.414
7020	0.341	0.562	0.388	0.414
7030	0.341	0.560	0.388	0.414
7040	0.341	0.563	0.388	0.416
eigenvalues:  tensor([41.2257, 36.2844])
hess item is 0.03185174986720085
7050	0.341	0.562	0.388	0.414
7060	0.340	0.563	0.388	0.415
7070	0.340	0.563	0.388	0.415
7080	0.340	0.563	0.388	0.416
7090	0.340	0.564	0.388	0.416
eigenvalues:  tensor([40.8671, 36.0038])
hess item is 0.031118614599108696
7100	0.340	0.567	0.388	0.416
7110	0.340	0.566	0.388	0.415
7120	0.339	0.564	0.388	0.416
7130	0.339	0.566	0.388	0.416
7140	0.339	0.566	0.388	0.417
eigenvalues:  tensor([40.4563, 35.6444])
hess item is 0.030403025448322296
7150	0.339	0.567	0.388	0.416
7160	0.339	0.566	0.388	0.417
7170	0.339	0.568	0.388	0.416
7180	0.339	0.568	0.388	0.414
7190	0.338	0.569	0.388	0.417
eigenvalues:  tensor([40.1897, 35.3923])
hess item is 0.02970508486032486
7200	0.338	0.569	0.388	0.414
7210	0.338	0.568	0.388	0.416
7220	0.338	0.569	0.387	0.416
7230	0.338	0.569	0.388	0.416
7240	0.338	0.571	0.388	0.417
eigenvalues:  tensor([39.9190, 35.0637])
hess item is 0.029024161398410797
7250	0.337	0.569	0.387	0.416
7260	0.337	0.570	0.387	0.416
7270	0.337	0.571	0.387	0.418
7280	0.337	0.572	0.388	0.415
7290	0.337	0.572	0.387	0.416
eigenvalues:  tensor([39.4582, 34.7055])
hess item is 0.02836003713309765
7300	0.337	0.572	0.387	0.417
7310	0.337	0.575	0.387	0.417
7320	0.336	0.574	0.387	0.419
7330	0.336	0.575	0.387	0.419
7340	0.336	0.576	0.387	0.417
eigenvalues:  tensor([39.1206, 34.4251])
hess item is 0.02771146595478058
7350	0.336	0.575	0.387	0.416
7360	0.336	0.575	0.387	0.418
7370	0.336	0.575	0.387	0.418
7380	0.335	0.579	0.387	0.419
7390	0.335	0.576	0.387	0.417
eigenvalues:  tensor([38.7911, 34.1938])
hess item is 0.027078665792942047
7400	0.335	0.578	0.387	0.417
7410	0.335	0.576	0.387	0.418
7420	0.335	0.579	0.387	0.417
7430	0.335	0.580	0.387	0.419
7440	0.335	0.579	0.387	0.419
eigenvalues:  tensor([38.4484, 33.8430])
hess item is 0.02646118961274624
7450	0.334	0.579	0.387	0.419
7460	0.334	0.580	0.387	0.418
7470	0.334	0.581	0.387	0.418
7480	0.334	0.579	0.387	0.417
7490	0.334	0.582	0.387	0.420
eigenvalues:  tensor([38.0603, 33.5183])
hess item is 0.025859352201223373
7500	0.334	0.580	0.387	0.419
7510	0.334	0.581	0.387	0.419
7520	0.333	0.581	0.387	0.420
7530	0.333	0.582	0.387	0.420
7540	0.333	0.582	0.387	0.418
eigenvalues:  tensor([37.6717, 33.2888])
hess item is 0.025271166115999222
7550	0.333	0.583	0.387	0.419
7560	0.333	0.583	0.387	0.420
7570	0.333	0.585	0.387	0.419
7580	0.333	0.587	0.387	0.420
7590	0.333	0.585	0.387	0.418
eigenvalues:  tensor([37.3457, 33.0111])
hess item is 0.024697568267583847
7600	0.332	0.586	0.387	0.419
7610	0.332	0.586	0.387	0.422
7620	0.332	0.588	0.387	0.422
7630	0.332	0.586	0.387	0.421
7640	0.332	0.585	0.387	0.420
eigenvalues:  tensor([37.0230, 32.7500])
hess item is 0.02413812465965748
7650	0.331	0.590	0.387	0.419
7660	0.331	0.587	0.387	0.420
7670	0.331	0.589	0.387	0.420
7680	0.331	0.588	0.387	0.420
7690	0.331	0.588	0.387	0.421
eigenvalues:  tensor([36.7003, 32.4703])
hess item is 0.023592451587319374
7700	0.331	0.589	0.387	0.420
7710	0.331	0.592	0.387	0.421
7720	0.330	0.591	0.387	0.422
7730	0.330	0.591	0.387	0.422
7740	0.330	0.591	0.387	0.421
eigenvalues:  tensor([36.4038, 32.2473])
hess item is 0.023060116916894913
7750	0.330	0.593	0.387	0.422
7760	0.330	0.594	0.387	0.420
7770	0.330	0.595	0.387	0.422
7780	0.330	0.592	0.387	0.421
7790	0.329	0.592	0.387	0.422
eigenvalues:  tensor([36.0604, 32.0343])
hess item is 0.022540031000971794
7800	0.329	0.594	0.387	0.421
7810	0.329	0.595	0.387	0.422
7820	0.329	0.596	0.386	0.423
7830	0.329	0.597	0.386	0.422
7840	0.329	0.596	0.387	0.421
eigenvalues:  tensor([35.7313, 31.8358])
hess item is 0.02203313820064068
7850	0.328	0.597	0.386	0.424
7860	0.328	0.594	0.386	0.423
7870	0.328	0.597	0.386	0.421
7880	0.328	0.597	0.386	0.422
7890	0.328	0.598	0.386	0.423
eigenvalues:  tensor([35.4014, 31.6015])
hess item is 0.021538417786359787
7900	0.328	0.599	0.386	0.422
7910	0.327	0.598	0.386	0.422
7920	0.327	0.600	0.386	0.422
7930	0.327	0.599	0.386	0.425
7940	0.327	0.603	0.386	0.424
eigenvalues:  tensor([34.9951, 31.3419])
hess item is 0.021055802702903748
7950	0.327	0.602	0.386	0.422
7960	0.327	0.603	0.386	0.424
7970	0.327	0.601	0.386	0.423
7980	0.326	0.602	0.386	0.422
7990	0.326	0.602	0.386	0.424
eigenvalues:  tensor([34.6747, 31.1007])
hess item is 0.02058463916182518
8000	0.326	0.601	0.386	0.424
8010	0.326	0.606	0.386	0.424
8020	0.326	0.605	0.386	0.424
8030	0.325	0.603	0.386	0.425
8040	0.325	0.604	0.386	0.424
eigenvalues:  tensor([34.4063, 30.8501])
hess item is 0.020125241950154305
8050	0.325	0.604	0.386	0.422
8060	0.325	0.605	0.386	0.425
8070	0.325	0.606	0.386	0.426
8080	0.325	0.607	0.386	0.425
8090	0.324	0.606	0.386	0.424
eigenvalues:  tensor([34.1140, 30.6579])
hess item is 0.01967620849609375
8100	0.324	0.607	0.386	0.424
8110	0.324	0.607	0.386	0.425
8120	0.324	0.610	0.386	0.426
8130	0.324	0.612	0.386	0.425
8140	0.324	0.610	0.386	0.424
eigenvalues:  tensor([33.8592, 30.4287])
hess item is 0.019238341599702835
8150	0.324	0.609	0.386	0.425
8160	0.323	0.613	0.386	0.427
8170	0.323	0.612	0.386	0.424
8180	0.323	0.613	0.386	0.425
8190	0.323	0.609	0.386	0.424
eigenvalues:  tensor([33.4592, 30.1105])
hess item is 0.018811848014593124
8200	0.323	0.615	0.386	0.426
8210	0.323	0.616	0.386	0.426
8220	0.322	0.614	0.386	0.425
8230	0.322	0.611	0.386	0.425
8240	0.322	0.614	0.386	0.425
eigenvalues:  tensor([33.2051, 29.9687])
hess item is 0.01839517056941986
8250	0.322	0.614	0.386	0.424
8260	0.322	0.615	0.386	0.423
8270	0.321	0.617	0.386	0.424
8280	0.321	0.615	0.386	0.425
8290	0.321	0.618	0.386	0.425
eigenvalues:  tensor([32.9183, 29.7933])
hess item is 0.017988545820116997
8300	0.321	0.619	0.386	0.426
8310	0.321	0.618	0.386	0.425
8320	0.321	0.618	0.386	0.425
8330	0.321	0.620	0.386	0.425
8340	0.320	0.619	0.386	0.424
eigenvalues:  tensor([32.6039, 29.5943])
hess item is 0.017591567710042
8350	0.320	0.620	0.386	0.426
8360	0.320	0.621	0.386	0.425
8370	0.320	0.622	0.386	0.428
8380	0.320	0.622	0.386	0.425
8390	0.319	0.624	0.386	0.425
eigenvalues:  tensor([32.3248, 29.3618])
hess item is 0.01720394752919674
8400	0.319	0.622	0.386	0.426
8410	0.319	0.623	0.386	0.424
8420	0.319	0.623	0.386	0.425
8430	0.319	0.623	0.386	0.425
8440	0.319	0.623	0.386	0.426
eigenvalues:  tensor([32.0660, 29.2318])
hess item is 0.016825729981064796
8450	0.319	0.624	0.386	0.427
8460	0.319	0.624	0.386	0.427
8470	0.318	0.624	0.386	0.426
8480	0.318	0.627	0.386	0.426
8490	0.318	0.626	0.386	0.426
eigenvalues:  tensor([31.7798, 29.1197])
hess item is 0.016457123681902885
8500	0.318	0.628	0.386	0.428
8510	0.317	0.630	0.386	0.428
8520	0.317	0.625	0.386	0.426
8530	0.317	0.627	0.386	0.428
8540	0.317	0.626	0.386	0.425
eigenvalues:  tensor([31.5665, 28.9153])
hess item is 0.016097746789455414
8550	0.317	0.629	0.386	0.426
8560	0.317	0.631	0.385	0.428
8570	0.317	0.629	0.386	0.428
8580	0.316	0.631	0.385	0.430
8590	0.316	0.629	0.386	0.427
eigenvalues:  tensor([31.2642, 28.7361])
hess item is 0.01574631966650486
8600	0.316	0.629	0.386	0.427
8610	0.316	0.633	0.386	0.426
8620	0.316	0.634	0.386	0.428
8630	0.315	0.634	0.386	0.428
8640	0.315	0.634	0.386	0.427
eigenvalues:  tensor([31.0370, 28.5773])
hess item is 0.015403459779918194
8650	0.315	0.633	0.386	0.429
8660	0.315	0.632	0.386	0.430
8670	0.315	0.633	0.386	0.426
8680	0.315	0.635	0.385	0.428
8690	0.314	0.638	0.386	0.428
eigenvalues:  tensor([30.7895, 28.3990])
hess item is 0.015069318935275078
8700	0.314	0.635	0.386	0.429
8710	0.314	0.637	0.386	0.426
8720	0.314	0.633	0.385	0.429
8730	0.314	0.638	0.386	0.427
8740	0.314	0.636	0.386	0.426
eigenvalues:  tensor([30.5924, 28.3008])
hess item is 0.014742760919034481
8750	0.314	0.636	0.386	0.428
8760	0.313	0.636	0.386	0.428
8770	0.313	0.638	0.385	0.427
8780	0.313	0.640	0.386	0.428
8790	0.313	0.642	0.385	0.430
eigenvalues:  tensor([30.4488, 28.2337])
hess item is 0.0144240977242589
8800	0.313	0.638	0.386	0.428
8810	0.313	0.641	0.386	0.428
8820	0.312	0.641	0.385	0.428
8830	0.312	0.641	0.386	0.426
8840	0.312	0.641	0.386	0.429
eigenvalues:  tensor([30.2171, 28.0162])
hess item is 0.01411335077136755
8850	0.312	0.640	0.386	0.429
8860	0.312	0.641	0.386	0.429
8870	0.311	0.642	0.385	0.431
8880	0.311	0.643	0.385	0.430
8890	0.311	0.643	0.385	0.427
eigenvalues:  tensor([30.0378, 27.8793])
hess item is 0.013809919357299805
8900	0.311	0.646	0.386	0.427
8910	0.311	0.642	0.386	0.428
8920	0.310	0.644	0.385	0.429
8930	0.311	0.642	0.386	0.430
8940	0.310	0.645	0.385	0.428
eigenvalues:  tensor([29.7479, 27.7961])
hess item is 0.013513976708054543
8950	0.310	0.647	0.385	0.429
8960	0.310	0.646	0.386	0.428
8970	0.310	0.650	0.385	0.429
8980	0.309	0.647	0.385	0.431
8990	0.310	0.649	0.386	0.429
eigenvalues:  tensor([29.5346, 27.6887])
hess item is 0.013225001282989979
9000	0.309	0.649	0.386	0.429
9010	0.309	0.648	0.385	0.431
9020	0.309	0.652	0.386	0.430
9030	0.308	0.652	0.385	0.430
9040	0.308	0.651	0.385	0.429
eigenvalues:  tensor([29.3987, 27.5494])
hess item is 0.012942573055624962
9050	0.308	0.650	0.385	0.430
9060	0.308	0.653	0.385	0.429
9070	0.308	0.653	0.386	0.430
9080	0.308	0.650	0.385	0.429
9090	0.307	0.652	0.386	0.429
eigenvalues:  tensor([29.2169, 27.4230])
hess item is 0.012667340226471424
9100	0.307	0.654	0.385	0.431
9110	0.307	0.653	0.385	0.431
9120	0.307	0.655	0.386	0.429
9130	0.307	0.653	0.386	0.429
9140	0.307	0.654	0.386	0.432
eigenvalues:  tensor([29.0322, 27.2923])
hess item is 0.01239911187440157
9150	0.307	0.654	0.386	0.429
9160	0.306	0.657	0.386	0.428
9170	0.306	0.656	0.385	0.431
9180	0.306	0.656	0.385	0.431
9190	0.305	0.655	0.385	0.430
eigenvalues:  tensor([28.8103, 27.1463])
hess item is 0.012136949226260185
9200	0.306	0.656	0.386	0.429
9210	0.305	0.658	0.385	0.432
9220	0.305	0.654	0.386	0.430
9230	0.305	0.657	0.386	0.432
9240	0.305	0.658	0.385	0.430
eigenvalues:  tensor([28.7346, 27.1411])
hess item is 0.011881640180945396
9250	0.305	0.658	0.385	0.432
9260	0.304	0.661	0.385	0.430
9270	0.304	0.662	0.386	0.431
9280	0.304	0.662	0.386	0.428
9290	0.304	0.659	0.385	0.430
eigenvalues:  tensor([28.5872, 27.0055])
hess item is 0.011631869710981846
9300	0.304	0.663	0.386	0.429
9310	0.304	0.663	0.386	0.430
9320	0.303	0.662	0.386	0.431
9330	0.304	0.660	0.386	0.431
9340	0.303	0.667	0.386	0.431
eigenvalues:  tensor([28.4773, 27.0454])
hess item is 0.011388856917619705
9350	0.303	0.663	0.386	0.431
9360	0.303	0.661	0.386	0.432
9370	0.303	0.663	0.386	0.431
9380	0.302	0.661	0.386	0.430
9390	0.302	0.668	0.385	0.432
eigenvalues:  tensor([28.2585, 26.8635])
hess item is 0.011151875369250774
9400	0.302	0.665	0.386	0.431
9410	0.302	0.665	0.386	0.430
9420	0.302	0.665	0.386	0.431
9430	0.301	0.667	0.386	0.433
9440	0.301	0.669	0.386	0.430
eigenvalues:  tensor([28.1164, 26.8528])
hess item is 0.010920101776719093
9450	0.301	0.666	0.386	0.431
9460	0.301	0.671	0.386	0.430
9470	0.301	0.670	0.386	0.433
9480	0.301	0.671	0.386	0.431
9490	0.301	0.669	0.386	0.428
eigenvalues:  tensor([28.0202, 26.7049])
hess item is 0.01069370936602354
9500	0.300	0.672	0.386	0.431
9510	0.300	0.673	0.386	0.431
9520	0.300	0.673	0.386	0.433
9530	0.299	0.670	0.386	0.431
9540	0.299	0.672	0.386	0.432
eigenvalues:  tensor([27.8906, 26.5941])
hess item is 0.010473248548805714
9550	0.299	0.671	0.386	0.429
9560	0.299	0.678	0.386	0.431
9570	0.299	0.674	0.386	0.429
9580	0.299	0.675	0.386	0.431
9590	0.298	0.674	0.386	0.432
eigenvalues:  tensor([27.7296, 26.5753])
hess item is 0.010257892310619354
9600	0.298	0.677	0.385	0.430
9610	0.299	0.675	0.386	0.434
9620	0.298	0.678	0.386	0.432
9630	0.298	0.680	0.386	0.431
9640	0.297	0.678	0.386	0.431
eigenvalues:  tensor([27.6396, 26.5343])
hess item is 0.010047863237559795
9650	0.297	0.679	0.386	0.431
9660	0.297	0.679	0.386	0.432
9670	0.297	0.677	0.386	0.429
9680	0.297	0.677	0.386	0.431
9690	0.297	0.679	0.386	0.429
eigenvalues:  tensor([27.5862, 26.5239])
hess item is 0.009842640720307827
9700	0.296	0.681	0.386	0.433
9710	0.297	0.676	0.386	0.430
9720	0.296	0.679	0.386	0.431
9730	0.296	0.680	0.386	0.432
9740	0.296	0.682	0.386	0.431
eigenvalues:  tensor([27.5068, 26.5130])
hess item is 0.009642686694860458
9750	0.295	0.683	0.386	0.432
9760	0.295	0.682	0.386	0.433
9770	0.295	0.684	0.386	0.431
9780	0.295	0.684	0.386	0.431
9790	0.295	0.682	0.386	0.430
eigenvalues:  tensor([27.4232, 26.4778])
hess item is 0.009446779265999794
9800	0.294	0.689	0.386	0.432
9810	0.294	0.684	0.386	0.432
9820	0.294	0.685	0.386	0.432
9830	0.294	0.685	0.386	0.432
9840	0.294	0.685	0.386	0.430
eigenvalues:  tensor([27.4184, 26.4978])
hess item is 0.009256101213395596
9850	0.294	0.686	0.386	0.431
9860	0.294	0.684	0.386	0.433
9870	0.293	0.687	0.386	0.432
9880	0.293	0.689	0.386	0.431
9890	0.293	0.691	0.386	0.430
eigenvalues:  tensor([27.3831, 26.4729])
hess item is 0.009069905616343021
9900	0.293	0.691	0.386	0.431
9910	0.293	0.691	0.386	0.432
9920	0.292	0.690	0.386	0.432
9930	0.292	0.690	0.386	0.431
9940	0.292	0.692	0.386	0.433
eigenvalues:  tensor([27.2570, 26.4011])
hess item is 0.00888870656490326
9950	0.292	0.694	0.386	0.432
9960	0.292	0.692	0.386	0.434
9970	0.292	0.691	0.386	0.432
9980	0.291	0.690	0.386	0.431
9990	0.291	0.697	0.386	0.431
