device: cuda:2
output directory: RESULTS/cifar10-10k/fc-tanh/seed_0/mse/ivon/lr_0.0005/h0_1.0/ess_2000000.0/post_10/beta2_0.999/beta_0.0_alpha_100.0_ivon
Files already downloaded and verified
Files already downloaded and verified
optimizer is IVON
0	0.597	0.131	0.597	0.131
10	0.574	0.136	0.574	0.137
20	0.558	0.142	0.559	0.142
30	0.547	0.148	0.548	0.149
40	0.538	0.155	0.539	0.155
eigenvalues:  tensor([80.6466, 66.5451])
hess item is 0.9513573050498962
50	0.532	0.161	0.533	0.162
60	0.526	0.169	0.527	0.169
70	0.521	0.173	0.522	0.173
80	0.517	0.179	0.518	0.178
90	0.513	0.185	0.515	0.184
eigenvalues:  tensor([80.3177, 66.1568])
hess item is 0.9050975441932678
100	0.510	0.191	0.511	0.187
110	0.507	0.194	0.508	0.192
120	0.504	0.199	0.506	0.194
130	0.501	0.202	0.503	0.197
140	0.499	0.207	0.501	0.200
eigenvalues:  tensor([79.8393, 65.6880])
hess item is 0.8610941171646118
150	0.497	0.209	0.499	0.202
160	0.495	0.211	0.497	0.205
170	0.493	0.214	0.495	0.207
180	0.491	0.216	0.493	0.210
190	0.489	0.219	0.491	0.213
eigenvalues:  tensor([79.3916, 65.2310])
hess item is 0.8192355632781982
200	0.487	0.221	0.490	0.216
210	0.485	0.223	0.488	0.218
220	0.484	0.224	0.487	0.219
230	0.482	0.227	0.485	0.222
240	0.481	0.228	0.484	0.224
eigenvalues:  tensor([78.9836, 64.7816])
hess item is 0.7794234156608582
250	0.479	0.230	0.482	0.225
260	0.478	0.233	0.481	0.227
270	0.477	0.235	0.480	0.228
280	0.475	0.237	0.478	0.229
290	0.474	0.240	0.477	0.231
eigenvalues:  tensor([78.5968, 64.3465])
hess item is 0.7415515184402466
300	0.473	0.242	0.476	0.232
310	0.472	0.244	0.475	0.234
320	0.470	0.245	0.474	0.235
330	0.469	0.247	0.473	0.237
340	0.468	0.249	0.472	0.239
eigenvalues:  tensor([78.2197, 63.9260])
hess item is 0.7055293917655945
350	0.467	0.251	0.471	0.242
360	0.466	0.252	0.470	0.243
370	0.465	0.254	0.469	0.245
380	0.464	0.256	0.468	0.246
390	0.463	0.258	0.467	0.247
eigenvalues:  tensor([77.8359, 63.5152])
hess item is 0.6712654829025269
400	0.462	0.260	0.466	0.249
410	0.461	0.261	0.465	0.250
420	0.460	0.262	0.464	0.251
430	0.459	0.263	0.463	0.252
440	0.458	0.265	0.462	0.253
eigenvalues:  tensor([77.4808, 63.1195])
hess item is 0.6386737823486328
450	0.457	0.267	0.461	0.255
460	0.456	0.268	0.460	0.257
470	0.456	0.269	0.460	0.258
480	0.455	0.271	0.459	0.259
490	0.454	0.272	0.458	0.260
eigenvalues:  tensor([77.1164, 62.7408])
hess item is 0.6076725125312805
500	0.453	0.274	0.457	0.262
510	0.452	0.275	0.457	0.262
520	0.451	0.277	0.456	0.263
530	0.451	0.278	0.455	0.264
540	0.450	0.280	0.454	0.264
eigenvalues:  tensor([76.7536, 62.3719])
hess item is 0.57818204164505
550	0.449	0.281	0.454	0.266
560	0.448	0.282	0.453	0.266
570	0.447	0.283	0.452	0.268
580	0.447	0.285	0.451	0.269
590	0.446	0.286	0.451	0.271
eigenvalues:  tensor([76.4316, 62.0220])
hess item is 0.5501221418380737
600	0.445	0.287	0.450	0.272
610	0.444	0.289	0.449	0.274
620	0.444	0.290	0.449	0.276
630	0.443	0.292	0.448	0.277
640	0.442	0.293	0.447	0.279
eigenvalues:  tensor([76.0734, 61.7074])
hess item is 0.5234402418136597
650	0.442	0.294	0.447	0.280
660	0.441	0.295	0.446	0.282
670	0.440	0.296	0.445	0.282
680	0.440	0.297	0.445	0.283
690	0.439	0.298	0.444	0.284
eigenvalues:  tensor([75.7237, 61.4499])
hess item is 0.49805858731269836
700	0.438	0.299	0.444	0.286
710	0.438	0.301	0.443	0.287
720	0.437	0.303	0.442	0.288
730	0.436	0.305	0.442	0.289
740	0.436	0.306	0.441	0.290
eigenvalues:  tensor([75.3981, 61.2447])
hess item is 0.47390976548194885
750	0.435	0.308	0.441	0.291
760	0.434	0.309	0.440	0.292
770	0.434	0.310	0.439	0.293
780	0.433	0.310	0.439	0.293
790	0.432	0.311	0.438	0.294
eigenvalues:  tensor([75.0848, 61.0684])
hess item is 0.45093828439712524
800	0.432	0.312	0.438	0.295
810	0.431	0.313	0.437	0.296
820	0.430	0.315	0.437	0.296
830	0.430	0.316	0.436	0.297
840	0.429	0.317	0.435	0.297
eigenvalues:  tensor([74.7403, 60.9066])
hess item is 0.4290885329246521
850	0.429	0.318	0.435	0.297
860	0.428	0.319	0.434	0.298
870	0.427	0.320	0.434	0.298
880	0.427	0.322	0.433	0.299
890	0.426	0.323	0.433	0.301
eigenvalues:  tensor([74.4395, 60.7570])
hess item is 0.4083041548728943
900	0.426	0.325	0.432	0.302
910	0.425	0.327	0.432	0.303
920	0.424	0.328	0.431	0.302
930	0.424	0.329	0.431	0.303
940	0.423	0.331	0.430	0.304
eigenvalues:  tensor([74.1428, 60.6118])
hess item is 0.3885360062122345
950	0.423	0.332	0.430	0.304
960	0.422	0.332	0.429	0.305
970	0.422	0.333	0.429	0.306
980	0.421	0.334	0.428	0.307
990	0.421	0.334	0.428	0.306
eigenvalues:  tensor([73.8340, 60.4704])
hess item is 0.3697313070297241
1000	0.420	0.335	0.427	0.308
1010	0.420	0.336	0.427	0.308
1020	0.419	0.337	0.426	0.309
1030	0.419	0.337	0.426	0.310
1040	0.418	0.338	0.425	0.310
eigenvalues:  tensor([73.5520, 60.3322])
hess item is 0.3518441319465637
1050	0.418	0.339	0.425	0.311
1060	0.417	0.341	0.425	0.312
1070	0.417	0.342	0.424	0.313
1080	0.416	0.343	0.424	0.313
1090	0.416	0.344	0.423	0.315
eigenvalues:  tensor([73.2337, 60.1992])
hess item is 0.3348284661769867
1100	0.415	0.345	0.423	0.316
1110	0.415	0.345	0.423	0.317
1120	0.415	0.346	0.422	0.318
1130	0.414	0.348	0.422	0.319
1140	0.414	0.349	0.422	0.319
eigenvalues:  tensor([72.9579, 60.0600])
hess item is 0.31864380836486816
1150	0.413	0.350	0.421	0.321
1160	0.413	0.351	0.421	0.322
1170	0.413	0.351	0.421	0.323
1180	0.412	0.352	0.420	0.324
1190	0.412	0.354	0.420	0.324
eigenvalues:  tensor([72.6461, 59.9262])
hess item is 0.3032476305961609
1200	0.411	0.355	0.420	0.324
1210	0.411	0.356	0.419	0.325
1220	0.411	0.356	0.419	0.326
1230	0.410	0.357	0.419	0.327
1240	0.410	0.358	0.418	0.328
eigenvalues:  tensor([72.3828, 59.7736])
hess item is 0.2886020541191101
1250	0.410	0.359	0.418	0.329
1260	0.409	0.360	0.418	0.329
1270	0.409	0.361	0.418	0.331
1280	0.409	0.362	0.417	0.332
1290	0.408	0.362	0.417	0.332
eigenvalues:  tensor([72.1207, 59.6402])
hess item is 0.2746734023094177
1300	0.408	0.364	0.417	0.333
1310	0.408	0.364	0.417	0.333
1320	0.407	0.364	0.416	0.334
1330	0.407	0.365	0.416	0.334
1340	0.407	0.366	0.416	0.335
eigenvalues:  tensor([71.8406, 59.4999])
hess item is 0.26142048835754395
1350	0.406	0.366	0.416	0.336
1360	0.406	0.368	0.415	0.336
1370	0.406	0.367	0.415	0.337
1380	0.405	0.368	0.415	0.337
1390	0.405	0.370	0.415	0.338
eigenvalues:  tensor([71.5472, 59.3643])
hess item is 0.2488146424293518
1400	0.405	0.370	0.414	0.338
1410	0.404	0.371	0.414	0.339
1420	0.404	0.373	0.414	0.339
1430	0.404	0.373	0.414	0.340
1440	0.404	0.373	0.414	0.341
eigenvalues:  tensor([71.2707, 59.2123])
hess item is 0.23682235181331635
1450	0.403	0.373	0.413	0.342
1460	0.403	0.375	0.413	0.342
1470	0.403	0.375	0.413	0.343
1480	0.402	0.377	0.413	0.343
1490	0.402	0.378	0.412	0.343
eigenvalues:  tensor([70.9912, 59.0805])
hess item is 0.22541625797748566
1500	0.402	0.380	0.412	0.344
1510	0.402	0.380	0.412	0.345
1520	0.401	0.381	0.412	0.346
1530	0.401	0.381	0.412	0.346
1540	0.401	0.382	0.411	0.346
eigenvalues:  tensor([70.7145, 58.9421])
hess item is 0.21456661820411682
1550	0.401	0.384	0.411	0.348
1560	0.400	0.386	0.411	0.348
1570	0.400	0.385	0.411	0.348
1580	0.400	0.386	0.411	0.348
1590	0.400	0.386	0.411	0.350
eigenvalues:  tensor([70.4250, 58.7869])
hess item is 0.20424625277519226
1600	0.399	0.387	0.410	0.349
1610	0.399	0.388	0.410	0.349
1620	0.399	0.387	0.410	0.349
1630	0.399	0.389	0.410	0.351
1640	0.398	0.390	0.410	0.350
eigenvalues:  tensor([70.1291, 58.6584])
hess item is 0.19442827999591827
1650	0.398	0.389	0.410	0.351
1660	0.398	0.390	0.409	0.351
1670	0.398	0.391	0.409	0.351
1680	0.397	0.392	0.409	0.352
1690	0.397	0.392	0.409	0.353
eigenvalues:  tensor([69.8675, 58.4914])
hess item is 0.18508855998516083
1700	0.397	0.392	0.409	0.353
1710	0.397	0.393	0.409	0.352
1720	0.396	0.394	0.408	0.354
1730	0.396	0.395	0.408	0.355
1740	0.396	0.395	0.408	0.355
eigenvalues:  tensor([69.5548, 58.3396])
hess item is 0.17620332539081573
1750	0.396	0.397	0.408	0.356
1760	0.395	0.397	0.408	0.356
1770	0.395	0.397	0.408	0.357
1780	0.395	0.398	0.407	0.357
1790	0.395	0.398	0.407	0.357
eigenvalues:  tensor([69.2645, 58.1742])
hess item is 0.16775187849998474
1800	0.395	0.399	0.407	0.357
1810	0.394	0.400	0.407	0.357
1820	0.394	0.400	0.407	0.357
1830	0.394	0.401	0.407	0.357
1840	0.394	0.400	0.407	0.357
eigenvalues:  tensor([68.9788, 58.0247])
hess item is 0.15971311926841736
1850	0.393	0.402	0.407	0.357
1860	0.393	0.402	0.406	0.358
1870	0.393	0.403	0.406	0.360
1880	0.393	0.404	0.406	0.359
1890	0.393	0.405	0.406	0.359
eigenvalues:  tensor([68.6939, 57.8605])
hess item is 0.15206551551818848
1900	0.392	0.405	0.406	0.360
1910	0.392	0.406	0.406	0.360
1920	0.392	0.407	0.406	0.360
1930	0.392	0.407	0.405	0.360
1940	0.391	0.408	0.405	0.361
eigenvalues:  tensor([68.3691, 57.6707])
hess item is 0.1447925567626953
1950	0.391	0.408	0.405	0.361
1960	0.391	0.409	0.405	0.362
1970	0.391	0.410	0.405	0.363
1980	0.391	0.412	0.405	0.363
1990	0.390	0.412	0.405	0.363
eigenvalues:  tensor([68.0530, 57.4935])
hess item is 0.13787223398685455
2000	0.390	0.412	0.405	0.363
2010	0.390	0.413	0.404	0.363
2020	0.390	0.414	0.404	0.363
2030	0.390	0.415	0.404	0.364
2040	0.389	0.417	0.404	0.365
eigenvalues:  tensor([67.7097, 57.3047])
hess item is 0.13129039108753204
2050	0.389	0.417	0.404	0.364
2060	0.389	0.418	0.404	0.365
2070	0.389	0.417	0.404	0.365
2080	0.389	0.419	0.404	0.367
2090	0.388	0.419	0.404	0.366
eigenvalues:  tensor([67.3357, 57.0967])
hess item is 0.12502871453762054
2100	0.388	0.421	0.403	0.367
2110	0.388	0.421	0.403	0.368
2120	0.388	0.423	0.403	0.368
2130	0.388	0.424	0.403	0.368
2140	0.387	0.424	0.403	0.369
eigenvalues:  tensor([67.0296, 56.8969])
hess item is 0.11907180398702621
2150	0.387	0.425	0.403	0.369
2160	0.387	0.426	0.403	0.369
2170	0.387	0.426	0.403	0.370
2180	0.387	0.427	0.403	0.370
2190	0.386	0.428	0.402	0.370
eigenvalues:  tensor([66.6225, 56.6891])
hess item is 0.11340511590242386
2200	0.386	0.429	0.402	0.371
2210	0.386	0.430	0.402	0.371
2220	0.386	0.429	0.402	0.371
2230	0.386	0.430	0.402	0.371
2240	0.385	0.431	0.402	0.372
eigenvalues:  tensor([66.2499, 56.4836])
hess item is 0.10801295936107635
2250	0.385	0.431	0.402	0.373
2260	0.385	0.432	0.402	0.372
2270	0.385	0.432	0.402	0.372
2280	0.385	0.433	0.402	0.372
2290	0.384	0.433	0.401	0.372
eigenvalues:  tensor([65.9122, 56.2344])
hess item is 0.10288384556770325
2300	0.384	0.434	0.401	0.374
2310	0.384	0.435	0.401	0.374
2320	0.384	0.436	0.401	0.373
2330	0.384	0.435	0.401	0.374
2340	0.383	0.435	0.401	0.374
eigenvalues:  tensor([65.4591, 56.0102])
hess item is 0.09800448268651962
2350	0.383	0.437	0.401	0.375
2360	0.383	0.436	0.401	0.375
2370	0.383	0.437	0.401	0.375
2380	0.383	0.437	0.401	0.375
2390	0.382	0.437	0.400	0.375
eigenvalues:  tensor([65.0327, 55.7743])
hess item is 0.09336262196302414
2400	0.382	0.438	0.400	0.376
2410	0.382	0.440	0.400	0.376
2420	0.382	0.441	0.400	0.375
2430	0.382	0.441	0.400	0.376
2440	0.381	0.441	0.400	0.376
eigenvalues:  tensor([64.5673, 55.5296])
hess item is 0.08894767612218857
2450	0.381	0.441	0.400	0.376
2460	0.381	0.442	0.400	0.377
2470	0.381	0.444	0.400	0.377
2480	0.381	0.443	0.400	0.377
2490	0.380	0.444	0.400	0.378
eigenvalues:  tensor([64.0852, 55.3292])
hess item is 0.08474617451429367
2500	0.380	0.446	0.399	0.379
2510	0.380	0.445	0.399	0.379
2520	0.380	0.448	0.399	0.378
2530	0.380	0.448	0.399	0.380
2540	0.379	0.447	0.399	0.380
eigenvalues:  tensor([63.5848, 55.0350])
hess item is 0.08075279742479324
2550	0.379	0.450	0.399	0.380
2560	0.379	0.450	0.399	0.380
2570	0.379	0.451	0.399	0.381
2580	0.379	0.451	0.399	0.380
2590	0.378	0.453	0.399	0.381
eigenvalues:  tensor([63.0844, 54.7612])
hess item is 0.07695066928863525
2600	0.378	0.452	0.399	0.382
2610	0.378	0.454	0.399	0.381
2620	0.378	0.455	0.398	0.382
2630	0.378	0.454	0.398	0.382
2640	0.377	0.455	0.398	0.382
eigenvalues:  tensor([62.6035, 54.4722])
hess item is 0.07333260774612427
2650	0.377	0.457	0.398	0.383
2660	0.377	0.458	0.398	0.384
2670	0.377	0.459	0.398	0.383
2680	0.377	0.457	0.398	0.385
2690	0.376	0.460	0.398	0.385
eigenvalues:  tensor([62.0195, 54.1680])
hess item is 0.06989293545484543
2700	0.376	0.461	0.398	0.385
2710	0.376	0.461	0.398	0.385
2720	0.376	0.461	0.398	0.385
2730	0.376	0.464	0.397	0.385
2740	0.375	0.463	0.397	0.385
eigenvalues:  tensor([61.4885, 53.8231])
hess item is 0.06661976128816605
2750	0.375	0.465	0.397	0.387
2760	0.375	0.463	0.397	0.386
2770	0.375	0.466	0.397	0.387
2780	0.375	0.467	0.397	0.386
2790	0.374	0.466	0.397	0.387
eigenvalues:  tensor([60.9381, 53.4621])
hess item is 0.06350496411323547
2800	0.374	0.467	0.397	0.387
2810	0.374	0.467	0.397	0.388
2820	0.374	0.468	0.397	0.388
2830	0.374	0.468	0.397	0.389
2840	0.373	0.467	0.397	0.390
eigenvalues:  tensor([60.2649, 53.1141])
hess item is 0.06054183095693588
2850	0.373	0.470	0.397	0.389
2860	0.373	0.470	0.396	0.389
2870	0.373	0.470	0.396	0.390
2880	0.373	0.471	0.396	0.390
2890	0.372	0.471	0.396	0.389
eigenvalues:  tensor([59.8364, 52.7720])
hess item is 0.05772120878100395
2900	0.372	0.473	0.396	0.391
2910	0.372	0.471	0.396	0.391
2920	0.372	0.474	0.396	0.391
2930	0.372	0.474	0.396	0.391
2940	0.371	0.475	0.396	0.391
eigenvalues:  tensor([59.1848, 52.4278])
hess item is 0.055039744824171066
2950	0.371	0.473	0.396	0.391
2960	0.371	0.473	0.396	0.390
2970	0.371	0.474	0.396	0.392
2980	0.370	0.475	0.396	0.391
2990	0.370	0.478	0.395	0.393
eigenvalues:  tensor([58.4468, 51.9811])
hess item is 0.0524885430932045
3000	0.370	0.478	0.395	0.392
3010	0.370	0.479	0.395	0.393
3020	0.370	0.479	0.395	0.393
3030	0.369	0.479	0.395	0.394
3040	0.369	0.481	0.395	0.393
eigenvalues:  tensor([57.7528, 51.5924])
hess item is 0.050060197710990906
3050	0.369	0.480	0.395	0.393
3060	0.369	0.481	0.395	0.394
3070	0.369	0.481	0.395	0.394
3080	0.368	0.482	0.395	0.395
3090	0.368	0.482	0.395	0.394
eigenvalues:  tensor([57.1911, 51.1582])
hess item is 0.04775001481175423
3100	0.368	0.483	0.395	0.394
3110	0.368	0.484	0.395	0.396
3120	0.368	0.484	0.395	0.398
3130	0.367	0.486	0.394	0.397
3140	0.367	0.487	0.394	0.397
eigenvalues:  tensor([56.5677, 50.6313])
hess item is 0.04555250704288483
3150	0.367	0.488	0.394	0.396
3160	0.367	0.486	0.394	0.397
3170	0.366	0.489	0.394	0.396
3180	0.366	0.490	0.394	0.396
3190	0.366	0.489	0.394	0.398
eigenvalues:  tensor([55.9313, 50.2050])
hess item is 0.04345965012907982
3200	0.366	0.490	0.394	0.398
3210	0.366	0.491	0.394	0.400
3220	0.365	0.493	0.394	0.398
3230	0.365	0.493	0.394	0.398
3240	0.365	0.494	0.394	0.400
eigenvalues:  tensor([55.1641, 49.6934])
hess item is 0.04146907478570938
3250	0.365	0.494	0.394	0.400
3260	0.364	0.493	0.394	0.401
3270	0.364	0.498	0.394	0.400
3280	0.364	0.495	0.393	0.399
3290	0.364	0.497	0.393	0.400
eigenvalues:  tensor([54.6343, 49.1709])
hess item is 0.03957351669669151
3300	0.364	0.496	0.393	0.400
3310	0.363	0.499	0.393	0.401
3320	0.363	0.499	0.393	0.400
3330	0.363	0.498	0.393	0.402
3340	0.363	0.499	0.393	0.402
eigenvalues:  tensor([54.1223, 48.7213])
hess item is 0.03776995465159416
3350	0.362	0.500	0.393	0.402
3360	0.362	0.502	0.393	0.402
3370	0.362	0.500	0.393	0.402
3380	0.362	0.502	0.393	0.402
3390	0.362	0.504	0.393	0.402
eigenvalues:  tensor([53.4121, 48.2007])
hess item is 0.036052506417036057
3400	0.361	0.505	0.393	0.402
3410	0.361	0.503	0.393	0.403
3420	0.361	0.505	0.393	0.404
3430	0.361	0.509	0.392	0.404
3440	0.361	0.508	0.392	0.404
eigenvalues:  tensor([52.7211, 47.6162])
hess item is 0.03441937267780304
3450	0.360	0.508	0.392	0.403
3460	0.360	0.510	0.392	0.404
3470	0.360	0.507	0.392	0.403
3480	0.360	0.509	0.392	0.402
3490	0.359	0.511	0.392	0.404
eigenvalues:  tensor([52.0746, 46.9734])
hess item is 0.03286529332399368
3500	0.359	0.511	0.392	0.403
3510	0.359	0.515	0.392	0.404
3520	0.359	0.514	0.392	0.404
3530	0.358	0.513	0.392	0.405
3540	0.358	0.515	0.392	0.405
eigenvalues:  tensor([51.4546, 46.4152])
hess item is 0.03138430044054985
3550	0.358	0.516	0.392	0.405
3560	0.358	0.519	0.392	0.408
3570	0.357	0.516	0.392	0.405
3580	0.357	0.517	0.392	0.404
3590	0.357	0.518	0.391	0.405
eigenvalues:  tensor([50.7149, 45.8712])
hess item is 0.029976336285471916
3600	0.357	0.519	0.391	0.405
3610	0.357	0.518	0.391	0.406
3620	0.356	0.522	0.391	0.407
3630	0.356	0.522	0.391	0.407
3640	0.356	0.521	0.391	0.407
eigenvalues:  tensor([49.9940, 45.2534])
hess item is 0.028637448325753212
3650	0.356	0.521	0.391	0.405
3660	0.355	0.523	0.391	0.408
3670	0.355	0.523	0.391	0.407
3680	0.355	0.524	0.391	0.408
3690	0.355	0.525	0.391	0.410
eigenvalues:  tensor([49.3781, 44.5209])
hess item is 0.027362408116459846
3700	0.354	0.525	0.391	0.408
3710	0.354	0.524	0.391	0.407
3720	0.354	0.527	0.391	0.410
3730	0.354	0.528	0.391	0.409
3740	0.353	0.527	0.391	0.407
eigenvalues:  tensor([48.7839, 43.8100])
hess item is 0.026148956269025803
3750	0.353	0.529	0.391	0.409
3760	0.353	0.529	0.390	0.408
3770	0.353	0.528	0.391	0.408
3780	0.353	0.530	0.391	0.408
3790	0.352	0.532	0.390	0.410
eigenvalues:  tensor([48.1603, 43.1708])
hess item is 0.024992674589157104
3800	0.352	0.535	0.390	0.410
3810	0.352	0.532	0.390	0.408
3820	0.351	0.534	0.390	0.409
3830	0.351	0.535	0.390	0.411
3840	0.351	0.536	0.390	0.409
eigenvalues:  tensor([47.4639, 42.4862])
hess item is 0.02389160543680191
3850	0.351	0.535	0.390	0.409
3860	0.350	0.534	0.390	0.409
3870	0.350	0.538	0.390	0.412
3880	0.350	0.536	0.390	0.410
3890	0.350	0.540	0.390	0.412
eigenvalues:  tensor([46.8559, 41.9333])
hess item is 0.02284286916255951
3900	0.349	0.540	0.390	0.410
3910	0.349	0.542	0.390	0.413
3920	0.349	0.540	0.390	0.410
3930	0.349	0.540	0.390	0.409
3940	0.348	0.545	0.390	0.410
eigenvalues:  tensor([46.1286, 41.2397])
hess item is 0.02184564433991909
3950	0.348	0.543	0.389	0.411
3960	0.348	0.543	0.389	0.410
3970	0.348	0.544	0.389	0.412
3980	0.347	0.546	0.389	0.413
3990	0.348	0.542	0.390	0.407
eigenvalues:  tensor([45.4596, 40.7271])
hess item is 0.020895639434456825
4000	0.347	0.550	0.389	0.413
4010	0.347	0.549	0.389	0.413
4020	0.346	0.548	0.389	0.412
4030	0.346	0.547	0.389	0.413
4040	0.346	0.550	0.389	0.416
eigenvalues:  tensor([44.8009, 40.0022])
hess item is 0.019990604370832443
4050	0.346	0.552	0.389	0.416
4060	0.345	0.550	0.389	0.414
4070	0.345	0.549	0.389	0.414
4080	0.345	0.554	0.389	0.414
4090	0.345	0.553	0.389	0.413
eigenvalues:  tensor([44.0058, 39.4564])
hess item is 0.01912851817905903
4100	0.344	0.551	0.389	0.410
4110	0.344	0.554	0.389	0.413
4120	0.344	0.555	0.389	0.413
4130	0.343	0.553	0.389	0.416
4140	0.343	0.557	0.389	0.413
eigenvalues:  tensor([43.5065, 38.8273])
hess item is 0.018307721242308617
4150	0.343	0.560	0.389	0.414
4160	0.343	0.555	0.389	0.412
4170	0.342	0.559	0.388	0.415
4180	0.342	0.559	0.389	0.416
4190	0.342	0.558	0.389	0.414
eigenvalues:  tensor([42.6887, 38.2320])
hess item is 0.017527397722005844
4200	0.341	0.561	0.388	0.415
4210	0.341	0.561	0.389	0.413
4220	0.341	0.562	0.389	0.414
4230	0.341	0.563	0.388	0.416
4240	0.340	0.566	0.388	0.417
eigenvalues:  tensor([42.0733, 37.6424])
hess item is 0.016782360151410103
4250	0.340	0.565	0.388	0.415
4260	0.340	0.566	0.388	0.415
4270	0.340	0.567	0.388	0.419
4280	0.339	0.562	0.388	0.416
4290	0.339	0.568	0.388	0.418
eigenvalues:  tensor([41.3408, 37.0172])
hess item is 0.016073180362582207
4300	0.339	0.568	0.388	0.417
4310	0.338	0.569	0.388	0.415
4320	0.338	0.569	0.388	0.416
4330	0.338	0.572	0.388	0.416
4340	0.338	0.572	0.388	0.415
eigenvalues:  tensor([40.7734, 36.4415])
hess item is 0.015397571958601475
4350	0.337	0.574	0.388	0.417
4360	0.337	0.572	0.388	0.416
4370	0.337	0.573	0.388	0.414
4380	0.337	0.576	0.388	0.418
4390	0.336	0.576	0.388	0.418
eigenvalues:  tensor([40.0562, 35.8965])
hess item is 0.014755208976566792
4400	0.336	0.575	0.388	0.415
4410	0.336	0.575	0.388	0.418
4420	0.335	0.578	0.388	0.419
4430	0.335	0.579	0.388	0.419
4440	0.335	0.583	0.388	0.416
eigenvalues:  tensor([39.5507, 35.5017])
hess item is 0.014141705818474293
4450	0.335	0.581	0.388	0.417
4460	0.334	0.582	0.387	0.419
4470	0.334	0.581	0.388	0.418
4480	0.334	0.584	0.388	0.421
4490	0.333	0.584	0.387	0.420
eigenvalues:  tensor([38.8461, 34.9728])
hess item is 0.013557442463934422
4500	0.333	0.584	0.387	0.419
4510	0.333	0.586	0.387	0.418
4520	0.332	0.589	0.387	0.419
4530	0.332	0.588	0.387	0.418
4540	0.332	0.590	0.387	0.419
eigenvalues:  tensor([38.1117, 34.4723])
hess item is 0.01300113182514906
4550	0.332	0.589	0.387	0.420
4560	0.331	0.587	0.387	0.420
4570	0.331	0.590	0.387	0.418
4580	0.331	0.592	0.388	0.418
4590	0.330	0.590	0.387	0.421
eigenvalues:  tensor([37.5695, 33.9805])
hess item is 0.01247065607458353
4600	0.330	0.591	0.387	0.420
4610	0.330	0.596	0.387	0.420
4620	0.329	0.593	0.387	0.422
4630	0.329	0.597	0.387	0.421
4640	0.329	0.598	0.387	0.422
eigenvalues:  tensor([36.8549, 33.4361])
hess item is 0.011966557241976261
4650	0.329	0.598	0.387	0.422
4660	0.328	0.600	0.387	0.423
4670	0.328	0.601	0.387	0.423
4680	0.328	0.597	0.387	0.422
4690	0.327	0.603	0.387	0.424
eigenvalues:  tensor([36.3677, 33.0290])
hess item is 0.011485382914543152
4700	0.327	0.604	0.387	0.420
4710	0.327	0.601	0.387	0.423
4720	0.327	0.601	0.387	0.419
4730	0.326	0.604	0.387	0.424
4740	0.326	0.604	0.387	0.423
eigenvalues:  tensor([35.8099, 32.4164])
hess item is 0.011026564054191113
4750	0.325	0.606	0.387	0.420
4760	0.326	0.605	0.387	0.423
4770	0.325	0.607	0.387	0.421
4780	0.325	0.606	0.387	0.422
4790	0.324	0.607	0.386	0.424
eigenvalues:  tensor([35.1475, 32.0185])
hess item is 0.01058897003531456
4800	0.324	0.611	0.387	0.421
4810	0.324	0.612	0.387	0.422
4820	0.323	0.612	0.387	0.425
4830	0.323	0.614	0.387	0.423
4840	0.323	0.614	0.387	0.425
eigenvalues:  tensor([34.5892, 31.6539])
hess item is 0.010172737762331963
4850	0.322	0.615	0.387	0.424
4860	0.322	0.615	0.387	0.422
4870	0.322	0.617	0.387	0.423
4880	0.321	0.615	0.387	0.424
4890	0.321	0.617	0.387	0.426
eigenvalues:  tensor([34.1218, 31.1862])
hess item is 0.0097767049446702
4900	0.321	0.617	0.386	0.424
4910	0.320	0.621	0.386	0.424
4920	0.320	0.619	0.386	0.426
4930	0.321	0.617	0.387	0.423
4940	0.320	0.621	0.387	0.424
eigenvalues:  tensor([33.5791, 30.9186])
hess item is 0.0093977777287364
4950	0.319	0.623	0.387	0.424
4960	0.319	0.626	0.387	0.425
4970	0.318	0.623	0.386	0.425
4980	0.318	0.624	0.386	0.424
4990	0.318	0.627	0.387	0.427
eigenvalues:  tensor([33.0037, 30.5557])
hess item is 0.009036683477461338
5000	0.317	0.627	0.386	0.425
5010	0.318	0.626	0.387	0.426
5020	0.317	0.628	0.386	0.428
5030	0.317	0.624	0.387	0.423
5040	0.316	0.631	0.387	0.425
eigenvalues:  tensor([32.5992, 30.2092])
hess item is 0.008692589588463306
5050	0.316	0.635	0.386	0.428
5060	0.316	0.631	0.387	0.425
5070	0.315	0.633	0.386	0.427
5080	0.315	0.632	0.387	0.428
5090	0.315	0.633	0.386	0.428
eigenvalues:  tensor([32.1756, 29.8973])
hess item is 0.008365686982870102
5100	0.314	0.635	0.387	0.426
5110	0.314	0.636	0.387	0.425
5120	0.313	0.638	0.386	0.428
5130	0.313	0.636	0.386	0.428
5140	0.313	0.639	0.387	0.426
eigenvalues:  tensor([31.6791, 29.5291])
hess item is 0.008053673431277275
5150	0.312	0.641	0.386	0.429
5160	0.313	0.641	0.387	0.428
5170	0.312	0.641	0.386	0.426
5180	0.312	0.644	0.387	0.426
5190	0.311	0.642	0.386	0.426
eigenvalues:  tensor([31.3399, 29.3633])
hess item is 0.007756492588669062
5200	0.311	0.641	0.386	0.426
5210	0.311	0.643	0.386	0.430
5220	0.310	0.645	0.386	0.428
5230	0.310	0.647	0.387	0.426
5240	0.309	0.648	0.386	0.428
eigenvalues:  tensor([30.9714, 29.0786])
hess item is 0.007473079487681389
5250	0.309	0.650	0.386	0.430
5260	0.309	0.651	0.387	0.425
5270	0.308	0.651	0.386	0.429
5280	0.309	0.648	0.387	0.428
5290	0.308	0.649	0.386	0.429
eigenvalues:  tensor([30.6186, 28.7725])
hess item is 0.007202956825494766
5300	0.308	0.657	0.387	0.425
5310	0.307	0.652	0.387	0.428
5320	0.307	0.652	0.386	0.428
5330	0.307	0.655	0.386	0.429
5340	0.306	0.659	0.386	0.430
eigenvalues:  tensor([30.1693, 28.6524])
hess item is 0.0069444323889911175
5350	0.306	0.657	0.386	0.431
5360	0.305	0.656	0.386	0.429
5370	0.305	0.657	0.386	0.430
5380	0.305	0.664	0.387	0.431
5390	0.304	0.661	0.386	0.432
eigenvalues:  tensor([30.0233, 28.4811])
hess item is 0.006699879188090563
5400	0.304	0.664	0.386	0.431
5410	0.303	0.665	0.386	0.429
5420	0.304	0.664	0.387	0.426
5430	0.303	0.661	0.387	0.428
5440	0.303	0.665	0.387	0.430
eigenvalues:  tensor([29.6940, 28.2762])
hess item is 0.006464492529630661
5450	0.302	0.664	0.386	0.431
5460	0.302	0.670	0.387	0.430
5470	0.302	0.669	0.387	0.430
5480	0.301	0.669	0.386	0.431
5490	0.301	0.665	0.387	0.428
eigenvalues:  tensor([29.3771, 28.0584])
hess item is 0.00624165078625083
5500	0.300	0.674	0.386	0.430
5510	0.300	0.675	0.387	0.428
5520	0.300	0.673	0.387	0.428
5530	0.299	0.677	0.386	0.431
5540	0.299	0.676	0.387	0.431
eigenvalues:  tensor([29.1632, 27.8932])
hess item is 0.006028147879987955
5550	0.298	0.676	0.386	0.429
5560	0.299	0.677	0.388	0.429
5570	0.298	0.678	0.387	0.430
5580	0.297	0.679	0.386	0.430
5590	0.297	0.678	0.387	0.430
eigenvalues:  tensor([29.0149, 27.9657])
hess item is 0.0058260224759578705
5600	0.297	0.687	0.387	0.430
5610	0.296	0.683	0.387	0.429
5620	0.296	0.683	0.387	0.431
5630	0.296	0.681	0.387	0.429
5640	0.295	0.685	0.387	0.430
eigenvalues:  tensor([28.7813, 27.8385])
hess item is 0.005631859879940748
5650	0.295	0.689	0.387	0.430
5660	0.295	0.688	0.387	0.433
5670	0.294	0.689	0.387	0.431
5680	0.294	0.689	0.387	0.431
5690	0.293	0.690	0.387	0.431
eigenvalues:  tensor([28.4735, 27.5555])
hess item is 0.005447493866086006
5700	0.293	0.693	0.387	0.428
5710	0.293	0.689	0.388	0.430
5720	0.293	0.692	0.387	0.432
5730	0.292	0.692	0.387	0.430
5740	0.293	0.689	0.388	0.428
eigenvalues:  tensor([28.4572, 27.6531])
hess item is 0.005272014997899532
5750	0.292	0.696	0.388	0.429
5760	0.291	0.697	0.387	0.430
5770	0.291	0.696	0.387	0.431
5780	0.290	0.700	0.387	0.430
5790	0.291	0.697	0.388	0.429
eigenvalues:  tensor([28.2683, 27.5242])
hess item is 0.0051046255975961685
5800	0.290	0.698	0.388	0.431
5810	0.289	0.704	0.388	0.429
5820	0.290	0.698	0.388	0.428
5830	0.288	0.701	0.387	0.429
5840	0.288	0.704	0.388	0.431
eigenvalues:  tensor([28.0577, 27.4958])
hess item is 0.004943561740219593
5850	0.289	0.704	0.388	0.428
5860	0.287	0.705	0.387	0.430
5870	0.287	0.709	0.387	0.431
5880	0.288	0.708	0.389	0.430
5890	0.286	0.707	0.387	0.430
eigenvalues:  tensor([28.0525, 27.4186])
hess item is 0.004791139625012875
5900	0.286	0.707	0.388	0.431
5910	0.285	0.711	0.388	0.429
5920	0.285	0.713	0.388	0.432
5930	0.286	0.712	0.389	0.428
5940	0.285	0.717	0.388	0.429
eigenvalues:  tensor([27.8660, 27.2857])
hess item is 0.004646660294383764
5950	0.284	0.717	0.388	0.431
5960	0.284	0.714	0.388	0.430
5970	0.284	0.716	0.388	0.429
5980	0.283	0.716	0.388	0.429
5990	0.283	0.715	0.388	0.429
eigenvalues:  tensor([27.8093, 27.2909])
hess item is 0.0045086112804710865
6000	0.283	0.716	0.389	0.427
6010	0.282	0.722	0.388	0.429
6020	0.282	0.719	0.389	0.430
6030	0.282	0.717	0.389	0.428
6040	0.282	0.720	0.389	0.428
eigenvalues:  tensor([27.7272, 27.3288])
hess item is 0.004377278964966536
6050	0.281	0.717	0.389	0.430
6060	0.280	0.726	0.389	0.428
6070	0.280	0.723	0.388	0.430
6080	0.280	0.724	0.389	0.428
6090	0.280	0.723	0.389	0.430
eigenvalues:  tensor([27.7173, 27.3977])
hess item is 0.004250583238899708
6100	0.279	0.726	0.389	0.430
6110	0.278	0.729	0.389	0.428
6120	0.279	0.728	0.389	0.429
6130	0.278	0.726	0.389	0.428
6140	0.277	0.726	0.389	0.429
eigenvalues:  tensor([27.7216, 27.4100])
hess item is 0.004130314104259014
6150	0.277	0.731	0.389	0.429
6160	0.277	0.728	0.390	0.425
6170	0.277	0.735	0.390	0.431
6180	0.277	0.725	0.390	0.428
6190	0.276	0.736	0.389	0.430
eigenvalues:  tensor([27.6779, 27.4084])
hess item is 0.0040166014805436134
6200	0.275	0.740	0.389	0.429
6210	0.275	0.735	0.390	0.428
6220	0.275	0.738	0.390	0.427
6230	0.274	0.734	0.390	0.428
6240	0.274	0.735	0.390	0.428
eigenvalues:  tensor([27.8261, 27.5345])
hess item is 0.003909220453351736
6250	0.274	0.740	0.390	0.430
6260	0.273	0.738	0.390	0.428
6270	0.273	0.747	0.390	0.426
6280	0.272	0.742	0.390	0.429
6290	0.272	0.746	0.391	0.429
eigenvalues:  tensor([27.8506, 27.5775])
hess item is 0.003804178908467293
6300	0.272	0.743	0.390	0.431
6310	0.272	0.739	0.390	0.430
6320	0.271	0.746	0.391	0.429
6330	0.271	0.743	0.390	0.430
6340	0.270	0.748	0.390	0.428
eigenvalues:  tensor([27.6321, 27.3453])
hess item is 0.003704431466758251
6350	0.271	0.740	0.391	0.430
6360	0.270	0.745	0.391	0.429
6370	0.270	0.747	0.391	0.427
6380	0.269	0.750	0.391	0.430
6390	0.268	0.753	0.390	0.428
eigenvalues:  tensor([27.7855, 27.5211])
hess item is 0.0036097364500164986
6400	0.268	0.754	0.390	0.428
6410	0.268	0.759	0.391	0.426
6420	0.267	0.757	0.391	0.429
6430	0.267	0.751	0.391	0.431
6440	0.267	0.758	0.391	0.428
eigenvalues:  tensor([27.9294, 27.6746])
hess item is 0.0035186230670660734
6450	0.266	0.759	0.391	0.429
6460	0.266	0.754	0.392	0.429
6470	0.265	0.754	0.391	0.430
6480	0.265	0.761	0.391	0.430
6490	0.265	0.758	0.391	0.428
eigenvalues:  tensor([27.9091, 27.7010])
hess item is 0.0034323898144066334
6500	0.265	0.764	0.391	0.429
6510	0.264	0.761	0.391	0.428
6520	0.264	0.763	0.392	0.430
6530	0.263	0.763	0.392	0.427
6540	0.263	0.765	0.392	0.428
eigenvalues:  tensor([27.9990, 27.7880])
hess item is 0.0033504031598567963
6550	0.263	0.763	0.392	0.429
6560	0.263	0.768	0.392	0.428
6570	0.262	0.770	0.392	0.428
6580	0.262	0.765	0.392	0.428
6590	0.262	0.767	0.393	0.426
eigenvalues:  tensor([28.1650, 27.8983])
hess item is 0.0032713757827878
6600	0.261	0.772	0.392	0.427
6610	0.261	0.769	0.393	0.428
6620	0.260	0.772	0.392	0.429
6630	0.260	0.767	0.393	0.431
6640	0.260	0.767	0.393	0.428
eigenvalues:  tensor([28.2708, 28.0332])
hess item is 0.003196306526660919
6650	0.259	0.770	0.393	0.427
6660	0.259	0.769	0.393	0.427
6670	0.259	0.771	0.393	0.428
6680	0.259	0.774	0.394	0.428
6690	0.258	0.777	0.393	0.429
eigenvalues:  tensor([28.2418, 27.9868])
hess item is 0.0031268878374248743
6700	0.257	0.779	0.393	0.429
6710	0.257	0.772	0.393	0.430
6720	0.258	0.771	0.394	0.425
6730	0.257	0.776	0.393	0.427
6740	0.257	0.777	0.394	0.426
eigenvalues:  tensor([28.4753, 28.1343])
hess item is 0.003057491034269333
6750	0.256	0.782	0.394	0.424
6760	0.256	0.782	0.394	0.425
6770	0.255	0.781	0.394	0.426
6780	0.255	0.781	0.394	0.429
6790	0.255	0.782	0.394	0.427
eigenvalues:  tensor([28.6651, 28.3341])
hess item is 0.002991660498082638
6800	0.254	0.784	0.394	0.426
6810	0.253	0.785	0.394	0.428
6820	0.253	0.788	0.394	0.426
6830	0.253	0.787	0.395	0.425
6840	0.253	0.782	0.394	0.429
eigenvalues:  tensor([28.7849, 28.4537])
hess item is 0.0029294320847839117
6850	0.252	0.786	0.394	0.426
6860	0.252	0.785	0.394	0.428
6870	0.252	0.792	0.395	0.424
6880	0.252	0.786	0.395	0.423
6890	0.251	0.792	0.395	0.427
eigenvalues:  tensor([28.8759, 28.5091])
hess item is 0.002871774835512042
6900	0.251	0.790	0.395	0.425
6910	0.250	0.792	0.395	0.428
6920	0.250	0.795	0.395	0.425
6930	0.249	0.792	0.395	0.426
6940	0.249	0.794	0.395	0.426
eigenvalues:  tensor([29.0297, 28.6395])
hess item is 0.002818270120769739
6950	0.249	0.793	0.395	0.427
6960	0.249	0.797	0.395	0.425
6970	0.248	0.795	0.396	0.424
6980	0.248	0.801	0.395	0.426
6990	0.248	0.800	0.396	0.426
eigenvalues:  tensor([29.0441, 28.7198])
hess item is 0.0027651130221784115
7000	0.248	0.797	0.396	0.425
7010	0.247	0.797	0.396	0.425
7020	0.247	0.800	0.396	0.426
7030	0.246	0.800	0.396	0.427
7040	0.247	0.802	0.397	0.426
eigenvalues:  tensor([29.3125, 28.9306])
hess item is 0.00271515641361475
7050	0.247	0.799	0.398	0.420
7060	0.245	0.806	0.396	0.427
7070	0.245	0.804	0.396	0.427
7080	0.245	0.803	0.397	0.424
7090	0.245	0.806	0.397	0.424
eigenvalues:  tensor([29.3657, 28.9893])
hess item is 0.0026667302008718252
7100	0.244	0.805	0.396	0.425
7110	0.245	0.806	0.398	0.423
7120	0.243	0.805	0.397	0.422
7130	0.243	0.807	0.397	0.426
7140	0.243	0.808	0.397	0.424
eigenvalues:  tensor([29.4970, 29.0405])
hess item is 0.0026206590700894594
7150	0.242	0.811	0.397	0.424
7160	0.243	0.811	0.398	0.424
7170	0.242	0.811	0.398	0.424
7180	0.242	0.810	0.398	0.423
7190	0.241	0.815	0.398	0.426
eigenvalues:  tensor([29.5788, 29.1465])
hess item is 0.0025778396520763636
7200	0.241	0.812	0.397	0.426
7210	0.240	0.813	0.397	0.425
7220	0.239	0.816	0.397	0.426
7230	0.240	0.814	0.398	0.421
7240	0.240	0.816	0.398	0.424
eigenvalues:  tensor([29.6129, 29.1690])
hess item is 0.002535764593631029
7250	0.239	0.817	0.398	0.425
7260	0.239	0.816	0.398	0.423
7270	0.239	0.821	0.398	0.424
7280	0.238	0.819	0.398	0.424
7290	0.237	0.819	0.398	0.425
eigenvalues:  tensor([29.7392, 29.2669])
hess item is 0.0024980553425848484
7300	0.237	0.820	0.398	0.423
7310	0.237	0.824	0.399	0.423
7320	0.237	0.822	0.399	0.426
7330	0.236	0.822	0.399	0.425
7340	0.236	0.826	0.399	0.424
eigenvalues:  tensor([29.8617, 29.3656])
hess item is 0.0024589530657976866
7350	0.236	0.826	0.399	0.424
7360	0.235	0.824	0.398	0.424
7370	0.236	0.824	0.399	0.424
7380	0.234	0.828	0.399	0.422
7390	0.234	0.824	0.399	0.422
eigenvalues:  tensor([30.1147, 29.6661])
hess item is 0.0024231942370533943
7400	0.235	0.826	0.401	0.421
7410	0.234	0.824	0.400	0.423
7420	0.233	0.831	0.399	0.422
7430	0.233	0.830	0.399	0.425
7440	0.233	0.833	0.400	0.425
eigenvalues:  tensor([30.1948, 29.7138])
hess item is 0.002388949738815427
7450	0.233	0.832	0.400	0.421
7460	0.232	0.832	0.400	0.424
7470	0.232	0.830	0.400	0.424
7480	0.232	0.832	0.400	0.424
7490	0.231	0.833	0.400	0.423
eigenvalues:  tensor([30.4439, 29.9609])
hess item is 0.002354879630729556
7500	0.232	0.831	0.401	0.421
7510	0.231	0.833	0.401	0.422
7520	0.231	0.832	0.400	0.424
7530	0.230	0.834	0.400	0.422
7540	0.230	0.832	0.401	0.426
eigenvalues:  tensor([30.4123, 29.9049])
hess item is 0.0023194835521280766
7550	0.230	0.836	0.400	0.424
7560	0.230	0.836	0.401	0.423
7570	0.229	0.837	0.401	0.424
7580	0.229	0.840	0.401	0.422
7590	0.229	0.840	0.402	0.421
eigenvalues:  tensor([30.4624, 29.9791])
hess item is 0.0022910316474735737
7600	0.228	0.839	0.401	0.422
7610	0.228	0.842	0.401	0.423
7620	0.227	0.843	0.401	0.422
7630	0.227	0.841	0.401	0.422
7640	0.227	0.838	0.402	0.422
eigenvalues:  tensor([30.6278, 30.1383])
hess item is 0.0022634933702647686
7650	0.227	0.844	0.402	0.422
7660	0.227	0.845	0.402	0.419
7670	0.227	0.841	0.402	0.421
7680	0.227	0.842	0.402	0.424
7690	0.226	0.841	0.402	0.422
eigenvalues:  tensor([30.7197, 30.2113])
hess item is 0.002236610045656562
7700	0.225	0.844	0.402	0.419
7710	0.225	0.846	0.402	0.424
7720	0.225	0.850	0.402	0.420
7730	0.224	0.844	0.402	0.421
7740	0.225	0.847	0.403	0.421
eigenvalues:  tensor([30.9606, 30.4422])
hess item is 0.002210770733654499
7750	0.224	0.848	0.402	0.423
7760	0.223	0.849	0.403	0.419
7770	0.223	0.848	0.402	0.422
7780	0.223	0.846	0.403	0.421
7790	0.223	0.849	0.403	0.419
eigenvalues:  tensor([30.9924, 30.4685])
hess item is 0.002184125827625394
7800	0.223	0.847	0.403	0.421
7810	0.222	0.851	0.403	0.420
7820	0.221	0.849	0.403	0.422
7830	0.221	0.850	0.403	0.419
7840	0.221	0.851	0.404	0.419
eigenvalues:  tensor([30.9899, 30.4926])
hess item is 0.002160758478567004
7850	0.221	0.852	0.404	0.419
7860	0.220	0.852	0.403	0.420
7870	0.220	0.853	0.403	0.422
7880	0.220	0.854	0.404	0.421
7890	0.220	0.853	0.404	0.419
eigenvalues:  tensor([31.1295, 30.6095])
hess item is 0.0021410163026303053
7900	0.219	0.852	0.404	0.420
7910	0.220	0.855	0.404	0.417
7920	0.219	0.855	0.404	0.420
7930	0.219	0.855	0.404	0.418
7940	0.218	0.859	0.404	0.419
eigenvalues:  tensor([31.2347, 30.6771])
hess item is 0.0021192743442952633
7950	0.219	0.856	0.405	0.421
7960	0.219	0.856	0.405	0.417
7970	0.218	0.856	0.405	0.421
7980	0.218	0.859	0.405	0.419
7990	0.217	0.857	0.405	0.418
eigenvalues:  tensor([31.2773, 30.7531])
hess item is 0.002099402714520693
8000	0.217	0.858	0.405	0.421
8010	0.217	0.861	0.405	0.420
8020	0.216	0.862	0.405	0.420
8030	0.216	0.858	0.405	0.419
8040	0.215	0.861	0.405	0.419
eigenvalues:  tensor([31.5477, 31.0112])
hess item is 0.002079938305541873
8050	0.216	0.859	0.406	0.418
8060	0.215	0.859	0.405	0.416
8070	0.215	0.859	0.405	0.419
8080	0.214	0.864	0.405	0.419
8090	0.214	0.863	0.406	0.417
eigenvalues:  tensor([31.6383, 31.1030])
hess item is 0.002060021972283721
8100	0.214	0.860	0.406	0.419
8110	0.214	0.862	0.406	0.419
8120	0.213	0.865	0.406	0.420
8130	0.213	0.864	0.406	0.417
8140	0.213	0.864	0.406	0.417
eigenvalues:  tensor([31.8818, 31.3565])
hess item is 0.002040319610387087
8150	0.213	0.864	0.406	0.419
8160	0.213	0.868	0.406	0.417
8170	0.212	0.867	0.406	0.421
8180	0.211	0.868	0.406	0.417
8190	0.212	0.864	0.407	0.419
eigenvalues:  tensor([31.7882, 31.2512])
hess item is 0.002025555120781064
8200	0.211	0.866	0.407	0.419
8210	0.211	0.869	0.407	0.417
8220	0.211	0.868	0.407	0.417
8230	0.211	0.867	0.407	0.419
8240	0.210	0.867	0.407	0.417
eigenvalues:  tensor([32.0149, 31.4735])
hess item is 0.0020083843264728785
8250	0.211	0.866	0.407	0.413
8260	0.210	0.869	0.407	0.416
8270	0.209	0.870	0.407	0.418
8280	0.209	0.869	0.407	0.416
8290	0.209	0.871	0.407	0.420
eigenvalues:  tensor([31.9913, 31.4394])
hess item is 0.0019920680206269026
8300	0.209	0.872	0.407	0.417
8310	0.208	0.871	0.408	0.417
8320	0.208	0.873	0.407	0.416
8330	0.208	0.872	0.408	0.416
8340	0.208	0.874	0.408	0.417
eigenvalues:  tensor([32.1180, 31.5638])
hess item is 0.0019776190165430307
8350	0.208	0.872	0.408	0.419
8360	0.207	0.873	0.408	0.420
8370	0.207	0.874	0.408	0.420
8380	0.207	0.875	0.408	0.419
8390	0.207	0.875	0.408	0.418
eigenvalues:  tensor([32.0643, 31.5153])
hess item is 0.0019635793287307024
8400	0.206	0.875	0.408	0.419
8410	0.206	0.877	0.408	0.417
8420	0.206	0.873	0.409	0.416
8430	0.206	0.873	0.409	0.417
8440	0.205	0.876	0.408	0.419
eigenvalues:  tensor([32.2164, 31.6801])
hess item is 0.0019504473311826587
8450	0.205	0.876	0.409	0.418
8460	0.205	0.875	0.409	0.418
8470	0.205	0.877	0.409	0.417
8480	0.204	0.878	0.409	0.418
8490	0.204	0.875	0.409	0.417
eigenvalues:  tensor([32.2296, 31.7038])
hess item is 0.0019397420110180974
8500	0.204	0.880	0.409	0.417
8510	0.203	0.878	0.409	0.416
8520	0.204	0.875	0.410	0.416
8530	0.203	0.879	0.409	0.417
8540	0.203	0.879	0.410	0.418
eigenvalues:  tensor([32.4202, 31.8925])
hess item is 0.0019299574196338654
8550	0.203	0.879	0.410	0.415
8560	0.202	0.879	0.409	0.417
8570	0.203	0.879	0.409	0.416
8580	0.202	0.879	0.410	0.419
8590	0.202	0.878	0.410	0.418
eigenvalues:  tensor([32.6432, 32.1018])
hess item is 0.0019178650109097362
8600	0.202	0.879	0.409	0.419
8610	0.202	0.881	0.410	0.415
8620	0.201	0.882	0.410	0.416
8630	0.201	0.881	0.410	0.414
8640	0.201	0.882	0.410	0.417
eigenvalues:  tensor([32.7359, 32.1901])
hess item is 0.0019058509496971965
8650	0.200	0.882	0.410	0.416
8660	0.200	0.881	0.410	0.415
8670	0.200	0.883	0.411	0.416
8680	0.200	0.883	0.410	0.415
8690	0.199	0.885	0.411	0.414
eigenvalues:  tensor([32.6723, 32.1374])
hess item is 0.0018955868436023593
8700	0.199	0.883	0.410	0.415
8710	0.199	0.884	0.410	0.413
8720	0.199	0.883	0.411	0.415
8730	0.199	0.882	0.411	0.414
8740	0.199	0.883	0.411	0.415
eigenvalues:  tensor([32.9373, 32.3806])
hess item is 0.0018845554441213608
8750	0.198	0.883	0.411	0.413
8760	0.198	0.885	0.411	0.414
8770	0.198	0.885	0.411	0.416
8780	0.197	0.885	0.411	0.414
8790	0.197	0.888	0.411	0.414
eigenvalues:  tensor([33.0290, 32.5123])
hess item is 0.0018743501277640462
8800	0.198	0.885	0.411	0.417
8810	0.197	0.887	0.411	0.414
8820	0.197	0.885	0.411	0.417
8830	0.196	0.888	0.411	0.415
8840	0.197	0.888	0.412	0.413
eigenvalues:  tensor([33.2477, 32.7046])
hess item is 0.0018644509837031364
8850	0.197	0.887	0.412	0.414
8860	0.196	0.890	0.411	0.415
8870	0.195	0.891	0.411	0.415
8880	0.195	0.888	0.412	0.414
8890	0.195	0.886	0.412	0.415
eigenvalues:  tensor([33.0865, 32.5212])
hess item is 0.0018563044723123312
8900	0.195	0.887	0.412	0.412
8910	0.195	0.888	0.412	0.412
8920	0.195	0.890	0.412	0.414
8930	0.195	0.888	0.412	0.412
8940	0.194	0.889	0.412	0.412
eigenvalues:  tensor([33.0821, 32.5425])
hess item is 0.001847263309173286
8950	0.194	0.892	0.412	0.415
8960	0.194	0.890	0.413	0.414
8970	0.193	0.892	0.412	0.412
8980	0.193	0.891	0.412	0.412
8990	0.193	0.893	0.412	0.412
eigenvalues:  tensor([33.1659, 32.6504])
hess item is 0.0018378484528511763
9000	0.193	0.892	0.412	0.415
9010	0.193	0.890	0.412	0.414
9020	0.193	0.895	0.413	0.413
9030	0.193	0.891	0.413	0.413
9040	0.192	0.893	0.413	0.414
eigenvalues:  tensor([33.0732, 32.5304])
hess item is 0.0018276137998327613
9050	0.191	0.893	0.413	0.411
9060	0.192	0.894	0.413	0.411
9070	0.191	0.895	0.413	0.412
9080	0.192	0.892	0.413	0.412
9090	0.191	0.893	0.413	0.411
eigenvalues:  tensor([33.3246, 32.7811])
hess item is 0.0018189214169979095
9100	0.191	0.894	0.413	0.411
9110	0.191	0.895	0.413	0.412
9120	0.190	0.898	0.413	0.414
9130	0.191	0.895	0.414	0.412
9140	0.190	0.895	0.413	0.411
eigenvalues:  tensor([33.4903, 32.9483])
hess item is 0.0018143255729228258
9150	0.190	0.894	0.414	0.412
9160	0.190	0.895	0.414	0.413
9170	0.190	0.894	0.414	0.412
9180	0.189	0.896	0.413	0.412
9190	0.189	0.896	0.414	0.412
eigenvalues:  tensor([33.2838, 32.7340])
hess item is 0.0018064858159050345
9200	0.189	0.898	0.414	0.412
9210	0.189	0.897	0.414	0.413
9220	0.190	0.894	0.414	0.413
9230	0.189	0.895	0.414	0.414
9240	0.189	0.899	0.414	0.414
eigenvalues:  tensor([33.7312, 33.1839])
hess item is 0.001802501268684864
9250	0.188	0.897	0.414	0.413
9260	0.188	0.898	0.414	0.412
9270	0.188	0.900	0.414	0.412
9280	0.188	0.899	0.415	0.410
9290	0.188	0.896	0.415	0.412
eigenvalues:  tensor([33.7046, 33.1716])
hess item is 0.0017950563924387097
9300	0.187	0.896	0.415	0.411
9310	0.187	0.900	0.414	0.412
9320	0.187	0.899	0.414	0.413
9330	0.187	0.899	0.414	0.412
9340	0.187	0.900	0.415	0.408
eigenvalues:  tensor([33.7469, 33.2066])
hess item is 0.0017928151646628976
9350	0.186	0.900	0.414	0.410
9360	0.186	0.900	0.415	0.412
9370	0.186	0.900	0.415	0.414
9380	0.186	0.899	0.415	0.412
9390	0.185	0.901	0.415	0.412
eigenvalues:  tensor([33.7869, 33.2510])
hess item is 0.0017903664847835898
9400	0.185	0.902	0.415	0.410
9410	0.185	0.901	0.415	0.412
9420	0.185	0.901	0.415	0.411
9430	0.185	0.899	0.415	0.412
9440	0.185	0.902	0.415	0.412
eigenvalues:  tensor([33.8910, 33.3516])
hess item is 0.001784962136298418
9450	0.185	0.901	0.415	0.411
9460	0.184	0.904	0.415	0.411
9470	0.184	0.903	0.415	0.411
9480	0.184	0.904	0.415	0.411
9490	0.184	0.902	0.416	0.409
eigenvalues:  tensor([33.8996, 33.3710])
hess item is 0.001779325190000236
9500	0.183	0.905	0.415	0.410
9510	0.183	0.905	0.415	0.411
9520	0.183	0.903	0.416	0.409
9530	0.183	0.904	0.416	0.410
9540	0.183	0.903	0.416	0.410
eigenvalues:  tensor([33.8669, 33.3366])
hess item is 0.0017777984030544758
9550	0.183	0.904	0.416	0.408
9560	0.183	0.908	0.416	0.411
9570	0.183	0.903	0.416	0.412
9580	0.182	0.904	0.416	0.410
9590	0.182	0.905	0.416	0.411
eigenvalues:  tensor([34.0111, 33.4771])
hess item is 0.0017735414439812303
9600	0.182	0.907	0.416	0.409
9610	0.182	0.905	0.416	0.413
9620	0.181	0.906	0.416	0.410
9630	0.182	0.906	0.417	0.409
9640	0.181	0.904	0.416	0.413
eigenvalues:  tensor([34.0219, 33.4932])
hess item is 0.0017733185086399317
9650	0.181	0.907	0.416	0.410
9660	0.181	0.906	0.416	0.411
9670	0.181	0.906	0.416	0.410
9680	0.180	0.906	0.416	0.409
9690	0.181	0.907	0.417	0.409
eigenvalues:  tensor([34.1402, 33.6216])
hess item is 0.0017686613136902452
9700	0.180	0.907	0.416	0.410
9710	0.181	0.903	0.417	0.413
9720	0.180	0.908	0.417	0.410
9730	0.180	0.908	0.417	0.413
9740	0.179	0.910	0.417	0.414
eigenvalues:  tensor([34.1371, 33.6230])
hess item is 0.0017666531493887305
9750	0.179	0.908	0.417	0.411
9760	0.179	0.908	0.416	0.412
9770	0.179	0.909	0.417	0.411
9780	0.179	0.910	0.416	0.410
9790	0.179	0.910	0.417	0.411
eigenvalues:  tensor([34.1542, 33.6468])
hess item is 0.001762592582963407
9800	0.178	0.910	0.417	0.410
9810	0.178	0.909	0.417	0.413
9820	0.178	0.909	0.417	0.412
9830	0.179	0.910	0.417	0.409
9840	0.178	0.910	0.417	0.412
eigenvalues:  tensor([34.3184, 33.8119])
hess item is 0.0017600555438548326
9850	0.178	0.910	0.417	0.412
9860	0.178	0.908	0.417	0.411
9870	0.178	0.910	0.417	0.412
9880	0.178	0.913	0.417	0.410
9890	0.177	0.913	0.417	0.411
eigenvalues:  tensor([34.3343, 33.8206])
hess item is 0.0017573353834450245
9900	0.177	0.911	0.417	0.408
9910	0.178	0.909	0.418	0.413
9920	0.177	0.912	0.417	0.412
9930	0.177	0.910	0.418	0.412
9940	0.177	0.912	0.418	0.409
eigenvalues:  tensor([34.3014, 33.7757])
hess item is 0.0017567593604326248
9950	0.176	0.912	0.417	0.412
9960	0.176	0.910	0.418	0.411
9970	0.176	0.909	0.417	0.409
9980	0.176	0.913	0.418	0.411
9990	0.176	0.914	0.418	0.411
