device: cuda:2
output directory: RESULTS/cifar10-10k/fc-tanh/seed_0/mse/ivon/lr_0.0005/h0_1.0/ess_50000000.0/post_10/beta2_0.999/beta_0.0_alpha_100.0_ivon
Files already downloaded and verified
Files already downloaded and verified
optimizer is IVON
0	0.597	0.131	0.597	0.131
10	0.574	0.136	0.574	0.137
20	0.558	0.142	0.559	0.142
30	0.547	0.149	0.548	0.150
40	0.538	0.156	0.539	0.157
eigenvalues:  tensor([80.6548, 66.5380])
hess item is 0.9517868161201477
50	0.531	0.163	0.532	0.163
60	0.525	0.170	0.527	0.170
70	0.520	0.176	0.522	0.175
80	0.516	0.183	0.517	0.180
90	0.512	0.188	0.514	0.184
eigenvalues:  tensor([80.3337, 66.1542])
hess item is 0.9056532382965088
100	0.509	0.193	0.511	0.188
110	0.506	0.196	0.508	0.193
120	0.504	0.200	0.506	0.195
130	0.502	0.203	0.504	0.197
140	0.499	0.208	0.501	0.199
eigenvalues:  tensor([79.8603, 65.6956])
hess item is 0.8617282509803772
150	0.497	0.211	0.499	0.203
160	0.495	0.212	0.498	0.205
170	0.493	0.215	0.496	0.207
180	0.491	0.216	0.494	0.210
190	0.489	0.220	0.492	0.211
eigenvalues:  tensor([79.4187, 65.2410])
hess item is 0.8198983073234558
200	0.488	0.222	0.490	0.214
210	0.486	0.225	0.489	0.216
220	0.484	0.226	0.487	0.218
230	0.483	0.228	0.486	0.220
240	0.481	0.230	0.484	0.222
eigenvalues:  tensor([79.0190, 64.7941])
hess item is 0.7801247239112854
250	0.480	0.231	0.483	0.224
260	0.479	0.233	0.482	0.226
270	0.477	0.236	0.480	0.228
280	0.476	0.238	0.479	0.229
290	0.475	0.239	0.478	0.231
eigenvalues:  tensor([78.6401, 64.3585])
hess item is 0.7422495484352112
300	0.474	0.241	0.477	0.233
310	0.473	0.243	0.476	0.234
320	0.471	0.244	0.475	0.235
330	0.470	0.245	0.474	0.237
340	0.469	0.246	0.473	0.239
eigenvalues:  tensor([78.2706, 63.9332])
hess item is 0.7062748074531555
350	0.468	0.249	0.471	0.241
360	0.467	0.251	0.470	0.241
370	0.466	0.252	0.469	0.242
380	0.464	0.254	0.468	0.242
390	0.463	0.256	0.467	0.241
eigenvalues:  tensor([77.8977, 63.5085])
hess item is 0.672019362449646
400	0.462	0.256	0.466	0.241
410	0.461	0.256	0.465	0.243
420	0.460	0.257	0.464	0.244
430	0.459	0.258	0.463	0.245
440	0.458	0.260	0.463	0.246
eigenvalues:  tensor([77.5389, 63.0944])
hess item is 0.6394387483596802
450	0.457	0.261	0.462	0.248
460	0.457	0.262	0.461	0.249
470	0.456	0.264	0.460	0.250
480	0.455	0.266	0.459	0.251
490	0.454	0.269	0.459	0.252
eigenvalues:  tensor([77.1864, 62.7004])
hess item is 0.6084706783294678
500	0.453	0.270	0.458	0.254
510	0.453	0.271	0.457	0.254
520	0.452	0.273	0.456	0.255
530	0.451	0.275	0.456	0.256
540	0.450	0.276	0.455	0.257
eigenvalues:  tensor([76.8427, 62.3170])
hess item is 0.5790027379989624
550	0.449	0.278	0.454	0.259
560	0.449	0.279	0.453	0.260
570	0.448	0.281	0.453	0.261
580	0.447	0.281	0.452	0.263
590	0.446	0.282	0.451	0.264
eigenvalues:  tensor([76.5152, 61.9464])
hess item is 0.5508241653442383
600	0.446	0.284	0.451	0.265
610	0.445	0.286	0.450	0.266
620	0.444	0.287	0.449	0.267
630	0.443	0.288	0.449	0.268
640	0.443	0.290	0.448	0.268
eigenvalues:  tensor([76.1862, 61.6868])
hess item is 0.5241315960884094
650	0.442	0.291	0.447	0.269
660	0.441	0.293	0.447	0.271
670	0.441	0.294	0.446	0.272
680	0.440	0.294	0.446	0.273
690	0.439	0.296	0.445	0.274
eigenvalues:  tensor([75.8730, 61.5667])
hess item is 0.49874162673950195
700	0.439	0.297	0.444	0.275
710	0.438	0.298	0.444	0.276
720	0.437	0.300	0.443	0.277
730	0.437	0.301	0.442	0.279
740	0.436	0.302	0.442	0.281
eigenvalues:  tensor([75.5766, 61.4620])
hess item is 0.47454652190208435
750	0.435	0.303	0.441	0.282
760	0.435	0.305	0.441	0.283
770	0.434	0.306	0.440	0.284
780	0.434	0.308	0.440	0.286
790	0.433	0.309	0.439	0.287
eigenvalues:  tensor([75.3003, 61.3695])
hess item is 0.4515254497528076
800	0.432	0.310	0.439	0.288
810	0.432	0.312	0.438	0.289
820	0.431	0.313	0.437	0.291
830	0.431	0.314	0.437	0.292
840	0.430	0.315	0.436	0.293
eigenvalues:  tensor([75.0300, 61.2937])
hess item is 0.42963171005249023
850	0.429	0.316	0.436	0.294
860	0.429	0.318	0.435	0.294
870	0.428	0.319	0.435	0.295
880	0.427	0.320	0.434	0.296
890	0.427	0.320	0.433	0.296
eigenvalues:  tensor([74.7759, 61.2254])
hess item is 0.40881022810935974
900	0.426	0.321	0.433	0.298
910	0.426	0.322	0.432	0.299
920	0.425	0.324	0.432	0.300
930	0.424	0.325	0.431	0.301
940	0.424	0.326	0.431	0.301
eigenvalues:  tensor([74.5180, 61.1655])
hess item is 0.38902321457862854
950	0.423	0.329	0.430	0.301
960	0.423	0.330	0.430	0.302
970	0.422	0.331	0.429	0.302
980	0.421	0.331	0.428	0.303
990	0.421	0.333	0.428	0.304
eigenvalues:  tensor([74.2602, 61.1170])
hess item is 0.3702106773853302
1000	0.420	0.334	0.427	0.305
1010	0.420	0.335	0.427	0.306
1020	0.419	0.337	0.427	0.306
1030	0.419	0.338	0.426	0.308
1040	0.418	0.339	0.426	0.308
eigenvalues:  tensor([74.0099, 61.0803])
hess item is 0.352311909198761
1050	0.418	0.340	0.425	0.309
1060	0.417	0.341	0.425	0.310
1070	0.417	0.342	0.424	0.311
1080	0.416	0.343	0.424	0.312
1090	0.416	0.343	0.423	0.313
eigenvalues:  tensor([73.7617, 61.0411])
hess item is 0.3352760970592499
1100	0.415	0.344	0.423	0.314
1110	0.415	0.344	0.423	0.315
1120	0.414	0.346	0.422	0.316
1130	0.414	0.347	0.422	0.316
1140	0.414	0.347	0.422	0.317
eigenvalues:  tensor([73.5338, 60.9987])
hess item is 0.31907716393470764
1150	0.413	0.349	0.421	0.318
1160	0.413	0.350	0.421	0.319
1170	0.412	0.351	0.421	0.319
1180	0.412	0.352	0.420	0.320
1190	0.412	0.353	0.420	0.321
eigenvalues:  tensor([73.3022, 60.9606])
hess item is 0.3036659061908722
1200	0.411	0.354	0.420	0.322
1210	0.411	0.356	0.419	0.323
1220	0.410	0.357	0.419	0.325
1230	0.410	0.357	0.419	0.325
1240	0.410	0.357	0.418	0.325
eigenvalues:  tensor([73.0806, 60.9259])
hess item is 0.2890028953552246
1250	0.409	0.358	0.418	0.327
1260	0.409	0.358	0.418	0.329
1270	0.408	0.359	0.417	0.329
1280	0.408	0.361	0.417	0.330
1290	0.408	0.361	0.417	0.330
eigenvalues:  tensor([72.8613, 60.9049])
hess item is 0.2750721573829651
1300	0.407	0.362	0.416	0.331
1310	0.407	0.362	0.416	0.332
1320	0.407	0.363	0.416	0.333
1330	0.406	0.364	0.416	0.334
1340	0.406	0.365	0.415	0.334
eigenvalues:  tensor([72.6479, 60.8899])
hess item is 0.26181015372276306
1350	0.406	0.366	0.415	0.335
1360	0.406	0.367	0.415	0.335
1370	0.405	0.368	0.415	0.336
1380	0.405	0.368	0.415	0.336
1390	0.405	0.369	0.414	0.336
eigenvalues:  tensor([72.4359, 60.8903])
hess item is 0.2491908222436905
1400	0.404	0.371	0.414	0.337
1410	0.404	0.371	0.414	0.338
1420	0.404	0.372	0.414	0.338
1430	0.403	0.373	0.413	0.338
1440	0.403	0.374	0.413	0.340
eigenvalues:  tensor([72.2305, 60.9093])
hess item is 0.2371797263622284
1450	0.403	0.374	0.413	0.340
1460	0.403	0.375	0.413	0.341
1470	0.402	0.376	0.413	0.342
1480	0.402	0.377	0.412	0.343
1490	0.402	0.378	0.412	0.343
eigenvalues:  tensor([72.0320, 60.9333])
hess item is 0.22575797140598297
1500	0.402	0.379	0.412	0.344
1510	0.401	0.380	0.412	0.344
1520	0.401	0.381	0.412	0.345
1530	0.401	0.382	0.411	0.346
1540	0.400	0.382	0.411	0.346
eigenvalues:  tensor([71.8447, 60.9379])
hess item is 0.21489499509334564
1550	0.400	0.383	0.411	0.348
1560	0.400	0.384	0.411	0.348
1570	0.400	0.384	0.411	0.348
1580	0.399	0.385	0.411	0.347
1590	0.399	0.386	0.410	0.348
eigenvalues:  tensor([71.6614, 60.9383])
hess item is 0.20456700026988983
1600	0.399	0.387	0.410	0.349
1610	0.399	0.387	0.410	0.349
1620	0.398	0.387	0.410	0.349
1630	0.398	0.388	0.410	0.349
1640	0.398	0.389	0.410	0.351
eigenvalues:  tensor([71.4832, 60.9432])
hess item is 0.19473884999752045
1650	0.398	0.389	0.409	0.352
1660	0.397	0.390	0.409	0.352
1670	0.397	0.390	0.409	0.353
1680	0.397	0.391	0.409	0.352
1690	0.397	0.392	0.409	0.353
eigenvalues:  tensor([71.3197, 60.9313])
hess item is 0.18539170920848846
1700	0.397	0.393	0.409	0.354
1710	0.396	0.393	0.408	0.353
1720	0.396	0.394	0.408	0.353
1730	0.396	0.395	0.408	0.354
1740	0.396	0.396	0.408	0.353
eigenvalues:  tensor([71.1505, 60.9252])
hess item is 0.1764979213476181
1750	0.395	0.397	0.408	0.354
1760	0.395	0.398	0.408	0.355
1770	0.395	0.399	0.408	0.356
1780	0.395	0.399	0.407	0.356
1790	0.394	0.400	0.407	0.356
eigenvalues:  tensor([70.9892, 60.9197])
hess item is 0.16803717613220215
1800	0.394	0.401	0.407	0.357
1810	0.394	0.401	0.407	0.357
1820	0.394	0.402	0.407	0.358
1830	0.394	0.403	0.407	0.358
1840	0.393	0.404	0.407	0.358
eigenvalues:  tensor([70.8329, 60.9219])
hess item is 0.15999160706996918
1850	0.393	0.404	0.406	0.359
1860	0.393	0.405	0.406	0.359
1870	0.393	0.405	0.406	0.360
1880	0.392	0.406	0.406	0.360
1890	0.392	0.406	0.406	0.361
eigenvalues:  tensor([70.6823, 60.9178])
hess item is 0.15233667194843292
1900	0.392	0.406	0.406	0.361
1910	0.392	0.408	0.406	0.361
1920	0.392	0.408	0.405	0.361
1930	0.391	0.409	0.405	0.362
1940	0.391	0.409	0.405	0.362
eigenvalues:  tensor([70.5288, 60.9073])
hess item is 0.1450577676296234
1950	0.391	0.410	0.405	0.361
1960	0.391	0.411	0.405	0.362
1970	0.391	0.412	0.405	0.361
1980	0.390	0.412	0.405	0.363
1990	0.390	0.413	0.405	0.363
eigenvalues:  tensor([70.3843, 60.8982])
hess item is 0.13813239336013794
2000	0.390	0.414	0.405	0.364
2010	0.390	0.415	0.404	0.363
2020	0.389	0.416	0.404	0.364
2030	0.389	0.417	0.404	0.364
2040	0.389	0.417	0.404	0.364
eigenvalues:  tensor([70.2368, 60.8887])
hess item is 0.13154588639736176
2050	0.389	0.418	0.404	0.365
2060	0.389	0.418	0.404	0.365
2070	0.388	0.419	0.404	0.365
2080	0.388	0.420	0.404	0.366
2090	0.388	0.421	0.404	0.367
eigenvalues:  tensor([70.0897, 60.8733])
hess item is 0.1252807080745697
2100	0.388	0.422	0.403	0.367
2110	0.388	0.423	0.403	0.367
2120	0.387	0.424	0.403	0.367
2130	0.387	0.424	0.403	0.368
2140	0.387	0.425	0.403	0.368
eigenvalues:  tensor([69.9569, 60.8634])
hess item is 0.11932072043418884
2150	0.387	0.426	0.403	0.368
2160	0.387	0.426	0.403	0.369
2170	0.386	0.426	0.403	0.369
2180	0.386	0.426	0.403	0.370
2190	0.386	0.426	0.402	0.370
eigenvalues:  tensor([69.8094, 60.8483])
hess item is 0.11365094035863876
2200	0.386	0.427	0.402	0.370
2210	0.386	0.428	0.402	0.369
2220	0.385	0.429	0.402	0.370
2230	0.385	0.429	0.402	0.370
2240	0.385	0.430	0.402	0.370
eigenvalues:  tensor([69.6706, 60.8365])
hess item is 0.10825591534376144
2250	0.385	0.430	0.402	0.371
2260	0.385	0.431	0.402	0.372
2270	0.384	0.432	0.402	0.372
2280	0.384	0.432	0.402	0.372
2290	0.384	0.432	0.401	0.372
eigenvalues:  tensor([69.5420, 60.8165])
hess item is 0.10312442481517792
2300	0.384	0.434	0.401	0.373
2310	0.384	0.434	0.401	0.373
2320	0.383	0.434	0.401	0.373
2330	0.383	0.435	0.401	0.373
2340	0.383	0.436	0.401	0.373
eigenvalues:  tensor([69.3945, 60.8020])
hess item is 0.09824327379465103
2350	0.383	0.437	0.401	0.374
2360	0.383	0.437	0.401	0.375
2370	0.382	0.438	0.401	0.375
2380	0.382	0.439	0.401	0.376
2390	0.382	0.439	0.400	0.376
eigenvalues:  tensor([69.2590, 60.7850])
hess item is 0.09360107034444809
2400	0.382	0.440	0.400	0.376
2410	0.381	0.442	0.400	0.376
2420	0.381	0.442	0.400	0.377
2430	0.381	0.442	0.400	0.377
2440	0.381	0.442	0.400	0.377
eigenvalues:  tensor([69.1170, 60.7685])
hess item is 0.0891861617565155
2450	0.381	0.443	0.400	0.378
2460	0.380	0.443	0.400	0.378
2470	0.380	0.444	0.400	0.378
2480	0.380	0.445	0.400	0.378
2490	0.380	0.446	0.400	0.379
eigenvalues:  tensor([68.9808, 60.7645])
hess item is 0.08498641848564148
2500	0.380	0.446	0.400	0.379
2510	0.379	0.447	0.399	0.379
2520	0.379	0.448	0.399	0.380
2530	0.379	0.449	0.399	0.380
2540	0.379	0.449	0.399	0.381
eigenvalues:  tensor([68.8476, 60.7484])
hess item is 0.08099490404129028
2550	0.379	0.450	0.399	0.381
2560	0.378	0.452	0.399	0.381
2570	0.378	0.452	0.399	0.382
2580	0.378	0.453	0.399	0.382
2590	0.378	0.453	0.399	0.381
eigenvalues:  tensor([68.7165, 60.7373])
hess item is 0.07719486951828003
2600	0.378	0.454	0.399	0.382
2610	0.377	0.454	0.399	0.382
2620	0.377	0.456	0.399	0.382
2630	0.377	0.456	0.398	0.383
2640	0.377	0.456	0.398	0.383
eigenvalues:  tensor([68.6020, 60.7268])
hess item is 0.07357938587665558
2650	0.377	0.457	0.398	0.383
2660	0.376	0.458	0.398	0.384
2670	0.376	0.459	0.398	0.383
2680	0.376	0.459	0.398	0.384
2690	0.376	0.461	0.398	0.384
eigenvalues:  tensor([68.4826, 60.7234])
hess item is 0.07014378160238266
2700	0.375	0.461	0.398	0.385
2710	0.375	0.462	0.398	0.385
2720	0.375	0.463	0.398	0.385
2730	0.375	0.464	0.398	0.386
2740	0.375	0.465	0.398	0.385
eigenvalues:  tensor([68.3801, 60.7236])
hess item is 0.06687460839748383
2750	0.374	0.466	0.397	0.386
2760	0.374	0.465	0.397	0.386
2770	0.374	0.466	0.397	0.386
2780	0.374	0.467	0.397	0.387
2790	0.374	0.468	0.397	0.387
eigenvalues:  tensor([68.2956, 60.7252])
hess item is 0.06376553326845169
2800	0.373	0.469	0.397	0.387
2810	0.373	0.469	0.397	0.387
2820	0.373	0.470	0.397	0.387
2830	0.373	0.471	0.397	0.387
2840	0.372	0.472	0.397	0.389
eigenvalues:  tensor([68.1932, 60.7329])
hess item is 0.06080878525972366
2850	0.372	0.472	0.397	0.388
2860	0.372	0.473	0.397	0.388
2870	0.372	0.473	0.397	0.388
2880	0.372	0.474	0.396	0.389
2890	0.371	0.475	0.396	0.388
eigenvalues:  tensor([68.1666, 60.7565])
hess item is 0.057995233684778214
2900	0.371	0.475	0.396	0.388
2910	0.371	0.476	0.396	0.389
2920	0.371	0.476	0.396	0.389
2930	0.370	0.477	0.396	0.390
2940	0.370	0.477	0.396	0.390
eigenvalues:  tensor([68.1181, 60.7954])
hess item is 0.05532129108905792
2950	0.370	0.477	0.396	0.390
2960	0.370	0.479	0.396	0.391
2970	0.370	0.478	0.396	0.391
2980	0.369	0.479	0.396	0.391
2990	0.369	0.480	0.396	0.391
eigenvalues:  tensor([68.0748, 60.8218])
hess item is 0.05277826637029648
3000	0.369	0.481	0.396	0.392
3010	0.369	0.481	0.396	0.392
3020	0.368	0.483	0.396	0.392
3030	0.368	0.483	0.395	0.392
3040	0.368	0.484	0.395	0.393
eigenvalues:  tensor([68.0636, 60.8722])
hess item is 0.05035928636789322
3050	0.368	0.484	0.395	0.394
3060	0.367	0.486	0.395	0.393
3070	0.367	0.486	0.395	0.393
3080	0.367	0.488	0.395	0.394
3090	0.367	0.488	0.395	0.393
eigenvalues:  tensor([68.1151, 60.9193])
hess item is 0.04805987328290939
3100	0.367	0.488	0.395	0.394
3110	0.366	0.489	0.395	0.395
3120	0.366	0.489	0.395	0.395
3130	0.366	0.491	0.395	0.395
3140	0.366	0.491	0.395	0.396
eigenvalues:  tensor([68.1670, 60.9613])
hess item is 0.04587351903319359
3150	0.365	0.491	0.395	0.395
3160	0.365	0.492	0.395	0.396
3170	0.365	0.493	0.395	0.396
3180	0.365	0.493	0.394	0.397
3190	0.364	0.494	0.394	0.397
eigenvalues:  tensor([68.2443, 61.0529])
hess item is 0.043792638927698135
3200	0.364	0.495	0.394	0.397
3210	0.364	0.495	0.394	0.397
3220	0.364	0.496	0.394	0.398
3230	0.363	0.496	0.394	0.398
3240	0.363	0.499	0.394	0.398
eigenvalues:  tensor([68.3154, 61.1257])
hess item is 0.041815318167209625
3250	0.363	0.498	0.394	0.398
3260	0.363	0.500	0.394	0.399
3270	0.362	0.501	0.394	0.398
3280	0.362	0.501	0.394	0.400
3290	0.362	0.502	0.394	0.399
eigenvalues:  tensor([68.4759, 61.2108])
hess item is 0.03993404284119606
3300	0.362	0.503	0.394	0.400
3310	0.361	0.504	0.394	0.400
3320	0.361	0.504	0.394	0.401
3330	0.361	0.504	0.394	0.401
3340	0.361	0.506	0.393	0.401
eigenvalues:  tensor([68.6954, 61.3313])
hess item is 0.038146089762449265
3350	0.360	0.507	0.393	0.402
3360	0.360	0.509	0.393	0.402
3370	0.360	0.509	0.393	0.402
3380	0.359	0.510	0.393	0.402
3390	0.359	0.512	0.393	0.403
eigenvalues:  tensor([68.8671, 61.4581])
hess item is 0.03644431009888649
3400	0.359	0.512	0.393	0.404
3410	0.359	0.513	0.393	0.404
3420	0.358	0.514	0.393	0.404
3430	0.358	0.515	0.393	0.404
3440	0.358	0.518	0.393	0.404
eigenvalues:  tensor([69.0912, 61.5845])
hess item is 0.034828588366508484
3450	0.358	0.518	0.393	0.405
3460	0.357	0.518	0.393	0.404
3470	0.357	0.520	0.393	0.404
3480	0.357	0.521	0.393	0.405
3490	0.356	0.523	0.393	0.405
eigenvalues:  tensor([69.3930, 61.7260])
hess item is 0.033293429762125015
3500	0.356	0.523	0.393	0.406
3510	0.356	0.524	0.393	0.405
3520	0.356	0.526	0.393	0.405
3530	0.355	0.526	0.392	0.406
3540	0.355	0.527	0.392	0.406
eigenvalues:  tensor([69.6943, 61.8973])
hess item is 0.03183150663971901
3550	0.355	0.526	0.392	0.405
3560	0.354	0.529	0.392	0.406
3570	0.354	0.529	0.392	0.407
3580	0.354	0.530	0.392	0.406
3590	0.354	0.531	0.392	0.406
eigenvalues:  tensor([70.0234, 62.1075])
hess item is 0.030444106087088585
3600	0.353	0.532	0.392	0.407
3610	0.353	0.532	0.392	0.407
3620	0.353	0.534	0.392	0.407
3630	0.352	0.535	0.392	0.408
3640	0.352	0.536	0.392	0.407
eigenvalues:  tensor([70.3953, 62.3418])
hess item is 0.029128050431609154
3650	0.352	0.536	0.392	0.408
3660	0.351	0.538	0.392	0.408
3670	0.351	0.539	0.392	0.408
3680	0.351	0.539	0.392	0.408
3690	0.351	0.540	0.392	0.408
eigenvalues:  tensor([70.8470, 62.5843])
hess item is 0.027877692133188248
3700	0.350	0.541	0.392	0.408
3710	0.350	0.542	0.392	0.408
3720	0.350	0.543	0.392	0.409
3730	0.349	0.544	0.392	0.409
3740	0.349	0.546	0.392	0.410
eigenvalues:  tensor([71.3264, 62.8513])
hess item is 0.026689093559980392
3750	0.349	0.545	0.392	0.409
3760	0.348	0.546	0.391	0.410
3770	0.348	0.547	0.391	0.408
3780	0.348	0.549	0.391	0.409
3790	0.347	0.549	0.391	0.410
eigenvalues:  tensor([71.8577, 63.1528])
hess item is 0.025559568777680397
3800	0.347	0.551	0.391	0.410
3810	0.347	0.550	0.391	0.410
3820	0.346	0.551	0.391	0.410
3830	0.346	0.553	0.391	0.411
3840	0.346	0.553	0.391	0.410
eigenvalues:  tensor([72.4200, 63.4915])
hess item is 0.024487249553203583
3850	0.345	0.555	0.391	0.411
3860	0.345	0.555	0.391	0.410
3870	0.345	0.557	0.391	0.411
3880	0.344	0.558	0.391	0.412
3890	0.344	0.559	0.391	0.410
eigenvalues:  tensor([73.0337, 63.8773])
hess item is 0.02346833236515522
3900	0.344	0.560	0.391	0.412
3910	0.343	0.562	0.391	0.411
3920	0.343	0.562	0.391	0.411
3930	0.343	0.563	0.391	0.411
3940	0.342	0.566	0.391	0.411
eigenvalues:  tensor([73.6711, 64.2942])
hess item is 0.022502891719341278
3950	0.342	0.567	0.391	0.413
3960	0.341	0.566	0.391	0.411
3970	0.341	0.568	0.391	0.412
3980	0.341	0.570	0.391	0.411
3990	0.340	0.570	0.391	0.412
eigenvalues:  tensor([74.3285, 64.7762])
hess item is 0.021586665883660316
4000	0.340	0.571	0.391	0.411
4010	0.340	0.572	0.391	0.412
4020	0.339	0.573	0.391	0.412
4030	0.339	0.573	0.391	0.413
4040	0.339	0.573	0.391	0.414
eigenvalues:  tensor([75.0959, 65.2384])
hess item is 0.020717324689030647
4050	0.338	0.576	0.391	0.412
4060	0.338	0.575	0.391	0.412
4070	0.337	0.575	0.391	0.412
4080	0.337	0.577	0.391	0.414
4090	0.337	0.578	0.391	0.414
eigenvalues:  tensor([75.7189, 65.7864])
hess item is 0.019892005249857903
4100	0.336	0.579	0.391	0.412
4110	0.336	0.579	0.391	0.414
4120	0.335	0.581	0.391	0.415
4130	0.335	0.583	0.391	0.413
4140	0.334	0.584	0.391	0.413
eigenvalues:  tensor([76.6994, 66.3879])
hess item is 0.019109264016151428
4150	0.334	0.584	0.391	0.412
4160	0.334	0.585	0.391	0.412
4170	0.333	0.588	0.391	0.413
4180	0.333	0.589	0.391	0.415
4190	0.332	0.589	0.391	0.413
eigenvalues:  tensor([77.4428, 66.9656])
hess item is 0.018371544778347015
4200	0.332	0.592	0.391	0.414
4210	0.332	0.593	0.391	0.415
4220	0.331	0.595	0.391	0.414
4230	0.331	0.595	0.391	0.413
4240	0.330	0.599	0.391	0.416
eigenvalues:  tensor([78.4034, 67.6810])
hess item is 0.0176699161529541
4250	0.331	0.595	0.391	0.411
4260	0.335	0.585	0.396	0.400
4270	0.340	0.568	0.401	0.390
4280	0.331	0.589	0.393	0.408
4290	0.328	0.604	0.391	0.416
eigenvalues:  tensor([71.2821, 67.3999])
hess item is 0.01711251586675644
4300	0.328	0.603	0.391	0.412
4310	0.328	0.602	0.392	0.411
4320	0.329	0.597	0.393	0.408
4330	0.332	0.592	0.396	0.402
4340	0.333	0.584	0.398	0.398
eigenvalues:  tensor([67.7068, 65.7906])
hess item is 0.016573254019021988
4350	0.329	0.601	0.393	0.408
4360	0.326	0.605	0.392	0.411
4370	0.326	0.610	0.392	0.412
4380	0.325	0.615	0.391	0.413
4390	0.327	0.610	0.394	0.407
eigenvalues:  tensor([68.4944, 65.2054])
hess item is 0.01602482609450817
4400	0.333	0.589	0.400	0.393
4410	0.332	0.587	0.399	0.396
4420	0.326	0.600	0.394	0.407
4430	0.327	0.599	0.395	0.409
4440	0.326	0.601	0.396	0.407
eigenvalues:  tensor([63.3295, 60.2270])
hess item is 0.015580986626446247
4450	0.329	0.598	0.399	0.403
4460	0.331	0.598	0.401	0.399
4470	0.330	0.596	0.400	0.400
4480	0.337	0.581	0.408	0.390
4490	0.325	0.614	0.396	0.405
eigenvalues:  tensor([60.8638, 59.7957])
hess item is 0.015216005966067314
4500	0.322	0.623	0.394	0.413
4510	0.324	0.616	0.396	0.407
4520	0.326	0.613	0.399	0.400
4530	0.334	0.590	0.407	0.395
4540	0.334	0.588	0.407	0.393
eigenvalues:  tensor([59.7770, 57.0993])
hess item is 0.014855935238301754
4550	0.320	0.625	0.394	0.411
4560	0.327	0.604	0.401	0.399
4570	0.331	0.601	0.405	0.393
4580	0.327	0.614	0.402	0.394
4590	0.328	0.608	0.403	0.398
eigenvalues:  tensor([57.3491, 53.4789])
hess item is 0.014565173536539078
4600	0.337	0.589	0.413	0.391
4610	0.338	0.580	0.414	0.382
4620	0.333	0.597	0.410	0.389
4630	0.333	0.589	0.410	0.384
4640	0.346	0.554	0.423	0.358
eigenvalues:  tensor([51.8954, 49.9172])
hess item is 0.014417367987334728
4650	0.325	0.609	0.402	0.400
4660	0.331	0.598	0.410	0.387
4670	0.327	0.614	0.406	0.395
4680	0.336	0.588	0.416	0.385
4690	0.332	0.589	0.411	0.389
eigenvalues:  tensor([47.5127, 46.6654])
hess item is 0.014232226647436619
4700	0.333	0.594	0.413	0.388
4710	0.327	0.603	0.407	0.394
4720	0.338	0.582	0.419	0.368
4730	0.348	0.554	0.428	0.364
4740	0.327	0.610	0.407	0.397
eigenvalues:  tensor([48.2443, 46.1162])
hess item is 0.01407033484429121
4750	0.343	0.575	0.424	0.367
4760	0.334	0.589	0.416	0.382
4770	0.353	0.568	0.433	0.380
4780	0.338	0.573	0.418	0.384
4790	0.332	0.596	0.414	0.389
eigenvalues:  tensor([44.0404, 43.3398])
hess item is 0.013985262252390385
4800	0.330	0.606	0.413	0.389
4810	0.336	0.583	0.419	0.373
4820	0.343	0.583	0.426	0.372
4830	0.324	0.621	0.408	0.391
4840	0.349	0.579	0.432	0.365
eigenvalues:  tensor([43.4130, 41.2179])
hess item is 0.013827558606863022
4850	0.321	0.633	0.406	0.402
4860	0.350	0.546	0.436	0.357
4870	0.338	0.586	0.420	0.379
4880	0.330	0.612	0.415	0.396
4890	0.327	0.609	0.413	0.392
eigenvalues:  tensor([40.1953, 39.9015])
hess item is 0.01365218311548233
4900	0.321	0.626	0.407	0.400
4910	0.344	0.573	0.431	0.367
4920	0.334	0.606	0.420	0.386
4930	0.354	0.562	0.440	0.359
4940	0.326	0.612	0.415	0.386
eigenvalues:  tensor([38.8881, 37.5450])
hess item is 0.013532504439353943
4950	0.328	0.614	0.417	0.380
4960	0.314	0.636	0.405	0.397
4970	0.321	0.623	0.412	0.391
4980	0.332	0.595	0.422	0.383
4990	0.316	0.647	0.407	0.397
eigenvalues:  tensor([39.3090, 37.6443])
hess item is 0.013270681723952293
5000	0.315	0.649	0.407	0.400
5010	0.342	0.591	0.433	0.362
5020	0.307	0.671	0.400	0.403
5030	0.321	0.635	0.414	0.389
5040	0.317	0.639	0.412	0.392
eigenvalues:  tensor([38.7666, 37.5495])
hess item is 0.013023143634200096
5050	0.309	0.663	0.407	0.395
5060	0.311	0.659	0.409	0.398
5070	0.332	0.608	0.428	0.377
5080	0.308	0.669	0.404	0.399
5090	0.315	0.653	0.413	0.385
eigenvalues:  tensor([38.9872, 37.6943])
hess item is 0.01281878724694252
5100	0.316	0.644	0.415	0.402
5110	0.322	0.621	0.422	0.382
5120	0.320	0.628	0.419	0.381
5130	0.309	0.656	0.407	0.397
5140	0.311	0.655	0.411	0.405
eigenvalues:  tensor([37.0412, 36.4221])
hess item is 0.012688704766333103
5150	0.308	0.661	0.409	0.394
5160	0.296	0.699	0.399	0.411
5170	0.320	0.640	0.424	0.378
5180	0.305	0.679	0.408	0.399
5190	0.309	0.666	0.412	0.396
eigenvalues:  tensor([36.7273, 36.5818])
hess item is 0.01240658387541771
5200	0.303	0.684	0.407	0.405
5210	0.307	0.668	0.413	0.395
5220	0.302	0.686	0.410	0.394
5230	0.308	0.661	0.417	0.394
5240	0.299	0.684	0.408	0.411
eigenvalues:  tensor([37.2504, 37.1319])
hess item is 0.01218110229820013
5250	0.317	0.647	0.424	0.384
5260	0.311	0.656	0.419	0.392
5270	0.299	0.685	0.409	0.403
5280	0.301	0.678	0.412	0.400
5290	0.301	0.673	0.412	0.399
eigenvalues:  tensor([36.4106, 36.1898])
hess item is 0.011947095394134521
5300	0.293	0.704	0.405	0.412
5310	0.291	0.704	0.404	0.411
5320	0.311	0.658	0.424	0.392
5330	0.300	0.688	0.414	0.394
5340	0.289	0.717	0.403	0.409
eigenvalues:  tensor([37.1029, 36.1258])
hess item is 0.011744296178221703
5350	0.302	0.681	0.417	0.390
5360	0.309	0.664	0.425	0.376
5370	0.288	0.718	0.405	0.405
5380	0.302	0.683	0.419	0.383
5390	0.314	0.651	0.429	0.383
eigenvalues:  tensor([36.3911, 35.6842])
hess item is 0.011636748909950256
5400	0.296	0.699	0.412	0.392
5410	0.298	0.698	0.415	0.396
5420	0.291	0.705	0.409	0.397
5430	0.292	0.703	0.412	0.405
5440	0.298	0.688	0.419	0.398
eigenvalues:  tensor([36.4915, 35.9335])
hess item is 0.011486569419503212
5450	0.314	0.654	0.433	0.385
5460	0.291	0.701	0.414	0.393
5470	0.292	0.709	0.415	0.383
5480	0.292	0.710	0.417	0.387
5490	0.282	0.735	0.409	0.402
eigenvalues:  tensor([36.6903, 35.7442])
hess item is 0.011322312988340855
5500	0.296	0.703	0.422	0.388
5510	0.282	0.729	0.409	0.405
5520	0.303	0.691	0.431	0.379
5530	0.281	0.726	0.411	0.402
5540	0.299	0.691	0.427	0.400
eigenvalues:  tensor([36.4687, 35.8952])
hess item is 0.01119487639516592
5550	0.288	0.712	0.418	0.396
5560	0.279	0.737	0.411	0.399
5570	0.279	0.743	0.412	0.401
5580	0.311	0.660	0.443	0.372
5590	0.286	0.724	0.419	0.399
eigenvalues:  tensor([36.2526, 36.0806])
hess item is 0.011070073582231998
5600	0.286	0.722	0.421	0.392
5610	0.282	0.727	0.416	0.397
5620	0.284	0.727	0.419	0.396
5630	0.274	0.752	0.411	0.405
5640	0.280	0.737	0.417	0.399
eigenvalues:  tensor([36.2568, 35.3021])
hess item is 0.010883472859859467
5650	0.288	0.717	0.425	0.388
5660	0.286	0.730	0.423	0.388
5670	0.280	0.743	0.419	0.392
5680	0.281	0.727	0.424	0.384
5690	0.293	0.709	0.433	0.372
eigenvalues:  tensor([37.7921, 36.5352])
hess item is 0.010768597945570946
5700	0.281	0.738	0.421	0.392
5710	0.288	0.724	0.431	0.390
5720	0.274	0.746	0.414	0.398
5730	0.290	0.720	0.431	0.378
5740	0.265	0.772	0.411	0.403
eigenvalues:  tensor([35.9793, 35.8136])
hess item is 0.010695535689592361
5750	0.274	0.748	0.420	0.391
5760	0.265	0.768	0.411	0.405
5770	0.277	0.747	0.422	0.392
5780	0.272	0.751	0.420	0.391
5790	0.268	0.769	0.419	0.397
eigenvalues:  tensor([36.5358, 35.4257])
hess item is 0.01053598802536726
5800	0.275	0.757	0.424	0.382
5810	0.276	0.750	0.424	0.388
5820	0.274	0.744	0.425	0.402
5830	0.266	0.761	0.418	0.406
5840	0.279	0.741	0.431	0.386
eigenvalues:  tensor([36.6443, 36.3090])
hess item is 0.010453072376549244
5850	0.276	0.752	0.429	0.385
5860	0.265	0.775	0.420	0.398
5870	0.277	0.749	0.431	0.388
5880	0.272	0.757	0.426	0.396
5890	0.262	0.780	0.418	0.395
eigenvalues:  tensor([36.5630, 36.1039])
hess item is 0.010351640172302723
5900	0.263	0.767	0.419	0.398
5910	0.273	0.745	0.431	0.398
5920	0.275	0.742	0.432	0.396
5930	0.268	0.770	0.427	0.388
5940	0.269	0.762	0.428	0.393
eigenvalues:  tensor([36.7940, 36.6583])
hess item is 0.010301552712917328
5950	0.263	0.774	0.421	0.407
5960	0.269	0.739	0.429	0.382
5970	0.277	0.744	0.439	0.382
5980	0.264	0.772	0.428	0.393
5990	0.267	0.767	0.430	0.394
eigenvalues:  tensor([36.3402, 35.7216])
hess item is 0.010254986584186554
6000	0.259	0.783	0.421	0.407
6010	0.264	0.770	0.427	0.397
6020	0.251	0.807	0.419	0.402
6030	0.257	0.789	0.423	0.394
6040	0.264	0.778	0.433	0.393
eigenvalues:  tensor([36.4709, 36.2167])
hess item is 0.010172666050493717
6050	0.265	0.767	0.433	0.386
6060	0.257	0.783	0.425	0.394
6070	0.264	0.767	0.434	0.389
6080	0.250	0.800	0.421	0.404
6090	0.265	0.784	0.436	0.394
eigenvalues:  tensor([36.3465, 35.9832])
hess item is 0.01009957306087017
6100	0.248	0.808	0.421	0.400
6110	0.259	0.785	0.433	0.389
6120	0.248	0.809	0.423	0.403
6130	0.253	0.791	0.429	0.386
6140	0.255	0.801	0.431	0.389
eigenvalues:  tensor([36.7038, 36.2374])
hess item is 0.009999169036746025
6150	0.255	0.793	0.430	0.400
6160	0.253	0.797	0.429	0.394
6170	0.247	0.807	0.427	0.394
6180	0.262	0.776	0.442	0.384
6190	0.258	0.787	0.437	0.388
eigenvalues:  tensor([37.0507, 36.0889])
hess item is 0.009936878457665443
6200	0.273	0.758	0.453	0.384
6210	0.237	0.831	0.418	0.408
6220	0.253	0.799	0.435	0.392
6230	0.243	0.820	0.427	0.389
6240	0.257	0.784	0.441	0.387
eigenvalues:  tensor([36.8115, 36.7097])
hess item is 0.009869632311165333
6250	0.250	0.792	0.434	0.391
6260	0.255	0.794	0.440	0.380
6270	0.247	0.816	0.434	0.387
6280	0.246	0.818	0.435	0.393
6290	0.247	0.811	0.437	0.389
eigenvalues:  tensor([37.0177, 36.1737])
hess item is 0.009824355132877827
6300	0.242	0.822	0.432	0.389
6310	0.246	0.799	0.437	0.382
6320	0.250	0.794	0.440	0.392
6330	0.248	0.801	0.440	0.388
6340	0.246	0.821	0.437	0.383
eigenvalues:  tensor([37.0978, 36.7420])
hess item is 0.00975794717669487
6350	0.237	0.829	0.430	0.400
6360	0.246	0.807	0.440	0.391
6370	0.234	0.828	0.429	0.398
6380	0.238	0.827	0.433	0.393
6390	0.238	0.831	0.435	0.388
eigenvalues:  tensor([37.6234, 36.9138])
hess item is 0.009685180149972439
6400	0.238	0.823	0.436	0.396
6410	0.226	0.850	0.426	0.405
6420	0.248	0.809	0.448	0.387
6430	0.240	0.818	0.440	0.399
6440	0.244	0.813	0.441	0.392
eigenvalues:  tensor([36.6629, 36.2960])
hess item is 0.009598017670214176
6450	0.237	0.829	0.439	0.386
6460	0.237	0.831	0.441	0.386
6470	0.247	0.807	0.451	0.382
6480	0.242	0.811	0.445	0.385
6490	0.228	0.845	0.433	0.391
eigenvalues:  tensor([36.9719, 36.7528])
hess item is 0.009587932378053665
6500	0.245	0.808	0.450	0.377
6510	0.228	0.848	0.435	0.395
6520	0.238	0.829	0.446	0.384
6530	0.235	0.839	0.443	0.388
6540	0.230	0.840	0.440	0.396
eigenvalues:  tensor([37.3284, 36.7492])
hess item is 0.009616570547223091
6550	0.234	0.838	0.445	0.393
6560	0.230	0.840	0.441	0.382
6570	0.231	0.835	0.441	0.385
6580	0.236	0.829	0.447	0.389
6590	0.234	0.840	0.445	0.385
eigenvalues:  tensor([36.6749, 36.5636])
hess item is 0.009610345587134361
6600	0.233	0.842	0.447	0.375
6610	0.227	0.849	0.441	0.387
6620	0.238	0.828	0.455	0.377
6630	0.228	0.853	0.445	0.382
6640	0.224	0.851	0.442	0.389
eigenvalues:  tensor([37.9012, 37.1507])
hess item is 0.009536858648061752
6650	0.223	0.854	0.441	0.388
6660	0.230	0.840	0.449	0.388
6670	0.231	0.839	0.447	0.390
6680	0.226	0.853	0.445	0.385
6690	0.215	0.871	0.436	0.395
eigenvalues:  tensor([37.6111, 37.1199])
hess item is 0.009481575340032578
6700	0.226	0.852	0.450	0.392
6710	0.231	0.842	0.457	0.394
6720	0.209	0.883	0.435	0.399
6730	0.230	0.836	0.455	0.378
6740	0.216	0.865	0.445	0.390
eigenvalues:  tensor([38.2586, 37.8565])
hess item is 0.009428372606635094
6750	0.225	0.851	0.453	0.378
6760	0.209	0.885	0.436	0.396
6770	0.226	0.848	0.454	0.386
6780	0.220	0.853	0.447	0.386
6790	0.226	0.857	0.454	0.378
eigenvalues:  tensor([38.6860, 37.8186])
hess item is 0.009442095644772053
6800	0.236	0.819	0.461	0.376
6810	0.210	0.875	0.439	0.396
6820	0.222	0.861	0.454	0.383
6830	0.222	0.864	0.456	0.383
6840	0.224	0.839	0.455	0.380
eigenvalues:  tensor([38.1137, 37.8204])
hess item is 0.009443962015211582
6850	0.209	0.872	0.441	0.391
6860	0.214	0.872	0.449	0.383
6870	0.215	0.874	0.450	0.382
6880	0.219	0.855	0.453	0.374
6890	0.219	0.846	0.455	0.374
eigenvalues:  tensor([37.6716, 37.0950])
hess item is 0.009447147138416767
6900	0.210	0.882	0.447	0.390
6910	0.219	0.863	0.457	0.389
6920	0.207	0.886	0.445	0.390
6930	0.223	0.859	0.461	0.377
6940	0.217	0.861	0.455	0.384
eigenvalues:  tensor([37.2126, 37.0193])
hess item is 0.009425079450011253
6950	0.205	0.884	0.448	0.386
6960	0.205	0.889	0.450	0.382
6970	0.198	0.894	0.445	0.388
6980	0.215	0.870	0.461	0.371
6990	0.211	0.862	0.457	0.378
eigenvalues:  tensor([37.6584, 37.0474])
hess item is 0.00933805387467146
7000	0.198	0.896	0.446	0.390
7010	0.201	0.890	0.451	0.390
7020	0.217	0.865	0.462	0.380
7030	0.202	0.894	0.451	0.387
7040	0.222	0.858	0.469	0.369
eigenvalues:  tensor([37.9286, 37.0266])
hess item is 0.009317325428128242
7050	0.201	0.895	0.451	0.383
7060	0.217	0.865	0.465	0.381
7070	0.198	0.891	0.449	0.389
7080	0.208	0.872	0.459	0.376
7090	0.208	0.871	0.460	0.382
eigenvalues:  tensor([38.2892, 37.9879])
hess item is 0.009330264292657375
7100	0.210	0.876	0.464	0.389
7110	0.197	0.895	0.454	0.384
7120	0.211	0.878	0.467	0.363
7130	0.191	0.913	0.451	0.385
7140	0.199	0.892	0.457	0.383
eigenvalues:  tensor([38.8144, 38.1509])
hess item is 0.009327848441898823
7150	0.212	0.865	0.470	0.375
7160	0.202	0.890	0.460	0.371
7170	0.209	0.878	0.468	0.365
7180	0.210	0.878	0.470	0.377
7190	0.196	0.894	0.457	0.379
eigenvalues:  tensor([38.9210, 37.6208])
hess item is 0.009335855022072792
7200	0.201	0.889	0.462	0.377
7210	0.200	0.884	0.461	0.371
7220	0.191	0.902	0.455	0.374
7230	0.208	0.878	0.472	0.362
7240	0.203	0.881	0.467	0.380
eigenvalues:  tensor([39.1414, 38.2379])
hess item is 0.009352564811706543
7250	0.205	0.878	0.468	0.377
7260	0.192	0.910	0.456	0.383
7270	0.208	0.878	0.472	0.379
7280	0.194	0.895	0.461	0.383
7290	0.203	0.887	0.469	0.377
eigenvalues:  tensor([38.4552, 37.8443])
hess item is 0.009382320567965508
7300	0.186	0.914	0.452	0.385
7310	0.204	0.870	0.469	0.373
7320	0.194	0.897	0.463	0.379
7330	0.190	0.910	0.460	0.380
7340	0.192	0.896	0.461	0.383
eigenvalues:  tensor([38.9003, 38.8022])
hess item is 0.009405137971043587
7350	0.200	0.891	0.469	0.380
7360	0.190	0.905	0.461	0.380
7370	0.189	0.911	0.461	0.381
7380	0.183	0.913	0.459	0.383
7390	0.203	0.879	0.475	0.374
eigenvalues:  tensor([38.4022, 37.6826])
hess item is 0.009378060698509216
7400	0.183	0.914	0.460	0.384
7410	0.194	0.904	0.472	0.373
7420	0.202	0.882	0.477	0.357
7430	0.192	0.905	0.470	0.370
7440	0.199	0.891	0.477	0.375
eigenvalues:  tensor([39.1042, 38.9198])
hess item is 0.009412582032382488
7450	0.199	0.885	0.478	0.375
7460	0.182	0.910	0.462	0.379
7470	0.194	0.888	0.475	0.367
7480	0.188	0.901	0.470	0.372
7490	0.186	0.913	0.468	0.375
eigenvalues:  tensor([38.1958, 37.7560])
hess item is 0.009423461742699146
7500	0.188	0.911	0.471	0.369
7510	0.195	0.889	0.477	0.371
7520	0.179	0.912	0.463	0.380
7530	0.182	0.911	0.466	0.385
7540	0.194	0.903	0.479	0.378
eigenvalues:  tensor([38.2721, 37.7999])
hess item is 0.009354840964078903
7550	0.180	0.921	0.467	0.384
7560	0.186	0.911	0.474	0.370
7570	0.184	0.918	0.475	0.374
7580	0.175	0.928	0.465	0.381
7590	0.189	0.905	0.480	0.371
eigenvalues:  tensor([38.6628, 37.3396])
hess item is 0.009374537505209446
7600	0.175	0.929	0.466	0.377
7610	0.187	0.897	0.476	0.370
7620	0.172	0.928	0.463	0.379
7630	0.171	0.929	0.466	0.378
7640	0.173	0.925	0.466	0.380
eigenvalues:  tensor([38.4125, 38.0526])
hess item is 0.009306667372584343
7650	0.179	0.919	0.474	0.370
7660	0.180	0.920	0.474	0.366
7670	0.192	0.899	0.484	0.372
7680	0.172	0.927	0.468	0.380
7690	0.177	0.925	0.474	0.372
eigenvalues:  tensor([38.1912, 37.6294])
hess item is 0.009332858957350254
7700	0.170	0.933	0.471	0.375
7710	0.172	0.925	0.474	0.376
7720	0.186	0.901	0.483	0.371
7730	0.181	0.908	0.478	0.374
7740	0.175	0.912	0.475	0.378
eigenvalues:  tensor([39.2505, 38.2383])
hess item is 0.00930859986692667
7750	0.169	0.919	0.471	0.382
7760	0.172	0.923	0.476	0.383
7770	0.180	0.922	0.484	0.367
7780	0.164	0.942	0.467	0.375
7790	0.179	0.919	0.481	0.368
eigenvalues:  tensor([39.3144, 38.1945])
hess item is 0.009203958325088024
7800	0.174	0.927	0.477	0.378
7810	0.164	0.937	0.469	0.381
7820	0.177	0.920	0.483	0.374
7830	0.184	0.901	0.488	0.365
7840	0.166	0.926	0.474	0.372
eigenvalues:  tensor([38.3945, 38.2803])
hess item is 0.00917841773480177
7850	0.170	0.923	0.478	0.377
7860	0.178	0.922	0.485	0.370
7870	0.160	0.941	0.469	0.381
7880	0.175	0.923	0.484	0.364
7890	0.177	0.909	0.489	0.360
eigenvalues:  tensor([39.1762, 38.6478])
hess item is 0.009226171299815178
7900	0.169	0.928	0.482	0.373
7910	0.157	0.945	0.473	0.380
7920	0.167	0.928	0.483	0.375
7930	0.164	0.933	0.479	0.375
7940	0.166	0.936	0.479	0.375
eigenvalues:  tensor([38.6565, 38.3473])
hess item is 0.009149819612503052
7950	0.164	0.945	0.480	0.377
7960	0.172	0.929	0.487	0.371
7970	0.177	0.916	0.492	0.372
7980	0.158	0.941	0.476	0.377
7990	0.179	0.922	0.495	0.368
eigenvalues:  tensor([38.9691, 38.4164])
hess item is 0.0091982651501894
8000	0.174	0.915	0.490	0.369
8010	0.163	0.937	0.482	0.379
8020	0.172	0.920	0.487	0.374
8030	0.169	0.922	0.490	0.372
8040	0.161	0.938	0.481	0.375
eigenvalues:  tensor([39.9642, 39.4676])
hess item is 0.009270395152270794
8050	0.171	0.931	0.491	0.365
8060	0.170	0.929	0.493	0.365
8070	0.158	0.943	0.481	0.374
8080	0.174	0.926	0.496	0.357
8090	0.162	0.942	0.485	0.364
eigenvalues:  tensor([39.7422, 38.7982])
hess item is 0.009259900078177452
8100	0.171	0.922	0.495	0.354
8110	0.154	0.943	0.481	0.374
8120	0.169	0.929	0.494	0.377
8130	0.159	0.945	0.487	0.381
8140	0.155	0.949	0.483	0.381
eigenvalues:  tensor([39.7304, 39.0635])
hess item is 0.009250983595848083
8150	0.162	0.942	0.490	0.374
8160	0.167	0.927	0.493	0.369
8170	0.170	0.914	0.494	0.368
8180	0.169	0.922	0.494	0.367
8190	0.161	0.938	0.488	0.371
eigenvalues:  tensor([39.4359, 38.8139])
hess item is 0.009303254075348377
8200	0.161	0.936	0.490	0.363
8210	0.159	0.943	0.486	0.371
8220	0.170	0.923	0.498	0.364
8230	0.151	0.949	0.479	0.380
8240	0.154	0.945	0.483	0.378
eigenvalues:  tensor([39.1570, 38.3044])
hess item is 0.009250149130821228
8250	0.154	0.943	0.486	0.371
8260	0.162	0.934	0.493	0.369
8270	0.159	0.930	0.491	0.370
8280	0.156	0.935	0.488	0.373
8290	0.159	0.935	0.492	0.367
eigenvalues:  tensor([39.4204, 39.1097])
hess item is 0.009258170612156391
8300	0.158	0.935	0.491	0.365
8310	0.149	0.950	0.483	0.372
8320	0.149	0.954	0.487	0.370
8330	0.155	0.952	0.493	0.361
8340	0.160	0.944	0.497	0.357
eigenvalues:  tensor([39.2754, 39.2252])
hess item is 0.009189644828438759
8350	0.150	0.955	0.488	0.365
8360	0.155	0.952	0.495	0.361
8370	0.159	0.941	0.498	0.363
8380	0.155	0.944	0.494	0.365
8390	0.159	0.935	0.497	0.365
eigenvalues:  tensor([39.3553, 39.1715])
hess item is 0.009247361682355404
8400	0.151	0.941	0.490	0.370
8410	0.149	0.949	0.489	0.368
8420	0.144	0.955	0.486	0.370
8430	0.147	0.957	0.491	0.370
8440	0.149	0.952	0.495	0.366
eigenvalues:  tensor([39.1526, 38.6444])
hess item is 0.009216499514877796
8450	0.146	0.955	0.493	0.367
8460	0.155	0.938	0.501	0.361
8470	0.150	0.941	0.496	0.367
8480	0.148	0.952	0.495	0.373
8490	0.146	0.959	0.493	0.375
eigenvalues:  tensor([39.1107, 38.7335])
hess item is 0.009230071678757668
8500	0.151	0.954	0.497	0.374
8510	0.141	0.962	0.489	0.376
8520	0.142	0.958	0.490	0.379
8530	0.147	0.947	0.494	0.374
8540	0.140	0.954	0.489	0.373
eigenvalues:  tensor([40.3902, 40.0962])
hess item is 0.009145508520305157
8550	0.164	0.928	0.510	0.363
8560	0.153	0.938	0.501	0.367
8570	0.142	0.951	0.494	0.367
8580	0.142	0.959	0.494	0.370
8590	0.141	0.957	0.493	0.370
eigenvalues:  tensor([39.3463, 38.5812])
hess item is 0.009149184450507164
8600	0.140	0.959	0.493	0.370
8610	0.152	0.947	0.505	0.366
8620	0.141	0.955	0.496	0.374
8630	0.142	0.960	0.497	0.370
8640	0.153	0.944	0.508	0.361
eigenvalues:  tensor([40.3145, 39.5710])
hess item is 0.009186472743749619
8650	0.165	0.920	0.517	0.351
8660	0.147	0.943	0.501	0.367
8670	0.141	0.952	0.497	0.372
8680	0.137	0.956	0.494	0.375
8690	0.150	0.945	0.506	0.373
eigenvalues:  tensor([39.6984, 39.5426])
hess item is 0.009166521020233631
8700	0.138	0.955	0.494	0.374
8710	0.142	0.954	0.500	0.369
8720	0.142	0.954	0.499	0.374
8730	0.145	0.947	0.502	0.375
8740	0.135	0.956	0.495	0.371
eigenvalues:  tensor([39.2619, 38.7697])
hess item is 0.009087152779102325
8750	0.131	0.961	0.493	0.373
8760	0.145	0.948	0.504	0.366
8770	0.139	0.954	0.498	0.370
8780	0.140	0.956	0.501	0.364
8790	0.143	0.955	0.502	0.363
eigenvalues:  tensor([39.2188, 38.8580])
hess item is 0.00909226294606924
8800	0.135	0.959	0.497	0.370
8810	0.149	0.943	0.508	0.365
8820	0.139	0.949	0.502	0.371
8830	0.135	0.958	0.498	0.369
8840	0.131	0.958	0.498	0.372
eigenvalues:  tensor([39.6615, 38.8352])
hess item is 0.009074399247765541
8850	0.133	0.957	0.500	0.372
8860	0.143	0.948	0.510	0.369
8870	0.134	0.962	0.502	0.364
8880	0.135	0.957	0.502	0.368
8890	0.128	0.960	0.496	0.372
eigenvalues:  tensor([39.5993, 39.4509])
hess item is 0.009029600769281387
8900	0.132	0.956	0.502	0.371
8910	0.145	0.942	0.514	0.356
8920	0.140	0.946	0.511	0.358
8930	0.133	0.959	0.507	0.362
8940	0.142	0.951	0.515	0.357
eigenvalues:  tensor([40.0050, 38.8546])
hess item is 0.009012894704937935
8950	0.140	0.959	0.512	0.359
8960	0.143	0.956	0.512	0.362
8970	0.134	0.962	0.503	0.368
8980	0.139	0.954	0.511	0.367
8990	0.134	0.964	0.507	0.368
eigenvalues:  tensor([39.7886, 38.8164])
hess item is 0.009042390622198582
9000	0.126	0.967	0.502	0.366
9010	0.132	0.962	0.507	0.360
9020	0.135	0.957	0.511	0.359
9030	0.146	0.936	0.519	0.355
9040	0.139	0.958	0.513	0.363
eigenvalues:  tensor([39.5926, 38.9027])
hess item is 0.00907477643340826
9050	0.129	0.971	0.505	0.370
9060	0.142	0.961	0.517	0.354
9070	0.133	0.962	0.509	0.359
9080	0.142	0.945	0.517	0.350
9090	0.132	0.961	0.509	0.356
eigenvalues:  tensor([40.0853, 39.1755])
hess item is 0.009090915322303772
9100	0.130	0.964	0.507	0.357
9110	0.128	0.966	0.507	0.363
9120	0.134	0.962	0.512	0.361
9130	0.128	0.965	0.505	0.367
9140	0.125	0.968	0.506	0.370
eigenvalues:  tensor([39.6348, 39.2496])
hess item is 0.009035572409629822
9150	0.140	0.954	0.520	0.365
9160	0.127	0.965	0.511	0.365
9170	0.131	0.962	0.515	0.359
9180	0.127	0.965	0.512	0.359
9190	0.128	0.962	0.513	0.354
eigenvalues:  tensor([40.0756, 39.0496])
hess item is 0.00902694370597601
9200	0.138	0.949	0.521	0.360
9210	0.137	0.955	0.517	0.362
9220	0.122	0.971	0.505	0.370
9230	0.146	0.947	0.526	0.354
9240	0.127	0.968	0.510	0.361
eigenvalues:  tensor([39.6370, 38.8000])
hess item is 0.009074713103473186
9250	0.130	0.964	0.514	0.360
9260	0.137	0.952	0.519	0.360
9270	0.128	0.961	0.513	0.364
9280	0.132	0.953	0.515	0.361
9290	0.129	0.957	0.514	0.367
eigenvalues:  tensor([39.8021, 39.2887])
hess item is 0.009066692553460598
9300	0.125	0.964	0.512	0.365
9310	0.124	0.966	0.513	0.362
9320	0.134	0.962	0.522	0.349
9330	0.120	0.973	0.509	0.359
9340	0.129	0.969	0.517	0.354
eigenvalues:  tensor([40.1236, 39.7891])
hess item is 0.009096103720366955
9350	0.128	0.968	0.516	0.357
9360	0.123	0.968	0.511	0.364
9370	0.115	0.974	0.506	0.368
9380	0.125	0.965	0.515	0.363
9390	0.123	0.964	0.514	0.370
eigenvalues:  tensor([39.8272, 39.5939])
hess item is 0.009035719558596611
9400	0.134	0.953	0.525	0.358
9410	0.127	0.960	0.518	0.357
9420	0.124	0.963	0.517	0.360
9430	0.120	0.970	0.514	0.368
9440	0.135	0.962	0.526	0.361
eigenvalues:  tensor([39.5829, 39.1165])
hess item is 0.009007393382489681
9450	0.121	0.967	0.514	0.364
9460	0.130	0.958	0.521	0.359
9470	0.123	0.963	0.517	0.360
9480	0.119	0.966	0.514	0.366
9490	0.122	0.965	0.518	0.364
eigenvalues:  tensor([39.6730, 39.1519])
hess item is 0.008980010636150837
9500	0.118	0.973	0.515	0.363
9510	0.117	0.973	0.516	0.363
9520	0.126	0.963	0.524	0.363
9530	0.117	0.969	0.516	0.366
9540	0.119	0.964	0.519	0.362
eigenvalues:  tensor([39.5344, 38.9461])
hess item is 0.008911076001822948
9550	0.114	0.969	0.516	0.367
9560	0.114	0.968	0.518	0.363
9570	0.121	0.965	0.525	0.362
9580	0.115	0.971	0.519	0.358
9590	0.118	0.966	0.521	0.359
eigenvalues:  tensor([39.9043, 39.2323])
hess item is 0.008876606822013855
9600	0.120	0.962	0.521	0.362
9610	0.120	0.962	0.521	0.364
9620	0.118	0.967	0.519	0.362
9630	0.117	0.975	0.519	0.365
9640	0.121	0.973	0.523	0.366
eigenvalues:  tensor([39.9370, 39.3033])
hess item is 0.008834762498736382
9650	0.116	0.975	0.518	0.364
9660	0.118	0.973	0.522	0.365
9670	0.127	0.964	0.530	0.357
9680	0.111	0.975	0.517	0.363
9690	0.115	0.970	0.521	0.365
eigenvalues:  tensor([39.6769, 38.6222])
hess item is 0.00884548481553793
9700	0.111	0.976	0.517	0.361
9710	0.119	0.969	0.525	0.358
9720	0.118	0.967	0.525	0.357
9730	0.119	0.964	0.528	0.360
9740	0.112	0.973	0.523	0.364
eigenvalues:  tensor([40.0256, 39.1946])
hess item is 0.00887618400156498
9750	0.117	0.973	0.527	0.362
9760	0.114	0.972	0.523	0.364
9770	0.115	0.970	0.524	0.364
9780	0.110	0.975	0.520	0.360
9790	0.121	0.959	0.531	0.347
eigenvalues:  tensor([40.2158, 39.2652])
hess item is 0.008871947415173054
9800	0.124	0.955	0.533	0.352
9810	0.115	0.962	0.526	0.353
9820	0.114	0.970	0.527	0.354
9830	0.108	0.977	0.523	0.356
9840	0.119	0.973	0.532	0.349
eigenvalues:  tensor([39.5539, 38.7819])
hess item is 0.008841073140501976
9850	0.107	0.979	0.522	0.354
9860	0.109	0.977	0.523	0.355
9870	0.105	0.980	0.520	0.362
9880	0.112	0.976	0.526	0.358
9890	0.112	0.977	0.527	0.359
eigenvalues:  tensor([39.7831, 38.6397])
hess item is 0.00878041610121727
9900	0.111	0.978	0.526	0.360
9910	0.110	0.976	0.526	0.357
9920	0.114	0.972	0.528	0.354
9930	0.103	0.981	0.520	0.358
9940	0.104	0.981	0.522	0.358
eigenvalues:  tensor([39.2298, 38.3594])
hess item is 0.00864813756197691
9950	0.098	0.982	0.518	0.367
9960	0.104	0.980	0.523	0.362
9970	0.105	0.977	0.525	0.361
9980	0.107	0.975	0.526	0.363
9990	0.106	0.976	0.525	0.364
