device: cuda:1
output directory: RESULTS/cifar10-10k/fc-tanh/seed_0/mse/ivon/lr_0.0005_h0_0.1_post_10_alpha_100.0_beta2_0.999_beta_0.0_ess_100000.0_ivon
Files already downloaded and verified
Files already downloaded and verified
optimizer is IVON
0	0.597	0.131	0.597	0.131
10	0.518	0.185	0.520	0.183
20	0.495	0.214	0.497	0.210
30	0.481	0.230	0.483	0.228
40	0.470	0.248	0.473	0.241
eigenvalues:  tensor([70.7994, 58.3087])
hess item is 0.09521545469760895
50	0.463	0.262	0.466	0.251
60	0.456	0.271	0.460	0.261
70	0.451	0.281	0.455	0.271
80	0.446	0.288	0.450	0.272
90	0.442	0.296	0.447	0.278
eigenvalues:  tensor([62.6069, 52.0050])
hess item is 0.09066271781921387
100	0.438	0.302	0.443	0.281
110	0.435	0.307	0.440	0.292
120	0.432	0.315	0.437	0.299
130	0.430	0.320	0.435	0.301
140	0.428	0.322	0.433	0.302
eigenvalues:  tensor([55.5689, 47.2657])
hess item is 0.08632739633321762
150	0.425	0.326	0.431	0.306
160	0.423	0.332	0.429	0.307
170	0.422	0.336	0.428	0.312
180	0.420	0.336	0.426	0.312
190	0.418	0.343	0.425	0.316
eigenvalues:  tensor([49.7756, 43.2603])
hess item is 0.08219882100820541
200	0.417	0.345	0.423	0.316
210	0.416	0.346	0.422	0.320
220	0.416	0.350	0.422	0.322
230	0.414	0.354	0.420	0.323
240	0.413	0.354	0.420	0.326
eigenvalues:  tensor([45.0370, 39.9903])
hess item is 0.0782676413655281
250	0.412	0.357	0.419	0.329
260	0.411	0.358	0.418	0.329
270	0.410	0.362	0.417	0.334
280	0.409	0.361	0.417	0.335
290	0.408	0.365	0.416	0.336
eigenvalues:  tensor([41.3277, 37.1238])
hess item is 0.07452451437711716
300	0.408	0.365	0.415	0.337
310	0.407	0.366	0.415	0.337
320	0.406	0.369	0.414	0.340
330	0.406	0.371	0.414	0.342
340	0.405	0.373	0.413	0.345
eigenvalues:  tensor([38.2601, 34.5863])
hess item is 0.07096003741025925
350	0.405	0.373	0.413	0.346
360	0.404	0.374	0.412	0.348
370	0.404	0.377	0.412	0.349
380	0.403	0.377	0.411	0.350
390	0.403	0.380	0.411	0.349
eigenvalues:  tensor([35.4830, 32.4273])
hess item is 0.06756696850061417
400	0.402	0.378	0.411	0.350
410	0.402	0.381	0.411	0.352
420	0.402	0.382	0.410	0.354
430	0.401	0.383	0.410	0.355
440	0.401	0.383	0.410	0.356
eigenvalues:  tensor([33.2633, 30.5742])
hess item is 0.06433649361133575
450	0.400	0.384	0.409	0.358
460	0.400	0.388	0.409	0.359
470	0.399	0.388	0.408	0.357
480	0.399	0.390	0.408	0.354
490	0.399	0.390	0.408	0.359
eigenvalues:  tensor([31.3344, 28.9419])
hess item is 0.06126103177666664
500	0.399	0.390	0.408	0.358
510	0.398	0.390	0.408	0.359
520	0.399	0.391	0.408	0.360
530	0.398	0.395	0.407	0.361
540	0.397	0.392	0.407	0.362
eigenvalues:  tensor([29.5475, 27.5339])
hess item is 0.058333076536655426
550	0.397	0.395	0.407	0.363
560	0.397	0.395	0.407	0.363
570	0.397	0.398	0.406	0.363
580	0.397	0.394	0.406	0.362
590	0.396	0.397	0.406	0.365
eigenvalues:  tensor([28.0717, 26.2491])
hess item is 0.05554515868425369
600	0.396	0.400	0.406	0.366
610	0.396	0.395	0.406	0.365
620	0.396	0.398	0.406	0.363
630	0.396	0.398	0.405	0.368
640	0.396	0.397	0.406	0.367
eigenvalues:  tensor([26.6903, 25.2629])
hess item is 0.05289222672581673
650	0.396	0.397	0.406	0.366
660	0.395	0.399	0.405	0.368
670	0.395	0.402	0.405	0.367
680	0.395	0.402	0.405	0.368
690	0.395	0.403	0.405	0.370
eigenvalues:  tensor([25.4224, 24.2991])
hess item is 0.05036666616797447
700	0.395	0.401	0.405	0.369
710	0.395	0.398	0.405	0.366
720	0.394	0.398	0.405	0.366
730	0.394	0.401	0.404	0.367
740	0.394	0.399	0.404	0.368
eigenvalues:  tensor([24.3909, 23.5216])
hess item is 0.04796288534998894
750	0.394	0.399	0.404	0.368
760	0.394	0.401	0.404	0.372
770	0.394	0.403	0.404	0.370
780	0.394	0.403	0.404	0.370
790	0.393	0.402	0.404	0.371
eigenvalues:  tensor([23.4772, 22.8051])
hess item is 0.045674700289964676
800	0.393	0.400	0.404	0.373
810	0.393	0.403	0.403	0.372
820	0.393	0.403	0.403	0.375
830	0.393	0.403	0.403	0.373
840	0.393	0.403	0.403	0.373
eigenvalues:  tensor([22.6324, 22.0343])
hess item is 0.04349705949425697
850	0.393	0.401	0.403	0.373
860	0.393	0.403	0.403	0.373
870	0.392	0.407	0.403	0.374
880	0.393	0.405	0.403	0.375
890	0.393	0.406	0.403	0.376
eigenvalues:  tensor([21.9258, 21.2591])
hess item is 0.041424460709095
900	0.393	0.405	0.403	0.375
910	0.393	0.405	0.403	0.374
920	0.392	0.405	0.403	0.375
930	0.392	0.405	0.403	0.374
940	0.392	0.404	0.403	0.373
eigenvalues:  tensor([21.2720, 20.6390])
hess item is 0.039451714605093
950	0.392	0.405	0.403	0.374
960	0.392	0.407	0.402	0.377
970	0.392	0.407	0.402	0.379
980	0.391	0.409	0.402	0.378
990	0.391	0.410	0.402	0.377
eigenvalues:  tensor([20.5928, 20.0229])
hess item is 0.03757460042834282
1000	0.392	0.408	0.402	0.377
1010	0.391	0.409	0.402	0.375
1020	0.392	0.409	0.402	0.376
1030	0.392	0.407	0.402	0.376
1040	0.391	0.409	0.402	0.380
eigenvalues:  tensor([20.1277, 19.4484])
hess item is 0.035787805914878845
1050	0.391	0.405	0.402	0.378
1060	0.391	0.407	0.402	0.379
1070	0.391	0.407	0.402	0.378
1080	0.392	0.404	0.402	0.376
1090	0.391	0.405	0.402	0.377
eigenvalues:  tensor([19.5889, 18.8877])
hess item is 0.03408827632665634
1100	0.391	0.408	0.402	0.376
1110	0.391	0.408	0.402	0.379
1120	0.391	0.407	0.402	0.378
1130	0.391	0.407	0.402	0.379
1140	0.391	0.409	0.402	0.378
eigenvalues:  tensor([19.1638, 18.4571])
hess item is 0.03247074782848358
1150	0.391	0.408	0.402	0.377
1160	0.391	0.408	0.402	0.380
1170	0.391	0.408	0.402	0.379
1180	0.391	0.406	0.402	0.377
1190	0.391	0.409	0.402	0.379
eigenvalues:  tensor([18.7315, 17.9912])
hess item is 0.030931206420063972
1200	0.391	0.410	0.402	0.378
1210	0.391	0.408	0.402	0.377
1220	0.391	0.408	0.402	0.379
1230	0.391	0.412	0.402	0.381
1240	0.391	0.415	0.402	0.382
eigenvalues:  tensor([18.2533, 17.4588])
hess item is 0.02946612611413002
1250	0.390	0.413	0.401	0.382
1260	0.391	0.412	0.402	0.382
1270	0.391	0.411	0.402	0.379
1280	0.390	0.413	0.401	0.380
1290	0.391	0.408	0.402	0.379
eigenvalues:  tensor([17.8783, 17.0704])
hess item is 0.02807232178747654
1300	0.391	0.409	0.402	0.378
1310	0.391	0.407	0.402	0.377
1320	0.391	0.407	0.402	0.379
1330	0.391	0.406	0.402	0.377
1340	0.390	0.412	0.402	0.379
eigenvalues:  tensor([17.4303, 16.6027])
hess item is 0.02674614079296589
1350	0.391	0.410	0.402	0.379
1360	0.391	0.411	0.402	0.380
1370	0.391	0.410	0.402	0.380
1380	0.391	0.411	0.402	0.381
1390	0.391	0.408	0.402	0.378
eigenvalues:  tensor([17.0147, 16.1032])
hess item is 0.02548408694565296
1400	0.391	0.409	0.402	0.379
1410	0.391	0.410	0.402	0.379
1420	0.392	0.407	0.403	0.379
1430	0.391	0.410	0.402	0.381
1440	0.391	0.410	0.402	0.382
eigenvalues:  tensor([16.5580, 15.6765])
hess item is 0.024283336475491524
1450	0.391	0.408	0.402	0.381
1460	0.392	0.407	0.403	0.379
1470	0.392	0.406	0.403	0.379
1480	0.392	0.406	0.403	0.380
1490	0.392	0.407	0.403	0.379
eigenvalues:  tensor([16.2008, 15.2903])
hess item is 0.023140836507081985
1500	0.391	0.410	0.402	0.380
1510	0.391	0.408	0.402	0.382
1520	0.391	0.409	0.402	0.383
1530	0.392	0.408	0.403	0.381
1540	0.391	0.410	0.402	0.382
eigenvalues:  tensor([15.9239, 15.0061])
hess item is 0.022054165601730347
1550	0.391	0.409	0.402	0.381
1560	0.391	0.410	0.402	0.382
1570	0.391	0.408	0.403	0.381
1580	0.392	0.408	0.403	0.380
1590	0.392	0.408	0.403	0.380
eigenvalues:  tensor([15.6935, 14.8154])
hess item is 0.021019868552684784
1600	0.392	0.408	0.403	0.379
1610	0.391	0.407	0.403	0.381
1620	0.391	0.410	0.402	0.383
1630	0.391	0.410	0.403	0.381
1640	0.392	0.408	0.403	0.382
eigenvalues:  tensor([15.3419, 14.4869])
hess item is 0.0200363602489233
1650	0.392	0.408	0.403	0.382
1660	0.392	0.408	0.403	0.382
1670	0.392	0.407	0.403	0.381
1680	0.392	0.408	0.403	0.380
1690	0.392	0.408	0.403	0.382
eigenvalues:  tensor([15.1144, 14.2438])
hess item is 0.019100390374660492
1700	0.392	0.409	0.403	0.381
1710	0.391	0.408	0.403	0.382
1720	0.391	0.412	0.403	0.383
1730	0.392	0.412	0.403	0.384
1740	0.392	0.411	0.403	0.384
eigenvalues:  tensor([14.8757, 14.0095])
hess item is 0.018209999427199364
1750	0.393	0.410	0.404	0.380
1760	0.392	0.411	0.403	0.380
1770	0.392	0.413	0.403	0.381
1780	0.393	0.411	0.404	0.381
1790	0.392	0.412	0.403	0.381
eigenvalues:  tensor([14.5319, 13.7060])
hess item is 0.017362656071782112
1800	0.393	0.409	0.404	0.379
1810	0.393	0.410	0.404	0.382
1820	0.393	0.412	0.404	0.382
1830	0.393	0.410	0.404	0.381
1840	0.394	0.407	0.405	0.379
eigenvalues:  tensor([14.2915, 13.5020])
hess item is 0.016556788235902786
1850	0.393	0.409	0.404	0.379
1860	0.392	0.412	0.403	0.381
1870	0.392	0.413	0.403	0.379
1880	0.392	0.410	0.404	0.382
1890	0.392	0.410	0.404	0.381
eigenvalues:  tensor([14.1743, 13.3429])
hess item is 0.01579025201499462
1900	0.393	0.407	0.404	0.379
1910	0.393	0.408	0.404	0.381
1920	0.394	0.407	0.405	0.380
1930	0.393	0.406	0.405	0.382
1940	0.394	0.408	0.405	0.380
eigenvalues:  tensor([13.9020, 13.0735])
hess item is 0.015061825513839722
1950	0.393	0.408	0.405	0.380
1960	0.394	0.409	0.405	0.379
1970	0.394	0.410	0.405	0.381
1980	0.394	0.410	0.405	0.383
1990	0.394	0.409	0.405	0.380
eigenvalues:  tensor([13.7827, 13.0642])
hess item is 0.014368406496942043
2000	0.394	0.409	0.406	0.379
2010	0.394	0.410	0.406	0.378
2020	0.394	0.411	0.405	0.381
2030	0.394	0.409	0.406	0.381
2040	0.394	0.410	0.406	0.381
eigenvalues:  tensor([13.7281, 13.0456])
hess item is 0.013709006831049919
2050	0.395	0.408	0.406	0.378
2060	0.395	0.405	0.406	0.378
2070	0.395	0.407	0.406	0.379
2080	0.395	0.408	0.406	0.382
2090	0.395	0.407	0.406	0.380
eigenvalues:  tensor([13.6071, 12.9082])
hess item is 0.01308162696659565
2100	0.395	0.406	0.406	0.381
2110	0.395	0.408	0.406	0.380
2120	0.394	0.408	0.406	0.380
2130	0.395	0.407	0.406	0.380
2140	0.395	0.406	0.406	0.383
eigenvalues:  tensor([13.4208, 12.6977])
hess item is 0.012484930455684662
2150	0.395	0.409	0.407	0.381
2160	0.396	0.406	0.407	0.379
2170	0.396	0.406	0.407	0.380
2180	0.396	0.408	0.407	0.380
2190	0.395	0.410	0.406	0.382
eigenvalues:  tensor([13.2499, 12.5823])
hess item is 0.011917714960873127
2200	0.395	0.410	0.406	0.380
2210	0.396	0.408	0.407	0.381
2220	0.396	0.406	0.407	0.380
2230	0.396	0.407	0.407	0.381
2240	0.395	0.409	0.407	0.382
eigenvalues:  tensor([13.0710, 12.4727])
hess item is 0.011377904564142227
2250	0.396	0.407	0.407	0.382
2260	0.396	0.408	0.407	0.383
2270	0.397	0.406	0.408	0.382
2280	0.396	0.406	0.408	0.382
2290	0.397	0.406	0.408	0.382
eigenvalues:  tensor([13.2159, 12.5897])
hess item is 0.01086458284407854
2300	0.397	0.407	0.408	0.380
2310	0.397	0.409	0.409	0.381
2320	0.397	0.407	0.408	0.382
2330	0.398	0.405	0.409	0.381
2340	0.397	0.405	0.409	0.381
eigenvalues:  tensor([13.1396, 12.5887])
hess item is 0.010376923717558384
2350	0.397	0.406	0.409	0.382
2360	0.398	0.407	0.409	0.382
2370	0.398	0.407	0.410	0.381
2380	0.398	0.408	0.409	0.382
2390	0.398	0.405	0.410	0.381
eigenvalues:  tensor([13.1553, 12.6383])
hess item is 0.009913061745464802
2400	0.398	0.404	0.410	0.380
2410	0.399	0.404	0.410	0.380
2420	0.398	0.404	0.409	0.382
2430	0.399	0.404	0.410	0.380
2440	0.399	0.405	0.411	0.380
eigenvalues:  tensor([13.0977, 12.5679])
hess item is 0.009472068399190903
2450	0.399	0.404	0.410	0.379
2460	0.399	0.405	0.410	0.379
2470	0.398	0.405	0.410	0.379
2480	0.399	0.404	0.411	0.379
2490	0.400	0.403	0.411	0.381
eigenvalues:  tensor([13.1294, 12.6374])
hess item is 0.009052382782101631
2500	0.399	0.407	0.410	0.380
2510	0.399	0.405	0.411	0.378
2520	0.399	0.404	0.411	0.378
2530	0.400	0.404	0.411	0.379
2540	0.400	0.403	0.412	0.380
eigenvalues:  tensor([13.1253, 12.6486])
hess item is 0.008654071018099785
2550	0.400	0.405	0.412	0.377
2560	0.400	0.406	0.412	0.380
2570	0.400	0.405	0.412	0.380
2580	0.400	0.407	0.412	0.376
2590	0.401	0.403	0.413	0.374
eigenvalues:  tensor([13.5517, 13.0187])
hess item is 0.008275039494037628
2600	0.402	0.401	0.413	0.374
2610	0.401	0.403	0.413	0.375
2620	0.402	0.403	0.413	0.374
2630	0.402	0.403	0.413	0.376
2640	0.402	0.405	0.413	0.374
eigenvalues:  tensor([13.3960, 12.9685])
hess item is 0.007914715446531773
2650	0.401	0.405	0.413	0.376
2660	0.401	0.405	0.413	0.378
2670	0.401	0.406	0.413	0.376
2680	0.402	0.407	0.414	0.376
2690	0.402	0.406	0.413	0.376
eigenvalues:  tensor([13.4615, 13.0323])
hess item is 0.007572344038635492
2700	0.401	0.405	0.413	0.376
2710	0.402	0.405	0.414	0.377
2720	0.402	0.406	0.414	0.379
2730	0.401	0.407	0.412	0.379
2740	0.401	0.407	0.413	0.379
eigenvalues:  tensor([13.6685, 13.2526])
hess item is 0.007246836554259062
2750	0.402	0.407	0.414	0.377
2760	0.402	0.408	0.414	0.379
2770	0.403	0.404	0.415	0.373
2780	0.404	0.404	0.416	0.375
2790	0.404	0.403	0.416	0.377
eigenvalues:  tensor([14.4150, 13.9431])
hess item is 0.006937141064554453
2800	0.404	0.405	0.416	0.379
2810	0.404	0.404	0.416	0.380
2820	0.403	0.405	0.415	0.380
2830	0.404	0.405	0.415	0.380
2840	0.403	0.405	0.415	0.380
eigenvalues:  tensor([14.7243, 14.2321])
hess item is 0.0066428654827177525
2850	0.403	0.406	0.415	0.380
2860	0.403	0.405	0.415	0.378
2870	0.403	0.405	0.415	0.379
2880	0.404	0.405	0.416	0.379
2890	0.405	0.405	0.417	0.380
eigenvalues:  tensor([14.9677, 14.4673])
hess item is 0.00636358093470335
2900	0.405	0.405	0.417	0.380
2910	0.406	0.403	0.418	0.377
2920	0.405	0.404	0.417	0.380
2930	0.406	0.401	0.418	0.376
2940	0.406	0.403	0.418	0.379
eigenvalues:  tensor([15.3257, 14.8753])
hess item is 0.006098425481468439
2950	0.406	0.402	0.418	0.377
2960	0.405	0.402	0.418	0.377
2970	0.406	0.402	0.418	0.375
2980	0.406	0.404	0.418	0.376
2990	0.406	0.401	0.418	0.377
eigenvalues:  tensor([15.0559, 14.6463])
hess item is 0.005846485495567322
3000	0.405	0.405	0.417	0.378
3010	0.406	0.404	0.418	0.377
3020	0.406	0.405	0.418	0.377
3030	0.405	0.404	0.418	0.377
3040	0.406	0.405	0.418	0.378
eigenvalues:  tensor([15.3799, 14.9448])
hess item is 0.005606611259281635
3050	0.406	0.403	0.418	0.375
3060	0.407	0.404	0.419	0.375
3070	0.407	0.403	0.419	0.375
3080	0.406	0.404	0.418	0.377
3090	0.406	0.401	0.418	0.377
eigenvalues:  tensor([15.8169, 15.3971])
hess item is 0.005378703121095896
3100	0.406	0.403	0.419	0.374
3110	0.406	0.403	0.418	0.374
3120	0.406	0.404	0.418	0.377
3130	0.405	0.403	0.418	0.376
3140	0.406	0.405	0.419	0.378
eigenvalues:  tensor([16.3331, 15.9355])
hess item is 0.0051624528132379055
3150	0.407	0.403	0.419	0.377
3160	0.407	0.401	0.420	0.375
3170	0.408	0.401	0.421	0.374
3180	0.409	0.402	0.421	0.373
3190	0.408	0.402	0.420	0.375
eigenvalues:  tensor([16.8257, 16.4447])
hess item is 0.004957175347954035
3200	0.408	0.403	0.420	0.376
3210	0.408	0.401	0.420	0.374
3220	0.407	0.403	0.420	0.375
3230	0.408	0.400	0.421	0.375
3240	0.409	0.400	0.421	0.377
eigenvalues:  tensor([17.4210, 17.0441])
hess item is 0.004763149190694094
3250	0.409	0.399	0.422	0.375
3260	0.409	0.400	0.421	0.376
3270	0.408	0.401	0.420	0.377
3280	0.409	0.399	0.421	0.372
3290	0.409	0.400	0.422	0.373
eigenvalues:  tensor([18.0167, 17.6675])
hess item is 0.0045790341682732105
3300	0.410	0.398	0.422	0.374
3310	0.410	0.397	0.423	0.375
3320	0.410	0.397	0.423	0.375
3330	0.409	0.400	0.421	0.375
3340	0.410	0.397	0.423	0.373
eigenvalues:  tensor([18.5638, 18.2484])
hess item is 0.004404407925903797
3350	0.410	0.398	0.423	0.375
3360	0.410	0.397	0.423	0.374
3370	0.412	0.397	0.424	0.373
3380	0.412	0.395	0.425	0.372
3390	0.412	0.397	0.424	0.373
eigenvalues:  tensor([19.0382, 18.7100])
hess item is 0.004238893743604422
3400	0.412	0.396	0.425	0.371
3410	0.413	0.393	0.426	0.370
3420	0.412	0.394	0.425	0.371
3430	0.412	0.396	0.425	0.372
3440	0.412	0.396	0.425	0.372
eigenvalues:  tensor([19.4056, 19.0777])
hess item is 0.0040816362015903
3450	0.410	0.398	0.423	0.373
3460	0.410	0.398	0.423	0.372
3470	0.411	0.398	0.423	0.373
3480	0.411	0.398	0.423	0.372
3490	0.410	0.398	0.423	0.375
eigenvalues:  tensor([20.2029, 19.9766])
hess item is 0.0039331912994384766
3500	0.413	0.395	0.425	0.372
3510	0.413	0.394	0.426	0.371
3520	0.412	0.394	0.425	0.371
3530	0.412	0.393	0.425	0.371
3540	0.412	0.395	0.425	0.371
eigenvalues:  tensor([21.1742, 20.9303])
hess item is 0.0037922756746411324
3550	0.411	0.394	0.424	0.371
3560	0.411	0.395	0.424	0.373
3570	0.412	0.394	0.425	0.372
3580	0.413	0.392	0.426	0.370
3590	0.413	0.390	0.426	0.368
eigenvalues:  tensor([22.2759, 22.0690])
hess item is 0.003658610861748457
3600	0.413	0.390	0.426	0.368
3610	0.414	0.391	0.427	0.368
3620	0.412	0.392	0.425	0.369
3630	0.411	0.394	0.424	0.372
3640	0.412	0.392	0.425	0.370
eigenvalues:  tensor([22.6973, 22.5115])
hess item is 0.003533492097631097
3650	0.413	0.392	0.425	0.371
3660	0.413	0.391	0.426	0.369
3670	0.413	0.391	0.426	0.370
3680	0.413	0.390	0.426	0.371
3690	0.413	0.389	0.426	0.370
eigenvalues:  tensor([24.0532, 23.8779])
hess item is 0.0034129172563552856
3700	0.414	0.388	0.427	0.368
3710	0.414	0.388	0.427	0.369
3720	0.414	0.387	0.427	0.368
3730	0.414	0.388	0.427	0.368
3740	0.414	0.389	0.427	0.368
eigenvalues:  tensor([24.7974, 24.6294])
hess item is 0.0032997068483382463
3750	0.414	0.388	0.427	0.370
3760	0.415	0.387	0.428	0.370
3770	0.416	0.386	0.429	0.367
3780	0.415	0.386	0.428	0.370
3790	0.415	0.385	0.428	0.368
eigenvalues:  tensor([25.7505, 25.5937])
hess item is 0.003192446893081069
3800	0.414	0.387	0.427	0.369
3810	0.416	0.388	0.429	0.368
3820	0.417	0.386	0.430	0.367
3830	0.417	0.385	0.430	0.367
3840	0.419	0.383	0.431	0.365
eigenvalues:  tensor([26.8031, 26.6352])
hess item is 0.0030911837238818407
3850	0.418	0.382	0.431	0.365
3860	0.419	0.382	0.432	0.363
3870	0.418	0.383	0.431	0.363
3880	0.417	0.382	0.430	0.365
3890	0.417	0.382	0.430	0.365
eigenvalues:  tensor([27.6018, 27.4327])
hess item is 0.002995674265548587
3900	0.416	0.382	0.429	0.365
3910	0.417	0.383	0.430	0.365
3920	0.418	0.382	0.430	0.365
3930	0.418	0.381	0.431	0.365
3940	0.417	0.382	0.430	0.365
eigenvalues:  tensor([28.3622, 28.2114])
hess item is 0.002905313391238451
3950	0.417	0.382	0.430	0.365
3960	0.417	0.382	0.430	0.364
3970	0.417	0.382	0.430	0.365
3980	0.417	0.383	0.430	0.365
3990	0.417	0.383	0.430	0.366
eigenvalues:  tensor([29.2197, 29.0525])
hess item is 0.0028206894639879465
4000	0.418	0.381	0.431	0.364
4010	0.419	0.379	0.432	0.363
4020	0.419	0.378	0.432	0.363
4030	0.420	0.379	0.433	0.362
4040	0.418	0.380	0.431	0.364
eigenvalues:  tensor([30.4317, 30.2471])
hess item is 0.0027395726647228003
4050	0.418	0.380	0.431	0.366
4060	0.420	0.380	0.433	0.364
4070	0.418	0.380	0.431	0.364
4080	0.420	0.379	0.433	0.363
4090	0.422	0.375	0.435	0.361
eigenvalues:  tensor([32.3808, 32.1854])
hess item is 0.002664069877937436
4100	0.422	0.376	0.435	0.362
4110	0.420	0.377	0.433	0.362
4120	0.418	0.379	0.431	0.363
4130	0.419	0.375	0.432	0.361
4140	0.420	0.376	0.433	0.360
eigenvalues:  tensor([33.4782, 33.2771])
hess item is 0.002593495650216937
4150	0.420	0.376	0.433	0.360
4160	0.420	0.375	0.433	0.361
4170	0.419	0.378	0.432	0.361
4180	0.419	0.375	0.432	0.363
4190	0.419	0.378	0.432	0.363
eigenvalues:  tensor([34.2993, 34.1025])
hess item is 0.0025271952617913485
4200	0.419	0.375	0.432	0.363
4210	0.420	0.378	0.433	0.361
4220	0.420	0.378	0.433	0.360
4230	0.419	0.378	0.431	0.361
4240	0.419	0.377	0.432	0.361
eigenvalues:  tensor([35.9012, 35.7056])
hess item is 0.0024649170227348804
4250	0.420	0.376	0.433	0.358
4260	0.420	0.377	0.433	0.359
4270	0.420	0.375	0.433	0.360
4280	0.419	0.376	0.432	0.359
4290	0.420	0.375	0.433	0.359
eigenvalues:  tensor([37.2045, 37.0154])
hess item is 0.0024065212346613407
4300	0.420	0.375	0.433	0.359
4310	0.420	0.375	0.432	0.360
4320	0.420	0.374	0.433	0.359
4330	0.420	0.374	0.433	0.357
4340	0.420	0.373	0.433	0.357
eigenvalues:  tensor([38.5206, 38.3217])
hess item is 0.0023531068582087755
4350	0.420	0.374	0.433	0.356
4360	0.420	0.373	0.433	0.357
4370	0.421	0.372	0.434	0.357
4380	0.420	0.373	0.433	0.357
4390	0.421	0.371	0.434	0.355
eigenvalues:  tensor([39.9496, 39.7657])
hess item is 0.0023023688700050116
4400	0.422	0.370	0.435	0.355
4410	0.422	0.369	0.435	0.355
4420	0.422	0.370	0.434	0.357
4430	0.422	0.371	0.434	0.357
4440	0.420	0.371	0.432	0.357
eigenvalues:  tensor([41.4505, 41.2672])
hess item is 0.0022555189207196236
4450	0.419	0.370	0.432	0.357
4460	0.421	0.371	0.433	0.357
4470	0.421	0.370	0.433	0.358
4480	0.421	0.371	0.433	0.357
4490	0.420	0.371	0.432	0.357
eigenvalues:  tensor([43.0818, 42.8984])
hess item is 0.002211916260421276
4500	0.421	0.370	0.434	0.355
4510	0.421	0.370	0.433	0.355
4520	0.421	0.370	0.434	0.356
4530	0.421	0.371	0.433	0.356
4540	0.421	0.370	0.434	0.355
eigenvalues:  tensor([44.2702, 44.0898])
hess item is 0.0021726442500948906
4550	0.421	0.369	0.434	0.356
4560	0.422	0.368	0.434	0.354
4570	0.423	0.367	0.435	0.354
4580	0.423	0.368	0.435	0.354
4590	0.423	0.367	0.436	0.353
eigenvalues:  tensor([45.5687, 45.4037])
hess item is 0.0021361506078392267
4600	0.424	0.365	0.436	0.352
4610	0.423	0.365	0.436	0.352
4620	0.423	0.364	0.436	0.350
4630	0.423	0.365	0.435	0.351
4640	0.423	0.365	0.436	0.349
eigenvalues:  tensor([46.7420, 46.5690])
hess item is 0.002101363381370902
4650	0.422	0.366	0.435	0.351
4660	0.421	0.369	0.433	0.354
4670	0.422	0.366	0.434	0.351
4680	0.421	0.367	0.434	0.352
4690	0.422	0.367	0.434	0.351
eigenvalues:  tensor([48.1358, 47.9645])
hess item is 0.0020686970092356205
4700	0.423	0.364	0.435	0.351
4710	0.424	0.362	0.436	0.348
4720	0.424	0.364	0.437	0.348
4730	0.423	0.364	0.435	0.348
4740	0.423	0.363	0.436	0.348
eigenvalues:  tensor([49.5339, 49.3660])
hess item is 0.002040076069533825
4750	0.423	0.364	0.436	0.347
4760	0.427	0.360	0.439	0.344
4770	0.426	0.361	0.438	0.347
4780	0.424	0.362	0.436	0.348
4790	0.424	0.361	0.436	0.347
eigenvalues:  tensor([51.3303, 51.1575])
hess item is 0.0020123738795518875
4800	0.424	0.363	0.436	0.348
4810	0.424	0.361	0.436	0.347
4820	0.424	0.361	0.436	0.347
4830	0.426	0.360	0.438	0.345
4840	0.426	0.361	0.438	0.347
eigenvalues:  tensor([52.7243, 52.5654])
hess item is 0.0019869371317327023
4850	0.426	0.361	0.438	0.347
4860	0.425	0.362	0.437	0.347
4870	0.425	0.362	0.437	0.346
4880	0.426	0.359	0.438	0.344
4890	0.427	0.358	0.439	0.342
eigenvalues:  tensor([53.9246, 53.7856])
hess item is 0.0019656771328300238
4900	0.427	0.360	0.439	0.344
4910	0.427	0.359	0.439	0.344
4920	0.427	0.360	0.439	0.344
4930	0.426	0.359	0.438	0.345
4940	0.427	0.358	0.439	0.343
eigenvalues:  tensor([55.5927, 55.4620])
hess item is 0.0019449068931862712
4950	0.428	0.356	0.439	0.342
4960	0.428	0.357	0.440	0.343
4970	0.428	0.357	0.440	0.341
4980	0.428	0.358	0.439	0.343
4990	0.427	0.357	0.439	0.343
eigenvalues:  tensor([56.9571, 56.8160])
hess item is 0.0019273825455456972
5000	0.427	0.358	0.439	0.343
5010	0.426	0.357	0.438	0.343
5020	0.426	0.358	0.438	0.343
5030	0.426	0.357	0.438	0.342
5040	0.427	0.355	0.438	0.341
eigenvalues:  tensor([58.3508, 58.2251])
hess item is 0.0019109941786155105
5050	0.426	0.357	0.438	0.342
5060	0.425	0.357	0.437	0.342
5070	0.427	0.356	0.439	0.339
5080	0.428	0.355	0.439	0.340
5090	0.427	0.356	0.439	0.340
eigenvalues:  tensor([59.6124, 59.4875])
hess item is 0.001897133537568152
5100	0.427	0.357	0.438	0.342
5110	0.426	0.356	0.438	0.341
5120	0.427	0.356	0.439	0.340
5130	0.427	0.357	0.439	0.340
5140	0.427	0.357	0.438	0.342
eigenvalues:  tensor([61.1815, 61.0679])
hess item is 0.0018854958470910788
5150	0.427	0.356	0.439	0.341
5160	0.428	0.355	0.439	0.340
5170	0.427	0.356	0.438	0.340
5180	0.427	0.357	0.439	0.341
5190	0.428	0.356	0.439	0.339
eigenvalues:  tensor([62.6118, 62.5055])
hess item is 0.001876272028312087
5200	0.428	0.354	0.440	0.338
5210	0.427	0.356	0.438	0.339
5220	0.427	0.355	0.439	0.338
5230	0.427	0.355	0.439	0.336
5240	0.428	0.354	0.439	0.336
eigenvalues:  tensor([63.8168, 63.7159])
hess item is 0.0018672238802537322
5250	0.428	0.354	0.440	0.336
5260	0.428	0.355	0.439	0.338
5270	0.427	0.355	0.439	0.338
5280	0.428	0.353	0.440	0.336
5290	0.428	0.354	0.440	0.336
eigenvalues:  tensor([64.7970, 64.6968])
hess item is 0.0018598893657326698
5300	0.428	0.353	0.440	0.335
5310	0.428	0.354	0.439	0.336
5320	0.429	0.352	0.440	0.335
5330	0.428	0.354	0.440	0.337
5340	0.428	0.353	0.440	0.336
eigenvalues:  tensor([66.3781, 66.2822])
hess item is 0.0018537789583206177
5350	0.430	0.352	0.441	0.336
5360	0.428	0.354	0.439	0.336
5370	0.429	0.351	0.441	0.333
5380	0.430	0.351	0.441	0.333
5390	0.429	0.351	0.440	0.331
eigenvalues:  tensor([67.2425, 67.1596])
hess item is 0.0018494847463443875
5400	0.430	0.350	0.441	0.332
5410	0.429	0.352	0.440	0.333
5420	0.429	0.352	0.440	0.334
5430	0.429	0.350	0.441	0.333
5440	0.429	0.351	0.441	0.333
eigenvalues:  tensor([68.1684, 68.0883])
hess item is 0.001844277954660356
5450	0.429	0.351	0.440	0.332
5460	0.430	0.351	0.441	0.331
5470	0.430	0.350	0.441	0.329
5480	0.430	0.350	0.441	0.331
5490	0.430	0.351	0.441	0.333
eigenvalues:  tensor([69.4425, 69.3676])
hess item is 0.001841714489273727
5500	0.430	0.349	0.441	0.333
5510	0.431	0.348	0.442	0.331
5520	0.430	0.349	0.441	0.332
5530	0.430	0.350	0.441	0.330
5540	0.430	0.350	0.441	0.331
eigenvalues:  tensor([70.4989, 70.4300])
hess item is 0.001841702964156866
5550	0.430	0.351	0.442	0.329
5560	0.430	0.350	0.441	0.330
5570	0.430	0.350	0.442	0.330
5580	0.429	0.351	0.440	0.332
5590	0.430	0.350	0.441	0.332
eigenvalues:  tensor([71.1997, 71.1313])
hess item is 0.0018421962158754468
5600	0.429	0.350	0.441	0.334
5610	0.429	0.350	0.441	0.333
5620	0.429	0.350	0.440	0.333
5630	0.431	0.349	0.442	0.332
5640	0.431	0.350	0.442	0.332
eigenvalues:  tensor([71.9235, 71.8645])
hess item is 0.0018448828486725688
5650	0.429	0.350	0.441	0.331
5660	0.429	0.350	0.441	0.332
5670	0.428	0.351	0.440	0.332
5680	0.429	0.350	0.440	0.332
5690	0.428	0.350	0.439	0.332
eigenvalues:  tensor([72.8252, 72.7681])
hess item is 0.001846663886681199
5700	0.429	0.348	0.441	0.329
5710	0.430	0.349	0.441	0.329
5720	0.430	0.347	0.441	0.330
5730	0.431	0.347	0.442	0.329
5740	0.431	0.348	0.442	0.328
eigenvalues:  tensor([73.5974, 73.5443])
hess item is 0.0018491300288587809
5750	0.430	0.349	0.441	0.330
5760	0.430	0.347	0.441	0.331
5770	0.430	0.347	0.442	0.330
5780	0.431	0.347	0.442	0.329
5790	0.430	0.348	0.441	0.329
eigenvalues:  tensor([74.2528, 74.2047])
hess item is 0.001853303168900311
5800	0.431	0.347	0.442	0.330
5810	0.431	0.348	0.442	0.328
5820	0.431	0.347	0.443	0.329
5830	0.431	0.347	0.442	0.327
5840	0.431	0.346	0.442	0.327
eigenvalues:  tensor([75.0334, 74.9874])
hess item is 0.0018573201959952712
5850	0.431	0.345	0.443	0.327
5860	0.431	0.346	0.442	0.327
5870	0.431	0.345	0.442	0.327
5880	0.431	0.346	0.442	0.328
5890	0.431	0.345	0.442	0.327
eigenvalues:  tensor([75.9683, 75.9222])
hess item is 0.00186227320227772
5900	0.432	0.344	0.443	0.326
5910	0.431	0.345	0.442	0.327
5920	0.432	0.342	0.443	0.324
5930	0.432	0.343	0.443	0.326
5940	0.432	0.342	0.443	0.324
eigenvalues:  tensor([76.9585, 76.9138])
hess item is 0.0018701106309890747
5950	0.432	0.344	0.443	0.326
5960	0.431	0.345	0.442	0.326
5970	0.432	0.344	0.443	0.326
5980	0.431	0.344	0.442	0.326
5990	0.432	0.343	0.443	0.324
eigenvalues:  tensor([77.5237, 77.4822])
hess item is 0.0018771756440401077
6000	0.432	0.343	0.443	0.324
6010	0.431	0.345	0.442	0.326
6020	0.431	0.345	0.442	0.327
6030	0.431	0.345	0.442	0.325
6040	0.431	0.345	0.442	0.325
eigenvalues:  tensor([77.6992, 77.6592])
hess item is 0.0018864526646211743
6050	0.431	0.344	0.442	0.325
6060	0.431	0.344	0.442	0.327
6070	0.431	0.344	0.442	0.326
6080	0.432	0.343	0.443	0.326
6090	0.433	0.341	0.444	0.324
eigenvalues:  tensor([78.4809, 78.4413])
hess item is 0.0018951453967019916
6100	0.433	0.341	0.444	0.322
6110	0.432	0.341	0.443	0.324
6120	0.432	0.341	0.443	0.323
6130	0.433	0.341	0.443	0.323
6140	0.432	0.341	0.443	0.324
eigenvalues:  tensor([78.9927, 78.9562])
hess item is 0.0019037798047065735
6150	0.432	0.341	0.443	0.324
6160	0.432	0.341	0.443	0.325
6170	0.432	0.341	0.443	0.324
6180	0.433	0.341	0.444	0.324
6190	0.433	0.340	0.443	0.324
eigenvalues:  tensor([79.4350, 79.3992])
hess item is 0.001912824111059308
6200	0.432	0.340	0.443	0.323
6210	0.432	0.341	0.443	0.324
6220	0.432	0.342	0.442	0.326
6230	0.432	0.343	0.443	0.325
6240	0.431	0.344	0.442	0.325
eigenvalues:  tensor([79.4097, 79.3769])
hess item is 0.001922755385749042
6250	0.432	0.343	0.442	0.325
6260	0.432	0.342	0.443	0.324
6270	0.431	0.343	0.442	0.325
6280	0.432	0.342	0.443	0.325
6290	0.431	0.343	0.442	0.327
eigenvalues:  tensor([79.4985, 79.4674])
hess item is 0.0019322822336107492
6300	0.431	0.344	0.442	0.326
6310	0.431	0.343	0.442	0.325
6320	0.432	0.342	0.442	0.324
6330	0.432	0.341	0.442	0.325
6340	0.432	0.341	0.443	0.323
eigenvalues:  tensor([80.1023, 80.0711])
hess item is 0.0019428329542279243
6350	0.432	0.341	0.443	0.324
6360	0.432	0.342	0.443	0.325
6370	0.433	0.341	0.444	0.323
6380	0.433	0.341	0.444	0.323
6390	0.433	0.340	0.444	0.322
eigenvalues:  tensor([80.6696, 80.6394])
hess item is 0.0019530926365405321
6400	0.433	0.341	0.444	0.323
6410	0.433	0.340	0.444	0.323
6420	0.433	0.340	0.444	0.323
6430	0.433	0.341	0.443	0.324
6440	0.432	0.343	0.443	0.325
eigenvalues:  tensor([80.6049, 80.5758])
hess item is 0.0019632563926279545
6450	0.432	0.343	0.443	0.326
6460	0.432	0.341	0.443	0.325
6470	0.433	0.341	0.443	0.324
6480	0.433	0.342	0.444	0.324
6490	0.433	0.340	0.444	0.325
eigenvalues:  tensor([80.8167, 80.7890])
hess item is 0.0019750604405999184
6500	0.433	0.340	0.444	0.324
6510	0.434	0.340	0.444	0.323
6520	0.433	0.340	0.444	0.324
6530	0.434	0.339	0.444	0.323
6540	0.433	0.341	0.444	0.323
eigenvalues:  tensor([80.8295, 80.8028])
hess item is 0.0019856358412653208
6550	0.433	0.341	0.444	0.324
6560	0.433	0.341	0.443	0.323
6570	0.433	0.339	0.444	0.324
6580	0.434	0.338	0.445	0.322
6590	0.433	0.340	0.444	0.325
eigenvalues:  tensor([80.7742, 80.7475])
hess item is 0.0019977320916950703
6600	0.433	0.341	0.443	0.324
6610	0.432	0.341	0.443	0.324
6620	0.433	0.340	0.444	0.323
6630	0.433	0.340	0.444	0.323
6640	0.433	0.341	0.443	0.323
eigenvalues:  tensor([81.0143, 80.9883])
hess item is 0.002009450923651457
6650	0.433	0.341	0.444	0.323
6660	0.433	0.341	0.444	0.324
6670	0.434	0.341	0.445	0.323
6680	0.434	0.342	0.444	0.323
6690	0.434	0.342	0.445	0.322
eigenvalues:  tensor([80.9306, 80.9054])
hess item is 0.0020219769794493914
6700	0.434	0.342	0.444	0.322
6710	0.434	0.342	0.445	0.323
6720	0.434	0.341	0.445	0.323
6730	0.435	0.341	0.445	0.322
6740	0.434	0.341	0.445	0.322
eigenvalues:  tensor([81.4300, 81.4059])
hess item is 0.002036043908447027
6750	0.435	0.340	0.445	0.322
6760	0.434	0.342	0.445	0.322
6770	0.434	0.341	0.444	0.322
6780	0.434	0.340	0.445	0.322
6790	0.434	0.340	0.445	0.322
eigenvalues:  tensor([81.5742, 81.5514])
hess item is 0.0020472020842134953
6800	0.434	0.340	0.445	0.322
6810	0.434	0.342	0.444	0.322
6820	0.434	0.342	0.444	0.321
6830	0.434	0.342	0.444	0.321
6840	0.434	0.341	0.445	0.322
eigenvalues:  tensor([81.5238, 81.5022])
hess item is 0.0020599709823727608
6850	0.434	0.341	0.444	0.324
6860	0.433	0.342	0.444	0.324
6870	0.433	0.342	0.443	0.323
6880	0.433	0.342	0.444	0.324
6890	0.434	0.341	0.444	0.324
eigenvalues:  tensor([81.5256, 81.5045])
hess item is 0.002072533592581749
6900	0.434	0.342	0.444	0.323
6910	0.434	0.342	0.444	0.323
6920	0.433	0.341	0.444	0.323
6930	0.434	0.342	0.445	0.322
6940	0.434	0.340	0.444	0.323
eigenvalues:  tensor([81.7436, 81.7235])
hess item is 0.002086233114823699
6950	0.435	0.339	0.445	0.321
6960	0.434	0.339	0.445	0.322
6970	0.435	0.339	0.445	0.322
6980	0.435	0.340	0.445	0.323
6990	0.434	0.341	0.445	0.323
eigenvalues:  tensor([81.2539, 81.2342])
hess item is 0.0020990315824747086
7000	0.434	0.340	0.444	0.323
7010	0.433	0.342	0.444	0.322
7020	0.433	0.342	0.444	0.322
7030	0.434	0.341	0.444	0.321
7040	0.434	0.340	0.445	0.322
eigenvalues:  tensor([81.4681, 81.4495])
hess item is 0.0021126680076122284
7050	0.434	0.341	0.445	0.322
7060	0.434	0.340	0.445	0.322
7070	0.434	0.340	0.445	0.322
7080	0.435	0.340	0.445	0.322
7090	0.435	0.339	0.445	0.322
eigenvalues:  tensor([81.5217, 81.5036])
hess item is 0.002126481616869569
7100	0.435	0.339	0.445	0.322
7110	0.434	0.340	0.445	0.322
7120	0.434	0.340	0.445	0.322
7130	0.435	0.341	0.445	0.322
7140	0.434	0.340	0.445	0.323
eigenvalues:  tensor([81.2726, 81.2554])
hess item is 0.0021406409796327353
7150	0.435	0.340	0.445	0.323
7160	0.434	0.340	0.445	0.323
7170	0.434	0.340	0.445	0.323
7180	0.434	0.340	0.445	0.323
7190	0.434	0.340	0.444	0.324
eigenvalues:  tensor([80.7885, 80.7713])
hess item is 0.0021532673854380846
7200	0.433	0.340	0.444	0.325
7210	0.434	0.340	0.445	0.324
7220	0.434	0.341	0.444	0.325
7230	0.434	0.340	0.444	0.325
7240	0.434	0.340	0.444	0.324
eigenvalues:  tensor([81.0805, 81.0643])
hess item is 0.002165267476812005
7250	0.434	0.340	0.445	0.324
7260	0.434	0.340	0.444	0.325
7270	0.434	0.340	0.444	0.324
7280	0.434	0.341	0.445	0.324
7290	0.434	0.340	0.445	0.323
eigenvalues:  tensor([81.2371, 81.2211])
hess item is 0.0021785548888146877
7300	0.435	0.340	0.445	0.324
7310	0.434	0.339	0.444	0.324
7320	0.434	0.339	0.444	0.324
7330	0.434	0.340	0.444	0.325
7340	0.434	0.341	0.444	0.324
eigenvalues:  tensor([80.8773, 80.8617])
hess item is 0.0021917601116001606
7350	0.434	0.340	0.444	0.324
7360	0.434	0.341	0.444	0.324
7370	0.434	0.340	0.445	0.324
7380	0.434	0.340	0.444	0.325
7390	0.434	0.340	0.444	0.324
eigenvalues:  tensor([80.3498, 80.3346])
hess item is 0.002204132964834571
7400	0.434	0.341	0.444	0.324
7410	0.434	0.340	0.444	0.324
7420	0.434	0.340	0.444	0.324
7430	0.434	0.340	0.444	0.325
7440	0.434	0.340	0.444	0.325
eigenvalues:  tensor([80.6034, 80.5890])
hess item is 0.0022174951154738665
7450	0.434	0.340	0.444	0.325
7460	0.434	0.340	0.444	0.326
7470	0.434	0.340	0.444	0.324
7480	0.434	0.339	0.444	0.326
7490	0.435	0.339	0.445	0.323
eigenvalues:  tensor([80.5805, 80.5668])
hess item is 0.0022317178081721067
7500	0.435	0.339	0.445	0.324
7510	0.434	0.339	0.444	0.325
7520	0.434	0.340	0.445	0.325
7530	0.435	0.339	0.445	0.325
7540	0.435	0.338	0.445	0.324
eigenvalues:  tensor([80.4125, 80.3997])
hess item is 0.00224405899643898
7550	0.435	0.339	0.445	0.325
7560	0.435	0.339	0.446	0.325
7570	0.435	0.339	0.445	0.325
7580	0.435	0.339	0.445	0.325
7590	0.435	0.340	0.445	0.325
eigenvalues:  tensor([80.1345, 80.1222])
hess item is 0.0022574355825781822
7600	0.435	0.339	0.445	0.325
7610	0.435	0.339	0.445	0.325
7620	0.435	0.340	0.445	0.326
7630	0.435	0.340	0.445	0.324
7640	0.435	0.340	0.445	0.325
eigenvalues:  tensor([80.2266, 80.2144])
hess item is 0.0022701830603182316
7650	0.435	0.340	0.445	0.325
7660	0.435	0.340	0.445	0.325
7670	0.435	0.340	0.445	0.326
7680	0.435	0.340	0.445	0.325
7690	0.435	0.341	0.445	0.325
eigenvalues:  tensor([79.9529, 79.9410])
hess item is 0.0022828381042927504
7700	0.435	0.340	0.445	0.326
7710	0.434	0.340	0.444	0.326
7720	0.435	0.340	0.445	0.326
7730	0.435	0.340	0.445	0.325
7740	0.435	0.341	0.445	0.326
eigenvalues:  tensor([79.9273, 79.9158])
hess item is 0.0022963385563343763
7750	0.435	0.341	0.445	0.325
7760	0.435	0.341	0.445	0.325
7770	0.434	0.341	0.444	0.327
7780	0.434	0.341	0.444	0.327
7790	0.434	0.341	0.444	0.327
eigenvalues:  tensor([79.5539, 79.5429])
hess item is 0.00230730720795691
7800	0.435	0.340	0.445	0.326
7810	0.435	0.342	0.445	0.326
7820	0.435	0.342	0.445	0.327
7830	0.435	0.341	0.445	0.326
7840	0.435	0.340	0.445	0.327
eigenvalues:  tensor([79.2732, 79.2626])
hess item is 0.002321951324120164
7850	0.435	0.340	0.445	0.326
7860	0.435	0.340	0.445	0.326
7870	0.435	0.341	0.445	0.328
7880	0.435	0.341	0.445	0.328
7890	0.435	0.342	0.445	0.327
eigenvalues:  tensor([78.5903, 78.5802])
hess item is 0.0023345421068370342
7900	0.435	0.342	0.445	0.327
7910	0.435	0.341	0.445	0.327
7920	0.435	0.342	0.445	0.326
7930	0.436	0.341	0.446	0.325
7940	0.436	0.342	0.446	0.326
eigenvalues:  tensor([78.5882, 78.5786])
hess item is 0.002347608795389533
7950	0.435	0.343	0.445	0.328
7960	0.435	0.343	0.445	0.327
7970	0.435	0.343	0.445	0.327
7980	0.436	0.342	0.446	0.327
7990	0.436	0.342	0.446	0.326
eigenvalues:  tensor([78.5670, 78.5578])
hess item is 0.0023585748858749866
8000	0.436	0.342	0.446	0.326
8010	0.436	0.341	0.446	0.326
8020	0.436	0.342	0.446	0.327
8030	0.436	0.342	0.446	0.326
8040	0.436	0.342	0.446	0.327
eigenvalues:  tensor([78.1632, 78.1544])
hess item is 0.002370762638747692
8050	0.435	0.342	0.445	0.327
8060	0.435	0.342	0.445	0.327
8070	0.435	0.342	0.445	0.328
8080	0.435	0.342	0.445	0.327
8090	0.435	0.342	0.445	0.327
eigenvalues:  tensor([77.4985, 77.4901])
hess item is 0.0023831375874578953
8100	0.435	0.341	0.445	0.328
8110	0.435	0.342	0.445	0.327
8120	0.435	0.342	0.445	0.327
8130	0.435	0.341	0.445	0.327
8140	0.435	0.342	0.445	0.327
eigenvalues:  tensor([77.6796, 77.6716])
hess item is 0.002393795643001795
8150	0.436	0.342	0.445	0.327
8160	0.435	0.341	0.445	0.327
8170	0.435	0.341	0.445	0.328
8180	0.435	0.342	0.445	0.327
8190	0.435	0.341	0.445	0.327
eigenvalues:  tensor([77.3725, 77.3649])
hess item is 0.0024063896853476763
8200	0.436	0.342	0.445	0.327
8210	0.435	0.341	0.445	0.328
8220	0.435	0.341	0.445	0.328
8230	0.435	0.341	0.445	0.328
8240	0.435	0.342	0.445	0.327
eigenvalues:  tensor([77.1233, 77.1160])
hess item is 0.002417288487777114
8250	0.435	0.341	0.445	0.327
8260	0.435	0.341	0.445	0.328
8270	0.435	0.341	0.445	0.329
8280	0.435	0.341	0.445	0.329
8290	0.435	0.341	0.445	0.329
eigenvalues:  tensor([76.4658, 76.4587])
hess item is 0.0024294573813676834
8300	0.435	0.341	0.445	0.330
8310	0.435	0.341	0.445	0.330
8320	0.435	0.342	0.444	0.330
8330	0.435	0.342	0.445	0.329
8340	0.435	0.342	0.445	0.330
eigenvalues:  tensor([76.3376, 76.3310])
hess item is 0.00244158529676497
8350	0.435	0.342	0.445	0.330
8360	0.435	0.341	0.445	0.330
8370	0.435	0.342	0.445	0.329
8380	0.435	0.341	0.445	0.330
8390	0.435	0.342	0.445	0.329
eigenvalues:  tensor([76.0134, 76.0071])
hess item is 0.002453607739880681
8400	0.435	0.342	0.445	0.329
8410	0.435	0.341	0.445	0.329
8420	0.435	0.343	0.445	0.329
8430	0.435	0.342	0.445	0.328
8440	0.435	0.342	0.445	0.330
eigenvalues:  tensor([75.7837, 75.7776])
hess item is 0.002464207587763667
8450	0.435	0.342	0.445	0.329
8460	0.435	0.342	0.445	0.329
8470	0.435	0.342	0.445	0.329
8480	0.435	0.343	0.444	0.330
8490	0.435	0.342	0.445	0.330
eigenvalues:  tensor([75.1775, 75.1716])
hess item is 0.0024758439976722
8500	0.435	0.342	0.445	0.330
8510	0.435	0.343	0.444	0.330
8520	0.435	0.343	0.444	0.330
8530	0.435	0.342	0.445	0.330
8540	0.435	0.342	0.445	0.329
eigenvalues:  tensor([75.1316, 75.1260])
hess item is 0.002487651538103819
8550	0.435	0.342	0.445	0.330
8560	0.435	0.343	0.445	0.330
8570	0.435	0.342	0.445	0.331
8580	0.435	0.343	0.444	0.330
8590	0.435	0.343	0.444	0.331
eigenvalues:  tensor([74.3443, 74.3389])
hess item is 0.0024991922546178102
8600	0.435	0.342	0.444	0.331
8610	0.435	0.343	0.444	0.330
8620	0.435	0.342	0.444	0.331
8630	0.435	0.341	0.445	0.331
8640	0.435	0.342	0.445	0.331
eigenvalues:  tensor([74.5975, 74.5923])
hess item is 0.002509790239855647
8650	0.435	0.342	0.445	0.331
8660	0.435	0.343	0.445	0.330
8670	0.435	0.342	0.445	0.331
8680	0.435	0.341	0.445	0.330
8690	0.435	0.342	0.445	0.329
eigenvalues:  tensor([74.2345, 74.2296])
hess item is 0.0025207139551639557
8700	0.435	0.342	0.445	0.329
8710	0.435	0.342	0.445	0.330
8720	0.435	0.341	0.445	0.330
8730	0.435	0.341	0.445	0.329
8740	0.435	0.342	0.445	0.329
eigenvalues:  tensor([74.2190, 74.2144])
hess item is 0.002531912876293063
8750	0.435	0.342	0.445	0.329
8760	0.435	0.342	0.445	0.329
8770	0.435	0.342	0.445	0.329
8780	0.435	0.340	0.445	0.328
8790	0.435	0.340	0.445	0.328
eigenvalues:  tensor([74.4323, 74.4280])
hess item is 0.0025414652191102505
8800	0.436	0.340	0.445	0.328
8810	0.436	0.340	0.445	0.328
8820	0.436	0.340	0.445	0.327
8830	0.436	0.340	0.445	0.328
8840	0.436	0.340	0.445	0.329
eigenvalues:  tensor([74.0084, 74.0042])
hess item is 0.0025525796227157116
8850	0.436	0.341	0.445	0.329
8860	0.435	0.341	0.445	0.329
8870	0.435	0.341	0.445	0.330
8880	0.435	0.341	0.445	0.330
8890	0.435	0.341	0.445	0.330
eigenvalues:  tensor([73.7174, 73.7135])
hess item is 0.002563169226050377
8900	0.435	0.341	0.445	0.329
8910	0.435	0.341	0.445	0.329
8920	0.436	0.341	0.445	0.329
8930	0.436	0.341	0.445	0.329
8940	0.435	0.342	0.445	0.328
eigenvalues:  tensor([73.5250, 73.5212])
hess item is 0.0025726717431098223
8950	0.435	0.341	0.445	0.328
8960	0.435	0.341	0.445	0.329
8970	0.435	0.342	0.445	0.328
8980	0.435	0.342	0.445	0.331
8990	0.435	0.342	0.445	0.331
eigenvalues:  tensor([73.1586, 73.1550])
hess item is 0.0025827838107943535
9000	0.435	0.341	0.445	0.331
9010	0.435	0.341	0.445	0.331
9020	0.435	0.342	0.445	0.331
9030	0.435	0.343	0.444	0.331
9040	0.435	0.342	0.445	0.331
eigenvalues:  tensor([73.0728, 73.0694])
hess item is 0.002591224852949381
9050	0.435	0.342	0.445	0.331
9060	0.435	0.341	0.445	0.330
9070	0.435	0.341	0.445	0.331
9080	0.436	0.341	0.445	0.330
9090	0.436	0.341	0.445	0.330
eigenvalues:  tensor([73.3498, 73.3465])
hess item is 0.00259991898201406
9100	0.436	0.341	0.445	0.330
9110	0.436	0.341	0.445	0.330
9120	0.436	0.341	0.445	0.330
9130	0.436	0.341	0.445	0.330
9140	0.436	0.340	0.445	0.330
eigenvalues:  tensor([73.1140, 73.1109])
hess item is 0.0026087621226906776
9150	0.436	0.340	0.445	0.330
9160	0.436	0.341	0.445	0.330
9170	0.436	0.342	0.445	0.331
9180	0.436	0.341	0.445	0.330
9190	0.436	0.340	0.445	0.329
eigenvalues:  tensor([72.8601, 72.8572])
hess item is 0.002617122372612357
9200	0.436	0.341	0.445	0.330
9210	0.436	0.341	0.445	0.331
9220	0.436	0.341	0.446	0.330
9230	0.436	0.341	0.446	0.330
9240	0.436	0.341	0.445	0.330
eigenvalues:  tensor([72.8399, 72.8371])
hess item is 0.002625508466735482
9250	0.436	0.340	0.445	0.330
9260	0.436	0.342	0.445	0.331
9270	0.435	0.341	0.445	0.331
9280	0.435	0.342	0.444	0.332
9290	0.435	0.341	0.445	0.331
eigenvalues:  tensor([72.0458, 72.0431])
hess item is 0.002634222386404872
9300	0.436	0.342	0.445	0.331
9310	0.436	0.342	0.445	0.331
9320	0.436	0.342	0.445	0.331
9330	0.436	0.341	0.445	0.331
9340	0.436	0.341	0.445	0.331
eigenvalues:  tensor([71.9789, 71.9763])
hess item is 0.0026417807675898075
9350	0.436	0.340	0.445	0.331
9360	0.436	0.340	0.445	0.329
9370	0.436	0.340	0.445	0.329
9380	0.436	0.341	0.445	0.330
9390	0.435	0.340	0.444	0.332
eigenvalues:  tensor([71.5236, 71.5212])
hess item is 0.0026521102990955114
9400	0.436	0.341	0.445	0.332
9410	0.436	0.341	0.445	0.331
9420	0.436	0.342	0.445	0.331
9430	0.436	0.341	0.445	0.331
9440	0.436	0.341	0.445	0.331
eigenvalues:  tensor([71.5738, 71.5715])
hess item is 0.0026599308475852013
9450	0.436	0.341	0.445	0.331
9460	0.436	0.341	0.445	0.332
9470	0.436	0.341	0.445	0.332
9480	0.436	0.341	0.444	0.333
9490	0.436	0.340	0.445	0.332
eigenvalues:  tensor([71.5110, 71.5088])
hess item is 0.0026677162386476994
9500	0.436	0.341	0.445	0.332
9510	0.436	0.341	0.445	0.332
9520	0.436	0.341	0.445	0.333
9530	0.436	0.341	0.445	0.332
9540	0.436	0.341	0.444	0.333
eigenvalues:  tensor([71.3488, 71.3468])
hess item is 0.002675064606592059
9550	0.436	0.342	0.445	0.332
9560	0.436	0.342	0.444	0.332
9570	0.436	0.342	0.445	0.333
9580	0.436	0.343	0.444	0.333
9590	0.436	0.343	0.444	0.332
eigenvalues:  tensor([70.9642, 70.9623])
hess item is 0.0026833561714738607
9600	0.436	0.342	0.444	0.333
9610	0.436	0.341	0.444	0.333
9620	0.436	0.341	0.444	0.334
9630	0.436	0.341	0.444	0.334
9640	0.436	0.342	0.444	0.333
eigenvalues:  tensor([71.0380, 71.0363])
hess item is 0.0026902935933321714
9650	0.436	0.343	0.445	0.333
9660	0.436	0.341	0.445	0.332
9670	0.436	0.342	0.445	0.332
9680	0.436	0.341	0.444	0.333
9690	0.436	0.342	0.444	0.332
eigenvalues:  tensor([70.7890, 70.7871])
hess item is 0.0026978966780006886
9700	0.436	0.343	0.444	0.332
9710	0.436	0.341	0.445	0.333
9720	0.436	0.341	0.445	0.333
9730	0.436	0.342	0.445	0.332
9740	0.436	0.342	0.445	0.332
eigenvalues:  tensor([70.7292, 70.7276])
hess item is 0.002704972866922617
9750	0.436	0.344	0.445	0.333
9760	0.436	0.343	0.444	0.333
9770	0.436	0.344	0.445	0.334
9780	0.436	0.342	0.445	0.333
9790	0.436	0.342	0.445	0.332
eigenvalues:  tensor([70.5568, 70.5552])
hess item is 0.0027109987568110228
9800	0.436	0.342	0.445	0.332
9810	0.436	0.342	0.445	0.333
9820	0.436	0.343	0.445	0.333
9830	0.436	0.343	0.445	0.332
9840	0.436	0.343	0.445	0.332
eigenvalues:  tensor([70.4363, 70.4348])
hess item is 0.002718482632189989
9850	0.436	0.343	0.445	0.332
9860	0.436	0.343	0.445	0.331
9870	0.436	0.342	0.445	0.331
9880	0.436	0.342	0.445	0.331
9890	0.436	0.342	0.445	0.331
eigenvalues:  tensor([70.2250, 70.2236])
hess item is 0.0027259429916739464
9900	0.436	0.342	0.445	0.332
9910	0.436	0.342	0.444	0.331
9920	0.436	0.342	0.444	0.332
9930	0.436	0.342	0.444	0.332
9940	0.436	0.342	0.444	0.332
eigenvalues:  tensor([70.1313, 70.1300])
hess item is 0.0027332662139087915
9950	0.436	0.342	0.445	0.333
9960	0.436	0.343	0.445	0.332
9970	0.436	0.343	0.445	0.333
9980	0.436	0.343	0.445	0.331
9990	0.436	0.342	0.445	0.332
