device: cuda:3
output directory: RESULTS/cifar10-10k/fc-tanh/seed_0/mse/ivon/lr_0.0005_h0_0.1_post_1_alpha_100.0_beta2_0.99_beta_0.0_ess_1000000.0_ivon
Files already downloaded and verified
Files already downloaded and verified
optimizer is IVON
0	0.597	0.131	0.597	0.131
10	0.513	0.190	0.514	0.187
20	0.492	0.222	0.494	0.214
30	0.479	0.242	0.482	0.233
40	0.469	0.257	0.473	0.247
eigenvalues:  tensor([73.0639, 60.7150])
hess item is 0.06460529565811157
50	0.461	0.266	0.466	0.253
60	0.454	0.282	0.459	0.268
70	0.448	0.302	0.454	0.279
80	0.444	0.303	0.450	0.280
90	0.441	0.310	0.448	0.286
eigenvalues:  tensor([64.8198, 55.8123])
hess item is 0.043361496180295944
100	0.435	0.318	0.442	0.294
110	0.430	0.326	0.438	0.301
120	0.427	0.330	0.436	0.302
130	0.426	0.336	0.436	0.304
140	0.422	0.357	0.431	0.331
eigenvalues:  tensor([52.6250, 47.0214])
hess item is 0.030985649675130844
150	0.420	0.353	0.430	0.326
160	0.417	0.365	0.428	0.333
170	0.430	0.338	0.441	0.307
180	0.424	0.337	0.435	0.310
190	0.421	0.357	0.434	0.319
eigenvalues:  tensor([39.2519, 37.3315])
hess item is 0.024671034887433052
200	0.415	0.371	0.427	0.333
210	0.416	0.347	0.429	0.315
220	0.404	0.385	0.418	0.354
230	0.412	0.376	0.425	0.341
240	0.411	0.372	0.425	0.329
eigenvalues:  tensor([38.1131, 37.4884])
hess item is 0.020194709300994873
250	0.408	0.362	0.423	0.314
260	0.413	0.360	0.428	0.325
270	0.425	0.364	0.441	0.324
280	0.407	0.365	0.422	0.328
290	0.397	0.396	0.412	0.361
eigenvalues:  tensor([41.7040, 41.3293])
hess item is 0.016227221116423607
300	0.400	0.399	0.416	0.360
310	0.397	0.398	0.414	0.353
320	0.396	0.410	0.413	0.365
330	0.401	0.390	0.418	0.342
340	0.408	0.369	0.426	0.332
eigenvalues:  tensor([46.4373, 45.8539])
hess item is 0.014108213596045971
350	0.399	0.394	0.416	0.352
360	0.398	0.394	0.416	0.352
370	0.395	0.406	0.412	0.365
380	0.392	0.420	0.410	0.369
390	0.396	0.390	0.414	0.340
eigenvalues:  tensor([48.3399, 47.9439])
hess item is 0.011780248954892159
400	0.393	0.413	0.412	0.367
410	0.400	0.387	0.419	0.342
420	0.396	0.400	0.415	0.351
430	0.393	0.399	0.412	0.352
440	0.391	0.411	0.411	0.365
eigenvalues:  tensor([51.1379, 50.0495])
hess item is 0.010197903029620647
450	0.391	0.422	0.411	0.372
460	0.394	0.411	0.414	0.360
470	0.392	0.399	0.412	0.352
480	0.396	0.398	0.416	0.357
490	0.396	0.398	0.416	0.352
eigenvalues:  tensor([54.3670, 52.6773])
hess item is 0.009231570176780224
500	0.395	0.406	0.414	0.361
510	0.393	0.410	0.413	0.364
520	0.390	0.414	0.409	0.358
530	0.393	0.411	0.413	0.359
540	0.402	0.380	0.421	0.337
eigenvalues:  tensor([56.3566, 54.8716])
hess item is 0.008901023305952549
550	0.395	0.399	0.415	0.353
560	0.392	0.404	0.412	0.353
570	0.400	0.390	0.420	0.348
580	0.402	0.386	0.422	0.340
590	0.393	0.404	0.412	0.362
eigenvalues:  tensor([55.9419, 54.2843])
hess item is 0.008206486701965332
600	0.392	0.409	0.412	0.354
610	0.390	0.414	0.410	0.361
620	0.390	0.414	0.410	0.363
630	0.391	0.407	0.411	0.355
640	0.390	0.404	0.410	0.356
eigenvalues:  tensor([56.2940, 54.5242])
hess item is 0.007672094274312258
650	0.393	0.398	0.413	0.353
660	0.392	0.404	0.412	0.351
670	0.397	0.391	0.416	0.348
680	0.392	0.396	0.412	0.354
690	0.392	0.411	0.412	0.363
eigenvalues:  tensor([57.0254, 55.2416])
hess item is 0.007486642338335514
700	0.393	0.394	0.413	0.355
710	0.398	0.388	0.418	0.344
720	0.398	0.398	0.418	0.355
730	0.397	0.392	0.416	0.350
740	0.400	0.381	0.419	0.345
eigenvalues:  tensor([57.7313, 55.4383])
hess item is 0.007196531165391207
750	0.393	0.397	0.412	0.355
760	0.397	0.389	0.416	0.356
770	0.396	0.389	0.415	0.348
780	0.399	0.387	0.418	0.350
790	0.395	0.394	0.414	0.354
eigenvalues:  tensor([55.7010, 53.6095])
hess item is 0.00690170843154192
800	0.393	0.398	0.411	0.357
810	0.396	0.389	0.414	0.352
820	0.394	0.396	0.412	0.354
830	0.400	0.386	0.418	0.343
840	0.401	0.379	0.418	0.343
eigenvalues:  tensor([54.4562, 52.6445])
hess item is 0.0066080037504434586
850	0.394	0.398	0.411	0.355
860	0.394	0.396	0.411	0.356
870	0.398	0.389	0.416	0.348
880	0.393	0.403	0.410	0.358
890	0.401	0.389	0.417	0.353
eigenvalues:  tensor([55.2831, 53.6527])
hess item is 0.006172977853566408
900	0.396	0.392	0.413	0.357
910	0.397	0.386	0.414	0.353
920	0.398	0.387	0.415	0.350
930	0.396	0.398	0.413	0.364
940	0.401	0.388	0.417	0.355
eigenvalues:  tensor([55.8620, 54.0777])
hess item is 0.0059004356153309345
950	0.404	0.387	0.420	0.353
960	0.398	0.391	0.415	0.357
970	0.399	0.389	0.415	0.355
980	0.400	0.386	0.416	0.350
990	0.400	0.388	0.417	0.350
eigenvalues:  tensor([52.4143, 51.2930])
hess item is 0.005787283647805452
1000	0.397	0.385	0.414	0.353
1010	0.406	0.382	0.422	0.348
1020	0.399	0.397	0.416	0.350
1030	0.400	0.393	0.415	0.354
1040	0.399	0.393	0.415	0.360
eigenvalues:  tensor([53.4476, 52.0327])
hess item is 0.005598182789981365
1050	0.398	0.394	0.414	0.358
1060	0.399	0.391	0.414	0.353
1070	0.403	0.382	0.417	0.351
1080	0.403	0.379	0.419	0.340
1090	0.396	0.389	0.412	0.355
eigenvalues:  tensor([52.3016, 50.9202])
hess item is 0.005298259202390909
1100	0.402	0.388	0.417	0.359
1110	0.399	0.388	0.414	0.361
1120	0.399	0.394	0.414	0.360
1130	0.401	0.382	0.417	0.356
1140	0.402	0.380	0.419	0.346
eigenvalues:  tensor([52.8717, 51.1999])
hess item is 0.005118212662637234
1150	0.399	0.384	0.415	0.350
1160	0.402	0.383	0.417	0.348
1170	0.403	0.376	0.418	0.347
1180	0.403	0.376	0.418	0.345
1190	0.400	0.385	0.415	0.353
eigenvalues:  tensor([52.3589, 50.5613])
hess item is 0.005223647225648165
1200	0.399	0.382	0.414	0.357
1210	0.402	0.374	0.416	0.352
1220	0.407	0.368	0.422	0.343
1230	0.403	0.376	0.417	0.348
1240	0.405	0.369	0.419	0.342
eigenvalues:  tensor([52.5107, 50.2505])
hess item is 0.0050834184512495995
1250	0.401	0.384	0.416	0.348
1260	0.409	0.366	0.423	0.337
1270	0.403	0.375	0.416	0.352
1280	0.407	0.362	0.421	0.336
1290	0.399	0.382	0.412	0.358
eigenvalues:  tensor([50.4627, 49.1263])
hess item is 0.00511157838627696
1300	0.400	0.380	0.413	0.353
1310	0.402	0.375	0.415	0.352
1320	0.406	0.371	0.419	0.349
1330	0.403	0.372	0.416	0.342
1340	0.404	0.375	0.417	0.345
eigenvalues:  tensor([48.5349, 47.0143])
hess item is 0.004914651624858379
1350	0.401	0.379	0.415	0.348
1360	0.397	0.386	0.411	0.357
1370	0.398	0.383	0.410	0.354
1380	0.403	0.371	0.415	0.346
1390	0.405	0.371	0.416	0.347
eigenvalues:  tensor([44.7562, 43.7845])
hess item is 0.004838918801397085
1400	0.401	0.368	0.413	0.350
1410	0.402	0.367	0.415	0.345
1420	0.402	0.370	0.415	0.348
1430	0.400	0.372	0.411	0.348
1440	0.398	0.372	0.411	0.346
eigenvalues:  tensor([46.3352, 45.4211])
hess item is 0.004751548636704683
1450	0.401	0.373	0.413	0.341
1460	0.402	0.370	0.414	0.348
1470	0.398	0.376	0.409	0.354
1480	0.404	0.370	0.415	0.351
1490	0.402	0.360	0.414	0.338
eigenvalues:  tensor([44.6921, 44.0050])
hess item is 0.004738742019981146
1500	0.397	0.371	0.408	0.351
1510	0.400	0.370	0.411	0.355
1520	0.399	0.376	0.410	0.354
1530	0.397	0.378	0.408	0.361
1540	0.401	0.370	0.411	0.352
eigenvalues:  tensor([46.0465, 44.9099])
hess item is 0.004874017089605331
1550	0.399	0.377	0.409	0.353
1560	0.400	0.373	0.411	0.350
1570	0.403	0.370	0.413	0.349
1580	0.406	0.371	0.417	0.345
1590	0.399	0.379	0.409	0.358
eigenvalues:  tensor([41.9157, 40.7005])
hess item is 0.004797802306711674
1600	0.399	0.376	0.409	0.355
1610	0.404	0.366	0.412	0.348
1620	0.398	0.368	0.407	0.353
1630	0.398	0.369	0.408	0.344
1640	0.398	0.378	0.406	0.356
eigenvalues:  tensor([38.3608, 37.1733])
hess item is 0.004601428750902414
1650	0.396	0.380	0.405	0.359
1660	0.397	0.377	0.405	0.354
1670	0.397	0.373	0.406	0.351
1680	0.399	0.368	0.409	0.346
1690	0.397	0.371	0.406	0.352
eigenvalues:  tensor([37.1115, 36.3207])
hess item is 0.004678220953792334
1700	0.400	0.364	0.409	0.342
1710	0.399	0.373	0.408	0.353
1720	0.398	0.376	0.408	0.355
1730	0.401	0.370	0.410	0.346
1740	0.396	0.381	0.406	0.355
eigenvalues:  tensor([36.9347, 35.9070])
hess item is 0.0047319866716861725
1750	0.399	0.380	0.408	0.352
1760	0.397	0.378	0.406	0.354
1770	0.397	0.371	0.405	0.357
1780	0.397	0.374	0.406	0.351
1790	0.398	0.364	0.407	0.345
eigenvalues:  tensor([39.2021, 38.2596])
hess item is 0.004654531367123127
1800	0.398	0.372	0.407	0.350
1810	0.399	0.373	0.408	0.347
1820	0.400	0.366	0.410	0.348
1830	0.397	0.380	0.407	0.351
1840	0.396	0.383	0.406	0.356
eigenvalues:  tensor([37.4727, 36.3933])
hess item is 0.004923202563077211
1850	0.396	0.377	0.406	0.355
1860	0.397	0.376	0.406	0.355
1870	0.399	0.373	0.408	0.356
1880	0.398	0.373	0.408	0.349
1890	0.399	0.368	0.408	0.346
eigenvalues:  tensor([38.2296, 36.7191])
hess item is 0.005079321563243866
1900	0.397	0.378	0.407	0.350
1910	0.396	0.381	0.405	0.355
1920	0.398	0.370	0.407	0.349
1930	0.397	0.375	0.407	0.351
1940	0.398	0.377	0.408	0.358
eigenvalues:  tensor([35.0870, 34.1122])
hess item is 0.004925045184791088
1950	0.398	0.377	0.407	0.355
1960	0.397	0.382	0.406	0.360
1970	0.397	0.382	0.407	0.351
1980	0.397	0.368	0.406	0.344
1990	0.398	0.372	0.408	0.346
eigenvalues:  tensor([35.5313, 34.5835])
hess item is 0.004768083803355694
2000	0.396	0.375	0.406	0.355
2010	0.397	0.371	0.406	0.346
2020	0.400	0.369	0.409	0.341
2030	0.397	0.372	0.406	0.352
2040	0.397	0.374	0.406	0.352
eigenvalues:  tensor([34.5838, 33.7799])
hess item is 0.004845106974244118
2050	0.397	0.373	0.406	0.352
2060	0.397	0.376	0.406	0.352
2070	0.399	0.377	0.409	0.351
2080	0.399	0.370	0.408	0.344
2090	0.397	0.374	0.408	0.344
eigenvalues:  tensor([39.5042, 39.0065])
hess item is 0.004929593298584223
2100	0.399	0.363	0.408	0.341
2110	0.398	0.368	0.408	0.342
2120	0.397	0.368	0.408	0.343
2130	0.398	0.369	0.409	0.344
2140	0.397	0.369	0.407	0.346
eigenvalues:  tensor([38.9716, 38.1091])
hess item is 0.00498767476528883
2150	0.397	0.365	0.406	0.343
2160	0.398	0.362	0.407	0.345
2170	0.397	0.378	0.406	0.355
2180	0.397	0.377	0.406	0.350
2190	0.398	0.374	0.407	0.351
eigenvalues:  tensor([36.9907, 35.5745])
hess item is 0.004911297932267189
2200	0.397	0.381	0.405	0.349
2210	0.397	0.376	0.406	0.346
2220	0.396	0.380	0.406	0.353
2230	0.397	0.373	0.407	0.349
2240	0.399	0.367	0.409	0.344
eigenvalues:  tensor([35.2671, 34.2689])
hess item is 0.004938001278787851
2250	0.398	0.371	0.408	0.343
2260	0.401	0.361	0.410	0.338
2270	0.397	0.370	0.406	0.350
2280	0.398	0.373	0.408	0.345
2290	0.400	0.370	0.411	0.342
eigenvalues:  tensor([37.6513, 37.1479])
hess item is 0.005096408538520336
2300	0.396	0.379	0.406	0.352
2310	0.396	0.380	0.406	0.346
2320	0.397	0.379	0.407	0.352
2330	0.395	0.381	0.405	0.349
2340	0.395	0.381	0.405	0.359
eigenvalues:  tensor([37.0637, 36.1541])
hess item is 0.00525188073515892
2350	0.396	0.378	0.406	0.353
2360	0.397	0.370	0.407	0.347
2370	0.396	0.373	0.406	0.357
2380	0.394	0.377	0.404	0.350
2390	0.395	0.378	0.405	0.350
eigenvalues:  tensor([37.4059, 36.2769])
hess item is 0.005407311022281647
2400	0.395	0.374	0.405	0.344
2410	0.398	0.369	0.408	0.344
2420	0.397	0.376	0.407	0.347
2430	0.397	0.378	0.408	0.347
2440	0.394	0.383	0.404	0.350
eigenvalues:  tensor([38.0652, 37.2816])
hess item is 0.005298093426972628
2450	0.395	0.385	0.405	0.353
2460	0.395	0.380	0.406	0.352
2470	0.396	0.380	0.405	0.356
2480	0.395	0.380	0.405	0.349
2490	0.395	0.382	0.405	0.354
eigenvalues:  tensor([37.2012, 36.6258])
hess item is 0.005175917875021696
2500	0.395	0.381	0.406	0.351
2510	0.397	0.377	0.409	0.346
2520	0.398	0.367	0.409	0.339
2530	0.394	0.388	0.404	0.354
2540	0.394	0.380	0.404	0.344
eigenvalues:  tensor([38.6434, 38.0735])
hess item is 0.005069075617939234
2550	0.398	0.370	0.408	0.346
2560	0.397	0.380	0.406	0.353
2570	0.396	0.371	0.406	0.347
2580	0.395	0.377	0.406	0.349
2590	0.393	0.384	0.403	0.359
eigenvalues:  tensor([39.0154, 38.3472])
hess item is 0.005360749550163746
2600	0.394	0.387	0.404	0.357
2610	0.393	0.381	0.403	0.355
2620	0.392	0.387	0.403	0.352
2630	0.393	0.382	0.403	0.360
2640	0.394	0.378	0.405	0.352
eigenvalues:  tensor([36.4796, 36.1430])
hess item is 0.00528336176648736
2650	0.393	0.384	0.404	0.358
2660	0.394	0.384	0.404	0.351
2670	0.394	0.382	0.405	0.357
2680	0.393	0.382	0.404	0.356
2690	0.393	0.375	0.404	0.358
eigenvalues:  tensor([35.1939, 35.0983])
hess item is 0.005026062019169331
2700	0.392	0.387	0.404	0.363
2710	0.393	0.386	0.404	0.353
2720	0.392	0.390	0.404	0.357
2730	0.392	0.382	0.404	0.355
2740	0.393	0.383	0.405	0.357
eigenvalues:  tensor([35.7884, 35.6647])
hess item is 0.004913781303912401
2750	0.391	0.388	0.403	0.358
2760	0.392	0.394	0.404	0.358
2770	0.392	0.383	0.403	0.357
2780	0.393	0.384	0.404	0.356
2790	0.392	0.380	0.404	0.348
eigenvalues:  tensor([38.7183, 38.1722])
hess item is 0.0048925005830824375
2800	0.392	0.389	0.404	0.359
2810	0.394	0.375	0.407	0.347
2820	0.395	0.384	0.407	0.353
2830	0.392	0.393	0.403	0.354
2840	0.391	0.396	0.404	0.359
eigenvalues:  tensor([35.6118, 34.9954])
hess item is 0.004948224872350693
2850	0.393	0.388	0.404	0.357
2860	0.391	0.392	0.403	0.353
2870	0.391	0.394	0.403	0.357
2880	0.392	0.394	0.404	0.360
2890	0.391	0.398	0.403	0.355
eigenvalues:  tensor([34.1387, 33.7936])
hess item is 0.004952750634402037
2900	0.392	0.391	0.404	0.353
2910	0.391	0.393	0.404	0.360
2920	0.391	0.393	0.404	0.359
2930	0.392	0.396	0.405	0.354
2940	0.394	0.381	0.405	0.357
eigenvalues:  tensor([35.8352, 35.1351])
hess item is 0.0051583778113126755
2950	0.391	0.388	0.404	0.352
2960	0.393	0.382	0.405	0.351
2970	0.391	0.389	0.404	0.352
2980	0.390	0.389	0.404	0.353
2990	0.389	0.391	0.403	0.353
eigenvalues:  tensor([36.4642, 35.4255])
hess item is 0.005133041180670261
3000	0.392	0.388	0.405	0.356
3010	0.390	0.396	0.402	0.364
3020	0.390	0.393	0.402	0.362
3030	0.392	0.387	0.406	0.353
3040	0.389	0.397	0.404	0.358
eigenvalues:  tensor([36.8000, 35.9617])
hess item is 0.0051471334882080555
3050	0.390	0.390	0.404	0.357
3060	0.389	0.389	0.403	0.354
3070	0.390	0.386	0.404	0.358
3080	0.389	0.391	0.403	0.356
3090	0.388	0.389	0.402	0.357
eigenvalues:  tensor([36.6957, 35.8327])
hess item is 0.005178647115826607
3100	0.391	0.393	0.404	0.352
3110	0.388	0.396	0.402	0.359
3120	0.388	0.393	0.402	0.352
3130	0.390	0.387	0.404	0.353
3140	0.389	0.386	0.403	0.358
eigenvalues:  tensor([35.9863, 35.2589])
hess item is 0.005081514827907085
3150	0.390	0.386	0.403	0.356
3160	0.388	0.391	0.401	0.361
3170	0.388	0.395	0.401	0.361
3180	0.388	0.393	0.402	0.361
3190	0.388	0.391	0.401	0.363
eigenvalues:  tensor([36.7816, 36.0079])
hess item is 0.004879589658230543
3200	0.390	0.384	0.404	0.361
3210	0.389	0.396	0.403	0.361
3220	0.390	0.389	0.405	0.354
3230	0.388	0.397	0.401	0.359
3240	0.388	0.392	0.402	0.354
eigenvalues:  tensor([38.1539, 37.3103])
hess item is 0.0052095274440944195
3250	0.388	0.394	0.401	0.361
3260	0.389	0.391	0.402	0.359
3270	0.388	0.391	0.403	0.352
3280	0.387	0.394	0.401	0.357
3290	0.389	0.389	0.404	0.357
eigenvalues:  tensor([36.8516, 36.1040])
hess item is 0.005290418863296509
3300	0.387	0.398	0.402	0.359
3310	0.387	0.395	0.401	0.357
3320	0.388	0.392	0.402	0.357
3330	0.386	0.402	0.401	0.360
3340	0.386	0.399	0.400	0.353
eigenvalues:  tensor([37.4104, 36.6786])
hess item is 0.005153656471520662
3350	0.387	0.398	0.401	0.357
3360	0.387	0.400	0.402	0.361
3370	0.388	0.391	0.402	0.350
3380	0.387	0.395	0.402	0.354
3390	0.386	0.398	0.401	0.356
eigenvalues:  tensor([36.3441, 35.6312])
hess item is 0.005026017315685749
3400	0.387	0.401	0.402	0.354
3410	0.388	0.395	0.403	0.354
3420	0.387	0.403	0.402	0.354
3430	0.387	0.398	0.402	0.355
3440	0.388	0.398	0.403	0.352
eigenvalues:  tensor([36.9402, 36.3067])
hess item is 0.005163389723747969
3450	0.390	0.387	0.405	0.344
3460	0.386	0.401	0.401	0.360
3470	0.386	0.403	0.400	0.359
3480	0.387	0.396	0.402	0.360
3490	0.387	0.401	0.402	0.356
eigenvalues:  tensor([35.0454, 34.3599])
hess item is 0.005142618902027607
3500	0.389	0.391	0.405	0.349
3510	0.386	0.401	0.402	0.360
3520	0.386	0.402	0.402	0.360
3530	0.387	0.406	0.403	0.360
3540	0.385	0.400	0.401	0.364
eigenvalues:  tensor([36.7092, 36.0366])
hess item is 0.0052908300422132015
3550	0.386	0.400	0.402	0.357
3560	0.385	0.403	0.401	0.358
3570	0.385	0.406	0.402	0.357
3580	0.385	0.398	0.401	0.358
3590	0.384	0.399	0.401	0.360
eigenvalues:  tensor([36.0621, 35.4531])
hess item is 0.005181033164262772
3600	0.386	0.399	0.402	0.358
3610	0.386	0.397	0.402	0.359
3620	0.387	0.397	0.402	0.354
3630	0.387	0.401	0.402	0.357
3640	0.385	0.398	0.401	0.353
eigenvalues:  tensor([35.8064, 35.0858])
hess item is 0.004978495184332132
3650	0.385	0.402	0.401	0.361
3660	0.385	0.398	0.401	0.363
3670	0.385	0.407	0.401	0.366
3680	0.384	0.402	0.401	0.358
3690	0.384	0.404	0.400	0.362
eigenvalues:  tensor([37.2302, 36.3845])
hess item is 0.005188411101698875
3700	0.384	0.401	0.400	0.358
3710	0.385	0.398	0.402	0.354
3720	0.383	0.413	0.401	0.358
3730	0.385	0.398	0.403	0.350
3740	0.385	0.398	0.402	0.353
eigenvalues:  tensor([38.1495, 37.1375])
hess item is 0.005296335089951754
3750	0.385	0.409	0.403	0.358
3760	0.384	0.410	0.401	0.358
3770	0.383	0.403	0.401	0.362
3780	0.385	0.401	0.402	0.359
3790	0.382	0.405	0.400	0.364
eigenvalues:  tensor([36.6363, 35.7018])
hess item is 0.005048756487667561
3800	0.383	0.400	0.401	0.366
3810	0.384	0.403	0.401	0.361
3820	0.383	0.405	0.400	0.363
3830	0.382	0.410	0.400	0.364
3840	0.383	0.412	0.400	0.366
eigenvalues:  tensor([38.6229, 37.6524])
hess item is 0.005140359979122877
3850	0.384	0.408	0.401	0.365
3860	0.384	0.407	0.401	0.361
3870	0.383	0.406	0.401	0.362
3880	0.383	0.411	0.401	0.364
3890	0.382	0.414	0.400	0.362
eigenvalues:  tensor([38.1985, 37.3298])
hess item is 0.005196020007133484
3900	0.384	0.410	0.401	0.365
3910	0.383	0.404	0.401	0.361
3920	0.382	0.407	0.400	0.362
3930	0.383	0.402	0.400	0.361
3940	0.382	0.411	0.400	0.362
eigenvalues:  tensor([38.9847, 38.0048])
hess item is 0.005348821636289358
3950	0.382	0.405	0.400	0.358
3960	0.381	0.407	0.399	0.362
3970	0.382	0.409	0.400	0.364
3980	0.382	0.407	0.401	0.360
3990	0.381	0.404	0.400	0.356
eigenvalues:  tensor([41.0424, 40.0017])
hess item is 0.00526132108643651
4000	0.382	0.410	0.400	0.361
4010	0.381	0.410	0.399	0.359
4020	0.381	0.412	0.399	0.363
4030	0.382	0.405	0.401	0.354
4040	0.382	0.411	0.400	0.360
eigenvalues:  tensor([40.5844, 39.8309])
hess item is 0.005266222171485424
4050	0.381	0.414	0.399	0.362
4060	0.381	0.412	0.399	0.358
4070	0.381	0.418	0.399	0.363
4080	0.379	0.417	0.398	0.368
4090	0.380	0.413	0.399	0.361
eigenvalues:  tensor([36.7608, 36.0624])
hess item is 0.005175211001187563
4100	0.380	0.418	0.398	0.363
4110	0.382	0.412	0.399	0.369
4120	0.380	0.411	0.398	0.367
4130	0.380	0.413	0.398	0.363
4140	0.378	0.416	0.397	0.370
eigenvalues:  tensor([36.0472, 35.2485])
hess item is 0.00499290507286787
4150	0.378	0.418	0.398	0.366
4160	0.379	0.419	0.399	0.372
4170	0.379	0.419	0.399	0.365
4180	0.379	0.419	0.399	0.364
4190	0.379	0.418	0.398	0.367
eigenvalues:  tensor([36.0556, 35.1321])
hess item is 0.004959968850016594
4200	0.378	0.415	0.397	0.368
4210	0.378	0.422	0.398	0.369
4220	0.378	0.416	0.398	0.367
4230	0.378	0.416	0.398	0.365
4240	0.379	0.418	0.398	0.365
eigenvalues:  tensor([35.6838, 34.8488])
hess item is 0.004847325384616852
4250	0.378	0.422	0.398	0.363
4260	0.378	0.415	0.398	0.363
4270	0.379	0.418	0.399	0.367
4280	0.377	0.414	0.397	0.366
4290	0.378	0.419	0.397	0.361
eigenvalues:  tensor([35.4330, 34.7010])
hess item is 0.004788652528077364
4300	0.377	0.420	0.398	0.362
4310	0.378	0.419	0.399	0.365
4320	0.378	0.411	0.398	0.359
4330	0.379	0.415	0.399	0.359
4340	0.377	0.417	0.397	0.364
eigenvalues:  tensor([36.3333, 35.5504])
hess item is 0.004684492014348507
4350	0.378	0.422	0.398	0.364
4360	0.378	0.419	0.397	0.366
4370	0.378	0.421	0.398	0.369
4380	0.379	0.415	0.398	0.361
4390	0.378	0.421	0.398	0.366
eigenvalues:  tensor([36.0770, 35.3382])
hess item is 0.004732999950647354
4400	0.377	0.423	0.397	0.368
4410	0.377	0.414	0.398	0.370
4420	0.379	0.410	0.398	0.365
4430	0.379	0.416	0.399	0.366
4440	0.379	0.419	0.398	0.369
eigenvalues:  tensor([34.8128, 34.3392])
hess item is 0.004783111158758402
4450	0.377	0.415	0.397	0.368
4460	0.377	0.418	0.397	0.369
4470	0.376	0.418	0.397	0.371
4480	0.377	0.416	0.397	0.367
4490	0.376	0.424	0.396	0.374
eigenvalues:  tensor([34.6533, 34.0581])
hess item is 0.004780673887580633
4500	0.377	0.422	0.396	0.368
4510	0.377	0.424	0.397	0.368
4520	0.377	0.420	0.396	0.372
4530	0.377	0.421	0.397	0.368
4540	0.377	0.418	0.397	0.374
eigenvalues:  tensor([35.5396, 34.8817])
hess item is 0.004945986904203892
4550	0.377	0.426	0.398	0.372
4560	0.377	0.424	0.397	0.371
4570	0.377	0.424	0.397	0.372
4580	0.376	0.427	0.396	0.370
4590	0.377	0.426	0.397	0.373
eigenvalues:  tensor([34.5493, 34.3143])
hess item is 0.005038799252361059
4600	0.377	0.423	0.397	0.372
4610	0.377	0.425	0.396	0.370
4620	0.379	0.422	0.398	0.366
4630	0.378	0.419	0.397	0.368
4640	0.377	0.425	0.396	0.371
eigenvalues:  tensor([35.3010, 34.9458])
hess item is 0.004917549435049295
4650	0.379	0.418	0.398	0.363
4660	0.377	0.426	0.396	0.373
4670	0.377	0.423	0.396	0.370
4680	0.378	0.417	0.397	0.368
4690	0.378	0.414	0.397	0.373
eigenvalues:  tensor([36.4864, 36.2198])
hess item is 0.004920942708849907
4700	0.377	0.417	0.396	0.375
4710	0.378	0.416	0.398	0.368
4720	0.376	0.429	0.396	0.375
4730	0.377	0.420	0.397	0.372
4740	0.378	0.418	0.397	0.367
eigenvalues:  tensor([37.4885, 37.2255])
hess item is 0.004897731821984053
4750	0.376	0.423	0.396	0.368
4760	0.376	0.423	0.397	0.365
4770	0.375	0.424	0.396	0.369
4780	0.375	0.421	0.396	0.370
4790	0.375	0.424	0.395	0.371
eigenvalues:  tensor([36.9566, 36.8119])
hess item is 0.004998134449124336
4800	0.376	0.427	0.395	0.374
4810	0.375	0.429	0.395	0.375
4820	0.374	0.426	0.394	0.369
4830	0.374	0.426	0.396	0.368
4840	0.374	0.431	0.395	0.374
eigenvalues:  tensor([36.8613, 36.6002])
hess item is 0.004978318698704243
4850	0.374	0.432	0.395	0.371
4860	0.374	0.430	0.395	0.372
4870	0.374	0.430	0.395	0.371
4880	0.373	0.434	0.394	0.379
4890	0.372	0.435	0.394	0.375
eigenvalues:  tensor([36.3092, 36.1808])
hess item is 0.005068401340395212
4900	0.374	0.430	0.396	0.372
4910	0.373	0.432	0.395	0.375
4920	0.373	0.435	0.395	0.373
4930	0.373	0.432	0.395	0.374
4940	0.373	0.435	0.395	0.373
eigenvalues:  tensor([36.1944, 35.9821])
hess item is 0.005005752667784691
4950	0.373	0.437	0.395	0.374
4960	0.373	0.435	0.396	0.373
4970	0.374	0.427	0.396	0.373
4980	0.374	0.431	0.397	0.371
4990	0.373	0.433	0.395	0.372
eigenvalues:  tensor([36.1116, 35.8248])
hess item is 0.004913447890430689
5000	0.374	0.430	0.396	0.373
5010	0.373	0.430	0.395	0.370
5020	0.373	0.427	0.395	0.372
5030	0.373	0.432	0.396	0.369
5040	0.372	0.431	0.395	0.371
eigenvalues:  tensor([37.3607, 37.0597])
hess item is 0.0049524568021297455
5050	0.373	0.432	0.395	0.373
5060	0.374	0.431	0.395	0.375
5070	0.374	0.423	0.396	0.368
5080	0.372	0.433	0.395	0.376
5090	0.373	0.430	0.396	0.373
eigenvalues:  tensor([37.7608, 37.5424])
hess item is 0.005146788898855448
5100	0.372	0.437	0.394	0.375
5110	0.371	0.437	0.394	0.373
5120	0.371	0.439	0.394	0.382
5130	0.371	0.433	0.393	0.381
5140	0.371	0.432	0.394	0.374
eigenvalues:  tensor([37.1668, 36.9565])
hess item is 0.004991577472537756
5150	0.370	0.435	0.393	0.381
5160	0.372	0.432	0.395	0.377
5170	0.370	0.435	0.394	0.379
5180	0.372	0.430	0.395	0.377
5190	0.371	0.438	0.393	0.383
eigenvalues:  tensor([37.3430, 37.1603])
hess item is 0.0048500592820346355
5200	0.372	0.430	0.395	0.376
5210	0.371	0.433	0.395	0.370
5220	0.371	0.434	0.395	0.377
5230	0.372	0.433	0.395	0.373
5240	0.371	0.435	0.394	0.375
eigenvalues:  tensor([39.6768, 39.4356])
hess item is 0.004796587862074375
5250	0.371	0.436	0.394	0.374
5260	0.372	0.431	0.396	0.374
5270	0.371	0.431	0.395	0.378
5280	0.371	0.431	0.395	0.373
5290	0.371	0.428	0.395	0.375
eigenvalues:  tensor([39.6322, 39.2226])
hess item is 0.004846744704991579
5300	0.372	0.431	0.397	0.371
5310	0.371	0.435	0.397	0.372
5320	0.370	0.440	0.395	0.374
5330	0.370	0.431	0.396	0.375
5340	0.370	0.436	0.396	0.374
eigenvalues:  tensor([40.4478, 40.1901])
hess item is 0.005024340469390154
5350	0.369	0.434	0.395	0.374
5360	0.370	0.431	0.396	0.370
5370	0.370	0.439	0.395	0.376
5380	0.370	0.440	0.395	0.374
5390	0.371	0.433	0.396	0.374
eigenvalues:  tensor([41.3111, 40.8850])
hess item is 0.005302897188812494
5400	0.370	0.437	0.395	0.372
5410	0.371	0.437	0.396	0.369
5420	0.371	0.435	0.395	0.372
5430	0.371	0.437	0.395	0.373
5440	0.370	0.435	0.395	0.373
eigenvalues:  tensor([40.7254, 40.2779])
hess item is 0.005239739548414946
5450	0.370	0.438	0.395	0.377
5460	0.371	0.433	0.395	0.373
5470	0.370	0.436	0.395	0.376
5480	0.373	0.429	0.396	0.378
5490	0.371	0.433	0.395	0.374
eigenvalues:  tensor([40.5772, 40.2719])
hess item is 0.005279894452542067
5500	0.372	0.428	0.396	0.371
5510	0.371	0.436	0.396	0.371
5520	0.371	0.430	0.396	0.373
5530	0.371	0.435	0.394	0.371
5540	0.371	0.433	0.395	0.370
eigenvalues:  tensor([41.1503, 40.9242])
hess item is 0.005230688489973545
5550	0.370	0.434	0.395	0.374
5560	0.371	0.433	0.396	0.370
5570	0.373	0.431	0.397	0.375
5580	0.371	0.434	0.395	0.375
5590	0.371	0.438	0.395	0.375
eigenvalues:  tensor([39.9953, 39.8995])
hess item is 0.005380619782954454
5600	0.372	0.435	0.395	0.375
5610	0.370	0.433	0.394	0.371
5620	0.372	0.438	0.396	0.372
5630	0.371	0.438	0.395	0.378
5640	0.371	0.430	0.394	0.375
eigenvalues:  tensor([40.5316, 40.3286])
hess item is 0.00530747976154089
5650	0.371	0.436	0.395	0.373
5660	0.370	0.438	0.394	0.376
5670	0.370	0.437	0.396	0.372
5680	0.371	0.435	0.395	0.373
5690	0.371	0.434	0.396	0.376
eigenvalues:  tensor([40.3054, 40.1999])
hess item is 0.0052765123546123505
5700	0.372	0.438	0.395	0.375
5710	0.370	0.445	0.394	0.378
5720	0.369	0.443	0.394	0.379
5730	0.370	0.441	0.395	0.379
5740	0.370	0.436	0.395	0.374
eigenvalues:  tensor([40.7324, 40.6607])
hess item is 0.005192840006202459
5750	0.370	0.439	0.395	0.375
5760	0.369	0.443	0.393	0.374
5770	0.369	0.440	0.394	0.377
5780	0.369	0.438	0.394	0.377
5790	0.369	0.439	0.394	0.381
eigenvalues:  tensor([40.7225, 40.4533])
hess item is 0.005141268018633127
5800	0.369	0.439	0.394	0.376
5810	0.369	0.441	0.395	0.379
5820	0.369	0.438	0.394	0.375
5830	0.368	0.441	0.394	0.377
5840	0.369	0.445	0.395	0.382
eigenvalues:  tensor([42.0806, 41.7433])
hess item is 0.005459422245621681
5850	0.368	0.442	0.393	0.377
5860	0.368	0.444	0.394	0.378
5870	0.367	0.446	0.394	0.379
5880	0.368	0.445	0.395	0.380
5890	0.367	0.451	0.394	0.381
eigenvalues:  tensor([41.3676, 41.3110])
hess item is 0.0054924823343753815
5900	0.367	0.448	0.393	0.382
5910	0.368	0.445	0.395	0.377
5920	0.367	0.446	0.393	0.382
5930	0.368	0.441	0.394	0.381
5940	0.367	0.440	0.394	0.379
eigenvalues:  tensor([41.4885, 41.3606])
hess item is 0.005260016303509474
5950	0.368	0.441	0.394	0.379
5960	0.368	0.441	0.393	0.378
5970	0.368	0.442	0.393	0.379
5980	0.368	0.444	0.393	0.378
5990	0.368	0.443	0.393	0.377
eigenvalues:  tensor([41.8011, 41.6492])
hess item is 0.005168908275663853
6000	0.369	0.446	0.395	0.376
6010	0.369	0.440	0.395	0.376
6020	0.368	0.445	0.395	0.380
6030	0.368	0.442	0.394	0.378
6040	0.367	0.448	0.394	0.382
eigenvalues:  tensor([41.9434, 41.7603])
hess item is 0.0052607497200369835
6050	0.367	0.447	0.393	0.383
6060	0.369	0.445	0.394	0.382
6070	0.370	0.440	0.395	0.379
6080	0.368	0.439	0.393	0.379
6090	0.368	0.439	0.394	0.377
eigenvalues:  tensor([41.9298, 41.6621])
hess item is 0.005133471451699734
6100	0.368	0.443	0.393	0.378
6110	0.368	0.441	0.394	0.380
6120	0.368	0.440	0.394	0.376
6130	0.368	0.439	0.394	0.373
6140	0.368	0.439	0.395	0.378
eigenvalues:  tensor([43.5992, 43.2934])
hess item is 0.005315555725246668
6150	0.368	0.442	0.394	0.379
6160	0.368	0.447	0.394	0.379
6170	0.368	0.443	0.394	0.378
6180	0.368	0.441	0.395	0.377
6190	0.369	0.440	0.394	0.377
eigenvalues:  tensor([44.6873, 44.3929])
hess item is 0.005346786230802536
6200	0.367	0.443	0.394	0.384
6210	0.367	0.445	0.394	0.381
6220	0.368	0.449	0.395	0.383
6230	0.366	0.444	0.393	0.376
6240	0.367	0.445	0.395	0.377
eigenvalues:  tensor([43.2966, 42.9584])
hess item is 0.005407044198364019
6250	0.367	0.446	0.394	0.377
6260	0.367	0.448	0.395	0.381
6270	0.366	0.451	0.394	0.382
6280	0.366	0.445	0.394	0.380
6290	0.367	0.447	0.395	0.380
eigenvalues:  tensor([42.9647, 42.5719])
hess item is 0.00518231512978673
6300	0.365	0.451	0.394	0.380
6310	0.366	0.445	0.394	0.378
6320	0.366	0.451	0.394	0.382
6330	0.366	0.445	0.394	0.382
6340	0.367	0.448	0.395	0.380
eigenvalues:  tensor([43.9130, 43.5603])
hess item is 0.005393385887145996
6350	0.366	0.449	0.394	0.379
6360	0.366	0.449	0.395	0.373
6370	0.365	0.454	0.393	0.384
6380	0.365	0.452	0.393	0.381
6390	0.365	0.456	0.393	0.380
eigenvalues:  tensor([45.4999, 45.3099])
hess item is 0.005469726864248514
6400	0.365	0.449	0.394	0.384
6410	0.365	0.450	0.393	0.386
6420	0.364	0.455	0.393	0.385
6430	0.365	0.450	0.394	0.380
6440	0.365	0.452	0.393	0.382
eigenvalues:  tensor([44.2098, 44.1197])
hess item is 0.005285341292619705
6450	0.365	0.455	0.394	0.381
6460	0.366	0.443	0.396	0.377
6470	0.364	0.451	0.393	0.380
6480	0.365	0.452	0.394	0.379
6490	0.365	0.447	0.394	0.380
eigenvalues:  tensor([43.4935, 43.2680])
hess item is 0.0051537249237298965
6500	0.364	0.453	0.393	0.381
6510	0.365	0.455	0.394	0.382
6520	0.365	0.451	0.394	0.380
6530	0.364	0.456	0.394	0.380
6540	0.364	0.454	0.394	0.377
eigenvalues:  tensor([44.1378, 43.8360])
hess item is 0.005206074099987745
6550	0.364	0.454	0.394	0.373
6560	0.363	0.457	0.393	0.377
6570	0.365	0.449	0.395	0.375
6580	0.365	0.455	0.395	0.377
6590	0.364	0.453	0.394	0.379
eigenvalues:  tensor([43.9721, 43.8386])
hess item is 0.0051141465082764626
6600	0.364	0.446	0.394	0.373
6610	0.364	0.455	0.395	0.378
6620	0.364	0.451	0.395	0.375
6630	0.363	0.456	0.395	0.378
6640	0.367	0.450	0.398	0.381
eigenvalues:  tensor([42.9765, 42.8336])
hess item is 0.005219290032982826
6650	0.365	0.455	0.396	0.380
6660	0.364	0.455	0.395	0.375
6670	0.365	0.457	0.396	0.381
6680	0.363	0.461	0.395	0.380
6690	0.363	0.452	0.394	0.378
eigenvalues:  tensor([44.7806, 44.6352])
hess item is 0.00538317346945405
6700	0.364	0.457	0.396	0.380
6710	0.363	0.449	0.394	0.380
6720	0.362	0.459	0.394	0.381
6730	0.362	0.458	0.394	0.378
6740	0.362	0.455	0.394	0.379
eigenvalues:  tensor([43.9909, 43.9057])
hess item is 0.005327531602233648
6750	0.362	0.455	0.394	0.380
6760	0.362	0.458	0.393	0.384
6770	0.364	0.457	0.394	0.382
6780	0.362	0.454	0.394	0.381
6790	0.363	0.451	0.394	0.378
eigenvalues:  tensor([44.6683, 44.6282])
hess item is 0.005254192277789116
6800	0.362	0.453	0.393	0.376
6810	0.362	0.453	0.393	0.380
6820	0.362	0.454	0.393	0.377
6830	0.362	0.458	0.394	0.378
6840	0.362	0.457	0.393	0.379
eigenvalues:  tensor([44.8083, 44.7537])
hess item is 0.005274997092783451
6850	0.362	0.457	0.393	0.379
6860	0.361	0.461	0.393	0.379
6870	0.362	0.461	0.393	0.379
6880	0.361	0.454	0.393	0.379
6890	0.362	0.458	0.394	0.379
eigenvalues:  tensor([44.5735, 44.5254])
hess item is 0.00529428431764245
6900	0.361	0.458	0.393	0.381
6910	0.361	0.458	0.393	0.377
6920	0.362	0.459	0.394	0.377
6930	0.362	0.457	0.394	0.379
6940	0.362	0.458	0.393	0.382
eigenvalues:  tensor([46.2126, 46.1008])
hess item is 0.005643338430672884
6950	0.364	0.457	0.395	0.378
6960	0.364	0.452	0.394	0.378
6970	0.364	0.452	0.394	0.383
6980	0.362	0.455	0.393	0.380
6990	0.363	0.453	0.394	0.374
eigenvalues:  tensor([45.8858, 45.8299])
hess item is 0.005548557732254267
7000	0.363	0.448	0.394	0.379
7010	0.362	0.456	0.393	0.376
7020	0.361	0.457	0.393	0.380
7030	0.361	0.457	0.393	0.379
7040	0.362	0.455	0.393	0.381
eigenvalues:  tensor([46.6940, 46.5858])
hess item is 0.005440097767859697
7050	0.362	0.452	0.393	0.381
7060	0.361	0.457	0.392	0.382
7070	0.362	0.455	0.393	0.382
7080	0.361	0.458	0.393	0.379
7090	0.361	0.454	0.392	0.379
eigenvalues:  tensor([46.2211, 46.0723])
hess item is 0.005514928139746189
7100	0.361	0.455	0.394	0.376
7110	0.360	0.461	0.392	0.381
7120	0.360	0.459	0.393	0.379
7130	0.360	0.461	0.392	0.381
7140	0.360	0.464	0.393	0.376
eigenvalues:  tensor([47.0765, 46.9560])
hess item is 0.005504249129444361
7150	0.359	0.461	0.393	0.375
7160	0.360	0.462	0.393	0.376
7170	0.360	0.462	0.394	0.372
7180	0.360	0.467	0.393	0.378
7190	0.361	0.457	0.392	0.375
eigenvalues:  tensor([47.4080, 47.2817])
hess item is 0.00542834959924221
7200	0.361	0.461	0.393	0.382
7210	0.361	0.458	0.392	0.377
7220	0.360	0.456	0.392	0.381
7230	0.362	0.456	0.393	0.379
7240	0.361	0.457	0.394	0.373
eigenvalues:  tensor([47.9031, 47.8005])
hess item is 0.005720855202525854
7250	0.360	0.464	0.392	0.376
7260	0.359	0.459	0.392	0.378
7270	0.359	0.452	0.393	0.375
7280	0.359	0.461	0.392	0.377
7290	0.360	0.461	0.393	0.377
eigenvalues:  tensor([46.4922, 46.3388])
hess item is 0.005900699645280838
7300	0.360	0.466	0.393	0.379
7310	0.360	0.461	0.393	0.379
7320	0.360	0.461	0.394	0.382
7330	0.361	0.460	0.395	0.377
7340	0.359	0.464	0.393	0.376
eigenvalues:  tensor([46.5243, 46.3324])
hess item is 0.005488204769790173
7350	0.360	0.457	0.394	0.374
7360	0.360	0.463	0.395	0.375
7370	0.360	0.463	0.394	0.376
7380	0.359	0.461	0.394	0.380
7390	0.359	0.464	0.393	0.375
eigenvalues:  tensor([46.2505, 46.1050])
hess item is 0.0055254544131457806
7400	0.359	0.463	0.394	0.376
7410	0.359	0.464	0.394	0.384
7420	0.359	0.463	0.393	0.381
7430	0.360	0.462	0.394	0.380
7440	0.360	0.458	0.394	0.380
eigenvalues:  tensor([47.7373, 47.5870])
hess item is 0.005479579791426659
7450	0.359	0.463	0.394	0.381
7460	0.360	0.457	0.394	0.377
7470	0.359	0.463	0.393	0.380
7480	0.358	0.463	0.393	0.380
7490	0.358	0.465	0.393	0.381
eigenvalues:  tensor([47.1857, 47.1690])
hess item is 0.00529001047834754
7500	0.359	0.459	0.392	0.381
7510	0.358	0.468	0.392	0.383
7520	0.358	0.465	0.393	0.379
7530	0.358	0.464	0.393	0.382
7540	0.359	0.465	0.395	0.377
eigenvalues:  tensor([48.4192, 48.3725])
hess item is 0.005338963121175766
7550	0.358	0.465	0.393	0.381
7560	0.357	0.469	0.392	0.381
7570	0.357	0.470	0.392	0.381
7580	0.357	0.470	0.391	0.383
7590	0.357	0.468	0.392	0.382
eigenvalues:  tensor([48.0487, 47.9452])
hess item is 0.005414905957877636
7600	0.357	0.470	0.392	0.381
7610	0.357	0.468	0.392	0.383
7620	0.357	0.463	0.392	0.384
7630	0.357	0.464	0.391	0.381
7640	0.357	0.465	0.391	0.385
eigenvalues:  tensor([48.4764, 48.3797])
hess item is 0.005172018893063068
7650	0.356	0.465	0.391	0.385
7660	0.355	0.471	0.391	0.381
7670	0.357	0.473	0.391	0.382
7680	0.358	0.465	0.391	0.380
7690	0.356	0.470	0.391	0.383
eigenvalues:  tensor([46.8094, 46.6937])
hess item is 0.00539050530642271
7700	0.357	0.464	0.392	0.380
7710	0.357	0.468	0.392	0.380
7720	0.356	0.464	0.392	0.376
7730	0.357	0.469	0.392	0.375
7740	0.357	0.466	0.392	0.376
eigenvalues:  tensor([47.6697, 47.6434])
hess item is 0.00553141301497817
7750	0.357	0.460	0.392	0.380
7760	0.356	0.467	0.392	0.377
7770	0.356	0.473	0.393	0.377
7780	0.356	0.474	0.392	0.379
7790	0.356	0.471	0.392	0.380
eigenvalues:  tensor([47.8799, 47.8606])
hess item is 0.005664801690727472
7800	0.356	0.469	0.392	0.377
7810	0.357	0.465	0.392	0.378
7820	0.357	0.466	0.392	0.376
7830	0.358	0.466	0.392	0.381
7840	0.356	0.466	0.392	0.379
eigenvalues:  tensor([48.5736, 48.4521])
hess item is 0.005738173611462116
7850	0.356	0.470	0.391	0.383
7860	0.356	0.470	0.392	0.380
7870	0.356	0.471	0.393	0.380
7880	0.355	0.471	0.392	0.379
7890	0.356	0.469	0.392	0.379
eigenvalues:  tensor([50.1488, 50.0902])
hess item is 0.005522965919226408
7900	0.356	0.470	0.393	0.376
7910	0.356	0.468	0.393	0.379
7920	0.356	0.466	0.393	0.380
7930	0.356	0.471	0.393	0.377
7940	0.355	0.475	0.393	0.380
eigenvalues:  tensor([50.3517, 50.2451])
hess item is 0.005653994157910347
7950	0.355	0.470	0.392	0.377
7960	0.357	0.476	0.393	0.377
7970	0.357	0.466	0.392	0.379
7980	0.355	0.472	0.392	0.379
7990	0.355	0.474	0.392	0.381
eigenvalues:  tensor([49.8249, 49.7558])
hess item is 0.0056761507876217365
8000	0.354	0.478	0.391	0.376
8010	0.356	0.474	0.393	0.380
8020	0.355	0.472	0.392	0.380
8030	0.356	0.468	0.392	0.380
8040	0.356	0.472	0.394	0.378
eigenvalues:  tensor([49.2759, 49.2382])
hess item is 0.005587657447904348
8050	0.356	0.471	0.394	0.380
8060	0.355	0.469	0.393	0.379
8070	0.354	0.473	0.392	0.382
8080	0.355	0.475	0.392	0.379
8090	0.354	0.473	0.392	0.376
eigenvalues:  tensor([49.2888, 49.2039])
hess item is 0.0054930332116782665
8100	0.355	0.471	0.393	0.377
8110	0.356	0.477	0.394	0.372
8120	0.355	0.480	0.393	0.377
8130	0.355	0.474	0.393	0.380
8140	0.355	0.475	0.392	0.379
eigenvalues:  tensor([51.2317, 51.1356])
hess item is 0.005703316535800695
8150	0.356	0.470	0.393	0.380
8160	0.355	0.474	0.393	0.375
8170	0.355	0.474	0.392	0.376
8180	0.355	0.479	0.392	0.374
8190	0.355	0.471	0.393	0.378
eigenvalues:  tensor([49.9755, 49.8278])
hess item is 0.005564417690038681
8200	0.356	0.468	0.393	0.378
8210	0.355	0.474	0.392	0.381
8220	0.354	0.474	0.392	0.381
8230	0.356	0.470	0.393	0.377
8240	0.355	0.469	0.393	0.379
eigenvalues:  tensor([50.9112, 50.8337])
hess item is 0.005623518023639917
8250	0.355	0.475	0.392	0.377
8260	0.355	0.472	0.392	0.381
8270	0.353	0.475	0.392	0.380
8280	0.355	0.471	0.394	0.378
8290	0.355	0.471	0.393	0.380
eigenvalues:  tensor([52.7525, 52.7162])
hess item is 0.005913597997277975
8300	0.354	0.474	0.392	0.383
8310	0.354	0.474	0.392	0.381
8320	0.354	0.475	0.393	0.383
8330	0.354	0.479	0.393	0.382
8340	0.353	0.480	0.392	0.382
eigenvalues:  tensor([51.9010, 51.8259])
hess item is 0.0060164229944348335
8350	0.354	0.479	0.392	0.381
8360	0.353	0.474	0.392	0.380
8370	0.352	0.479	0.392	0.382
8380	0.354	0.475	0.392	0.383
8390	0.353	0.478	0.393	0.382
eigenvalues:  tensor([50.9619, 50.8887])
hess item is 0.005917233414947987
8400	0.354	0.472	0.393	0.384
8410	0.353	0.480	0.392	0.380
8420	0.352	0.478	0.391	0.384
8430	0.353	0.477	0.392	0.386
8440	0.353	0.478	0.392	0.385
eigenvalues:  tensor([52.6023, 52.5751])
hess item is 0.005838876124471426
8450	0.353	0.478	0.392	0.386
8460	0.353	0.482	0.391	0.387
8470	0.353	0.476	0.392	0.387
8480	0.353	0.478	0.392	0.380
8490	0.352	0.486	0.392	0.382
eigenvalues:  tensor([53.2027, 53.1833])
hess item is 0.005645660683512688
8500	0.353	0.483	0.393	0.379
8510	0.353	0.477	0.393	0.381
8520	0.352	0.484	0.392	0.384
8530	0.354	0.481	0.393	0.377
8540	0.353	0.480	0.393	0.380
eigenvalues:  tensor([53.8230, 53.7932])
hess item is 0.005858284421265125
8550	0.352	0.481	0.392	0.381
8560	0.352	0.481	0.391	0.383
8570	0.353	0.483	0.393	0.382
8580	0.352	0.483	0.393	0.388
8590	0.351	0.490	0.392	0.385
eigenvalues:  tensor([52.9383, 52.7689])
hess item is 0.0057614329271018505
8600	0.352	0.484	0.392	0.385
8610	0.352	0.481	0.392	0.383
8620	0.351	0.485	0.392	0.382
8630	0.352	0.479	0.392	0.387
8640	0.352	0.482	0.392	0.385
eigenvalues:  tensor([53.1162, 52.9714])
hess item is 0.005537118297070265
8650	0.353	0.475	0.393	0.385
8660	0.352	0.479	0.392	0.385
8670	0.352	0.478	0.393	0.383
8680	0.350	0.486	0.392	0.381
8690	0.351	0.486	0.391	0.383
eigenvalues:  tensor([53.0610, 52.9663])
hess item is 0.005354690365493298
8700	0.351	0.483	0.392	0.385
8710	0.352	0.484	0.393	0.380
8720	0.352	0.481	0.393	0.383
8730	0.351	0.489	0.392	0.381
8740	0.351	0.481	0.391	0.384
eigenvalues:  tensor([52.9208, 52.7189])
hess item is 0.005666071083396673
8750	0.352	0.486	0.392	0.383
8760	0.351	0.483	0.391	0.391
8770	0.351	0.483	0.390	0.391
8780	0.350	0.481	0.391	0.387
8790	0.350	0.485	0.391	0.387
eigenvalues:  tensor([53.9387, 53.8284])
hess item is 0.005701091606169939
8800	0.350	0.488	0.391	0.387
8810	0.351	0.489	0.391	0.389
8820	0.350	0.483	0.390	0.389
8830	0.351	0.485	0.392	0.385
8840	0.350	0.486	0.391	0.386
eigenvalues:  tensor([54.8399, 54.6744])
hess item is 0.005843512713909149
8850	0.349	0.488	0.390	0.390
8860	0.349	0.482	0.391	0.388
8870	0.349	0.490	0.391	0.387
8880	0.350	0.482	0.391	0.389
8890	0.350	0.488	0.391	0.389
eigenvalues:  tensor([54.8890, 54.8480])
hess item is 0.005878813564777374
8900	0.350	0.483	0.392	0.384
8910	0.350	0.488	0.391	0.391
8920	0.350	0.483	0.392	0.388
8930	0.349	0.487	0.391	0.387
8940	0.349	0.486	0.391	0.391
eigenvalues:  tensor([53.2695, 53.1864])
hess item is 0.005601032637059689
8950	0.349	0.487	0.391	0.389
8960	0.349	0.488	0.391	0.389
8970	0.349	0.487	0.391	0.391
8980	0.348	0.491	0.392	0.387
8990	0.349	0.495	0.392	0.387
eigenvalues:  tensor([53.8484, 53.6632])
hess item is 0.006010164972394705
9000	0.348	0.494	0.391	0.385
9010	0.348	0.494	0.391	0.389
9020	0.349	0.492	0.392	0.385
9030	0.350	0.487	0.392	0.388
9040	0.349	0.490	0.392	0.382
eigenvalues:  tensor([53.1212, 53.0148])
hess item is 0.0059774587862193584
9050	0.350	0.491	0.392	0.381
9060	0.349	0.490	0.392	0.385
9070	0.350	0.489	0.392	0.384
9080	0.349	0.491	0.392	0.384
9090	0.349	0.489	0.392	0.383
eigenvalues:  tensor([53.6877, 53.5795])
hess item is 0.006101494189351797
9100	0.349	0.487	0.392	0.382
9110	0.349	0.488	0.391	0.384
9120	0.350	0.488	0.393	0.383
9130	0.349	0.489	0.392	0.380
9140	0.348	0.491	0.392	0.381
eigenvalues:  tensor([54.4465, 54.3124])
hess item is 0.006113399285823107
9150	0.348	0.491	0.392	0.382
9160	0.348	0.490	0.393	0.383
9170	0.348	0.495	0.392	0.383
9180	0.348	0.489	0.391	0.386
9190	0.348	0.493	0.392	0.383
eigenvalues:  tensor([53.4124, 53.2514])
hess item is 0.005783072207123041
9200	0.348	0.490	0.392	0.384
9210	0.348	0.490	0.392	0.384
9220	0.348	0.487	0.392	0.384
9230	0.348	0.492	0.391	0.389
9240	0.348	0.484	0.391	0.387
eigenvalues:  tensor([52.5797, 52.3825])
hess item is 0.005673999898135662
9250	0.348	0.486	0.392	0.386
9260	0.348	0.486	0.392	0.388
9270	0.348	0.485	0.391	0.387
9280	0.348	0.490	0.391	0.387
9290	0.349	0.479	0.392	0.384
eigenvalues:  tensor([52.7768, 52.5884])
hess item is 0.0055901356972754
9300	0.347	0.491	0.391	0.389
9310	0.347	0.491	0.391	0.393
9320	0.347	0.494	0.391	0.386
9330	0.347	0.495	0.391	0.389
9340	0.347	0.493	0.391	0.389
eigenvalues:  tensor([53.0779, 52.8380])
hess item is 0.0055295065976679325
9350	0.348	0.491	0.392	0.383
9360	0.347	0.489	0.391	0.382
9370	0.347	0.490	0.391	0.389
9380	0.347	0.490	0.391	0.387
9390	0.347	0.491	0.391	0.387
eigenvalues:  tensor([53.9523, 53.7482])
hess item is 0.005296448245644569
9400	0.348	0.490	0.391	0.392
9410	0.348	0.488	0.391	0.391
9420	0.348	0.488	0.391	0.389
9430	0.349	0.484	0.392	0.385
9440	0.347	0.491	0.390	0.388
eigenvalues:  tensor([54.3647, 54.2422])
hess item is 0.00532537791877985
9450	0.348	0.486	0.391	0.384
9460	0.348	0.483	0.391	0.382
9470	0.348	0.487	0.391	0.385
9480	0.348	0.490	0.391	0.384
9490	0.348	0.487	0.392	0.386
eigenvalues:  tensor([54.0426, 53.8921])
hess item is 0.005553739611059427
9500	0.347	0.488	0.390	0.386
9510	0.348	0.493	0.391	0.387
9520	0.348	0.492	0.391	0.387
9530	0.348	0.489	0.392	0.384
9540	0.347	0.488	0.392	0.383
eigenvalues:  tensor([53.8157, 53.6408])
hess item is 0.00566417071968317
9550	0.348	0.488	0.392	0.380
9560	0.348	0.490	0.392	0.380
9570	0.350	0.488	0.392	0.381
9580	0.348	0.491	0.391	0.385
9590	0.348	0.489	0.392	0.387
eigenvalues:  tensor([54.4107, 54.2361])
hess item is 0.005677803885191679
9600	0.348	0.485	0.392	0.381
9610	0.347	0.492	0.391	0.387
9620	0.347	0.489	0.391	0.387
9630	0.346	0.493	0.391	0.387
9640	0.346	0.489	0.390	0.386
eigenvalues:  tensor([53.4499, 53.2864])
hess item is 0.005488014779984951
9650	0.347	0.490	0.391	0.388
9660	0.346	0.492	0.391	0.388
9670	0.345	0.492	0.391	0.387
9680	0.345	0.494	0.391	0.386
9690	0.345	0.493	0.392	0.384
eigenvalues:  tensor([54.0878, 53.9429])
hess item is 0.005366302095353603
9700	0.344	0.496	0.391	0.385
9710	0.345	0.500	0.391	0.389
9720	0.345	0.495	0.391	0.387
9730	0.345	0.496	0.391	0.386
9740	0.345	0.496	0.391	0.388
eigenvalues:  tensor([54.7842, 54.6539])
hess item is 0.005441632121801376
9750	0.346	0.494	0.391	0.391
9760	0.345	0.495	0.392	0.392
9770	0.345	0.494	0.391	0.390
9780	0.344	0.493	0.391	0.389
9790	0.345	0.494	0.391	0.389
eigenvalues:  tensor([54.3654, 54.2386])
hess item is 0.0053966594859957695
9800	0.345	0.495	0.391	0.387
9810	0.346	0.493	0.391	0.392
9820	0.344	0.499	0.391	0.390
9830	0.344	0.494	0.392	0.390
9840	0.344	0.495	0.392	0.387
eigenvalues:  tensor([55.0880, 54.9889])
hess item is 0.005461432971060276
9850	0.344	0.501	0.392	0.389
9860	0.344	0.498	0.392	0.387
9870	0.344	0.497	0.392	0.387
9880	0.344	0.493	0.392	0.386
9890	0.343	0.493	0.392	0.387
eigenvalues:  tensor([55.3665, 55.2011])
hess item is 0.005471840500831604
9900	0.344	0.496	0.392	0.390
9910	0.343	0.503	0.392	0.387
9920	0.343	0.499	0.392	0.388
9930	0.343	0.498	0.391	0.389
9940	0.344	0.505	0.392	0.391
eigenvalues:  tensor([55.0943, 54.9635])
hess item is 0.005589458625763655
9950	0.343	0.502	0.391	0.387
9960	0.343	0.502	0.392	0.388
9970	0.343	0.502	0.392	0.388
9980	0.343	0.498	0.392	0.385
9990	0.342	0.496	0.391	0.388
