device: cuda:2
output directory: RESULTS/cifar10-10k/fc-tanh/seed_0/mse/ivon/lr_0.0005/h0_1.0/ess_30000000.0/post_50/beta2_0.999/beta_0.0_alpha_100.0_ivon
Files already downloaded and verified
Files already downloaded and verified
optimizer is IVON
0	0.597	0.131	0.597	0.131
10	0.574	0.136	0.574	0.137
20	0.558	0.142	0.559	0.142
30	0.547	0.148	0.548	0.149
40	0.538	0.154	0.540	0.155
eigenvalues:  tensor([80.6515, 66.5486])
hess item is 0.9513927102088928
50	0.532	0.161	0.533	0.163
60	0.526	0.169	0.528	0.168
70	0.522	0.174	0.523	0.174
80	0.518	0.178	0.519	0.178
90	0.514	0.184	0.516	0.183
eigenvalues:  tensor([80.3268, 66.1618])
hess item is 0.9051511287689209
100	0.511	0.189	0.513	0.187
110	0.508	0.194	0.510	0.191
120	0.505	0.198	0.507	0.193
130	0.503	0.201	0.505	0.197
140	0.501	0.206	0.503	0.200
eigenvalues:  tensor([79.8563, 65.6951])
hess item is 0.8611536026000977
150	0.498	0.208	0.500	0.202
160	0.496	0.210	0.498	0.204
170	0.494	0.214	0.496	0.207
180	0.492	0.217	0.494	0.210
190	0.489	0.219	0.492	0.213
eigenvalues:  tensor([79.4238, 65.2269])
hess item is 0.8192891478538513
200	0.487	0.221	0.489	0.215
210	0.485	0.224	0.487	0.218
220	0.483	0.226	0.485	0.219
230	0.481	0.227	0.484	0.221
240	0.479	0.229	0.482	0.224
eigenvalues:  tensor([79.0244, 64.7742])
hess item is 0.7794743776321411
250	0.477	0.231	0.480	0.226
260	0.475	0.234	0.478	0.228
270	0.474	0.236	0.477	0.230
280	0.473	0.237	0.476	0.231
290	0.471	0.241	0.474	0.233
eigenvalues:  tensor([78.6482, 64.3371])
hess item is 0.7416016459465027
300	0.470	0.243	0.473	0.234
310	0.469	0.245	0.472	0.236
320	0.467	0.247	0.471	0.237
330	0.466	0.249	0.469	0.239
340	0.465	0.250	0.468	0.242
eigenvalues:  tensor([78.2814, 63.9188])
hess item is 0.7055805325508118
350	0.464	0.252	0.467	0.243
360	0.463	0.254	0.466	0.245
370	0.461	0.256	0.465	0.247
380	0.460	0.257	0.464	0.250
390	0.459	0.259	0.463	0.250
eigenvalues:  tensor([77.9239, 63.5190])
hess item is 0.6713128089904785
400	0.458	0.261	0.462	0.252
410	0.457	0.263	0.461	0.253
420	0.456	0.264	0.460	0.255
430	0.455	0.266	0.459	0.256
440	0.455	0.268	0.459	0.257
eigenvalues:  tensor([77.5747, 63.1362])
hess item is 0.6387192010879517
450	0.454	0.269	0.458	0.260
460	0.453	0.270	0.457	0.261
470	0.452	0.271	0.456	0.263
480	0.451	0.273	0.455	0.263
490	0.450	0.275	0.454	0.265
eigenvalues:  tensor([77.2328, 62.7700])
hess item is 0.6077126860618591
500	0.449	0.276	0.453	0.266
510	0.448	0.278	0.452	0.266
520	0.447	0.279	0.452	0.267
530	0.446	0.281	0.451	0.268
540	0.446	0.282	0.450	0.269
eigenvalues:  tensor([76.8978, 62.4234])
hess item is 0.5782234072685242
550	0.445	0.284	0.449	0.271
560	0.444	0.286	0.449	0.272
570	0.443	0.287	0.448	0.273
580	0.442	0.288	0.447	0.275
590	0.442	0.290	0.447	0.276
eigenvalues:  tensor([76.5670, 62.1032])
hess item is 0.5501718521118164
600	0.441	0.292	0.446	0.278
610	0.440	0.293	0.445	0.278
620	0.440	0.295	0.445	0.279
630	0.439	0.296	0.444	0.280
640	0.438	0.297	0.443	0.281
eigenvalues:  tensor([76.2451, 61.8203])
hess item is 0.5234864354133606
650	0.438	0.297	0.443	0.282
660	0.437	0.298	0.442	0.284
670	0.436	0.299	0.441	0.285
680	0.436	0.301	0.441	0.287
690	0.435	0.302	0.440	0.287
eigenvalues:  tensor([75.9313, 61.5842])
hess item is 0.49810314178466797
700	0.434	0.303	0.440	0.288
710	0.434	0.305	0.439	0.288
720	0.433	0.306	0.439	0.289
730	0.432	0.308	0.438	0.290
740	0.432	0.309	0.437	0.292
eigenvalues:  tensor([75.6226, 61.3914])
hess item is 0.4739590585231781
750	0.431	0.311	0.437	0.292
760	0.431	0.311	0.436	0.293
770	0.430	0.312	0.436	0.294
780	0.430	0.313	0.435	0.294
790	0.429	0.314	0.435	0.295
eigenvalues:  tensor([75.3222, 61.2272])
hess item is 0.4509923756122589
800	0.429	0.315	0.435	0.296
810	0.428	0.316	0.434	0.297
820	0.428	0.317	0.434	0.298
830	0.427	0.319	0.433	0.299
840	0.427	0.319	0.433	0.299
eigenvalues:  tensor([75.0314, 61.0829])
hess item is 0.42914196848869324
850	0.426	0.321	0.432	0.300
860	0.426	0.322	0.432	0.300
870	0.425	0.324	0.431	0.301
880	0.425	0.325	0.431	0.302
890	0.424	0.326	0.431	0.302
eigenvalues:  tensor([74.7499, 60.9493])
hess item is 0.4083605110645294
900	0.424	0.327	0.430	0.303
910	0.423	0.328	0.430	0.304
920	0.423	0.329	0.429	0.305
930	0.422	0.330	0.429	0.305
940	0.422	0.331	0.428	0.305
eigenvalues:  tensor([74.4751, 60.8249])
hess item is 0.3885927200317383
950	0.421	0.333	0.428	0.306
960	0.421	0.334	0.428	0.307
970	0.420	0.335	0.427	0.308
980	0.420	0.335	0.427	0.308
990	0.420	0.337	0.427	0.309
eigenvalues:  tensor([74.2074, 60.7074])
hess item is 0.3697887659072876
1000	0.419	0.337	0.426	0.310
1010	0.419	0.338	0.426	0.310
1020	0.418	0.338	0.425	0.310
1030	0.418	0.340	0.425	0.311
1040	0.417	0.341	0.425	0.312
eigenvalues:  tensor([73.9511, 60.5948])
hess item is 0.35190314054489136
1050	0.417	0.342	0.424	0.312
1060	0.417	0.343	0.424	0.312
1070	0.416	0.345	0.424	0.313
1080	0.416	0.346	0.423	0.314
1090	0.415	0.347	0.423	0.315
eigenvalues:  tensor([73.6962, 60.4891])
hess item is 0.3348877429962158
1100	0.415	0.347	0.423	0.315
1110	0.415	0.348	0.422	0.316
1120	0.414	0.349	0.422	0.318
1130	0.414	0.349	0.422	0.318
1140	0.414	0.350	0.422	0.319
eigenvalues:  tensor([73.4545, 60.3876])
hess item is 0.3187030851840973
1150	0.413	0.351	0.421	0.320
1160	0.413	0.352	0.421	0.320
1170	0.412	0.352	0.421	0.321
1180	0.412	0.353	0.420	0.323
1190	0.412	0.353	0.420	0.323
eigenvalues:  tensor([73.2159, 60.2912])
hess item is 0.30330389738082886
1200	0.411	0.354	0.420	0.324
1210	0.411	0.355	0.419	0.326
1220	0.411	0.356	0.419	0.326
1230	0.410	0.358	0.419	0.327
1240	0.410	0.359	0.419	0.328
eigenvalues:  tensor([72.9824, 60.2004])
hess item is 0.2886568009853363
1250	0.410	0.360	0.418	0.329
1260	0.409	0.361	0.418	0.329
1270	0.409	0.361	0.418	0.330
1280	0.409	0.362	0.418	0.331
1290	0.408	0.362	0.417	0.331
eigenvalues:  tensor([72.7596, 60.1118])
hess item is 0.27472421526908875
1300	0.408	0.363	0.417	0.331
1310	0.408	0.364	0.417	0.331
1320	0.407	0.364	0.417	0.332
1330	0.407	0.365	0.416	0.333
1340	0.407	0.366	0.416	0.333
eigenvalues:  tensor([72.5428, 60.0286])
hess item is 0.2614726722240448
1350	0.406	0.366	0.416	0.333
1360	0.406	0.367	0.416	0.334
1370	0.406	0.367	0.415	0.334
1380	0.406	0.369	0.415	0.335
1390	0.405	0.369	0.415	0.336
eigenvalues:  tensor([72.3360, 59.9474])
hess item is 0.24886643886566162
1400	0.405	0.370	0.415	0.336
1410	0.405	0.372	0.414	0.337
1420	0.404	0.372	0.414	0.338
1430	0.404	0.373	0.414	0.339
1440	0.404	0.374	0.414	0.339
eigenvalues:  tensor([72.1348, 59.8735])
hess item is 0.23687563836574554
1450	0.403	0.375	0.413	0.340
1460	0.403	0.376	0.413	0.340
1470	0.403	0.377	0.413	0.342
1480	0.403	0.378	0.413	0.342
1490	0.402	0.379	0.413	0.343
eigenvalues:  tensor([71.9372, 59.8021])
hess item is 0.22547002136707306
1500	0.402	0.380	0.412	0.344
1510	0.402	0.380	0.412	0.344
1520	0.402	0.380	0.412	0.345
1530	0.401	0.381	0.412	0.346
1540	0.401	0.382	0.412	0.346
eigenvalues:  tensor([71.7479, 59.7353])
hess item is 0.21462106704711914
1550	0.401	0.383	0.411	0.347
1560	0.400	0.384	0.411	0.348
1570	0.400	0.385	0.411	0.349
1580	0.400	0.385	0.411	0.349
1590	0.400	0.387	0.411	0.349
eigenvalues:  tensor([71.5620, 59.6752])
hess item is 0.2043001353740692
1600	0.399	0.387	0.411	0.350
1610	0.399	0.388	0.410	0.350
1620	0.399	0.389	0.410	0.351
1630	0.399	0.389	0.410	0.352
1640	0.398	0.389	0.410	0.352
eigenvalues:  tensor([71.3896, 59.6192])
hess item is 0.19448289275169373
1650	0.398	0.389	0.410	0.352
1660	0.398	0.390	0.410	0.353
1670	0.398	0.391	0.409	0.354
1680	0.397	0.392	0.409	0.354
1690	0.397	0.392	0.409	0.354
eigenvalues:  tensor([71.2219, 59.5627])
hess item is 0.1851438283920288
1700	0.397	0.393	0.409	0.355
1710	0.397	0.394	0.409	0.355
1720	0.396	0.396	0.409	0.355
1730	0.396	0.396	0.408	0.356
1740	0.396	0.397	0.408	0.356
eigenvalues:  tensor([71.0529, 59.5149])
hess item is 0.1762595921754837
1750	0.396	0.399	0.408	0.356
1760	0.395	0.399	0.408	0.356
1770	0.395	0.399	0.408	0.356
1780	0.395	0.400	0.408	0.357
1790	0.395	0.400	0.407	0.357
eigenvalues:  tensor([70.8970, 59.4691])
hess item is 0.1678103506565094
1800	0.395	0.401	0.407	0.357
1810	0.394	0.401	0.407	0.357
1820	0.394	0.402	0.407	0.357
1830	0.394	0.402	0.407	0.357
1840	0.394	0.403	0.407	0.357
eigenvalues:  tensor([70.7319, 59.4340])
hess item is 0.15977226197719574
1850	0.393	0.403	0.407	0.358
1860	0.393	0.403	0.406	0.359
1870	0.393	0.403	0.406	0.360
1880	0.393	0.405	0.406	0.361
1890	0.393	0.404	0.406	0.361
eigenvalues:  tensor([70.5848, 59.3941])
hess item is 0.15212684869766235
1900	0.392	0.405	0.406	0.361
1910	0.392	0.405	0.406	0.361
1920	0.392	0.407	0.406	0.361
1930	0.392	0.408	0.406	0.361
1940	0.391	0.408	0.405	0.362
eigenvalues:  tensor([70.4318, 59.3635])
hess item is 0.14485378563404083
1950	0.391	0.409	0.405	0.363
1960	0.391	0.409	0.405	0.363
1970	0.391	0.410	0.405	0.363
1980	0.391	0.410	0.405	0.363
1990	0.390	0.411	0.405	0.363
eigenvalues:  tensor([70.2818, 59.3332])
hess item is 0.13793566823005676
2000	0.390	0.412	0.405	0.364
2010	0.390	0.413	0.405	0.364
2020	0.390	0.414	0.404	0.365
2030	0.390	0.415	0.404	0.365
2040	0.389	0.417	0.404	0.365
eigenvalues:  tensor([70.1378, 59.3058])
hess item is 0.13135498762130737
2050	0.389	0.417	0.404	0.366
2060	0.389	0.418	0.404	0.366
2070	0.389	0.419	0.404	0.367
2080	0.388	0.421	0.404	0.366
2090	0.388	0.421	0.404	0.367
eigenvalues:  tensor([69.9888, 59.2850])
hess item is 0.12509526312351227
2100	0.388	0.422	0.403	0.367
2110	0.388	0.422	0.403	0.368
2120	0.388	0.423	0.403	0.369
2130	0.387	0.424	0.403	0.369
2140	0.387	0.424	0.403	0.369
eigenvalues:  tensor([69.8481, 59.2620])
hess item is 0.11914154142141342
2150	0.387	0.425	0.403	0.369
2160	0.387	0.426	0.403	0.369
2170	0.387	0.428	0.403	0.370
2180	0.386	0.429	0.403	0.370
2190	0.386	0.429	0.403	0.370
eigenvalues:  tensor([69.7005, 59.2489])
hess item is 0.11347813904285431
2200	0.386	0.430	0.402	0.370
2210	0.386	0.430	0.402	0.370
2220	0.386	0.431	0.402	0.370
2230	0.385	0.432	0.402	0.370
2240	0.385	0.432	0.402	0.371
eigenvalues:  tensor([69.5561, 59.2359])
hess item is 0.10809041559696198
2250	0.385	0.433	0.402	0.371
2260	0.385	0.433	0.402	0.372
2270	0.385	0.433	0.402	0.372
2280	0.384	0.433	0.402	0.372
2290	0.384	0.434	0.402	0.373
eigenvalues:  tensor([69.4153, 59.2215])
hess item is 0.10296592116355896
2300	0.384	0.435	0.401	0.373
2310	0.384	0.435	0.401	0.373
2320	0.384	0.435	0.401	0.373
2330	0.383	0.435	0.401	0.374
2340	0.383	0.436	0.401	0.374
eigenvalues:  tensor([69.2678, 59.2113])
hess item is 0.09809135645627975
2350	0.383	0.437	0.401	0.373
2360	0.383	0.437	0.401	0.374
2370	0.383	0.438	0.401	0.375
2380	0.382	0.438	0.401	0.375
2390	0.382	0.438	0.401	0.376
eigenvalues:  tensor([69.1193, 59.2060])
hess item is 0.09345577657222748
2400	0.382	0.440	0.400	0.376
2410	0.382	0.441	0.400	0.376
2420	0.381	0.441	0.400	0.376
2430	0.381	0.442	0.400	0.376
2440	0.381	0.443	0.400	0.376
eigenvalues:  tensor([68.9698, 59.2003])
hess item is 0.0890459343791008
2450	0.381	0.443	0.400	0.376
2460	0.381	0.444	0.400	0.377
2470	0.380	0.444	0.400	0.377
2480	0.380	0.445	0.400	0.378
2490	0.380	0.445	0.400	0.378
eigenvalues:  tensor([68.8215, 59.1975])
hess item is 0.0848504826426506
2500	0.380	0.446	0.400	0.379
2510	0.380	0.447	0.399	0.379
2520	0.379	0.448	0.399	0.380
2530	0.379	0.449	0.399	0.380
2540	0.379	0.450	0.399	0.380
eigenvalues:  tensor([68.6773, 59.1967])
hess item is 0.0808604508638382
2550	0.379	0.451	0.399	0.381
2560	0.379	0.451	0.399	0.380
2570	0.378	0.452	0.399	0.381
2580	0.378	0.453	0.399	0.381
2590	0.378	0.454	0.399	0.382
eigenvalues:  tensor([68.5392, 59.1975])
hess item is 0.07706427574157715
2600	0.378	0.454	0.399	0.383
2610	0.378	0.454	0.399	0.382
2620	0.377	0.455	0.399	0.383
2630	0.377	0.456	0.398	0.383
2640	0.377	0.456	0.398	0.383
eigenvalues:  tensor([68.4006, 59.2036])
hess item is 0.07345400750637054
2650	0.377	0.457	0.398	0.384
2660	0.377	0.458	0.398	0.384
2670	0.376	0.459	0.398	0.384
2680	0.376	0.460	0.398	0.384
2690	0.376	0.461	0.398	0.384
eigenvalues:  tensor([68.2780, 59.2133])
hess item is 0.07002030313014984
2700	0.376	0.462	0.398	0.384
2710	0.375	0.462	0.398	0.384
2720	0.375	0.463	0.398	0.385
2730	0.375	0.464	0.398	0.385
2740	0.375	0.464	0.398	0.385
eigenvalues:  tensor([68.1608, 59.2319])
hess item is 0.06675446033477783
2750	0.375	0.465	0.398	0.385
2760	0.374	0.465	0.397	0.386
2770	0.374	0.465	0.397	0.386
2780	0.374	0.467	0.397	0.386
2790	0.374	0.467	0.397	0.387
eigenvalues:  tensor([68.0614, 59.2413])
hess item is 0.06364775449037552
2800	0.374	0.468	0.397	0.387
2810	0.373	0.468	0.397	0.387
2820	0.373	0.469	0.397	0.387
2830	0.373	0.470	0.397	0.388
2840	0.373	0.470	0.397	0.388
eigenvalues:  tensor([67.9774, 59.2673])
hess item is 0.06069253012537956
2850	0.372	0.471	0.397	0.388
2860	0.372	0.472	0.397	0.388
2870	0.372	0.472	0.397	0.388
2880	0.372	0.474	0.397	0.389
2890	0.372	0.474	0.396	0.389
eigenvalues:  tensor([67.8912, 59.2912])
hess item is 0.057882461696863174
2900	0.371	0.474	0.396	0.390
2910	0.371	0.475	0.396	0.389
2920	0.371	0.476	0.396	0.390
2930	0.371	0.477	0.396	0.390
2940	0.370	0.477	0.396	0.391
eigenvalues:  tensor([67.8411, 59.3227])
hess item is 0.055209945887327194
2950	0.370	0.477	0.396	0.391
2960	0.370	0.478	0.396	0.391
2970	0.370	0.479	0.396	0.391
2980	0.370	0.479	0.396	0.391
2990	0.369	0.479	0.396	0.392
eigenvalues:  tensor([67.8046, 59.3697])
hess item is 0.052668627351522446
3000	0.369	0.480	0.396	0.393
3010	0.369	0.480	0.396	0.392
3020	0.369	0.482	0.396	0.392
3030	0.368	0.482	0.395	0.393
3040	0.368	0.483	0.395	0.393
eigenvalues:  tensor([67.7814, 59.4153])
hess item is 0.050251759588718414
3050	0.368	0.483	0.395	0.393
3060	0.368	0.484	0.395	0.394
3070	0.368	0.485	0.395	0.394
3080	0.367	0.485	0.395	0.394
3090	0.367	0.487	0.395	0.394
eigenvalues:  tensor([67.7889, 59.4758])
hess item is 0.047952666878700256
3100	0.367	0.487	0.395	0.394
3110	0.367	0.487	0.395	0.394
3120	0.366	0.488	0.395	0.394
3130	0.366	0.488	0.395	0.395
3140	0.366	0.489	0.395	0.395
eigenvalues:  tensor([67.8237, 59.5283])
hess item is 0.04576630890369415
3150	0.366	0.491	0.395	0.396
3160	0.365	0.491	0.395	0.396
3170	0.365	0.492	0.395	0.396
3180	0.365	0.492	0.394	0.397
3190	0.365	0.493	0.394	0.396
eigenvalues:  tensor([67.8724, 59.5968])
hess item is 0.043687909841537476
3200	0.364	0.494	0.394	0.397
3210	0.364	0.495	0.394	0.397
3220	0.364	0.496	0.394	0.398
3230	0.364	0.497	0.394	0.398
3240	0.363	0.498	0.394	0.398
eigenvalues:  tensor([67.9470, 59.6784])
hess item is 0.04171038791537285
3250	0.363	0.498	0.394	0.399
3260	0.363	0.499	0.394	0.400
3270	0.363	0.500	0.394	0.399
3280	0.362	0.500	0.394	0.400
3290	0.362	0.502	0.394	0.400
eigenvalues:  tensor([68.0519, 59.7627])
hess item is 0.039830293506383896
3300	0.362	0.501	0.394	0.400
3310	0.362	0.502	0.394	0.400
3320	0.361	0.503	0.394	0.400
3330	0.361	0.505	0.394	0.401
3340	0.361	0.505	0.394	0.400
eigenvalues:  tensor([68.2174, 59.8677])
hess item is 0.03804243355989456
3350	0.361	0.506	0.393	0.401
3360	0.360	0.508	0.393	0.402
3370	0.360	0.508	0.393	0.401
3380	0.360	0.510	0.393	0.402
3390	0.360	0.509	0.393	0.402
eigenvalues:  tensor([68.3554, 59.9750])
hess item is 0.03634367510676384
3400	0.359	0.511	0.393	0.402
3410	0.359	0.512	0.393	0.402
3420	0.359	0.512	0.393	0.403
3430	0.359	0.513	0.393	0.403
3440	0.358	0.515	0.393	0.403
eigenvalues:  tensor([68.5666, 60.1038])
hess item is 0.03472815454006195
3450	0.358	0.516	0.393	0.403
3460	0.358	0.516	0.393	0.403
3470	0.357	0.517	0.393	0.404
3480	0.357	0.518	0.393	0.405
3490	0.357	0.519	0.393	0.405
eigenvalues:  tensor([68.7674, 60.2512])
hess item is 0.03319184109568596
3500	0.357	0.519	0.393	0.404
3510	0.356	0.521	0.393	0.405
3520	0.356	0.521	0.393	0.405
3530	0.356	0.522	0.393	0.405
3540	0.355	0.523	0.392	0.405
eigenvalues:  tensor([69.0274, 60.4052])
hess item is 0.03173235431313515
3550	0.355	0.524	0.392	0.405
3560	0.355	0.526	0.392	0.406
3570	0.355	0.526	0.392	0.406
3580	0.354	0.528	0.392	0.406
3590	0.354	0.529	0.392	0.406
eigenvalues:  tensor([69.3390, 60.5838])
hess item is 0.03034488670527935
3600	0.354	0.529	0.392	0.406
3610	0.353	0.530	0.392	0.407
3620	0.353	0.532	0.392	0.407
3630	0.353	0.532	0.392	0.408
3640	0.353	0.534	0.392	0.408
eigenvalues:  tensor([69.6741, 60.7905])
hess item is 0.029025303199887276
3650	0.352	0.534	0.392	0.407
3660	0.352	0.535	0.392	0.407
3670	0.352	0.535	0.392	0.407
3680	0.351	0.538	0.392	0.407
3690	0.351	0.538	0.392	0.407
eigenvalues:  tensor([70.0319, 61.0349])
hess item is 0.027772776782512665
3700	0.351	0.539	0.392	0.407
3710	0.350	0.539	0.392	0.407
3720	0.350	0.540	0.392	0.408
3730	0.350	0.541	0.392	0.409
3740	0.349	0.542	0.392	0.409
eigenvalues:  tensor([70.3869, 61.2694])
hess item is 0.02658175118267536
3750	0.349	0.544	0.392	0.409
3760	0.349	0.544	0.392	0.410
3770	0.348	0.545	0.392	0.410
3780	0.348	0.545	0.391	0.411
3790	0.348	0.548	0.391	0.411
eigenvalues:  tensor([70.8027, 61.5440])
hess item is 0.025450341403484344
3800	0.348	0.548	0.391	0.411
3810	0.347	0.549	0.391	0.410
3820	0.347	0.551	0.391	0.410
3830	0.347	0.552	0.391	0.412
3840	0.346	0.552	0.391	0.411
eigenvalues:  tensor([71.2746, 61.8523])
hess item is 0.024375757202506065
3850	0.346	0.554	0.391	0.411
3860	0.346	0.554	0.391	0.411
3870	0.345	0.555	0.391	0.411
3880	0.345	0.556	0.391	0.411
3890	0.344	0.557	0.391	0.410
eigenvalues:  tensor([71.7971, 62.1937])
hess item is 0.023354997858405113
3900	0.344	0.559	0.391	0.411
3910	0.344	0.558	0.391	0.411
3920	0.343	0.560	0.391	0.411
3930	0.343	0.560	0.391	0.411
3940	0.343	0.562	0.391	0.411
eigenvalues:  tensor([72.2927, 62.5701])
hess item is 0.0223861001431942
3950	0.342	0.563	0.391	0.411
3960	0.342	0.565	0.391	0.412
3970	0.342	0.566	0.391	0.412
3980	0.341	0.567	0.391	0.410
3990	0.341	0.569	0.391	0.412
eigenvalues:  tensor([72.8891, 62.9712])
hess item is 0.0214658435434103
4000	0.341	0.570	0.391	0.412
4010	0.340	0.571	0.391	0.412
4020	0.340	0.572	0.391	0.412
4030	0.339	0.572	0.391	0.412
4040	0.339	0.574	0.391	0.412
eigenvalues:  tensor([73.4868, 63.4042])
hess item is 0.02059170790016651
4050	0.339	0.575	0.391	0.412
4060	0.338	0.576	0.391	0.412
4070	0.338	0.577	0.391	0.411
4080	0.338	0.578	0.391	0.412
4090	0.337	0.579	0.391	0.412
eigenvalues:  tensor([74.2163, 63.8810])
hess item is 0.019763929769396782
4100	0.337	0.580	0.391	0.412
4110	0.336	0.580	0.391	0.411
4120	0.336	0.581	0.391	0.410
4130	0.336	0.582	0.391	0.412
4140	0.335	0.583	0.391	0.412
eigenvalues:  tensor([74.8443, 64.3972])
hess item is 0.018976695835590363
4150	0.335	0.584	0.391	0.412
4160	0.334	0.585	0.391	0.411
4170	0.334	0.587	0.391	0.413
4180	0.334	0.587	0.391	0.412
4190	0.333	0.589	0.391	0.414
eigenvalues:  tensor([75.5908, 64.9316])
hess item is 0.018231667578220367
4200	0.333	0.591	0.391	0.412
4210	0.332	0.592	0.391	0.413
4220	0.332	0.593	0.391	0.412
4230	0.331	0.594	0.391	0.413
4240	0.331	0.595	0.391	0.413
eigenvalues:  tensor([76.4048, 65.5449])
hess item is 0.017524268478155136
4250	0.331	0.597	0.391	0.414
4260	0.330	0.596	0.391	0.414
4270	0.330	0.599	0.391	0.414
4280	0.329	0.601	0.391	0.415
4290	0.329	0.601	0.391	0.414
eigenvalues:  tensor([77.2248, 66.1826])
hess item is 0.016855238005518913
4300	0.329	0.603	0.391	0.414
4310	0.331	0.596	0.394	0.405
4320	0.339	0.572	0.402	0.389
4330	0.332	0.590	0.395	0.403
4340	0.327	0.604	0.391	0.412
eigenvalues:  tensor([69.8156, 65.8481])
hess item is 0.01622897759079933
4350	0.327	0.608	0.391	0.412
4360	0.326	0.609	0.391	0.414
4370	0.326	0.606	0.392	0.410
4380	0.328	0.604	0.393	0.406
4390	0.329	0.599	0.395	0.402
eigenvalues:  tensor([68.5170, 66.0566])
hess item is 0.015630139037966728
4400	0.327	0.606	0.394	0.406
4410	0.326	0.613	0.393	0.408
4420	0.324	0.613	0.392	0.411
4430	0.324	0.615	0.392	0.411
4440	0.324	0.615	0.393	0.408
eigenvalues:  tensor([69.1231, 66.1512])
hess item is 0.015059714205563068
4450	0.325	0.610	0.394	0.406
4460	0.329	0.597	0.399	0.396
4470	0.325	0.610	0.395	0.406
4480	0.321	0.623	0.392	0.412
4490	0.321	0.626	0.392	0.413
eigenvalues:  tensor([67.5848, 64.5317])
hess item is 0.014525406993925571
4500	0.323	0.624	0.394	0.410
4510	0.326	0.618	0.398	0.404
4520	0.327	0.611	0.400	0.400
4530	0.324	0.618	0.397	0.407
4540	0.324	0.616	0.398	0.404
eigenvalues:  tensor([61.7984, 60.8840])
hess item is 0.014023030176758766
4550	0.321	0.623	0.395	0.408
4560	0.320	0.628	0.394	0.413
4570	0.318	0.631	0.393	0.415
4580	0.319	0.628	0.395	0.412
4590	0.322	0.625	0.397	0.407
eigenvalues:  tensor([62.5861, 60.6178])
hess item is 0.013540174812078476
4600	0.320	0.628	0.396	0.407
4610	0.323	0.615	0.400	0.402
4620	0.321	0.617	0.398	0.405
4630	0.320	0.624	0.398	0.404
4640	0.320	0.632	0.398	0.401
eigenvalues:  tensor([59.7973, 59.6493])
hess item is 0.013088307343423367
4650	0.326	0.616	0.404	0.394
4660	0.320	0.627	0.399	0.401
4670	0.315	0.642	0.394	0.413
4680	0.318	0.634	0.398	0.410
4690	0.317	0.638	0.397	0.409
eigenvalues:  tensor([60.2236, 58.0615])
hess item is 0.012654830701649189
4700	0.314	0.637	0.395	0.413
4710	0.324	0.610	0.406	0.393
4720	0.318	0.628	0.401	0.399
4730	0.314	0.646	0.397	0.407
4740	0.316	0.636	0.399	0.405
eigenvalues:  tensor([58.8355, 56.1049])
hess item is 0.012246441096067429
4750	0.321	0.625	0.405	0.399
4760	0.320	0.626	0.405	0.400
4770	0.319	0.635	0.404	0.401
4780	0.313	0.651	0.399	0.408
4790	0.311	0.656	0.398	0.408
eigenvalues:  tensor([55.3782, 54.2148])
hess item is 0.011858963407576084
4800	0.321	0.631	0.408	0.401
4810	0.314	0.644	0.401	0.405
4820	0.316	0.637	0.404	0.399
4830	0.311	0.645	0.400	0.403
4840	0.307	0.664	0.397	0.409
eigenvalues:  tensor([55.7223, 53.6850])
hess item is 0.01149000134319067
4850	0.315	0.647	0.406	0.398
4860	0.309	0.663	0.400	0.406
4870	0.319	0.627	0.409	0.396
4880	0.317	0.639	0.407	0.405
4890	0.315	0.644	0.406	0.399
eigenvalues:  tensor([53.8153, 51.9352])
hess item is 0.011141067370772362
4900	0.306	0.668	0.399	0.407
4910	0.315	0.643	0.408	0.401
4920	0.305	0.669	0.399	0.411
4930	0.315	0.645	0.408	0.395
4940	0.315	0.646	0.409	0.393
eigenvalues:  tensor([52.3224, 50.1273])
hess item is 0.010809455066919327
4950	0.310	0.667	0.405	0.397
4960	0.301	0.687	0.397	0.412
4970	0.305	0.668	0.402	0.408
4980	0.324	0.618	0.420	0.384
4990	0.306	0.667	0.403	0.410
eigenvalues:  tensor([51.3439, 49.9165])
hess item is 0.010491883382201195
5000	0.304	0.673	0.402	0.410
5010	0.323	0.624	0.421	0.387
5020	0.301	0.681	0.400	0.413
5030	0.317	0.641	0.416	0.386
5040	0.304	0.676	0.403	0.401
eigenvalues:  tensor([49.4393, 48.2593])
hess item is 0.010196391493082047
5050	0.312	0.663	0.412	0.395
5060	0.300	0.681	0.402	0.411
5070	0.312	0.658	0.414	0.394
5080	0.308	0.672	0.410	0.394
5090	0.304	0.677	0.407	0.396
eigenvalues:  tensor([48.7457, 47.4416])
hess item is 0.00990986730903387
5100	0.311	0.651	0.416	0.387
5110	0.297	0.693	0.402	0.408
5120	0.323	0.629	0.428	0.375
5130	0.296	0.696	0.401	0.407
5140	0.306	0.669	0.412	0.395
eigenvalues:  tensor([48.6425, 48.1212])
hess item is 0.009636756964027882
5150	0.307	0.676	0.413	0.393
5160	0.304	0.674	0.411	0.395
5170	0.307	0.655	0.414	0.395
5180	0.294	0.702	0.403	0.408
5190	0.299	0.683	0.410	0.394
eigenvalues:  tensor([47.8203, 46.5051])
hess item is 0.00937698408961296
5200	0.302	0.680	0.412	0.395
5210	0.305	0.676	0.414	0.403
5220	0.310	0.651	0.421	0.385
5230	0.291	0.706	0.404	0.409
5240	0.313	0.660	0.425	0.373
eigenvalues:  tensor([46.7293, 45.8427])
hess item is 0.009134172461926937
5250	0.311	0.669	0.424	0.388
5260	0.321	0.639	0.432	0.370
5270	0.293	0.709	0.405	0.403
5280	0.302	0.678	0.416	0.391
5290	0.298	0.690	0.414	0.398
eigenvalues:  tensor([44.8963, 44.0421])
hess item is 0.008903336711227894
5300	0.299	0.690	0.414	0.392
5310	0.294	0.692	0.410	0.406
5320	0.296	0.688	0.413	0.402
5330	0.292	0.708	0.410	0.401
5340	0.302	0.682	0.420	0.386
eigenvalues:  tensor([45.0868, 44.6426])
hess item is 0.00867629237473011
5350	0.286	0.718	0.405	0.409
5360	0.310	0.673	0.429	0.390
5370	0.300	0.683	0.419	0.394
5380	0.299	0.693	0.418	0.401
5390	0.297	0.686	0.418	0.396
eigenvalues:  tensor([45.3973, 42.5663])
hess item is 0.00846075639128685
5400	0.293	0.706	0.415	0.404
5410	0.297	0.701	0.419	0.391
5420	0.301	0.690	0.424	0.383
5430	0.306	0.669	0.429	0.375
5440	0.288	0.710	0.411	0.407
eigenvalues:  tensor([43.0147, 42.3028])
hess item is 0.008258997462689877
5450	0.288	0.722	0.413	0.405
5460	0.289	0.715	0.415	0.402
5470	0.289	0.716	0.414	0.396
5480	0.297	0.691	0.422	0.385
5490	0.283	0.727	0.412	0.405
eigenvalues:  tensor([43.6015, 43.1704])
hess item is 0.008061615750193596
5500	0.308	0.679	0.436	0.371
5510	0.283	0.723	0.410	0.407
5520	0.294	0.703	0.421	0.396
5530	0.299	0.701	0.428	0.387
5540	0.294	0.707	0.423	0.380
eigenvalues:  tensor([42.8354, 40.8171])
hess item is 0.00787767581641674
5550	0.286	0.721	0.417	0.390
5560	0.287	0.721	0.418	0.389
5570	0.292	0.716	0.425	0.387
5580	0.283	0.728	0.416	0.402
5590	0.293	0.706	0.427	0.391
eigenvalues:  tensor([41.3217, 40.7890])
hess item is 0.0076975286938250065
5600	0.285	0.721	0.420	0.390
5610	0.282	0.727	0.417	0.395
5620	0.299	0.707	0.434	0.383
5630	0.284	0.732	0.420	0.395
5640	0.279	0.739	0.415	0.398
eigenvalues:  tensor([42.3238, 40.3056])
hess item is 0.007531548850238323
5650	0.291	0.714	0.426	0.392
5660	0.297	0.703	0.434	0.390
5670	0.299	0.688	0.438	0.377
5680	0.274	0.753	0.414	0.402
5690	0.279	0.749	0.420	0.389
eigenvalues:  tensor([40.5689, 39.5595])
hess item is 0.007366951555013657
5700	0.285	0.730	0.425	0.387
5710	0.282	0.722	0.422	0.394
5720	0.277	0.742	0.419	0.403
5730	0.280	0.737	0.424	0.395
5740	0.278	0.739	0.422	0.388
eigenvalues:  tensor([40.3644, 39.9768])
hess item is 0.007212268188595772
5750	0.285	0.731	0.429	0.392
5760	0.283	0.732	0.426	0.397
5770	0.283	0.732	0.428	0.385
5780	0.282	0.733	0.429	0.385
5790	0.271	0.763	0.419	0.397
eigenvalues:  tensor([40.2937, 39.4530])
hess item is 0.007058111485093832
5800	0.279	0.741	0.426	0.385
5810	0.274	0.750	0.420	0.396
5820	0.269	0.757	0.419	0.398
5830	0.269	0.763	0.419	0.396
5840	0.281	0.738	0.431	0.382
eigenvalues:  tensor([40.8811, 39.6784])
hess item is 0.006919158156961203
5850	0.271	0.761	0.422	0.396
5860	0.272	0.758	0.424	0.397
5870	0.285	0.728	0.435	0.382
5880	0.286	0.723	0.439	0.381
5890	0.276	0.751	0.428	0.399
eigenvalues:  tensor([39.8441, 38.5856])
hess item is 0.006790393032133579
5900	0.266	0.768	0.418	0.403
5910	0.279	0.746	0.434	0.379
5920	0.264	0.772	0.420	0.402
5930	0.257	0.789	0.414	0.404
5940	0.297	0.711	0.455	0.362
eigenvalues:  tensor([39.0587, 38.6222])
hess item is 0.0066600339487195015
5950	0.260	0.777	0.418	0.398
5960	0.268	0.765	0.428	0.393
5970	0.268	0.765	0.426	0.394
5980	0.271	0.763	0.430	0.395
5990	0.258	0.782	0.420	0.396
eigenvalues:  tensor([40.8265, 39.3628])
hess item is 0.006537145934998989
6000	0.299	0.721	0.459	0.363
6010	0.271	0.756	0.432	0.387
6020	0.271	0.759	0.432	0.387
6030	0.270	0.764	0.431	0.400
6040	0.258	0.786	0.421	0.401
eigenvalues:  tensor([38.7279, 38.3967])
hess item is 0.006416387390345335
6050	0.253	0.795	0.418	0.399
6060	0.273	0.760	0.438	0.375
6070	0.257	0.791	0.424	0.398
6080	0.265	0.780	0.430	0.394
6090	0.250	0.799	0.418	0.403
eigenvalues:  tensor([39.0263, 38.1943])
hess item is 0.00629934249445796
6100	0.274	0.751	0.442	0.385
6110	0.288	0.734	0.456	0.380
6120	0.260	0.781	0.429	0.397
6130	0.256	0.797	0.425	0.393
6140	0.263	0.769	0.434	0.378
eigenvalues:  tensor([39.0705, 38.3600])
hess item is 0.006189374253153801
6150	0.271	0.760	0.443	0.365
6160	0.264	0.774	0.438	0.382
6170	0.253	0.792	0.428	0.400
6180	0.255	0.787	0.429	0.394
6190	0.256	0.789	0.430	0.392
eigenvalues:  tensor([39.6438, 38.1651])
hess item is 0.0060802330262959
6200	0.253	0.801	0.428	0.395
6210	0.264	0.774	0.442	0.372
6220	0.245	0.815	0.424	0.398
6230	0.266	0.775	0.443	0.388
6240	0.249	0.797	0.427	0.392
eigenvalues:  tensor([38.9805, 38.7003])
hess item is 0.005986261181533337
6250	0.268	0.761	0.448	0.381
6260	0.268	0.772	0.446	0.379
6270	0.248	0.809	0.428	0.387
6280	0.261	0.767	0.442	0.372
6290	0.263	0.773	0.445	0.369
eigenvalues:  tensor([38.4049, 37.6075])
hess item is 0.005901075899600983
6300	0.242	0.817	0.425	0.398
6310	0.247	0.815	0.433	0.391
6320	0.240	0.825	0.426	0.395
6330	0.253	0.799	0.439	0.388
6340	0.256	0.798	0.443	0.375
eigenvalues:  tensor([39.0814, 38.8269])
hess item is 0.0058091687969863415
6350	0.255	0.792	0.440	0.382
6360	0.263	0.777	0.447	0.384
6370	0.232	0.847	0.422	0.397
6380	0.270	0.765	0.459	0.360
6390	0.250	0.808	0.438	0.394
eigenvalues:  tensor([38.6018, 37.5951])
hess item is 0.005724639631807804
6400	0.246	0.812	0.436	0.387
6410	0.248	0.804	0.438	0.380
6420	0.257	0.799	0.449	0.379
6430	0.244	0.818	0.437	0.385
6440	0.245	0.819	0.438	0.382
eigenvalues:  tensor([39.3719, 38.5689])
hess item is 0.005649336613714695
6450	0.251	0.803	0.442	0.390
6460	0.230	0.840	0.426	0.400
6470	0.255	0.798	0.450	0.387
6480	0.245	0.812	0.442	0.387
6490	0.234	0.835	0.429	0.392
eigenvalues:  tensor([39.5597, 38.3359])
hess item is 0.005580255761742592
6500	0.257	0.787	0.453	0.373
6510	0.242	0.827	0.440	0.384
6520	0.233	0.835	0.432	0.402
6530	0.244	0.817	0.447	0.385
6540	0.246	0.815	0.447	0.378
eigenvalues:  tensor([39.8392, 38.7063])
hess item is 0.005505066365003586
6550	0.240	0.822	0.439	0.394
6560	0.231	0.833	0.433	0.396
6570	0.252	0.799	0.453	0.378
6580	0.231	0.838	0.434	0.396
6590	0.242	0.819	0.446	0.389
eigenvalues:  tensor([39.8823, 39.0603])
hess item is 0.005440687760710716
6600	0.241	0.822	0.447	0.389
6610	0.219	0.865	0.428	0.405
6620	0.252	0.808	0.459	0.367
6630	0.243	0.827	0.448	0.383
6640	0.232	0.825	0.439	0.380
eigenvalues:  tensor([39.7666, 38.6473])
hess item is 0.005375520791858435
6650	0.232	0.841	0.441	0.381
6660	0.242	0.823	0.449	0.373
6670	0.243	0.818	0.453	0.366
6680	0.222	0.861	0.435	0.388
6690	0.235	0.841	0.448	0.384
eigenvalues:  tensor([39.5890, 38.8175])
hess item is 0.005308154970407486
6700	0.223	0.851	0.434	0.400
6710	0.249	0.795	0.461	0.366
6720	0.228	0.850	0.442	0.390
6730	0.240	0.834	0.454	0.376
6740	0.224	0.855	0.438	0.386
eigenvalues:  tensor([39.0347, 38.1943])
hess item is 0.005250644404441118
6750	0.226	0.856	0.443	0.387
6760	0.235	0.840	0.452	0.382
6770	0.241	0.815	0.458	0.369
6780	0.218	0.864	0.436	0.385
6790	0.241	0.813	0.460	0.373
eigenvalues:  tensor([39.1052, 38.7494])
hess item is 0.005198200698941946
6800	0.223	0.849	0.442	0.396
6810	0.220	0.871	0.441	0.386
6820	0.231	0.847	0.451	0.383
6830	0.220	0.856	0.441	0.394
6840	0.251	0.808	0.473	0.366
eigenvalues:  tensor([39.7237, 39.1978])
hess item is 0.005143158137798309
6850	0.218	0.867	0.442	0.380
6860	0.234	0.845	0.457	0.377
6870	0.220	0.859	0.445	0.393
6880	0.216	0.868	0.444	0.390
6890	0.229	0.846	0.455	0.380
eigenvalues:  tensor([39.6570, 38.3597])
hess item is 0.005095338448882103
6900	0.220	0.861	0.449	0.381
6910	0.224	0.851	0.454	0.382
6920	0.213	0.874	0.443	0.388
6930	0.232	0.840	0.459	0.377
6940	0.221	0.855	0.450	0.388
eigenvalues:  tensor([39.4308, 38.6567])
hess item is 0.00504863727837801
6950	0.217	0.863	0.450	0.390
6960	0.228	0.848	0.460	0.380
6970	0.226	0.840	0.457	0.376
6980	0.221	0.854	0.452	0.379
6990	0.214	0.863	0.449	0.380
eigenvalues:  tensor([39.0669, 38.6079])
hess item is 0.004992390051484108
7000	0.205	0.886	0.442	0.386
7010	0.220	0.858	0.457	0.375
7020	0.214	0.877	0.451	0.381
7030	0.210	0.880	0.449	0.383
7040	0.219	0.865	0.458	0.384
eigenvalues:  tensor([39.4011, 39.2396])
hess item is 0.004944473505020142
7050	0.224	0.850	0.464	0.374
7060	0.207	0.875	0.449	0.393
7070	0.207	0.883	0.448	0.388
7080	0.228	0.837	0.471	0.368
7090	0.219	0.857	0.462	0.371
eigenvalues:  tensor([39.6782, 39.3970])
hess item is 0.0049125258810818195
7100	0.210	0.880	0.455	0.380
7110	0.214	0.882	0.456	0.375
7120	0.205	0.893	0.451	0.382
7130	0.214	0.868	0.461	0.386
7140	0.206	0.875	0.453	0.382
eigenvalues:  tensor([39.6819, 39.4040])
hess item is 0.004874242469668388
7150	0.218	0.859	0.464	0.373
7160	0.201	0.893	0.449	0.389
7170	0.209	0.877	0.458	0.381
7180	0.206	0.882	0.456	0.377
7190	0.216	0.860	0.464	0.381
eigenvalues:  tensor([40.0848, 39.0974])
hess item is 0.004839656408876181
7200	0.207	0.873	0.459	0.391
7210	0.218	0.868	0.467	0.377
7220	0.206	0.883	0.456	0.382
7230	0.201	0.883	0.453	0.387
7240	0.209	0.870	0.462	0.385
eigenvalues:  tensor([39.9349, 39.3911])
hess item is 0.004823467694222927
7250	0.213	0.862	0.465	0.374
7260	0.213	0.865	0.465	0.385
7270	0.194	0.895	0.450	0.387
7280	0.215	0.873	0.472	0.368
7290	0.191	0.905	0.449	0.387
eigenvalues:  tensor([40.5454, 39.5319])
hess item is 0.004793178290128708
7300	0.207	0.877	0.462	0.380
7310	0.204	0.893	0.463	0.380
7320	0.197	0.897	0.459	0.386
7330	0.215	0.869	0.473	0.372
7340	0.193	0.911	0.454	0.382
eigenvalues:  tensor([40.2175, 39.6604])
hess item is 0.0047630323097109795
7350	0.205	0.884	0.469	0.382
7360	0.199	0.885	0.463	0.379
7370	0.203	0.881	0.464	0.382
7380	0.206	0.868	0.470	0.371
7390	0.186	0.913	0.453	0.384
eigenvalues:  tensor([40.2997, 39.7872])
hess item is 0.004735653754323721
7400	0.214	0.866	0.480	0.356
7410	0.197	0.892	0.461	0.382
7420	0.195	0.896	0.461	0.386
7430	0.203	0.895	0.470	0.376
7440	0.200	0.887	0.467	0.377
eigenvalues:  tensor([40.1018, 39.8252])
hess item is 0.004695578012615442
7450	0.196	0.898	0.462	0.377
7460	0.197	0.897	0.465	0.379
7470	0.193	0.895	0.465	0.385
7480	0.189	0.918	0.460	0.379
7490	0.188	0.924	0.462	0.375
eigenvalues:  tensor([41.4743, 40.6363])
hess item is 0.004666812252253294
7500	0.192	0.904	0.464	0.381
7510	0.217	0.867	0.489	0.358
7520	0.177	0.921	0.453	0.382
7530	0.215	0.863	0.492	0.363
7540	0.185	0.916	0.461	0.379
eigenvalues:  tensor([41.2391, 40.2260])
hess item is 0.00463793333619833
7550	0.202	0.887	0.479	0.359
7560	0.190	0.910	0.467	0.372
7570	0.191	0.903	0.467	0.367
7580	0.194	0.905	0.471	0.372
7590	0.189	0.906	0.469	0.380
eigenvalues:  tensor([40.9557, 40.0133])
hess item is 0.004621109925210476
7600	0.202	0.882	0.483	0.374
7610	0.173	0.928	0.454	0.386
7620	0.201	0.882	0.482	0.366
7630	0.182	0.905	0.466	0.379
7640	0.198	0.892	0.480	0.369
eigenvalues:  tensor([40.6709, 39.5667])
hess item is 0.004598300904035568
7650	0.180	0.910	0.464	0.380
7660	0.187	0.904	0.468	0.382
7670	0.182	0.915	0.465	0.378
7680	0.194	0.889	0.477	0.369
7690	0.188	0.904	0.473	0.380
eigenvalues:  tensor([41.0866, 40.1243])
hess item is 0.004577494692057371
7700	0.184	0.912	0.471	0.380
7710	0.213	0.882	0.499	0.356
7720	0.179	0.913	0.467	0.377
7730	0.178	0.915	0.465	0.378
7740	0.189	0.900	0.479	0.369
eigenvalues:  tensor([40.6672, 40.2134])
hess item is 0.004563553724437952
7750	0.177	0.924	0.467	0.384
7760	0.182	0.916	0.471	0.378
7770	0.187	0.907	0.477	0.376
7780	0.188	0.890	0.478	0.373
7790	0.175	0.922	0.468	0.383
eigenvalues:  tensor([40.8257, 40.3251])
hess item is 0.004533286672085524
7800	0.184	0.906	0.479	0.370
7810	0.179	0.915	0.473	0.376
7820	0.179	0.914	0.474	0.368
7830	0.178	0.915	0.471	0.380
7840	0.181	0.909	0.475	0.374
eigenvalues:  tensor([41.3092, 40.7626])
hess item is 0.004511452745646238
7850	0.178	0.919	0.477	0.374
7860	0.211	0.859	0.503	0.361
7870	0.182	0.905	0.477	0.368
7880	0.166	0.934	0.465	0.378
7890	0.174	0.934	0.473	0.368
eigenvalues:  tensor([41.7806, 41.0366])
hess item is 0.004494482185691595
7900	0.182	0.917	0.482	0.362
7910	0.173	0.917	0.476	0.373
7920	0.180	0.914	0.481	0.371
7930	0.178	0.920	0.479	0.365
7940	0.173	0.910	0.475	0.368
eigenvalues:  tensor([41.5194, 40.4607])
hess item is 0.004496578127145767
7950	0.177	0.910	0.481	0.364
7960	0.194	0.888	0.497	0.351
7970	0.166	0.931	0.470	0.378
7980	0.178	0.911	0.482	0.370
7990	0.184	0.908	0.488	0.370
eigenvalues:  tensor([40.9360, 40.6520])
hess item is 0.004480607807636261
8000	0.167	0.931	0.474	0.375
8010	0.177	0.918	0.485	0.373
8020	0.175	0.918	0.484	0.374
8030	0.168	0.930	0.478	0.370
8040	0.179	0.908	0.488	0.367
eigenvalues:  tensor([41.5482, 40.8813])
hess item is 0.004466871730983257
8050	0.169	0.918	0.477	0.382
8060	0.177	0.912	0.486	0.366
8070	0.172	0.935	0.483	0.358
8080	0.164	0.943	0.476	0.365
8090	0.166	0.933	0.480	0.369
eigenvalues:  tensor([41.2851, 40.5331])
hess item is 0.004456641618162394
8100	0.167	0.928	0.480	0.368
8110	0.180	0.899	0.494	0.361
8120	0.166	0.928	0.481	0.370
8130	0.163	0.937	0.479	0.372
8140	0.172	0.912	0.487	0.371
eigenvalues:  tensor([41.6618, 40.8962])
hess item is 0.004454081412404776
8150	0.177	0.920	0.493	0.373
8160	0.160	0.939	0.480	0.377
8170	0.165	0.933	0.484	0.368
8180	0.168	0.923	0.484	0.369
8190	0.162	0.931	0.481	0.373
eigenvalues:  tensor([41.7741, 40.4266])
hess item is 0.0044225226156413555
8200	0.165	0.925	0.485	0.372
8210	0.176	0.917	0.497	0.364
8220	0.170	0.924	0.491	0.371
8230	0.162	0.938	0.481	0.368
8240	0.177	0.921	0.498	0.350
eigenvalues:  tensor([41.1439, 40.5730])
hess item is 0.004410795401781797
8250	0.153	0.946	0.476	0.370
8260	0.168	0.927	0.491	0.366
8270	0.166	0.928	0.486	0.370
8280	0.160	0.941	0.484	0.374
8290	0.179	0.916	0.503	0.369
eigenvalues:  tensor([41.5668, 40.7702])
hess item is 0.004408748354762793
8300	0.157	0.927	0.482	0.377
8310	0.172	0.914	0.496	0.362
8320	0.157	0.935	0.484	0.368
8330	0.163	0.933	0.491	0.363
8340	0.161	0.939	0.491	0.367
eigenvalues:  tensor([41.0736, 40.1606])
hess item is 0.00439674174413085
8350	0.150	0.949	0.480	0.376
8360	0.184	0.898	0.511	0.355
8370	0.153	0.944	0.485	0.374
8380	0.155	0.943	0.486	0.371
8390	0.178	0.918	0.508	0.344
eigenvalues:  tensor([41.9676, 41.4725])
hess item is 0.0043948921374976635
8400	0.164	0.916	0.494	0.362
8410	0.159	0.933	0.490	0.368
8420	0.159	0.941	0.491	0.375
8430	0.153	0.943	0.486	0.376
8440	0.160	0.934	0.494	0.366
eigenvalues:  tensor([41.7208, 40.9445])
hess item is 0.004372493363916874
8450	0.156	0.930	0.492	0.361
8460	0.153	0.934	0.490	0.371
8470	0.157	0.934	0.493	0.370
8480	0.149	0.946	0.485	0.374
8490	0.166	0.919	0.501	0.360
eigenvalues:  tensor([41.8765, 41.1065])
hess item is 0.004364924505352974
8500	0.154	0.938	0.490	0.364
8510	0.153	0.941	0.490	0.368
8520	0.160	0.932	0.497	0.367
8530	0.147	0.947	0.485	0.374
8540	0.157	0.949	0.498	0.361
eigenvalues:  tensor([41.7336, 41.2752])
hess item is 0.004362356383353472
8550	0.146	0.957	0.488	0.369
8560	0.163	0.932	0.506	0.361
8570	0.158	0.930	0.499	0.364
8580	0.158	0.932	0.496	0.362
8590	0.141	0.953	0.484	0.372
eigenvalues:  tensor([41.6040, 41.1493])
hess item is 0.0043540773913264275
8600	0.159	0.931	0.501	0.358
8610	0.147	0.949	0.491	0.365
8620	0.159	0.928	0.502	0.358
8630	0.144	0.943	0.489	0.378
8640	0.163	0.925	0.507	0.366
eigenvalues:  tensor([41.0636, 40.7939])
hess item is 0.0043363748118281364
8650	0.140	0.960	0.486	0.372
8660	0.156	0.943	0.502	0.360
8670	0.145	0.951	0.491	0.368
8680	0.152	0.942	0.497	0.369
8690	0.146	0.942	0.493	0.371
eigenvalues:  tensor([42.0182, 41.0717])
hess item is 0.004322370979934931
8700	0.146	0.944	0.496	0.371
8710	0.157	0.940	0.504	0.358
8720	0.152	0.940	0.498	0.365
8730	0.139	0.958	0.490	0.371
8740	0.151	0.951	0.503	0.363
eigenvalues:  tensor([41.5180, 40.5845])
hess item is 0.004303553607314825
8750	0.138	0.959	0.491	0.371
8760	0.164	0.929	0.514	0.359
8770	0.147	0.937	0.497	0.368
8780	0.144	0.951	0.498	0.369
8790	0.147	0.951	0.500	0.366
eigenvalues:  tensor([41.7503, 41.1429])
hess item is 0.004293948877602816
8800	0.144	0.949	0.499	0.360
8810	0.145	0.956	0.499	0.357
8820	0.145	0.954	0.498	0.365
8830	0.149	0.941	0.502	0.365
8840	0.149	0.932	0.504	0.363
eigenvalues:  tensor([41.7996, 41.2857])
hess item is 0.004289506934583187
8850	0.154	0.927	0.510	0.357
8860	0.137	0.954	0.496	0.366
8870	0.150	0.946	0.509	0.361
8880	0.142	0.945	0.501	0.364
8890	0.147	0.941	0.504	0.359
eigenvalues:  tensor([40.7392, 40.4872])
hess item is 0.004288102965801954
8900	0.135	0.963	0.495	0.367
8910	0.153	0.946	0.512	0.359
8920	0.144	0.952	0.505	0.362
8930	0.133	0.963	0.496	0.365
8940	0.145	0.957	0.509	0.365
eigenvalues:  tensor([41.5184, 40.9602])
hess item is 0.004279750399291515
8950	0.133	0.962	0.497	0.375
8960	0.140	0.954	0.505	0.363
8970	0.142	0.961	0.505	0.358
8980	0.128	0.965	0.495	0.368
8990	0.161	0.923	0.524	0.355
eigenvalues:  tensor([41.6847, 40.6387])
hess item is 0.0042668613605201244
9000	0.126	0.963	0.492	0.373
9010	0.161	0.926	0.522	0.364
9020	0.130	0.961	0.496	0.371
9030	0.139	0.955	0.505	0.361
9040	0.134	0.957	0.502	0.365
eigenvalues:  tensor([42.8268, 42.1271])
hess item is 0.0042678192257881165
9050	0.148	0.945	0.514	0.362
9060	0.134	0.955	0.504	0.366
9070	0.139	0.946	0.507	0.367
9080	0.133	0.960	0.501	0.366
9090	0.141	0.942	0.507	0.358
eigenvalues:  tensor([41.4611, 40.7086])
hess item is 0.004261348862200975
9100	0.136	0.950	0.506	0.363
9110	0.138	0.956	0.507	0.356
9120	0.131	0.966	0.503	0.360
9130	0.136	0.963	0.509	0.362
9140	0.131	0.967	0.505	0.364
eigenvalues:  tensor([42.0773, 41.4508])
hess item is 0.00424697482958436
9150	0.145	0.944	0.519	0.349
9160	0.132	0.956	0.505	0.356
9170	0.141	0.949	0.513	0.357
9180	0.135	0.958	0.508	0.361
9190	0.135	0.957	0.509	0.356
eigenvalues:  tensor([41.5221, 40.8595])
hess item is 0.004237235523760319
9200	0.134	0.951	0.508	0.358
9210	0.130	0.960	0.504	0.364
9220	0.133	0.961	0.507	0.368
9230	0.134	0.961	0.510	0.367
9240	0.134	0.959	0.508	0.361
eigenvalues:  tensor([42.0388, 41.1576])
hess item is 0.004224757198244333
9250	0.138	0.960	0.515	0.360
9260	0.130	0.959	0.506	0.366
9270	0.129	0.954	0.506	0.364
9280	0.128	0.956	0.507	0.368
9290	0.142	0.950	0.517	0.354
eigenvalues:  tensor([41.6209, 41.4014])
hess item is 0.004218807443976402
9300	0.134	0.954	0.513	0.357
9310	0.130	0.955	0.510	0.363
9320	0.127	0.961	0.508	0.365
9330	0.131	0.958	0.510	0.363
9340	0.128	0.965	0.507	0.359
eigenvalues:  tensor([41.5070, 40.7599])
hess item is 0.004204069264233112
9350	0.123	0.970	0.506	0.360
9360	0.133	0.959	0.514	0.359
9370	0.121	0.969	0.505	0.369
9380	0.128	0.966	0.513	0.372
9390	0.133	0.960	0.515	0.368
eigenvalues:  tensor([41.7629, 41.2707])
hess item is 0.0042024534195661545
9400	0.126	0.964	0.510	0.361
9410	0.131	0.957	0.515	0.365
9420	0.130	0.950	0.515	0.357
9430	0.123	0.963	0.510	0.360
9440	0.130	0.958	0.518	0.354
eigenvalues:  tensor([42.2438, 41.1628])
hess item is 0.004208947066217661
9450	0.128	0.960	0.515	0.361
9460	0.131	0.956	0.516	0.360
9470	0.119	0.968	0.507	0.366
9480	0.121	0.968	0.509	0.364
9490	0.134	0.960	0.519	0.354
eigenvalues:  tensor([41.5019, 40.8016])
hess item is 0.004194633103907108
9500	0.116	0.971	0.505	0.364
9510	0.123	0.966	0.513	0.364
9520	0.125	0.965	0.515	0.358
9530	0.127	0.958	0.517	0.362
9540	0.126	0.957	0.514	0.365
eigenvalues:  tensor([41.9966, 41.3023])
hess item is 0.004196756053715944
9550	0.124	0.961	0.514	0.366
9560	0.130	0.949	0.522	0.358
9570	0.123	0.960	0.517	0.360
9580	0.132	0.953	0.525	0.359
9590	0.121	0.964	0.514	0.362
eigenvalues:  tensor([41.7294, 41.0256])
hess item is 0.004187004175037146
9600	0.121	0.967	0.514	0.356
9610	0.122	0.970	0.517	0.356
9620	0.115	0.972	0.511	0.358
9630	0.125	0.962	0.521	0.352
9640	0.120	0.968	0.517	0.360
eigenvalues:  tensor([41.8855, 41.3745])
hess item is 0.00418204627931118
9650	0.121	0.966	0.517	0.363
9660	0.121	0.960	0.519	0.355
9670	0.123	0.965	0.519	0.356
9680	0.122	0.969	0.518	0.360
9690	0.117	0.973	0.515	0.369
eigenvalues:  tensor([41.6646, 40.8310])
hess item is 0.004169792402535677
9700	0.124	0.964	0.525	0.354
9710	0.119	0.971	0.520	0.353
9720	0.120	0.970	0.520	0.359
9730	0.115	0.970	0.515	0.369
9740	0.129	0.952	0.526	0.357
eigenvalues:  tensor([41.5938, 40.9936])
hess item is 0.004166655708104372
9750	0.118	0.967	0.519	0.352
9760	0.114	0.973	0.517	0.355
9770	0.119	0.968	0.523	0.359
9780	0.120	0.962	0.520	0.361
9790	0.120	0.961	0.522	0.360
eigenvalues:  tensor([41.5602, 40.5549])
hess item is 0.004160902462899685
9800	0.113	0.972	0.518	0.361
9810	0.120	0.964	0.525	0.358
9820	0.113	0.973	0.518	0.359
9830	0.112	0.975	0.518	0.357
9840	0.114	0.971	0.519	0.358
eigenvalues:  tensor([41.7299, 41.0395])
hess item is 0.0041538565419614315
9850	0.115	0.966	0.520	0.363
9860	0.132	0.950	0.535	0.347
9870	0.109	0.974	0.515	0.355
9880	0.114	0.971	0.521	0.353
9890	0.110	0.971	0.517	0.361
eigenvalues:  tensor([41.5332, 41.0208])
hess item is 0.004143600817769766
9900	0.113	0.970	0.520	0.362
9910	0.116	0.965	0.523	0.363
9920	0.118	0.965	0.527	0.361
9930	0.112	0.970	0.522	0.358
9940	0.111	0.977	0.523	0.355
eigenvalues:  tensor([41.6632, 41.2272])
hess item is 0.004136765841394663
9950	0.125	0.965	0.533	0.348
9960	0.110	0.972	0.520	0.356
9970	0.117	0.968	0.528	0.354
9980	0.112	0.971	0.524	0.359
9990	0.115	0.972	0.526	0.356
