device: cuda:3
output directory: RESULTS/cifar10-10k/fc-tanh/seed_0/mse/ivon/lr_0.0005/h0_1.0/ess_3000000.0/post_50/beta2_0.999/beta_0.0_alpha_100.0_ivon
Files already downloaded and verified
Files already downloaded and verified
optimizer is IVON
0	0.597	0.131	0.597	0.131
10	0.574	0.136	0.574	0.137
20	0.558	0.142	0.559	0.142
30	0.547	0.148	0.548	0.148
40	0.538	0.155	0.540	0.155
eigenvalues:  tensor([80.6443, 66.5461])
hess item is 0.9513469934463501
50	0.532	0.161	0.533	0.163
60	0.526	0.168	0.527	0.168
70	0.521	0.173	0.523	0.174
80	0.517	0.178	0.519	0.178
90	0.514	0.183	0.515	0.183
eigenvalues:  tensor([80.3168, 66.1578])
hess item is 0.9050840139389038
100	0.510	0.189	0.512	0.186
110	0.507	0.195	0.509	0.191
120	0.505	0.198	0.506	0.194
130	0.502	0.201	0.504	0.197
140	0.500	0.206	0.502	0.200
eigenvalues:  tensor([79.8439, 65.6921])
hess item is 0.8610800504684448
150	0.497	0.210	0.499	0.202
160	0.495	0.211	0.497	0.204
170	0.493	0.213	0.495	0.207
180	0.491	0.216	0.493	0.210
190	0.489	0.219	0.491	0.213
eigenvalues:  tensor([79.4058, 65.2284])
hess item is 0.8192198872566223
200	0.487	0.221	0.489	0.215
210	0.485	0.224	0.488	0.217
220	0.483	0.226	0.486	0.219
230	0.482	0.227	0.484	0.221
240	0.480	0.230	0.483	0.223
eigenvalues:  tensor([78.9992, 64.7784])
hess item is 0.7794050574302673
250	0.478	0.231	0.481	0.225
260	0.477	0.233	0.480	0.227
270	0.475	0.235	0.478	0.230
280	0.474	0.239	0.477	0.230
290	0.472	0.241	0.475	0.231
eigenvalues:  tensor([78.6177, 64.3417])
hess item is 0.7415330410003662
300	0.471	0.243	0.474	0.234
310	0.470	0.245	0.473	0.235
320	0.468	0.245	0.472	0.237
330	0.467	0.247	0.470	0.238
340	0.466	0.249	0.469	0.241
eigenvalues:  tensor([78.2408, 63.9238])
hess item is 0.705510139465332
350	0.465	0.250	0.468	0.243
360	0.463	0.252	0.467	0.245
370	0.462	0.256	0.466	0.246
380	0.461	0.258	0.465	0.248
390	0.460	0.260	0.464	0.250
eigenvalues:  tensor([77.8739, 63.5197])
hess item is 0.6712440252304077
400	0.459	0.261	0.463	0.251
410	0.458	0.262	0.462	0.252
420	0.457	0.263	0.461	0.253
430	0.456	0.266	0.460	0.254
440	0.455	0.267	0.459	0.256
eigenvalues:  tensor([77.5159, 63.1325])
hess item is 0.6386503577232361
450	0.454	0.268	0.458	0.258
460	0.453	0.270	0.457	0.260
470	0.452	0.272	0.456	0.262
480	0.451	0.273	0.455	0.263
490	0.450	0.275	0.454	0.264
eigenvalues:  tensor([77.1642, 62.7612])
hess item is 0.6076451539993286
500	0.449	0.277	0.454	0.265
510	0.448	0.278	0.453	0.266
520	0.448	0.280	0.452	0.267
530	0.447	0.281	0.451	0.268
540	0.446	0.283	0.450	0.269
eigenvalues:  tensor([76.8209, 62.4078])
hess item is 0.5781546235084534
550	0.445	0.285	0.449	0.270
560	0.444	0.286	0.449	0.272
570	0.443	0.287	0.448	0.273
580	0.443	0.289	0.447	0.274
590	0.442	0.290	0.447	0.275
eigenvalues:  tensor([76.4767, 62.0770])
hess item is 0.5501021146774292
600	0.441	0.292	0.446	0.277
610	0.440	0.293	0.445	0.278
620	0.440	0.294	0.445	0.280
630	0.439	0.296	0.444	0.282
640	0.438	0.297	0.443	0.282
eigenvalues:  tensor([76.1455, 61.7794])
hess item is 0.5234175324440002
650	0.438	0.299	0.443	0.283
660	0.437	0.300	0.442	0.284
670	0.436	0.300	0.441	0.285
680	0.435	0.303	0.441	0.286
690	0.435	0.303	0.440	0.287
eigenvalues:  tensor([75.8252, 61.5203])
hess item is 0.4980340003967285
700	0.434	0.304	0.440	0.289
710	0.434	0.305	0.439	0.289
720	0.433	0.307	0.438	0.290
730	0.432	0.308	0.438	0.291
740	0.432	0.310	0.437	0.292
eigenvalues:  tensor([75.5005, 61.3011])
hess item is 0.4738893508911133
750	0.431	0.311	0.437	0.293
760	0.431	0.313	0.436	0.294
770	0.430	0.313	0.436	0.295
780	0.429	0.314	0.435	0.295
790	0.429	0.315	0.435	0.296
eigenvalues:  tensor([75.1827, 61.1099])
hess item is 0.4509231150150299
800	0.428	0.315	0.434	0.298
810	0.428	0.317	0.434	0.298
820	0.427	0.317	0.433	0.299
830	0.427	0.319	0.433	0.299
840	0.426	0.320	0.432	0.300
eigenvalues:  tensor([74.8765, 60.9417])
hess item is 0.4290756583213806
850	0.426	0.322	0.432	0.301
860	0.425	0.323	0.431	0.302
870	0.425	0.325	0.431	0.303
880	0.424	0.326	0.430	0.303
890	0.424	0.328	0.430	0.304
eigenvalues:  tensor([74.5805, 60.7809])
hess item is 0.4082943797111511
900	0.423	0.329	0.430	0.304
910	0.423	0.330	0.429	0.304
920	0.422	0.331	0.429	0.304
930	0.422	0.332	0.428	0.305
940	0.421	0.333	0.428	0.306
eigenvalues:  tensor([74.2870, 60.6296])
hess item is 0.38852664828300476
950	0.421	0.334	0.427	0.306
960	0.420	0.335	0.427	0.306
970	0.420	0.336	0.427	0.307
980	0.419	0.336	0.426	0.308
990	0.419	0.338	0.426	0.308
eigenvalues:  tensor([73.9963, 60.4838])
hess item is 0.36972305178642273
1000	0.419	0.338	0.426	0.309
1010	0.418	0.339	0.425	0.309
1020	0.418	0.340	0.425	0.311
1030	0.417	0.342	0.424	0.312
1040	0.417	0.342	0.424	0.313
eigenvalues:  tensor([73.7230, 60.3383])
hess item is 0.3518364727497101
1050	0.416	0.343	0.424	0.314
1060	0.416	0.344	0.423	0.315
1070	0.416	0.345	0.423	0.316
1080	0.415	0.346	0.423	0.317
1090	0.415	0.347	0.422	0.318
eigenvalues:  tensor([73.4349, 60.1993])
hess item is 0.33482179045677185
1100	0.415	0.348	0.422	0.319
1110	0.414	0.349	0.422	0.320
1120	0.414	0.350	0.422	0.320
1130	0.413	0.350	0.421	0.321
1140	0.413	0.351	0.421	0.322
eigenvalues:  tensor([73.1712, 60.0602])
hess item is 0.31863734126091003
1150	0.413	0.352	0.421	0.322
1160	0.412	0.352	0.420	0.323
1170	0.412	0.353	0.420	0.324
1180	0.412	0.354	0.420	0.325
1190	0.411	0.356	0.419	0.325
eigenvalues:  tensor([72.9038, 59.9251])
hess item is 0.3032413125038147
1200	0.411	0.357	0.419	0.326
1210	0.411	0.357	0.419	0.327
1220	0.410	0.358	0.419	0.328
1230	0.410	0.360	0.418	0.328
1240	0.410	0.360	0.418	0.328
eigenvalues:  tensor([72.6324, 59.7939])
hess item is 0.2885967195034027
1250	0.409	0.360	0.418	0.329
1260	0.409	0.362	0.418	0.331
1270	0.409	0.362	0.417	0.332
1280	0.408	0.363	0.417	0.333
1290	0.408	0.364	0.417	0.333
eigenvalues:  tensor([72.3768, 59.6580])
hess item is 0.27466562390327454
1300	0.408	0.365	0.416	0.333
1310	0.407	0.365	0.416	0.333
1320	0.407	0.366	0.416	0.334
1330	0.407	0.366	0.416	0.335
1340	0.406	0.368	0.416	0.335
eigenvalues:  tensor([72.1208, 59.5271])
hess item is 0.2614145874977112
1350	0.406	0.368	0.415	0.336
1360	0.406	0.369	0.415	0.337
1370	0.405	0.370	0.415	0.338
1380	0.405	0.371	0.415	0.338
1390	0.405	0.371	0.414	0.339
eigenvalues:  tensor([71.8783, 59.3905])
hess item is 0.2488090991973877
1400	0.405	0.372	0.414	0.339
1410	0.404	0.373	0.414	0.339
1420	0.404	0.374	0.414	0.340
1430	0.404	0.375	0.414	0.340
1440	0.403	0.377	0.413	0.340
eigenvalues:  tensor([71.6330, 59.2639])
hess item is 0.23681874573230743
1450	0.403	0.377	0.413	0.340
1460	0.403	0.378	0.413	0.342
1470	0.403	0.378	0.413	0.343
1480	0.402	0.379	0.412	0.343
1490	0.402	0.379	0.412	0.343
eigenvalues:  tensor([71.3802, 59.1321])
hess item is 0.22541287541389465
1500	0.402	0.380	0.412	0.345
1510	0.402	0.381	0.412	0.345
1520	0.401	0.381	0.412	0.346
1530	0.401	0.383	0.412	0.347
1540	0.401	0.383	0.411	0.348
eigenvalues:  tensor([71.1353, 59.0030])
hess item is 0.21456313133239746
1550	0.400	0.383	0.411	0.349
1560	0.400	0.384	0.411	0.349
1570	0.400	0.385	0.411	0.350
1580	0.400	0.386	0.411	0.351
1590	0.399	0.387	0.410	0.350
eigenvalues:  tensor([70.8804, 58.8810])
hess item is 0.20424218475818634
1600	0.399	0.387	0.410	0.350
1610	0.399	0.388	0.410	0.351
1620	0.399	0.390	0.410	0.351
1630	0.398	0.390	0.410	0.352
1640	0.398	0.390	0.410	0.352
eigenvalues:  tensor([70.6505, 58.7593])
hess item is 0.19442494213581085
1650	0.398	0.391	0.409	0.352
1660	0.398	0.391	0.409	0.352
1670	0.398	0.392	0.409	0.353
1680	0.397	0.393	0.409	0.353
1690	0.397	0.394	0.409	0.354
eigenvalues:  tensor([70.4190, 58.6236])
hess item is 0.1850859671831131
1700	0.397	0.395	0.409	0.354
1710	0.397	0.395	0.408	0.354
1720	0.396	0.396	0.408	0.355
1730	0.396	0.396	0.408	0.355
1740	0.396	0.397	0.408	0.355
eigenvalues:  tensor([70.1629, 58.5012])
hess item is 0.17620261013507843
1750	0.396	0.398	0.408	0.355
1760	0.395	0.398	0.408	0.356
1770	0.395	0.399	0.408	0.356
1780	0.395	0.399	0.407	0.356
1790	0.395	0.400	0.407	0.356
eigenvalues:  tensor([69.9347, 58.3703])
hess item is 0.1677524894475937
1800	0.395	0.401	0.407	0.356
1810	0.394	0.401	0.407	0.357
1820	0.394	0.402	0.407	0.357
1830	0.394	0.402	0.407	0.357
1840	0.394	0.403	0.407	0.357
eigenvalues:  tensor([69.6597, 58.2587])
hess item is 0.15971416234970093
1850	0.393	0.403	0.406	0.358
1860	0.393	0.403	0.406	0.359
1870	0.393	0.404	0.406	0.358
1880	0.393	0.404	0.406	0.359
1890	0.393	0.405	0.406	0.360
eigenvalues:  tensor([69.4296, 58.1194])
hess item is 0.15206792950630188
1900	0.392	0.405	0.406	0.361
1910	0.392	0.406	0.406	0.362
1920	0.392	0.407	0.406	0.361
1930	0.392	0.408	0.405	0.362
1940	0.391	0.408	0.405	0.363
eigenvalues:  tensor([69.1652, 57.9982])
hess item is 0.14479386806488037
1950	0.391	0.409	0.405	0.362
1960	0.391	0.409	0.405	0.363
1970	0.391	0.410	0.405	0.363
1980	0.391	0.412	0.405	0.363
1990	0.390	0.411	0.405	0.364
eigenvalues:  tensor([68.8981, 57.8642])
hess item is 0.13787482678890228
2000	0.390	0.412	0.405	0.365
2010	0.390	0.412	0.404	0.364
2020	0.390	0.414	0.404	0.365
2030	0.390	0.415	0.404	0.365
2040	0.389	0.415	0.404	0.365
eigenvalues:  tensor([68.6415, 57.7273])
hess item is 0.1312928944826126
2050	0.389	0.417	0.404	0.366
2060	0.389	0.418	0.404	0.367
2070	0.389	0.418	0.404	0.367
2080	0.389	0.419	0.404	0.368
2090	0.388	0.420	0.404	0.367
eigenvalues:  tensor([68.3510, 57.5978])
hess item is 0.1250317245721817
2100	0.388	0.421	0.403	0.368
2110	0.388	0.422	0.403	0.368
2120	0.388	0.423	0.403	0.368
2130	0.387	0.424	0.403	0.369
2140	0.387	0.424	0.403	0.369
eigenvalues:  tensor([68.0789, 57.4504])
hess item is 0.11907633394002914
2150	0.387	0.425	0.403	0.369
2160	0.387	0.426	0.403	0.370
2170	0.387	0.427	0.403	0.370
2180	0.386	0.427	0.403	0.370
2190	0.386	0.428	0.402	0.370
eigenvalues:  tensor([67.7751, 57.3221])
hess item is 0.11341097205877304
2200	0.386	0.429	0.402	0.371
2210	0.386	0.430	0.402	0.370
2220	0.386	0.430	0.402	0.371
2230	0.385	0.430	0.402	0.371
2240	0.385	0.431	0.402	0.371
eigenvalues:  tensor([67.4739, 57.1828])
hess item is 0.108021080493927
2250	0.385	0.431	0.402	0.372
2260	0.385	0.432	0.402	0.372
2270	0.385	0.433	0.402	0.373
2280	0.384	0.433	0.402	0.372
2290	0.384	0.434	0.401	0.373
eigenvalues:  tensor([67.1778, 57.0276])
hess item is 0.10289415717124939
2300	0.384	0.434	0.401	0.373
2310	0.384	0.434	0.401	0.373
2320	0.384	0.435	0.401	0.373
2330	0.383	0.435	0.401	0.373
2340	0.383	0.436	0.401	0.373
eigenvalues:  tensor([66.8467, 56.8731])
hess item is 0.09801699966192245
2350	0.383	0.437	0.401	0.374
2360	0.383	0.437	0.401	0.374
2370	0.383	0.438	0.401	0.373
2380	0.382	0.437	0.401	0.374
2390	0.382	0.438	0.400	0.374
eigenvalues:  tensor([66.5015, 56.7190])
hess item is 0.0933784767985344
2400	0.382	0.438	0.400	0.375
2410	0.382	0.440	0.400	0.375
2420	0.382	0.441	0.400	0.375
2430	0.381	0.441	0.400	0.376
2440	0.381	0.442	0.400	0.377
eigenvalues:  tensor([66.1412, 56.5520])
hess item is 0.08896523714065552
2450	0.381	0.443	0.400	0.377
2460	0.381	0.444	0.400	0.377
2470	0.381	0.444	0.400	0.377
2480	0.380	0.444	0.400	0.378
2490	0.380	0.445	0.400	0.378
eigenvalues:  tensor([65.7693, 56.3790])
hess item is 0.08476657420396805
2500	0.380	0.446	0.399	0.378
2510	0.380	0.447	0.399	0.378
2520	0.380	0.447	0.399	0.380
2530	0.379	0.448	0.399	0.380
2540	0.379	0.449	0.399	0.380
eigenvalues:  tensor([65.3866, 56.1945])
hess item is 0.08077279478311539
2550	0.379	0.450	0.399	0.381
2560	0.379	0.451	0.399	0.381
2570	0.379	0.451	0.399	0.381
2580	0.378	0.451	0.399	0.381
2590	0.378	0.452	0.399	0.381
eigenvalues:  tensor([65.0060, 56.0014])
hess item is 0.07697269320487976
2600	0.378	0.454	0.399	0.382
2610	0.378	0.454	0.399	0.382
2620	0.378	0.455	0.398	0.382
2630	0.377	0.455	0.398	0.383
2640	0.377	0.456	0.398	0.384
eigenvalues:  tensor([64.5806, 55.8125])
hess item is 0.07335812598466873
2650	0.377	0.457	0.398	0.384
2660	0.377	0.457	0.398	0.384
2670	0.377	0.459	0.398	0.385
2680	0.376	0.460	0.398	0.384
2690	0.376	0.460	0.398	0.385
eigenvalues:  tensor([64.1712, 55.6117])
hess item is 0.06991991400718689
2700	0.376	0.461	0.398	0.385
2710	0.376	0.462	0.398	0.385
2720	0.376	0.462	0.398	0.386
2730	0.375	0.463	0.398	0.386
2740	0.375	0.464	0.397	0.386
eigenvalues:  tensor([63.7421, 55.4158])
hess item is 0.06664890795946121
2750	0.375	0.465	0.397	0.387
2760	0.375	0.464	0.397	0.387
2770	0.375	0.465	0.397	0.387
2780	0.374	0.466	0.397	0.387
2790	0.374	0.466	0.397	0.387
eigenvalues:  tensor([63.3344, 55.1701])
hess item is 0.063536636531353
2800	0.374	0.467	0.397	0.388
2810	0.374	0.468	0.397	0.389
2820	0.374	0.469	0.397	0.388
2830	0.373	0.468	0.397	0.389
2840	0.373	0.469	0.397	0.389
eigenvalues:  tensor([62.9185, 54.9468])
hess item is 0.06057557091116905
2850	0.373	0.470	0.397	0.389
2860	0.373	0.471	0.397	0.389
2870	0.372	0.472	0.396	0.389
2880	0.372	0.472	0.396	0.390
2890	0.372	0.473	0.396	0.389
eigenvalues:  tensor([62.4456, 54.6906])
hess item is 0.057759128510951996
2900	0.372	0.473	0.396	0.390
2910	0.372	0.474	0.396	0.391
2920	0.371	0.475	0.396	0.391
2930	0.371	0.475	0.396	0.390
2940	0.371	0.476	0.396	0.391
eigenvalues:  tensor([62.0215, 54.4249])
hess item is 0.05507981404662132
2950	0.371	0.477	0.396	0.390
2960	0.371	0.476	0.396	0.391
2970	0.370	0.477	0.396	0.391
2980	0.370	0.477	0.396	0.392
2990	0.370	0.478	0.396	0.392
eigenvalues:  tensor([61.5698, 54.1839])
hess item is 0.05253106355667114
3000	0.370	0.479	0.395	0.393
3010	0.369	0.480	0.395	0.393
3020	0.369	0.479	0.395	0.393
3030	0.369	0.481	0.395	0.393
3040	0.369	0.481	0.395	0.394
eigenvalues:  tensor([61.0969, 53.8939])
hess item is 0.05010627582669258
3050	0.369	0.482	0.395	0.393
3060	0.368	0.484	0.395	0.394
3070	0.368	0.484	0.395	0.395
3080	0.368	0.484	0.395	0.395
3090	0.368	0.485	0.395	0.394
eigenvalues:  tensor([60.6523, 53.6189])
hess item is 0.04779883474111557
3100	0.368	0.486	0.395	0.396
3110	0.367	0.487	0.395	0.396
3120	0.367	0.488	0.395	0.397
3130	0.367	0.487	0.395	0.396
3140	0.367	0.488	0.394	0.396
eigenvalues:  tensor([60.1977, 53.2851])
hess item is 0.04560352861881256
3150	0.366	0.489	0.394	0.397
3160	0.366	0.489	0.394	0.398
3170	0.366	0.488	0.394	0.397
3180	0.366	0.489	0.394	0.396
3190	0.365	0.490	0.394	0.397
eigenvalues:  tensor([59.7122, 52.9536])
hess item is 0.04351555556058884
3200	0.365	0.492	0.394	0.398
3210	0.365	0.492	0.394	0.398
3220	0.365	0.492	0.394	0.399
3230	0.365	0.493	0.394	0.399
3240	0.364	0.495	0.394	0.399
eigenvalues:  tensor([59.2511, 52.6377])
hess item is 0.041528016328811646
3250	0.364	0.496	0.394	0.399
3260	0.364	0.496	0.394	0.400
3270	0.364	0.498	0.394	0.400
3280	0.363	0.496	0.394	0.399
3290	0.363	0.498	0.393	0.400
eigenvalues:  tensor([58.7926, 52.2797])
hess item is 0.03963737189769745
3300	0.363	0.498	0.393	0.400
3310	0.363	0.500	0.393	0.400
3320	0.363	0.500	0.393	0.400
3330	0.362	0.500	0.393	0.401
3340	0.362	0.501	0.393	0.401
eigenvalues:  tensor([58.3996, 51.9167])
hess item is 0.037838201969861984
3350	0.362	0.501	0.393	0.401
3360	0.362	0.503	0.393	0.402
3370	0.361	0.504	0.393	0.402
3380	0.361	0.506	0.393	0.402
3390	0.361	0.503	0.393	0.402
eigenvalues:  tensor([57.8750, 51.5073])
hess item is 0.0361272357404232
3400	0.361	0.506	0.393	0.403
3410	0.360	0.508	0.393	0.403
3420	0.360	0.510	0.393	0.403
3430	0.360	0.508	0.393	0.403
3440	0.360	0.510	0.392	0.404
eigenvalues:  tensor([57.4567, 51.1053])
hess item is 0.03449874743819237
3450	0.359	0.512	0.392	0.404
3460	0.359	0.512	0.392	0.404
3470	0.359	0.512	0.392	0.405
3480	0.359	0.513	0.392	0.404
3490	0.358	0.514	0.392	0.405
eigenvalues:  tensor([56.9246, 50.7044])
hess item is 0.03294871374964714
3500	0.358	0.515	0.392	0.404
3510	0.358	0.516	0.392	0.405
3520	0.358	0.517	0.392	0.405
3530	0.357	0.517	0.392	0.404
3540	0.357	0.518	0.392	0.404
eigenvalues:  tensor([56.4815, 50.2632])
hess item is 0.03147454187273979
3550	0.357	0.518	0.392	0.405
3560	0.357	0.520	0.392	0.406
3570	0.356	0.520	0.392	0.408
3580	0.356	0.522	0.392	0.407
3590	0.356	0.521	0.392	0.406
eigenvalues:  tensor([56.0576, 49.8073])
hess item is 0.03007177822291851
3600	0.356	0.522	0.392	0.407
3610	0.355	0.523	0.391	0.407
3620	0.355	0.524	0.391	0.407
3630	0.355	0.526	0.391	0.408
3640	0.355	0.526	0.391	0.407
eigenvalues:  tensor([55.6202, 49.3715])
hess item is 0.028736155480146408
3650	0.354	0.526	0.391	0.407
3660	0.354	0.525	0.391	0.406
3670	0.354	0.527	0.391	0.407
3680	0.354	0.528	0.391	0.410
3690	0.353	0.528	0.391	0.408
eigenvalues:  tensor([55.1215, 48.9610])
hess item is 0.02746635675430298
3700	0.353	0.530	0.391	0.409
3710	0.353	0.530	0.391	0.407
3720	0.352	0.531	0.391	0.408
3730	0.352	0.534	0.391	0.410
3740	0.352	0.534	0.391	0.408
eigenvalues:  tensor([54.5542, 48.4567])
hess item is 0.026257293298840523
3750	0.352	0.535	0.391	0.407
3760	0.351	0.536	0.391	0.410
3770	0.351	0.536	0.391	0.410
3780	0.351	0.537	0.391	0.410
3790	0.351	0.538	0.391	0.408
eigenvalues:  tensor([54.0916, 47.9630])
hess item is 0.025106849148869514
3800	0.350	0.537	0.390	0.409
3810	0.350	0.537	0.390	0.408
3820	0.350	0.539	0.390	0.410
3830	0.350	0.542	0.390	0.412
3840	0.349	0.541	0.390	0.409
eigenvalues:  tensor([53.6093, 47.4873])
hess item is 0.02401198446750641
3850	0.349	0.543	0.390	0.412
3860	0.349	0.543	0.390	0.409
3870	0.348	0.542	0.390	0.410
3880	0.348	0.544	0.390	0.411
3890	0.348	0.545	0.390	0.411
eigenvalues:  tensor([53.1485, 46.9988])
hess item is 0.022969892248511314
3900	0.348	0.546	0.390	0.410
3910	0.347	0.547	0.390	0.410
3920	0.347	0.548	0.390	0.411
3930	0.347	0.549	0.390	0.412
3940	0.346	0.550	0.390	0.412
eigenvalues:  tensor([52.6013, 46.5332])
hess item is 0.021978341042995453
3950	0.346	0.551	0.390	0.412
3960	0.346	0.552	0.390	0.414
3970	0.346	0.552	0.390	0.412
3980	0.345	0.553	0.390	0.413
3990	0.345	0.555	0.390	0.414
eigenvalues:  tensor([52.1120, 46.0312])
hess item is 0.021034374833106995
4000	0.345	0.555	0.390	0.412
4010	0.344	0.557	0.390	0.414
4020	0.344	0.556	0.389	0.413
4030	0.344	0.556	0.389	0.412
4040	0.343	0.557	0.389	0.412
eigenvalues:  tensor([51.5939, 45.5171])
hess item is 0.02013557218015194
4050	0.343	0.557	0.389	0.413
4060	0.343	0.559	0.389	0.413
4070	0.343	0.559	0.389	0.412
4080	0.342	0.559	0.389	0.412
4090	0.342	0.559	0.389	0.411
eigenvalues:  tensor([51.0871, 45.0293])
hess item is 0.019281135872006416
4100	0.342	0.562	0.389	0.413
4110	0.341	0.561	0.389	0.412
4120	0.341	0.563	0.389	0.412
4130	0.341	0.565	0.389	0.413
4140	0.340	0.564	0.389	0.414
eigenvalues:  tensor([50.5289, 44.5522])
hess item is 0.018466651439666748
4150	0.340	0.566	0.389	0.413
4160	0.340	0.568	0.389	0.413
4170	0.339	0.569	0.389	0.414
4180	0.339	0.569	0.389	0.414
4190	0.339	0.569	0.389	0.413
eigenvalues:  tensor([49.9427, 43.9849])
hess item is 0.01769234612584114
4200	0.339	0.570	0.389	0.413
4210	0.338	0.572	0.389	0.415
4220	0.338	0.572	0.389	0.413
4230	0.338	0.574	0.389	0.414
4240	0.337	0.575	0.389	0.413
eigenvalues:  tensor([49.5299, 43.5515])
hess item is 0.016954706981778145
4250	0.337	0.576	0.389	0.413
4260	0.337	0.577	0.389	0.415
4270	0.336	0.575	0.389	0.413
4280	0.336	0.578	0.389	0.415
4290	0.336	0.577	0.389	0.415
eigenvalues:  tensor([48.8762, 43.0332])
hess item is 0.016253165900707245
4300	0.335	0.580	0.388	0.415
4310	0.335	0.580	0.388	0.414
4320	0.335	0.581	0.388	0.415
4330	0.334	0.581	0.388	0.415
4340	0.334	0.583	0.388	0.415
eigenvalues:  tensor([48.3050, 42.5193])
hess item is 0.01558469608426094
4350	0.334	0.584	0.388	0.416
4360	0.333	0.585	0.388	0.415
4370	0.333	0.586	0.388	0.415
4380	0.333	0.587	0.388	0.417
4390	0.332	0.590	0.388	0.417
eigenvalues:  tensor([47.7594, 42.0391])
hess item is 0.01494868379086256
4400	0.332	0.589	0.388	0.417
4410	0.332	0.589	0.388	0.416
4420	0.331	0.590	0.388	0.417
4430	0.331	0.593	0.388	0.418
4440	0.331	0.594	0.388	0.417
eigenvalues:  tensor([47.1786, 41.5470])
hess item is 0.014343047514557838
4450	0.330	0.593	0.388	0.418
4460	0.330	0.595	0.388	0.416
4470	0.329	0.596	0.388	0.418
4480	0.329	0.599	0.388	0.418
4490	0.329	0.600	0.388	0.419
eigenvalues:  tensor([46.6214, 41.0110])
hess item is 0.013766542077064514
4500	0.328	0.600	0.388	0.417
4510	0.328	0.601	0.388	0.418
4520	0.328	0.603	0.388	0.418
4530	0.327	0.604	0.388	0.419
4540	0.327	0.603	0.388	0.419
eigenvalues:  tensor([45.9681, 40.5634])
hess item is 0.013217607513070107
4550	0.327	0.607	0.388	0.418
4560	0.326	0.609	0.388	0.420
4570	0.326	0.607	0.388	0.420
4580	0.326	0.610	0.388	0.421
4590	0.325	0.610	0.388	0.420
eigenvalues:  tensor([45.3979, 40.0718])
hess item is 0.012694980949163437
4600	0.325	0.610	0.388	0.421
4610	0.325	0.612	0.388	0.420
4620	0.324	0.614	0.388	0.419
4630	0.324	0.615	0.388	0.421
4640	0.323	0.617	0.388	0.422
eigenvalues:  tensor([44.6917, 39.6260])
hess item is 0.012197338044643402
4650	0.323	0.617	0.388	0.421
4660	0.323	0.618	0.388	0.423
4670	0.322	0.618	0.388	0.421
4680	0.322	0.617	0.388	0.423
4690	0.322	0.620	0.388	0.422
eigenvalues:  tensor([44.0222, 39.1517])
hess item is 0.011723223142325878
4700	0.321	0.620	0.388	0.421
4710	0.321	0.623	0.388	0.422
4720	0.320	0.622	0.388	0.423
4730	0.320	0.624	0.388	0.424
4740	0.320	0.626	0.388	0.424
eigenvalues:  tensor([43.5149, 38.6908])
hess item is 0.011271921917796135
4750	0.319	0.627	0.388	0.423
4760	0.319	0.627	0.388	0.424
4770	0.319	0.629	0.388	0.423
4780	0.318	0.631	0.388	0.423
4790	0.318	0.632	0.388	0.423
eigenvalues:  tensor([42.8921, 38.2394])
hess item is 0.010841533541679382
4800	0.317	0.634	0.388	0.423
4810	0.317	0.635	0.388	0.423
4820	0.317	0.633	0.388	0.425
4830	0.316	0.637	0.388	0.422
4840	0.316	0.639	0.388	0.424
eigenvalues:  tensor([42.1848, 37.8002])
hess item is 0.010431465692818165
4850	0.315	0.639	0.388	0.423
4860	0.315	0.637	0.388	0.424
4870	0.315	0.640	0.388	0.424
4880	0.314	0.640	0.388	0.425
4890	0.314	0.641	0.388	0.425
eigenvalues:  tensor([41.6103, 37.4087])
hess item is 0.010040544904768467
4900	0.314	0.642	0.388	0.423
4910	0.313	0.642	0.388	0.424
4920	0.313	0.643	0.388	0.425
4930	0.312	0.646	0.388	0.423
4940	0.312	0.646	0.388	0.425
eigenvalues:  tensor([41.0493, 36.9666])
hess item is 0.009669307619333267
4950	0.311	0.646	0.388	0.424
4960	0.311	0.648	0.388	0.425
4970	0.311	0.648	0.388	0.425
4980	0.310	0.651	0.388	0.426
4990	0.310	0.650	0.388	0.426
eigenvalues:  tensor([40.3670, 36.5591])
hess item is 0.009316109120845795
5000	0.309	0.654	0.388	0.427
5010	0.309	0.651	0.388	0.426
5020	0.309	0.656	0.388	0.424
5030	0.308	0.654	0.388	0.426
5040	0.308	0.656	0.388	0.425
eigenvalues:  tensor([39.7432, 36.2248])
hess item is 0.008979185484349728
5050	0.307	0.657	0.388	0.426
5060	0.307	0.660	0.388	0.427
5070	0.306	0.660	0.388	0.427
5080	0.306	0.661	0.388	0.426
5090	0.306	0.664	0.388	0.426
eigenvalues:  tensor([39.1293, 35.7589])
hess item is 0.008658205159008503
5100	0.305	0.664	0.388	0.428
5110	0.305	0.664	0.388	0.428
5120	0.304	0.665	0.388	0.426
5130	0.304	0.665	0.388	0.427
5140	0.304	0.668	0.388	0.426
eigenvalues:  tensor([38.5815, 35.4168])
hess item is 0.008352742530405521
5150	0.303	0.668	0.388	0.428
5160	0.303	0.672	0.388	0.428
5170	0.302	0.670	0.388	0.428
5180	0.302	0.673	0.388	0.427
5190	0.301	0.674	0.389	0.426
eigenvalues:  tensor([38.0565, 35.0495])
hess item is 0.008060907945036888
5200	0.301	0.675	0.388	0.428
5210	0.300	0.677	0.388	0.427
5220	0.300	0.677	0.388	0.427
5230	0.300	0.681	0.389	0.427
5240	0.299	0.679	0.389	0.427
eigenvalues:  tensor([37.5055, 34.7277])
hess item is 0.00778245460242033
5250	0.299	0.681	0.389	0.427
5260	0.298	0.685	0.389	0.426
5270	0.298	0.681	0.389	0.429
5280	0.297	0.684	0.389	0.428
5290	0.297	0.687	0.389	0.428
eigenvalues:  tensor([36.9767, 34.3823])
hess item is 0.007517028599977493
5300	0.297	0.688	0.389	0.427
5310	0.296	0.688	0.389	0.428
5320	0.296	0.691	0.389	0.427
5330	0.295	0.691	0.389	0.427
5340	0.295	0.689	0.389	0.427
eigenvalues:  tensor([36.4203, 34.0871])
hess item is 0.007264396641403437
5350	0.295	0.693	0.389	0.428
5360	0.294	0.694	0.389	0.427
5370	0.293	0.696	0.389	0.428
5380	0.293	0.700	0.389	0.428
5390	0.293	0.698	0.389	0.430
eigenvalues:  tensor([35.8594, 33.7258])
hess item is 0.007024041842669249
5400	0.292	0.701	0.389	0.430
5410	0.292	0.699	0.389	0.429
5420	0.291	0.699	0.389	0.430
5430	0.291	0.700	0.389	0.428
5440	0.290	0.703	0.389	0.430
eigenvalues:  tensor([35.4029, 33.4056])
hess item is 0.006794478744268417
5450	0.290	0.705	0.390	0.428
5460	0.290	0.703	0.390	0.429
5470	0.289	0.705	0.390	0.430
5480	0.288	0.708	0.390	0.429
5490	0.288	0.709	0.390	0.429
eigenvalues:  tensor([34.8646, 33.1461])
hess item is 0.006575628183782101
5500	0.288	0.709	0.390	0.429
5510	0.287	0.708	0.390	0.428
5520	0.288	0.710	0.390	0.429
5530	0.286	0.714	0.390	0.429
5540	0.286	0.715	0.390	0.430
eigenvalues:  tensor([34.3527, 32.9360])
hess item is 0.006367309018969536
5550	0.285	0.715	0.390	0.430
5560	0.285	0.717	0.390	0.430
5570	0.285	0.715	0.390	0.429
5580	0.284	0.719	0.390	0.428
5590	0.284	0.721	0.390	0.430
eigenvalues:  tensor([34.0065, 32.6852])
hess item is 0.006167956627905369
5600	0.283	0.721	0.390	0.429
5610	0.283	0.722	0.391	0.429
5620	0.283	0.721	0.391	0.429
5630	0.282	0.724	0.390	0.431
5640	0.281	0.726	0.391	0.428
eigenvalues:  tensor([33.5613, 32.4720])
hess item is 0.005978190805763006
5650	0.281	0.727	0.391	0.429
5660	0.281	0.728	0.391	0.431
5670	0.280	0.727	0.391	0.428
5680	0.280	0.730	0.391	0.430
5690	0.279	0.731	0.391	0.431
eigenvalues:  tensor([33.1370, 32.2589])
hess item is 0.0057977344840765
5700	0.279	0.732	0.391	0.429
5710	0.278	0.731	0.391	0.430
5720	0.278	0.735	0.391	0.430
5730	0.277	0.734	0.391	0.429
5740	0.277	0.737	0.392	0.430
eigenvalues:  tensor([32.7370, 31.9991])
hess item is 0.005625247489660978
5750	0.276	0.739	0.391	0.430
5760	0.276	0.738	0.391	0.430
5770	0.276	0.741	0.392	0.428
5780	0.275	0.738	0.392	0.429
5790	0.275	0.738	0.392	0.427
eigenvalues:  tensor([32.3746, 31.8110])
hess item is 0.005459942854940891
5800	0.274	0.742	0.392	0.430
5810	0.274	0.744	0.392	0.430
5820	0.273	0.744	0.392	0.430
5830	0.273	0.748	0.392	0.428
5840	0.273	0.747	0.393	0.424
eigenvalues:  tensor([32.0239, 31.6131])
hess item is 0.005303180310875177
5850	0.272	0.751	0.393	0.430
5860	0.272	0.750	0.393	0.429
5870	0.271	0.750	0.393	0.426
5880	0.271	0.749	0.393	0.428
5890	0.270	0.753	0.392	0.428
eigenvalues:  tensor([31.7216, 31.4522])
hess item is 0.005154392682015896
5900	0.270	0.753	0.394	0.426
5910	0.269	0.756	0.393	0.429
5920	0.269	0.755	0.393	0.426
5930	0.268	0.759	0.393	0.428
5940	0.268	0.758	0.393	0.428
eigenvalues:  tensor([31.4152, 31.1657])
hess item is 0.005012067500501871
5950	0.267	0.760	0.393	0.428
5960	0.267	0.764	0.394	0.425
5970	0.266	0.766	0.393	0.428
5980	0.266	0.764	0.393	0.427
5990	0.266	0.764	0.394	0.429
eigenvalues:  tensor([31.1515, 31.1058])
hess item is 0.004875822924077511
6000	0.266	0.766	0.395	0.426
6010	0.265	0.767	0.394	0.427
6020	0.264	0.769	0.394	0.430
6030	0.264	0.765	0.395	0.425
6040	0.263	0.769	0.394	0.427
eigenvalues:  tensor([30.8253, 30.8052])
hess item is 0.004745131358504295
6050	0.263	0.769	0.394	0.425
6060	0.262	0.771	0.395	0.429
6070	0.262	0.772	0.395	0.426
6080	0.261	0.772	0.395	0.428
6090	0.261	0.776	0.395	0.428
eigenvalues:  tensor([30.6603, 30.6160])
hess item is 0.0046209972351789474
6100	0.260	0.776	0.395	0.428
6110	0.260	0.776	0.395	0.426
6120	0.260	0.776	0.395	0.426
6130	0.259	0.781	0.395	0.428
6140	0.259	0.782	0.395	0.426
eigenvalues:  tensor([30.5159, 30.3046])
hess item is 0.0045026745647192
6150	0.258	0.783	0.396	0.425
6160	0.259	0.780	0.396	0.423
6170	0.257	0.783	0.396	0.428
6180	0.257	0.785	0.396	0.425
6190	0.256	0.786	0.396	0.427
eigenvalues:  tensor([30.3337, 30.0955])
hess item is 0.004389336332678795
6200	0.256	0.788	0.396	0.426
6210	0.256	0.787	0.397	0.427
6220	0.256	0.788	0.397	0.424
6230	0.254	0.792	0.396	0.427
6240	0.254	0.791	0.396	0.426
eigenvalues:  tensor([30.2648, 29.9146])
hess item is 0.004281521309167147
6250	0.254	0.791	0.397	0.424
6260	0.255	0.791	0.398	0.423
6270	0.253	0.794	0.397	0.427
6280	0.252	0.795	0.397	0.429
6290	0.252	0.795	0.398	0.428
eigenvalues:  tensor([30.0284, 29.7297])
hess item is 0.004178338218480349
6300	0.251	0.798	0.397	0.426
6310	0.251	0.799	0.397	0.425
6320	0.251	0.798	0.398	0.427
6330	0.251	0.795	0.398	0.423
6340	0.250	0.801	0.398	0.428
eigenvalues:  tensor([30.0649, 29.6140])
hess item is 0.004079950042068958
6350	0.250	0.798	0.398	0.423
6360	0.250	0.802	0.399	0.423
6370	0.249	0.804	0.398	0.424
6380	0.248	0.806	0.398	0.425
6390	0.247	0.806	0.398	0.426
eigenvalues:  tensor([29.8361, 29.3646])
hess item is 0.003985620569437742
6400	0.247	0.805	0.399	0.426
6410	0.246	0.809	0.398	0.425
6420	0.247	0.806	0.399	0.425
6430	0.246	0.810	0.399	0.423
6440	0.246	0.812	0.399	0.424
eigenvalues:  tensor([29.6489, 29.3044])
hess item is 0.003895604284480214
6450	0.245	0.810	0.399	0.425
6460	0.244	0.811	0.399	0.424
6470	0.244	0.811	0.399	0.423
6480	0.243	0.817	0.399	0.424
6490	0.243	0.815	0.400	0.423
eigenvalues:  tensor([29.7019, 29.2679])
hess item is 0.003809940768405795
6500	0.243	0.817	0.400	0.423
6510	0.242	0.814	0.400	0.426
6520	0.242	0.817	0.400	0.423
6530	0.242	0.817	0.401	0.423
6540	0.241	0.817	0.400	0.424
eigenvalues:  tensor([29.4800, 29.1526])
hess item is 0.003728053066879511
6550	0.240	0.818	0.400	0.424
6560	0.240	0.821	0.400	0.426
6570	0.239	0.822	0.400	0.425
6580	0.239	0.824	0.401	0.424
6590	0.239	0.822	0.401	0.425
eigenvalues:  tensor([29.4878, 29.0872])
hess item is 0.0036489020567387342
6600	0.238	0.823	0.401	0.423
6610	0.238	0.822	0.401	0.424
6620	0.238	0.826	0.401	0.423
6630	0.237	0.825	0.401	0.422
6640	0.238	0.825	0.403	0.420
eigenvalues:  tensor([29.4778, 29.0383])
hess item is 0.003573153866454959
6650	0.237	0.831	0.402	0.420
6660	0.236	0.830	0.402	0.424
6670	0.235	0.829	0.402	0.423
6680	0.235	0.832	0.402	0.419
6690	0.234	0.832	0.402	0.422
eigenvalues:  tensor([29.3648, 28.9537])
hess item is 0.003500467399135232
6700	0.234	0.833	0.402	0.422
6710	0.233	0.832	0.403	0.422
6720	0.233	0.831	0.403	0.424
6730	0.234	0.833	0.404	0.422
6740	0.232	0.839	0.403	0.422
eigenvalues:  tensor([29.1727, 28.8720])
hess item is 0.00343160517513752
6750	0.232	0.839	0.403	0.421
6760	0.231	0.837	0.403	0.421
6770	0.231	0.837	0.403	0.423
6780	0.231	0.841	0.404	0.421
6790	0.230	0.841	0.404	0.419
eigenvalues:  tensor([29.3083, 28.9686])
hess item is 0.0033660174813121557
6800	0.230	0.839	0.404	0.422
6810	0.230	0.841	0.405	0.421
6820	0.229	0.844	0.404	0.420
6830	0.229	0.843	0.404	0.419
6840	0.228	0.844	0.404	0.422
eigenvalues:  tensor([29.1381, 28.8487])
hess item is 0.003304156241938472
6850	0.227	0.847	0.404	0.420
6860	0.227	0.845	0.404	0.422
6870	0.227	0.845	0.405	0.421
6880	0.227	0.849	0.405	0.419
6890	0.226	0.845	0.406	0.419
eigenvalues:  tensor([29.1445, 28.9241])
hess item is 0.0032447485718876123
6900	0.225	0.849	0.405	0.420
6910	0.225	0.849	0.406	0.420
6920	0.225	0.852	0.406	0.418
6930	0.224	0.849	0.405	0.420
6940	0.225	0.851	0.407	0.419
eigenvalues:  tensor([29.1329, 28.8621])
hess item is 0.00318721286021173
6950	0.223	0.853	0.406	0.420
6960	0.223	0.855	0.406	0.419
6970	0.223	0.857	0.407	0.419
6980	0.222	0.854	0.407	0.418
6990	0.222	0.855	0.406	0.420
eigenvalues:  tensor([29.2206, 28.9838])
hess item is 0.0031324150040745735
7000	0.222	0.854	0.407	0.420
7010	0.221	0.857	0.407	0.419
7020	0.221	0.858	0.407	0.421
7030	0.220	0.861	0.407	0.419
7040	0.220	0.859	0.407	0.420
eigenvalues:  tensor([29.1054, 28.9019])
hess item is 0.0030795081984251738
7050	0.219	0.861	0.408	0.418
7060	0.219	0.861	0.408	0.419
7070	0.219	0.861	0.408	0.420
7080	0.218	0.863	0.408	0.420
7090	0.218	0.861	0.408	0.420
eigenvalues:  tensor([29.0877, 28.9063])
hess item is 0.003029102925211191
7100	0.217	0.865	0.408	0.419
7110	0.217	0.865	0.408	0.419
7120	0.217	0.862	0.409	0.419
7130	0.216	0.865	0.409	0.421
7140	0.216	0.870	0.409	0.416
eigenvalues:  tensor([29.1066, 28.9683])
hess item is 0.0029811032582074404
7150	0.216	0.867	0.410	0.418
7160	0.215	0.870	0.409	0.417
7170	0.214	0.867	0.409	0.418
7180	0.214	0.871	0.410	0.417
7190	0.213	0.871	0.409	0.419
eigenvalues:  tensor([29.1227, 28.9647])
hess item is 0.0029347953386604786
7200	0.213	0.871	0.409	0.418
7210	0.213	0.870	0.410	0.418
7220	0.212	0.872	0.410	0.418
7230	0.213	0.871	0.411	0.416
7240	0.214	0.868	0.413	0.414
eigenvalues:  tensor([29.1907, 29.0225])
hess item is 0.002891596406698227
7250	0.211	0.875	0.410	0.416
7260	0.211	0.870	0.411	0.418
7270	0.211	0.875	0.411	0.417
7280	0.210	0.877	0.411	0.416
7290	0.210	0.876	0.411	0.418
eigenvalues:  tensor([29.1785, 29.0137])
hess item is 0.0028492165729403496
7300	0.209	0.876	0.411	0.417
7310	0.209	0.878	0.411	0.415
7320	0.208	0.879	0.411	0.416
7330	0.209	0.879	0.412	0.414
7340	0.208	0.879	0.412	0.417
eigenvalues:  tensor([29.1922, 29.0453])
hess item is 0.00280770449899137
7350	0.207	0.880	0.412	0.418
7360	0.207	0.880	0.412	0.416
7370	0.207	0.882	0.412	0.415
7380	0.207	0.880	0.413	0.414
7390	0.206	0.884	0.413	0.415
eigenvalues:  tensor([29.2554, 29.0417])
hess item is 0.002769316080957651
7400	0.206	0.882	0.413	0.416
7410	0.205	0.884	0.413	0.414
7420	0.204	0.887	0.413	0.417
7430	0.205	0.886	0.414	0.415
7440	0.204	0.887	0.413	0.417
eigenvalues:  tensor([29.2284, 29.0550])
hess item is 0.0027326103299856186
7450	0.204	0.885	0.414	0.417
7460	0.203	0.885	0.414	0.416
7470	0.203	0.887	0.414	0.415
7480	0.202	0.890	0.414	0.414
7490	0.202	0.890	0.414	0.416
eigenvalues:  tensor([29.3165, 29.1661])
hess item is 0.0026963886339217424
7500	0.202	0.886	0.415	0.414
7510	0.201	0.887	0.415	0.414
7520	0.202	0.889	0.415	0.413
7530	0.201	0.890	0.415	0.412
7540	0.200	0.891	0.415	0.414
eigenvalues:  tensor([29.3225, 29.0796])
hess item is 0.002661896636709571
7550	0.200	0.892	0.415	0.416
7560	0.200	0.892	0.415	0.415
7570	0.199	0.895	0.415	0.414
7580	0.199	0.895	0.415	0.414
7590	0.198	0.894	0.415	0.414
eigenvalues:  tensor([29.3524, 29.1614])
hess item is 0.002627287060022354
7600	0.198	0.893	0.416	0.415
7610	0.198	0.895	0.416	0.414
7620	0.197	0.897	0.416	0.413
7630	0.198	0.893	0.417	0.413
7640	0.197	0.897	0.416	0.414
eigenvalues:  tensor([29.4771, 29.2362])
hess item is 0.0025960432831197977
7650	0.196	0.898	0.416	0.413
7660	0.196	0.898	0.417	0.413
7670	0.196	0.896	0.417	0.413
7680	0.196	0.899	0.417	0.412
7690	0.195	0.898	0.417	0.412
eigenvalues:  tensor([29.4917, 29.2131])
hess item is 0.0025653576012700796
7700	0.195	0.899	0.417	0.413
7710	0.194	0.899	0.417	0.413
7720	0.194	0.899	0.418	0.413
7730	0.193	0.900	0.417	0.415
7740	0.193	0.902	0.417	0.412
eigenvalues:  tensor([29.4779, 29.2338])
hess item is 0.0025357906706631184
7750	0.193	0.902	0.418	0.412
7760	0.192	0.902	0.418	0.412
7770	0.192	0.901	0.418	0.414
7780	0.192	0.905	0.418	0.412
7790	0.191	0.905	0.418	0.413
eigenvalues:  tensor([29.5614, 29.2889])
hess item is 0.002507429802790284
7800	0.191	0.904	0.418	0.412
7810	0.191	0.905	0.419	0.412
7820	0.191	0.904	0.419	0.413
7830	0.190	0.905	0.419	0.413
7840	0.190	0.904	0.420	0.412
eigenvalues:  tensor([29.5261, 29.2383])
hess item is 0.0024792032781988382
7850	0.189	0.908	0.419	0.410
7860	0.190	0.906	0.420	0.411
7870	0.189	0.908	0.420	0.412
7880	0.189	0.906	0.420	0.412
7890	0.188	0.906	0.420	0.412
eigenvalues:  tensor([29.6857, 29.3982])
hess item is 0.002454231958836317
7900	0.188	0.909	0.420	0.413
7910	0.187	0.908	0.420	0.413
7920	0.187	0.908	0.420	0.410
7930	0.186	0.909	0.420	0.411
7940	0.187	0.909	0.421	0.411
eigenvalues:  tensor([29.7497, 29.4468])
hess item is 0.0024284685496240854
7950	0.186	0.912	0.421	0.409
7960	0.186	0.909	0.421	0.413
7970	0.186	0.911	0.421	0.412
7980	0.185	0.909	0.422	0.410
7990	0.184	0.913	0.421	0.410
eigenvalues:  tensor([29.7453, 29.4886])
hess item is 0.002403323771432042
8000	0.184	0.913	0.421	0.410
8010	0.184	0.910	0.422	0.410
8020	0.183	0.914	0.421	0.410
8030	0.183	0.911	0.422	0.411
8040	0.183	0.916	0.422	0.411
eigenvalues:  tensor([29.7613, 29.5110])
hess item is 0.002380969002842903
8050	0.183	0.913	0.422	0.412
8060	0.182	0.915	0.422	0.410
8070	0.182	0.915	0.422	0.410
8080	0.183	0.915	0.423	0.410
8090	0.182	0.914	0.423	0.411
eigenvalues:  tensor([29.8046, 29.5559])
hess item is 0.002359156496822834
8100	0.181	0.916	0.423	0.410
8110	0.181	0.914	0.423	0.411
8120	0.180	0.917	0.423	0.412
8130	0.180	0.918	0.423	0.411
8140	0.180	0.918	0.423	0.411
eigenvalues:  tensor([29.9127, 29.6117])
hess item is 0.002338199410587549
8150	0.179	0.918	0.423	0.410
8160	0.179	0.919	0.423	0.411
8170	0.179	0.916	0.424	0.410
8180	0.179	0.920	0.424	0.411
8190	0.178	0.917	0.424	0.411
eigenvalues:  tensor([29.9517, 29.6714])
hess item is 0.0023170020431280136
8200	0.178	0.919	0.424	0.411
8210	0.178	0.921	0.424	0.410
8220	0.178	0.922	0.424	0.412
8230	0.177	0.921	0.424	0.410
8240	0.177	0.921	0.424	0.409
eigenvalues:  tensor([30.0397, 29.7326])
hess item is 0.0022982414811849594
8250	0.177	0.924	0.425	0.410
8260	0.176	0.922	0.425	0.413
8270	0.176	0.923	0.425	0.410
8280	0.176	0.922	0.425	0.410
8290	0.175	0.924	0.425	0.411
eigenvalues:  tensor([30.1032, 29.7901])
hess item is 0.002279512118548155
8300	0.175	0.924	0.425	0.411
8310	0.175	0.924	0.425	0.411
8320	0.174	0.924	0.425	0.411
8330	0.174	0.924	0.426	0.410
8340	0.174	0.924	0.426	0.410
eigenvalues:  tensor([30.0811, 29.7486])
hess item is 0.002260821172967553
8350	0.174	0.926	0.426	0.410
8360	0.173	0.926	0.426	0.411
8370	0.173	0.926	0.426	0.410
8380	0.173	0.926	0.426	0.410
8390	0.172	0.925	0.427	0.408
eigenvalues:  tensor([30.1448, 29.7994])
hess item is 0.0022437069565057755
8400	0.172	0.927	0.426	0.409
8410	0.172	0.928	0.427	0.410
8420	0.172	0.928	0.427	0.407
8430	0.171	0.926	0.427	0.409
8440	0.171	0.927	0.427	0.408
eigenvalues:  tensor([30.2081, 29.8803])
hess item is 0.0022281480487436056
8450	0.171	0.928	0.427	0.410
8460	0.171	0.923	0.428	0.409
8470	0.170	0.930	0.427	0.409
8480	0.170	0.931	0.428	0.409
8490	0.170	0.929	0.428	0.409
eigenvalues:  tensor([30.2546, 29.9199])
hess item is 0.0022109446581453085
8500	0.169	0.929	0.428	0.409
8510	0.169	0.930	0.428	0.410
8520	0.169	0.929	0.428	0.408
8530	0.169	0.929	0.429	0.407
8540	0.168	0.930	0.429	0.407
eigenvalues:  tensor([30.2229, 29.9070])
hess item is 0.0021947454661130905
8550	0.168	0.931	0.428	0.409
8560	0.168	0.932	0.429	0.408
8570	0.167	0.932	0.429	0.407
8580	0.167	0.933	0.429	0.409
8590	0.167	0.933	0.429	0.407
eigenvalues:  tensor([30.3611, 30.0143])
hess item is 0.0021804729476571083
8600	0.167	0.932	0.429	0.407
8610	0.167	0.935	0.430	0.407
8620	0.166	0.933	0.429	0.409
8630	0.165	0.933	0.429	0.408
8640	0.165	0.934	0.429	0.408
eigenvalues:  tensor([30.4123, 30.0665])
hess item is 0.002165214391425252
8650	0.165	0.934	0.429	0.408
8660	0.165	0.934	0.429	0.410
8670	0.164	0.936	0.430	0.407
8680	0.164	0.936	0.430	0.408
8690	0.164	0.936	0.430	0.408
eigenvalues:  tensor([30.4836, 30.1221])
hess item is 0.0021522510796785355
8700	0.164	0.934	0.431	0.407
8710	0.164	0.934	0.431	0.407
8720	0.163	0.936	0.430	0.408
8730	0.163	0.937	0.430	0.408
8740	0.164	0.936	0.432	0.407
eigenvalues:  tensor([30.4858, 30.1328])
hess item is 0.0021378144156187773
8750	0.162	0.936	0.430	0.409
8760	0.162	0.935	0.431	0.408
8770	0.162	0.938	0.431	0.407
8780	0.163	0.933	0.433	0.404
8790	0.162	0.936	0.431	0.408
eigenvalues:  tensor([30.5336, 30.1896])
hess item is 0.0021244497038424015
8800	0.161	0.939	0.431	0.409
8810	0.161	0.938	0.431	0.408
8820	0.160	0.938	0.431	0.408
8830	0.160	0.939	0.431	0.407
8840	0.160	0.938	0.432	0.406
eigenvalues:  tensor([30.6195, 30.2758])
hess item is 0.0021122221369296312
8850	0.160	0.938	0.432	0.408
8860	0.160	0.939	0.432	0.406
8870	0.159	0.939	0.432	0.408
8880	0.159	0.940	0.432	0.407
8890	0.159	0.938	0.432	0.407
eigenvalues:  tensor([30.6117, 30.2529])
hess item is 0.0021010497584939003
8900	0.159	0.940	0.432	0.407
8910	0.159	0.940	0.433	0.405
8920	0.158	0.940	0.433	0.406
8930	0.158	0.941	0.433	0.407
8940	0.158	0.942	0.433	0.405
eigenvalues:  tensor([30.6883, 30.3280])
hess item is 0.0020899991504848003
8950	0.158	0.940	0.433	0.407
8960	0.157	0.943	0.433	0.405
8970	0.157	0.943	0.433	0.404
8980	0.157	0.942	0.433	0.405
8990	0.157	0.941	0.434	0.405
eigenvalues:  tensor([30.6905, 30.3241])
hess item is 0.002077470300719142
9000	0.156	0.942	0.433	0.406
9010	0.156	0.941	0.433	0.405
9020	0.156	0.943	0.434	0.405
9030	0.155	0.943	0.433	0.406
9040	0.155	0.944	0.434	0.403
eigenvalues:  tensor([30.7197, 30.3578])
hess item is 0.0020654958207160234
9050	0.155	0.945	0.434	0.402
9060	0.155	0.942	0.435	0.405
9070	0.154	0.943	0.434	0.405
9080	0.154	0.944	0.434	0.404
9090	0.154	0.943	0.434	0.405
eigenvalues:  tensor([30.8056, 30.4253])
hess item is 0.0020549555774778128
9100	0.154	0.946	0.434	0.405
9110	0.154	0.945	0.435	0.405
9120	0.154	0.944	0.435	0.403
9130	0.153	0.945	0.435	0.404
9140	0.153	0.945	0.435	0.405
eigenvalues:  tensor([30.7860, 30.4039])
hess item is 0.002044778550043702
9150	0.153	0.947	0.435	0.404
9160	0.153	0.945	0.436	0.404
9170	0.152	0.947	0.435	0.404
9180	0.152	0.945	0.435	0.403
9190	0.152	0.947	0.435	0.403
eigenvalues:  tensor([30.9167, 30.5261])
hess item is 0.00203293701633811
9200	0.152	0.945	0.436	0.404
9210	0.153	0.943	0.437	0.401
9220	0.151	0.946	0.435	0.404
9230	0.151	0.947	0.436	0.403
9240	0.151	0.947	0.436	0.404
eigenvalues:  tensor([30.8993, 30.5093])
hess item is 0.0020228042267262936
9250	0.151	0.949	0.436	0.403
9260	0.150	0.948	0.436	0.404
9270	0.150	0.948	0.436	0.405
9280	0.150	0.948	0.436	0.403
9290	0.150	0.947	0.436	0.403
eigenvalues:  tensor([30.9311, 30.5586])
hess item is 0.0020136679522693157
9300	0.149	0.948	0.436	0.405
9310	0.149	0.948	0.436	0.404
9320	0.149	0.949	0.437	0.404
9330	0.149	0.949	0.436	0.405
9340	0.149	0.948	0.437	0.403
eigenvalues:  tensor([31.0004, 30.6298])
hess item is 0.002004637848585844
9350	0.148	0.950	0.437	0.404
9360	0.148	0.949	0.437	0.404
9370	0.148	0.950	0.437	0.403
9380	0.148	0.949	0.437	0.402
9390	0.148	0.949	0.437	0.405
eigenvalues:  tensor([31.0918, 30.7001])
hess item is 0.001996048493310809
9400	0.147	0.949	0.437	0.401
9410	0.147	0.950	0.437	0.404
9420	0.147	0.951	0.438	0.401
9430	0.147	0.950	0.437	0.405
9440	0.146	0.950	0.438	0.402
eigenvalues:  tensor([31.1522, 30.7890])
hess item is 0.0019881706684827805
9450	0.147	0.949	0.438	0.400
9460	0.146	0.951	0.438	0.400
9470	0.146	0.949	0.438	0.402
9480	0.146	0.951	0.438	0.402
9490	0.145	0.952	0.438	0.402
eigenvalues:  tensor([31.1622, 30.7711])
hess item is 0.0019800937734544277
9500	0.145	0.951	0.438	0.400
9510	0.145	0.952	0.438	0.400
9520	0.145	0.952	0.439	0.400
9530	0.144	0.953	0.438	0.400
9540	0.144	0.952	0.438	0.400
eigenvalues:  tensor([31.1233, 30.7327])
hess item is 0.0019727791659533978
9550	0.144	0.953	0.438	0.402
9560	0.144	0.952	0.439	0.401
9570	0.144	0.952	0.439	0.401
9580	0.144	0.952	0.439	0.401
9590	0.144	0.952	0.439	0.401
eigenvalues:  tensor([31.1556, 30.7727])
hess item is 0.001966167939826846
9600	0.143	0.953	0.439	0.401
9610	0.143	0.954	0.439	0.401
9620	0.143	0.952	0.439	0.403
9630	0.143	0.954	0.439	0.403
9640	0.142	0.953	0.439	0.400
eigenvalues:  tensor([31.2744, 30.8702])
hess item is 0.0019586437847465277
9650	0.142	0.954	0.439	0.401
9660	0.142	0.955	0.440	0.400
9670	0.142	0.954	0.439	0.401
9680	0.142	0.955	0.440	0.400
9690	0.141	0.955	0.440	0.400
eigenvalues:  tensor([31.2715, 30.8778])
hess item is 0.0019523516530171037
9700	0.141	0.956	0.440	0.401
9710	0.141	0.955	0.440	0.401
9720	0.141	0.955	0.440	0.400
9730	0.141	0.956	0.440	0.400
9740	0.141	0.955	0.440	0.398
eigenvalues:  tensor([31.2459, 30.8481])
hess item is 0.001945517840795219
9750	0.140	0.956	0.440	0.400
9760	0.140	0.956	0.440	0.401
9770	0.140	0.956	0.440	0.401
9780	0.140	0.956	0.440	0.400
9790	0.139	0.956	0.440	0.400
eigenvalues:  tensor([31.3469, 30.9648])
hess item is 0.0019392056856304407
9800	0.139	0.956	0.440	0.401
9810	0.139	0.956	0.441	0.399
9820	0.139	0.957	0.441	0.401
9830	0.139	0.957	0.441	0.401
9840	0.139	0.957	0.441	0.400
eigenvalues:  tensor([31.4051, 31.0214])
hess item is 0.001933234161697328
9850	0.138	0.957	0.441	0.400
9860	0.138	0.957	0.441	0.402
9870	0.138	0.956	0.441	0.400
9880	0.138	0.958	0.441	0.400
9890	0.138	0.957	0.441	0.401
eigenvalues:  tensor([31.3733, 30.9965])
hess item is 0.0019268618198111653
9900	0.138	0.958	0.442	0.400
9910	0.137	0.958	0.441	0.399
9920	0.137	0.959	0.441	0.400
9930	0.137	0.957	0.441	0.400
9940	0.137	0.959	0.442	0.399
eigenvalues:  tensor([31.4317, 31.0240])
hess item is 0.0019222545670345426
9950	0.137	0.958	0.442	0.399
9960	0.136	0.959	0.442	0.399
9970	0.136	0.958	0.442	0.399
9980	0.136	0.958	0.442	0.399
9990	0.136	0.958	0.442	0.399
