device: cuda:6
output directory: RESULTS/cifar10-10k/fc-tanh/seed_0/mse/ivon/lr_0.0005_h0_1.0_post_1_alpha_100.0_beta2_0.995_beta_0.0_ess_10000000.0_ivon
Files already downloaded and verified
Files already downloaded and verified
optimizer is IVON
0	0.597	0.131	0.597	0.131
10	0.573	0.137	0.574	0.137
20	0.556	0.144	0.557	0.143
30	0.544	0.151	0.545	0.151
40	0.534	0.159	0.535	0.160
eigenvalues:  tensor([80.1884, 66.0041])
hess item is 0.7987384796142578
50	0.527	0.168	0.528	0.169
60	0.521	0.176	0.522	0.176
70	0.516	0.185	0.517	0.182
80	0.511	0.192	0.513	0.189
90	0.507	0.198	0.509	0.193
eigenvalues:  tensor([79.3601, 65.3004])
hess item is 0.6284982562065125
100	0.504	0.204	0.506	0.198
110	0.500	0.209	0.502	0.201
120	0.497	0.214	0.499	0.205
130	0.494	0.217	0.496	0.211
140	0.491	0.221	0.494	0.214
eigenvalues:  tensor([78.5053, 64.1151])
hess item is 0.4929335415363312
150	0.489	0.227	0.491	0.218
160	0.486	0.231	0.489	0.223
170	0.484	0.235	0.486	0.226
180	0.481	0.238	0.484	0.230
190	0.479	0.243	0.482	0.232
eigenvalues:  tensor([77.6944, 63.1114])
hess item is 0.38576266169548035
200	0.477	0.246	0.480	0.236
210	0.474	0.250	0.478	0.239
220	0.472	0.253	0.476	0.243
230	0.470	0.258	0.473	0.246
240	0.468	0.262	0.471	0.251
eigenvalues:  tensor([77.1281, 62.4752])
hess item is 0.3034953474998474
250	0.466	0.265	0.469	0.253
260	0.464	0.269	0.468	0.256
270	0.462	0.271	0.466	0.259
280	0.460	0.275	0.464	0.261
290	0.458	0.279	0.462	0.265
eigenvalues:  tensor([76.2177, 62.2080])
hess item is 0.23813067376613617
300	0.456	0.283	0.460	0.266
310	0.454	0.286	0.459	0.270
320	0.452	0.290	0.457	0.273
330	0.450	0.294	0.455	0.277
340	0.448	0.297	0.454	0.280
eigenvalues:  tensor([75.3677, 61.7871])
hess item is 0.1878443956375122
350	0.447	0.299	0.452	0.283
360	0.445	0.302	0.451	0.285
370	0.443	0.305	0.449	0.289
380	0.442	0.307	0.448	0.289
390	0.440	0.309	0.446	0.291
eigenvalues:  tensor([74.4402, 61.4589])
hess item is 0.14789897203445435
400	0.438	0.314	0.445	0.295
410	0.437	0.317	0.443	0.297
420	0.435	0.321	0.442	0.299
430	0.434	0.325	0.441	0.302
440	0.432	0.329	0.439	0.304
eigenvalues:  tensor([73.4389, 61.1575])
hess item is 0.11648958921432495
450	0.431	0.332	0.438	0.306
460	0.429	0.336	0.437	0.309
470	0.428	0.338	0.435	0.312
480	0.426	0.343	0.434	0.313
490	0.424	0.346	0.433	0.318
eigenvalues:  tensor([72.5408, 60.6636])
hess item is 0.09286745637655258
500	0.423	0.350	0.431	0.320
510	0.422	0.352	0.430	0.321
520	0.420	0.356	0.429	0.325
530	0.419	0.359	0.428	0.327
540	0.417	0.362	0.427	0.329
eigenvalues:  tensor([71.9670, 60.6632])
hess item is 0.07500012964010239
550	0.416	0.364	0.426	0.330
560	0.414	0.369	0.424	0.334
570	0.413	0.371	0.423	0.334
580	0.411	0.374	0.422	0.335
590	0.410	0.378	0.421	0.338
eigenvalues:  tensor([71.9431, 60.4651])
hess item is 0.06045497581362724
600	0.408	0.380	0.420	0.339
610	0.407	0.387	0.419	0.343
620	0.406	0.389	0.418	0.345
630	0.404	0.391	0.417	0.348
640	0.403	0.395	0.416	0.348
eigenvalues:  tensor([70.9257, 60.2264])
hess item is 0.04874090477824211
650	0.402	0.397	0.415	0.348
660	0.400	0.401	0.414	0.351
670	0.399	0.405	0.413	0.355
680	0.399	0.402	0.413	0.354
690	0.397	0.406	0.412	0.358
eigenvalues:  tensor([69.9792, 59.5628])
hess item is 0.0405791699886322
700	0.395	0.413	0.410	0.360
710	0.394	0.415	0.410	0.358
720	0.393	0.421	0.409	0.364
730	0.394	0.419	0.410	0.368
740	0.391	0.424	0.408	0.367
eigenvalues:  tensor([66.7205, 58.3469])
hess item is 0.034891437739133835
750	0.390	0.427	0.408	0.366
760	0.390	0.430	0.408	0.371
770	0.390	0.429	0.409	0.368
780	0.393	0.415	0.412	0.357
790	0.391	0.433	0.410	0.366
eigenvalues:  tensor([59.7584, 52.8121])
hess item is 0.033751294016838074
800	0.390	0.423	0.410	0.357
810	0.390	0.429	0.410	0.362
820	0.387	0.436	0.408	0.367
830	0.389	0.437	0.411	0.360
840	0.391	0.426	0.413	0.358
eigenvalues:  tensor([53.3156, 46.9118])
hess item is 0.03456876054406166
850	0.381	0.456	0.404	0.378
860	0.383	0.451	0.407	0.376
870	0.383	0.443	0.408	0.359
880	0.379	0.454	0.404	0.382
890	0.378	0.464	0.403	0.383
eigenvalues:  tensor([48.1780, 43.6644])
hess item is 0.03431379050016403
900	0.379	0.458	0.406	0.373
910	0.376	0.464	0.403	0.380
920	0.379	0.452	0.407	0.374
930	0.377	0.464	0.406	0.378
940	0.372	0.479	0.401	0.387
eigenvalues:  tensor([45.1003, 41.5888])
hess item is 0.03293709456920624
950	0.370	0.484	0.400	0.389
960	0.369	0.482	0.401	0.385
970	0.373	0.479	0.404	0.386
980	0.371	0.480	0.403	0.385
990	0.367	0.491	0.399	0.391
eigenvalues:  tensor([44.5186, 40.1084])
hess item is 0.030413730069994926
1000	0.365	0.492	0.399	0.391
1010	0.371	0.483	0.405	0.386
1020	0.366	0.491	0.401	0.393
1030	0.361	0.508	0.398	0.399
1040	0.361	0.511	0.398	0.393
eigenvalues:  tensor([41.1379, 39.0348])
hess item is 0.029327236115932465
1050	0.358	0.509	0.396	0.395
1060	0.363	0.506	0.401	0.394
1070	0.364	0.490	0.403	0.380
1080	0.358	0.517	0.398	0.393
1090	0.356	0.524	0.397	0.399
eigenvalues:  tensor([39.2632, 37.0547])
hess item is 0.028016407042741776
1100	0.353	0.533	0.395	0.402
1110	0.360	0.509	0.401	0.391
1120	0.355	0.530	0.398	0.393
1130	0.355	0.534	0.399	0.401
1140	0.354	0.524	0.399	0.397
eigenvalues:  tensor([38.0642, 35.5652])
hess item is 0.02650563046336174
1150	0.348	0.536	0.394	0.401
1160	0.347	0.543	0.394	0.404
1170	0.352	0.527	0.398	0.399
1180	0.345	0.557	0.393	0.405
1190	0.350	0.538	0.398	0.398
eigenvalues:  tensor([37.0055, 34.4809])
hess item is 0.025638064369559288
1200	0.346	0.554	0.395	0.406
1210	0.346	0.546	0.396	0.403
1220	0.343	0.562	0.395	0.405
1230	0.346	0.550	0.397	0.403
1240	0.339	0.579	0.392	0.409
eigenvalues:  tensor([35.7109, 34.0374])
hess item is 0.024552615359425545
1250	0.340	0.564	0.395	0.407
1260	0.339	0.566	0.394	0.408
1270	0.339	0.573	0.394	0.410
1280	0.338	0.568	0.395	0.406
1290	0.338	0.574	0.396	0.403
eigenvalues:  tensor([34.6683, 33.1101])
hess item is 0.023611804470419884
1300	0.337	0.577	0.394	0.408
1310	0.335	0.586	0.394	0.410
1320	0.337	0.577	0.396	0.407
1330	0.332	0.590	0.393	0.408
1340	0.330	0.597	0.392	0.408
eigenvalues:  tensor([34.1780, 32.1309])
hess item is 0.022449122741818428
1350	0.332	0.595	0.395	0.411
1360	0.332	0.587	0.396	0.407
1370	0.328	0.601	0.393	0.409
1380	0.330	0.595	0.396	0.409
1390	0.334	0.596	0.401	0.404
eigenvalues:  tensor([33.1431, 31.6583])
hess item is 0.02122754231095314
1400	0.326	0.606	0.393	0.410
1410	0.329	0.604	0.398	0.403
1420	0.325	0.612	0.394	0.411
1430	0.324	0.610	0.394	0.412
1440	0.325	0.612	0.396	0.409
eigenvalues:  tensor([32.7635, 31.3165])
hess item is 0.020615747198462486
1450	0.320	0.623	0.392	0.416
1460	0.319	0.627	0.394	0.413
1470	0.319	0.629	0.394	0.413
1480	0.319	0.632	0.395	0.406
1490	0.318	0.636	0.395	0.414
eigenvalues:  tensor([32.3951, 30.8163])
hess item is 0.020042354241013527
1500	0.317	0.641	0.394	0.415
1510	0.316	0.633	0.394	0.411
1520	0.314	0.640	0.393	0.412
1530	0.313	0.656	0.393	0.415
1540	0.312	0.649	0.393	0.414
eigenvalues:  tensor([31.4469, 30.3708])
hess item is 0.019258955493569374
1550	0.308	0.663	0.391	0.418
1560	0.314	0.639	0.398	0.410
1570	0.309	0.654	0.393	0.415
1580	0.312	0.648	0.397	0.407
1590	0.313	0.639	0.399	0.404
eigenvalues:  tensor([31.4795, 30.0327])
hess item is 0.01909196749329567
1600	0.308	0.658	0.395	0.411
1610	0.306	0.669	0.395	0.415
1620	0.304	0.671	0.395	0.413
1630	0.307	0.662	0.399	0.407
1640	0.304	0.675	0.395	0.412
eigenvalues:  tensor([30.3565, 29.5911])
hess item is 0.018780449405312538
1650	0.299	0.683	0.393	0.419
1660	0.303	0.677	0.398	0.409
1670	0.304	0.668	0.400	0.405
1680	0.300	0.681	0.396	0.414
1690	0.299	0.679	0.396	0.415
eigenvalues:  tensor([29.9224, 29.3445])
hess item is 0.01841968484222889
1700	0.299	0.687	0.398	0.412
1710	0.295	0.696	0.395	0.415
1720	0.295	0.702	0.395	0.413
1730	0.295	0.687	0.397	0.417
1740	0.298	0.684	0.400	0.410
eigenvalues:  tensor([30.1250, 29.6425])
hess item is 0.01869678683578968
1750	0.299	0.690	0.402	0.411
1760	0.294	0.703	0.397	0.410
1770	0.293	0.698	0.398	0.412
1780	0.288	0.710	0.395	0.417
1790	0.293	0.705	0.401	0.409
eigenvalues:  tensor([29.4201, 28.9928])
hess item is 0.018475616350769997
1800	0.291	0.705	0.400	0.409
1810	0.286	0.715	0.397	0.415
1820	0.289	0.714	0.401	0.406
1830	0.285	0.728	0.397	0.411
1840	0.288	0.716	0.401	0.409
eigenvalues:  tensor([29.5740, 28.8065])
hess item is 0.01816699281334877
1850	0.285	0.724	0.398	0.415
1860	0.284	0.725	0.398	0.415
1870	0.281	0.734	0.399	0.413
1880	0.283	0.730	0.401	0.414
1890	0.280	0.734	0.399	0.416
eigenvalues:  tensor([29.6731, 28.7132])
hess item is 0.01815064251422882
1900	0.286	0.721	0.405	0.403
1910	0.281	0.731	0.402	0.409
1920	0.276	0.749	0.398	0.412
1930	0.279	0.737	0.401	0.415
1940	0.276	0.753	0.400	0.412
eigenvalues:  tensor([29.4099, 28.6182])
hess item is 0.017923789098858833
1950	0.275	0.750	0.400	0.413
1960	0.276	0.746	0.402	0.411
1970	0.275	0.745	0.402	0.412
1980	0.272	0.758	0.400	0.416
1990	0.270	0.756	0.401	0.415
eigenvalues:  tensor([28.8693, 28.3389])
hess item is 0.01755702868103981
2000	0.269	0.766	0.400	0.414
2010	0.269	0.757	0.401	0.415
2020	0.266	0.778	0.400	0.414
2030	0.268	0.771	0.402	0.413
2040	0.262	0.780	0.398	0.418
eigenvalues:  tensor([28.8155, 28.5722])
hess item is 0.016924787312746048
2050	0.268	0.763	0.405	0.407
2060	0.265	0.770	0.404	0.413
2070	0.266	0.768	0.405	0.408
2080	0.266	0.774	0.405	0.406
2090	0.263	0.787	0.404	0.410
eigenvalues:  tensor([28.1669, 27.9706])
hess item is 0.017162270843982697
2100	0.260	0.785	0.403	0.411
2110	0.261	0.779	0.404	0.412
2120	0.259	0.795	0.403	0.416
2130	0.263	0.778	0.407	0.409
2140	0.257	0.794	0.403	0.414
eigenvalues:  tensor([28.3261, 27.7166])
hess item is 0.017205653712153435
2150	0.255	0.803	0.402	0.416
2160	0.256	0.796	0.404	0.409
2170	0.257	0.793	0.406	0.411
2180	0.254	0.805	0.404	0.415
2190	0.255	0.794	0.407	0.413
eigenvalues:  tensor([28.5313, 27.8479])
hess item is 0.01708839274942875
2200	0.259	0.786	0.410	0.411
2210	0.253	0.809	0.407	0.408
2220	0.254	0.798	0.410	0.408
2230	0.255	0.791	0.412	0.406
2240	0.250	0.811	0.408	0.410
eigenvalues:  tensor([28.4667, 27.6966])
hess item is 0.017331743612885475
2250	0.257	0.795	0.415	0.401
2260	0.247	0.816	0.407	0.412
2270	0.250	0.813	0.410	0.409
2280	0.245	0.821	0.408	0.413
2290	0.248	0.813	0.410	0.410
eigenvalues:  tensor([28.3970, 27.4685])
hess item is 0.016946161165833473
2300	0.243	0.830	0.407	0.411
2310	0.245	0.818	0.410	0.415
2320	0.251	0.806	0.415	0.405
2330	0.241	0.826	0.408	0.413
2340	0.244	0.826	0.412	0.405
eigenvalues:  tensor([28.2414, 27.2891])
hess item is 0.01753373071551323
2350	0.240	0.836	0.410	0.404
2360	0.243	0.822	0.413	0.410
2370	0.241	0.823	0.413	0.410
2380	0.240	0.827	0.411	0.409
2390	0.240	0.828	0.412	0.408
eigenvalues:  tensor([28.1068, 27.2665])
hess item is 0.017346834763884544
2400	0.235	0.843	0.410	0.411
2410	0.236	0.838	0.412	0.408
2420	0.234	0.839	0.412	0.411
2430	0.244	0.825	0.421	0.396
2440	0.240	0.832	0.417	0.410
eigenvalues:  tensor([28.1022, 27.4528])
hess item is 0.017503244802355766
2450	0.238	0.835	0.417	0.407
2460	0.237	0.831	0.417	0.400
2470	0.229	0.854	0.411	0.412
2480	0.239	0.828	0.419	0.404
2490	0.230	0.850	0.415	0.403
eigenvalues:  tensor([28.0219, 27.4245])
hess item is 0.017516307532787323
2500	0.228	0.860	0.412	0.408
2510	0.229	0.854	0.414	0.408
2520	0.228	0.857	0.415	0.406
2530	0.233	0.840	0.421	0.401
2540	0.226	0.855	0.415	0.408
eigenvalues:  tensor([28.1156, 27.4893])
hess item is 0.01708300970494747
2550	0.223	0.863	0.414	0.410
2560	0.222	0.868	0.413	0.407
2570	0.224	0.864	0.418	0.403
2580	0.219	0.874	0.412	0.410
2590	0.225	0.854	0.418	0.407
eigenvalues:  tensor([28.0042, 27.0808])
hess item is 0.016710788011550903
2600	0.221	0.869	0.417	0.404
2610	0.227	0.867	0.422	0.400
2620	0.223	0.863	0.420	0.401
2630	0.220	0.876	0.417	0.402
2640	0.220	0.867	0.420	0.398
eigenvalues:  tensor([27.9341, 27.1436])
hess item is 0.01739436760544777
2650	0.219	0.871	0.419	0.406
2660	0.220	0.868	0.422	0.403
2670	0.219	0.872	0.421	0.400
2680	0.215	0.880	0.420	0.403
2690	0.214	0.879	0.419	0.404
eigenvalues:  tensor([27.6232, 26.8591])
hess item is 0.01738596521317959
2700	0.218	0.873	0.423	0.405
2710	0.214	0.879	0.419	0.409
2720	0.213	0.881	0.421	0.404
2730	0.211	0.883	0.420	0.406
2740	0.219	0.865	0.428	0.397
eigenvalues:  tensor([28.0347, 27.0599])
hess item is 0.017582736909389496
2750	0.215	0.877	0.424	0.403
2760	0.216	0.877	0.427	0.398
2770	0.213	0.881	0.426	0.407
2780	0.208	0.891	0.421	0.407
2790	0.207	0.894	0.422	0.409
eigenvalues:  tensor([27.6723, 26.5830])
hess item is 0.01747642643749714
2800	0.209	0.888	0.425	0.401
2810	0.209	0.891	0.427	0.398
2820	0.209	0.889	0.427	0.399
2830	0.208	0.893	0.426	0.403
2840	0.204	0.896	0.423	0.405
eigenvalues:  tensor([28.4776, 27.2529])
hess item is 0.01708841137588024
2850	0.213	0.877	0.433	0.395
2860	0.207	0.894	0.427	0.400
2870	0.204	0.898	0.426	0.404
2880	0.210	0.886	0.432	0.395
2890	0.204	0.896	0.427	0.405
eigenvalues:  tensor([27.8581, 26.9253])
hess item is 0.016766037791967392
2900	0.201	0.901	0.426	0.404
2910	0.200	0.903	0.425	0.402
2920	0.197	0.911	0.425	0.405
2930	0.201	0.898	0.429	0.401
2940	0.200	0.903	0.427	0.401
eigenvalues:  tensor([28.0580, 27.1727])
hess item is 0.016972769051790237
2950	0.198	0.907	0.429	0.397
2960	0.196	0.906	0.427	0.403
2970	0.197	0.905	0.428	0.401
2980	0.194	0.908	0.428	0.400
2990	0.199	0.896	0.433	0.396
eigenvalues:  tensor([28.1490, 27.0896])
hess item is 0.017360834404826164
3000	0.193	0.910	0.428	0.402
3010	0.192	0.915	0.428	0.400
3020	0.197	0.903	0.433	0.399
3030	0.196	0.907	0.434	0.395
3040	0.190	0.920	0.430	0.401
eigenvalues:  tensor([28.0863, 26.9146])
hess item is 0.01645517162978649
3050	0.189	0.917	0.429	0.404
3060	0.191	0.916	0.431	0.398
3070	0.195	0.910	0.436	0.394
3080	0.192	0.912	0.434	0.395
3090	0.195	0.908	0.436	0.399
eigenvalues:  tensor([28.5453, 27.2065])
hess item is 0.017158709466457367
3100	0.189	0.916	0.432	0.400
3110	0.193	0.906	0.437	0.398
3120	0.191	0.918	0.436	0.398
3130	0.186	0.924	0.433	0.401
3140	0.186	0.919	0.434	0.400
eigenvalues:  tensor([28.3382, 27.4234])
hess item is 0.01727313920855522
3150	0.185	0.926	0.433	0.399
3160	0.186	0.924	0.435	0.400
3170	0.188	0.919	0.438	0.396
3180	0.183	0.925	0.435	0.397
3190	0.180	0.930	0.433	0.399
eigenvalues:  tensor([27.9518, 27.1527])
hess item is 0.017025815322995186
3200	0.185	0.921	0.438	0.396
3210	0.186	0.923	0.440	0.394
3220	0.181	0.924	0.436	0.399
3230	0.180	0.929	0.435	0.398
3240	0.186	0.916	0.442	0.394
eigenvalues:  tensor([27.9883, 27.1992])
hess item is 0.017306862398982048
3250	0.181	0.926	0.438	0.394
3260	0.182	0.924	0.441	0.396
3270	0.180	0.931	0.439	0.399
3280	0.182	0.927	0.442	0.393
3290	0.191	0.906	0.451	0.387
eigenvalues:  tensor([28.1850, 26.9205])
hess item is 0.01811227574944496
3300	0.181	0.929	0.442	0.390
3310	0.175	0.933	0.437	0.400
3320	0.178	0.930	0.440	0.394
3330	0.175	0.936	0.439	0.393
3340	0.180	0.928	0.444	0.394
eigenvalues:  tensor([27.8265, 26.7935])
hess item is 0.01777488738298416
3350	0.171	0.937	0.438	0.399
3360	0.176	0.937	0.442	0.390
3370	0.174	0.937	0.441	0.395
3380	0.176	0.930	0.443	0.391
3390	0.176	0.934	0.444	0.390
eigenvalues:  tensor([27.9292, 27.0528])
hess item is 0.01723244972527027
3400	0.172	0.937	0.442	0.395
3410	0.170	0.939	0.441	0.394
3420	0.170	0.940	0.442	0.399
3430	0.168	0.941	0.441	0.397
3440	0.173	0.935	0.446	0.389
eigenvalues:  tensor([28.1231, 27.0078])
hess item is 0.016993112862110138
3450	0.169	0.941	0.442	0.396
3460	0.167	0.945	0.442	0.394
3470	0.169	0.939	0.445	0.391
3480	0.172	0.938	0.448	0.392
3490	0.168	0.943	0.445	0.392
eigenvalues:  tensor([28.1642, 27.1592])
hess item is 0.016697797924280167
3500	0.165	0.943	0.443	0.396
3510	0.167	0.938	0.445	0.393
3520	0.168	0.943	0.448	0.392
3530	0.165	0.940	0.446	0.393
3540	0.163	0.948	0.445	0.395
eigenvalues:  tensor([28.5415, 27.4764])
hess item is 0.016782531514763832
3550	0.170	0.937	0.452	0.392
3560	0.163	0.947	0.446	0.391
3570	0.164	0.945	0.447	0.391
3580	0.167	0.945	0.450	0.388
3590	0.161	0.948	0.445	0.394
eigenvalues:  tensor([28.1593, 27.1398])
hess item is 0.017147153615951538
3600	0.163	0.947	0.449	0.392
3610	0.161	0.948	0.448	0.391
3620	0.163	0.947	0.449	0.390
3630	0.162	0.949	0.450	0.394
3640	0.163	0.950	0.452	0.388
eigenvalues:  tensor([28.3035, 27.0497])
hess item is 0.016840727999806404
3650	0.161	0.949	0.450	0.392
3660	0.160	0.947	0.450	0.389
3670	0.169	0.939	0.459	0.383
3680	0.164	0.938	0.456	0.390
3690	0.156	0.953	0.448	0.396
eigenvalues:  tensor([28.1035, 26.8168])
hess item is 0.017140677198767662
3700	0.157	0.952	0.451	0.388
3710	0.159	0.953	0.452	0.391
3720	0.156	0.954	0.450	0.398
3730	0.155	0.957	0.450	0.389
3740	0.153	0.956	0.450	0.390
eigenvalues:  tensor([28.2692, 26.6234])
hess item is 0.016644392162561417
3750	0.157	0.954	0.454	0.393
3760	0.154	0.953	0.452	0.393
3770	0.154	0.956	0.452	0.393
3780	0.153	0.961	0.453	0.387
3790	0.152	0.958	0.452	0.392
eigenvalues:  tensor([28.4705, 26.9416])
hess item is 0.015972133725881577
3800	0.155	0.951	0.456	0.392
3810	0.160	0.948	0.461	0.383
3820	0.153	0.955	0.456	0.390
3830	0.153	0.955	0.456	0.390
3840	0.154	0.954	0.457	0.389
eigenvalues:  tensor([28.4504, 27.2048])
hess item is 0.016370359808206558
3850	0.148	0.961	0.453	0.389
3860	0.153	0.956	0.458	0.385
3870	0.153	0.957	0.458	0.386
3880	0.153	0.954	0.459	0.384
3890	0.150	0.957	0.457	0.391
eigenvalues:  tensor([28.6138, 27.2393])
hess item is 0.01692591980099678
3900	0.148	0.961	0.456	0.389
3910	0.156	0.951	0.463	0.383
3920	0.155	0.949	0.463	0.383
3930	0.148	0.961	0.458	0.390
3940	0.150	0.953	0.460	0.388
eigenvalues:  tensor([28.7958, 27.6257])
hess item is 0.01732555590569973
3950	0.154	0.948	0.463	0.382
3960	0.151	0.954	0.461	0.387
3970	0.147	0.956	0.458	0.389
3980	0.144	0.962	0.456	0.390
3990	0.146	0.959	0.458	0.385
eigenvalues:  tensor([28.6470, 27.4316])
hess item is 0.017041753977537155
4000	0.147	0.959	0.460	0.385
4010	0.143	0.962	0.457	0.390
4020	0.150	0.959	0.463	0.384
4030	0.144	0.963	0.459	0.390
4040	0.144	0.962	0.459	0.387
eigenvalues:  tensor([28.7633, 27.3940])
hess item is 0.0165693461894989
4050	0.143	0.960	0.460	0.391
4060	0.143	0.965	0.461	0.386
4070	0.144	0.960	0.462	0.383
4080	0.140	0.967	0.459	0.383
4090	0.144	0.963	0.464	0.383
eigenvalues:  tensor([28.6546, 27.3084])
hess item is 0.01629720628261566
4100	0.146	0.961	0.467	0.380
4110	0.140	0.967	0.461	0.386
4120	0.141	0.965	0.463	0.381
4130	0.146	0.960	0.468	0.380
4140	0.141	0.967	0.462	0.387
eigenvalues:  tensor([28.5836, 27.3993])
hess item is 0.016594745218753815
4150	0.137	0.967	0.461	0.387
4160	0.140	0.966	0.464	0.388
4170	0.138	0.966	0.462	0.389
4180	0.138	0.966	0.464	0.380
4190	0.138	0.968	0.464	0.387
eigenvalues:  tensor([28.6336, 27.1722])
hess item is 0.016350032761693
4200	0.146	0.959	0.470	0.386
4210	0.137	0.968	0.463	0.387
4220	0.141	0.965	0.467	0.381
4230	0.146	0.958	0.473	0.377
4240	0.143	0.956	0.472	0.380
eigenvalues:  tensor([28.7130, 27.2653])
hess item is 0.016954662278294563
4250	0.139	0.964	0.468	0.380
4260	0.135	0.970	0.464	0.385
4270	0.139	0.968	0.468	0.379
4280	0.135	0.969	0.467	0.383
4290	0.136	0.966	0.468	0.387
eigenvalues:  tensor([28.8835, 27.6282])
hess item is 0.017115384340286255
4300	0.145	0.950	0.477	0.379
4310	0.143	0.956	0.476	0.379
4320	0.133	0.970	0.466	0.384
4330	0.134	0.967	0.469	0.385
4340	0.134	0.968	0.468	0.383
eigenvalues:  tensor([28.7706, 27.4448])
hess item is 0.017455844208598137
4350	0.136	0.968	0.471	0.384
4360	0.132	0.973	0.467	0.383
4370	0.130	0.970	0.467	0.381
4380	0.133	0.971	0.470	0.384
4390	0.132	0.972	0.470	0.384
eigenvalues:  tensor([28.7059, 27.4921])
hess item is 0.016851764172315598
4400	0.133	0.970	0.470	0.380
4410	0.129	0.972	0.469	0.383
4420	0.131	0.970	0.471	0.384
4430	0.128	0.974	0.468	0.382
4440	0.130	0.971	0.471	0.378
eigenvalues:  tensor([28.9831, 27.6409])
hess item is 0.017073486000299454
4450	0.134	0.966	0.475	0.379
4460	0.132	0.971	0.473	0.381
4470	0.130	0.970	0.472	0.382
4480	0.130	0.970	0.473	0.386
4490	0.130	0.974	0.473	0.379
eigenvalues:  tensor([28.8781, 27.4390])
hess item is 0.01678776554763317
4500	0.125	0.976	0.469	0.382
4510	0.126	0.974	0.471	0.381
4520	0.130	0.972	0.475	0.378
4530	0.133	0.969	0.478	0.378
4540	0.134	0.970	0.478	0.377
eigenvalues:  tensor([29.1479, 27.5638])
hess item is 0.016883045434951782
4550	0.125	0.975	0.472	0.384
4560	0.132	0.967	0.479	0.374
4570	0.126	0.975	0.472	0.378
4580	0.128	0.970	0.475	0.378
4590	0.124	0.974	0.472	0.382
eigenvalues:  tensor([29.0076, 27.5730])
hess item is 0.016931291669607162
4600	0.124	0.975	0.473	0.380
4610	0.127	0.975	0.477	0.373
4620	0.134	0.962	0.485	0.375
4630	0.125	0.977	0.476	0.376
4640	0.125	0.973	0.477	0.379
eigenvalues:  tensor([29.1743, 27.8290])
hess item is 0.01719709485769272
4650	0.125	0.973	0.477	0.380
4660	0.125	0.973	0.476	0.384
4670	0.126	0.973	0.480	0.378
4680	0.123	0.977	0.476	0.373
4690	0.121	0.975	0.476	0.381
eigenvalues:  tensor([29.0785, 27.5724])
hess item is 0.01663326658308506
4700	0.122	0.977	0.476	0.377
4710	0.123	0.976	0.479	0.379
4720	0.122	0.975	0.477	0.379
4730	0.122	0.976	0.479	0.374
4740	0.130	0.971	0.486	0.375
eigenvalues:  tensor([29.0555, 27.4655])
hess item is 0.017026232555508614
4750	0.121	0.975	0.478	0.377
4760	0.119	0.980	0.476	0.381
4770	0.124	0.975	0.482	0.375
4780	0.122	0.975	0.480	0.374
4790	0.121	0.977	0.480	0.377
eigenvalues:  tensor([29.0663, 27.5712])
hess item is 0.016918886452913284
4800	0.119	0.979	0.478	0.381
4810	0.119	0.978	0.478	0.378
4820	0.122	0.975	0.482	0.377
4830	0.119	0.979	0.480	0.375
4840	0.119	0.978	0.480	0.376
eigenvalues:  tensor([29.2125, 27.8036])
hess item is 0.016780836507678032
4850	0.119	0.979	0.482	0.377
4860	0.120	0.974	0.483	0.376
4870	0.124	0.975	0.485	0.375
4880	0.117	0.978	0.480	0.377
4890	0.130	0.965	0.491	0.375
eigenvalues:  tensor([29.3863, 27.7074])
hess item is 0.017137490212917328
4900	0.116	0.980	0.480	0.375
4910	0.123	0.974	0.486	0.374
4920	0.120	0.973	0.484	0.375
4930	0.121	0.977	0.487	0.373
4940	0.116	0.979	0.482	0.376
eigenvalues:  tensor([29.3275, 27.7466])
hess item is 0.017144914716482162
4950	0.116	0.978	0.483	0.374
4960	0.116	0.980	0.483	0.379
4970	0.115	0.979	0.482	0.377
4980	0.122	0.974	0.489	0.369
4990	0.122	0.973	0.489	0.372
eigenvalues:  tensor([29.1982, 27.8377])
hess item is 0.017146296799182892
5000	0.116	0.976	0.484	0.375
5010	0.123	0.974	0.493	0.372
5020	0.117	0.978	0.486	0.378
5030	0.116	0.979	0.486	0.371
5040	0.116	0.978	0.485	0.375
eigenvalues:  tensor([29.2708, 27.7962])
hess item is 0.016886146739125252
5050	0.115	0.980	0.485	0.375
5060	0.114	0.980	0.485	0.375
5070	0.116	0.977	0.487	0.373
5080	0.113	0.980	0.485	0.379
5090	0.117	0.977	0.489	0.373
eigenvalues:  tensor([29.4654, 27.9759])
hess item is 0.016810579225420952
5100	0.121	0.972	0.493	0.374
5110	0.114	0.978	0.487	0.375
5120	0.113	0.981	0.487	0.373
5130	0.121	0.977	0.497	0.365
5140	0.117	0.978	0.492	0.374
eigenvalues:  tensor([29.5764, 28.1705])
hess item is 0.01671021431684494
5150	0.114	0.979	0.490	0.371
5160	0.117	0.978	0.491	0.371
5170	0.116	0.980	0.492	0.367
5180	0.111	0.981	0.488	0.374
5190	0.113	0.978	0.489	0.374
eigenvalues:  tensor([29.4254, 27.7899])
hess item is 0.01634596846997738
5200	0.109	0.983	0.487	0.370
5210	0.116	0.975	0.493	0.369
5220	0.114	0.979	0.492	0.371
5230	0.113	0.979	0.492	0.372
5240	0.110	0.981	0.489	0.375
eigenvalues:  tensor([29.4878, 27.9585])
hess item is 0.01648370735347271
5250	0.113	0.978	0.492	0.370
5260	0.111	0.979	0.490	0.372
5270	0.113	0.979	0.493	0.371
5280	0.109	0.982	0.490	0.374
5290	0.109	0.982	0.488	0.374
eigenvalues:  tensor([29.1910, 27.7844])
hess item is 0.016786079853773117
5300	0.112	0.981	0.493	0.367
5310	0.113	0.980	0.495	0.364
5320	0.107	0.982	0.489	0.373
5330	0.111	0.980	0.492	0.370
5340	0.108	0.984	0.490	0.368
eigenvalues:  tensor([29.2549, 27.8640])
hess item is 0.0166537594050169
5350	0.110	0.980	0.493	0.371
5360	0.109	0.981	0.492	0.371
5370	0.107	0.984	0.491	0.370
5380	0.109	0.983	0.493	0.371
5390	0.104	0.984	0.489	0.370
eigenvalues:  tensor([29.2774, 28.0979])
hess item is 0.01657935418188572
5400	0.116	0.976	0.500	0.369
5410	0.107	0.982	0.492	0.373
5420	0.106	0.982	0.491	0.369
5430	0.106	0.982	0.492	0.374
5440	0.106	0.983	0.492	0.376
eigenvalues:  tensor([29.2657, 27.6797])
hess item is 0.016083424910902977
5450	0.106	0.983	0.493	0.374
5460	0.102	0.984	0.490	0.372
5470	0.106	0.983	0.495	0.370
5480	0.104	0.984	0.493	0.372
5490	0.111	0.979	0.499	0.369
eigenvalues:  tensor([29.4047, 27.7779])
hess item is 0.015882782638072968
5500	0.104	0.985	0.493	0.371
5510	0.105	0.984	0.495	0.370
5520	0.107	0.984	0.498	0.369
5530	0.103	0.984	0.493	0.370
5540	0.106	0.981	0.495	0.371
eigenvalues:  tensor([29.3412, 28.0774])
hess item is 0.015927163884043694
5550	0.104	0.983	0.495	0.371
5560	0.108	0.983	0.500	0.365
5570	0.103	0.985	0.495	0.369
5580	0.112	0.978	0.503	0.363
5590	0.104	0.985	0.495	0.368
eigenvalues:  tensor([29.3911, 27.8345])
hess item is 0.016464386135339737
5600	0.102	0.986	0.495	0.370
5610	0.105	0.982	0.497	0.374
5620	0.104	0.983	0.496	0.371
5630	0.106	0.983	0.498	0.371
5640	0.105	0.981	0.497	0.367
eigenvalues:  tensor([29.5510, 28.0034])
hess item is 0.016934115439653397
5650	0.104	0.982	0.497	0.370
5660	0.106	0.983	0.499	0.366
5670	0.104	0.982	0.498	0.368
5680	0.102	0.983	0.497	0.368
5690	0.104	0.984	0.498	0.370
eigenvalues:  tensor([29.3719, 28.0177])
hess item is 0.016592610627412796
5700	0.107	0.981	0.502	0.365
5710	0.102	0.986	0.498	0.369
5720	0.101	0.984	0.497	0.372
5730	0.100	0.987	0.496	0.374
5740	0.099	0.987	0.496	0.370
eigenvalues:  tensor([29.5179, 27.9600])
hess item is 0.0161313284188509
5750	0.102	0.985	0.500	0.372
5760	0.102	0.984	0.500	0.369
5770	0.104	0.984	0.501	0.372
5780	0.099	0.984	0.497	0.370
5790	0.099	0.986	0.497	0.374
eigenvalues:  tensor([29.3421, 28.0452])
hess item is 0.01625567115843296
5800	0.102	0.985	0.501	0.367
5810	0.098	0.988	0.498	0.366
5820	0.099	0.984	0.499	0.370
5830	0.099	0.987	0.499	0.370
5840	0.109	0.980	0.508	0.361
eigenvalues:  tensor([29.3733, 28.0230])
hess item is 0.016169510781764984
5850	0.101	0.982	0.501	0.369
5860	0.100	0.984	0.501	0.369
5870	0.098	0.985	0.499	0.369
5880	0.098	0.984	0.500	0.369
5890	0.096	0.987	0.499	0.369
eigenvalues:  tensor([29.4025, 27.9053])
hess item is 0.015894126147031784
5900	0.098	0.984	0.500	0.366
5910	0.100	0.983	0.503	0.365
5920	0.099	0.985	0.502	0.370
5930	0.098	0.985	0.501	0.368
5940	0.098	0.985	0.500	0.369
eigenvalues:  tensor([29.4990, 28.2657])
hess item is 0.015706628561019897
5950	0.103	0.982	0.506	0.366
5960	0.099	0.984	0.502	0.370
5970	0.099	0.985	0.503	0.370
5980	0.095	0.988	0.499	0.368
5990	0.099	0.985	0.504	0.371
eigenvalues:  tensor([29.7927, 28.2397])
hess item is 0.015384582802653313
6000	0.093	0.988	0.499	0.371
6010	0.099	0.988	0.506	0.364
6020	0.094	0.987	0.501	0.373
6030	0.104	0.981	0.510	0.363
6040	0.093	0.988	0.500	0.370
eigenvalues:  tensor([29.4037, 28.0700])
hess item is 0.015458502806723118
6050	0.096	0.987	0.503	0.367
6060	0.097	0.986	0.504	0.364
6070	0.097	0.985	0.506	0.366
6080	0.093	0.986	0.501	0.372
6090	0.095	0.986	0.503	0.372
eigenvalues:  tensor([29.4593, 28.2223])
hess item is 0.015821928158402443
6100	0.093	0.988	0.502	0.369
6110	0.102	0.982	0.509	0.364
6120	0.100	0.982	0.507	0.370
6130	0.097	0.985	0.506	0.365
6140	0.096	0.986	0.504	0.365
eigenvalues:  tensor([29.8108, 28.2957])
hess item is 0.016321415081620216
6150	0.097	0.985	0.506	0.367
6160	0.096	0.985	0.507	0.367
6170	0.094	0.988	0.505	0.366
6180	0.100	0.983	0.509	0.368
6190	0.100	0.983	0.509	0.368
eigenvalues:  tensor([29.2610, 27.8689])
hess item is 0.01693802699446678
6200	0.093	0.988	0.504	0.366
6210	0.094	0.986	0.506	0.367
6220	0.092	0.988	0.505	0.368
6230	0.095	0.985	0.506	0.365
6240	0.094	0.987	0.505	0.374
eigenvalues:  tensor([29.5928, 28.0789])
hess item is 0.01644129864871502
6250	0.092	0.987	0.505	0.369
6260	0.090	0.988	0.504	0.367
6270	0.092	0.988	0.505	0.368
6280	0.093	0.988	0.507	0.366
6290	0.093	0.988	0.505	0.371
eigenvalues:  tensor([29.2274, 27.8052])
hess item is 0.016045916825532913
6300	0.091	0.989	0.505	0.370
6310	0.094	0.989	0.508	0.367
6320	0.092	0.986	0.507	0.369
6330	0.096	0.984	0.512	0.366
6340	0.089	0.990	0.505	0.366
eigenvalues:  tensor([29.4275, 28.1121])
hess item is 0.015652630478143692
6350	0.089	0.988	0.505	0.370
6360	0.096	0.987	0.512	0.359
6370	0.094	0.987	0.511	0.364
6380	0.095	0.987	0.512	0.368
6390	0.094	0.986	0.512	0.364
eigenvalues:  tensor([29.8395, 28.2388])
hess item is 0.016232576221227646
6400	0.096	0.984	0.512	0.368
6410	0.093	0.988	0.510	0.360
6420	0.092	0.987	0.510	0.367
6430	0.089	0.990	0.508	0.366
6440	0.089	0.989	0.506	0.369
eigenvalues:  tensor([29.5017, 27.9096])
hess item is 0.01621388830244541
6450	0.089	0.988	0.507	0.368
6460	0.092	0.989	0.511	0.367
6470	0.091	0.989	0.510	0.365
6480	0.089	0.990	0.508	0.369
6490	0.089	0.990	0.509	0.366
eigenvalues:  tensor([29.4613, 28.1243])
hess item is 0.015748156234622
6500	0.087	0.989	0.507	0.370
6510	0.092	0.986	0.512	0.364
6520	0.088	0.989	0.509	0.369
6530	0.090	0.988	0.510	0.370
6540	0.094	0.984	0.515	0.363
eigenvalues:  tensor([29.3242, 27.8591])
hess item is 0.015702346339821815
6550	0.092	0.987	0.512	0.366
6560	0.091	0.986	0.511	0.362
6570	0.086	0.989	0.508	0.369
6580	0.090	0.989	0.511	0.367
6590	0.089	0.988	0.511	0.364
eigenvalues:  tensor([29.6374, 28.2802])
hess item is 0.015667613595724106
6600	0.089	0.987	0.511	0.368
6610	0.088	0.987	0.511	0.366
6620	0.088	0.989	0.512	0.366
6630	0.086	0.991	0.509	0.369
6640	0.097	0.984	0.520	0.364
eigenvalues:  tensor([29.6099, 28.2055])
hess item is 0.016280557960271835
6650	0.090	0.988	0.513	0.365
6660	0.087	0.990	0.512	0.362
6670	0.088	0.989	0.512	0.364
6680	0.086	0.989	0.510	0.368
6690	0.087	0.991	0.512	0.366
eigenvalues:  tensor([29.4882, 28.0676])
hess item is 0.016213422641158104
6700	0.088	0.987	0.513	0.364
6710	0.087	0.988	0.513	0.363
6720	0.089	0.989	0.515	0.364
6730	0.087	0.991	0.513	0.371
6740	0.084	0.990	0.510	0.365
eigenvalues:  tensor([29.4948, 28.0813])
hess item is 0.015820186585187912
6750	0.086	0.989	0.513	0.365
6760	0.085	0.990	0.512	0.364
6770	0.088	0.990	0.517	0.358
6780	0.085	0.989	0.512	0.368
6790	0.089	0.988	0.517	0.361
eigenvalues:  tensor([29.6844, 28.1879])
hess item is 0.01564537174999714
6800	0.086	0.990	0.513	0.362
6810	0.083	0.992	0.512	0.366
6820	0.083	0.989	0.512	0.365
6830	0.089	0.989	0.519	0.363
6840	0.084	0.990	0.511	0.368
eigenvalues:  tensor([29.7506, 28.4136])
hess item is 0.015609930269420147
6850	0.087	0.988	0.515	0.367
6860	0.085	0.989	0.513	0.361
6870	0.083	0.990	0.512	0.365
6880	0.087	0.989	0.515	0.363
6890	0.084	0.991	0.513	0.367
eigenvalues:  tensor([29.5731, 27.9877])
hess item is 0.01567903161048889
6900	0.085	0.993	0.515	0.364
6910	0.083	0.989	0.514	0.367
6920	0.089	0.987	0.518	0.364
6930	0.086	0.990	0.516	0.365
6940	0.085	0.991	0.516	0.363
eigenvalues:  tensor([29.5053, 28.1824])
hess item is 0.015617048367857933
6950	0.086	0.992	0.516	0.364
6960	0.084	0.990	0.515	0.363
6970	0.085	0.988	0.517	0.368
6980	0.085	0.989	0.515	0.369
6990	0.082	0.990	0.514	0.365
eigenvalues:  tensor([29.3837, 28.0088])
hess item is 0.016089556738734245
7000	0.090	0.989	0.522	0.357
7010	0.086	0.989	0.518	0.367
7020	0.083	0.990	0.516	0.367
7030	0.086	0.988	0.518	0.364
7040	0.087	0.988	0.518	0.365
eigenvalues:  tensor([29.4305, 28.2386])
hess item is 0.016900531947612762
7050	0.085	0.990	0.518	0.364
7060	0.083	0.992	0.517	0.366
7070	0.080	0.990	0.514	0.365
7080	0.082	0.991	0.515	0.365
7090	0.082	0.992	0.517	0.368
eigenvalues:  tensor([29.2994, 28.1772])
hess item is 0.016431085765361786
7100	0.080	0.991	0.514	0.365
7110	0.079	0.991	0.514	0.364
7120	0.083	0.991	0.518	0.364
7130	0.082	0.993	0.518	0.368
7140	0.082	0.992	0.517	0.362
eigenvalues:  tensor([29.3934, 28.0418])
hess item is 0.01587490364909172
7150	0.081	0.992	0.516	0.365
7160	0.086	0.989	0.521	0.362
7170	0.080	0.992	0.517	0.365
7180	0.081	0.990	0.516	0.368
7190	0.081	0.991	0.518	0.365
eigenvalues:  tensor([29.5182, 28.3006])
hess item is 0.015948856249451637
7200	0.081	0.991	0.518	0.366
7210	0.082	0.991	0.519	0.366
7220	0.081	0.992	0.518	0.360
7230	0.080	0.991	0.517	0.362
7240	0.079	0.992	0.516	0.370
eigenvalues:  tensor([29.3491, 27.9671])
hess item is 0.015734173357486725
7250	0.081	0.991	0.519	0.362
7260	0.082	0.992	0.520	0.366
7270	0.082	0.991	0.519	0.364
7280	0.081	0.992	0.519	0.363
7290	0.079	0.992	0.518	0.365
eigenvalues:  tensor([29.5359, 28.1903])
hess item is 0.01512950100004673
7300	0.080	0.993	0.520	0.363
7310	0.078	0.992	0.517	0.363
7320	0.083	0.989	0.522	0.365
7330	0.079	0.991	0.519	0.363
7340	0.080	0.991	0.520	0.365
eigenvalues:  tensor([29.4805, 28.1760])
hess item is 0.014728023670613766
7350	0.079	0.992	0.520	0.368
7360	0.080	0.992	0.519	0.364
7370	0.086	0.988	0.524	0.366
7380	0.084	0.992	0.524	0.360
7390	0.080	0.990	0.519	0.363
eigenvalues:  tensor([29.4211, 28.1250])
hess item is 0.015829863026738167
7400	0.079	0.993	0.519	0.364
7410	0.078	0.993	0.520	0.361
7420	0.078	0.993	0.519	0.367
7430	0.077	0.992	0.517	0.363
7440	0.077	0.990	0.518	0.366
eigenvalues:  tensor([29.4620, 28.2572])
hess item is 0.01610996387898922
7450	0.078	0.992	0.519	0.365
7460	0.077	0.992	0.518	0.367
7470	0.080	0.989	0.522	0.366
7480	0.076	0.992	0.520	0.361
7490	0.079	0.989	0.521	0.363
eigenvalues:  tensor([29.4669, 28.2929])
hess item is 0.015904229134321213
7500	0.077	0.989	0.520	0.366
7510	0.079	0.990	0.522	0.361
7520	0.080	0.990	0.522	0.362
7530	0.075	0.993	0.519	0.365
7540	0.080	0.993	0.524	0.363
eigenvalues:  tensor([29.4550, 28.1183])
hess item is 0.01578501984477043
7550	0.076	0.992	0.520	0.364
7560	0.076	0.993	0.520	0.363
7570	0.081	0.990	0.525	0.363
7580	0.083	0.989	0.526	0.362
7590	0.075	0.993	0.520	0.362
eigenvalues:  tensor([29.3477, 28.1010])
hess item is 0.01559971459209919
7600	0.076	0.993	0.520	0.362
7610	0.075	0.993	0.520	0.365
7620	0.080	0.991	0.526	0.359
7630	0.076	0.992	0.522	0.365
7640	0.078	0.990	0.522	0.363
eigenvalues:  tensor([29.2770, 27.8987])
hess item is 0.01517344731837511
7650	0.073	0.994	0.519	0.366
7660	0.077	0.992	0.523	0.362
7670	0.077	0.992	0.522	0.360
7680	0.078	0.992	0.526	0.361
7690	0.074	0.992	0.520	0.361
eigenvalues:  tensor([29.3488, 28.0361])
hess item is 0.015034735202789307
7700	0.081	0.991	0.528	0.359
7710	0.081	0.991	0.527	0.357
7720	0.078	0.990	0.524	0.360
7730	0.075	0.993	0.521	0.360
7740	0.074	0.993	0.521	0.363
eigenvalues:  tensor([29.1992, 27.9023])
hess item is 0.015871204435825348
7750	0.074	0.993	0.523	0.363
7760	0.075	0.992	0.522	0.363
7770	0.080	0.990	0.527	0.359
7780	0.075	0.991	0.522	0.361
7790	0.075	0.993	0.524	0.361
eigenvalues:  tensor([29.1069, 27.6987])
hess item is 0.015702323988080025
7800	0.075	0.993	0.522	0.361
7810	0.073	0.993	0.522	0.363
7820	0.074	0.992	0.523	0.367
7830	0.074	0.993	0.523	0.361
7840	0.073	0.993	0.523	0.360
eigenvalues:  tensor([29.2524, 28.0653])
hess item is 0.015555648133158684
7850	0.074	0.993	0.523	0.361
7860	0.074	0.993	0.524	0.361
7870	0.075	0.991	0.524	0.363
7880	0.075	0.994	0.525	0.362
7890	0.075	0.992	0.525	0.359
eigenvalues:  tensor([29.3224, 28.1318])
hess item is 0.01548152044415474
7900	0.074	0.993	0.524	0.359
7910	0.072	0.992	0.523	0.362
7920	0.076	0.991	0.526	0.360
7930	0.082	0.987	0.532	0.359
7940	0.077	0.992	0.529	0.359
eigenvalues:  tensor([29.2561, 28.0301])
hess item is 0.01565576158463955
7950	0.071	0.993	0.522	0.365
7960	0.076	0.991	0.527	0.355
7970	0.075	0.992	0.526	0.358
7980	0.077	0.990	0.528	0.360
7990	0.073	0.992	0.526	0.365
eigenvalues:  tensor([29.3256, 27.8937])
hess item is 0.0158093124628067
8000	0.077	0.994	0.529	0.359
8010	0.074	0.991	0.526	0.363
8020	0.071	0.993	0.524	0.360
8030	0.074	0.993	0.527	0.362
8040	0.073	0.991	0.527	0.360
eigenvalues:  tensor([29.3774, 28.0979])
hess item is 0.015314632095396519
8050	0.073	0.991	0.526	0.364
8060	0.072	0.993	0.524	0.360
8070	0.070	0.994	0.524	0.363
8080	0.071	0.993	0.525	0.365
8090	0.071	0.994	0.526	0.361
eigenvalues:  tensor([29.3574, 28.0651])
hess item is 0.015454810112714767
8100	0.072	0.991	0.525	0.360
8110	0.071	0.993	0.525	0.362
8120	0.073	0.993	0.526	0.363
8130	0.070	0.993	0.525	0.365
8140	0.072	0.992	0.526	0.358
eigenvalues:  tensor([29.4086, 28.1295])
hess item is 0.015409762039780617
8150	0.077	0.992	0.531	0.359
8160	0.073	0.990	0.527	0.361
8170	0.069	0.994	0.524	0.360
8180	0.076	0.991	0.530	0.353
8190	0.073	0.993	0.529	0.359
eigenvalues:  tensor([29.2736, 28.0702])
hess item is 0.015245189890265465
8200	0.070	0.992	0.525	0.360
8210	0.071	0.993	0.527	0.361
8220	0.069	0.994	0.525	0.361
8230	0.070	0.994	0.526	0.361
8240	0.075	0.990	0.531	0.359
eigenvalues:  tensor([29.0779, 27.9131])
hess item is 0.015006601810455322
8250	0.070	0.994	0.526	0.364
8260	0.073	0.994	0.530	0.359
8270	0.071	0.993	0.527	0.359
8280	0.073	0.992	0.529	0.359
8290	0.075	0.993	0.532	0.358
eigenvalues:  tensor([29.3416, 28.1207])
hess item is 0.015233277343213558
8300	0.069	0.993	0.526	0.360
8310	0.074	0.992	0.532	0.362
8320	0.071	0.994	0.528	0.358
8330	0.070	0.994	0.527	0.361
8340	0.073	0.992	0.530	0.356
eigenvalues:  tensor([29.1243, 27.8633])
hess item is 0.015152477659285069
8350	0.069	0.995	0.526	0.362
8360	0.069	0.993	0.527	0.362
8370	0.071	0.993	0.531	0.358
8380	0.072	0.993	0.529	0.357
8390	0.070	0.994	0.528	0.363
eigenvalues:  tensor([29.2320, 28.0427])
hess item is 0.015348984859883785
8400	0.072	0.994	0.529	0.358
8410	0.071	0.993	0.530	0.358
8420	0.074	0.991	0.531	0.361
8430	0.068	0.994	0.526	0.362
8440	0.076	0.993	0.535	0.352
eigenvalues:  tensor([29.0844, 27.9752])
hess item is 0.01571238972246647
8450	0.069	0.993	0.528	0.361
8460	0.070	0.994	0.528	0.361
8470	0.071	0.991	0.529	0.359
8480	0.070	0.992	0.528	0.363
8490	0.075	0.993	0.533	0.360
eigenvalues:  tensor([29.0306, 27.6828])
hess item is 0.015469763427972794
8500	0.069	0.993	0.529	0.359
8510	0.068	0.994	0.528	0.358
8520	0.067	0.994	0.528	0.360
8530	0.068	0.993	0.528	0.367
8540	0.066	0.993	0.527	0.359
eigenvalues:  tensor([29.2480, 27.9213])
hess item is 0.015013137832283974
8550	0.072	0.994	0.533	0.357
8560	0.070	0.993	0.531	0.362
8570	0.069	0.993	0.529	0.362
8580	0.068	0.994	0.529	0.359
8590	0.072	0.994	0.532	0.360
eigenvalues:  tensor([29.2528, 28.2515])
hess item is 0.015537767671048641
8600	0.070	0.993	0.532	0.357
8610	0.070	0.992	0.531	0.362
8620	0.070	0.994	0.531	0.356
8630	0.070	0.993	0.531	0.359
8640	0.066	0.994	0.528	0.360
eigenvalues:  tensor([28.9893, 27.9578])
hess item is 0.015215317718684673
8650	0.070	0.994	0.532	0.361
8660	0.069	0.993	0.531	0.359
8670	0.071	0.994	0.532	0.360
8680	0.069	0.994	0.531	0.359
8690	0.070	0.993	0.532	0.356
eigenvalues:  tensor([29.2351, 28.2676])
hess item is 0.015180845744907856
8700	0.067	0.993	0.530	0.357
8710	0.068	0.994	0.531	0.359
8720	0.068	0.994	0.532	0.358
8730	0.068	0.995	0.530	0.357
8740	0.068	0.995	0.532	0.358
eigenvalues:  tensor([29.0820, 27.9425])
hess item is 0.015261624939739704
8750	0.068	0.995	0.531	0.357
8760	0.067	0.992	0.529	0.361
8770	0.066	0.995	0.530	0.358
8780	0.068	0.994	0.532	0.360
8790	0.065	0.995	0.529	0.361
eigenvalues:  tensor([29.1151, 27.9436])
hess item is 0.015030432492494583
8800	0.064	0.994	0.528	0.361
8810	0.066	0.994	0.530	0.357
8820	0.067	0.995	0.532	0.360
8830	0.068	0.993	0.534	0.358
8840	0.069	0.991	0.532	0.360
eigenvalues:  tensor([29.1542, 28.0574])
hess item is 0.014434298500418663
8850	0.071	0.993	0.537	0.358
8860	0.065	0.994	0.530	0.361
8870	0.068	0.994	0.533	0.357
8880	0.068	0.993	0.534	0.359
8890	0.065	0.995	0.531	0.357
eigenvalues:  tensor([29.0351, 28.0191])
hess item is 0.014200625941157341
8900	0.068	0.994	0.534	0.361
8910	0.069	0.993	0.533	0.363
8920	0.064	0.994	0.529	0.361
8930	0.065	0.994	0.532	0.359
8940	0.067	0.994	0.533	0.357
eigenvalues:  tensor([29.1197, 28.0969])
hess item is 0.014341452158987522
8950	0.070	0.993	0.536	0.356
8960	0.065	0.995	0.530	0.363
8970	0.065	0.995	0.532	0.361
8980	0.068	0.993	0.535	0.359
8990	0.062	0.995	0.530	0.360
eigenvalues:  tensor([29.2896, 28.3486])
hess item is 0.014485598541796207
9000	0.071	0.992	0.538	0.355
9010	0.068	0.995	0.535	0.358
9020	0.066	0.994	0.533	0.356
9030	0.066	0.994	0.534	0.359
9040	0.066	0.994	0.533	0.359
eigenvalues:  tensor([28.8848, 27.8913])
hess item is 0.01463954709470272
9050	0.069	0.992	0.536	0.360
9060	0.071	0.993	0.539	0.359
9070	0.066	0.994	0.534	0.359
9080	0.065	0.994	0.534	0.354
9090	0.069	0.993	0.538	0.358
eigenvalues:  tensor([29.1758, 28.1595])
hess item is 0.015073725953698158
9100	0.065	0.994	0.533	0.359
9110	0.071	0.991	0.538	0.357
9120	0.066	0.993	0.535	0.359
9130	0.063	0.994	0.532	0.361
9140	0.063	0.995	0.532	0.360
eigenvalues:  tensor([29.0995, 28.0198])
hess item is 0.014743782579898834
9150	0.065	0.993	0.533	0.359
9160	0.067	0.994	0.535	0.360
9170	0.064	0.995	0.533	0.361
9180	0.063	0.994	0.533	0.359
9190	0.066	0.993	0.536	0.360
eigenvalues:  tensor([28.8999, 27.8840])
hess item is 0.015055190771818161
9200	0.068	0.994	0.537	0.352
9210	0.070	0.992	0.539	0.356
9220	0.064	0.996	0.535	0.357
9230	0.063	0.995	0.533	0.358
9240	0.064	0.995	0.534	0.357
eigenvalues:  tensor([29.0144, 27.9155])
hess item is 0.01453608088195324
9250	0.063	0.995	0.534	0.357
9260	0.063	0.995	0.534	0.357
9270	0.062	0.995	0.534	0.357
9280	0.067	0.993	0.539	0.354
9290	0.063	0.995	0.535	0.359
eigenvalues:  tensor([28.9332, 28.0651])
hess item is 0.01415251661092043
9300	0.062	0.994	0.533	0.360
9310	0.062	0.996	0.534	0.359
9320	0.063	0.995	0.535	0.358
9330	0.066	0.992	0.538	0.359
9340	0.068	0.992	0.539	0.354
eigenvalues:  tensor([28.7925, 27.7509])
hess item is 0.014677348546683788
9350	0.062	0.996	0.533	0.359
9360	0.063	0.994	0.534	0.355
9370	0.062	0.995	0.534	0.359
9380	0.063	0.995	0.535	0.357
9390	0.063	0.996	0.536	0.359
eigenvalues:  tensor([28.9595, 27.9419])
hess item is 0.014858265407383442
9400	0.060	0.995	0.533	0.356
9410	0.061	0.996	0.534	0.360
9420	0.066	0.995	0.539	0.357
9430	0.064	0.995	0.537	0.360
9440	0.065	0.995	0.537	0.358
eigenvalues:  tensor([28.8562, 27.9323])
hess item is 0.015005535446107388
9450	0.060	0.996	0.533	0.359
9460	0.063	0.995	0.536	0.355
9470	0.062	0.996	0.534	0.356
9480	0.061	0.995	0.535	0.356
9490	0.064	0.996	0.538	0.353
eigenvalues:  tensor([28.8063, 27.8258])
hess item is 0.014608033932745457
9500	0.060	0.995	0.534	0.355
9510	0.064	0.995	0.538	0.354
9520	0.064	0.995	0.538	0.353
9530	0.066	0.995	0.539	0.361
9540	0.062	0.994	0.536	0.358
eigenvalues:  tensor([29.0762, 28.0663])
hess item is 0.014470393769443035
9550	0.064	0.995	0.537	0.361
9560	0.062	0.995	0.537	0.356
9570	0.059	0.995	0.534	0.356
9580	0.059	0.996	0.534	0.359
9590	0.064	0.995	0.539	0.355
eigenvalues:  tensor([28.7754, 27.7976])
hess item is 0.014112699776887894
9600	0.065	0.995	0.539	0.356
9610	0.060	0.995	0.536	0.356
9620	0.061	0.995	0.536	0.357
9630	0.062	0.995	0.538	0.355
9640	0.062	0.996	0.537	0.358
eigenvalues:  tensor([29.0264, 28.0763])
hess item is 0.014000472612679005
9650	0.062	0.994	0.538	0.355
9660	0.062	0.994	0.537	0.355
9670	0.058	0.996	0.533	0.360
9680	0.062	0.995	0.538	0.358
9690	0.060	0.994	0.535	0.356
eigenvalues:  tensor([28.9437, 27.8843])
hess item is 0.014581957831978798
9700	0.060	0.996	0.536	0.358
9710	0.064	0.993	0.540	0.358
9720	0.059	0.996	0.535	0.358
9730	0.060	0.996	0.536	0.356
9740	0.063	0.993	0.538	0.358
eigenvalues:  tensor([29.1817, 28.2368])
hess item is 0.01443608570843935
9750	0.063	0.994	0.539	0.357
9760	0.058	0.995	0.534	0.359
9770	0.060	0.995	0.537	0.357
9780	0.059	0.995	0.536	0.361
9790	0.063	0.993	0.539	0.358
eigenvalues:  tensor([28.8624, 27.9363])
hess item is 0.014855969697237015
9800	0.061	0.994	0.537	0.354
9810	0.059	0.995	0.536	0.359
9820	0.059	0.995	0.536	0.359
9830	0.062	0.995	0.540	0.361
9840	0.062	0.995	0.538	0.359
eigenvalues:  tensor([28.7984, 27.8390])
hess item is 0.014517774805426598
9850	0.059	0.996	0.537	0.357
9860	0.057	0.996	0.535	0.361
9870	0.058	0.996	0.537	0.355
9880	0.061	0.996	0.539	0.356
9890	0.060	0.995	0.537	0.358
eigenvalues:  tensor([28.9907, 27.9567])
hess item is 0.014430818147957325
9900	0.062	0.995	0.539	0.360
9910	0.057	0.996	0.536	0.359
9920	0.060	0.995	0.539	0.357
9930	0.058	0.995	0.537	0.355
9940	0.059	0.996	0.539	0.354
eigenvalues:  tensor([28.7132, 27.7161])
hess item is 0.014313411898911
9950	0.062	0.993	0.540	0.352
9960	0.061	0.996	0.540	0.353
9970	0.060	0.996	0.540	0.356
9980	0.061	0.995	0.541	0.356
9990	0.062	0.996	0.541	0.353
