device: cuda:3
output directory: RESULTS/cifar10-10k/fc-tanh/seed_0/mse/ivon/lr_0.0005_h0_0.1_post_10_alpha_100.0_beta2_0.999_beta_0.0_ess_1000000.0_ivon
Files already downloaded and verified
Files already downloaded and verified
optimizer is IVON
0	0.597	0.131	0.597	0.131
10	0.512	0.188	0.513	0.186
20	0.490	0.216	0.492	0.211
30	0.476	0.234	0.479	0.229
40	0.466	0.252	0.469	0.241
eigenvalues:  tensor([76.4844, 62.5060])
hess item is 0.09525488317012787
50	0.458	0.264	0.462	0.255
60	0.452	0.275	0.456	0.264
70	0.446	0.285	0.451	0.270
80	0.442	0.293	0.447	0.276
90	0.438	0.299	0.443	0.284
eigenvalues:  tensor([73.2541, 59.6293])
hess item is 0.09074512869119644
100	0.434	0.306	0.440	0.288
110	0.431	0.313	0.437	0.294
120	0.428	0.319	0.434	0.297
130	0.426	0.323	0.432	0.302
140	0.424	0.330	0.430	0.306
eigenvalues:  tensor([70.4611, 57.9757])
hess item is 0.08645378053188324
150	0.421	0.332	0.428	0.308
160	0.420	0.334	0.426	0.311
170	0.418	0.338	0.425	0.313
180	0.416	0.342	0.424	0.315
190	0.415	0.347	0.422	0.319
eigenvalues:  tensor([68.1087, 56.5043])
hess item is 0.08236987143754959
200	0.413	0.350	0.421	0.322
210	0.412	0.352	0.420	0.324
220	0.411	0.354	0.419	0.326
230	0.409	0.359	0.418	0.327
240	0.408	0.362	0.417	0.330
eigenvalues:  tensor([65.9355, 55.1699])
hess item is 0.07848351448774338
250	0.407	0.364	0.416	0.332
260	0.406	0.368	0.415	0.335
270	0.405	0.370	0.415	0.337
280	0.404	0.373	0.414	0.338
290	0.403	0.376	0.413	0.341
eigenvalues:  tensor([64.0682, 54.0127])
hess item is 0.07478490471839905
300	0.403	0.377	0.413	0.343
310	0.402	0.379	0.412	0.346
320	0.401	0.382	0.411	0.347
330	0.400	0.384	0.411	0.348
340	0.400	0.385	0.410	0.351
eigenvalues:  tensor([62.3425, 52.7803])
hess item is 0.07126372307538986
350	0.399	0.387	0.410	0.351
360	0.398	0.389	0.409	0.354
370	0.398	0.391	0.409	0.352
380	0.397	0.391	0.409	0.353
390	0.397	0.395	0.408	0.354
eigenvalues:  tensor([60.6648, 51.7265])
hess item is 0.06791384518146515
400	0.396	0.394	0.408	0.355
410	0.395	0.395	0.407	0.356
420	0.395	0.398	0.407	0.357
430	0.394	0.400	0.407	0.356
440	0.394	0.400	0.406	0.359
eigenvalues:  tensor([59.0417, 50.6068])
hess item is 0.06472527235746384
450	0.393	0.401	0.406	0.360
460	0.393	0.405	0.406	0.361
470	0.392	0.405	0.405	0.361
480	0.392	0.408	0.405	0.363
490	0.392	0.408	0.405	0.364
eigenvalues:  tensor([57.4659, 49.5600])
hess item is 0.061689916998147964
500	0.391	0.408	0.405	0.362
510	0.391	0.412	0.404	0.365
520	0.390	0.412	0.404	0.364
530	0.390	0.414	0.404	0.367
540	0.389	0.414	0.404	0.366
eigenvalues:  tensor([55.8785, 48.5267])
hess item is 0.0588008277118206
550	0.389	0.417	0.403	0.368
560	0.389	0.417	0.403	0.368
570	0.388	0.420	0.403	0.369
580	0.388	0.421	0.403	0.368
590	0.387	0.423	0.402	0.371
eigenvalues:  tensor([54.5115, 47.5780])
hess item is 0.05605022981762886
600	0.387	0.426	0.402	0.370
610	0.387	0.424	0.402	0.371
620	0.386	0.427	0.402	0.371
630	0.386	0.427	0.402	0.375
640	0.386	0.429	0.401	0.372
eigenvalues:  tensor([52.7871, 46.5691])
hess item is 0.05343305692076683
650	0.385	0.430	0.401	0.372
660	0.385	0.429	0.401	0.371
670	0.384	0.431	0.401	0.376
680	0.384	0.432	0.401	0.375
690	0.384	0.434	0.400	0.375
eigenvalues:  tensor([51.3994, 45.6846])
hess item is 0.050941575318574905
700	0.383	0.435	0.400	0.374
710	0.383	0.436	0.400	0.374
720	0.383	0.436	0.400	0.376
730	0.383	0.438	0.400	0.379
740	0.382	0.441	0.400	0.377
eigenvalues:  tensor([49.8887, 44.7887])
hess item is 0.04856838285923004
750	0.382	0.441	0.399	0.377
760	0.382	0.443	0.399	0.379
770	0.381	0.444	0.399	0.380
780	0.381	0.444	0.399	0.378
790	0.381	0.444	0.399	0.379
eigenvalues:  tensor([48.6240, 43.9181])
hess item is 0.04630907624959946
800	0.380	0.444	0.399	0.381
810	0.380	0.446	0.399	0.381
820	0.380	0.448	0.398	0.382
830	0.379	0.448	0.398	0.381
840	0.379	0.449	0.398	0.382
eigenvalues:  tensor([47.0940, 43.1073])
hess item is 0.0441589280962944
850	0.379	0.449	0.398	0.384
860	0.379	0.450	0.398	0.382
870	0.378	0.451	0.398	0.384
880	0.378	0.451	0.398	0.385
890	0.378	0.453	0.398	0.384
eigenvalues:  tensor([45.9853, 42.2178])
hess item is 0.04211108386516571
900	0.378	0.454	0.397	0.383
910	0.377	0.454	0.397	0.386
920	0.377	0.458	0.397	0.388
930	0.377	0.458	0.397	0.385
940	0.376	0.460	0.397	0.386
eigenvalues:  tensor([44.7435, 41.3929])
hess item is 0.0401618666946888
950	0.376	0.459	0.397	0.388
960	0.376	0.459	0.397	0.387
970	0.376	0.461	0.396	0.388
980	0.375	0.462	0.396	0.388
990	0.375	0.462	0.396	0.388
eigenvalues:  tensor([43.5030, 40.6171])
hess item is 0.03830544278025627
1000	0.375	0.460	0.396	0.389
1010	0.375	0.464	0.396	0.389
1020	0.374	0.467	0.396	0.389
1030	0.374	0.466	0.396	0.391
1040	0.374	0.468	0.396	0.391
eigenvalues:  tensor([42.5144, 39.8413])
hess item is 0.03653775155544281
1050	0.373	0.467	0.396	0.391
1060	0.373	0.468	0.395	0.392
1070	0.373	0.468	0.395	0.393
1080	0.373	0.466	0.395	0.392
1090	0.372	0.468	0.395	0.393
eigenvalues:  tensor([41.4188, 38.9192])
hess item is 0.03485548868775368
1100	0.372	0.468	0.395	0.392
1110	0.372	0.471	0.395	0.394
1120	0.372	0.470	0.395	0.393
1130	0.372	0.469	0.395	0.391
1140	0.371	0.473	0.395	0.394
eigenvalues:  tensor([40.5356, 38.0874])
hess item is 0.03325355052947998
1150	0.371	0.474	0.395	0.393
1160	0.371	0.475	0.394	0.394
1170	0.371	0.475	0.394	0.394
1180	0.370	0.475	0.394	0.395
1190	0.370	0.475	0.394	0.395
eigenvalues:  tensor([39.5564, 37.2262])
hess item is 0.031727567315101624
1200	0.370	0.476	0.394	0.397
1210	0.370	0.477	0.394	0.395
1220	0.369	0.478	0.394	0.395
1230	0.369	0.480	0.394	0.397
1240	0.369	0.480	0.394	0.396
eigenvalues:  tensor([38.7675, 36.4234])
hess item is 0.030274756252765656
1250	0.369	0.481	0.394	0.395
1260	0.368	0.480	0.393	0.396
1270	0.368	0.483	0.393	0.398
1280	0.368	0.483	0.393	0.398
1290	0.368	0.485	0.393	0.399
eigenvalues:  tensor([38.0286, 35.5445])
hess item is 0.028891101479530334
1300	0.367	0.484	0.393	0.401
1310	0.367	0.484	0.393	0.397
1320	0.367	0.485	0.393	0.397
1330	0.367	0.483	0.393	0.400
1340	0.367	0.486	0.393	0.399
eigenvalues:  tensor([37.1968, 34.7703])
hess item is 0.027572838589549065
1350	0.366	0.488	0.393	0.399
1360	0.366	0.488	0.393	0.401
1370	0.366	0.487	0.393	0.402
1380	0.366	0.491	0.392	0.401
1390	0.366	0.489	0.392	0.400
eigenvalues:  tensor([36.5081, 34.0206])
hess item is 0.02631799876689911
1400	0.365	0.492	0.392	0.401
1410	0.365	0.493	0.392	0.402
1420	0.365	0.489	0.392	0.400
1430	0.365	0.492	0.392	0.402
1440	0.364	0.494	0.392	0.402
eigenvalues:  tensor([35.7610, 33.3242])
hess item is 0.025122329592704773
1450	0.364	0.495	0.392	0.402
1460	0.364	0.493	0.392	0.402
1470	0.364	0.495	0.392	0.404
1480	0.363	0.496	0.392	0.403
1490	0.363	0.497	0.392	0.403
eigenvalues:  tensor([35.1461, 32.5148])
hess item is 0.023984527215361595
1500	0.363	0.496	0.391	0.406
1510	0.363	0.496	0.391	0.406
1520	0.363	0.495	0.391	0.404
1530	0.363	0.496	0.391	0.404
1540	0.362	0.498	0.391	0.405
eigenvalues:  tensor([34.4850, 31.8113])
hess item is 0.022900229319930077
1550	0.362	0.497	0.391	0.406
1560	0.362	0.500	0.391	0.406
1570	0.362	0.497	0.391	0.403
1580	0.361	0.501	0.391	0.403
1590	0.361	0.502	0.391	0.404
eigenvalues:  tensor([33.9089, 31.2433])
hess item is 0.021867165341973305
1600	0.361	0.502	0.391	0.405
1610	0.361	0.502	0.391	0.404
1620	0.360	0.501	0.391	0.404
1630	0.360	0.507	0.390	0.407
1640	0.360	0.506	0.390	0.406
eigenvalues:  tensor([33.3091, 30.5810])
hess item is 0.020883306860923767
1650	0.360	0.503	0.390	0.407
1660	0.360	0.501	0.391	0.405
1670	0.359	0.505	0.390	0.406
1680	0.359	0.510	0.390	0.409
1690	0.359	0.507	0.390	0.407
eigenvalues:  tensor([32.7840, 30.0305])
hess item is 0.01994575932621956
1700	0.359	0.508	0.390	0.407
1710	0.359	0.508	0.390	0.408
1720	0.358	0.506	0.390	0.406
1730	0.358	0.508	0.390	0.407
1740	0.358	0.509	0.390	0.408
eigenvalues:  tensor([32.2748, 29.4611])
hess item is 0.019053153693675995
1750	0.358	0.509	0.390	0.406
1760	0.358	0.510	0.390	0.407
1770	0.357	0.511	0.390	0.408
1780	0.357	0.509	0.390	0.407
1790	0.357	0.512	0.390	0.408
eigenvalues:  tensor([31.6334, 28.9843])
hess item is 0.018202930688858032
1800	0.357	0.510	0.389	0.408
1810	0.357	0.516	0.389	0.412
1820	0.356	0.514	0.389	0.411
1830	0.356	0.512	0.389	0.408
1840	0.356	0.513	0.389	0.409
eigenvalues:  tensor([31.1413, 28.5235])
hess item is 0.01739315129816532
1850	0.356	0.513	0.389	0.407
1860	0.355	0.517	0.389	0.410
1870	0.355	0.515	0.389	0.410
1880	0.355	0.517	0.389	0.411
1890	0.355	0.516	0.389	0.408
eigenvalues:  tensor([30.7943, 28.0797])
hess item is 0.016621578484773636
1900	0.355	0.516	0.389	0.411
1910	0.354	0.518	0.389	0.410
1920	0.355	0.515	0.389	0.408
1930	0.354	0.517	0.389	0.408
1940	0.354	0.522	0.388	0.411
eigenvalues:  tensor([30.3298, 27.7044])
hess item is 0.015888310968875885
1950	0.354	0.520	0.389	0.407
1960	0.353	0.522	0.388	0.409
1970	0.353	0.523	0.388	0.413
1980	0.353	0.520	0.388	0.410
1990	0.353	0.521	0.388	0.410
eigenvalues:  tensor([29.8605, 27.3439])
hess item is 0.015187378972768784
2000	0.353	0.523	0.388	0.411
2010	0.353	0.519	0.388	0.409
2020	0.352	0.525	0.388	0.412
2030	0.352	0.522	0.388	0.412
2040	0.352	0.524	0.388	0.412
eigenvalues:  tensor([29.5070, 26.9370])
hess item is 0.014521035365760326
2050	0.351	0.525	0.388	0.412
2060	0.351	0.521	0.388	0.411
2070	0.351	0.527	0.388	0.414
2080	0.351	0.525	0.388	0.412
2090	0.351	0.527	0.388	0.412
eigenvalues:  tensor([29.0981, 26.6506])
hess item is 0.01388616394251585
2100	0.351	0.529	0.388	0.411
2110	0.350	0.531	0.388	0.414
2120	0.350	0.529	0.388	0.412
2130	0.350	0.531	0.388	0.415
2140	0.350	0.529	0.388	0.414
eigenvalues:  tensor([28.6597, 26.3517])
hess item is 0.01328078843653202
2150	0.350	0.530	0.387	0.414
2160	0.349	0.532	0.387	0.416
2170	0.349	0.530	0.387	0.414
2180	0.349	0.531	0.387	0.414
2190	0.349	0.534	0.387	0.415
eigenvalues:  tensor([28.3144, 26.1259])
hess item is 0.0127043342217803
2200	0.349	0.534	0.387	0.414
2210	0.348	0.531	0.387	0.415
2220	0.348	0.532	0.387	0.415
2230	0.348	0.532	0.387	0.414
2240	0.348	0.536	0.387	0.418
eigenvalues:  tensor([27.9931, 25.8721])
hess item is 0.012155571021139622
2250	0.348	0.534	0.387	0.416
2260	0.347	0.535	0.387	0.414
2270	0.347	0.534	0.387	0.415
2280	0.347	0.539	0.387	0.415
2290	0.347	0.534	0.387	0.415
eigenvalues:  tensor([27.8423, 25.7802])
hess item is 0.011632908135652542
2300	0.347	0.538	0.387	0.415
2310	0.346	0.541	0.387	0.417
2320	0.346	0.538	0.386	0.417
2330	0.346	0.534	0.387	0.414
2340	0.346	0.538	0.386	0.417
eigenvalues:  tensor([27.4978, 25.4782])
hess item is 0.011134851723909378
2350	0.345	0.541	0.386	0.417
2360	0.345	0.540	0.386	0.418
2370	0.345	0.539	0.387	0.416
2380	0.345	0.539	0.386	0.415
2390	0.345	0.544	0.386	0.417
eigenvalues:  tensor([27.3061, 25.2429])
hess item is 0.010660442523658276
2400	0.344	0.544	0.386	0.418
2410	0.344	0.542	0.386	0.418
2420	0.344	0.543	0.386	0.418
2430	0.344	0.542	0.386	0.417
2440	0.344	0.543	0.386	0.419
eigenvalues:  tensor([27.0830, 25.1210])
hess item is 0.010209653526544571
2450	0.343	0.544	0.386	0.419
2460	0.343	0.549	0.386	0.421
2470	0.343	0.543	0.386	0.417
2480	0.343	0.544	0.386	0.419
2490	0.343	0.546	0.386	0.420
eigenvalues:  tensor([26.9212, 24.9627])
hess item is 0.009778756648302078
2500	0.342	0.550	0.385	0.420
2510	0.342	0.549	0.386	0.419
2520	0.342	0.548	0.385	0.419
2530	0.342	0.549	0.385	0.419
2540	0.342	0.548	0.386	0.418
eigenvalues:  tensor([26.6627, 24.8332])
hess item is 0.009370662271976471
2550	0.341	0.547	0.385	0.420
2560	0.341	0.551	0.385	0.420
2570	0.341	0.549	0.385	0.421
2580	0.341	0.553	0.385	0.421
2590	0.341	0.549	0.386	0.419
eigenvalues:  tensor([26.5336, 24.7130])
hess item is 0.00898029375821352
2600	0.341	0.553	0.386	0.420
2610	0.341	0.553	0.385	0.421
2620	0.340	0.552	0.385	0.421
2630	0.340	0.558	0.385	0.419
2640	0.340	0.554	0.385	0.421
eigenvalues:  tensor([26.1939, 24.4550])
hess item is 0.008607929572463036
2650	0.339	0.554	0.385	0.421
2660	0.339	0.553	0.385	0.419
2670	0.339	0.556	0.385	0.421
2680	0.339	0.559	0.385	0.422
2690	0.339	0.558	0.385	0.421
eigenvalues:  tensor([26.1520, 24.4769])
hess item is 0.008254914544522762
2700	0.339	0.558	0.385	0.422
2710	0.338	0.561	0.385	0.422
2720	0.338	0.561	0.385	0.422
2730	0.338	0.562	0.385	0.423
2740	0.338	0.563	0.385	0.424
eigenvalues:  tensor([25.9521, 24.2878])
hess item is 0.007919644936919212
2750	0.337	0.561	0.384	0.424
2760	0.337	0.564	0.384	0.422
2770	0.337	0.561	0.385	0.423
2780	0.337	0.566	0.385	0.423
2790	0.337	0.559	0.385	0.423
eigenvalues:  tensor([25.9604, 24.4054])
hess item is 0.007597832009196281
2800	0.336	0.567	0.384	0.423
2810	0.336	0.563	0.384	0.423
2820	0.336	0.564	0.385	0.421
2830	0.336	0.563	0.384	0.422
2840	0.335	0.567	0.384	0.422
eigenvalues:  tensor([25.9223, 24.4459])
hess item is 0.0072910781018435955
2850	0.336	0.565	0.384	0.421
2860	0.335	0.563	0.384	0.424
2870	0.335	0.563	0.384	0.422
2880	0.335	0.570	0.384	0.424
2890	0.335	0.566	0.384	0.422
eigenvalues:  tensor([25.8044, 24.3683])
hess item is 0.00699961744248867
2900	0.334	0.572	0.384	0.424
2910	0.335	0.571	0.385	0.423
2920	0.334	0.574	0.384	0.423
2930	0.334	0.570	0.384	0.424
2940	0.334	0.571	0.384	0.425
eigenvalues:  tensor([25.8193, 24.4670])
hess item is 0.0067235673777759075
2950	0.334	0.568	0.384	0.424
2960	0.333	0.571	0.384	0.424
2970	0.333	0.569	0.384	0.422
2980	0.333	0.571	0.384	0.423
2990	0.333	0.574	0.384	0.424
eigenvalues:  tensor([25.6053, 24.3260])
hess item is 0.006460246164351702
3000	0.332	0.577	0.384	0.425
3010	0.332	0.576	0.384	0.424
3020	0.332	0.574	0.384	0.427
3030	0.332	0.573	0.384	0.425
3040	0.331	0.578	0.384	0.425
eigenvalues:  tensor([25.6887, 24.4762])
hess item is 0.006209304090589285
3050	0.332	0.575	0.384	0.427
3060	0.331	0.576	0.384	0.427
3070	0.331	0.573	0.384	0.424
3080	0.331	0.579	0.384	0.424
3090	0.331	0.577	0.384	0.425
eigenvalues:  tensor([25.6844, 24.4979])
hess item is 0.0059697735123336315
3100	0.330	0.577	0.383	0.426
3110	0.330	0.580	0.384	0.425
3120	0.330	0.582	0.383	0.427
3130	0.330	0.579	0.384	0.425
3140	0.330	0.581	0.384	0.425
eigenvalues:  tensor([25.7702, 24.7014])
hess item is 0.0057425168342888355
3150	0.330	0.578	0.384	0.425
3160	0.330	0.576	0.384	0.427
3170	0.330	0.580	0.384	0.425
3180	0.329	0.586	0.383	0.427
3190	0.329	0.583	0.383	0.427
eigenvalues:  tensor([26.0031, 24.9464])
hess item is 0.005526047665625811
3200	0.329	0.584	0.383	0.426
3210	0.328	0.586	0.383	0.428
3220	0.328	0.585	0.383	0.428
3230	0.328	0.582	0.383	0.426
3240	0.328	0.586	0.383	0.427
eigenvalues:  tensor([26.0483, 25.0208])
hess item is 0.005320786964148283
3250	0.327	0.586	0.383	0.428
3260	0.327	0.586	0.383	0.426
3270	0.327	0.587	0.383	0.427
3280	0.327	0.581	0.384	0.426
3290	0.327	0.586	0.383	0.427
eigenvalues:  tensor([26.0737, 25.0783])
hess item is 0.005125921219587326
3300	0.326	0.592	0.383	0.429
3310	0.326	0.588	0.383	0.430
3320	0.326	0.590	0.383	0.428
3330	0.326	0.590	0.383	0.429
3340	0.326	0.588	0.383	0.428
eigenvalues:  tensor([26.1138, 25.1554])
hess item is 0.004939241334795952
3350	0.326	0.589	0.383	0.429
3360	0.325	0.595	0.383	0.429
3370	0.326	0.589	0.384	0.428
3380	0.325	0.591	0.383	0.428
3390	0.325	0.591	0.383	0.429
eigenvalues:  tensor([26.2723, 25.3737])
hess item is 0.00476243207231164
3400	0.325	0.590	0.384	0.427
3410	0.324	0.593	0.383	0.430
3420	0.324	0.593	0.383	0.430
3430	0.323	0.596	0.383	0.429
3440	0.324	0.600	0.383	0.429
eigenvalues:  tensor([26.3403, 25.4405])
hess item is 0.004593663848936558
3450	0.323	0.592	0.383	0.429
3460	0.323	0.593	0.383	0.428
3470	0.323	0.595	0.383	0.428
3480	0.323	0.594	0.383	0.428
3490	0.323	0.599	0.383	0.430
eigenvalues:  tensor([26.7527, 25.8858])
hess item is 0.004433485679328442
3500	0.322	0.597	0.383	0.431
3510	0.322	0.600	0.383	0.429
3520	0.322	0.600	0.383	0.428
3530	0.322	0.598	0.383	0.429
3540	0.322	0.599	0.383	0.428
eigenvalues:  tensor([27.0095, 26.1790])
hess item is 0.004280138295143843
3550	0.322	0.601	0.383	0.429
3560	0.322	0.597	0.383	0.426
3570	0.321	0.598	0.383	0.428
3580	0.321	0.600	0.383	0.429
3590	0.320	0.605	0.383	0.426
eigenvalues:  tensor([27.1049, 26.3882])
hess item is 0.004135826136916876
3600	0.320	0.600	0.382	0.431
3610	0.321	0.601	0.383	0.428
3620	0.320	0.604	0.382	0.429
3630	0.320	0.605	0.383	0.430
3640	0.319	0.602	0.383	0.429
eigenvalues:  tensor([27.2142, 26.5312])
hess item is 0.00400007888674736
3650	0.319	0.601	0.383	0.429
3660	0.319	0.607	0.383	0.431
3670	0.319	0.604	0.383	0.429
3680	0.318	0.605	0.382	0.431
3690	0.318	0.604	0.383	0.430
eigenvalues:  tensor([27.5202, 26.8227])
hess item is 0.0038686818443238735
3700	0.318	0.606	0.383	0.430
3710	0.318	0.604	0.383	0.428
3720	0.318	0.610	0.383	0.431
3730	0.318	0.608	0.383	0.428
3740	0.317	0.609	0.382	0.429
eigenvalues:  tensor([27.7513, 27.1025])
hess item is 0.00374588998965919
3750	0.317	0.607	0.383	0.430
3760	0.317	0.608	0.383	0.429
3770	0.317	0.608	0.383	0.429
3780	0.317	0.608	0.383	0.429
3790	0.316	0.611	0.382	0.430
eigenvalues:  tensor([28.0160, 27.4243])
hess item is 0.0036279442720115185
3800	0.316	0.615	0.382	0.430
3810	0.317	0.607	0.383	0.428
3820	0.316	0.613	0.383	0.428
3830	0.316	0.610	0.383	0.427
3840	0.315	0.611	0.383	0.431
eigenvalues:  tensor([28.4393, 27.9056])
hess item is 0.003515237243846059
3850	0.316	0.611	0.383	0.428
3860	0.316	0.608	0.383	0.426
3870	0.315	0.617	0.382	0.429
3880	0.315	0.615	0.383	0.428
3890	0.314	0.614	0.382	0.428
eigenvalues:  tensor([28.4306, 27.8813])
hess item is 0.0034079966135323048
3900	0.314	0.613	0.382	0.430
3910	0.314	0.614	0.382	0.429
3920	0.314	0.615	0.382	0.429
3930	0.314	0.616	0.383	0.426
3940	0.313	0.616	0.382	0.428
eigenvalues:  tensor([28.9754, 28.4691])
hess item is 0.0033066030591726303
3950	0.313	0.618	0.383	0.428
3960	0.313	0.615	0.383	0.427
3970	0.313	0.619	0.382	0.428
3980	0.313	0.619	0.383	0.428
3990	0.314	0.616	0.383	0.426
eigenvalues:  tensor([29.1635, 28.7095])
hess item is 0.003211031435057521
4000	0.312	0.619	0.383	0.428
4010	0.312	0.621	0.383	0.428
4020	0.312	0.619	0.383	0.426
4030	0.312	0.617	0.383	0.428
4040	0.311	0.622	0.382	0.428
eigenvalues:  tensor([29.3370, 28.8581])
hess item is 0.003120354376733303
4050	0.311	0.625	0.382	0.429
4060	0.311	0.623	0.383	0.427
4070	0.311	0.623	0.383	0.430
4080	0.311	0.624	0.383	0.428
4090	0.311	0.621	0.383	0.428
eigenvalues:  tensor([29.9994, 29.5390])
hess item is 0.003032495966181159
4100	0.311	0.623	0.383	0.427
4110	0.310	0.619	0.383	0.427
4120	0.310	0.625	0.383	0.426
4130	0.309	0.623	0.382	0.430
4140	0.310	0.626	0.383	0.428
eigenvalues:  tensor([30.2011, 29.7394])
hess item is 0.0029494904447346926
4150	0.309	0.626	0.382	0.427
4160	0.310	0.623	0.384	0.426
4170	0.309	0.628	0.382	0.428
4180	0.309	0.625	0.383	0.428
4190	0.309	0.626	0.383	0.426
eigenvalues:  tensor([30.5138, 30.0494])
hess item is 0.0028730675112456083
4200	0.308	0.628	0.382	0.427
4210	0.308	0.628	0.383	0.424
4220	0.308	0.629	0.383	0.428
4230	0.307	0.630	0.382	0.426
4240	0.307	0.629	0.382	0.426
eigenvalues:  tensor([30.9772, 30.5109])
hess item is 0.0027982895262539387
4250	0.307	0.629	0.383	0.426
4260	0.307	0.631	0.383	0.429
4270	0.307	0.632	0.382	0.428
4280	0.306	0.631	0.382	0.428
4290	0.306	0.634	0.383	0.428
eigenvalues:  tensor([31.0628, 30.6223])
hess item is 0.002727725077420473
4300	0.306	0.634	0.383	0.429
4310	0.306	0.632	0.382	0.428
4320	0.305	0.633	0.382	0.427
4330	0.306	0.637	0.383	0.427
4340	0.306	0.633	0.383	0.426
eigenvalues:  tensor([31.0991, 30.7315])
hess item is 0.0026616102550178766
4350	0.305	0.637	0.382	0.428
4360	0.305	0.634	0.383	0.426
4370	0.305	0.636	0.383	0.427
4380	0.304	0.640	0.383	0.430
4390	0.304	0.638	0.382	0.428
eigenvalues:  tensor([31.7086, 31.3518])
hess item is 0.0025981960352510214
4400	0.304	0.638	0.383	0.426
4410	0.304	0.637	0.383	0.428
4420	0.304	0.636	0.383	0.428
4430	0.304	0.640	0.383	0.426
4440	0.303	0.644	0.383	0.428
eigenvalues:  tensor([32.2200, 31.8198])
hess item is 0.0025372623931616545
4450	0.304	0.642	0.383	0.426
4460	0.303	0.643	0.383	0.426
4470	0.303	0.640	0.383	0.428
4480	0.303	0.641	0.383	0.427
4490	0.302	0.642	0.382	0.430
eigenvalues:  tensor([32.8251, 32.4367])
hess item is 0.0024791175965219736
4500	0.303	0.641	0.383	0.427
4510	0.302	0.644	0.383	0.428
4520	0.302	0.644	0.383	0.427
4530	0.301	0.643	0.383	0.430
4540	0.302	0.643	0.383	0.427
eigenvalues:  tensor([32.8126, 32.4338])
hess item is 0.002427733037620783
4550	0.301	0.646	0.383	0.429
4560	0.301	0.643	0.383	0.425
4570	0.301	0.645	0.383	0.426
4580	0.301	0.645	0.383	0.426
4590	0.301	0.641	0.383	0.427
eigenvalues:  tensor([33.1098, 32.7466])
hess item is 0.002377091208472848
4600	0.300	0.642	0.383	0.428
4610	0.300	0.647	0.383	0.429
4620	0.300	0.644	0.383	0.428
4630	0.300	0.648	0.383	0.428
4640	0.299	0.649	0.383	0.429
eigenvalues:  tensor([33.3326, 32.9955])
hess item is 0.002329807495698333
4650	0.299	0.649	0.383	0.430
4660	0.299	0.650	0.383	0.429
4670	0.299	0.652	0.383	0.427
4680	0.299	0.650	0.383	0.431
4690	0.298	0.652	0.383	0.430
eigenvalues:  tensor([33.8432, 33.4720])
hess item is 0.0022845775820314884
4700	0.299	0.653	0.384	0.427
4710	0.298	0.649	0.383	0.428
4720	0.299	0.649	0.384	0.426
4730	0.298	0.651	0.383	0.428
4740	0.297	0.655	0.383	0.429
eigenvalues:  tensor([34.2735, 33.8992])
hess item is 0.0022423856426030397
4750	0.297	0.651	0.383	0.431
4760	0.298	0.653	0.383	0.427
4770	0.297	0.654	0.383	0.428
4780	0.297	0.653	0.383	0.428
4790	0.296	0.655	0.383	0.429
eigenvalues:  tensor([34.5324, 34.1715])
hess item is 0.0021999848540872335
4800	0.297	0.655	0.383	0.429
4810	0.297	0.655	0.383	0.428
4820	0.296	0.654	0.383	0.427
4830	0.296	0.656	0.383	0.428
4840	0.296	0.658	0.383	0.428
eigenvalues:  tensor([34.9924, 34.6364])
hess item is 0.0021618325263261795
4850	0.296	0.657	0.383	0.426
4860	0.296	0.656	0.383	0.428
4870	0.295	0.659	0.383	0.426
4880	0.295	0.660	0.383	0.429
4890	0.295	0.657	0.384	0.427
eigenvalues:  tensor([35.0472, 34.7048])
hess item is 0.002126890467479825
4900	0.294	0.657	0.383	0.429
4910	0.294	0.658	0.383	0.426
4920	0.294	0.657	0.383	0.426
4930	0.294	0.659	0.383	0.429
4940	0.294	0.658	0.384	0.424
eigenvalues:  tensor([35.7114, 35.3649])
hess item is 0.0020903085824102163
4950	0.294	0.658	0.384	0.425
4960	0.293	0.662	0.383	0.428
4970	0.293	0.662	0.383	0.427
4980	0.293	0.660	0.384	0.425
4990	0.293	0.663	0.383	0.426
eigenvalues:  tensor([35.7600, 35.4444])
hess item is 0.00205748132430017
5000	0.293	0.664	0.383	0.428
5010	0.293	0.664	0.383	0.428
5020	0.292	0.664	0.383	0.427
5030	0.293	0.662	0.384	0.425
5040	0.292	0.665	0.383	0.426
eigenvalues:  tensor([36.1436, 35.8259])
hess item is 0.0020267325453460217
5050	0.292	0.664	0.383	0.430
5060	0.292	0.667	0.384	0.427
5070	0.292	0.665	0.384	0.429
5080	0.292	0.664	0.384	0.426
5090	0.291	0.666	0.383	0.428
eigenvalues:  tensor([36.5540, 36.2415])
hess item is 0.0019977723713964224
5100	0.291	0.666	0.384	0.426
5110	0.292	0.667	0.384	0.425
5120	0.291	0.668	0.384	0.425
5130	0.291	0.668	0.384	0.428
5140	0.290	0.668	0.384	0.427
eigenvalues:  tensor([36.6890, 36.3980])
hess item is 0.0019722592551261187
5150	0.290	0.670	0.384	0.428
5160	0.291	0.668	0.384	0.426
5170	0.290	0.671	0.384	0.426
5180	0.290	0.672	0.384	0.425
5190	0.290	0.669	0.384	0.427
eigenvalues:  tensor([37.3361, 37.0190])
hess item is 0.0019477608148008585
5200	0.289	0.669	0.384	0.427
5210	0.289	0.671	0.384	0.428
5220	0.289	0.672	0.384	0.426
5230	0.289	0.671	0.384	0.426
5240	0.288	0.670	0.384	0.428
eigenvalues:  tensor([37.5521, 37.2316])
hess item is 0.001924172742292285
5250	0.288	0.671	0.384	0.429
5260	0.288	0.675	0.384	0.429
5270	0.288	0.674	0.384	0.429
5280	0.288	0.672	0.384	0.425
5290	0.288	0.672	0.384	0.428
eigenvalues:  tensor([37.8934, 37.5609])
hess item is 0.00190231844317168
5300	0.288	0.681	0.384	0.427
5310	0.288	0.674	0.384	0.428
5320	0.287	0.676	0.384	0.428
5330	0.288	0.677	0.384	0.426
5340	0.287	0.678	0.384	0.427
eigenvalues:  tensor([38.2066, 37.9000])
hess item is 0.001879541901871562
5350	0.287	0.675	0.384	0.429
5360	0.286	0.677	0.384	0.428
5370	0.287	0.676	0.384	0.428
5380	0.286	0.678	0.384	0.427
5390	0.286	0.678	0.384	0.428
eigenvalues:  tensor([38.6329, 38.3000])
hess item is 0.0018623878713697195
5400	0.286	0.679	0.385	0.428
5410	0.286	0.682	0.384	0.428
5420	0.285	0.682	0.384	0.429
5430	0.286	0.677	0.385	0.426
5440	0.286	0.680	0.385	0.426
eigenvalues:  tensor([38.8362, 38.5357])
hess item is 0.001842931960709393
5450	0.285	0.681	0.384	0.427
5460	0.285	0.681	0.384	0.426
5470	0.285	0.680	0.385	0.427
5480	0.284	0.682	0.384	0.427
5490	0.284	0.682	0.384	0.427
eigenvalues:  tensor([38.9714, 38.6749])
hess item is 0.0018258994678035378
5500	0.284	0.686	0.384	0.427
5510	0.284	0.683	0.384	0.426
5520	0.284	0.685	0.385	0.426
5530	0.284	0.685	0.385	0.425
5540	0.283	0.684	0.385	0.426
eigenvalues:  tensor([39.2579, 38.9800])
hess item is 0.0018107854994013906
5550	0.283	0.685	0.384	0.427
5560	0.283	0.686	0.384	0.428
5570	0.283	0.686	0.384	0.427
5580	0.283	0.683	0.384	0.429
5590	0.283	0.687	0.385	0.427
eigenvalues:  tensor([39.6713, 39.3823])
hess item is 0.00179702986497432
5600	0.283	0.688	0.384	0.426
5610	0.282	0.688	0.384	0.428
5620	0.282	0.686	0.384	0.429
5630	0.282	0.686	0.384	0.428
5640	0.282	0.688	0.384	0.426
eigenvalues:  tensor([39.9781, 39.6937])
hess item is 0.0017823483794927597
5650	0.281	0.688	0.384	0.428
5660	0.281	0.687	0.384	0.430
5670	0.281	0.691	0.384	0.428
5680	0.281	0.691	0.384	0.428
5690	0.281	0.691	0.384	0.429
eigenvalues:  tensor([40.1732, 39.8897])
hess item is 0.0017692333785817027
5700	0.281	0.692	0.385	0.429
5710	0.281	0.691	0.385	0.429
5720	0.281	0.689	0.384	0.429
5730	0.281	0.691	0.385	0.429
5740	0.281	0.686	0.385	0.427
eigenvalues:  tensor([40.5812, 40.3007])
hess item is 0.0017579349223524332
5750	0.280	0.691	0.384	0.428
5760	0.280	0.693	0.384	0.430
5770	0.280	0.690	0.385	0.428
5780	0.280	0.692	0.385	0.429
5790	0.280	0.692	0.385	0.426
eigenvalues:  tensor([40.7464, 40.4628])
hess item is 0.00174809992313385
5800	0.279	0.693	0.385	0.428
5810	0.279	0.694	0.384	0.429
5820	0.279	0.692	0.385	0.428
5830	0.279	0.691	0.385	0.429
5840	0.279	0.693	0.385	0.427
eigenvalues:  tensor([41.1640, 40.8771])
hess item is 0.001735079218633473
5850	0.279	0.695	0.385	0.427
5860	0.278	0.694	0.384	0.428
5870	0.278	0.693	0.385	0.428
5880	0.278	0.695	0.385	0.428
5890	0.278	0.694	0.385	0.429
eigenvalues:  tensor([41.4610, 41.1719])
hess item is 0.0017267336370423436
5900	0.278	0.695	0.385	0.427
5910	0.278	0.694	0.385	0.428
5920	0.278	0.694	0.385	0.428
5930	0.277	0.700	0.385	0.426
5940	0.277	0.698	0.385	0.427
eigenvalues:  tensor([41.4940, 41.2189])
hess item is 0.0017192859668284655
5950	0.277	0.696	0.385	0.428
5960	0.277	0.694	0.385	0.428
5970	0.277	0.695	0.385	0.427
5980	0.277	0.699	0.385	0.428
5990	0.277	0.696	0.385	0.427
eigenvalues:  tensor([41.7923, 41.5187])
hess item is 0.001711308374069631
6000	0.277	0.698	0.386	0.427
6010	0.276	0.699	0.385	0.429
6020	0.276	0.699	0.385	0.430
6030	0.276	0.696	0.385	0.427
6040	0.276	0.700	0.385	0.428
eigenvalues:  tensor([42.1235, 41.8519])
hess item is 0.0017053574556484818
6050	0.276	0.698	0.385	0.430
6060	0.276	0.698	0.385	0.430
6070	0.275	0.697	0.385	0.430
6080	0.275	0.699	0.385	0.429
6090	0.275	0.701	0.385	0.429
eigenvalues:  tensor([42.5212, 42.2546])
hess item is 0.0016977126942947507
6100	0.275	0.698	0.385	0.428
6110	0.275	0.702	0.385	0.429
6120	0.275	0.699	0.385	0.428
6130	0.275	0.700	0.386	0.427
6140	0.274	0.699	0.385	0.429
eigenvalues:  tensor([42.6567, 42.3871])
hess item is 0.0016910710837692022
6150	0.274	0.700	0.385	0.429
6160	0.274	0.699	0.385	0.427
6170	0.274	0.703	0.385	0.428
6180	0.274	0.699	0.385	0.427
6190	0.274	0.705	0.385	0.429
eigenvalues:  tensor([42.9832, 42.7177])
hess item is 0.0016831548418849707
6200	0.273	0.704	0.385	0.430
6210	0.274	0.702	0.386	0.428
6220	0.273	0.705	0.385	0.430
6230	0.273	0.703	0.385	0.429
6240	0.273	0.704	0.385	0.427
eigenvalues:  tensor([43.3636, 43.0981])
hess item is 0.0016781915910542011
6250	0.273	0.703	0.385	0.428
6260	0.273	0.704	0.385	0.427
6270	0.272	0.707	0.385	0.427
6280	0.272	0.706	0.385	0.428
6290	0.272	0.706	0.385	0.430
eigenvalues:  tensor([43.5308, 43.2792])
hess item is 0.00167273567058146
6300	0.272	0.705	0.385	0.428
6310	0.272	0.705	0.385	0.428
6320	0.272	0.704	0.385	0.428
6330	0.272	0.706	0.385	0.428
6340	0.272	0.706	0.385	0.428
eigenvalues:  tensor([43.4743, 43.2407])
hess item is 0.0016686307499185205
6350	0.271	0.708	0.385	0.429
6360	0.271	0.709	0.385	0.430
6370	0.271	0.707	0.385	0.427
6380	0.271	0.707	0.385	0.427
6390	0.271	0.707	0.385	0.429
eigenvalues:  tensor([43.8425, 43.6080])
hess item is 0.0016630006721243262
6400	0.271	0.707	0.385	0.429
6410	0.270	0.711	0.385	0.429
6420	0.271	0.708	0.386	0.427
6430	0.270	0.708	0.385	0.429
6440	0.270	0.710	0.386	0.428
eigenvalues:  tensor([44.0647, 43.8241])
hess item is 0.0016593700274825096
6450	0.270	0.707	0.385	0.428
6460	0.270	0.711	0.385	0.428
6470	0.270	0.708	0.386	0.428
6480	0.270	0.710	0.385	0.427
6490	0.269	0.710	0.385	0.426
eigenvalues:  tensor([44.1987, 43.9535])
hess item is 0.0016565123805776238
6500	0.269	0.714	0.385	0.429
6510	0.269	0.709	0.385	0.430
6520	0.269	0.709	0.385	0.427
6530	0.269	0.711	0.385	0.429
6540	0.269	0.712	0.386	0.428
eigenvalues:  tensor([44.5974, 44.3564])
hess item is 0.0016543916426599026
6550	0.269	0.712	0.386	0.429
6560	0.269	0.714	0.385	0.429
6570	0.269	0.716	0.386	0.430
6580	0.268	0.713	0.386	0.430
6590	0.268	0.713	0.385	0.427
eigenvalues:  tensor([44.8075, 44.5752])
hess item is 0.001651694648899138
6600	0.268	0.713	0.385	0.428
6610	0.268	0.714	0.386	0.429
6620	0.268	0.716	0.385	0.428
6630	0.268	0.714	0.385	0.430
6640	0.268	0.713	0.386	0.428
eigenvalues:  tensor([44.8328, 44.6119])
hess item is 0.0016495517920702696
6650	0.267	0.714	0.386	0.429
6660	0.267	0.712	0.386	0.429
6670	0.267	0.713	0.386	0.429
6680	0.267	0.715	0.386	0.430
6690	0.267	0.717	0.386	0.428
eigenvalues:  tensor([44.9671, 44.7384])
hess item is 0.0016492931172251701
6700	0.267	0.715	0.385	0.430
6710	0.267	0.713	0.386	0.429
6720	0.267	0.714	0.386	0.428
6730	0.267	0.717	0.386	0.428
6740	0.266	0.717	0.386	0.428
eigenvalues:  tensor([45.3093, 45.0815])
hess item is 0.00164775678422302
6750	0.266	0.718	0.386	0.427
6760	0.266	0.715	0.386	0.427
6770	0.266	0.715	0.386	0.428
6780	0.266	0.719	0.386	0.428
6790	0.266	0.717	0.386	0.429
eigenvalues:  tensor([45.5529, 45.3257])
hess item is 0.0016452234704047441
6800	0.266	0.719	0.386	0.428
6810	0.265	0.718	0.386	0.429
6820	0.265	0.720	0.386	0.429
6830	0.265	0.718	0.386	0.426
6840	0.265	0.716	0.386	0.428
eigenvalues:  tensor([45.8118, 45.5899])
hess item is 0.0016443964559584856
6850	0.265	0.717	0.386	0.428
6860	0.265	0.717	0.386	0.427
6870	0.265	0.720	0.386	0.428
6880	0.265	0.716	0.386	0.428
6890	0.265	0.720	0.386	0.429
eigenvalues:  tensor([45.8666, 45.6412])
hess item is 0.0016460670158267021
6900	0.264	0.720	0.386	0.428
6910	0.264	0.719	0.386	0.426
6920	0.264	0.719	0.386	0.427
6930	0.264	0.720	0.386	0.428
6940	0.264	0.719	0.386	0.428
eigenvalues:  tensor([46.0986, 45.8758])
hess item is 0.001646970515139401
6950	0.264	0.720	0.386	0.429
6960	0.264	0.722	0.386	0.428
6970	0.263	0.721	0.386	0.428
6980	0.263	0.723	0.386	0.427
6990	0.263	0.722	0.386	0.427
eigenvalues:  tensor([46.3340, 46.1136])
hess item is 0.0016488644760102034
7000	0.263	0.722	0.386	0.428
7010	0.263	0.723	0.386	0.427
7020	0.263	0.723	0.386	0.427
7030	0.263	0.723	0.386	0.427
7040	0.263	0.725	0.386	0.426
eigenvalues:  tensor([46.6327, 46.4151])
hess item is 0.001649639685638249
7050	0.263	0.722	0.386	0.427
7060	0.262	0.724	0.386	0.426
7070	0.262	0.725	0.386	0.427
7080	0.262	0.724	0.386	0.428
7090	0.262	0.727	0.386	0.428
eigenvalues:  tensor([46.5331, 46.3233])
hess item is 0.0016521342331543565
7100	0.262	0.724	0.386	0.428
7110	0.262	0.723	0.386	0.425
7120	0.262	0.723	0.386	0.427
7130	0.262	0.724	0.386	0.426
7140	0.261	0.727	0.386	0.427
eigenvalues:  tensor([46.7465, 46.5277])
hess item is 0.0016539779026061296
7150	0.261	0.727	0.386	0.428
7160	0.261	0.727	0.386	0.428
7170	0.261	0.727	0.386	0.428
7180	0.261	0.727	0.386	0.429
7190	0.261	0.727	0.386	0.427
eigenvalues:  tensor([46.9606, 46.7440])
hess item is 0.001655738102272153
7200	0.261	0.727	0.386	0.428
7210	0.261	0.726	0.386	0.429
7220	0.260	0.728	0.386	0.430
7230	0.261	0.728	0.386	0.430
7240	0.261	0.725	0.386	0.429
eigenvalues:  tensor([46.9469, 46.7306])
hess item is 0.001658014953136444
7250	0.260	0.726	0.386	0.429
7260	0.260	0.728	0.386	0.430
7270	0.260	0.729	0.386	0.429
7280	0.260	0.726	0.386	0.428
7290	0.260	0.728	0.386	0.428
eigenvalues:  tensor([47.1622, 46.9395])
hess item is 0.0016616322100162506
7300	0.260	0.728	0.386	0.429
7310	0.260	0.726	0.386	0.427
7320	0.259	0.727	0.386	0.428
7330	0.259	0.728	0.386	0.429
7340	0.259	0.729	0.386	0.428
eigenvalues:  tensor([47.3897, 47.1690])
hess item is 0.0016632393235340714
7350	0.259	0.731	0.386	0.429
7360	0.259	0.728	0.386	0.429
7370	0.259	0.729	0.386	0.427
7380	0.259	0.731	0.386	0.428
7390	0.259	0.729	0.386	0.427
eigenvalues:  tensor([47.6198, 47.4107])
hess item is 0.0016660558758303523
7400	0.259	0.727	0.386	0.427
7410	0.258	0.729	0.386	0.429
7420	0.258	0.731	0.386	0.430
7430	0.258	0.730	0.386	0.427
7440	0.258	0.731	0.386	0.428
eigenvalues:  tensor([47.7146, 47.5111])
hess item is 0.0016673012869432569
7450	0.258	0.733	0.386	0.429
7460	0.258	0.733	0.386	0.428
7470	0.258	0.733	0.386	0.425
7480	0.258	0.734	0.386	0.428
7490	0.257	0.732	0.386	0.429
eigenvalues:  tensor([47.9795, 47.7764])
hess item is 0.0016678267857059836
7500	0.257	0.729	0.386	0.428
7510	0.257	0.732	0.386	0.430
7520	0.257	0.730	0.386	0.429
7530	0.257	0.733	0.386	0.428
7540	0.257	0.732	0.386	0.428
eigenvalues:  tensor([48.0227, 47.8158])
hess item is 0.0016680932603776455
7550	0.257	0.730	0.386	0.428
7560	0.257	0.732	0.387	0.429
7570	0.257	0.733	0.386	0.429
7580	0.256	0.734	0.386	0.429
7590	0.257	0.733	0.387	0.428
eigenvalues:  tensor([48.3477, 48.1505])
hess item is 0.0016723604639992118
7600	0.257	0.733	0.387	0.427
7610	0.256	0.736	0.386	0.428
7620	0.256	0.735	0.386	0.428
7630	0.256	0.733	0.386	0.429
7640	0.256	0.732	0.386	0.429
eigenvalues:  tensor([48.2822, 48.0871])
hess item is 0.0016752012306824327
7650	0.256	0.735	0.386	0.429
7660	0.256	0.734	0.386	0.428
7670	0.255	0.735	0.386	0.427
7680	0.256	0.734	0.387	0.427
7690	0.255	0.735	0.386	0.428
eigenvalues:  tensor([48.4279, 48.2312])
hess item is 0.0016779665602371097
7700	0.255	0.735	0.386	0.429
7710	0.255	0.737	0.386	0.428
7720	0.255	0.736	0.386	0.427
7730	0.255	0.734	0.386	0.428
7740	0.255	0.734	0.387	0.426
eigenvalues:  tensor([48.6127, 48.4210])
hess item is 0.0016808510990813375
7750	0.255	0.738	0.386	0.426
7760	0.255	0.735	0.386	0.427
7770	0.254	0.738	0.386	0.426
7780	0.255	0.736	0.387	0.427
7790	0.254	0.737	0.387	0.428
eigenvalues:  tensor([48.6256, 48.4307])
hess item is 0.0016826619394123554
7800	0.254	0.736	0.386	0.428
7810	0.254	0.738	0.386	0.426
7820	0.254	0.736	0.386	0.427
7830	0.254	0.737	0.387	0.428
7840	0.254	0.738	0.387	0.427
eigenvalues:  tensor([48.6314, 48.4358])
hess item is 0.0016865144716575742
7850	0.254	0.738	0.387	0.429
7860	0.253	0.740	0.387	0.427
7870	0.253	0.739	0.386	0.428
7880	0.253	0.741	0.387	0.427
7890	0.253	0.740	0.387	0.427
eigenvalues:  tensor([48.7530, 48.5565])
hess item is 0.001692483201622963
7900	0.253	0.740	0.387	0.428
7910	0.253	0.739	0.387	0.427
7920	0.253	0.740	0.387	0.430
7930	0.253	0.738	0.387	0.428
7940	0.253	0.740	0.387	0.428
eigenvalues:  tensor([49.0062, 48.8102])
hess item is 0.0016946340911090374
7950	0.253	0.740	0.386	0.428
7960	0.253	0.741	0.387	0.428
7970	0.253	0.738	0.387	0.428
7980	0.252	0.744	0.387	0.427
7990	0.252	0.741	0.387	0.428
eigenvalues:  tensor([48.8476, 48.6545])
hess item is 0.001698699896223843
8000	0.252	0.743	0.386	0.430
8010	0.252	0.742	0.387	0.429
8020	0.252	0.742	0.387	0.429
8030	0.252	0.741	0.387	0.428
8040	0.252	0.743	0.387	0.428
eigenvalues:  tensor([49.0820, 48.8832])
hess item is 0.0017024389235302806
8050	0.252	0.740	0.387	0.427
8060	0.251	0.741	0.387	0.426
8070	0.251	0.740	0.387	0.428
8080	0.251	0.740	0.387	0.427
8090	0.251	0.740	0.387	0.426
eigenvalues:  tensor([49.4375, 49.2412])
hess item is 0.0017028901493176818
8100	0.251	0.740	0.387	0.426
8110	0.251	0.742	0.387	0.425
8120	0.251	0.743	0.387	0.427
8130	0.251	0.744	0.387	0.427
8140	0.251	0.744	0.387	0.429
eigenvalues:  tensor([49.5747, 49.3840])
hess item is 0.001703779329545796
8150	0.251	0.742	0.387	0.428
8160	0.250	0.745	0.386	0.430
8170	0.250	0.746	0.387	0.427
8180	0.250	0.744	0.387	0.426
8190	0.250	0.744	0.387	0.426
eigenvalues:  tensor([49.4475, 49.2605])
hess item is 0.0017096749506890774
8200	0.250	0.747	0.387	0.428
8210	0.250	0.747	0.386	0.427
8220	0.250	0.744	0.387	0.425
8230	0.250	0.745	0.387	0.428
8240	0.250	0.745	0.387	0.429
eigenvalues:  tensor([49.9241, 49.7338])
hess item is 0.0017135895323008299
8250	0.250	0.745	0.387	0.427
8260	0.250	0.744	0.387	0.427
8270	0.249	0.745	0.387	0.428
8280	0.249	0.746	0.387	0.427
8290	0.250	0.744	0.387	0.427
eigenvalues:  tensor([49.7647, 49.5709])
hess item is 0.0017167063197121024
8300	0.249	0.747	0.387	0.428
8310	0.249	0.747	0.387	0.427
8320	0.249	0.748	0.387	0.427
8330	0.249	0.744	0.387	0.429
8340	0.249	0.748	0.387	0.427
eigenvalues:  tensor([49.9628, 49.7684])
hess item is 0.0017201188020408154
8350	0.249	0.746	0.387	0.429
8360	0.249	0.745	0.387	0.429
8370	0.249	0.747	0.387	0.428
8380	0.248	0.746	0.387	0.428
8390	0.248	0.748	0.387	0.427
eigenvalues:  tensor([49.9986, 49.8067])
hess item is 0.0017223053146153688
8400	0.248	0.747	0.387	0.428
8410	0.248	0.748	0.387	0.427
8420	0.248	0.746	0.387	0.426
8430	0.248	0.747	0.387	0.427
8440	0.247	0.746	0.387	0.428
eigenvalues:  tensor([49.8702, 49.6793])
hess item is 0.0017273890553042293
8450	0.247	0.748	0.387	0.428
8460	0.247	0.747	0.387	0.428
8470	0.247	0.745	0.387	0.427
8480	0.247	0.747	0.387	0.428
8490	0.247	0.746	0.387	0.428
eigenvalues:  tensor([49.9116, 49.7190])
hess item is 0.0017320327460765839
8500	0.247	0.749	0.387	0.428
8510	0.247	0.749	0.387	0.429
8520	0.247	0.748	0.387	0.427
8530	0.247	0.750	0.387	0.427
8540	0.247	0.752	0.387	0.426
eigenvalues:  tensor([50.3225, 50.1389])
hess item is 0.0017381648067384958
8550	0.247	0.749	0.387	0.426
8560	0.247	0.750	0.387	0.426
8570	0.247	0.747	0.387	0.426
8580	0.246	0.749	0.387	0.427
8590	0.246	0.750	0.387	0.427
eigenvalues:  tensor([50.6760, 50.4876])
hess item is 0.0017405229154974222
8600	0.247	0.746	0.387	0.426
8610	0.246	0.750	0.387	0.428
8620	0.246	0.751	0.387	0.429
8630	0.246	0.751	0.387	0.426
8640	0.246	0.751	0.387	0.428
eigenvalues:  tensor([50.5819, 50.3855])
hess item is 0.0017462027026340365
8650	0.246	0.752	0.387	0.428
8660	0.246	0.751	0.387	0.429
8670	0.245	0.752	0.387	0.427
8680	0.246	0.752	0.387	0.429
8690	0.245	0.754	0.387	0.428
eigenvalues:  tensor([50.5749, 50.3895])
hess item is 0.0017488931771367788
8700	0.245	0.751	0.387	0.428
8710	0.245	0.753	0.387	0.428
8720	0.245	0.755	0.387	0.429
8730	0.245	0.752	0.387	0.426
8740	0.245	0.752	0.387	0.425
eigenvalues:  tensor([50.8365, 50.6371])
hess item is 0.001752118463627994
8750	0.245	0.753	0.387	0.426
8760	0.245	0.752	0.387	0.428
8770	0.245	0.752	0.387	0.428
8780	0.245	0.752	0.387	0.428
8790	0.244	0.757	0.387	0.428
eigenvalues:  tensor([50.8920, 50.6921])
hess item is 0.0017535736551508307
8800	0.245	0.753	0.387	0.427
8810	0.245	0.753	0.387	0.428
8820	0.244	0.753	0.387	0.427
8830	0.244	0.755	0.387	0.428
8840	0.244	0.756	0.387	0.430
eigenvalues:  tensor([51.1078, 50.9186])
hess item is 0.0017545943846926093
8850	0.244	0.750	0.387	0.425
8860	0.244	0.756	0.387	0.428
8870	0.244	0.756	0.387	0.429
8880	0.244	0.754	0.387	0.428
8890	0.244	0.756	0.387	0.427
eigenvalues:  tensor([50.8365, 50.6485])
hess item is 0.0017586107132956386
8900	0.244	0.754	0.387	0.426
8910	0.244	0.754	0.387	0.427
8920	0.243	0.753	0.387	0.426
8930	0.243	0.755	0.387	0.424
8940	0.243	0.758	0.387	0.423
eigenvalues:  tensor([50.7964, 50.6090])
hess item is 0.0017618488054722548
8950	0.243	0.757	0.387	0.428
8960	0.243	0.754	0.387	0.427
8970	0.243	0.757	0.387	0.426
8980	0.243	0.757	0.387	0.428
8990	0.243	0.757	0.387	0.429
eigenvalues:  tensor([50.9937, 50.8131])
hess item is 0.0017635233234614134
9000	0.243	0.754	0.387	0.428
9010	0.243	0.756	0.387	0.428
9020	0.242	0.756	0.387	0.428
9030	0.242	0.760	0.387	0.428
9040	0.242	0.758	0.387	0.426
eigenvalues:  tensor([51.0087, 50.8164])
hess item is 0.001764434389770031
9050	0.242	0.757	0.387	0.425
9060	0.242	0.757	0.387	0.425
9070	0.242	0.759	0.387	0.425
9080	0.242	0.754	0.387	0.426
9090	0.242	0.758	0.387	0.427
eigenvalues:  tensor([50.9405, 50.7542])
hess item is 0.0017654616385698318
9100	0.242	0.758	0.387	0.427
9110	0.242	0.758	0.387	0.427
9120	0.241	0.762	0.387	0.429
9130	0.241	0.761	0.387	0.429
9140	0.242	0.758	0.387	0.429
eigenvalues:  tensor([51.2689, 51.0744])
hess item is 0.00177148194052279
9150	0.241	0.760	0.387	0.426
9160	0.241	0.761	0.387	0.426
9170	0.241	0.758	0.387	0.426
9180	0.241	0.761	0.387	0.427
9190	0.241	0.757	0.387	0.426
eigenvalues:  tensor([51.0637, 50.8674])
hess item is 0.0017763569485396147
9200	0.241	0.762	0.387	0.428
9210	0.241	0.761	0.387	0.427
9220	0.241	0.760	0.387	0.427
9230	0.241	0.761	0.387	0.426
9240	0.241	0.761	0.387	0.426
eigenvalues:  tensor([51.6772, 51.4728])
hess item is 0.0017801265930756927
9250	0.241	0.761	0.387	0.428
9260	0.240	0.764	0.387	0.427
9270	0.240	0.763	0.387	0.429
9280	0.240	0.763	0.387	0.427
9290	0.240	0.762	0.387	0.428
eigenvalues:  tensor([51.6144, 51.4221])
hess item is 0.0017834431491792202
9300	0.240	0.762	0.387	0.426
9310	0.240	0.762	0.387	0.427
9320	0.240	0.762	0.387	0.428
9330	0.240	0.759	0.387	0.429
9340	0.240	0.762	0.387	0.427
eigenvalues:  tensor([51.7094, 51.5020])
hess item is 0.001788414316251874
9350	0.240	0.761	0.387	0.427
9360	0.240	0.762	0.387	0.429
9370	0.239	0.763	0.387	0.429
9380	0.239	0.765	0.387	0.428
9390	0.239	0.765	0.387	0.428
eigenvalues:  tensor([51.7919, 51.5899])
hess item is 0.0017924172570928931
9400	0.239	0.764	0.387	0.427
9410	0.239	0.764	0.387	0.429
9420	0.239	0.763	0.387	0.427
9430	0.239	0.766	0.387	0.428
9440	0.239	0.764	0.387	0.427
eigenvalues:  tensor([51.6265, 51.4247])
hess item is 0.0017966600134968758
9450	0.239	0.766	0.387	0.428
9460	0.238	0.767	0.387	0.427
9470	0.238	0.767	0.387	0.426
9480	0.238	0.767	0.387	0.426
9490	0.239	0.766	0.387	0.427
eigenvalues:  tensor([51.8515, 51.6551])
hess item is 0.0017984581645578146
9500	0.238	0.766	0.387	0.427
9510	0.238	0.765	0.387	0.426
9520	0.238	0.766	0.387	0.426
9530	0.238	0.763	0.387	0.426
9540	0.238	0.767	0.387	0.428
eigenvalues:  tensor([51.5767, 51.3806])
hess item is 0.0018034059321507812
9550	0.238	0.768	0.387	0.429
9560	0.238	0.767	0.387	0.427
9570	0.238	0.767	0.387	0.427
9580	0.237	0.768	0.387	0.425
9590	0.238	0.766	0.387	0.426
eigenvalues:  tensor([52.0150, 51.8149])
hess item is 0.0018060986185446382
9600	0.237	0.768	0.387	0.428
9610	0.237	0.766	0.387	0.428
9620	0.237	0.767	0.387	0.426
9630	0.237	0.770	0.387	0.427
9640	0.237	0.768	0.387	0.426
eigenvalues:  tensor([52.0541, 51.8480])
hess item is 0.0018110002856701612
9650	0.237	0.768	0.387	0.428
9660	0.237	0.767	0.387	0.428
9670	0.237	0.767	0.386	0.428
9680	0.237	0.766	0.387	0.429
9690	0.237	0.768	0.387	0.426
eigenvalues:  tensor([52.0681, 51.8640])
hess item is 0.00181285641156137
9700	0.236	0.768	0.387	0.426
9710	0.237	0.768	0.387	0.426
9720	0.237	0.767	0.387	0.425
9730	0.236	0.769	0.387	0.428
9740	0.236	0.769	0.387	0.427
eigenvalues:  tensor([52.1122, 51.9169])
hess item is 0.0018158936873078346
9750	0.236	0.769	0.387	0.428
9760	0.236	0.768	0.387	0.426
9770	0.236	0.769	0.387	0.427
9780	0.236	0.770	0.387	0.429
9790	0.236	0.769	0.387	0.430
eigenvalues:  tensor([51.9139, 51.7156])
hess item is 0.0018176878802478313
9800	0.235	0.769	0.387	0.429
9810	0.236	0.766	0.387	0.426
9820	0.235	0.767	0.387	0.429
9830	0.236	0.766	0.387	0.427
9840	0.236	0.770	0.387	0.428
eigenvalues:  tensor([52.5431, 52.3373])
hess item is 0.0018220316851511598
9850	0.236	0.769	0.387	0.429
9860	0.236	0.767	0.387	0.427
9870	0.235	0.770	0.387	0.429
9880	0.235	0.771	0.386	0.428
9890	0.235	0.772	0.386	0.431
eigenvalues:  tensor([52.2738, 52.0709])
hess item is 0.0018245815299451351
9900	0.235	0.771	0.386	0.431
9910	0.235	0.773	0.386	0.429
9920	0.235	0.771	0.387	0.431
9930	0.235	0.771	0.386	0.430
9940	0.235	0.772	0.386	0.431
eigenvalues:  tensor([52.1263, 51.9246])
hess item is 0.0018331797327846289
9950	0.234	0.770	0.386	0.430
9960	0.235	0.769	0.387	0.430
9970	0.235	0.770	0.387	0.428
9980	0.234	0.770	0.387	0.428
9990	0.234	0.771	0.387	0.427
device: cuda:2
output directory: RESULTS/cifar10-10k/fc-tanh/seed_0/mse/ivon/lr_0.0005_h0_0.1_post_10_alpha_100.0_beta2_0.999_beta_0.0_ess_1000000.0_ivon
Files already downloaded and verified
Files already downloaded and verified
optimizer is IVON
0	0.597	0.131	0.597	0.131
10	0.512	0.188	0.513	0.186
20	0.490	0.216	0.492	0.211
30	0.476	0.234	0.479	0.229
40	0.466	0.252	0.469	0.241
eigenvalues:  tensor([76.4844, 62.5060])
hess item is 0.09525488317012787
50	0.458	0.264	0.462	0.255
60	0.452	0.275	0.456	0.264
70	0.446	0.285	0.451	0.270
80	0.442	0.293	0.447	0.276
90	0.438	0.299	0.443	0.284
eigenvalues:  tensor([73.2541, 59.6293])
hess item is 0.09074512869119644
100	0.434	0.306	0.440	0.288
110	0.431	0.313	0.437	0.294
120	0.428	0.319	0.434	0.297
130	0.426	0.323	0.432	0.302
140	0.424	0.330	0.430	0.306
eigenvalues:  tensor([70.4611, 57.9757])
hess item is 0.08645378053188324
150	0.421	0.332	0.428	0.308
160	0.420	0.334	0.426	0.311
170	0.418	0.338	0.425	0.313
180	0.416	0.342	0.424	0.315
190	0.415	0.347	0.422	0.319
eigenvalues:  tensor([68.1087, 56.5043])
hess item is 0.08236987143754959
200	0.413	0.350	0.421	0.322
210	0.412	0.352	0.420	0.324
220	0.411	0.354	0.419	0.326
230	0.409	0.359	0.418	0.327
240	0.408	0.362	0.417	0.330
eigenvalues:  tensor([65.9355, 55.1699])
hess item is 0.07848351448774338
250	0.407	0.364	0.416	0.332
260	0.406	0.368	0.415	0.335
270	0.405	0.370	0.415	0.337
280	0.404	0.373	0.414	0.338
290	0.403	0.376	0.413	0.341
eigenvalues:  tensor([64.0682, 54.0127])
hess item is 0.07478490471839905
300	0.403	0.377	0.413	0.343
310	0.402	0.379	0.412	0.346
320	0.401	0.382	0.411	0.347
330	0.400	0.384	0.411	0.348
340	0.400	0.385	0.410	0.351
eigenvalues:  tensor([62.3425, 52.7803])
hess item is 0.07126372307538986
350	0.399	0.387	0.410	0.351
360	0.398	0.389	0.409	0.354
370	0.398	0.391	0.409	0.352
380	0.397	0.391	0.409	0.353
390	0.397	0.395	0.408	0.354
eigenvalues:  tensor([60.6648, 51.7265])
hess item is 0.06791384518146515
400	0.396	0.394	0.408	0.355
410	0.395	0.395	0.407	0.356
420	0.395	0.398	0.407	0.357
430	0.394	0.400	0.407	0.356
440	0.394	0.400	0.406	0.359
eigenvalues:  tensor([59.0417, 50.6068])
hess item is 0.06472527235746384
450	0.393	0.401	0.406	0.360
460	0.393	0.405	0.406	0.361
470	0.392	0.405	0.405	0.361
480	0.392	0.408	0.405	0.363
490	0.392	0.408	0.405	0.364
eigenvalues:  tensor([57.4659, 49.5600])
hess item is 0.061689916998147964
500	0.391	0.408	0.405	0.362
510	0.391	0.412	0.404	0.365
520	0.390	0.412	0.404	0.364
530	0.390	0.414	0.404	0.367
540	0.389	0.414	0.404	0.366
eigenvalues:  tensor([55.8785, 48.5267])
hess item is 0.0588008277118206
550	0.389	0.417	0.403	0.368
560	0.389	0.417	0.403	0.368
570	0.388	0.420	0.403	0.369
580	0.388	0.421	0.403	0.368
590	0.387	0.423	0.402	0.371
eigenvalues:  tensor([54.5115, 47.5780])
hess item is 0.05605022981762886
600	0.387	0.426	0.402	0.370
610	0.387	0.424	0.402	0.371
620	0.386	0.427	0.402	0.371
630	0.386	0.427	0.402	0.375
640	0.386	0.429	0.401	0.372
eigenvalues:  tensor([52.7871, 46.5691])
hess item is 0.05343305692076683
650	0.385	0.430	0.401	0.372
660	0.385	0.429	0.401	0.371
670	0.384	0.431	0.401	0.376
680	0.384	0.432	0.401	0.375
690	0.384	0.434	0.400	0.375
eigenvalues:  tensor([51.3994, 45.6846])
hess item is 0.050941575318574905
700	0.383	0.435	0.400	0.374
710	0.383	0.436	0.400	0.374
720	0.383	0.436	0.400	0.376
730	0.383	0.438	0.400	0.379
740	0.382	0.441	0.400	0.377
eigenvalues:  tensor([49.8887, 44.7887])
hess item is 0.04856838285923004
750	0.382	0.441	0.399	0.377
760	0.382	0.443	0.399	0.379
770	0.381	0.444	0.399	0.380
780	0.381	0.444	0.399	0.378
790	0.381	0.444	0.399	0.379
eigenvalues:  tensor([48.6240, 43.9181])
hess item is 0.04630907624959946
800	0.380	0.444	0.399	0.381
810	0.380	0.446	0.399	0.381
820	0.380	0.448	0.398	0.382
830	0.379	0.448	0.398	0.381
840	0.379	0.449	0.398	0.382
eigenvalues:  tensor([47.0940, 43.1073])
hess item is 0.0441589280962944
850	0.379	0.449	0.398	0.384
860	0.379	0.450	0.398	0.382
870	0.378	0.451	0.398	0.384
880	0.378	0.451	0.398	0.385
890	0.378	0.453	0.398	0.384
eigenvalues:  tensor([45.9853, 42.2178])
hess item is 0.04211108386516571
900	0.378	0.454	0.397	0.383
910	0.377	0.454	0.397	0.386
920	0.377	0.458	0.397	0.388
930	0.377	0.458	0.397	0.385
940	0.376	0.460	0.397	0.386
eigenvalues:  tensor([44.7435, 41.3929])
hess item is 0.0401618666946888
950	0.376	0.459	0.397	0.388
960	0.376	0.459	0.397	0.387
970	0.376	0.461	0.396	0.388
980	0.375	0.462	0.396	0.388
990	0.375	0.462	0.396	0.388
eigenvalues:  tensor([43.5030, 40.6171])
hess item is 0.03830544278025627
1000	0.375	0.460	0.396	0.389
1010	0.375	0.464	0.396	0.389
1020	0.374	0.467	0.396	0.389
1030	0.374	0.466	0.396	0.391
1040	0.374	0.468	0.396	0.391
eigenvalues:  tensor([42.5144, 39.8413])
hess item is 0.03653775155544281
1050	0.373	0.467	0.396	0.391
1060	0.373	0.468	0.395	0.392
1070	0.373	0.468	0.395	0.393
1080	0.373	0.466	0.395	0.392
1090	0.372	0.468	0.395	0.393
eigenvalues:  tensor([41.4188, 38.9192])
hess item is 0.03485548868775368
1100	0.372	0.468	0.395	0.392
1110	0.372	0.471	0.395	0.394
1120	0.372	0.470	0.395	0.393
1130	0.372	0.469	0.395	0.391
1140	0.371	0.473	0.395	0.394
eigenvalues:  tensor([40.5356, 38.0874])
hess item is 0.03325355052947998
1150	0.371	0.474	0.395	0.393
1160	0.371	0.475	0.394	0.394
1170	0.371	0.475	0.394	0.394
1180	0.370	0.475	0.394	0.395
1190	0.370	0.475	0.394	0.395
eigenvalues:  tensor([39.5564, 37.2262])
hess item is 0.031727567315101624
1200	0.370	0.476	0.394	0.397
1210	0.370	0.477	0.394	0.395
1220	0.369	0.478	0.394	0.395
1230	0.369	0.480	0.394	0.397
1240	0.369	0.480	0.394	0.396
eigenvalues:  tensor([38.7675, 36.4234])
hess item is 0.030274756252765656
1250	0.369	0.481	0.394	0.395
1260	0.368	0.480	0.393	0.396
1270	0.368	0.483	0.393	0.398
1280	0.368	0.483	0.393	0.398
1290	0.368	0.485	0.393	0.399
eigenvalues:  tensor([38.0286, 35.5445])
hess item is 0.028891101479530334
1300	0.367	0.484	0.393	0.401
1310	0.367	0.484	0.393	0.397
1320	0.367	0.485	0.393	0.397
1330	0.367	0.483	0.393	0.400
1340	0.367	0.486	0.393	0.399
eigenvalues:  tensor([37.1968, 34.7703])
hess item is 0.027572838589549065
1350	0.366	0.488	0.393	0.399
1360	0.366	0.488	0.393	0.401
1370	0.366	0.487	0.393	0.402
1380	0.366	0.491	0.392	0.401
1390	0.366	0.489	0.392	0.400
eigenvalues:  tensor([36.5081, 34.0206])
hess item is 0.02631799876689911
1400	0.365	0.492	0.392	0.401
1410	0.365	0.493	0.392	0.402
1420	0.365	0.489	0.392	0.400
1430	0.365	0.492	0.392	0.402
1440	0.364	0.494	0.392	0.402
eigenvalues:  tensor([35.7610, 33.3242])
hess item is 0.025122329592704773
1450	0.364	0.495	0.392	0.402
1460	0.364	0.493	0.392	0.402
1470	0.364	0.495	0.392	0.404
1480	0.363	0.496	0.392	0.403
1490	0.363	0.497	0.392	0.403
eigenvalues:  tensor([35.1461, 32.5148])
hess item is 0.023984527215361595
1500	0.363	0.496	0.391	0.406
1510	0.363	0.496	0.391	0.406
1520	0.363	0.495	0.391	0.404
1530	0.363	0.496	0.391	0.404
1540	0.362	0.498	0.391	0.405
eigenvalues:  tensor([34.4850, 31.8113])
hess item is 0.022900229319930077
1550	0.362	0.497	0.391	0.406
1560	0.362	0.500	0.391	0.406
1570	0.362	0.497	0.391	0.403
1580	0.361	0.501	0.391	0.403
1590	0.361	0.502	0.391	0.404
eigenvalues:  tensor([33.9089, 31.2433])
hess item is 0.021867165341973305
1600	0.361	0.502	0.391	0.405
1610	0.361	0.502	0.391	0.404
1620	0.360	0.501	0.391	0.404
1630	0.360	0.507	0.390	0.407
1640	0.360	0.506	0.390	0.406
eigenvalues:  tensor([33.3091, 30.5810])
hess item is 0.020883306860923767
1650	0.360	0.503	0.390	0.407
1660	0.360	0.501	0.391	0.405
1670	0.359	0.505	0.390	0.406
1680	0.359	0.510	0.390	0.409
1690	0.359	0.507	0.390	0.407
eigenvalues:  tensor([32.7840, 30.0305])
hess item is 0.01994575932621956
1700	0.359	0.508	0.390	0.407
1710	0.359	0.508	0.390	0.408
1720	0.358	0.506	0.390	0.406
1730	0.358	0.508	0.390	0.407
1740	0.358	0.509	0.390	0.408
eigenvalues:  tensor([32.2748, 29.4611])
hess item is 0.019053153693675995
1750	0.358	0.509	0.390	0.406
1760	0.358	0.510	0.390	0.407
1770	0.357	0.511	0.390	0.408
1780	0.357	0.509	0.390	0.407
1790	0.357	0.512	0.390	0.408
eigenvalues:  tensor([31.6334, 28.9843])
hess item is 0.018202930688858032
1800	0.357	0.510	0.389	0.408
1810	0.357	0.516	0.389	0.412
1820	0.356	0.514	0.389	0.411
1830	0.356	0.512	0.389	0.408
1840	0.356	0.513	0.389	0.409
eigenvalues:  tensor([31.1413, 28.5235])
hess item is 0.01739315129816532
1850	0.356	0.513	0.389	0.407
1860	0.355	0.517	0.389	0.410
1870	0.355	0.515	0.389	0.410
1880	0.355	0.517	0.389	0.411
1890	0.355	0.516	0.389	0.408
eigenvalues:  tensor([30.7943, 28.0797])
hess item is 0.016621578484773636
1900	0.355	0.516	0.389	0.411
1910	0.354	0.518	0.389	0.410
1920	0.355	0.515	0.389	0.408
1930	0.354	0.517	0.389	0.408
1940	0.354	0.522	0.388	0.411
eigenvalues:  tensor([30.3298, 27.7044])
hess item is 0.015888310968875885
1950	0.354	0.520	0.389	0.407
1960	0.353	0.522	0.388	0.409
1970	0.353	0.523	0.388	0.413
1980	0.353	0.520	0.388	0.410
1990	0.353	0.521	0.388	0.410
eigenvalues:  tensor([29.8605, 27.3439])
hess item is 0.015187378972768784
2000	0.353	0.523	0.388	0.411
2010	0.353	0.519	0.388	0.409
2020	0.352	0.525	0.388	0.412
2030	0.352	0.522	0.388	0.412
2040	0.352	0.524	0.388	0.412
eigenvalues:  tensor([29.5070, 26.9370])
hess item is 0.014521035365760326
2050	0.351	0.525	0.388	0.412
2060	0.351	0.521	0.388	0.411
2070	0.351	0.527	0.388	0.414
2080	0.351	0.525	0.388	0.412
2090	0.351	0.527	0.388	0.412
eigenvalues:  tensor([29.0981, 26.6506])
hess item is 0.01388616394251585
2100	0.351	0.529	0.388	0.411
2110	0.350	0.531	0.388	0.414
2120	0.350	0.529	0.388	0.412
2130	0.350	0.531	0.388	0.415
2140	0.350	0.529	0.388	0.414
eigenvalues:  tensor([28.6597, 26.3517])
hess item is 0.01328078843653202
2150	0.350	0.530	0.387	0.414
2160	0.349	0.532	0.387	0.416
2170	0.349	0.530	0.387	0.414
2180	0.349	0.531	0.387	0.414
2190	0.349	0.534	0.387	0.415
eigenvalues:  tensor([28.3144, 26.1259])
hess item is 0.0127043342217803
2200	0.349	0.534	0.387	0.414
2210	0.348	0.531	0.387	0.415
2220	0.348	0.532	0.387	0.415
2230	0.348	0.532	0.387	0.414
2240	0.348	0.536	0.387	0.418
eigenvalues:  tensor([27.9931, 25.8721])
hess item is 0.012155571021139622
2250	0.348	0.534	0.387	0.416
2260	0.347	0.535	0.387	0.414
2270	0.347	0.534	0.387	0.415
2280	0.347	0.539	0.387	0.415
2290	0.347	0.534	0.387	0.415
eigenvalues:  tensor([27.8423, 25.7802])
hess item is 0.011632908135652542
2300	0.347	0.538	0.387	0.415
2310	0.346	0.541	0.387	0.417
2320	0.346	0.538	0.386	0.417
2330	0.346	0.534	0.387	0.414
2340	0.346	0.538	0.386	0.417
eigenvalues:  tensor([27.4978, 25.4782])
hess item is 0.011134851723909378
2350	0.345	0.541	0.386	0.417
2360	0.345	0.540	0.386	0.418
2370	0.345	0.539	0.387	0.416
2380	0.345	0.539	0.386	0.415
2390	0.345	0.544	0.386	0.417
eigenvalues:  tensor([27.3061, 25.2429])
hess item is 0.010660442523658276
2400	0.344	0.544	0.386	0.418
2410	0.344	0.542	0.386	0.418
2420	0.344	0.543	0.386	0.418
2430	0.344	0.542	0.386	0.417
2440	0.344	0.543	0.386	0.419
eigenvalues:  tensor([27.0830, 25.1210])
hess item is 0.010209653526544571
2450	0.343	0.544	0.386	0.419
2460	0.343	0.549	0.386	0.421
2470	0.343	0.543	0.386	0.417
2480	0.343	0.544	0.386	0.419
2490	0.343	0.546	0.386	0.420
eigenvalues:  tensor([26.9212, 24.9627])
hess item is 0.009778756648302078
2500	0.342	0.550	0.385	0.420
2510	0.342	0.549	0.386	0.419
2520	0.342	0.548	0.385	0.419
2530	0.342	0.549	0.385	0.419
2540	0.342	0.548	0.386	0.418
eigenvalues:  tensor([26.6627, 24.8332])
hess item is 0.009370662271976471
2550	0.341	0.547	0.385	0.420
2560	0.341	0.551	0.385	0.420
2570	0.341	0.549	0.385	0.421
2580	0.341	0.553	0.385	0.421
2590	0.341	0.549	0.386	0.419
eigenvalues:  tensor([26.5336, 24.7130])
hess item is 0.00898029375821352
2600	0.341	0.553	0.386	0.420
2610	0.341	0.553	0.385	0.421
2620	0.340	0.552	0.385	0.421
2630	0.340	0.558	0.385	0.419
2640	0.340	0.554	0.385	0.421
eigenvalues:  tensor([26.1939, 24.4550])
hess item is 0.008607929572463036
2650	0.339	0.554	0.385	0.421
2660	0.339	0.553	0.385	0.419
2670	0.339	0.556	0.385	0.421
2680	0.339	0.559	0.385	0.422
2690	0.339	0.558	0.385	0.421
eigenvalues:  tensor([26.1520, 24.4769])
hess item is 0.008254914544522762
2700	0.339	0.558	0.385	0.422
2710	0.338	0.561	0.385	0.422
2720	0.338	0.561	0.385	0.422
2730	0.338	0.562	0.385	0.423
2740	0.338	0.563	0.385	0.424
eigenvalues:  tensor([25.9521, 24.2878])
hess item is 0.007919644936919212
2750	0.337	0.561	0.384	0.424
2760	0.337	0.564	0.384	0.422
2770	0.337	0.561	0.385	0.423
2780	0.337	0.566	0.385	0.423
2790	0.337	0.559	0.385	0.423
eigenvalues:  tensor([25.9604, 24.4054])
hess item is 0.007597832009196281
2800	0.336	0.567	0.384	0.423
2810	0.336	0.563	0.384	0.423
2820	0.336	0.564	0.385	0.421
2830	0.336	0.563	0.384	0.422
2840	0.335	0.567	0.384	0.422
eigenvalues:  tensor([25.9223, 24.4459])
hess item is 0.0072910781018435955
2850	0.336	0.565	0.384	0.421
2860	0.335	0.563	0.384	0.424
2870	0.335	0.563	0.384	0.422
2880	0.335	0.570	0.384	0.424
2890	0.335	0.566	0.384	0.422
eigenvalues:  tensor([25.8044, 24.3683])
hess item is 0.00699961744248867
2900	0.334	0.572	0.384	0.424
2910	0.335	0.571	0.385	0.423
2920	0.334	0.574	0.384	0.423
2930	0.334	0.570	0.384	0.424
2940	0.334	0.571	0.384	0.425
eigenvalues:  tensor([25.8193, 24.4670])
hess item is 0.0067235673777759075
2950	0.334	0.568	0.384	0.424
2960	0.333	0.571	0.384	0.424
2970	0.333	0.569	0.384	0.422
2980	0.333	0.571	0.384	0.423
2990	0.333	0.574	0.384	0.424
eigenvalues:  tensor([25.6053, 24.3260])
hess item is 0.006460246164351702
3000	0.332	0.577	0.384	0.425
3010	0.332	0.576	0.384	0.424
3020	0.332	0.574	0.384	0.427
3030	0.332	0.573	0.384	0.425
3040	0.331	0.578	0.384	0.425
eigenvalues:  tensor([25.6887, 24.4762])
hess item is 0.006209304090589285
3050	0.332	0.575	0.384	0.427
3060	0.331	0.576	0.384	0.427
3070	0.331	0.573	0.384	0.424
3080	0.331	0.579	0.384	0.424
3090	0.331	0.577	0.384	0.425
eigenvalues:  tensor([25.6844, 24.4979])
hess item is 0.0059697735123336315
3100	0.330	0.577	0.383	0.426
3110	0.330	0.580	0.384	0.425
3120	0.330	0.582	0.383	0.427
3130	0.330	0.579	0.384	0.425
3140	0.330	0.581	0.384	0.425
eigenvalues:  tensor([25.7702, 24.7014])
hess item is 0.0057425168342888355
3150	0.330	0.578	0.384	0.425
3160	0.330	0.576	0.384	0.427
3170	0.330	0.580	0.384	0.425
3180	0.329	0.586	0.383	0.427
3190	0.329	0.583	0.383	0.427
eigenvalues:  tensor([26.0031, 24.9464])
hess item is 0.005526047665625811
3200	0.329	0.584	0.383	0.426
3210	0.328	0.586	0.383	0.428
3220	0.328	0.585	0.383	0.428
3230	0.328	0.582	0.383	0.426
3240	0.328	0.586	0.383	0.427
eigenvalues:  tensor([26.0483, 25.0208])
hess item is 0.005320786964148283
3250	0.327	0.586	0.383	0.428
3260	0.327	0.586	0.383	0.426
3270	0.327	0.587	0.383	0.427
3280	0.327	0.581	0.384	0.426
3290	0.327	0.586	0.383	0.427
eigenvalues:  tensor([26.0737, 25.0783])
hess item is 0.005125921219587326
3300	0.326	0.592	0.383	0.429
3310	0.326	0.588	0.383	0.430
3320	0.326	0.590	0.383	0.428
3330	0.326	0.590	0.383	0.429
3340	0.326	0.588	0.383	0.428
eigenvalues:  tensor([26.1138, 25.1554])
hess item is 0.004939241334795952
3350	0.326	0.589	0.383	0.429
3360	0.325	0.595	0.383	0.429
3370	0.326	0.589	0.384	0.428
3380	0.325	0.591	0.383	0.428
3390	0.325	0.591	0.383	0.429
eigenvalues:  tensor([26.2723, 25.3737])
hess item is 0.00476243207231164
3400	0.325	0.590	0.384	0.427
3410	0.324	0.593	0.383	0.430
3420	0.324	0.593	0.383	0.430
3430	0.323	0.596	0.383	0.429
3440	0.324	0.600	0.383	0.429
eigenvalues:  tensor([26.3403, 25.4405])
hess item is 0.004593663848936558
3450	0.323	0.592	0.383	0.429
3460	0.323	0.593	0.383	0.428
3470	0.323	0.595	0.383	0.428
3480	0.323	0.594	0.383	0.428
3490	0.323	0.599	0.383	0.430
eigenvalues:  tensor([26.7527, 25.8858])
hess item is 0.004433485679328442
3500	0.322	0.597	0.383	0.431
3510	0.322	0.600	0.383	0.429
3520	0.322	0.600	0.383	0.428
3530	0.322	0.598	0.383	0.429
3540	0.322	0.599	0.383	0.428
eigenvalues:  tensor([27.0095, 26.1790])
hess item is 0.004280138295143843
3550	0.322	0.601	0.383	0.429
3560	0.322	0.597	0.383	0.426
3570	0.321	0.598	0.383	0.428
3580	0.321	0.600	0.383	0.429
3590	0.320	0.605	0.383	0.426
eigenvalues:  tensor([27.1049, 26.3882])
hess item is 0.004135826136916876
3600	0.320	0.600	0.382	0.431
3610	0.321	0.601	0.383	0.428
3620	0.320	0.604	0.382	0.429
3630	0.320	0.605	0.383	0.430
3640	0.319	0.602	0.383	0.429
eigenvalues:  tensor([27.2142, 26.5312])
hess item is 0.00400007888674736
3650	0.319	0.601	0.383	0.429
3660	0.319	0.607	0.383	0.431
3670	0.319	0.604	0.383	0.429
3680	0.318	0.605	0.382	0.431
3690	0.318	0.604	0.383	0.430
eigenvalues:  tensor([27.5202, 26.8227])
hess item is 0.0038686818443238735
3700	0.318	0.606	0.383	0.430
3710	0.318	0.604	0.383	0.428
3720	0.318	0.610	0.383	0.431
3730	0.318	0.608	0.383	0.428
3740	0.317	0.609	0.382	0.429
eigenvalues:  tensor([27.7513, 27.1025])
hess item is 0.00374588998965919
3750	0.317	0.607	0.383	0.430
3760	0.317	0.608	0.383	0.429
3770	0.317	0.608	0.383	0.429
3780	0.317	0.608	0.383	0.429
3790	0.316	0.611	0.382	0.430
eigenvalues:  tensor([28.0160, 27.4243])
hess item is 0.0036279442720115185
3800	0.316	0.615	0.382	0.430
3810	0.317	0.607	0.383	0.428
3820	0.316	0.613	0.383	0.428
3830	0.316	0.610	0.383	0.427
3840	0.315	0.611	0.383	0.431
eigenvalues:  tensor([28.4393, 27.9056])
hess item is 0.003515237243846059
3850	0.316	0.611	0.383	0.428
3860	0.316	0.608	0.383	0.426
3870	0.315	0.617	0.382	0.429
3880	0.315	0.615	0.383	0.428
3890	0.314	0.614	0.382	0.428
eigenvalues:  tensor([28.4306, 27.8813])
hess item is 0.0034079966135323048
3900	0.314	0.613	0.382	0.430
3910	0.314	0.614	0.382	0.429
3920	0.314	0.615	0.382	0.429
3930	0.314	0.616	0.383	0.426
3940	0.313	0.616	0.382	0.428
eigenvalues:  tensor([28.9754, 28.4691])
hess item is 0.0033066030591726303
3950	0.313	0.618	0.383	0.428
3960	0.313	0.615	0.383	0.427
3970	0.313	0.619	0.382	0.428
3980	0.313	0.619	0.383	0.428
3990	0.314	0.616	0.383	0.426
eigenvalues:  tensor([29.1635, 28.7095])
hess item is 0.003211031435057521
4000	0.312	0.619	0.383	0.428
4010	0.312	0.621	0.383	0.428
4020	0.312	0.619	0.383	0.426
4030	0.312	0.617	0.383	0.428
4040	0.311	0.622	0.382	0.428
eigenvalues:  tensor([29.3370, 28.8581])
hess item is 0.003120354376733303
4050	0.311	0.625	0.382	0.429
4060	0.311	0.623	0.383	0.427
4070	0.311	0.623	0.383	0.430
4080	0.311	0.624	0.383	0.428
4090	0.311	0.621	0.383	0.428
eigenvalues:  tensor([29.9994, 29.5390])
hess item is 0.003032495966181159
4100	0.311	0.623	0.383	0.427
4110	0.310	0.619	0.383	0.427
4120	0.310	0.625	0.383	0.426
4130	0.309	0.623	0.382	0.430
4140	0.310	0.626	0.383	0.428
eigenvalues:  tensor([30.2011, 29.7394])
hess item is 0.0029494904447346926
4150	0.309	0.626	0.382	0.427
4160	0.310	0.623	0.384	0.426
4170	0.309	0.628	0.382	0.428
4180	0.309	0.625	0.383	0.428
4190	0.309	0.626	0.383	0.426
eigenvalues:  tensor([30.5138, 30.0494])
hess item is 0.0028730675112456083
4200	0.308	0.628	0.382	0.427
4210	0.308	0.628	0.383	0.424
4220	0.308	0.629	0.383	0.428
4230	0.307	0.630	0.382	0.426
4240	0.307	0.629	0.382	0.426
eigenvalues:  tensor([30.9772, 30.5109])
hess item is 0.0027982895262539387
4250	0.307	0.629	0.383	0.426
4260	0.307	0.631	0.383	0.429
4270	0.307	0.632	0.382	0.428
4280	0.306	0.631	0.382	0.428
4290	0.306	0.634	0.383	0.428
eigenvalues:  tensor([31.0628, 30.6223])
hess item is 0.002727725077420473
4300	0.306	0.634	0.383	0.429
4310	0.306	0.632	0.382	0.428
4320	0.305	0.633	0.382	0.427
4330	0.306	0.637	0.383	0.427
4340	0.306	0.633	0.383	0.426
eigenvalues:  tensor([31.0991, 30.7315])
hess item is 0.0026616102550178766
4350	0.305	0.637	0.382	0.428
4360	0.305	0.634	0.383	0.426
4370	0.305	0.636	0.383	0.427
4380	0.304	0.640	0.383	0.430
4390	0.304	0.638	0.382	0.428
eigenvalues:  tensor([31.7086, 31.3518])
hess item is 0.0025981960352510214
4400	0.304	0.638	0.383	0.426
4410	0.304	0.637	0.383	0.428
4420	0.304	0.636	0.383	0.428
4430	0.304	0.640	0.383	0.426
4440	0.303	0.644	0.383	0.428
eigenvalues:  tensor([32.2200, 31.8198])
hess item is 0.0025372623931616545
4450	0.304	0.642	0.383	0.426
4460	0.303	0.643	0.383	0.426
4470	0.303	0.640	0.383	0.428
4480	0.303	0.641	0.383	0.427
4490	0.302	0.642	0.382	0.430
eigenvalues:  tensor([32.8251, 32.4367])
hess item is 0.0024791175965219736
4500	0.303	0.641	0.383	0.427
4510	0.302	0.644	0.383	0.428
4520	0.302	0.644	0.383	0.427
4530	0.301	0.643	0.383	0.430
4540	0.302	0.643	0.383	0.427
eigenvalues:  tensor([32.8126, 32.4338])
hess item is 0.002427733037620783
4550	0.301	0.646	0.383	0.429
4560	0.301	0.643	0.383	0.425
4570	0.301	0.645	0.383	0.426
4580	0.301	0.645	0.383	0.426
4590	0.301	0.641	0.383	0.427
eigenvalues:  tensor([33.1098, 32.7466])
hess item is 0.002377091208472848
4600	0.300	0.642	0.383	0.428
4610	0.300	0.647	0.383	0.429
4620	0.300	0.644	0.383	0.428
4630	0.300	0.648	0.383	0.428
4640	0.299	0.649	0.383	0.429
eigenvalues:  tensor([33.3326, 32.9955])
hess item is 0.002329807495698333
4650	0.299	0.649	0.383	0.430
4660	0.299	0.650	0.383	0.429
4670	0.299	0.652	0.383	0.427
4680	0.299	0.650	0.383	0.431
4690	0.298	0.652	0.383	0.430
eigenvalues:  tensor([33.8432, 33.4720])
hess item is 0.0022845775820314884
4700	0.299	0.653	0.384	0.427
4710	0.298	0.649	0.383	0.428
4720	0.299	0.649	0.384	0.426
4730	0.298	0.651	0.383	0.428
4740	0.297	0.655	0.383	0.429
eigenvalues:  tensor([34.2735, 33.8992])
hess item is 0.0022423856426030397
4750	0.297	0.651	0.383	0.431
4760	0.298	0.653	0.383	0.427
4770	0.297	0.654	0.383	0.428
4780	0.297	0.653	0.383	0.428
4790	0.296	0.655	0.383	0.429
eigenvalues:  tensor([34.5324, 34.1715])
hess item is 0.0021999848540872335
4800	0.297	0.655	0.383	0.429
4810	0.297	0.655	0.383	0.428
4820	0.296	0.654	0.383	0.427
4830	0.296	0.656	0.383	0.428
4840	0.296	0.658	0.383	0.428
eigenvalues:  tensor([34.9924, 34.6364])
hess item is 0.0021618325263261795
4850	0.296	0.657	0.383	0.426
4860	0.296	0.656	0.383	0.428
4870	0.295	0.659	0.383	0.426
4880	0.295	0.660	0.383	0.429
4890	0.295	0.657	0.384	0.427
eigenvalues:  tensor([35.0472, 34.7048])
hess item is 0.002126890467479825
4900	0.294	0.657	0.383	0.429
4910	0.294	0.658	0.383	0.426
4920	0.294	0.657	0.383	0.426
4930	0.294	0.659	0.383	0.429
4940	0.294	0.658	0.384	0.424
eigenvalues:  tensor([35.7114, 35.3649])
hess item is 0.0020903085824102163
4950	0.294	0.658	0.384	0.425
4960	0.293	0.662	0.383	0.428
4970	0.293	0.662	0.383	0.427
4980	0.293	0.660	0.384	0.425
4990	0.293	0.663	0.383	0.426
eigenvalues:  tensor([35.7600, 35.4444])
hess item is 0.00205748132430017
5000	0.293	0.664	0.383	0.428
5010	0.293	0.664	0.383	0.428
5020	0.292	0.664	0.383	0.427
5030	0.293	0.662	0.384	0.425
5040	0.292	0.665	0.383	0.426
eigenvalues:  tensor([36.1436, 35.8259])
hess item is 0.0020267325453460217
5050	0.292	0.664	0.383	0.430
5060	0.292	0.667	0.384	0.427
5070	0.292	0.665	0.384	0.429
5080	0.292	0.664	0.384	0.426
5090	0.291	0.666	0.383	0.428
eigenvalues:  tensor([36.5540, 36.2415])
hess item is 0.0019977723713964224
5100	0.291	0.666	0.384	0.426
5110	0.292	0.667	0.384	0.425
5120	0.291	0.668	0.384	0.425
5130	0.291	0.668	0.384	0.428
5140	0.290	0.668	0.384	0.427
eigenvalues:  tensor([36.6890, 36.3980])
hess item is 0.0019722592551261187
5150	0.290	0.670	0.384	0.428
5160	0.291	0.668	0.384	0.426
5170	0.290	0.671	0.384	0.426
5180	0.290	0.672	0.384	0.425
5190	0.290	0.669	0.384	0.427
eigenvalues:  tensor([37.3361, 37.0190])
hess item is 0.0019477608148008585
5200	0.289	0.669	0.384	0.427
5210	0.289	0.671	0.384	0.428
5220	0.289	0.672	0.384	0.426
5230	0.289	0.671	0.384	0.426
5240	0.288	0.670	0.384	0.428
eigenvalues:  tensor([37.5521, 37.2316])
hess item is 0.001924172742292285
5250	0.288	0.671	0.384	0.429
5260	0.288	0.675	0.384	0.429
5270	0.288	0.674	0.384	0.429
5280	0.288	0.672	0.384	0.425
5290	0.288	0.672	0.384	0.428
eigenvalues:  tensor([37.8934, 37.5609])
hess item is 0.00190231844317168
5300	0.288	0.681	0.384	0.427
5310	0.288	0.674	0.384	0.428
5320	0.287	0.676	0.384	0.428
5330	0.288	0.677	0.384	0.426
5340	0.287	0.678	0.384	0.427
eigenvalues:  tensor([38.2066, 37.9000])
hess item is 0.001879541901871562
5350	0.287	0.675	0.384	0.429
5360	0.286	0.677	0.384	0.428
5370	0.287	0.676	0.384	0.428
5380	0.286	0.678	0.384	0.427
5390	0.286	0.678	0.384	0.428
eigenvalues:  tensor([38.6329, 38.3000])
hess item is 0.0018623878713697195
5400	0.286	0.679	0.385	0.428
5410	0.286	0.682	0.384	0.428
5420	0.285	0.682	0.384	0.429
5430	0.286	0.677	0.385	0.426
5440	0.286	0.680	0.385	0.426
eigenvalues:  tensor([38.8362, 38.5357])
hess item is 0.001842931960709393
5450	0.285	0.681	0.384	0.427
5460	0.285	0.681	0.384	0.426
5470	0.285	0.680	0.385	0.427
5480	0.284	0.682	0.384	0.427
5490	0.284	0.682	0.384	0.427
eigenvalues:  tensor([38.9714, 38.6749])
hess item is 0.0018258994678035378
5500	0.284	0.686	0.384	0.427
5510	0.284	0.683	0.384	0.426
5520	0.284	0.685	0.385	0.426
5530	0.284	0.685	0.385	0.425
5540	0.283	0.684	0.385	0.426
eigenvalues:  tensor([39.2579, 38.9800])
hess item is 0.0018107854994013906
5550	0.283	0.685	0.384	0.427
5560	0.283	0.686	0.384	0.428
5570	0.283	0.686	0.384	0.427
5580	0.283	0.683	0.384	0.429
5590	0.283	0.687	0.385	0.427
eigenvalues:  tensor([39.6713, 39.3823])
hess item is 0.00179702986497432
5600	0.283	0.688	0.384	0.426
5610	0.282	0.688	0.384	0.428
5620	0.282	0.686	0.384	0.429
5630	0.282	0.686	0.384	0.428
5640	0.282	0.688	0.384	0.426
eigenvalues:  tensor([39.9781, 39.6937])
hess item is 0.0017823483794927597
5650	0.281	0.688	0.384	0.428
5660	0.281	0.687	0.384	0.430
5670	0.281	0.691	0.384	0.428
5680	0.281	0.691	0.384	0.428
5690	0.281	0.691	0.384	0.429
eigenvalues:  tensor([40.1732, 39.8897])
hess item is 0.0017692333785817027
5700	0.281	0.692	0.385	0.429
5710	0.281	0.691	0.385	0.429
5720	0.281	0.689	0.384	0.429
5730	0.281	0.691	0.385	0.429
5740	0.281	0.686	0.385	0.427
eigenvalues:  tensor([40.5812, 40.3007])
hess item is 0.0017579349223524332
5750	0.280	0.691	0.384	0.428
5760	0.280	0.693	0.384	0.430
5770	0.280	0.690	0.385	0.428
5780	0.280	0.692	0.385	0.429
5790	0.280	0.692	0.385	0.426
eigenvalues:  tensor([40.7464, 40.4628])
hess item is 0.00174809992313385
5800	0.279	0.693	0.385	0.428
5810	0.279	0.694	0.384	0.429
5820	0.279	0.692	0.385	0.428
5830	0.279	0.691	0.385	0.429
5840	0.279	0.693	0.385	0.427
eigenvalues:  tensor([41.1640, 40.8771])
hess item is 0.001735079218633473
5850	0.279	0.695	0.385	0.427
5860	0.278	0.694	0.384	0.428
5870	0.278	0.693	0.385	0.428
5880	0.278	0.695	0.385	0.428
5890	0.278	0.694	0.385	0.429
eigenvalues:  tensor([41.4610, 41.1719])
hess item is 0.0017267336370423436
5900	0.278	0.695	0.385	0.427
5910	0.278	0.694	0.385	0.428
5920	0.278	0.694	0.385	0.428
5930	0.277	0.700	0.385	0.426
5940	0.277	0.698	0.385	0.427
eigenvalues:  tensor([41.4940, 41.2189])
hess item is 0.0017192859668284655
5950	0.277	0.696	0.385	0.428
5960	0.277	0.694	0.385	0.428
5970	0.277	0.695	0.385	0.427
5980	0.277	0.699	0.385	0.428
5990	0.277	0.696	0.385	0.427
eigenvalues:  tensor([41.7923, 41.5187])
hess item is 0.001711308374069631
6000	0.277	0.698	0.386	0.427
6010	0.276	0.699	0.385	0.429
6020	0.276	0.699	0.385	0.430
6030	0.276	0.696	0.385	0.427
6040	0.276	0.700	0.385	0.428
eigenvalues:  tensor([42.1235, 41.8519])
hess item is 0.0017053574556484818
6050	0.276	0.698	0.385	0.430
6060	0.276	0.698	0.385	0.430
6070	0.275	0.697	0.385	0.430
6080	0.275	0.699	0.385	0.429
6090	0.275	0.701	0.385	0.429
eigenvalues:  tensor([42.5212, 42.2546])
hess item is 0.0016977126942947507
6100	0.275	0.698	0.385	0.428
6110	0.275	0.702	0.385	0.429
6120	0.275	0.699	0.385	0.428
6130	0.275	0.700	0.386	0.427
6140	0.274	0.699	0.385	0.429
eigenvalues:  tensor([42.6567, 42.3871])
hess item is 0.0016910710837692022
6150	0.274	0.700	0.385	0.429
6160	0.274	0.699	0.385	0.427
6170	0.274	0.703	0.385	0.428
6180	0.274	0.699	0.385	0.427
6190	0.274	0.705	0.385	0.429
eigenvalues:  tensor([42.9832, 42.7177])
hess item is 0.0016831548418849707
6200	0.273	0.704	0.385	0.430
6210	0.274	0.702	0.386	0.428
6220	0.273	0.705	0.385	0.430
6230	0.273	0.703	0.385	0.429
6240	0.273	0.704	0.385	0.427
eigenvalues:  tensor([43.3636, 43.0981])
hess item is 0.0016781915910542011
6250	0.273	0.703	0.385	0.428
6260	0.273	0.704	0.385	0.427
6270	0.272	0.707	0.385	0.427
6280	0.272	0.706	0.385	0.428
6290	0.272	0.706	0.385	0.430
eigenvalues:  tensor([43.5308, 43.2792])
hess item is 0.00167273567058146
6300	0.272	0.705	0.385	0.428
6310	0.272	0.705	0.385	0.428
6320	0.272	0.704	0.385	0.428
6330	0.272	0.706	0.385	0.428
6340	0.272	0.706	0.385	0.428
eigenvalues:  tensor([43.4743, 43.2407])
hess item is 0.0016686307499185205
6350	0.271	0.708	0.385	0.429
6360	0.271	0.709	0.385	0.430
6370	0.271	0.707	0.385	0.427
6380	0.271	0.707	0.385	0.427
6390	0.271	0.707	0.385	0.429
eigenvalues:  tensor([43.8425, 43.6080])
hess item is 0.0016630006721243262
6400	0.271	0.707	0.385	0.429
6410	0.270	0.711	0.385	0.429
6420	0.271	0.708	0.386	0.427
6430	0.270	0.708	0.385	0.429
6440	0.270	0.710	0.386	0.428
eigenvalues:  tensor([44.0647, 43.8241])
hess item is 0.0016593700274825096
6450	0.270	0.707	0.385	0.428
6460	0.270	0.711	0.385	0.428
6470	0.270	0.708	0.386	0.428
6480	0.270	0.710	0.385	0.427
6490	0.269	0.710	0.385	0.426
eigenvalues:  tensor([44.1987, 43.9535])
hess item is 0.0016565123805776238
6500	0.269	0.714	0.385	0.429
6510	0.269	0.709	0.385	0.430
6520	0.269	0.709	0.385	0.427
6530	0.269	0.711	0.385	0.429
6540	0.269	0.712	0.386	0.428
eigenvalues:  tensor([44.5974, 44.3564])
hess item is 0.0016543916426599026
6550	0.269	0.712	0.386	0.429
6560	0.269	0.714	0.385	0.429
6570	0.269	0.716	0.386	0.430
6580	0.268	0.713	0.386	0.430
6590	0.268	0.713	0.385	0.427
eigenvalues:  tensor([44.8075, 44.5752])
hess item is 0.001651694648899138
6600	0.268	0.713	0.385	0.428
6610	0.268	0.714	0.386	0.429
6620	0.268	0.716	0.385	0.428
6630	0.268	0.714	0.385	0.430
6640	0.268	0.713	0.386	0.428
eigenvalues:  tensor([44.8328, 44.6119])
hess item is 0.0016495517920702696
6650	0.267	0.714	0.386	0.429
6660	0.267	0.712	0.386	0.429
6670	0.267	0.713	0.386	0.429
6680	0.267	0.715	0.386	0.430
6690	0.267	0.717	0.386	0.428
eigenvalues:  tensor([44.9671, 44.7384])
hess item is 0.0016492931172251701
6700	0.267	0.715	0.385	0.430
6710	0.267	0.713	0.386	0.429
6720	0.267	0.714	0.386	0.428
6730	0.267	0.717	0.386	0.428
6740	0.266	0.717	0.386	0.428
eigenvalues:  tensor([45.3093, 45.0815])
hess item is 0.00164775678422302
6750	0.266	0.718	0.386	0.427
6760	0.266	0.715	0.386	0.427
6770	0.266	0.715	0.386	0.428
6780	0.266	0.719	0.386	0.428
6790	0.266	0.717	0.386	0.429
eigenvalues:  tensor([45.5529, 45.3257])
hess item is 0.0016452234704047441
6800	0.266	0.719	0.386	0.428
6810	0.265	0.718	0.386	0.429
6820	0.265	0.720	0.386	0.429
6830	0.265	0.718	0.386	0.426
6840	0.265	0.716	0.386	0.428
eigenvalues:  tensor([45.8118, 45.5899])
hess item is 0.0016443964559584856
6850	0.265	0.717	0.386	0.428
6860	0.265	0.717	0.386	0.427
6870	0.265	0.720	0.386	0.428
6880	0.265	0.716	0.386	0.428
6890	0.265	0.720	0.386	0.429
eigenvalues:  tensor([45.8666, 45.6412])
hess item is 0.0016460670158267021
6900	0.264	0.720	0.386	0.428
6910	0.264	0.719	0.386	0.426
6920	0.264	0.719	0.386	0.427
6930	0.264	0.720	0.386	0.428
6940	0.264	0.719	0.386	0.428
eigenvalues:  tensor([46.0986, 45.8758])
hess item is 0.001646970515139401
6950	0.264	0.720	0.386	0.429
6960	0.264	0.722	0.386	0.428
6970	0.263	0.721	0.386	0.428
6980	0.263	0.723	0.386	0.427
6990	0.263	0.722	0.386	0.427
eigenvalues:  tensor([46.3340, 46.1136])
hess item is 0.0016488644760102034
7000	0.263	0.722	0.386	0.428
7010	0.263	0.723	0.386	0.427
7020	0.263	0.723	0.386	0.427
7030	0.263	0.723	0.386	0.427
7040	0.263	0.725	0.386	0.426
eigenvalues:  tensor([46.6327, 46.4151])
hess item is 0.001649639685638249
7050	0.263	0.722	0.386	0.427
7060	0.262	0.724	0.386	0.426
7070	0.262	0.725	0.386	0.427
7080	0.262	0.724	0.386	0.428
7090	0.262	0.727	0.386	0.428
eigenvalues:  tensor([46.5331, 46.3233])
hess item is 0.0016521342331543565
7100	0.262	0.724	0.386	0.428
7110	0.262	0.723	0.386	0.425
7120	0.262	0.723	0.386	0.427
7130	0.262	0.724	0.386	0.426
7140	0.261	0.727	0.386	0.427
eigenvalues:  tensor([46.7465, 46.5277])
hess item is 0.0016539779026061296
7150	0.261	0.727	0.386	0.428
7160	0.261	0.727	0.386	0.428
7170	0.261	0.727	0.386	0.428
7180	0.261	0.727	0.386	0.429
7190	0.261	0.727	0.386	0.427
eigenvalues:  tensor([46.9606, 46.7440])
hess item is 0.001655738102272153
7200	0.261	0.727	0.386	0.428
7210	0.261	0.726	0.386	0.429
7220	0.260	0.728	0.386	0.430
7230	0.261	0.728	0.386	0.430
7240	0.261	0.725	0.386	0.429
eigenvalues:  tensor([46.9469, 46.7306])
hess item is 0.001658014953136444
7250	0.260	0.726	0.386	0.429
7260	0.260	0.728	0.386	0.430
7270	0.260	0.729	0.386	0.429
7280	0.260	0.726	0.386	0.428
7290	0.260	0.728	0.386	0.428
eigenvalues:  tensor([47.1622, 46.9395])
hess item is 0.0016616322100162506
7300	0.260	0.728	0.386	0.429
7310	0.260	0.726	0.386	0.427
7320	0.259	0.727	0.386	0.428
7330	0.259	0.728	0.386	0.429
7340	0.259	0.729	0.386	0.428
eigenvalues:  tensor([47.3897, 47.1690])
hess item is 0.0016632393235340714
7350	0.259	0.731	0.386	0.429
7360	0.259	0.728	0.386	0.429
7370	0.259	0.729	0.386	0.427
7380	0.259	0.731	0.386	0.428
7390	0.259	0.729	0.386	0.427
eigenvalues:  tensor([47.6198, 47.4107])
hess item is 0.0016660558758303523
7400	0.259	0.727	0.386	0.427
7410	0.258	0.729	0.386	0.429
7420	0.258	0.731	0.386	0.430
7430	0.258	0.730	0.386	0.427
7440	0.258	0.731	0.386	0.428
eigenvalues:  tensor([47.7146, 47.5111])
hess item is 0.0016673012869432569
7450	0.258	0.733	0.386	0.429
7460	0.258	0.733	0.386	0.428
7470	0.258	0.733	0.386	0.425
7480	0.258	0.734	0.386	0.428
7490	0.257	0.732	0.386	0.429
eigenvalues:  tensor([47.9795, 47.7764])
hess item is 0.0016678267857059836
7500	0.257	0.729	0.386	0.428
7510	0.257	0.732	0.386	0.430
7520	0.257	0.730	0.386	0.429
7530	0.257	0.733	0.386	0.428
7540	0.257	0.732	0.386	0.428
eigenvalues:  tensor([48.0227, 47.8158])
hess item is 0.0016680932603776455
7550	0.257	0.730	0.386	0.428
7560	0.257	0.732	0.387	0.429
7570	0.257	0.733	0.386	0.429
7580	0.256	0.734	0.386	0.429
7590	0.257	0.733	0.387	0.428
eigenvalues:  tensor([48.3477, 48.1505])
hess item is 0.0016723604639992118
7600	0.257	0.733	0.387	0.427
7610	0.256	0.736	0.386	0.428
7620	0.256	0.735	0.386	0.428
7630	0.256	0.733	0.386	0.429
7640	0.256	0.732	0.386	0.429
eigenvalues:  tensor([48.2822, 48.0871])
hess item is 0.0016752012306824327
7650	0.256	0.735	0.386	0.429
7660	0.256	0.734	0.386	0.428
7670	0.255	0.735	0.386	0.427
7680	0.256	0.734	0.387	0.427
7690	0.255	0.735	0.386	0.428
eigenvalues:  tensor([48.4279, 48.2312])
hess item is 0.0016779665602371097
7700	0.255	0.735	0.386	0.429
7710	0.255	0.737	0.386	0.428
7720	0.255	0.736	0.386	0.427
7730	0.255	0.734	0.386	0.428
7740	0.255	0.734	0.387	0.426
eigenvalues:  tensor([48.6127, 48.4210])
hess item is 0.0016808510990813375
7750	0.255	0.738	0.386	0.426
7760	0.255	0.735	0.386	0.427
7770	0.254	0.738	0.386	0.426
7780	0.255	0.736	0.387	0.427
7790	0.254	0.737	0.387	0.428
eigenvalues:  tensor([48.6256, 48.4307])
hess item is 0.0016826619394123554
7800	0.254	0.736	0.386	0.428
7810	0.254	0.738	0.386	0.426
7820	0.254	0.736	0.386	0.427
7830	0.254	0.737	0.387	0.428
7840	0.254	0.738	0.387	0.427
eigenvalues:  tensor([48.6314, 48.4358])
hess item is 0.0016865144716575742
7850	0.254	0.738	0.387	0.429
7860	0.253	0.740	0.387	0.427
7870	0.253	0.739	0.386	0.428
7880	0.253	0.741	0.387	0.427
7890	0.253	0.740	0.387	0.427
eigenvalues:  tensor([48.7530, 48.5565])
hess item is 0.001692483201622963
7900	0.253	0.740	0.387	0.428
7910	0.253	0.739	0.387	0.427
7920	0.253	0.740	0.387	0.430
7930	0.253	0.738	0.387	0.428
7940	0.253	0.740	0.387	0.428
eigenvalues:  tensor([49.0062, 48.8102])
hess item is 0.0016946340911090374
7950	0.253	0.740	0.386	0.428
7960	0.253	0.741	0.387	0.428
7970	0.253	0.738	0.387	0.428
7980	0.252	0.744	0.387	0.427
7990	0.252	0.741	0.387	0.428
eigenvalues:  tensor([48.8476, 48.6545])
hess item is 0.001698699896223843
8000	0.252	0.743	0.386	0.430
8010	0.252	0.742	0.387	0.429
8020	0.252	0.742	0.387	0.429
8030	0.252	0.741	0.387	0.428
8040	0.252	0.743	0.387	0.428
eigenvalues:  tensor([49.0820, 48.8832])
hess item is 0.0017024389235302806
8050	0.252	0.740	0.387	0.427
8060	0.251	0.741	0.387	0.426
8070	0.251	0.740	0.387	0.428
8080	0.251	0.740	0.387	0.427
8090	0.251	0.740	0.387	0.426
eigenvalues:  tensor([49.4375, 49.2412])
hess item is 0.0017028901493176818
8100	0.251	0.740	0.387	0.426
8110	0.251	0.742	0.387	0.425
8120	0.251	0.743	0.387	0.427
8130	0.251	0.744	0.387	0.427
8140	0.251	0.744	0.387	0.429
eigenvalues:  tensor([49.5747, 49.3840])
hess item is 0.001703779329545796
8150	0.251	0.742	0.387	0.428
8160	0.250	0.745	0.386	0.430
8170	0.250	0.746	0.387	0.427
8180	0.250	0.744	0.387	0.426
8190	0.250	0.744	0.387	0.426
eigenvalues:  tensor([49.4475, 49.2605])
hess item is 0.0017096749506890774
8200	0.250	0.747	0.387	0.428
8210	0.250	0.747	0.386	0.427
8220	0.250	0.744	0.387	0.425
8230	0.250	0.745	0.387	0.428
8240	0.250	0.745	0.387	0.429
eigenvalues:  tensor([49.9241, 49.7338])
hess item is 0.0017135895323008299
8250	0.250	0.745	0.387	0.427
8260	0.250	0.744	0.387	0.427
8270	0.249	0.745	0.387	0.428
8280	0.249	0.746	0.387	0.427
8290	0.250	0.744	0.387	0.427
eigenvalues:  tensor([49.7647, 49.5709])
hess item is 0.0017167063197121024
8300	0.249	0.747	0.387	0.428
8310	0.249	0.747	0.387	0.427
8320	0.249	0.748	0.387	0.427
8330	0.249	0.744	0.387	0.429
8340	0.249	0.748	0.387	0.427
eigenvalues:  tensor([49.9628, 49.7684])
hess item is 0.0017201188020408154
8350	0.249	0.746	0.387	0.429
8360	0.249	0.745	0.387	0.429
8370	0.249	0.747	0.387	0.428
8380	0.248	0.746	0.387	0.428
8390	0.248	0.748	0.387	0.427
eigenvalues:  tensor([49.9986, 49.8067])
hess item is 0.0017223053146153688
8400	0.248	0.747	0.387	0.428
8410	0.248	0.748	0.387	0.427
8420	0.248	0.746	0.387	0.426
8430	0.248	0.747	0.387	0.427
8440	0.247	0.746	0.387	0.428
eigenvalues:  tensor([49.8702, 49.6793])
hess item is 0.0017273890553042293
8450	0.247	0.748	0.387	0.428
8460	0.247	0.747	0.387	0.428
8470	0.247	0.745	0.387	0.427
8480	0.247	0.747	0.387	0.428
8490	0.247	0.746	0.387	0.428
eigenvalues:  tensor([49.9116, 49.7190])
hess item is 0.0017320327460765839
8500	0.247	0.749	0.387	0.428
8510	0.247	0.749	0.387	0.429
8520	0.247	0.748	0.387	0.427
8530	0.247	0.750	0.387	0.427
8540	0.247	0.752	0.387	0.426
eigenvalues:  tensor([50.3225, 50.1389])
hess item is 0.0017381648067384958
8550	0.247	0.749	0.387	0.426
8560	0.247	0.750	0.387	0.426
8570	0.247	0.747	0.387	0.426
8580	0.246	0.749	0.387	0.427
8590	0.246	0.750	0.387	0.427
eigenvalues:  tensor([50.6760, 50.4876])
hess item is 0.0017405229154974222
8600	0.247	0.746	0.387	0.426
8610	0.246	0.750	0.387	0.428
8620	0.246	0.751	0.387	0.429
8630	0.246	0.751	0.387	0.426
8640	0.246	0.751	0.387	0.428
eigenvalues:  tensor([50.5819, 50.3855])
hess item is 0.0017462027026340365
8650	0.246	0.752	0.387	0.428
8660	0.246	0.751	0.387	0.429
8670	0.245	0.752	0.387	0.427
8680	0.246	0.752	0.387	0.429
8690	0.245	0.754	0.387	0.428
eigenvalues:  tensor([50.5749, 50.3895])
hess item is 0.0017488931771367788
8700	0.245	0.751	0.387	0.428
8710	0.245	0.753	0.387	0.428
8720	0.245	0.755	0.387	0.429
8730	0.245	0.752	0.387	0.426
8740	0.245	0.752	0.387	0.425
eigenvalues:  tensor([50.8365, 50.6371])
hess item is 0.001752118463627994
8750	0.245	0.753	0.387	0.426
8760	0.245	0.752	0.387	0.428
8770	0.245	0.752	0.387	0.428
8780	0.245	0.752	0.387	0.428
8790	0.244	0.757	0.387	0.428
eigenvalues:  tensor([50.8920, 50.6921])
hess item is 0.0017535736551508307
8800	0.245	0.753	0.387	0.427
8810	0.245	0.753	0.387	0.428
8820	0.244	0.753	0.387	0.427
8830	0.244	0.755	0.387	0.428
8840	0.244	0.756	0.387	0.430
eigenvalues:  tensor([51.1078, 50.9186])
hess item is 0.0017545943846926093
8850	0.244	0.750	0.387	0.425
8860	0.244	0.756	0.387	0.428
8870	0.244	0.756	0.387	0.429
8880	0.244	0.754	0.387	0.428
8890	0.244	0.756	0.387	0.427
eigenvalues:  tensor([50.8365, 50.6485])
hess item is 0.0017586107132956386
8900	0.244	0.754	0.387	0.426
8910	0.244	0.754	0.387	0.427
8920	0.243	0.753	0.387	0.426
8930	0.243	0.755	0.387	0.424
8940	0.243	0.758	0.387	0.423
eigenvalues:  tensor([50.7964, 50.6090])
hess item is 0.0017618488054722548
8950	0.243	0.757	0.387	0.428
8960	0.243	0.754	0.387	0.427
8970	0.243	0.757	0.387	0.426
8980	0.243	0.757	0.387	0.428
8990	0.243	0.757	0.387	0.429
eigenvalues:  tensor([50.9937, 50.8131])
hess item is 0.0017635233234614134
9000	0.243	0.754	0.387	0.428
9010	0.243	0.756	0.387	0.428
9020	0.242	0.756	0.387	0.428
9030	0.242	0.760	0.387	0.428
9040	0.242	0.758	0.387	0.426
eigenvalues:  tensor([51.0087, 50.8164])
hess item is 0.001764434389770031
9050	0.242	0.757	0.387	0.425
9060	0.242	0.757	0.387	0.425
9070	0.242	0.759	0.387	0.425
9080	0.242	0.754	0.387	0.426
9090	0.242	0.758	0.387	0.427
eigenvalues:  tensor([50.9405, 50.7542])
hess item is 0.0017654616385698318
9100	0.242	0.758	0.387	0.427
9110	0.242	0.758	0.387	0.427
9120	0.241	0.762	0.387	0.429
9130	0.241	0.761	0.387	0.429
9140	0.242	0.758	0.387	0.429
eigenvalues:  tensor([51.2689, 51.0744])
hess item is 0.00177148194052279
9150	0.241	0.760	0.387	0.426
9160	0.241	0.761	0.387	0.426
9170	0.241	0.758	0.387	0.426
9180	0.241	0.761	0.387	0.427
9190	0.241	0.757	0.387	0.426
eigenvalues:  tensor([51.0637, 50.8674])
hess item is 0.0017763569485396147
9200	0.241	0.762	0.387	0.428
9210	0.241	0.761	0.387	0.427
9220	0.241	0.760	0.387	0.427
9230	0.241	0.761	0.387	0.426
9240	0.241	0.761	0.387	0.426
eigenvalues:  tensor([51.6772, 51.4728])
hess item is 0.0017801265930756927
9250	0.241	0.761	0.387	0.428
9260	0.240	0.764	0.387	0.427
9270	0.240	0.763	0.387	0.429
9280	0.240	0.763	0.387	0.427
9290	0.240	0.762	0.387	0.428
eigenvalues:  tensor([51.6144, 51.4221])
hess item is 0.0017834431491792202
9300	0.240	0.762	0.387	0.426
9310	0.240	0.762	0.387	0.427
9320	0.240	0.762	0.387	0.428
9330	0.240	0.759	0.387	0.429
9340	0.240	0.762	0.387	0.427
eigenvalues:  tensor([51.7094, 51.5020])
hess item is 0.001788414316251874
9350	0.240	0.761	0.387	0.427
9360	0.240	0.762	0.387	0.429
9370	0.239	0.763	0.387	0.429
9380	0.239	0.765	0.387	0.428
9390	0.239	0.765	0.387	0.428
eigenvalues:  tensor([51.7919, 51.5899])
hess item is 0.0017924172570928931
9400	0.239	0.764	0.387	0.427
9410	0.239	0.764	0.387	0.429
9420	0.239	0.763	0.387	0.427
9430	0.239	0.766	0.387	0.428
9440	0.239	0.764	0.387	0.427
eigenvalues:  tensor([51.6265, 51.4247])
hess item is 0.0017966600134968758
9450	0.239	0.766	0.387	0.428
9460	0.238	0.767	0.387	0.427
9470	0.238	0.767	0.387	0.426
9480	0.238	0.767	0.387	0.426
9490	0.239	0.766	0.387	0.427
eigenvalues:  tensor([51.8515, 51.6551])
hess item is 0.0017984581645578146
9500	0.238	0.766	0.387	0.427
9510	0.238	0.765	0.387	0.426
9520	0.238	0.766	0.387	0.426
9530	0.238	0.763	0.387	0.426
9540	0.238	0.767	0.387	0.428
eigenvalues:  tensor([51.5767, 51.3806])
hess item is 0.0018034059321507812
9550	0.238	0.768	0.387	0.429
9560	0.238	0.767	0.387	0.427
9570	0.238	0.767	0.387	0.427
9580	0.237	0.768	0.387	0.425
9590	0.238	0.766	0.387	0.426
eigenvalues:  tensor([52.0150, 51.8149])
hess item is 0.0018060986185446382
9600	0.237	0.768	0.387	0.428
9610	0.237	0.766	0.387	0.428
9620	0.237	0.767	0.387	0.426
9630	0.237	0.770	0.387	0.427
9640	0.237	0.768	0.387	0.426
eigenvalues:  tensor([52.0541, 51.8480])
hess item is 0.0018110002856701612
9650	0.237	0.768	0.387	0.428
9660	0.237	0.767	0.387	0.428
9670	0.237	0.767	0.386	0.428
9680	0.237	0.766	0.387	0.429
9690	0.237	0.768	0.387	0.426
eigenvalues:  tensor([52.0681, 51.8640])
hess item is 0.00181285641156137
9700	0.236	0.768	0.387	0.426
9710	0.237	0.768	0.387	0.426
9720	0.237	0.767	0.387	0.425
9730	0.236	0.769	0.387	0.428
9740	0.236	0.769	0.387	0.427
eigenvalues:  tensor([52.1122, 51.9169])
hess item is 0.0018158936873078346
9750	0.236	0.769	0.387	0.428
9760	0.236	0.768	0.387	0.426
9770	0.236	0.769	0.387	0.427
9780	0.236	0.770	0.387	0.429
9790	0.236	0.769	0.387	0.430
eigenvalues:  tensor([51.9139, 51.7156])
hess item is 0.0018176878802478313
9800	0.235	0.769	0.387	0.429
9810	0.236	0.766	0.387	0.426
9820	0.235	0.767	0.387	0.429
9830	0.236	0.766	0.387	0.427
9840	0.236	0.770	0.387	0.428
eigenvalues:  tensor([52.5431, 52.3373])
hess item is 0.0018220316851511598
9850	0.236	0.769	0.387	0.429
9860	0.236	0.767	0.387	0.427
9870	0.235	0.770	0.387	0.429
9880	0.235	0.771	0.386	0.428
9890	0.235	0.772	0.386	0.431
eigenvalues:  tensor([52.2738, 52.0709])
hess item is 0.0018245815299451351
9900	0.235	0.771	0.386	0.431
9910	0.235	0.773	0.386	0.429
9920	0.235	0.771	0.387	0.431
9930	0.235	0.771	0.386	0.430
9940	0.235	0.772	0.386	0.431
eigenvalues:  tensor([52.1263, 51.9246])
hess item is 0.0018331797327846289
9950	0.234	0.770	0.386	0.430
9960	0.235	0.769	0.387	0.430
9970	0.235	0.770	0.387	0.428
9980	0.234	0.770	0.387	0.428
9990	0.234	0.771	0.387	0.427
