device: cuda:1
output directory: RESULTS/cifar10-10k/fc-tanh/seed_0/mse/ivon/lr_0.0005/h0_1.0/ess_1000000.0/post_50/beta2_0.999/beta_0.0_alpha_100.0_ivon
Files already downloaded and verified
Files already downloaded and verified
optimizer is IVON
0	0.597	0.131	0.597	0.131
10	0.574	0.136	0.574	0.137
20	0.558	0.142	0.559	0.142
30	0.547	0.149	0.548	0.148
40	0.538	0.155	0.540	0.155
eigenvalues:  tensor([80.6308, 66.5392])
hess item is 0.9513441324234009
50	0.532	0.161	0.533	0.163
60	0.526	0.168	0.527	0.169
70	0.521	0.173	0.523	0.173
80	0.517	0.178	0.519	0.178
90	0.513	0.184	0.515	0.183
eigenvalues:  tensor([80.2959, 66.1453])
hess item is 0.9050782918930054
100	0.510	0.189	0.512	0.186
110	0.507	0.195	0.509	0.191
120	0.504	0.198	0.506	0.194
130	0.502	0.202	0.504	0.197
140	0.499	0.207	0.501	0.199
eigenvalues:  tensor([79.8126, 65.6727])
hess item is 0.8610730171203613
150	0.497	0.209	0.499	0.202
160	0.495	0.211	0.497	0.204
170	0.493	0.213	0.495	0.207
180	0.491	0.216	0.493	0.210
190	0.489	0.219	0.491	0.213
eigenvalues:  tensor([79.3610, 65.2021])
hess item is 0.8192133903503418
200	0.487	0.221	0.489	0.215
210	0.485	0.224	0.488	0.217
220	0.483	0.226	0.486	0.219
230	0.482	0.226	0.484	0.220
240	0.480	0.229	0.483	0.223
eigenvalues:  tensor([78.9385, 64.7440])
hess item is 0.7793982028961182
250	0.478	0.231	0.481	0.225
260	0.477	0.233	0.480	0.227
270	0.475	0.235	0.478	0.230
280	0.474	0.239	0.477	0.231
290	0.473	0.240	0.476	0.232
eigenvalues:  tensor([78.5448, 64.2973])
hess item is 0.7415257692337036
300	0.471	0.243	0.474	0.234
310	0.470	0.244	0.473	0.236
320	0.469	0.245	0.472	0.237
330	0.467	0.247	0.471	0.239
340	0.466	0.249	0.469	0.241
eigenvalues:  tensor([78.1490, 63.8703])
hess item is 0.7055019736289978
350	0.465	0.252	0.468	0.243
360	0.464	0.253	0.467	0.245
370	0.462	0.256	0.466	0.246
380	0.461	0.259	0.465	0.248
390	0.460	0.260	0.464	0.250
eigenvalues:  tensor([77.7639, 63.4536])
hess item is 0.6712354421615601
400	0.459	0.262	0.463	0.251
410	0.458	0.262	0.462	0.252
420	0.457	0.264	0.461	0.253
430	0.456	0.266	0.460	0.255
440	0.455	0.267	0.459	0.256
eigenvalues:  tensor([77.3872, 63.0535])
hess item is 0.6386409401893616
450	0.454	0.268	0.458	0.258
460	0.453	0.270	0.457	0.259
470	0.452	0.271	0.456	0.261
480	0.451	0.273	0.455	0.263
490	0.450	0.274	0.454	0.264
eigenvalues:  tensor([77.0145, 62.6678])
hess item is 0.6076352000236511
500	0.449	0.276	0.454	0.265
510	0.449	0.278	0.453	0.266
520	0.448	0.280	0.452	0.268
530	0.447	0.281	0.451	0.269
540	0.446	0.283	0.450	0.269
eigenvalues:  tensor([76.6504, 62.2980])
hess item is 0.5781434774398804
550	0.445	0.284	0.450	0.270
560	0.444	0.286	0.449	0.271
570	0.444	0.287	0.448	0.272
580	0.443	0.288	0.447	0.274
590	0.442	0.290	0.447	0.275
eigenvalues:  tensor([76.2777, 61.9486])
hess item is 0.5500900745391846
600	0.441	0.292	0.446	0.277
610	0.441	0.292	0.445	0.278
620	0.440	0.294	0.445	0.280
630	0.439	0.297	0.444	0.281
640	0.438	0.298	0.443	0.282
eigenvalues:  tensor([75.9206, 61.6310])
hess item is 0.5234047770500183
650	0.438	0.299	0.443	0.283
660	0.437	0.300	0.442	0.284
670	0.436	0.301	0.441	0.285
680	0.436	0.303	0.441	0.286
690	0.435	0.304	0.440	0.287
eigenvalues:  tensor([75.5758, 61.3482])
hess item is 0.49802014231681824
700	0.434	0.305	0.440	0.289
710	0.434	0.306	0.439	0.289
720	0.433	0.307	0.438	0.289
730	0.432	0.308	0.438	0.290
740	0.432	0.309	0.437	0.292
eigenvalues:  tensor([75.2147, 61.1018])
hess item is 0.4738745093345642
750	0.431	0.310	0.437	0.293
760	0.431	0.312	0.436	0.294
770	0.430	0.313	0.436	0.294
780	0.429	0.314	0.435	0.296
790	0.429	0.314	0.435	0.296
eigenvalues:  tensor([74.8573, 60.8801])
hess item is 0.4509071707725525
800	0.428	0.315	0.434	0.298
810	0.428	0.316	0.434	0.298
820	0.427	0.317	0.433	0.299
830	0.427	0.318	0.433	0.300
840	0.426	0.320	0.432	0.300
eigenvalues:  tensor([74.5117, 60.6824])
hess item is 0.42905890941619873
850	0.426	0.322	0.432	0.302
860	0.425	0.322	0.431	0.302
870	0.425	0.325	0.431	0.303
880	0.424	0.326	0.430	0.304
890	0.424	0.328	0.430	0.304
eigenvalues:  tensor([74.1757, 60.4870])
hess item is 0.40827643871307373
900	0.423	0.329	0.430	0.304
910	0.423	0.330	0.429	0.304
920	0.422	0.331	0.429	0.305
930	0.422	0.332	0.428	0.306
940	0.421	0.334	0.428	0.306
eigenvalues:  tensor([73.8359, 60.2993])
hess item is 0.38850754499435425
950	0.421	0.334	0.427	0.307
960	0.420	0.335	0.427	0.307
970	0.420	0.335	0.427	0.307
980	0.419	0.337	0.426	0.308
990	0.419	0.338	0.426	0.308
eigenvalues:  tensor([73.4916, 60.1142])
hess item is 0.36970269680023193
1000	0.419	0.338	0.426	0.309
1010	0.418	0.339	0.425	0.310
1020	0.418	0.340	0.425	0.311
1030	0.417	0.342	0.424	0.312
1040	0.417	0.343	0.424	0.313
eigenvalues:  tensor([73.1691, 59.9239])
hess item is 0.3518145978450775
1050	0.416	0.344	0.424	0.314
1060	0.416	0.345	0.423	0.315
1070	0.416	0.346	0.423	0.316
1080	0.415	0.347	0.423	0.317
1090	0.415	0.348	0.422	0.318
eigenvalues:  tensor([72.8130, 59.7384])
hess item is 0.334798663854599
1100	0.414	0.349	0.422	0.319
1110	0.414	0.350	0.422	0.320
1120	0.414	0.350	0.421	0.321
1130	0.413	0.352	0.421	0.322
1140	0.413	0.352	0.421	0.322
eigenvalues:  tensor([72.4906, 59.5471])
hess item is 0.3186127245426178
1150	0.413	0.352	0.421	0.323
1160	0.412	0.353	0.420	0.324
1170	0.412	0.354	0.420	0.325
1180	0.412	0.356	0.420	0.326
1190	0.411	0.356	0.419	0.326
eigenvalues:  tensor([72.1531, 59.3572])
hess item is 0.3032154440879822
1200	0.411	0.357	0.419	0.327
1210	0.411	0.357	0.419	0.328
1220	0.410	0.359	0.418	0.329
1230	0.410	0.360	0.418	0.329
1240	0.410	0.361	0.418	0.329
eigenvalues:  tensor([71.7993, 59.1676])
hess item is 0.2885695695877075
1250	0.409	0.361	0.418	0.329
1260	0.409	0.362	0.417	0.331
1270	0.409	0.362	0.417	0.331
1280	0.408	0.364	0.417	0.332
1290	0.408	0.365	0.417	0.333
eigenvalues:  tensor([71.4639, 58.9633])
hess item is 0.27463680505752563
1300	0.408	0.365	0.416	0.333
1310	0.407	0.365	0.416	0.334
1320	0.407	0.366	0.416	0.334
1330	0.407	0.366	0.416	0.334
1340	0.406	0.367	0.415	0.335
eigenvalues:  tensor([71.1162, 58.7616])
hess item is 0.26138389110565186
1350	0.406	0.368	0.415	0.336
1360	0.406	0.369	0.415	0.336
1370	0.405	0.369	0.415	0.337
1380	0.405	0.370	0.414	0.338
1390	0.405	0.371	0.414	0.339
eigenvalues:  tensor([70.7839, 58.5436])
hess item is 0.24877655506134033
1400	0.405	0.372	0.414	0.339
1410	0.404	0.372	0.414	0.339
1420	0.404	0.373	0.414	0.339
1430	0.404	0.374	0.413	0.340
1440	0.403	0.375	0.413	0.341
eigenvalues:  tensor([70.4368, 58.3362])
hess item is 0.2367842048406601
1450	0.403	0.377	0.413	0.342
1460	0.403	0.377	0.413	0.343
1470	0.403	0.378	0.413	0.344
1480	0.402	0.379	0.412	0.344
1490	0.402	0.379	0.412	0.344
eigenvalues:  tensor([70.0664, 58.1118])
hess item is 0.22537609934806824
1500	0.402	0.379	0.412	0.345
1510	0.402	0.380	0.412	0.345
1520	0.401	0.380	0.412	0.347
1530	0.401	0.381	0.411	0.347
1540	0.401	0.383	0.411	0.349
eigenvalues:  tensor([69.6998, 57.8858])
hess item is 0.21452388167381287
1550	0.401	0.383	0.411	0.349
1560	0.400	0.384	0.411	0.350
1570	0.400	0.385	0.411	0.351
1580	0.400	0.386	0.411	0.351
1590	0.399	0.387	0.410	0.350
eigenvalues:  tensor([69.3040, 57.6628])
hess item is 0.20420043170452118
1600	0.399	0.387	0.410	0.350
1610	0.399	0.388	0.410	0.352
1620	0.399	0.389	0.410	0.352
1630	0.399	0.389	0.410	0.352
1640	0.398	0.390	0.410	0.353
eigenvalues:  tensor([68.9410, 57.4331])
hess item is 0.1943804919719696
1650	0.398	0.390	0.409	0.353
1660	0.398	0.391	0.409	0.353
1670	0.398	0.392	0.409	0.353
1680	0.397	0.393	0.409	0.353
1690	0.397	0.393	0.409	0.354
eigenvalues:  tensor([68.5660, 57.1709])
hess item is 0.18503868579864502
1700	0.397	0.394	0.409	0.353
1710	0.397	0.394	0.408	0.353
1720	0.396	0.395	0.408	0.354
1730	0.396	0.395	0.408	0.355
1740	0.396	0.396	0.408	0.355
eigenvalues:  tensor([68.1353, 56.9229])
hess item is 0.17615248262882233
1750	0.396	0.396	0.408	0.356
1760	0.395	0.397	0.408	0.356
1770	0.395	0.397	0.407	0.356
1780	0.395	0.398	0.407	0.356
1790	0.395	0.399	0.407	0.356
eigenvalues:  tensor([67.7477, 56.6499])
hess item is 0.16769905388355255
1800	0.395	0.400	0.407	0.357
1810	0.394	0.400	0.407	0.356
1820	0.394	0.401	0.407	0.357
1830	0.394	0.401	0.407	0.357
1840	0.394	0.402	0.407	0.358
eigenvalues:  tensor([67.2633, 56.4010])
hess item is 0.1596573442220688
1850	0.394	0.403	0.406	0.359
1860	0.393	0.403	0.406	0.359
1870	0.393	0.404	0.406	0.359
1880	0.393	0.404	0.406	0.359
1890	0.393	0.404	0.406	0.359
eigenvalues:  tensor([66.8525, 56.0953])
hess item is 0.15200743079185486
1900	0.392	0.405	0.406	0.360
1910	0.392	0.406	0.406	0.361
1920	0.392	0.406	0.405	0.362
1930	0.392	0.406	0.405	0.362
1940	0.392	0.407	0.405	0.363
eigenvalues:  tensor([66.3696, 55.8126])
hess item is 0.14472952485084534
1950	0.391	0.408	0.405	0.363
1960	0.391	0.408	0.405	0.364
1970	0.391	0.409	0.405	0.363
1980	0.391	0.411	0.405	0.363
1990	0.391	0.410	0.405	0.365
eigenvalues:  tensor([65.8709, 55.4998])
hess item is 0.13780637085437775
2000	0.390	0.411	0.404	0.365
2010	0.390	0.412	0.404	0.365
2020	0.390	0.413	0.404	0.366
2030	0.390	0.413	0.404	0.365
2040	0.390	0.414	0.404	0.365
eigenvalues:  tensor([65.3908, 55.1714])
hess item is 0.1312200427055359
2050	0.389	0.415	0.404	0.366
2060	0.389	0.415	0.404	0.367
2070	0.389	0.416	0.404	0.366
2080	0.389	0.417	0.404	0.367
2090	0.389	0.419	0.403	0.367
eigenvalues:  tensor([64.8330, 54.8456])
hess item is 0.12495417892932892
2100	0.388	0.420	0.403	0.368
2110	0.388	0.422	0.403	0.368
2120	0.388	0.422	0.403	0.368
2130	0.388	0.423	0.403	0.369
2140	0.388	0.423	0.403	0.369
eigenvalues:  tensor([64.3023, 54.4834])
hess item is 0.11899378895759583
2150	0.387	0.423	0.403	0.369
2160	0.387	0.424	0.403	0.370
2170	0.387	0.425	0.403	0.370
2180	0.387	0.425	0.402	0.370
2190	0.387	0.426	0.402	0.371
eigenvalues:  tensor([63.7081, 54.1485])
hess item is 0.1133231669664383
2200	0.386	0.428	0.402	0.370
2210	0.386	0.428	0.402	0.371
2220	0.386	0.429	0.402	0.371
2230	0.386	0.429	0.402	0.371
2240	0.386	0.430	0.402	0.371
eigenvalues:  tensor([63.1161, 53.7864])
hess item is 0.10792771726846695
2250	0.385	0.430	0.402	0.372
2260	0.385	0.430	0.402	0.372
2270	0.385	0.430	0.402	0.372
2280	0.385	0.432	0.401	0.372
2290	0.385	0.432	0.401	0.372
eigenvalues:  tensor([62.5335, 53.3889])
hess item is 0.10279496759176254
2300	0.384	0.432	0.401	0.373
2310	0.384	0.432	0.401	0.374
2320	0.384	0.433	0.401	0.373
2330	0.384	0.433	0.401	0.373
2340	0.384	0.434	0.401	0.372
eigenvalues:  tensor([61.8722, 52.9901])
hess item is 0.09791157394647598
2350	0.383	0.435	0.401	0.374
2360	0.383	0.435	0.401	0.374
2370	0.383	0.436	0.401	0.375
2380	0.383	0.437	0.400	0.374
2390	0.383	0.437	0.400	0.375
eigenvalues:  tensor([61.1856, 52.5781])
hess item is 0.09326644241809845
2400	0.382	0.438	0.400	0.375
2410	0.382	0.439	0.400	0.376
2420	0.382	0.440	0.400	0.376
2430	0.382	0.440	0.400	0.377
2440	0.382	0.441	0.400	0.376
eigenvalues:  tensor([60.4684, 52.1448])
hess item is 0.08884621411561966
2450	0.381	0.442	0.400	0.377
2460	0.381	0.443	0.400	0.376
2470	0.381	0.442	0.400	0.378
2480	0.381	0.443	0.400	0.378
2490	0.381	0.445	0.399	0.378
eigenvalues:  tensor([59.7298, 51.6974])
hess item is 0.08464030921459198
2500	0.381	0.445	0.399	0.378
2510	0.380	0.446	0.399	0.378
2520	0.380	0.445	0.399	0.381
2530	0.380	0.447	0.399	0.380
2540	0.380	0.447	0.399	0.380
eigenvalues:  tensor([58.9673, 51.2175])
hess item is 0.0806388184428215
2550	0.380	0.449	0.399	0.380
2560	0.379	0.449	0.399	0.380
2570	0.379	0.449	0.399	0.380
2580	0.379	0.450	0.399	0.381
2590	0.379	0.451	0.399	0.381
eigenvalues:  tensor([58.2113, 50.7228])
hess item is 0.07683074474334717
2600	0.379	0.451	0.398	0.382
2610	0.378	0.453	0.398	0.382
2620	0.378	0.453	0.398	0.382
2630	0.378	0.454	0.398	0.383
2640	0.378	0.454	0.398	0.384
eigenvalues:  tensor([57.3576, 50.2408])
hess item is 0.07320772111415863
2650	0.378	0.455	0.398	0.383
2660	0.377	0.454	0.398	0.383
2670	0.377	0.457	0.398	0.385
2680	0.377	0.456	0.398	0.385
2690	0.377	0.458	0.398	0.385
eigenvalues:  tensor([56.5282, 49.7285])
hess item is 0.06976062059402466
2700	0.377	0.458	0.398	0.386
2710	0.377	0.459	0.397	0.387
2720	0.376	0.461	0.397	0.386
2730	0.376	0.460	0.397	0.387
2740	0.376	0.462	0.397	0.386
eigenvalues:  tensor([55.6607, 49.2200])
hess item is 0.06648031622171402
2750	0.376	0.461	0.397	0.387
2760	0.376	0.463	0.397	0.388
2770	0.375	0.462	0.397	0.387
2780	0.375	0.464	0.397	0.388
2790	0.375	0.464	0.397	0.387
eigenvalues:  tensor([54.8473, 48.6318])
hess item is 0.06335847079753876
2800	0.375	0.463	0.397	0.387
2810	0.375	0.464	0.397	0.387
2820	0.374	0.465	0.397	0.388
2830	0.374	0.466	0.397	0.389
2840	0.374	0.466	0.396	0.389
eigenvalues:  tensor([53.9966, 48.0736])
hess item is 0.060387372970581055
2850	0.374	0.466	0.396	0.388
2860	0.374	0.466	0.396	0.388
2870	0.374	0.467	0.396	0.389
2880	0.373	0.468	0.396	0.389
2890	0.373	0.467	0.396	0.390
eigenvalues:  tensor([53.0640, 47.4681])
hess item is 0.05756041035056114
2900	0.373	0.470	0.396	0.391
2910	0.373	0.470	0.396	0.391
2920	0.373	0.470	0.396	0.391
2930	0.372	0.471	0.396	0.391
2940	0.372	0.472	0.396	0.391
eigenvalues:  tensor([52.1989, 46.8402])
hess item is 0.05487017706036568
2950	0.372	0.474	0.396	0.392
2960	0.372	0.472	0.396	0.392
2970	0.372	0.472	0.395	0.392
2980	0.371	0.471	0.395	0.392
2990	0.371	0.473	0.395	0.393
eigenvalues:  tensor([51.2839, 46.2565])
hess item is 0.0523100383579731
3000	0.371	0.474	0.395	0.393
3010	0.371	0.474	0.395	0.393
3020	0.371	0.474	0.395	0.393
3030	0.370	0.475	0.395	0.394
3040	0.370	0.476	0.395	0.394
eigenvalues:  tensor([50.3477, 45.5869])
hess item is 0.04987334832549095
3050	0.370	0.475	0.395	0.394
3060	0.370	0.477	0.395	0.393
3070	0.370	0.478	0.395	0.395
3080	0.370	0.478	0.395	0.394
3090	0.369	0.480	0.395	0.395
eigenvalues:  tensor([49.4571, 44.9446])
hess item is 0.047553762793540955
3100	0.369	0.479	0.395	0.395
3110	0.369	0.482	0.394	0.396
3120	0.369	0.482	0.394	0.396
3130	0.369	0.482	0.394	0.396
3140	0.368	0.482	0.394	0.397
eigenvalues:  tensor([48.5371, 44.2304])
hess item is 0.045345842838287354
3150	0.368	0.482	0.394	0.397
3160	0.368	0.483	0.394	0.397
3170	0.368	0.482	0.394	0.397
3180	0.368	0.484	0.394	0.396
3190	0.367	0.485	0.394	0.397
eigenvalues:  tensor([47.5868, 43.5229])
hess item is 0.04324479401111603
3200	0.367	0.485	0.394	0.398
3210	0.367	0.487	0.394	0.399
3220	0.367	0.486	0.394	0.398
3230	0.367	0.488	0.394	0.398
3240	0.366	0.488	0.393	0.400
eigenvalues:  tensor([46.7056, 42.8498])
hess item is 0.041244104504585266
3250	0.366	0.488	0.393	0.399
3260	0.366	0.489	0.393	0.400
3270	0.366	0.491	0.393	0.400
3280	0.366	0.491	0.393	0.399
3290	0.366	0.492	0.393	0.401
eigenvalues:  tensor([45.8338, 42.1256])
hess item is 0.03933987393975258
3300	0.365	0.493	0.393	0.399
3310	0.365	0.493	0.393	0.401
3320	0.365	0.493	0.393	0.400
3330	0.365	0.493	0.393	0.400
3340	0.365	0.494	0.393	0.401
eigenvalues:  tensor([45.0273, 41.3851])
hess item is 0.03752673789858818
3350	0.364	0.496	0.393	0.402
3360	0.364	0.495	0.393	0.402
3370	0.364	0.496	0.393	0.402
3380	0.364	0.497	0.393	0.403
3390	0.364	0.498	0.392	0.403
eigenvalues:  tensor([44.1214, 40.6056])
hess item is 0.03580120578408241
3400	0.363	0.498	0.392	0.403
3410	0.363	0.500	0.392	0.403
3420	0.363	0.500	0.392	0.403
3430	0.363	0.499	0.392	0.403
3440	0.363	0.501	0.392	0.404
eigenvalues:  tensor([43.3238, 39.8436])
hess item is 0.03415801748633385
3450	0.363	0.500	0.392	0.404
3460	0.362	0.502	0.392	0.404
3470	0.362	0.503	0.392	0.405
3480	0.362	0.503	0.392	0.405
3490	0.362	0.502	0.392	0.405
eigenvalues:  tensor([42.4580, 39.1090])
hess item is 0.03259304538369179
3500	0.362	0.503	0.392	0.404
3510	0.361	0.503	0.392	0.404
3520	0.361	0.506	0.392	0.406
3530	0.361	0.504	0.392	0.404
3540	0.361	0.506	0.392	0.405
eigenvalues:  tensor([41.6863, 38.3440])
hess item is 0.031103502959012985
3550	0.361	0.507	0.391	0.404
3560	0.360	0.505	0.391	0.406
3570	0.360	0.507	0.391	0.405
3580	0.360	0.509	0.391	0.407
3590	0.360	0.509	0.391	0.407
eigenvalues:  tensor([40.9316, 37.5712])
hess item is 0.029685238376259804
3600	0.360	0.508	0.391	0.406
3610	0.359	0.510	0.391	0.408
3620	0.359	0.510	0.391	0.406
3630	0.359	0.512	0.391	0.407
3640	0.359	0.510	0.391	0.406
eigenvalues:  tensor([40.2107, 36.8435])
hess item is 0.028334099799394608
3650	0.359	0.510	0.391	0.407
3660	0.359	0.510	0.391	0.407
3670	0.358	0.511	0.391	0.408
3680	0.358	0.514	0.391	0.407
3690	0.358	0.512	0.391	0.408
eigenvalues:  tensor([39.4248, 36.1581])
hess item is 0.027048218995332718
3700	0.358	0.514	0.391	0.407
3710	0.358	0.512	0.391	0.409
3720	0.357	0.513	0.390	0.407
3730	0.357	0.516	0.390	0.409
3740	0.357	0.515	0.390	0.408
eigenvalues:  tensor([38.6514, 35.4069])
hess item is 0.025823207572102547
3750	0.357	0.515	0.390	0.409
3760	0.357	0.517	0.390	0.409
3770	0.356	0.517	0.390	0.409
3780	0.356	0.517	0.390	0.410
3790	0.356	0.516	0.390	0.410
eigenvalues:  tensor([37.9876, 34.6939])
hess item is 0.024656711146235466
3800	0.356	0.517	0.390	0.410
3810	0.356	0.518	0.390	0.409
3820	0.355	0.518	0.390	0.410
3830	0.355	0.521	0.390	0.410
3840	0.355	0.519	0.390	0.409
eigenvalues:  tensor([37.3173, 34.0210])
hess item is 0.023545552045106888
3850	0.355	0.521	0.390	0.411
3860	0.355	0.521	0.390	0.410
3870	0.355	0.521	0.390	0.408
3880	0.354	0.521	0.390	0.409
3890	0.354	0.522	0.389	0.410
eigenvalues:  tensor([36.6591, 33.3690])
hess item is 0.022487258538603783
3900	0.354	0.522	0.389	0.410
3910	0.354	0.523	0.389	0.409
3920	0.354	0.525	0.389	0.410
3930	0.353	0.524	0.389	0.412
3940	0.353	0.525	0.389	0.411
eigenvalues:  tensor([36.0203, 32.7647])
hess item is 0.02147938869893551
3950	0.353	0.525	0.389	0.411
3960	0.353	0.525	0.389	0.411
3970	0.353	0.527	0.389	0.410
3980	0.352	0.528	0.389	0.411
3990	0.352	0.527	0.389	0.411
eigenvalues:  tensor([35.3589, 32.1412])
hess item is 0.02051917463541031
4000	0.352	0.527	0.389	0.410
4010	0.352	0.530	0.389	0.411
4020	0.352	0.529	0.389	0.410
4030	0.351	0.529	0.389	0.411
4040	0.351	0.529	0.389	0.411
eigenvalues:  tensor([34.7770, 31.5386])
hess item is 0.019604379311203957
4050	0.351	0.529	0.389	0.410
4060	0.351	0.530	0.389	0.411
4070	0.351	0.531	0.388	0.411
4080	0.350	0.531	0.388	0.412
4090	0.350	0.530	0.388	0.412
eigenvalues:  tensor([34.1597, 31.0131])
hess item is 0.018733453005552292
4100	0.350	0.533	0.388	0.412
4110	0.350	0.532	0.388	0.412
4120	0.350	0.534	0.388	0.412
4130	0.350	0.534	0.388	0.412
4140	0.349	0.532	0.388	0.413
eigenvalues:  tensor([33.6115, 30.4898])
hess item is 0.017903199419379234
4150	0.349	0.535	0.388	0.414
4160	0.349	0.536	0.388	0.413
4170	0.349	0.536	0.388	0.413
4180	0.349	0.539	0.388	0.414
4190	0.349	0.535	0.388	0.413
eigenvalues:  tensor([33.0398, 29.9572])
hess item is 0.017112771049141884
4200	0.348	0.536	0.388	0.413
4210	0.348	0.540	0.388	0.414
4220	0.348	0.539	0.388	0.414
4230	0.348	0.541	0.388	0.415
4240	0.347	0.538	0.388	0.414
eigenvalues:  tensor([32.5697, 29.4975])
hess item is 0.016359465196728706
4250	0.347	0.540	0.388	0.415
4260	0.347	0.540	0.388	0.416
4270	0.347	0.541	0.388	0.415
4280	0.347	0.542	0.387	0.416
4290	0.347	0.542	0.388	0.416
eigenvalues:  tensor([32.0038, 29.0662])
hess item is 0.01564215123653412
4300	0.346	0.543	0.387	0.416
4310	0.346	0.543	0.387	0.415
4320	0.346	0.541	0.387	0.416
4330	0.346	0.543	0.387	0.417
4340	0.346	0.543	0.387	0.416
eigenvalues:  tensor([31.4973, 28.6397])
hess item is 0.014958524145185947
4350	0.345	0.546	0.387	0.417
4360	0.345	0.544	0.387	0.417
4370	0.345	0.544	0.387	0.416
4380	0.345	0.546	0.387	0.418
4390	0.345	0.548	0.387	0.416
eigenvalues:  tensor([31.0466, 28.2543])
hess item is 0.014307403936982155
4400	0.344	0.549	0.387	0.417
4410	0.344	0.548	0.387	0.417
4420	0.344	0.547	0.387	0.417
4430	0.344	0.549	0.387	0.417
4440	0.344	0.549	0.387	0.417
eigenvalues:  tensor([30.5807, 27.8692])
hess item is 0.013687021099030972
4450	0.343	0.550	0.387	0.419
4460	0.343	0.552	0.387	0.419
4470	0.343	0.551	0.387	0.417
4480	0.343	0.550	0.387	0.418
4490	0.343	0.553	0.387	0.420
eigenvalues:  tensor([30.1404, 27.4906])
hess item is 0.01309600006788969
4500	0.343	0.552	0.387	0.418
4510	0.342	0.553	0.386	0.418
4520	0.342	0.553	0.386	0.419
4530	0.342	0.554	0.386	0.418
4540	0.342	0.554	0.386	0.420
eigenvalues:  tensor([29.7141, 27.1529])
hess item is 0.012532751075923443
4550	0.341	0.557	0.386	0.421
4560	0.341	0.556	0.386	0.420
4570	0.341	0.556	0.386	0.419
4580	0.341	0.558	0.386	0.420
4590	0.341	0.556	0.386	0.419
eigenvalues:  tensor([29.3355, 26.8670])
hess item is 0.011996326968073845
4600	0.341	0.555	0.386	0.420
4610	0.340	0.560	0.386	0.420
4620	0.340	0.559	0.386	0.419
4630	0.340	0.561	0.386	0.420
4640	0.340	0.560	0.386	0.419
eigenvalues:  tensor([28.9295, 26.6009])
hess item is 0.011485228314995766
4650	0.340	0.561	0.386	0.421
4660	0.339	0.561	0.386	0.421
4670	0.339	0.560	0.386	0.420
4680	0.339	0.562	0.386	0.420
4690	0.339	0.564	0.386	0.421
eigenvalues:  tensor([28.5685, 26.3417])
hess item is 0.010997921228408813
4700	0.339	0.564	0.386	0.422
4710	0.338	0.564	0.386	0.422
4720	0.338	0.564	0.386	0.421
4730	0.338	0.564	0.386	0.420
4740	0.338	0.565	0.385	0.422
eigenvalues:  tensor([28.2338, 26.0893])
hess item is 0.010533957742154598
4750	0.338	0.565	0.385	0.423
4760	0.337	0.566	0.385	0.422
4770	0.337	0.568	0.386	0.422
4780	0.337	0.568	0.386	0.423
4790	0.337	0.568	0.385	0.422
eigenvalues:  tensor([27.9227, 25.8678])
hess item is 0.010091674514114857
4800	0.337	0.569	0.385	0.423
4810	0.336	0.567	0.385	0.423
4820	0.336	0.567	0.385	0.422
4830	0.336	0.569	0.385	0.421
4840	0.336	0.572	0.385	0.424
eigenvalues:  tensor([27.6432, 25.7158])
hess item is 0.009669793769717216
4850	0.336	0.571	0.385	0.424
4860	0.336	0.569	0.385	0.423
4870	0.335	0.570	0.385	0.423
4880	0.335	0.572	0.385	0.424
4890	0.335	0.573	0.385	0.422
eigenvalues:  tensor([27.4319, 25.5741])
hess item is 0.009267917834222317
4900	0.335	0.574	0.385	0.423
4910	0.335	0.573	0.385	0.423
4920	0.334	0.574	0.385	0.422
4930	0.334	0.573	0.385	0.421
4940	0.334	0.574	0.385	0.423
eigenvalues:  tensor([27.2422, 25.4296])
hess item is 0.008885983377695084
4950	0.334	0.576	0.385	0.422
4960	0.334	0.574	0.385	0.424
4970	0.333	0.577	0.385	0.424
4980	0.333	0.577	0.385	0.423
4990	0.333	0.576	0.385	0.424
eigenvalues:  tensor([27.0231, 25.3415])
hess item is 0.008522299118340015
5000	0.333	0.578	0.385	0.423
5010	0.333	0.578	0.385	0.425
5020	0.333	0.578	0.385	0.423
5030	0.332	0.579	0.385	0.424
5040	0.332	0.580	0.384	0.423
eigenvalues:  tensor([26.7924, 25.2095])
hess item is 0.008175497874617577
5050	0.332	0.582	0.384	0.424
5060	0.332	0.580	0.384	0.425
5070	0.332	0.580	0.384	0.424
5080	0.331	0.580	0.384	0.424
5090	0.331	0.582	0.384	0.425
eigenvalues:  tensor([26.6217, 25.1236])
hess item is 0.007845593616366386
5100	0.331	0.583	0.384	0.425
5110	0.331	0.583	0.384	0.423
5120	0.331	0.586	0.384	0.424
5130	0.330	0.586	0.384	0.425
5140	0.330	0.586	0.384	0.425
eigenvalues:  tensor([26.5071, 25.0426])
hess item is 0.007531321607530117
5150	0.330	0.583	0.384	0.425
5160	0.330	0.586	0.384	0.425
5170	0.330	0.586	0.384	0.425
5180	0.329	0.588	0.384	0.426
5190	0.329	0.589	0.384	0.426
eigenvalues:  tensor([26.4282, 25.0432])
hess item is 0.007231330499053001
5200	0.329	0.586	0.384	0.425
5210	0.329	0.590	0.384	0.425
5220	0.329	0.589	0.384	0.426
5230	0.328	0.589	0.384	0.426
5240	0.328	0.592	0.384	0.428
eigenvalues:  tensor([26.3688, 25.0280])
hess item is 0.0069452873431146145
5250	0.328	0.591	0.384	0.426
5260	0.328	0.592	0.384	0.427
5270	0.328	0.590	0.384	0.428
5280	0.328	0.592	0.384	0.427
5290	0.327	0.593	0.384	0.426
eigenvalues:  tensor([26.3104, 25.0543])
hess item is 0.006672886200249195
5300	0.327	0.593	0.384	0.426
5310	0.327	0.596	0.384	0.427
5320	0.327	0.594	0.384	0.426
5330	0.326	0.594	0.384	0.427
5340	0.326	0.595	0.384	0.427
eigenvalues:  tensor([26.2557, 25.0879])
hess item is 0.006413732189685106
5350	0.326	0.596	0.384	0.428
5360	0.326	0.596	0.384	0.427
5370	0.326	0.595	0.384	0.428
5380	0.326	0.599	0.384	0.428
5390	0.325	0.599	0.384	0.429
eigenvalues:  tensor([26.2063, 25.1085])
hess item is 0.006167059764266014
5400	0.325	0.599	0.384	0.429
5410	0.325	0.600	0.383	0.430
5420	0.325	0.599	0.384	0.429
5430	0.324	0.601	0.383	0.428
5440	0.324	0.602	0.383	0.430
eigenvalues:  tensor([26.2085, 25.1421])
hess item is 0.00593205913901329
5450	0.324	0.601	0.383	0.430
5460	0.324	0.600	0.384	0.431
5470	0.324	0.601	0.383	0.430
5480	0.324	0.604	0.383	0.430
5490	0.323	0.601	0.383	0.431
eigenvalues:  tensor([26.2380, 25.2288])
hess item is 0.005708370357751846
5500	0.323	0.604	0.383	0.430
5510	0.323	0.600	0.383	0.430
5520	0.323	0.603	0.383	0.430
5530	0.323	0.602	0.383	0.431
5540	0.322	0.605	0.383	0.429
eigenvalues:  tensor([26.2319, 25.2862])
hess item is 0.005495765712112188
5550	0.322	0.603	0.383	0.431
5560	0.322	0.605	0.383	0.431
5570	0.322	0.604	0.383	0.430
5580	0.322	0.605	0.383	0.431
5590	0.322	0.605	0.383	0.431
eigenvalues:  tensor([26.3420, 25.4599])
hess item is 0.005292477551847696
5600	0.321	0.608	0.383	0.430
5610	0.321	0.609	0.383	0.431
5620	0.321	0.606	0.383	0.432
5630	0.321	0.611	0.383	0.432
5640	0.321	0.607	0.383	0.432
eigenvalues:  tensor([26.4463, 25.5848])
hess item is 0.005099318455904722
5650	0.320	0.606	0.383	0.431
5660	0.320	0.609	0.383	0.432
5670	0.320	0.609	0.383	0.432
5680	0.320	0.611	0.383	0.431
5690	0.319	0.609	0.383	0.432
eigenvalues:  tensor([26.5687, 25.7502])
hess item is 0.004916150588542223
5700	0.319	0.610	0.383	0.431
5710	0.319	0.609	0.383	0.432
5720	0.319	0.613	0.383	0.433
5730	0.319	0.609	0.383	0.433
5740	0.319	0.612	0.383	0.432
eigenvalues:  tensor([26.6672, 25.9117])
hess item is 0.004741400480270386
5750	0.318	0.612	0.383	0.432
5760	0.318	0.612	0.383	0.433
5770	0.318	0.613	0.383	0.431
5780	0.318	0.613	0.383	0.432
5790	0.318	0.613	0.383	0.432
eigenvalues:  tensor([26.8200, 26.0986])
hess item is 0.004574393387883902
5800	0.317	0.616	0.383	0.431
5810	0.317	0.617	0.383	0.432
5820	0.317	0.615	0.383	0.431
5830	0.317	0.617	0.383	0.432
5840	0.317	0.616	0.383	0.432
eigenvalues:  tensor([26.9897, 26.3026])
hess item is 0.004415984731167555
5850	0.316	0.615	0.383	0.431
5860	0.316	0.621	0.383	0.432
5870	0.316	0.618	0.383	0.432
5880	0.316	0.621	0.383	0.430
5890	0.315	0.618	0.383	0.432
eigenvalues:  tensor([27.1710, 26.5225])
hess item is 0.0042662653140723705
5900	0.315	0.618	0.383	0.432
5910	0.315	0.619	0.383	0.431
5920	0.315	0.621	0.383	0.431
5930	0.315	0.620	0.383	0.430
5940	0.315	0.621	0.383	0.430
eigenvalues:  tensor([27.3771, 26.7535])
hess item is 0.004123357590287924
5950	0.314	0.621	0.383	0.432
5960	0.314	0.622	0.383	0.434
5970	0.314	0.622	0.383	0.431
5980	0.314	0.622	0.383	0.431
5990	0.314	0.622	0.383	0.431
eigenvalues:  tensor([27.6529, 27.0740])
hess item is 0.003987106494605541
6000	0.313	0.623	0.383	0.431
6010	0.313	0.625	0.383	0.431
6020	0.313	0.622	0.383	0.431
6030	0.313	0.623	0.383	0.432
6040	0.313	0.625	0.383	0.432
eigenvalues:  tensor([27.8353, 27.2964])
hess item is 0.003857019590213895
6050	0.312	0.626	0.383	0.432
6060	0.312	0.627	0.383	0.430
6070	0.312	0.625	0.383	0.430
6080	0.312	0.625	0.383	0.431
6090	0.312	0.627	0.383	0.430
eigenvalues:  tensor([28.1130, 27.5853])
hess item is 0.003733656834810972
6100	0.311	0.627	0.383	0.432
6110	0.311	0.627	0.383	0.431
6120	0.311	0.626	0.383	0.430
6130	0.311	0.630	0.383	0.431
6140	0.310	0.629	0.383	0.430
eigenvalues:  tensor([28.3427, 27.8349])
hess item is 0.0036166536156088114
6150	0.310	0.631	0.383	0.431
6160	0.310	0.629	0.383	0.430
6170	0.310	0.631	0.383	0.431
6180	0.310	0.629	0.383	0.430
6190	0.310	0.630	0.383	0.430
eigenvalues:  tensor([28.5423, 28.0539])
hess item is 0.003505173372104764
6200	0.309	0.632	0.383	0.431
6210	0.309	0.633	0.383	0.430
6220	0.309	0.632	0.383	0.430
6230	0.309	0.632	0.383	0.430
6240	0.309	0.633	0.383	0.429
eigenvalues:  tensor([28.8649, 28.3763])
hess item is 0.0033999155275523663
6250	0.308	0.633	0.383	0.430
6260	0.308	0.633	0.383	0.430
6270	0.308	0.635	0.383	0.430
6280	0.308	0.632	0.383	0.429
6290	0.307	0.636	0.383	0.430
eigenvalues:  tensor([29.1384, 28.6737])
hess item is 0.003299274481832981
6300	0.308	0.636	0.383	0.428
6310	0.307	0.637	0.383	0.430
6320	0.307	0.638	0.383	0.430
6330	0.307	0.637	0.383	0.431
6340	0.307	0.638	0.383	0.430
eigenvalues:  tensor([29.4782, 29.0155])
hess item is 0.0032043689861893654
6350	0.306	0.636	0.383	0.430
6360	0.306	0.638	0.383	0.428
6370	0.306	0.639	0.383	0.429
6380	0.306	0.641	0.383	0.431
6390	0.306	0.640	0.383	0.429
eigenvalues:  tensor([29.7320, 29.2776])
hess item is 0.0031139410566538572
6400	0.305	0.642	0.383	0.431
6410	0.305	0.642	0.383	0.430
6420	0.305	0.643	0.383	0.430
6430	0.305	0.644	0.383	0.430
6440	0.305	0.641	0.383	0.430
eigenvalues:  tensor([30.0576, 29.6173])
hess item is 0.0030279308557510376
6450	0.305	0.642	0.383	0.430
6460	0.304	0.643	0.383	0.430
6470	0.304	0.642	0.383	0.429
6480	0.304	0.646	0.383	0.431
6490	0.304	0.645	0.383	0.429
eigenvalues:  tensor([30.4062, 29.9740])
hess item is 0.0029462657403200865
6500	0.304	0.644	0.383	0.430
6510	0.303	0.647	0.383	0.429
6520	0.303	0.645	0.383	0.429
6530	0.303	0.646	0.383	0.431
6540	0.303	0.646	0.383	0.430
eigenvalues:  tensor([30.7035, 30.2641])
hess item is 0.0028690111357718706
6550	0.303	0.648	0.383	0.431
6560	0.302	0.649	0.383	0.430
6570	0.302	0.646	0.383	0.430
6580	0.302	0.650	0.383	0.430
6590	0.302	0.649	0.383	0.430
eigenvalues:  tensor([30.9724, 30.5444])
hess item is 0.0027948422357439995
6600	0.302	0.650	0.383	0.430
6610	0.302	0.648	0.383	0.430
6620	0.301	0.651	0.383	0.430
6630	0.301	0.650	0.383	0.430
6640	0.301	0.651	0.383	0.430
eigenvalues:  tensor([31.3267, 30.9024])
hess item is 0.0027243124786764383
6650	0.301	0.652	0.383	0.427
6660	0.301	0.650	0.383	0.430
6670	0.300	0.651	0.383	0.431
6680	0.300	0.652	0.383	0.428
6690	0.300	0.653	0.383	0.430
eigenvalues:  tensor([31.6614, 31.2404])
hess item is 0.0026583154685795307
6700	0.300	0.654	0.383	0.430
6710	0.300	0.654	0.383	0.429
6720	0.300	0.654	0.383	0.429
6730	0.299	0.654	0.383	0.429
6740	0.299	0.656	0.383	0.428
eigenvalues:  tensor([31.9933, 31.5853])
hess item is 0.002595376456156373
6750	0.299	0.656	0.383	0.429
6760	0.299	0.656	0.383	0.428
6770	0.298	0.658	0.383	0.430
6780	0.298	0.657	0.383	0.429
6790	0.298	0.657	0.383	0.427
eigenvalues:  tensor([32.4001, 31.9968])
hess item is 0.0025360998697578907
6800	0.298	0.659	0.383	0.428
6810	0.298	0.660	0.383	0.428
6820	0.297	0.659	0.383	0.429
6830	0.297	0.657	0.383	0.429
6840	0.297	0.658	0.383	0.429
eigenvalues:  tensor([32.7654, 32.3574])
hess item is 0.002480745781213045
6850	0.297	0.659	0.383	0.428
6860	0.297	0.662	0.384	0.429
6870	0.297	0.661	0.383	0.429
6880	0.296	0.662	0.383	0.428
6890	0.296	0.661	0.384	0.428
eigenvalues:  tensor([33.1464, 32.7319])
hess item is 0.002427689265459776
6900	0.296	0.663	0.384	0.429
6910	0.296	0.663	0.384	0.427
6920	0.296	0.663	0.384	0.427
6930	0.296	0.664	0.384	0.426
6940	0.295	0.666	0.384	0.427
eigenvalues:  tensor([33.3880, 32.9890])
hess item is 0.0023769179824739695
6950	0.295	0.665	0.384	0.428
6960	0.295	0.667	0.384	0.427
6970	0.295	0.665	0.383	0.428
6980	0.295	0.666	0.384	0.429
6990	0.294	0.667	0.384	0.430
eigenvalues:  tensor([33.7802, 33.3752])
hess item is 0.002329477807506919
7000	0.294	0.666	0.384	0.427
7010	0.294	0.668	0.384	0.426
7020	0.294	0.669	0.384	0.427
7030	0.294	0.669	0.384	0.428
7040	0.294	0.668	0.384	0.427
eigenvalues:  tensor([34.0149, 33.6136])
hess item is 0.002284169662743807
7050	0.293	0.669	0.384	0.428
7060	0.293	0.669	0.384	0.428
7070	0.293	0.670	0.384	0.428
7080	0.293	0.672	0.384	0.429
7090	0.293	0.669	0.384	0.428
eigenvalues:  tensor([34.3702, 33.9674])
hess item is 0.002241042908281088
7100	0.292	0.671	0.384	0.428
7110	0.292	0.672	0.384	0.429
7120	0.292	0.671	0.384	0.428
7130	0.292	0.673	0.384	0.429
7140	0.292	0.674	0.384	0.428
eigenvalues:  tensor([34.6753, 34.2695])
hess item is 0.002200762275606394
7150	0.292	0.676	0.384	0.428
7160	0.291	0.676	0.384	0.429
7170	0.291	0.673	0.384	0.428
7180	0.291	0.673	0.384	0.428
7190	0.291	0.675	0.384	0.428
eigenvalues:  tensor([35.0474, 34.6498])
hess item is 0.002162366406992078
7200	0.291	0.676	0.384	0.428
7210	0.291	0.677	0.384	0.428
7220	0.290	0.678	0.384	0.428
7230	0.290	0.676	0.384	0.427
7240	0.290	0.677	0.384	0.429
eigenvalues:  tensor([35.3970, 34.9980])
hess item is 0.002126885810866952
7250	0.290	0.677	0.384	0.428
7260	0.290	0.677	0.384	0.427
7270	0.289	0.679	0.384	0.427
7280	0.289	0.678	0.384	0.429
7290	0.289	0.679	0.384	0.429
eigenvalues:  tensor([35.6986, 35.2950])
hess item is 0.002093323040753603
7300	0.289	0.680	0.384	0.428
7310	0.289	0.680	0.384	0.426
7320	0.289	0.681	0.384	0.426
7330	0.288	0.681	0.384	0.427
7340	0.288	0.681	0.384	0.428
eigenvalues:  tensor([36.0280, 35.6153])
hess item is 0.0020606692414730787
7350	0.288	0.681	0.384	0.427
7360	0.288	0.681	0.384	0.427
7370	0.288	0.683	0.384	0.428
7380	0.287	0.683	0.384	0.429
7390	0.287	0.683	0.384	0.427
eigenvalues:  tensor([36.3115, 35.9091])
hess item is 0.0020310068503022194
7400	0.287	0.684	0.384	0.428
7410	0.287	0.684	0.384	0.427
7420	0.287	0.684	0.384	0.429
7430	0.287	0.687	0.384	0.428
7440	0.286	0.684	0.384	0.427
eigenvalues:  tensor([36.5724, 36.1602])
hess item is 0.002003417117521167
7450	0.286	0.686	0.384	0.428
7460	0.286	0.685	0.384	0.429
7470	0.286	0.687	0.385	0.428
7480	0.286	0.686	0.385	0.430
7490	0.286	0.687	0.384	0.429
eigenvalues:  tensor([36.8798, 36.4846])
hess item is 0.0019756865222007036
7500	0.285	0.688	0.384	0.428
7510	0.285	0.684	0.385	0.428
7520	0.285	0.688	0.385	0.428
7530	0.285	0.689	0.384	0.429
7540	0.285	0.688	0.385	0.428
eigenvalues:  tensor([37.2957, 36.8990])
hess item is 0.0019508604891598225
7550	0.285	0.688	0.385	0.430
7560	0.284	0.691	0.384	0.428
7570	0.284	0.692	0.385	0.429
7580	0.284	0.690	0.385	0.428
7590	0.284	0.690	0.385	0.427
eigenvalues:  tensor([37.5711, 37.1694])
hess item is 0.0019257093081250787
7600	0.284	0.691	0.385	0.429
7610	0.284	0.692	0.385	0.429
7620	0.283	0.693	0.385	0.429
7630	0.283	0.693	0.385	0.427
7640	0.283	0.693	0.385	0.428
eigenvalues:  tensor([37.8860, 37.4948])
hess item is 0.001903447788208723
7650	0.283	0.693	0.385	0.430
7660	0.283	0.694	0.385	0.429
7670	0.283	0.694	0.385	0.429
7680	0.282	0.697	0.385	0.429
7690	0.282	0.695	0.385	0.429
eigenvalues:  tensor([38.2401, 37.8458])
hess item is 0.0018816152587532997
7700	0.282	0.695	0.385	0.430
7710	0.282	0.694	0.385	0.429
7720	0.282	0.694	0.385	0.430
7730	0.282	0.696	0.385	0.429
7740	0.282	0.695	0.385	0.430
eigenvalues:  tensor([38.5624, 38.1629])
hess item is 0.0018609726103022695
7750	0.281	0.698	0.385	0.428
7760	0.281	0.695	0.385	0.431
7770	0.281	0.694	0.385	0.429
7780	0.281	0.698	0.385	0.430
7790	0.281	0.700	0.385	0.429
eigenvalues:  tensor([38.8342, 38.4367])
hess item is 0.001841593300923705
7800	0.281	0.697	0.385	0.429
7810	0.280	0.697	0.385	0.429
7820	0.280	0.698	0.385	0.431
7830	0.280	0.699	0.385	0.428
7840	0.280	0.699	0.385	0.429
eigenvalues:  tensor([39.0262, 38.6366])
hess item is 0.001823314931243658
7850	0.280	0.701	0.385	0.429
7860	0.280	0.700	0.385	0.429
7870	0.280	0.698	0.385	0.430
7880	0.279	0.699	0.385	0.429
7890	0.279	0.702	0.385	0.428
eigenvalues:  tensor([39.3421, 38.9484])
hess item is 0.0018082797760143876
7900	0.279	0.700	0.385	0.428
7910	0.279	0.700	0.385	0.429
7920	0.279	0.700	0.385	0.429
7930	0.279	0.702	0.385	0.428
7940	0.278	0.703	0.385	0.428
eigenvalues:  tensor([39.6669, 39.2796])
hess item is 0.001792348106391728
7950	0.278	0.702	0.385	0.428
7960	0.278	0.703	0.385	0.428
7970	0.278	0.701	0.385	0.427
7980	0.278	0.703	0.385	0.427
7990	0.278	0.702	0.385	0.428
eigenvalues:  tensor([39.8994, 39.5139])
hess item is 0.0017775961896404624
8000	0.278	0.705	0.385	0.429
8010	0.278	0.703	0.385	0.430
8020	0.277	0.705	0.385	0.428
8030	0.277	0.704	0.385	0.429
8040	0.277	0.705	0.385	0.429
eigenvalues:  tensor([40.0748, 39.6963])
hess item is 0.0017652868991717696
8050	0.277	0.706	0.385	0.429
8060	0.277	0.706	0.385	0.428
8070	0.276	0.706	0.385	0.428
8080	0.276	0.706	0.385	0.427
8090	0.276	0.707	0.385	0.429
eigenvalues:  tensor([40.3661, 39.9936])
hess item is 0.0017529743490740657
8100	0.276	0.707	0.385	0.428
8110	0.276	0.708	0.385	0.428
8120	0.276	0.706	0.386	0.429
8130	0.275	0.707	0.386	0.428
8140	0.275	0.708	0.386	0.428
eigenvalues:  tensor([40.6065, 40.2305])
hess item is 0.0017422644887119532
8150	0.275	0.707	0.386	0.428
8160	0.275	0.708	0.386	0.428
8170	0.275	0.707	0.386	0.428
8180	0.275	0.707	0.386	0.429
8190	0.275	0.709	0.386	0.428
eigenvalues:  tensor([40.9147, 40.5441])
hess item is 0.0017312653362751007
8200	0.274	0.709	0.386	0.429
8210	0.274	0.709	0.386	0.429
8220	0.274	0.711	0.386	0.429
8230	0.274	0.710	0.386	0.429
8240	0.274	0.711	0.386	0.430
eigenvalues:  tensor([41.1631, 40.7935])
hess item is 0.0017216664273291826
8250	0.274	0.710	0.386	0.428
8260	0.274	0.710	0.386	0.428
8270	0.274	0.711	0.386	0.429
8280	0.273	0.710	0.386	0.428
8290	0.273	0.711	0.386	0.428
eigenvalues:  tensor([41.4025, 41.0365])
hess item is 0.001712377998046577
8300	0.273	0.714	0.386	0.428
8310	0.273	0.712	0.386	0.429
8320	0.273	0.713	0.386	0.427
8330	0.273	0.712	0.386	0.429
8340	0.272	0.713	0.386	0.428
eigenvalues:  tensor([41.6056, 41.2365])
hess item is 0.0017035832861438394
8350	0.272	0.714	0.386	0.428
8360	0.272	0.712	0.386	0.427
8370	0.272	0.714	0.386	0.427
8380	0.272	0.714	0.386	0.427
8390	0.272	0.715	0.386	0.428
eigenvalues:  tensor([41.7627, 41.3921])
hess item is 0.0016958113992586732
8400	0.272	0.716	0.386	0.428
8410	0.271	0.715	0.386	0.427
8420	0.271	0.715	0.386	0.429
8430	0.271	0.716	0.386	0.427
8440	0.271	0.715	0.386	0.428
eigenvalues:  tensor([42.0719, 41.7169])
hess item is 0.001690429518930614
8450	0.271	0.715	0.386	0.428
8460	0.271	0.715	0.386	0.428
8470	0.271	0.717	0.386	0.428
8480	0.270	0.718	0.386	0.427
8490	0.271	0.716	0.386	0.428
eigenvalues:  tensor([42.2707, 41.9113])
hess item is 0.0016840632306411862
8500	0.270	0.718	0.386	0.427
8510	0.270	0.717	0.386	0.427
8520	0.270	0.717	0.386	0.428
8530	0.270	0.716	0.386	0.427
8540	0.270	0.717	0.386	0.429
eigenvalues:  tensor([42.3331, 41.9850])
hess item is 0.0016776731936261058
8550	0.269	0.718	0.386	0.428
8560	0.269	0.717	0.386	0.428
8570	0.269	0.720	0.386	0.427
8580	0.269	0.719	0.386	0.428
8590	0.269	0.720	0.386	0.427
eigenvalues:  tensor([42.7184, 42.3637])
hess item is 0.0016733797965571284
8600	0.269	0.718	0.386	0.427
8610	0.269	0.719	0.386	0.426
8620	0.269	0.720	0.386	0.426
8630	0.268	0.719	0.386	0.426
8640	0.268	0.720	0.386	0.426
eigenvalues:  tensor([42.9859, 42.6383])
hess item is 0.001667424920015037
8650	0.268	0.719	0.386	0.427
8660	0.268	0.720	0.386	0.426
8670	0.268	0.722	0.386	0.426
8680	0.268	0.721	0.386	0.427
8690	0.268	0.722	0.386	0.427
eigenvalues:  tensor([43.1425, 42.7930])
hess item is 0.0016641169786453247
8700	0.268	0.722	0.386	0.427
8710	0.268	0.721	0.386	0.427
8720	0.267	0.722	0.386	0.426
8730	0.267	0.721	0.386	0.427
8740	0.267	0.723	0.386	0.427
eigenvalues:  tensor([43.3187, 42.9725])
hess item is 0.0016600788803771138
8750	0.267	0.722	0.386	0.426
8760	0.267	0.722	0.386	0.426
8770	0.267	0.723	0.386	0.426
8780	0.267	0.722	0.386	0.426
8790	0.267	0.721	0.386	0.426
eigenvalues:  tensor([43.4849, 43.1447])
hess item is 0.0016559103969484568
8800	0.266	0.724	0.386	0.426
8810	0.266	0.723	0.386	0.427
8820	0.266	0.724	0.386	0.426
8830	0.266	0.724	0.386	0.427
8840	0.266	0.722	0.386	0.426
eigenvalues:  tensor([43.8039, 43.4658])
hess item is 0.0016528826672583818
8850	0.266	0.723	0.386	0.426
8860	0.266	0.723	0.386	0.426
8870	0.265	0.724	0.386	0.425
8880	0.265	0.725	0.386	0.426
8890	0.265	0.726	0.386	0.426
eigenvalues:  tensor([43.9319, 43.5988])
hess item is 0.0016510869609192014
8900	0.265	0.726	0.387	0.426
8910	0.265	0.724	0.387	0.425
8920	0.265	0.726	0.386	0.427
8930	0.265	0.727	0.387	0.426
8940	0.264	0.727	0.386	0.427
eigenvalues:  tensor([44.1248, 43.7910])
hess item is 0.0016496008029207587
8950	0.265	0.727	0.387	0.426
8960	0.264	0.727	0.387	0.427
8970	0.264	0.726	0.387	0.425
8980	0.264	0.728	0.386	0.426
8990	0.264	0.727	0.387	0.426
eigenvalues:  tensor([44.2521, 43.9275])
hess item is 0.0016468559624627233
9000	0.264	0.729	0.386	0.427
9010	0.264	0.729	0.386	0.426
9020	0.264	0.728	0.387	0.425
9030	0.263	0.729	0.386	0.428
9040	0.263	0.729	0.387	0.427
eigenvalues:  tensor([44.4907, 44.1648])
hess item is 0.0016444787615910172
9050	0.263	0.729	0.387	0.426
9060	0.263	0.730	0.387	0.427
9070	0.263	0.730	0.387	0.425
9080	0.263	0.730	0.387	0.425
9090	0.263	0.729	0.386	0.428
eigenvalues:  tensor([44.5809, 44.2589])
hess item is 0.0016435449942946434
9100	0.263	0.732	0.387	0.427
9110	0.263	0.731	0.387	0.428
9120	0.262	0.730	0.387	0.427
9130	0.262	0.732	0.387	0.426
9140	0.262	0.732	0.387	0.428
eigenvalues:  tensor([44.6796, 44.3623])
hess item is 0.00164287188090384
9150	0.262	0.733	0.386	0.425
9160	0.262	0.732	0.387	0.426
9170	0.262	0.732	0.387	0.427
9180	0.262	0.732	0.387	0.426
9190	0.261	0.732	0.387	0.426
eigenvalues:  tensor([45.0707, 44.7536])
hess item is 0.0016407843213528395
9200	0.261	0.733	0.387	0.427
9210	0.261	0.735	0.387	0.426
9220	0.261	0.734	0.387	0.426
9230	0.261	0.733	0.387	0.425
9240	0.261	0.734	0.387	0.426
eigenvalues:  tensor([45.1369, 44.8241])
hess item is 0.0016399049200117588
9250	0.261	0.734	0.387	0.426
9260	0.261	0.733	0.387	0.426
9270	0.261	0.734	0.387	0.426
9280	0.260	0.734	0.387	0.426
9290	0.260	0.733	0.387	0.428
eigenvalues:  tensor([45.2864, 44.9814])
hess item is 0.0016396952560171485
9300	0.260	0.734	0.387	0.426
9310	0.260	0.735	0.387	0.427
9320	0.260	0.735	0.387	0.427
9330	0.260	0.734	0.387	0.425
9340	0.260	0.735	0.387	0.426
eigenvalues:  tensor([45.4800, 45.1716])
hess item is 0.001639967318624258
9350	0.260	0.735	0.387	0.426
9360	0.260	0.735	0.387	0.426
9370	0.259	0.736	0.387	0.426
9380	0.259	0.736	0.387	0.426
9390	0.259	0.736	0.387	0.425
eigenvalues:  tensor([45.6247, 45.3218])
hess item is 0.0016398036386817694
9400	0.259	0.736	0.387	0.424
9410	0.259	0.737	0.387	0.426
9420	0.259	0.736	0.387	0.427
9430	0.259	0.737	0.387	0.426
9440	0.259	0.737	0.387	0.426
eigenvalues:  tensor([45.8894, 45.5883])
hess item is 0.001640745671465993
9450	0.259	0.737	0.387	0.426
9460	0.258	0.737	0.387	0.426
9470	0.258	0.737	0.387	0.424
9480	0.258	0.736	0.387	0.426
9490	0.258	0.738	0.387	0.426
eigenvalues:  tensor([46.0089, 45.7111])
hess item is 0.0016411928227171302
9500	0.258	0.739	0.387	0.426
9510	0.258	0.739	0.387	0.426
9520	0.258	0.738	0.387	0.425
9530	0.258	0.737	0.387	0.427
9540	0.258	0.738	0.387	0.425
eigenvalues:  tensor([46.1431, 45.8415])
hess item is 0.0016417303122580051
9550	0.257	0.739	0.387	0.426
9560	0.257	0.738	0.387	0.424
9570	0.257	0.738	0.387	0.426
9580	0.257	0.740	0.387	0.425
9590	0.257	0.739	0.387	0.425
eigenvalues:  tensor([46.2705, 45.9795])
hess item is 0.001643244526349008
9600	0.257	0.739	0.387	0.426
9610	0.257	0.739	0.387	0.426
9620	0.257	0.739	0.387	0.424
9630	0.256	0.742	0.387	0.426
9640	0.256	0.741	0.387	0.426
eigenvalues:  tensor([46.3853, 46.0944])
hess item is 0.001644290634430945
9650	0.256	0.741	0.387	0.426
9660	0.256	0.741	0.387	0.427
9670	0.256	0.742	0.387	0.426
9680	0.256	0.743	0.387	0.426
9690	0.256	0.743	0.387	0.425
eigenvalues:  tensor([46.5343, 46.2510])
hess item is 0.0016461281338706613
9700	0.256	0.742	0.387	0.426
9710	0.256	0.742	0.387	0.426
9720	0.256	0.742	0.387	0.424
9730	0.255	0.744	0.387	0.428
9740	0.255	0.743	0.387	0.426
eigenvalues:  tensor([46.6648, 46.3799])
hess item is 0.0016467405948787928
9750	0.255	0.744	0.387	0.426
9760	0.255	0.743	0.387	0.428
9770	0.255	0.743	0.387	0.427
9780	0.255	0.743	0.387	0.427
9790	0.255	0.743	0.387	0.427
eigenvalues:  tensor([46.8554, 46.5733])
hess item is 0.0016487650573253632
9800	0.255	0.743	0.387	0.427
9810	0.254	0.745	0.387	0.426
9820	0.254	0.745	0.387	0.428
9830	0.254	0.745	0.387	0.428
9840	0.254	0.744	0.387	0.427
eigenvalues:  tensor([46.9241, 46.6469])
hess item is 0.0016511405119672418
9850	0.254	0.745	0.387	0.427
9860	0.254	0.746	0.387	0.428
9870	0.254	0.744	0.387	0.428
9880	0.254	0.745	0.387	0.428
9890	0.254	0.747	0.387	0.428
eigenvalues:  tensor([47.1009, 46.8283])
hess item is 0.0016522386576980352
9900	0.254	0.746	0.387	0.428
9910	0.253	0.746	0.387	0.428
9920	0.253	0.747	0.387	0.426
9930	0.253	0.747	0.387	0.426
9940	0.253	0.747	0.387	0.427
eigenvalues:  tensor([47.2578, 46.9796])
hess item is 0.0016548687126487494
9950	0.253	0.746	0.387	0.427
9960	0.253	0.746	0.387	0.429
9970	0.253	0.748	0.387	0.428
9980	0.253	0.746	0.387	0.428
9990	0.253	0.748	0.387	0.427
