device: cuda:3
output directory: RESULTS/cifar10-10k/fc-tanh/seed_0/mse/ivon/lr_0.0005_h0_0.1_post_1_alpha_100.0_beta2_0.995_beta_0.0_ess_1000000.0_ivon
Files already downloaded and verified
Files already downloaded and verified
optimizer is IVON
0	0.597	0.131	0.597	0.131
10	0.514	0.187	0.515	0.186
20	0.493	0.220	0.495	0.213
30	0.479	0.238	0.482	0.226
40	0.469	0.251	0.473	0.241
eigenvalues:  tensor([74.8702, 61.3380])
hess item is 0.07924816012382507
50	0.461	0.260	0.465	0.248
60	0.454	0.273	0.458	0.258
70	0.447	0.290	0.453	0.268
80	0.443	0.294	0.448	0.274
90	0.438	0.302	0.444	0.281
eigenvalues:  tensor([69.9611, 58.1761])
hess item is 0.06290609389543533
100	0.433	0.312	0.439	0.292
110	0.429	0.322	0.435	0.296
120	0.426	0.324	0.433	0.299
130	0.423	0.332	0.431	0.308
140	0.420	0.342	0.428	0.314
eigenvalues:  tensor([65.6330, 54.7809])
hess item is 0.05006859451532364
150	0.418	0.341	0.425	0.318
160	0.415	0.351	0.423	0.318
170	0.413	0.351	0.422	0.324
180	0.410	0.358	0.419	0.330
190	0.410	0.355	0.420	0.324
eigenvalues:  tensor([59.1163, 51.1469])
hess item is 0.04015834629535675
200	0.407	0.367	0.417	0.333
210	0.406	0.367	0.416	0.335
220	0.404	0.372	0.415	0.336
230	0.404	0.381	0.414	0.352
240	0.401	0.381	0.412	0.342
eigenvalues:  tensor([51.9509, 46.5276])
hess item is 0.032545026391744614
250	0.402	0.376	0.414	0.337
260	0.399	0.384	0.411	0.346
270	0.405	0.374	0.417	0.333
280	0.398	0.391	0.411	0.360
290	0.397	0.397	0.409	0.358
eigenvalues:  tensor([44.8047, 41.5679])
hess item is 0.026607591658830643
300	0.396	0.395	0.409	0.358
310	0.396	0.396	0.410	0.357
320	0.394	0.404	0.408	0.360
330	0.398	0.394	0.411	0.348
340	0.395	0.395	0.410	0.359
eigenvalues:  tensor([38.4160, 37.0933])
hess item is 0.0220358744263649
350	0.393	0.414	0.408	0.365
360	0.392	0.411	0.407	0.367
370	0.391	0.408	0.406	0.370
380	0.390	0.418	0.405	0.371
390	0.392	0.413	0.408	0.361
eigenvalues:  tensor([34.3903, 34.0379])
hess item is 0.01827528141438961
400	0.403	0.396	0.418	0.350
410	0.398	0.397	0.414	0.352
420	0.396	0.407	0.413	0.358
430	0.386	0.424	0.403	0.372
440	0.386	0.424	0.404	0.371
eigenvalues:  tensor([32.0522, 30.8043])
hess item is 0.01542443223297596
450	0.390	0.428	0.407	0.377
460	0.389	0.424	0.406	0.372
470	0.388	0.426	0.405	0.371
480	0.390	0.423	0.407	0.371
490	0.389	0.421	0.406	0.365
eigenvalues:  tensor([32.7140, 31.8516])
hess item is 0.0132291866466403
500	0.399	0.407	0.416	0.360
510	0.393	0.408	0.411	0.357
520	0.388	0.426	0.405	0.371
530	0.391	0.421	0.409	0.373
540	0.396	0.394	0.414	0.345
eigenvalues:  tensor([32.7962, 31.9165])
hess item is 0.011575913056731224
550	0.393	0.412	0.411	0.359
560	0.383	0.425	0.402	0.368
570	0.385	0.424	0.404	0.373
580	0.394	0.406	0.412	0.362
590	0.391	0.419	0.409	0.372
eigenvalues:  tensor([33.0889, 32.1572])
hess item is 0.010130580514669418
600	0.398	0.410	0.416	0.366
610	0.388	0.419	0.407	0.372
620	0.387	0.430	0.405	0.381
630	0.394	0.409	0.412	0.370
640	0.381	0.437	0.399	0.384
eigenvalues:  tensor([32.1263, 31.8341])
hess item is 0.008908958174288273
650	0.392	0.398	0.411	0.355
660	0.383	0.421	0.403	0.370
670	0.384	0.419	0.403	0.376
680	0.385	0.429	0.404	0.376
690	0.388	0.424	0.407	0.370
eigenvalues:  tensor([35.0531, 34.5230])
hess item is 0.007828022353351116
700	0.382	0.433	0.401	0.379
710	0.384	0.419	0.405	0.370
720	0.387	0.430	0.407	0.372
730	0.386	0.425	0.406	0.374
740	0.384	0.420	0.404	0.370
eigenvalues:  tensor([34.6161, 34.0847])
hess item is 0.007076093927025795
750	0.383	0.427	0.403	0.372
760	0.387	0.419	0.408	0.372
770	0.388	0.421	0.408	0.367
780	0.383	0.427	0.403	0.378
790	0.383	0.432	0.404	0.374
eigenvalues:  tensor([37.5879, 36.6902])
hess item is 0.006451959256082773
800	0.385	0.423	0.404	0.366
810	0.386	0.415	0.406	0.366
820	0.384	0.432	0.403	0.372
830	0.388	0.423	0.409	0.372
840	0.384	0.417	0.405	0.365
eigenvalues:  tensor([36.0101, 35.3749])
hess item is 0.00595758855342865
850	0.382	0.430	0.402	0.376
860	0.379	0.434	0.399	0.380
870	0.381	0.427	0.402	0.373
880	0.380	0.432	0.400	0.379
890	0.381	0.431	0.402	0.373
eigenvalues:  tensor([37.0089, 36.4002])
hess item is 0.0054101538844406605
900	0.379	0.443	0.400	0.384
910	0.385	0.419	0.406	0.366
920	0.378	0.433	0.399	0.376
930	0.377	0.447	0.399	0.384
940	0.382	0.427	0.405	0.368
eigenvalues:  tensor([38.6372, 37.8156])
hess item is 0.0050376844592392445
950	0.387	0.428	0.408	0.375
960	0.380	0.437	0.401	0.386
970	0.383	0.429	0.404	0.377
980	0.391	0.425	0.412	0.370
990	0.384	0.436	0.406	0.383
eigenvalues:  tensor([38.6640, 38.1714])
hess item is 0.004807187244296074
1000	0.380	0.431	0.402	0.378
1010	0.386	0.423	0.408	0.377
1020	0.385	0.431	0.407	0.377
1030	0.385	0.426	0.406	0.378
1040	0.379	0.434	0.402	0.386
eigenvalues:  tensor([40.8481, 39.9669])
hess item is 0.0045912787318229675
1050	0.384	0.422	0.406	0.374
1060	0.377	0.445	0.399	0.389
1070	0.383	0.433	0.405	0.382
1080	0.382	0.431	0.404	0.380
1090	0.383	0.427	0.405	0.373
eigenvalues:  tensor([42.4313, 41.8000])
hess item is 0.004294488579034805
1100	0.386	0.430	0.409	0.376
1110	0.383	0.432	0.405	0.378
1120	0.383	0.430	0.406	0.380
1130	0.390	0.423	0.412	0.370
1140	0.387	0.413	0.410	0.365
eigenvalues:  tensor([42.3079, 41.3410])
hess item is 0.004174620378762484
1150	0.380	0.433	0.402	0.376
1160	0.384	0.420	0.407	0.368
1170	0.382	0.423	0.404	0.379
1180	0.384	0.422	0.405	0.373
1190	0.384	0.423	0.405	0.379
eigenvalues:  tensor([43.9680, 43.2587])
hess item is 0.004167563281953335
1200	0.388	0.424	0.410	0.379
1210	0.380	0.430	0.403	0.378
1220	0.385	0.425	0.408	0.377
1230	0.381	0.430	0.404	0.379
1240	0.378	0.437	0.402	0.386
eigenvalues:  tensor([44.0849, 43.0406])
hess item is 0.004005275201052427
1250	0.380	0.439	0.403	0.386
1260	0.385	0.428	0.407	0.378
1270	0.384	0.434	0.406	0.379
1280	0.385	0.419	0.407	0.368
1290	0.379	0.439	0.401	0.386
eigenvalues:  tensor([45.6721, 44.5542])
hess item is 0.003923622891306877
1300	0.384	0.431	0.407	0.377
1310	0.385	0.419	0.407	0.375
1320	0.383	0.428	0.405	0.382
1330	0.378	0.433	0.401	0.384
1340	0.388	0.414	0.411	0.371
eigenvalues:  tensor([44.5539, 43.4440])
hess item is 0.003874607151374221
1350	0.380	0.428	0.403	0.380
1360	0.382	0.433	0.404	0.388
1370	0.381	0.426	0.405	0.380
1380	0.382	0.425	0.406	0.377
1390	0.379	0.430	0.403	0.381
eigenvalues:  tensor([46.3239, 45.5372])
hess item is 0.003746733767911792
1400	0.388	0.416	0.410	0.372
1410	0.384	0.419	0.407	0.374
1420	0.381	0.425	0.404	0.376
1430	0.378	0.426	0.402	0.382
1440	0.378	0.434	0.401	0.386
eigenvalues:  tensor([46.5205, 45.7776])
hess item is 0.0037759775295853615
1450	0.383	0.417	0.406	0.376
1460	0.386	0.421	0.408	0.376
1470	0.384	0.424	0.407	0.373
1480	0.384	0.422	0.408	0.376
1490	0.379	0.430	0.402	0.379
eigenvalues:  tensor([46.0405, 45.5303])
hess item is 0.003666514065116644
1500	0.384	0.417	0.406	0.371
1510	0.386	0.427	0.408	0.375
1520	0.381	0.421	0.404	0.374
1530	0.381	0.431	0.403	0.380
1540	0.378	0.429	0.401	0.382
eigenvalues:  tensor([45.2724, 44.7857])
hess item is 0.003657417604699731
1550	0.382	0.423	0.405	0.376
1560	0.387	0.418	0.409	0.374
1570	0.383	0.419	0.405	0.377
1580	0.384	0.420	0.406	0.375
1590	0.382	0.423	0.404	0.375
eigenvalues:  tensor([46.4709, 45.6720])
hess item is 0.0036861130502074957
1600	0.384	0.415	0.406	0.370
1610	0.381	0.420	0.404	0.376
1620	0.383	0.417	0.406	0.375
1630	0.378	0.428	0.401	0.384
1640	0.379	0.425	0.402	0.379
eigenvalues:  tensor([47.1559, 46.1780])
hess item is 0.0036392861511558294
1650	0.380	0.431	0.404	0.379
1660	0.380	0.430	0.404	0.378
1670	0.380	0.427	0.403	0.379
1680	0.383	0.421	0.406	0.377
1690	0.387	0.410	0.410	0.367
eigenvalues:  tensor([47.5590, 46.8179])
hess item is 0.0035970581229776144
1700	0.380	0.423	0.403	0.377
1710	0.383	0.421	0.406	0.376
1720	0.381	0.421	0.404	0.376
1730	0.384	0.422	0.407	0.374
1740	0.384	0.419	0.407	0.371
eigenvalues:  tensor([47.6362, 47.0373])
hess item is 0.0035477709025144577
1750	0.377	0.429	0.400	0.379
1760	0.382	0.426	0.406	0.383
1770	0.386	0.417	0.408	0.372
1780	0.385	0.420	0.408	0.376
1790	0.383	0.423	0.406	0.376
eigenvalues:  tensor([48.3305, 47.6287])
hess item is 0.003660026239231229
1800	0.380	0.427	0.403	0.379
1810	0.381	0.425	0.404	0.377
1820	0.387	0.415	0.410	0.372
1830	0.378	0.425	0.401	0.381
1840	0.381	0.422	0.405	0.378
eigenvalues:  tensor([49.8778, 49.2834])
hess item is 0.00370466778986156
1850	0.385	0.414	0.407	0.371
1860	0.383	0.415	0.406	0.373
1870	0.380	0.423	0.403	0.375
1880	0.382	0.422	0.406	0.372
1890	0.385	0.417	0.408	0.373
eigenvalues:  tensor([51.1970, 50.5051])
hess item is 0.003733900608494878
1900	0.388	0.410	0.410	0.367
1910	0.382	0.416	0.405	0.372
1920	0.382	0.417	0.405	0.376
1930	0.380	0.420	0.403	0.373
1940	0.379	0.424	0.401	0.377
eigenvalues:  tensor([50.3476, 49.8231])
hess item is 0.0036819372326135635
1950	0.381	0.418	0.404	0.378
1960	0.380	0.422	0.403	0.383
1970	0.385	0.414	0.408	0.374
1980	0.379	0.421	0.403	0.380
1990	0.383	0.417	0.406	0.375
eigenvalues:  tensor([51.1719, 50.5917])
hess item is 0.0037517889868468046
2000	0.379	0.423	0.402	0.379
2010	0.384	0.412	0.406	0.368
2020	0.379	0.423	0.402	0.380
2030	0.381	0.423	0.405	0.380
2040	0.379	0.422	0.403	0.382
eigenvalues:  tensor([50.9058, 50.4424])
hess item is 0.003714690450578928
2050	0.382	0.423	0.406	0.374
2060	0.379	0.426	0.402	0.377
2070	0.383	0.418	0.406	0.370
2080	0.377	0.429	0.400	0.381
2090	0.379	0.425	0.402	0.378
eigenvalues:  tensor([53.0009, 52.4276])
hess item is 0.0037472203839570284
2100	0.385	0.410	0.408	0.369
2110	0.378	0.424	0.401	0.377
2120	0.379	0.422	0.403	0.374
2130	0.379	0.426	0.402	0.375
2140	0.380	0.421	0.404	0.374
eigenvalues:  tensor([53.3547, 52.7523])
hess item is 0.0037788362242281437
2150	0.383	0.416	0.406	0.372
2160	0.382	0.418	0.406	0.369
2170	0.379	0.422	0.403	0.375
2180	0.381	0.419	0.406	0.376
2190	0.378	0.422	0.402	0.375
eigenvalues:  tensor([53.6948, 53.2418])
hess item is 0.0037574851885437965
2200	0.380	0.418	0.403	0.372
2210	0.384	0.415	0.407	0.372
2220	0.378	0.428	0.401	0.374
2230	0.379	0.421	0.402	0.379
2240	0.381	0.420	0.404	0.376
eigenvalues:  tensor([51.9617, 51.7495])
hess item is 0.0038904419634491205
2250	0.379	0.424	0.402	0.376
2260	0.385	0.416	0.409	0.370
2270	0.383	0.413	0.406	0.371
2280	0.385	0.408	0.408	0.368
2290	0.381	0.418	0.405	0.377
eigenvalues:  tensor([54.0875, 53.8849])
hess item is 0.0038453962188214064
2300	0.388	0.407	0.412	0.366
2310	0.380	0.418	0.405	0.371
2320	0.382	0.416	0.405	0.370
2330	0.382	0.417	0.405	0.380
2340	0.377	0.425	0.400	0.380
eigenvalues:  tensor([52.0080, 51.6820])
hess item is 0.0038975230418145657
2350	0.382	0.417	0.405	0.374
2360	0.380	0.422	0.403	0.384
2370	0.383	0.413	0.405	0.374
2380	0.381	0.421	0.404	0.372
2390	0.382	0.420	0.405	0.372
eigenvalues:  tensor([52.7276, 52.2177])
hess item is 0.003941681236028671
2400	0.377	0.423	0.400	0.382
2410	0.381	0.416	0.404	0.373
2420	0.378	0.420	0.401	0.376
2430	0.381	0.413	0.405	0.370
2440	0.380	0.413	0.403	0.373
eigenvalues:  tensor([54.7710, 54.1476])
hess item is 0.0038548707962036133
2450	0.381	0.412	0.405	0.371
2460	0.382	0.415	0.405	0.369
2470	0.378	0.420	0.401	0.372
2480	0.377	0.425	0.401	0.373
2490	0.379	0.414	0.402	0.371
eigenvalues:  tensor([54.9454, 54.4330])
hess item is 0.003833042224869132
2500	0.378	0.417	0.401	0.377
2510	0.379	0.414	0.402	0.374
2520	0.380	0.417	0.404	0.367
2530	0.379	0.420	0.402	0.372
2540	0.382	0.414	0.403	0.372
eigenvalues:  tensor([54.2280, 53.8078])
hess item is 0.003869267413392663
2550	0.380	0.412	0.401	0.375
2560	0.379	0.417	0.400	0.382
2570	0.381	0.409	0.403	0.369
2580	0.382	0.412	0.404	0.374
2590	0.379	0.417	0.401	0.375
eigenvalues:  tensor([54.3830, 53.7550])
hess item is 0.003930822480469942
2600	0.383	0.406	0.404	0.366
2610	0.381	0.414	0.402	0.372
2620	0.381	0.413	0.402	0.373
2630	0.377	0.419	0.400	0.373
2640	0.378	0.418	0.400	0.374
eigenvalues:  tensor([55.6087, 55.2693])
hess item is 0.0038514744956046343
2650	0.379	0.416	0.401	0.371
2660	0.379	0.416	0.400	0.374
2670	0.385	0.406	0.406	0.368
2680	0.383	0.412	0.404	0.368
2690	0.383	0.409	0.405	0.369
eigenvalues:  tensor([54.4886, 53.3958])
hess item is 0.003812963841482997
2700	0.383	0.408	0.404	0.373
2710	0.381	0.406	0.402	0.369
2720	0.383	0.399	0.403	0.369
2730	0.380	0.408	0.400	0.371
2740	0.385	0.398	0.405	0.365
eigenvalues:  tensor([53.9648, 53.4237])
hess item is 0.0037435635458678007
2750	0.380	0.411	0.399	0.375
2760	0.381	0.412	0.400	0.373
2770	0.381	0.411	0.400	0.370
2780	0.379	0.410	0.399	0.376
2790	0.380	0.409	0.402	0.367
eigenvalues:  tensor([54.1897, 53.7494])
hess item is 0.0038079023361206055
2800	0.378	0.421	0.397	0.378
2810	0.379	0.416	0.399	0.374
2820	0.381	0.416	0.401	0.370
2830	0.377	0.424	0.397	0.379
2840	0.380	0.413	0.401	0.373
eigenvalues:  tensor([54.8599, 54.3034])
hess item is 0.003653787774965167
2850	0.383	0.405	0.403	0.367
2860	0.383	0.404	0.401	0.369
2870	0.380	0.409	0.399	0.368
2880	0.381	0.406	0.400	0.362
2890	0.383	0.405	0.402	0.369
eigenvalues:  tensor([55.2348, 54.5385])
hess item is 0.003673314116895199
2900	0.382	0.406	0.401	0.364
2910	0.383	0.401	0.402	0.366
2920	0.379	0.413	0.397	0.373
2930	0.387	0.393	0.405	0.359
2940	0.380	0.413	0.398	0.367
eigenvalues:  tensor([55.8043, 54.8342])
hess item is 0.003755573881790042
2950	0.382	0.406	0.400	0.363
2960	0.381	0.409	0.399	0.367
2970	0.382	0.407	0.400	0.366
2980	0.383	0.407	0.399	0.373
2990	0.384	0.398	0.402	0.361
eigenvalues:  tensor([56.2204, 55.6600])
hess item is 0.003794202348217368
3000	0.384	0.400	0.401	0.364
3010	0.383	0.399	0.401	0.362
3020	0.383	0.397	0.401	0.369
3030	0.385	0.400	0.403	0.367
3040	0.384	0.401	0.400	0.372
eigenvalues:  tensor([55.0794, 54.6785])
hess item is 0.0038468604907393456
3050	0.385	0.401	0.401	0.365
3060	0.383	0.407	0.399	0.372
3070	0.382	0.410	0.400	0.368
3080	0.382	0.406	0.400	0.367
3090	0.383	0.405	0.400	0.364
eigenvalues:  tensor([52.8452, 52.6289])
hess item is 0.0038280528970062733
3100	0.384	0.399	0.400	0.368
3110	0.385	0.398	0.400	0.369
3120	0.382	0.403	0.399	0.367
3130	0.384	0.402	0.400	0.367
3140	0.382	0.405	0.398	0.367
eigenvalues:  tensor([52.8383, 52.5699])
hess item is 0.003810424357652664
3150	0.387	0.394	0.403	0.359
3160	0.384	0.402	0.400	0.367
3170	0.385	0.394	0.400	0.362
3180	0.385	0.399	0.401	0.365
3190	0.387	0.394	0.403	0.363
eigenvalues:  tensor([51.4228, 51.1782])
hess item is 0.003835356095805764
3200	0.389	0.388	0.405	0.358
3210	0.385	0.393	0.401	0.358
3220	0.386	0.397	0.401	0.364
3230	0.384	0.394	0.399	0.367
3240	0.385	0.406	0.400	0.367
eigenvalues:  tensor([51.1817, 50.8160])
hess item is 0.003792510600760579
3250	0.385	0.403	0.401	0.366
3260	0.385	0.396	0.400	0.363
3270	0.387	0.399	0.402	0.361
3280	0.385	0.396	0.399	0.368
3290	0.385	0.400	0.398	0.366
eigenvalues:  tensor([50.5263, 50.0344])
hess item is 0.003843464655801654
3300	0.387	0.392	0.402	0.360
3310	0.385	0.391	0.399	0.363
3320	0.388	0.388	0.401	0.361
3330	0.385	0.391	0.399	0.360
3340	0.387	0.388	0.402	0.357
eigenvalues:  tensor([50.1033, 49.5951])
hess item is 0.0037726876325905323
3350	0.385	0.393	0.401	0.360
3360	0.384	0.399	0.399	0.363
3370	0.385	0.402	0.400	0.361
3380	0.389	0.386	0.404	0.352
3390	0.389	0.382	0.402	0.357
eigenvalues:  tensor([50.2520, 49.6341])
hess item is 0.003806845983490348
3400	0.387	0.396	0.401	0.356
3410	0.388	0.392	0.403	0.359
3420	0.389	0.392	0.403	0.357
3430	0.388	0.391	0.401	0.363
3440	0.389	0.392	0.403	0.355
eigenvalues:  tensor([51.1711, 50.7994])
hess item is 0.003823301987722516
3450	0.389	0.389	0.403	0.355
3460	0.388	0.393	0.401	0.363
3470	0.388	0.391	0.401	0.363
3480	0.387	0.391	0.400	0.356
3490	0.387	0.388	0.400	0.365
eigenvalues:  tensor([48.2256, 47.8468])
hess item is 0.003881782293319702
3500	0.387	0.388	0.399	0.361
3510	0.390	0.376	0.403	0.355
3520	0.390	0.383	0.403	0.359
3530	0.389	0.382	0.401	0.355
3540	0.390	0.380	0.403	0.353
eigenvalues:  tensor([50.2373, 49.8721])
hess item is 0.003838897682726383
3550	0.390	0.382	0.403	0.356
3560	0.391	0.381	0.403	0.356
3570	0.389	0.383	0.401	0.352
3580	0.388	0.386	0.400	0.360
3590	0.388	0.384	0.400	0.360
eigenvalues:  tensor([48.0194, 47.2945])
hess item is 0.003750603413209319
3600	0.388	0.390	0.399	0.361
3610	0.388	0.382	0.399	0.363
3620	0.389	0.387	0.401	0.358
3630	0.389	0.380	0.401	0.356
3640	0.388	0.387	0.400	0.358
eigenvalues:  tensor([45.4658, 45.1422])
hess item is 0.003760075429454446
3650	0.389	0.385	0.401	0.352
3660	0.388	0.387	0.400	0.364
3670	0.389	0.383	0.401	0.356
3680	0.390	0.381	0.403	0.352
3690	0.387	0.387	0.400	0.358
eigenvalues:  tensor([48.0838, 47.0095])
hess item is 0.0038287260103970766
3700	0.387	0.392	0.400	0.361
3710	0.389	0.383	0.401	0.363
3720	0.391	0.377	0.402	0.351
3730	0.395	0.373	0.406	0.347
3740	0.389	0.384	0.401	0.352
eigenvalues:  tensor([50.6952, 49.9882])
hess item is 0.0038652168586850166
3750	0.389	0.383	0.401	0.355
3760	0.391	0.381	0.403	0.352
3770	0.388	0.383	0.400	0.356
3780	0.391	0.382	0.403	0.349
3790	0.389	0.384	0.401	0.360
eigenvalues:  tensor([49.8184, 49.2341])
hess item is 0.003923424053937197
3800	0.391	0.378	0.403	0.354
3810	0.395	0.377	0.407	0.342
3820	0.392	0.384	0.403	0.353
3830	0.392	0.376	0.403	0.349
3840	0.395	0.373	0.405	0.350
eigenvalues:  tensor([49.8397, 49.3004])
hess item is 0.004073679447174072
3850	0.391	0.382	0.402	0.360
3860	0.392	0.380	0.404	0.350
3870	0.392	0.379	0.404	0.355
3880	0.391	0.382	0.404	0.353
3890	0.391	0.392	0.402	0.364
eigenvalues:  tensor([51.6666, 50.9678])
hess item is 0.004117161966860294
3900	0.391	0.380	0.404	0.351
3910	0.392	0.381	0.405	0.348
3920	0.393	0.375	0.404	0.349
3930	0.392	0.375	0.402	0.350
3940	0.393	0.374	0.404	0.349
eigenvalues:  tensor([53.2728, 52.4254])
hess item is 0.004085676744580269
3950	0.393	0.382	0.405	0.354
3960	0.392	0.377	0.403	0.355
3970	0.392	0.380	0.403	0.354
3980	0.392	0.372	0.403	0.351
3990	0.393	0.372	0.403	0.350
eigenvalues:  tensor([55.3898, 53.7740])
hess item is 0.004074560943990946
4000	0.394	0.368	0.405	0.341
4010	0.391	0.383	0.402	0.350
4020	0.392	0.373	0.403	0.351
4030	0.391	0.373	0.403	0.346
4040	0.392	0.381	0.403	0.356
eigenvalues:  tensor([53.1831, 52.0193])
hess item is 0.004272313788533211
4050	0.392	0.377	0.403	0.351
4060	0.394	0.377	0.405	0.353
4070	0.391	0.385	0.402	0.356
4080	0.391	0.375	0.403	0.346
4090	0.393	0.373	0.405	0.347
eigenvalues:  tensor([52.0649, 50.8982])
hess item is 0.004283507354557514
4100	0.392	0.381	0.404	0.349
4110	0.392	0.374	0.404	0.347
4120	0.391	0.378	0.404	0.352
4130	0.392	0.382	0.404	0.350
4140	0.392	0.380	0.403	0.356
eigenvalues:  tensor([53.7176, 52.8112])
hess item is 0.004248847719281912
4150	0.393	0.382	0.406	0.346
4160	0.392	0.379	0.406	0.350
4170	0.394	0.371	0.408	0.343
4180	0.393	0.381	0.405	0.351
4190	0.392	0.376	0.405	0.348
eigenvalues:  tensor([53.5506, 52.7399])
hess item is 0.004321353044360876
4200	0.393	0.374	0.404	0.346
4210	0.392	0.370	0.403	0.349
4220	0.394	0.365	0.405	0.336
4230	0.394	0.370	0.406	0.343
4240	0.391	0.381	0.404	0.350
eigenvalues:  tensor([54.9719, 53.9496])
hess item is 0.004229656420648098
4250	0.393	0.372	0.405	0.342
4260	0.395	0.370	0.406	0.341
4270	0.393	0.368	0.405	0.340
4280	0.394	0.372	0.406	0.343
4290	0.394	0.371	0.405	0.346
eigenvalues:  tensor([58.7183, 57.5823])
hess item is 0.0044775656424462795
4300	0.393	0.373	0.406	0.337
4310	0.396	0.375	0.407	0.341
4320	0.395	0.364	0.407	0.337
4330	0.397	0.368	0.408	0.334
4340	0.395	0.379	0.406	0.344
eigenvalues:  tensor([57.4777, 55.9836])
hess item is 0.004551695194095373
4350	0.397	0.363	0.407	0.333
4360	0.396	0.374	0.407	0.349
4370	0.395	0.369	0.405	0.338
4380	0.394	0.376	0.404	0.344
4390	0.393	0.372	0.403	0.350
eigenvalues:  tensor([55.2636, 54.0991])
hess item is 0.004510784521698952
4400	0.393	0.373	0.404	0.348
4410	0.391	0.371	0.403	0.341
4420	0.393	0.377	0.404	0.346
4430	0.395	0.367	0.407	0.337
4440	0.395	0.372	0.407	0.342
eigenvalues:  tensor([54.6371, 53.9464])
hess item is 0.004456641618162394
4450	0.392	0.375	0.404	0.342
4460	0.393	0.372	0.405	0.350
4470	0.394	0.377	0.405	0.347
4480	0.393	0.373	0.405	0.343
4490	0.394	0.370	0.406	0.343
eigenvalues:  tensor([58.8640, 58.1656])
hess item is 0.00455778744071722
4500	0.395	0.361	0.406	0.338
4510	0.394	0.367	0.405	0.342
4520	0.395	0.366	0.406	0.337
4530	0.396	0.371	0.408	0.341
4540	0.392	0.373	0.404	0.339
eigenvalues:  tensor([53.9542, 53.3082])
hess item is 0.0046291109174489975
4550	0.394	0.373	0.406	0.345
4560	0.392	0.374	0.405	0.346
4570	0.394	0.364	0.406	0.340
4580	0.394	0.366	0.405	0.346
4590	0.392	0.373	0.404	0.346
eigenvalues:  tensor([51.3349, 50.8570])
hess item is 0.0045449985191226006
4600	0.392	0.378	0.404	0.352
4610	0.393	0.370	0.406	0.347
4620	0.394	0.374	0.407	0.346
4630	0.392	0.379	0.404	0.355
4640	0.392	0.373	0.404	0.345
eigenvalues:  tensor([53.6931, 53.3985])
hess item is 0.004488213453441858
4650	0.390	0.383	0.403	0.351
4660	0.391	0.378	0.404	0.349
4670	0.393	0.375	0.405	0.343
4680	0.393	0.375	0.405	0.345
4690	0.393	0.380	0.406	0.342
eigenvalues:  tensor([51.4187, 51.0740])
hess item is 0.004477065987884998
4700	0.393	0.381	0.404	0.347
4710	0.393	0.372	0.406	0.340
4720	0.393	0.380	0.405	0.347
4730	0.393	0.373	0.407	0.341
4740	0.395	0.370	0.406	0.340
eigenvalues:  tensor([52.5835, 52.2139])
hess item is 0.004408949986100197
4750	0.396	0.367	0.407	0.344
4760	0.397	0.371	0.409	0.340
4770	0.393	0.381	0.405	0.347
4780	0.394	0.373	0.404	0.353
4790	0.393	0.375	0.405	0.349
eigenvalues:  tensor([51.4127, 51.0286])
hess item is 0.004428611136972904
4800	0.394	0.374	0.407	0.338
4810	0.395	0.367	0.407	0.343
4820	0.394	0.370	0.406	0.341
4830	0.392	0.376	0.404	0.345
4840	0.394	0.373	0.406	0.343
eigenvalues:  tensor([52.9225, 52.6014])
hess item is 0.0044401828199625015
4850	0.394	0.375	0.406	0.344
4860	0.392	0.381	0.404	0.347
4870	0.394	0.378	0.407	0.342
4880	0.393	0.378	0.405	0.345
4890	0.393	0.376	0.404	0.343
eigenvalues:  tensor([53.8711, 53.3991])
hess item is 0.004554153885692358
4900	0.391	0.383	0.402	0.352
4910	0.394	0.375	0.406	0.343
4920	0.392	0.385	0.403	0.352
4930	0.391	0.384	0.403	0.349
4940	0.391	0.385	0.403	0.354
eigenvalues:  tensor([55.4388, 55.0051])
hess item is 0.004467381630092859
4950	0.392	0.380	0.405	0.345
4960	0.392	0.385	0.405	0.353
4970	0.390	0.379	0.403	0.349
4980	0.390	0.376	0.402	0.356
4990	0.392	0.379	0.405	0.348
eigenvalues:  tensor([54.9487, 54.4434])
hess item is 0.0044608935713768005
5000	0.391	0.378	0.404	0.348
5010	0.391	0.380	0.403	0.351
5020	0.392	0.377	0.404	0.350
5030	0.390	0.381	0.402	0.356
5040	0.392	0.376	0.404	0.353
eigenvalues:  tensor([52.8553, 52.5978])
hess item is 0.004567144904285669
5050	0.394	0.377	0.407	0.352
5060	0.395	0.375	0.408	0.342
5070	0.393	0.374	0.406	0.345
5080	0.394	0.365	0.407	0.339
5090	0.390	0.386	0.402	0.352
eigenvalues:  tensor([55.5284, 55.3649])
hess item is 0.004600533749908209
5100	0.389	0.379	0.402	0.350
5110	0.390	0.380	0.404	0.344
5120	0.390	0.383	0.402	0.353
5130	0.390	0.384	0.403	0.348
5140	0.390	0.387	0.403	0.351
eigenvalues:  tensor([57.5702, 57.3040])
hess item is 0.00448304507881403
5150	0.391	0.382	0.404	0.346
5160	0.392	0.379	0.405	0.349
5170	0.391	0.380	0.404	0.345
5180	0.394	0.380	0.405	0.348
5190	0.393	0.370	0.405	0.344
eigenvalues:  tensor([60.4836, 60.1122])
hess item is 0.0046602156944572926
5200	0.392	0.378	0.404	0.347
5210	0.392	0.378	0.405	0.348
5220	0.392	0.378	0.405	0.352
5230	0.391	0.373	0.404	0.346
5240	0.389	0.382	0.402	0.348
eigenvalues:  tensor([59.3103, 59.0151])
hess item is 0.0047466508112847805
5250	0.390	0.380	0.403	0.346
5260	0.391	0.378	0.403	0.350
5270	0.390	0.380	0.401	0.355
5280	0.389	0.384	0.401	0.359
5290	0.388	0.386	0.400	0.353
eigenvalues:  tensor([57.7812, 57.4905])
hess item is 0.004608953837305307
5300	0.388	0.388	0.401	0.353
5310	0.389	0.384	0.402	0.352
5320	0.393	0.371	0.406	0.341
5330	0.391	0.380	0.403	0.350
5340	0.391	0.374	0.403	0.350
eigenvalues:  tensor([57.9873, 57.8055])
hess item is 0.0047468142583966255
5350	0.392	0.376	0.405	0.343
5360	0.391	0.382	0.404	0.346
5370	0.390	0.384	0.403	0.350
5380	0.390	0.380	0.402	0.353
5390	0.391	0.374	0.404	0.346
eigenvalues:  tensor([58.1991, 57.7112])
hess item is 0.004746472928673029
5400	0.391	0.383	0.403	0.357
5410	0.389	0.375	0.401	0.350
5420	0.392	0.377	0.404	0.351
5430	0.392	0.371	0.404	0.342
5440	0.395	0.360	0.407	0.337
eigenvalues:  tensor([63.6396, 63.5242])
hess item is 0.004760061856359243
5450	0.390	0.379	0.402	0.349
5460	0.392	0.378	0.403	0.350
5470	0.392	0.371	0.404	0.348
5480	0.391	0.373	0.404	0.344
5490	0.392	0.380	0.404	0.353
eigenvalues:  tensor([62.9921, 62.5960])
hess item is 0.004891117103397846
5500	0.391	0.375	0.403	0.351
5510	0.392	0.377	0.405	0.347
5520	0.391	0.377	0.403	0.347
5530	0.392	0.374	0.403	0.349
5540	0.390	0.377	0.402	0.351
eigenvalues:  tensor([63.2992, 62.7939])
hess item is 0.004816372413188219
5550	0.390	0.376	0.403	0.344
5560	0.389	0.374	0.402	0.347
5570	0.394	0.377	0.406	0.345
5580	0.389	0.386	0.402	0.352
5590	0.390	0.382	0.403	0.349
eigenvalues:  tensor([62.5213, 61.9507])
hess item is 0.004792103078216314
5600	0.390	0.380	0.404	0.350
5610	0.389	0.383	0.402	0.354
5620	0.390	0.379	0.404	0.347
5630	0.389	0.381	0.403	0.352
5640	0.389	0.380	0.402	0.355
eigenvalues:  tensor([63.4660, 62.8641])
hess item is 0.004695572890341282
5650	0.389	0.390	0.402	0.357
5660	0.389	0.383	0.402	0.353
5670	0.390	0.384	0.403	0.353
5680	0.389	0.382	0.402	0.356
5690	0.390	0.385	0.403	0.353
eigenvalues:  tensor([62.4193, 61.8109])
hess item is 0.004770665429532528
5700	0.388	0.389	0.401	0.354
5710	0.387	0.389	0.401	0.357
5720	0.390	0.384	0.403	0.347
5730	0.390	0.383	0.403	0.348
5740	0.389	0.387	0.402	0.350
eigenvalues:  tensor([61.6652, 60.9402])
hess item is 0.004679729696363211
5750	0.389	0.389	0.401	0.347
5760	0.388	0.391	0.400	0.358
5770	0.388	0.390	0.400	0.351
5780	0.389	0.384	0.401	0.351
5790	0.388	0.380	0.400	0.355
eigenvalues:  tensor([59.4949, 58.9224])
hess item is 0.004708399064838886
5800	0.388	0.382	0.400	0.355
5810	0.388	0.381	0.401	0.356
5820	0.388	0.381	0.401	0.357
5830	0.387	0.385	0.400	0.354
5840	0.389	0.377	0.402	0.351
eigenvalues:  tensor([60.2974, 59.7226])
hess item is 0.00465618958696723
5850	0.388	0.385	0.402	0.348
5860	0.388	0.386	0.402	0.354
5870	0.390	0.380	0.404	0.350
5880	0.387	0.385	0.401	0.353
5890	0.387	0.392	0.401	0.351
eigenvalues:  tensor([60.8068, 60.3394])
hess item is 0.004628503229469061
5900	0.386	0.392	0.400	0.356
5910	0.387	0.391	0.400	0.357
5920	0.387	0.390	0.401	0.352
5930	0.387	0.384	0.401	0.351
5940	0.387	0.378	0.402	0.347
eigenvalues:  tensor([61.1196, 60.5155])
hess item is 0.004666746128350496
5950	0.386	0.388	0.401	0.352
5960	0.388	0.376	0.401	0.351
5970	0.387	0.381	0.402	0.350
5980	0.389	0.378	0.404	0.342
5990	0.388	0.384	0.404	0.346
eigenvalues:  tensor([62.5121, 61.9909])
hess item is 0.004666473250836134
6000	0.388	0.387	0.403	0.350
6010	0.387	0.390	0.402	0.350
6020	0.388	0.384	0.404	0.343
6030	0.388	0.383	0.404	0.346
6040	0.387	0.382	0.403	0.344
eigenvalues:  tensor([64.8464, 64.1717])
hess item is 0.004714030306786299
6050	0.388	0.382	0.404	0.341
6060	0.388	0.384	0.405	0.340
6070	0.388	0.387	0.404	0.346
6080	0.388	0.382	0.405	0.338
6090	0.386	0.389	0.402	0.345
eigenvalues:  tensor([66.5792, 65.9791])
hess item is 0.004695941228419542
6100	0.388	0.389	0.404	0.347
6110	0.385	0.389	0.402	0.353
6120	0.386	0.392	0.403	0.352
6130	0.385	0.396	0.402	0.355
6140	0.388	0.379	0.404	0.345
eigenvalues:  tensor([67.3117, 66.6143])
hess item is 0.004779484588652849
6150	0.386	0.387	0.402	0.351
6160	0.387	0.384	0.403	0.348
6170	0.388	0.382	0.404	0.350
6180	0.387	0.387	0.402	0.352
6190	0.387	0.387	0.402	0.348
eigenvalues:  tensor([65.9203, 64.9586])
hess item is 0.004709023982286453
6200	0.388	0.378	0.404	0.342
6210	0.386	0.383	0.402	0.343
6220	0.387	0.378	0.403	0.345
6230	0.387	0.379	0.403	0.346
6240	0.387	0.377	0.402	0.348
eigenvalues:  tensor([67.6299, 66.7419])
hess item is 0.00479850685223937
6250	0.386	0.382	0.402	0.354
6260	0.386	0.386	0.401	0.351
6270	0.386	0.384	0.401	0.350
6280	0.387	0.377	0.401	0.343
6290	0.387	0.381	0.401	0.356
eigenvalues:  tensor([66.6232, 65.6889])
hess item is 0.004835556726902723
6300	0.387	0.386	0.402	0.356
6310	0.386	0.383	0.400	0.350
6320	0.386	0.377	0.401	0.350
6330	0.388	0.377	0.402	0.347
6340	0.386	0.382	0.401	0.348
eigenvalues:  tensor([69.0613, 68.2634])
hess item is 0.004867561161518097
6350	0.386	0.379	0.400	0.350
6360	0.388	0.381	0.402	0.344
6370	0.387	0.374	0.402	0.344
6380	0.386	0.384	0.401	0.347
6390	0.387	0.384	0.402	0.343
eigenvalues:  tensor([69.5107, 68.6411])
hess item is 0.004772551823407412
6400	0.387	0.384	0.402	0.347
6410	0.387	0.387	0.403	0.349
6420	0.385	0.391	0.401	0.354
6430	0.386	0.387	0.402	0.356
6440	0.385	0.388	0.401	0.353
eigenvalues:  tensor([69.5964, 68.8020])
hess item is 0.004711611196398735
6450	0.385	0.393	0.401	0.355
6460	0.384	0.392	0.400	0.354
6470	0.384	0.389	0.400	0.349
6480	0.386	0.391	0.402	0.349
6490	0.385	0.389	0.401	0.356
eigenvalues:  tensor([68.8965, 68.1598])
hess item is 0.004703264683485031
6500	0.384	0.393	0.400	0.355
6510	0.384	0.387	0.401	0.352
6520	0.385	0.387	0.401	0.353
6530	0.386	0.390	0.403	0.347
6540	0.386	0.387	0.403	0.347
eigenvalues:  tensor([68.8959, 68.1116])
hess item is 0.0046777743846178055
6550	0.385	0.390	0.401	0.350
6560	0.385	0.390	0.401	0.351
6570	0.384	0.397	0.400	0.354
6580	0.384	0.393	0.401	0.355
6590	0.386	0.387	0.402	0.347
eigenvalues:  tensor([72.0525, 71.2984])
hess item is 0.00458817183971405
6600	0.385	0.391	0.402	0.351
6610	0.385	0.394	0.402	0.352
6620	0.384	0.392	0.401	0.351
6630	0.384	0.391	0.401	0.350
6640	0.384	0.393	0.401	0.345
eigenvalues:  tensor([71.7595, 71.1626])
hess item is 0.004607918672263622
6650	0.385	0.393	0.401	0.350
6660	0.385	0.394	0.401	0.352
6670	0.385	0.392	0.400	0.356
6680	0.385	0.392	0.400	0.353
6690	0.386	0.377	0.402	0.345
eigenvalues:  tensor([72.2066, 71.5790])
hess item is 0.004711403511464596
6700	0.386	0.383	0.402	0.346
6710	0.386	0.386	0.402	0.350
6720	0.384	0.388	0.401	0.356
6730	0.383	0.390	0.400	0.355
6740	0.383	0.389	0.401	0.349
eigenvalues:  tensor([70.7407, 70.1427])
hess item is 0.004765878431499004
6750	0.384	0.390	0.402	0.349
6760	0.384	0.397	0.402	0.352
6770	0.383	0.396	0.401	0.350
6780	0.382	0.397	0.400	0.353
6790	0.384	0.395	0.402	0.356
eigenvalues:  tensor([70.9413, 70.3748])
hess item is 0.004794669803231955
6800	0.384	0.396	0.403	0.353
6810	0.387	0.389	0.405	0.349
6820	0.383	0.395	0.401	0.352
6830	0.384	0.397	0.402	0.350
6840	0.383	0.397	0.400	0.356
eigenvalues:  tensor([71.7323, 71.0234])
hess item is 0.004800236318260431
6850	0.385	0.386	0.403	0.351
6860	0.384	0.391	0.403	0.348
6870	0.384	0.397	0.402	0.352
6880	0.387	0.384	0.405	0.345
6890	0.384	0.393	0.402	0.348
eigenvalues:  tensor([73.7532, 73.0832])
hess item is 0.004832746461033821
6900	0.385	0.390	0.403	0.348
6910	0.384	0.391	0.402	0.349
6920	0.384	0.387	0.402	0.349
6930	0.388	0.387	0.406	0.348
6940	0.386	0.387	0.404	0.350
eigenvalues:  tensor([76.7188, 75.9037])
hess item is 0.004971066024154425
6950	0.386	0.381	0.404	0.341
6960	0.385	0.390	0.403	0.347
6970	0.385	0.385	0.403	0.339
6980	0.386	0.381	0.404	0.340
6990	0.386	0.387	0.404	0.345
eigenvalues:  tensor([76.7345, 76.0260])
hess item is 0.004929898772388697
7000	0.384	0.394	0.402	0.350
7010	0.385	0.387	0.402	0.345
7020	0.385	0.393	0.402	0.348
7030	0.387	0.381	0.405	0.341
7040	0.385	0.382	0.404	0.345
eigenvalues:  tensor([78.4909, 77.7176])
hess item is 0.004950344562530518
7050	0.385	0.386	0.403	0.343
7060	0.386	0.383	0.404	0.343
7070	0.385	0.387	0.403	0.342
7080	0.383	0.385	0.402	0.347
7090	0.386	0.390	0.404	0.351
eigenvalues:  tensor([77.3260, 76.7642])
hess item is 0.004961507860571146
7100	0.385	0.384	0.404	0.347
7110	0.384	0.388	0.402	0.347
7120	0.383	0.394	0.401	0.351
7130	0.385	0.389	0.403	0.350
7140	0.384	0.396	0.402	0.354
eigenvalues:  tensor([77.7547, 77.1093])
hess item is 0.00508195860311389
7150	0.384	0.391	0.402	0.352
7160	0.384	0.396	0.403	0.353
7170	0.383	0.394	0.402	0.358
7180	0.383	0.399	0.402	0.350
7190	0.382	0.398	0.401	0.354
eigenvalues:  tensor([78.8671, 78.2659])
hess item is 0.005151563789695501
7200	0.383	0.394	0.402	0.349
7210	0.384	0.397	0.402	0.351
7220	0.385	0.392	0.404	0.348
7230	0.383	0.394	0.402	0.348
7240	0.384	0.400	0.403	0.355
eigenvalues:  tensor([77.4252, 76.8543])
hess item is 0.005120888352394104
7250	0.383	0.397	0.401	0.353
7260	0.385	0.395	0.403	0.351
7270	0.383	0.396	0.402	0.353
7280	0.382	0.407	0.401	0.357
7290	0.383	0.406	0.401	0.351
eigenvalues:  tensor([76.7381, 76.2448])
hess item is 0.004985525272786617
7300	0.383	0.402	0.401	0.352
7310	0.382	0.400	0.400	0.356
7320	0.382	0.403	0.400	0.356
7330	0.383	0.403	0.400	0.354
7340	0.383	0.401	0.401	0.350
eigenvalues:  tensor([78.8305, 78.2652])
hess item is 0.0049416739493608475
7350	0.383	0.403	0.402	0.342
7360	0.383	0.402	0.401	0.348
7370	0.383	0.398	0.402	0.345
7380	0.382	0.405	0.402	0.349
7390	0.381	0.400	0.400	0.352
eigenvalues:  tensor([80.1354, 79.5120])
hess item is 0.004873240832239389
7400	0.383	0.400	0.401	0.350
7410	0.384	0.401	0.403	0.346
7420	0.383	0.398	0.402	0.347
7430	0.382	0.402	0.402	0.352
7440	0.381	0.398	0.401	0.346
eigenvalues:  tensor([80.5337, 79.9862])
hess item is 0.00487101124599576
7450	0.382	0.401	0.402	0.343
7460	0.382	0.401	0.402	0.350
7470	0.382	0.395	0.403	0.345
7480	0.381	0.400	0.402	0.347
7490	0.381	0.400	0.402	0.347
eigenvalues:  tensor([80.2992, 79.7713])
hess item is 0.004910721443593502
7500	0.380	0.410	0.401	0.349
7510	0.381	0.404	0.401	0.351
7520	0.381	0.401	0.402	0.353
7530	0.380	0.404	0.401	0.350
7540	0.380	0.403	0.401	0.351
eigenvalues:  tensor([82.5571, 81.9717])
hess item is 0.004917001351714134
7550	0.380	0.402	0.401	0.355
7560	0.380	0.401	0.400	0.351
7570	0.380	0.398	0.401	0.352
7580	0.381	0.401	0.401	0.350
7590	0.380	0.402	0.400	0.351
eigenvalues:  tensor([83.8514, 83.3564])
hess item is 0.004866247996687889
7600	0.381	0.402	0.401	0.350
7610	0.381	0.407	0.401	0.351
7620	0.382	0.401	0.402	0.351
7630	0.380	0.401	0.400	0.353
7640	0.382	0.398	0.402	0.350
eigenvalues:  tensor([84.8508, 84.3630])
hess item is 0.004915962461382151
7650	0.382	0.400	0.402	0.351
7660	0.380	0.401	0.400	0.353
7670	0.380	0.403	0.400	0.353
7680	0.379	0.401	0.400	0.354
7690	0.380	0.396	0.401	0.353
eigenvalues:  tensor([85.7191, 85.2232])
hess item is 0.004963089246302843
7700	0.381	0.401	0.401	0.349
7710	0.380	0.404	0.400	0.350
7720	0.381	0.399	0.401	0.344
7730	0.380	0.404	0.401	0.347
7740	0.379	0.403	0.400	0.351
eigenvalues:  tensor([83.9044, 83.3803])
hess item is 0.004858130589127541
7750	0.379	0.410	0.401	0.355
7760	0.379	0.405	0.400	0.352
7770	0.379	0.407	0.400	0.357
7780	0.380	0.408	0.401	0.351
7790	0.379	0.406	0.401	0.349
eigenvalues:  tensor([85.3337, 84.8076])
hess item is 0.0047585382126271725
7800	0.380	0.404	0.402	0.343
7810	0.380	0.406	0.401	0.354
7820	0.380	0.403	0.400	0.354
7830	0.381	0.402	0.401	0.351
7840	0.381	0.402	0.400	0.353
eigenvalues:  tensor([85.3531, 84.9399])
hess item is 0.004891323857009411
7850	0.380	0.405	0.400	0.349
7860	0.380	0.400	0.401	0.352
7870	0.382	0.400	0.402	0.348
7880	0.380	0.402	0.401	0.350
7890	0.380	0.405	0.400	0.354
eigenvalues:  tensor([83.4556, 83.0423])
hess item is 0.004991438705474138
7900	0.379	0.407	0.399	0.357
7910	0.379	0.406	0.399	0.355
7920	0.379	0.405	0.400	0.354
7930	0.379	0.406	0.400	0.351
7940	0.379	0.405	0.400	0.360
eigenvalues:  tensor([83.3301, 83.0722])
hess item is 0.005020466633141041
7950	0.380	0.406	0.400	0.357
7960	0.380	0.403	0.400	0.354
7970	0.380	0.397	0.400	0.353
7980	0.379	0.398	0.401	0.355
7990	0.379	0.398	0.400	0.352
eigenvalues:  tensor([83.4225, 83.1230])
hess item is 0.004989752545952797
8000	0.378	0.406	0.400	0.355
8010	0.378	0.405	0.399	0.356
8020	0.379	0.408	0.400	0.353
8030	0.379	0.402	0.400	0.349
8040	0.379	0.402	0.401	0.347
eigenvalues:  tensor([85.3650, 85.0713])
hess item is 0.00493372417986393
8050	0.378	0.408	0.399	0.353
8060	0.378	0.405	0.399	0.354
8070	0.379	0.406	0.400	0.354
8080	0.378	0.413	0.400	0.352
8090	0.378	0.410	0.399	0.355
eigenvalues:  tensor([85.3311, 84.9614])
hess item is 0.004980485886335373
8100	0.378	0.409	0.401	0.352
8110	0.378	0.404	0.400	0.353
8120	0.377	0.411	0.400	0.355
8130	0.378	0.411	0.400	0.354
8140	0.378	0.409	0.399	0.358
eigenvalues:  tensor([85.0897, 84.6989])
hess item is 0.004880700260400772
8150	0.378	0.410	0.399	0.356
8160	0.378	0.406	0.400	0.359
8170	0.378	0.408	0.400	0.355
8180	0.377	0.410	0.398	0.356
8190	0.378	0.407	0.399	0.357
eigenvalues:  tensor([85.9308, 85.6317])
hess item is 0.004968974739313126
8200	0.377	0.412	0.400	0.355
8210	0.377	0.410	0.398	0.357
8220	0.377	0.408	0.398	0.359
8230	0.377	0.410	0.399	0.358
8240	0.376	0.411	0.398	0.360
eigenvalues:  tensor([88.1168, 87.8867])
hess item is 0.005060517229139805
8250	0.377	0.408	0.398	0.357
8260	0.378	0.405	0.399	0.354
8270	0.377	0.412	0.399	0.355
8280	0.377	0.410	0.399	0.357
8290	0.377	0.409	0.399	0.355
eigenvalues:  tensor([87.7299, 87.5565])
hess item is 0.0051346346735954285
8300	0.378	0.402	0.400	0.355
8310	0.377	0.408	0.399	0.355
8320	0.377	0.412	0.398	0.352
8330	0.377	0.410	0.398	0.355
8340	0.376	0.410	0.398	0.357
eigenvalues:  tensor([88.2730, 88.0609])
hess item is 0.005165634211152792
8350	0.377	0.407	0.398	0.357
8360	0.377	0.413	0.398	0.354
8370	0.378	0.408	0.399	0.351
8380	0.376	0.412	0.397	0.358
8390	0.376	0.410	0.398	0.359
eigenvalues:  tensor([89.0852, 88.7531])
hess item is 0.00512576662003994
8400	0.377	0.408	0.398	0.356
8410	0.377	0.406	0.399	0.357
8420	0.377	0.411	0.398	0.362
8430	0.378	0.406	0.399	0.359
8440	0.377	0.411	0.398	0.360
eigenvalues:  tensor([88.1174, 87.8213])
hess item is 0.005074214655905962
8450	0.378	0.408	0.399	0.361
8460	0.377	0.404	0.398	0.355
8470	0.376	0.405	0.397	0.360
8480	0.377	0.412	0.398	0.362
8490	0.378	0.407	0.398	0.359
eigenvalues:  tensor([89.5990, 89.2195])
hess item is 0.0050644101575016975
8500	0.376	0.415	0.397	0.356
8510	0.377	0.410	0.397	0.357
8520	0.377	0.406	0.398	0.356
8530	0.376	0.407	0.398	0.357
8540	0.377	0.411	0.398	0.354
eigenvalues:  tensor([90.8570, 90.5061])
hess item is 0.0049688504077494144
8550	0.376	0.411	0.397	0.361
8560	0.377	0.410	0.398	0.359
8570	0.377	0.409	0.398	0.359
8580	0.376	0.413	0.397	0.359
8590	0.376	0.407	0.397	0.362
eigenvalues:  tensor([91.9935, 91.6749])
hess item is 0.005015434231609106
8600	0.376	0.410	0.398	0.361
8610	0.376	0.410	0.398	0.361
8620	0.376	0.408	0.399	0.358
8630	0.376	0.411	0.399	0.362
8640	0.376	0.410	0.398	0.363
eigenvalues:  tensor([92.3746, 91.9380])
hess item is 0.005006008315831423
8650	0.375	0.406	0.398	0.355
8660	0.376	0.410	0.398	0.356
8670	0.376	0.408	0.398	0.353
8680	0.375	0.411	0.398	0.357
8690	0.376	0.414	0.399	0.356
eigenvalues:  tensor([92.6814, 92.2592])
hess item is 0.0051025706343352795
8700	0.376	0.413	0.399	0.360
8710	0.377	0.410	0.400	0.356
8720	0.376	0.411	0.399	0.357
8730	0.376	0.412	0.399	0.358
8740	0.376	0.409	0.399	0.359
eigenvalues:  tensor([91.2456, 90.9081])
hess item is 0.005181218963116407
8750	0.375	0.415	0.399	0.360
8760	0.375	0.416	0.400	0.356
8770	0.375	0.411	0.399	0.356
8780	0.375	0.413	0.399	0.359
8790	0.376	0.410	0.399	0.361
eigenvalues:  tensor([91.2390, 90.8781])
hess item is 0.005129643250256777
8800	0.375	0.414	0.399	0.364
8810	0.375	0.414	0.399	0.362
8820	0.376	0.410	0.400	0.359
8830	0.377	0.410	0.401	0.360
8840	0.375	0.414	0.399	0.362
eigenvalues:  tensor([91.9262, 91.6129])
hess item is 0.005175743717700243
8850	0.376	0.413	0.401	0.358
8860	0.375	0.410	0.400	0.359
8870	0.375	0.413	0.400	0.360
8880	0.376	0.410	0.401	0.353
8890	0.376	0.411	0.401	0.359
eigenvalues:  tensor([92.4840, 92.1038])
hess item is 0.0050553856417536736
8900	0.375	0.415	0.400	0.355
8910	0.375	0.415	0.400	0.356
8920	0.375	0.412	0.400	0.355
8930	0.375	0.411	0.399	0.358
8940	0.375	0.419	0.401	0.365
eigenvalues:  tensor([93.0360, 92.6631])
hess item is 0.005079852417111397
8950	0.375	0.412	0.399	0.363
8960	0.374	0.414	0.399	0.363
8970	0.375	0.413	0.399	0.365
8980	0.374	0.416	0.399	0.361
8990	0.375	0.409	0.400	0.354
eigenvalues:  tensor([93.8625, 93.5096])
hess item is 0.005049115978181362
9000	0.375	0.418	0.400	0.361
9010	0.375	0.419	0.400	0.361
9020	0.374	0.417	0.399	0.358
9030	0.375	0.415	0.400	0.357
9040	0.373	0.422	0.399	0.364
eigenvalues:  tensor([94.9448, 94.6267])
hess item is 0.005059199873358011
9050	0.374	0.417	0.400	0.360
9060	0.373	0.423	0.400	0.361
9070	0.374	0.423	0.400	0.359
9080	0.372	0.422	0.398	0.365
9090	0.373	0.425	0.399	0.364
eigenvalues:  tensor([93.5092, 93.1691])
hess item is 0.004968203138560057
9100	0.373	0.417	0.400	0.359
9110	0.374	0.422	0.401	0.361
9120	0.372	0.421	0.399	0.359
9130	0.372	0.425	0.400	0.363
9140	0.372	0.426	0.400	0.363
eigenvalues:  tensor([94.6211, 94.3509])
hess item is 0.0049803974106907845
9150	0.372	0.423	0.400	0.357
9160	0.372	0.430	0.400	0.359
9170	0.371	0.430	0.399	0.362
9180	0.372	0.425	0.400	0.360
9190	0.373	0.420	0.401	0.354
eigenvalues:  tensor([93.8353, 93.5961])
hess item is 0.004849069751799107
9200	0.372	0.423	0.400	0.356
9210	0.374	0.421	0.401	0.360
9220	0.374	0.423	0.401	0.357
9230	0.372	0.424	0.399	0.361
9240	0.372	0.419	0.399	0.359
eigenvalues:  tensor([95.1362, 94.8518])
hess item is 0.0048751225695014
9250	0.373	0.421	0.400	0.358
9260	0.372	0.421	0.399	0.357
9270	0.372	0.423	0.398	0.362
9280	0.371	0.428	0.398	0.362
9290	0.373	0.421	0.400	0.358
eigenvalues:  tensor([95.3493, 95.0842])
hess item is 0.004969760775566101
9300	0.372	0.424	0.400	0.356
9310	0.372	0.426	0.399	0.359
9320	0.372	0.422	0.399	0.357
9330	0.372	0.421	0.399	0.358
9340	0.371	0.426	0.400	0.357
eigenvalues:  tensor([96.0158, 95.7510])
hess item is 0.004913665819913149
9350	0.371	0.424	0.399	0.358
9360	0.371	0.432	0.399	0.363
9370	0.372	0.425	0.400	0.358
9380	0.372	0.425	0.400	0.360
9390	0.372	0.424	0.400	0.358
eigenvalues:  tensor([94.4053, 94.1085])
hess item is 0.004859901964664459
9400	0.372	0.430	0.401	0.360
9410	0.371	0.428	0.400	0.357
9420	0.372	0.425	0.400	0.356
9430	0.371	0.428	0.401	0.357
9440	0.371	0.423	0.400	0.359
eigenvalues:  tensor([96.7712, 96.4455])
hess item is 0.005055544897913933
9450	0.373	0.425	0.401	0.356
9460	0.371	0.428	0.400	0.357
9470	0.371	0.426	0.400	0.356
9480	0.371	0.427	0.400	0.357
9490	0.371	0.426	0.401	0.353
eigenvalues:  tensor([96.4622, 96.1520])
hess item is 0.005028638988733292
9500	0.371	0.426	0.401	0.356
9510	0.372	0.423	0.401	0.356
9520	0.372	0.427	0.400	0.355
9530	0.371	0.428	0.400	0.361
9540	0.371	0.429	0.400	0.359
eigenvalues:  tensor([96.9836, 96.6685])
hess item is 0.005051109008491039
9550	0.371	0.425	0.400	0.362
9560	0.371	0.425	0.399	0.363
9570	0.370	0.428	0.399	0.358
9580	0.371	0.422	0.400	0.362
9590	0.370	0.429	0.399	0.363
eigenvalues:  tensor([96.5982, 96.3013])
hess item is 0.005096097476780415
9600	0.370	0.426	0.399	0.366
9610	0.371	0.430	0.400	0.365
9620	0.371	0.424	0.400	0.360
9630	0.370	0.428	0.399	0.363
9640	0.370	0.425	0.398	0.366
eigenvalues:  tensor([97.5774, 97.2988])
hess item is 0.005132252350449562
9650	0.371	0.424	0.399	0.362
9660	0.370	0.430	0.399	0.363
9670	0.370	0.431	0.400	0.361
9680	0.370	0.429	0.399	0.363
9690	0.371	0.429	0.400	0.362
eigenvalues:  tensor([97.9569, 97.6708])
hess item is 0.005036996677517891
9700	0.371	0.428	0.400	0.361
9710	0.371	0.431	0.400	0.363
9720	0.370	0.427	0.399	0.362
9730	0.369	0.425	0.399	0.363
9740	0.370	0.428	0.399	0.360
eigenvalues:  tensor([98.1528, 97.8501])
hess item is 0.005008982960134745
9750	0.369	0.428	0.398	0.360
9760	0.369	0.428	0.398	0.366
9770	0.369	0.428	0.398	0.360
9780	0.369	0.428	0.399	0.361
9790	0.369	0.428	0.399	0.364
eigenvalues:  tensor([99.3990, 99.0853])
hess item is 0.00495174853131175
9800	0.369	0.428	0.399	0.363
9810	0.369	0.428	0.399	0.359
9820	0.369	0.430	0.400	0.363
9830	0.370	0.424	0.400	0.361
9840	0.369	0.427	0.399	0.360
eigenvalues:  tensor([99.0866, 98.7925])
hess item is 0.004895702935755253
9850	0.370	0.426	0.399	0.363
9860	0.370	0.426	0.400	0.361
9870	0.369	0.428	0.399	0.363
9880	0.369	0.424	0.399	0.365
9890	0.370	0.428	0.399	0.363
eigenvalues:  tensor([100.0942,  99.8077])
hess item is 0.004983671009540558
9900	0.369	0.429	0.398	0.365
9910	0.369	0.425	0.398	0.363
9920	0.370	0.424	0.399	0.365
9930	0.369	0.424	0.398	0.366
9940	0.370	0.425	0.399	0.363
eigenvalues:  tensor([99.2602, 98.9926])
hess item is 0.005043718032538891
9950	0.369	0.431	0.398	0.364
9960	0.369	0.425	0.399	0.364
9970	0.369	0.431	0.398	0.366
9980	0.368	0.432	0.398	0.361
9990	0.370	0.426	0.399	0.362
