device: cuda:4
output directory: RESULTS/cifar10-10k/fc-tanh/seed_0/mse/ivon/lr_0.05_h0_1.0_post_1_alpha_3.0_beta2_1.0_beta_0.0_ess_100000.0_ivon
Files already downloaded and verified
Files already downloaded and verified
optimizer is IVON
0	0.597	0.131	0.597	0.131
10	0.476	0.237	0.480	0.225
20	0.429	0.301	0.435	0.282
30	0.419	0.318	0.426	0.291
40	0.411	0.341	0.420	0.311
eigenvalues:  tensor([35.6574, 32.1803])
hess item is 1.0
50	0.415	0.356	0.425	0.323
60	0.403	0.366	0.412	0.334
70	0.400	0.390	0.411	0.359
80	0.398	0.385	0.410	0.353
90	0.396	0.389	0.409	0.354
eigenvalues:  tensor([29.6633, 27.0463])
hess item is 1.0
100	0.393	0.410	0.406	0.365
110	0.392	0.407	0.406	0.359
120	0.391	0.414	0.405	0.367
130	0.388	0.417	0.403	0.367
140	0.387	0.420	0.402	0.374
eigenvalues:  tensor([28.2073, 25.1299])
hess item is 1.0
150	0.386	0.424	0.402	0.372
160	0.385	0.438	0.401	0.382
170	0.387	0.424	0.404	0.369
180	0.383	0.431	0.400	0.378
190	0.383	0.429	0.401	0.376
eigenvalues:  tensor([26.5006, 23.8738])
hess item is 1.0
200	0.381	0.442	0.399	0.383
210	0.381	0.442	0.399	0.377
220	0.382	0.440	0.400	0.381
230	0.380	0.448	0.398	0.378
240	0.378	0.452	0.397	0.388
eigenvalues:  tensor([25.8724, 22.8061])
hess item is 1.0
250	0.378	0.451	0.398	0.381
260	0.378	0.446	0.398	0.382
270	0.378	0.449	0.398	0.385
280	0.376	0.462	0.396	0.391
290	0.373	0.468	0.394	0.394
eigenvalues:  tensor([25.6545, 21.8035])
hess item is 1.0
300	0.375	0.465	0.396	0.394
310	0.373	0.468	0.395	0.390
320	0.372	0.473	0.394	0.394
330	0.372	0.471	0.395	0.391
340	0.371	0.472	0.394	0.396
eigenvalues:  tensor([25.4982, 21.6404])
hess item is 1.0
350	0.371	0.478	0.394	0.397
360	0.369	0.476	0.392	0.402
370	0.369	0.483	0.393	0.403
380	0.370	0.480	0.393	0.399
390	0.368	0.484	0.392	0.400
eigenvalues:  tensor([25.2636, 21.4541])
hess item is 1.0
400	0.368	0.482	0.392	0.396
410	0.368	0.481	0.393	0.397
420	0.367	0.486	0.392	0.399
430	0.367	0.491	0.392	0.403
440	0.367	0.485	0.394	0.395
eigenvalues:  tensor([24.7596, 21.2944])
hess item is 1.0
450	0.367	0.492	0.393	0.406
460	0.365	0.487	0.392	0.400
470	0.365	0.484	0.392	0.398
480	0.365	0.483	0.393	0.394
490	0.363	0.503	0.391	0.406
eigenvalues:  tensor([24.5655, 21.1440])
hess item is 1.0
500	0.364	0.491	0.392	0.403
510	0.362	0.505	0.391	0.408
520	0.362	0.502	0.391	0.404
530	0.363	0.499	0.392	0.406
540	0.362	0.493	0.391	0.402
eigenvalues:  tensor([24.0098, 21.4359])
hess item is 1.0
550	0.361	0.502	0.391	0.410
560	0.361	0.511	0.391	0.404
570	0.360	0.500	0.391	0.404
580	0.361	0.501	0.392	0.405
590	0.358	0.510	0.390	0.412
eigenvalues:  tensor([24.0282, 20.7398])
hess item is 1.0
600	0.359	0.508	0.390	0.407
610	0.359	0.503	0.391	0.401
620	0.358	0.516	0.390	0.412
630	0.358	0.515	0.391	0.412
640	0.356	0.522	0.389	0.415
eigenvalues:  tensor([23.8950, 21.0325])
hess item is 1.0
650	0.357	0.513	0.390	0.409
660	0.356	0.510	0.389	0.406
670	0.354	0.521	0.389	0.412
680	0.355	0.516	0.390	0.409
690	0.355	0.518	0.390	0.412
eigenvalues:  tensor([23.7904, 21.1954])
hess item is 1.0
700	0.354	0.523	0.390	0.412
710	0.352	0.533	0.388	0.414
720	0.353	0.527	0.389	0.407
730	0.353	0.527	0.390	0.410
740	0.351	0.535	0.388	0.416
eigenvalues:  tensor([23.4218, 21.0835])
hess item is 1.0
750	0.352	0.526	0.389	0.409
760	0.351	0.526	0.389	0.411
770	0.350	0.527	0.389	0.411
780	0.350	0.529	0.388	0.413
790	0.350	0.532	0.390	0.409
eigenvalues:  tensor([23.7256, 21.4928])
hess item is 1.0
800	0.349	0.539	0.388	0.412
810	0.350	0.536	0.390	0.414
820	0.349	0.539	0.389	0.415
830	0.353	0.521	0.394	0.399
840	0.351	0.521	0.392	0.400
eigenvalues:  tensor([23.6030, 21.2800])
hess item is 1.0
850	0.350	0.526	0.391	0.409
860	0.348	0.534	0.390	0.407
870	0.346	0.549	0.388	0.416
880	0.347	0.547	0.390	0.416
890	0.345	0.554	0.388	0.417
eigenvalues:  tensor([22.9798, 21.8823])
hess item is 1.0
900	0.345	0.549	0.388	0.417
910	0.346	0.548	0.390	0.410
920	0.345	0.537	0.389	0.411
930	0.346	0.544	0.390	0.410
940	0.343	0.550	0.388	0.413
eigenvalues:  tensor([24.0476, 21.6498])
hess item is 1.0
950	0.344	0.554	0.389	0.413
960	0.344	0.552	0.389	0.412
970	0.344	0.552	0.390	0.414
980	0.342	0.558	0.389	0.413
990	0.348	0.538	0.395	0.402
eigenvalues:  tensor([24.0391, 22.2224])
hess item is 1.0
1000	0.342	0.551	0.390	0.411
1010	0.341	0.555	0.389	0.411
1020	0.340	0.562	0.389	0.417
1030	0.340	0.562	0.389	0.414
1040	0.340	0.563	0.390	0.411
eigenvalues:  tensor([24.1696, 22.3344])
hess item is 1.0
1050	0.340	0.557	0.390	0.412
1060	0.338	0.567	0.388	0.415
1070	0.337	0.570	0.388	0.419
1080	0.337	0.566	0.388	0.416
1090	0.337	0.566	0.389	0.412
eigenvalues:  tensor([24.6911, 22.7288])
hess item is 1.0
1100	0.337	0.572	0.389	0.415
1110	0.336	0.577	0.388	0.417
1120	0.339	0.568	0.393	0.407
1130	0.335	0.575	0.388	0.420
1140	0.337	0.565	0.391	0.412
eigenvalues:  tensor([24.8483, 22.9336])
hess item is 1.0
1150	0.334	0.576	0.389	0.420
1160	0.335	0.571	0.390	0.417
1170	0.337	0.558	0.392	0.410
1180	0.335	0.575	0.390	0.416
1190	0.336	0.580	0.391	0.412
eigenvalues:  tensor([24.5936, 23.5260])
hess item is 1.0
1200	0.332	0.590	0.388	0.418
1210	0.332	0.579	0.389	0.415
1220	0.331	0.588	0.388	0.419
1230	0.332	0.577	0.390	0.416
1240	0.332	0.590	0.390	0.414
eigenvalues:  tensor([25.5906, 23.7982])
hess item is 1.0
1250	0.331	0.585	0.390	0.414
1260	0.329	0.590	0.388	0.422
1270	0.331	0.591	0.391	0.418
1280	0.329	0.589	0.389	0.415
1290	0.331	0.589	0.391	0.412
eigenvalues:  tensor([25.4616, 24.0983])
hess item is 1.0
1300	0.331	0.586	0.392	0.413
1310	0.330	0.589	0.391	0.412
1320	0.326	0.594	0.388	0.418
1330	0.327	0.593	0.390	0.415
1340	0.328	0.596	0.390	0.410
eigenvalues:  tensor([25.0602, 24.5523])
hess item is 1.0
1350	0.325	0.604	0.389	0.420
1360	0.326	0.602	0.390	0.418
1370	0.327	0.595	0.391	0.414
1380	0.326	0.591	0.390	0.415
1390	0.324	0.597	0.390	0.415
eigenvalues:  tensor([25.8131, 24.6161])
hess item is 1.0
1400	0.325	0.602	0.390	0.415
1410	0.325	0.604	0.391	0.408
1420	0.322	0.611	0.388	0.421
1430	0.322	0.609	0.389	0.420
1440	0.323	0.603	0.391	0.415
eigenvalues:  tensor([25.7953, 24.8676])
hess item is 1.0
1450	0.323	0.608	0.391	0.414
1460	0.322	0.607	0.391	0.415
1470	0.321	0.608	0.390	0.414
1480	0.321	0.609	0.390	0.415
1490	0.321	0.616	0.391	0.413
eigenvalues:  tensor([26.1967, 25.6304])
hess item is 1.0
1500	0.319	0.615	0.389	0.418
1510	0.320	0.609	0.391	0.417
1520	0.322	0.610	0.393	0.412
1530	0.324	0.609	0.395	0.413
1540	0.317	0.618	0.389	0.417
eigenvalues:  tensor([26.6327, 25.7873])
hess item is 1.0
1550	0.318	0.621	0.390	0.416
1560	0.320	0.620	0.393	0.416
1570	0.318	0.610	0.392	0.411
1580	0.316	0.620	0.390	0.417
1590	0.316	0.625	0.390	0.418
eigenvalues:  tensor([26.8931, 25.5233])
hess item is 1.0
1600	0.317	0.620	0.392	0.413
1610	0.316	0.628	0.391	0.414
1620	0.317	0.622	0.394	0.415
1630	0.315	0.630	0.392	0.415
1640	0.316	0.633	0.392	0.413
eigenvalues:  tensor([27.2149, 25.7687])
hess item is 1.0
1650	0.315	0.638	0.392	0.420
1660	0.314	0.633	0.392	0.414
1670	0.316	0.631	0.395	0.405
1680	0.318	0.630	0.397	0.406
1690	0.312	0.630	0.392	0.414
eigenvalues:  tensor([27.7837, 26.5659])
hess item is 1.0
1700	0.313	0.638	0.392	0.415
1710	0.312	0.635	0.392	0.416
1720	0.309	0.652	0.390	0.417
1730	0.312	0.638	0.394	0.413
1740	0.310	0.643	0.391	0.419
eigenvalues:  tensor([27.5779, 26.8976])
hess item is 1.0
1750	0.313	0.639	0.395	0.412
1760	0.309	0.647	0.392	0.418
1770	0.310	0.636	0.394	0.419
1780	0.311	0.632	0.396	0.408
1790	0.309	0.644	0.394	0.409
eigenvalues:  tensor([28.3583, 26.5101])
hess item is 1.0
1800	0.307	0.652	0.392	0.419
1810	0.309	0.643	0.394	0.415
1820	0.313	0.627	0.398	0.406
1830	0.308	0.644	0.394	0.414
1840	0.309	0.647	0.395	0.410
eigenvalues:  tensor([27.8217, 26.5947])
hess item is 1.0
1850	0.305	0.665	0.391	0.416
1860	0.306	0.652	0.393	0.415
1870	0.308	0.647	0.397	0.411
1880	0.303	0.664	0.391	0.422
1890	0.303	0.658	0.392	0.419
eigenvalues:  tensor([28.7319, 26.4250])
hess item is 1.0
1900	0.308	0.653	0.397	0.411
1910	0.304	0.658	0.394	0.419
1920	0.305	0.661	0.395	0.414
1930	0.305	0.664	0.395	0.416
1940	0.300	0.679	0.391	0.418
eigenvalues:  tensor([28.9315, 27.0757])
hess item is 1.0
1950	0.305	0.657	0.397	0.413
1960	0.305	0.659	0.398	0.412
1970	0.303	0.663	0.395	0.415
1980	0.300	0.669	0.394	0.421
1990	0.304	0.654	0.398	0.411
eigenvalues:  tensor([29.5057, 27.0403])
hess item is 1.0
2000	0.303	0.664	0.397	0.419
2010	0.301	0.668	0.396	0.415
2020	0.301	0.670	0.396	0.412
2030	0.302	0.666	0.397	0.406
2040	0.301	0.669	0.397	0.416
eigenvalues:  tensor([29.0020, 27.1689])
hess item is 1.0
2050	0.296	0.676	0.393	0.419
2060	0.298	0.671	0.395	0.413
2070	0.304	0.662	0.402	0.405
2080	0.300	0.669	0.398	0.409
2090	0.298	0.680	0.396	0.413
eigenvalues:  tensor([28.7672, 26.7506])
hess item is 1.0
2100	0.305	0.657	0.405	0.407
2110	0.294	0.684	0.394	0.417
2120	0.295	0.692	0.395	0.413
2130	0.297	0.683	0.396	0.414
2140	0.297	0.674	0.399	0.414
eigenvalues:  tensor([29.2803, 27.2904])
hess item is 1.0
2150	0.296	0.686	0.397	0.412
2160	0.297	0.671	0.399	0.412
2170	0.298	0.680	0.400	0.407
2180	0.293	0.696	0.396	0.418
2190	0.297	0.676	0.401	0.418
eigenvalues:  tensor([29.4362, 27.1737])
hess item is 1.0
2200	0.293	0.690	0.396	0.418
2210	0.296	0.687	0.400	0.412
2220	0.291	0.697	0.396	0.419
2230	0.297	0.683	0.402	0.406
2240	0.291	0.697	0.397	0.415
eigenvalues:  tensor([30.0303, 27.4273])
hess item is 1.0
2250	0.291	0.696	0.397	0.414
2260	0.290	0.695	0.397	0.416
2270	0.293	0.693	0.400	0.407
2280	0.292	0.693	0.399	0.415
2290	0.288	0.711	0.396	0.417
eigenvalues:  tensor([30.4222, 27.7682])
hess item is 1.0
2300	0.288	0.708	0.397	0.418
2310	0.288	0.703	0.397	0.417
2320	0.291	0.697	0.400	0.413
2330	0.287	0.702	0.397	0.422
2340	0.288	0.698	0.400	0.414
eigenvalues:  tensor([30.4231, 27.5688])
hess item is 1.0
2350	0.296	0.688	0.408	0.405
2360	0.288	0.703	0.399	0.412
2370	0.288	0.705	0.400	0.415
2380	0.285	0.704	0.397	0.418
2390	0.284	0.710	0.397	0.420
eigenvalues:  tensor([30.5914, 27.5880])
hess item is 1.0
2400	0.287	0.708	0.401	0.412
2410	0.287	0.707	0.400	0.415
2420	0.286	0.700	0.400	0.415
2430	0.286	0.710	0.400	0.414
2440	0.284	0.716	0.399	0.413
eigenvalues:  tensor([30.4890, 28.5017])
hess item is 1.0
2450	0.283	0.712	0.398	0.416
2460	0.285	0.704	0.401	0.416
2470	0.280	0.715	0.398	0.416
2480	0.288	0.704	0.405	0.410
2490	0.283	0.711	0.401	0.414
eigenvalues:  tensor([30.8605, 28.1522])
hess item is 1.0
2500	0.282	0.713	0.401	0.414
2510	0.280	0.721	0.399	0.415
2520	0.280	0.725	0.399	0.414
2530	0.288	0.707	0.407	0.410
2540	0.281	0.724	0.401	0.412
eigenvalues:  tensor([31.4989, 27.7253])
hess item is 1.0
2550	0.279	0.730	0.400	0.417
2560	0.282	0.726	0.404	0.405
2570	0.291	0.701	0.412	0.404
2580	0.277	0.723	0.399	0.414
2590	0.282	0.725	0.404	0.408
eigenvalues:  tensor([31.1842, 28.0029])
hess item is 1.0
2600	0.276	0.727	0.399	0.417
2610	0.283	0.724	0.406	0.403
2620	0.278	0.728	0.402	0.416
2630	0.278	0.738	0.402	0.414
2640	0.277	0.736	0.401	0.415
eigenvalues:  tensor([30.5363, 28.3255])
hess item is 1.0
2650	0.277	0.731	0.402	0.415
2660	0.281	0.718	0.406	0.411
2670	0.280	0.724	0.406	0.411
2680	0.274	0.739	0.399	0.416
2690	0.273	0.744	0.399	0.417
eigenvalues:  tensor([30.2437, 28.1991])
hess item is 1.0
2700	0.273	0.740	0.401	0.416
2710	0.277	0.728	0.405	0.418
2720	0.278	0.732	0.405	0.417
2730	0.272	0.746	0.401	0.419
2740	0.273	0.744	0.402	0.419
eigenvalues:  tensor([30.2806, 27.9976])
hess item is 1.0
2750	0.275	0.740	0.404	0.411
2760	0.272	0.741	0.402	0.415
2770	0.278	0.728	0.409	0.404
2780	0.270	0.746	0.401	0.417
2790	0.272	0.740	0.403	0.413
eigenvalues:  tensor([30.7663, 28.2120])
hess item is 1.0
2800	0.273	0.747	0.404	0.414
2810	0.272	0.746	0.405	0.414
2820	0.272	0.747	0.406	0.408
2830	0.274	0.739	0.407	0.407
2840	0.271	0.746	0.405	0.415
eigenvalues:  tensor([29.6543, 28.0699])
hess item is 1.0
2850	0.272	0.745	0.407	0.407
2860	0.270	0.751	0.405	0.414
2870	0.267	0.755	0.402	0.413
2880	0.272	0.750	0.407	0.409
2890	0.274	0.741	0.409	0.409
eigenvalues:  tensor([30.1262, 28.5458])
hess item is 1.0
2900	0.269	0.749	0.405	0.413
2910	0.264	0.766	0.401	0.421
2920	0.267	0.756	0.405	0.410
2930	0.270	0.755	0.408	0.408
2940	0.268	0.751	0.406	0.413
eigenvalues:  tensor([30.0666, 28.8781])
hess item is 1.0
2950	0.268	0.757	0.407	0.409
2960	0.261	0.766	0.401	0.419
2970	0.268	0.749	0.409	0.416
2980	0.265	0.756	0.406	0.414
2990	0.270	0.761	0.411	0.406
eigenvalues:  tensor([31.3832, 29.3372])
hess item is 1.0
3000	0.272	0.752	0.412	0.406
3010	0.262	0.761	0.404	0.421
3020	0.267	0.760	0.409	0.411
3030	0.280	0.733	0.422	0.394
3040	0.263	0.763	0.406	0.411
eigenvalues:  tensor([30.8361, 28.5970])
hess item is 1.0
3050	0.266	0.750	0.410	0.411
3060	0.258	0.783	0.402	0.417
3070	0.266	0.763	0.410	0.407
3080	0.271	0.746	0.415	0.407
3090	0.263	0.771	0.407	0.410
eigenvalues:  tensor([31.3485, 29.0437])
hess item is 1.0
3100	0.260	0.771	0.405	0.415
3110	0.261	0.759	0.407	0.419
3120	0.258	0.779	0.405	0.416
3130	0.258	0.773	0.406	0.417
3140	0.261	0.777	0.409	0.409
eigenvalues:  tensor([32.0266, 29.1792])
hess item is 1.0
3150	0.258	0.777	0.407	0.413
3160	0.261	0.774	0.408	0.413
3170	0.261	0.771	0.412	0.407
3180	0.260	0.773	0.409	0.412
3190	0.257	0.775	0.407	0.416
eigenvalues:  tensor([32.0392, 29.0377])
hess item is 1.0
3200	0.256	0.781	0.407	0.412
3210	0.261	0.772	0.412	0.409
3220	0.262	0.757	0.414	0.411
3230	0.256	0.788	0.408	0.410
3240	0.257	0.788	0.409	0.410
eigenvalues:  tensor([31.8095, 29.0629])
hess item is 1.0
3250	0.256	0.775	0.409	0.416
3260	0.262	0.764	0.415	0.405
3270	0.253	0.788	0.407	0.412
3280	0.257	0.785	0.410	0.412
3290	0.251	0.793	0.405	0.414
eigenvalues:  tensor([31.3894, 29.7017])
hess item is 1.0
3300	0.254	0.786	0.409	0.410
3310	0.251	0.788	0.407	0.420
3320	0.256	0.779	0.412	0.413
3330	0.256	0.788	0.413	0.404
3340	0.258	0.776	0.415	0.410
eigenvalues:  tensor([32.1171, 29.7553])
hess item is 1.0
3350	0.255	0.784	0.412	0.415
3360	0.253	0.795	0.412	0.405
3370	0.261	0.777	0.418	0.401
3380	0.256	0.787	0.414	0.407
3390	0.253	0.788	0.411	0.412
eigenvalues:  tensor([30.2579, 30.0824])
hess item is 1.0
3400	0.251	0.790	0.410	0.415
3410	0.254	0.783	0.413	0.407
3420	0.250	0.793	0.409	0.413
3430	0.253	0.785	0.413	0.408
3440	0.251	0.800	0.411	0.407
eigenvalues:  tensor([29.9632, 29.7552])
hess item is 1.0
3450	0.251	0.791	0.411	0.417
3460	0.248	0.803	0.409	0.413
3470	0.253	0.785	0.416	0.405
3480	0.248	0.801	0.410	0.411
3490	0.247	0.804	0.410	0.411
eigenvalues:  tensor([30.7377, 29.7423])
hess item is 1.0
3500	0.246	0.797	0.409	0.420
3510	0.248	0.800	0.411	0.415
3520	0.254	0.792	0.417	0.407
3530	0.247	0.799	0.412	0.417
3540	0.248	0.801	0.412	0.413
eigenvalues:  tensor([30.3889, 30.0037])
hess item is 1.0
3550	0.248	0.798	0.412	0.411
3560	0.247	0.799	0.413	0.412
3570	0.248	0.802	0.415	0.407
3580	0.249	0.806	0.415	0.401
3590	0.249	0.799	0.415	0.404
eigenvalues:  tensor([30.8651, 29.7930])
hess item is 1.0
3600	0.245	0.805	0.413	0.410
3610	0.245	0.805	0.414	0.409
3620	0.246	0.810	0.413	0.410
3630	0.245	0.799	0.415	0.413
3640	0.242	0.812	0.411	0.415
eigenvalues:  tensor([30.9774, 30.0927])
hess item is 1.0
3650	0.246	0.806	0.416	0.412
3660	0.243	0.811	0.412	0.407
3670	0.250	0.808	0.419	0.401
3680	0.247	0.800	0.419	0.407
3690	0.247	0.808	0.419	0.407
eigenvalues:  tensor([31.1133, 30.4182])
hess item is 1.0
3700	0.248	0.803	0.420	0.404
3710	0.244	0.813	0.417	0.405
3720	0.244	0.801	0.417	0.412
3730	0.240	0.821	0.413	0.412
3740	0.244	0.812	0.417	0.410
eigenvalues:  tensor([30.4914, 30.0567])
hess item is 1.0
3750	0.244	0.800	0.419	0.408
3760	0.246	0.807	0.420	0.408
3770	0.249	0.802	0.422	0.403
3780	0.242	0.819	0.417	0.406
3790	0.239	0.825	0.414	0.410
eigenvalues:  tensor([30.6596, 30.1786])
hess item is 1.0
3800	0.239	0.813	0.415	0.414
3810	0.237	0.822	0.414	0.412
3820	0.240	0.817	0.416	0.411
3830	0.247	0.797	0.425	0.409
3840	0.241	0.812	0.419	0.409
eigenvalues:  tensor([30.9495, 30.5403])
hess item is 1.0
3850	0.233	0.833	0.411	0.410
3860	0.239	0.830	0.418	0.398
3870	0.237	0.823	0.416	0.418
3880	0.236	0.827	0.416	0.406
3890	0.232	0.839	0.412	0.413
eigenvalues:  tensor([31.4270, 30.5190])
hess item is 1.0
3900	0.235	0.824	0.417	0.411
3910	0.237	0.823	0.419	0.411
3920	0.240	0.809	0.421	0.411
3930	0.241	0.817	0.422	0.409
3940	0.239	0.817	0.421	0.405
eigenvalues:  tensor([31.1941, 30.9699])
hess item is 1.0
3950	0.245	0.807	0.428	0.399
3960	0.240	0.812	0.423	0.403
3970	0.245	0.801	0.428	0.406
3980	0.232	0.835	0.416	0.410
3990	0.235	0.827	0.419	0.406
eigenvalues:  tensor([31.3893, 29.5112])
hess item is 1.0
4000	0.232	0.828	0.415	0.417
4010	0.232	0.838	0.416	0.408
4020	0.234	0.818	0.420	0.410
4030	0.242	0.816	0.428	0.405
4040	0.230	0.838	0.416	0.410
eigenvalues:  tensor([31.6265, 29.3159])
hess item is 1.0
4050	0.238	0.822	0.424	0.403
4060	0.231	0.833	0.417	0.412
4070	0.236	0.832	0.422	0.404
4080	0.227	0.845	0.415	0.409
4090	0.234	0.828	0.422	0.405
eigenvalues:  tensor([31.3901, 29.4471])
hess item is 1.0
4100	0.228	0.845	0.416	0.408
4110	0.228	0.847	0.417	0.406
4120	0.231	0.839	0.420	0.406
4130	0.227	0.847	0.417	0.411
4140	0.235	0.831	0.423	0.408
eigenvalues:  tensor([31.6750, 29.9349])
hess item is 1.0
4150	0.229	0.839	0.420	0.409
4160	0.232	0.838	0.422	0.407
4170	0.226	0.843	0.418	0.410
4180	0.228	0.844	0.420	0.405
4190	0.224	0.853	0.416	0.412
eigenvalues:  tensor([32.0874, 29.9481])
hess item is 1.0
4200	0.234	0.832	0.425	0.407
4210	0.230	0.840	0.424	0.403
4220	0.238	0.827	0.432	0.400
4230	0.241	0.824	0.435	0.389
4240	0.226	0.847	0.420	0.410
eigenvalues:  tensor([32.3041, 30.3934])
hess item is 1.0
4250	0.227	0.846	0.421	0.409
4260	0.226	0.845	0.421	0.409
4270	0.229	0.849	0.425	0.404
4280	0.230	0.836	0.428	0.402
4290	0.234	0.828	0.431	0.398
eigenvalues:  tensor([32.3153, 30.5753])
hess item is 1.0
4300	0.231	0.837	0.428	0.402
4310	0.222	0.851	0.419	0.417
4320	0.222	0.857	0.421	0.407
4330	0.224	0.852	0.422	0.414
4340	0.230	0.850	0.429	0.395
eigenvalues:  tensor([30.9772, 30.5715])
hess item is 1.0
4350	0.222	0.853	0.421	0.403
4360	0.228	0.839	0.426	0.406
4370	0.227	0.837	0.426	0.408
4380	0.221	0.856	0.420	0.414
4390	0.219	0.861	0.420	0.406
eigenvalues:  tensor([31.4337, 30.7292])
hess item is 1.0
4400	0.224	0.852	0.424	0.407
4410	0.220	0.854	0.421	0.407
4420	0.220	0.859	0.421	0.406
4430	0.223	0.852	0.425	0.405
4440	0.219	0.854	0.420	0.411
eigenvalues:  tensor([31.7813, 30.6608])
hess item is 1.0
4450	0.222	0.853	0.424	0.409
4460	0.217	0.860	0.419	0.408
4470	0.221	0.859	0.423	0.406
4480	0.224	0.854	0.427	0.403
4490	0.219	0.861	0.424	0.401
eigenvalues:  tensor([31.3325, 30.8859])
hess item is 1.0
4500	0.216	0.872	0.420	0.408
4510	0.219	0.858	0.423	0.409
4520	0.225	0.851	0.430	0.402
4530	0.221	0.862	0.427	0.398
4540	0.217	0.866	0.423	0.404
eigenvalues:  tensor([31.4890, 31.0062])
hess item is 1.0
4550	0.216	0.859	0.423	0.407
4560	0.227	0.840	0.434	0.399
4570	0.214	0.870	0.421	0.406
4580	0.214	0.875	0.422	0.407
4590	0.221	0.858	0.429	0.407
eigenvalues:  tensor([32.6514, 30.7936])
hess item is 1.0
4600	0.214	0.868	0.423	0.409
4610	0.218	0.868	0.428	0.402
4620	0.216	0.868	0.425	0.406
4630	0.214	0.867	0.424	0.405
4640	0.218	0.862	0.426	0.410
eigenvalues:  tensor([31.3273, 30.9336])
hess item is 1.0
4650	0.218	0.851	0.428	0.413
4660	0.234	0.835	0.444	0.401
4670	0.217	0.861	0.430	0.401
4680	0.218	0.863	0.429	0.407
4690	0.226	0.845	0.437	0.408
eigenvalues:  tensor([31.5849, 31.1839])
hess item is 1.0
4700	0.215	0.874	0.427	0.400
4710	0.224	0.845	0.437	0.399
4720	0.214	0.874	0.427	0.405
4730	0.213	0.869	0.426	0.407
4740	0.224	0.865	0.437	0.397
eigenvalues:  tensor([31.7914, 30.6436])
hess item is 1.0
4750	0.219	0.857	0.433	0.401
4760	0.214	0.879	0.427	0.402
4770	0.220	0.864	0.433	0.396
4780	0.214	0.873	0.427	0.402
4790	0.215	0.868	0.429	0.408
eigenvalues:  tensor([31.6219, 31.0755])
hess item is 1.0
4800	0.219	0.863	0.433	0.404
4810	0.211	0.872	0.426	0.409
4820	0.212	0.872	0.428	0.403
4830	0.208	0.877	0.425	0.409
4840	0.217	0.860	0.436	0.396
eigenvalues:  tensor([31.5316, 30.8606])
hess item is 1.0
4850	0.210	0.875	0.428	0.405
4860	0.208	0.884	0.426	0.405
4870	0.213	0.868	0.431	0.404
4880	0.207	0.881	0.425	0.409
4890	0.215	0.867	0.433	0.407
eigenvalues:  tensor([31.6299, 30.5634])
hess item is 1.0
4900	0.210	0.871	0.429	0.407
4910	0.210	0.881	0.429	0.404
4920	0.217	0.860	0.438	0.396
4930	0.213	0.867	0.433	0.405
4940	0.208	0.880	0.429	0.404
eigenvalues:  tensor([32.1091, 30.5081])
hess item is 1.0
4950	0.213	0.863	0.434	0.405
4960	0.210	0.874	0.431	0.404
4970	0.212	0.870	0.433	0.402
4980	0.216	0.863	0.437	0.400
4990	0.211	0.872	0.432	0.405
eigenvalues:  tensor([32.1327, 30.1669])
hess item is 1.0
5000	0.209	0.880	0.429	0.406
5010	0.210	0.873	0.432	0.401
5020	0.204	0.889	0.425	0.412
5030	0.212	0.870	0.435	0.399
5040	0.208	0.883	0.430	0.401
eigenvalues:  tensor([31.7693, 30.4260])
hess item is 1.0
5050	0.209	0.870	0.433	0.405
5060	0.206	0.885	0.430	0.403
5070	0.209	0.871	0.434	0.406
5080	0.202	0.885	0.427	0.412
5090	0.206	0.885	0.431	0.403
eigenvalues:  tensor([32.2345, 30.4958])
hess item is 1.0
5100	0.207	0.884	0.431	0.400
5110	0.204	0.883	0.431	0.407
5120	0.202	0.885	0.429	0.410
5130	0.213	0.874	0.441	0.392
5140	0.208	0.878	0.434	0.404
eigenvalues:  tensor([32.1243, 30.9556])
hess item is 1.0
5150	0.211	0.873	0.438	0.394
5160	0.207	0.881	0.433	0.406
5170	0.205	0.886	0.431	0.408
5180	0.205	0.882	0.433	0.400
5190	0.205	0.892	0.433	0.400
eigenvalues:  tensor([31.7739, 30.9040])
hess item is 1.0
5200	0.203	0.885	0.433	0.400
5210	0.209	0.873	0.438	0.399
5220	0.203	0.886	0.432	0.405
5230	0.208	0.877	0.437	0.405
5240	0.203	0.893	0.432	0.401
eigenvalues:  tensor([32.1826, 30.6088])
hess item is 1.0
5250	0.201	0.887	0.431	0.408
5260	0.204	0.888	0.433	0.404
5270	0.205	0.886	0.435	0.404
5280	0.201	0.895	0.433	0.404
5290	0.203	0.889	0.435	0.392
eigenvalues:  tensor([32.6493, 30.7780])
hess item is 1.0
5300	0.200	0.899	0.431	0.399
5310	0.201	0.897	0.433	0.397
5320	0.197	0.898	0.430	0.405
5330	0.198	0.895	0.430	0.408
5340	0.203	0.892	0.436	0.403
eigenvalues:  tensor([31.5911, 30.9936])
hess item is 1.0
5350	0.201	0.887	0.434	0.405
5360	0.216	0.863	0.448	0.394
5370	0.200	0.902	0.434	0.394
5380	0.203	0.894	0.437	0.397
5390	0.198	0.900	0.432	0.401
eigenvalues:  tensor([32.6244, 30.4834])
hess item is 1.0
5400	0.201	0.891	0.436	0.403
5410	0.205	0.886	0.440	0.401
5420	0.202	0.890	0.438	0.402
5430	0.197	0.894	0.433	0.403
5440	0.202	0.893	0.437	0.401
eigenvalues:  tensor([32.0251, 31.0822])
hess item is 1.0
5450	0.201	0.900	0.437	0.400
5460	0.196	0.900	0.433	0.402
5470	0.204	0.885	0.442	0.391
5480	0.195	0.899	0.433	0.403
5490	0.198	0.898	0.436	0.402
eigenvalues:  tensor([32.3994, 30.6492])
hess item is 1.0
5500	0.193	0.906	0.432	0.405
5510	0.199	0.895	0.438	0.399
5520	0.193	0.906	0.433	0.398
5530	0.197	0.899	0.436	0.398
5540	0.193	0.900	0.434	0.405
eigenvalues:  tensor([31.6091, 31.3215])
hess item is 1.0
5550	0.197	0.893	0.438	0.399
5560	0.204	0.894	0.444	0.395
5570	0.200	0.899	0.442	0.389
5580	0.203	0.887	0.443	0.403
5590	0.193	0.905	0.434	0.400
eigenvalues:  tensor([31.9687, 31.1996])
hess item is 1.0
5600	0.196	0.899	0.438	0.405
5610	0.208	0.884	0.449	0.394
5620	0.191	0.907	0.434	0.405
5630	0.196	0.900	0.439	0.401
5640	0.195	0.901	0.438	0.403
eigenvalues:  tensor([32.0905, 31.5049])
hess item is 1.0
5650	0.196	0.907	0.440	0.397
5660	0.197	0.894	0.442	0.399
5670	0.189	0.915	0.434	0.400
5680	0.194	0.904	0.438	0.404
5690	0.197	0.895	0.442	0.400
eigenvalues:  tensor([32.1852, 31.3521])
hess item is 1.0
5700	0.192	0.905	0.437	0.399
5710	0.190	0.909	0.436	0.401
5720	0.195	0.900	0.440	0.400
5730	0.194	0.908	0.440	0.399
5740	0.195	0.902	0.441	0.400
eigenvalues:  tensor([32.0374, 30.9593])
hess item is 1.0
5750	0.187	0.910	0.434	0.407
5760	0.190	0.904	0.437	0.403
5770	0.194	0.902	0.441	0.400
5780	0.188	0.906	0.436	0.406
5790	0.187	0.915	0.435	0.407
eigenvalues:  tensor([32.1456, 31.5394])
hess item is 1.0
5800	0.196	0.897	0.445	0.400
5810	0.188	0.911	0.437	0.400
5820	0.191	0.901	0.440	0.400
5830	0.191	0.909	0.439	0.398
5840	0.189	0.911	0.438	0.402
eigenvalues:  tensor([31.9269, 31.5794])
hess item is 1.0
5850	0.199	0.899	0.449	0.390
5860	0.184	0.914	0.434	0.407
5870	0.190	0.910	0.441	0.396
5880	0.188	0.906	0.439	0.405
5890	0.190	0.909	0.441	0.401
eigenvalues:  tensor([32.1615, 30.9284])
hess item is 1.0
5900	0.193	0.904	0.444	0.391
5910	0.184	0.914	0.436	0.403
5920	0.197	0.899	0.448	0.399
5930	0.189	0.905	0.442	0.404
5940	0.182	0.920	0.435	0.407
eigenvalues:  tensor([32.6705, 30.8783])
hess item is 1.0
5950	0.193	0.900	0.445	0.403
5960	0.187	0.917	0.440	0.402
5970	0.188	0.913	0.441	0.403
5980	0.187	0.914	0.440	0.398
5990	0.184	0.914	0.438	0.404
eigenvalues:  tensor([32.6594, 31.0658])
hess item is 1.0
6000	0.195	0.896	0.449	0.394
6010	0.189	0.905	0.444	0.396
6020	0.188	0.910	0.444	0.398
6030	0.184	0.919	0.441	0.398
6040	0.181	0.918	0.437	0.405
eigenvalues:  tensor([33.0214, 31.4969])
hess item is 1.0
6050	0.184	0.919	0.441	0.399
6060	0.183	0.917	0.439	0.401
6070	0.183	0.925	0.440	0.394
6080	0.180	0.924	0.438	0.402
6090	0.182	0.916	0.440	0.402
eigenvalues:  tensor([32.9117, 31.5489])
hess item is 1.0
6100	0.187	0.903	0.444	0.407
6110	0.191	0.907	0.449	0.394
6120	0.185	0.909	0.442	0.406
6130	0.189	0.906	0.447	0.398
6140	0.189	0.905	0.448	0.396
eigenvalues:  tensor([32.0604, 31.2726])
hess item is 1.0
6150	0.184	0.920	0.443	0.400
6160	0.179	0.918	0.439	0.404
6170	0.181	0.916	0.442	0.405
6180	0.185	0.905	0.446	0.403
6190	0.181	0.921	0.440	0.406
eigenvalues:  tensor([32.6514, 31.2325])
hess item is 1.0
6200	0.181	0.924	0.442	0.398
6210	0.182	0.917	0.444	0.400
6220	0.188	0.911	0.450	0.398
6230	0.188	0.911	0.451	0.393
6240	0.186	0.912	0.448	0.394
eigenvalues:  tensor([32.0461, 31.9845])
hess item is 1.0
6250	0.181	0.920	0.442	0.400
6260	0.183	0.920	0.446	0.398
6270	0.189	0.910	0.451	0.396
6280	0.184	0.912	0.447	0.396
6290	0.182	0.919	0.445	0.399
eigenvalues:  tensor([32.4958, 31.6726])
hess item is 1.0
6300	0.180	0.922	0.444	0.397
6310	0.190	0.913	0.452	0.396
6320	0.181	0.920	0.444	0.400
6330	0.187	0.913	0.451	0.391
6340	0.181	0.922	0.445	0.400
eigenvalues:  tensor([32.2902, 31.8617])
hess item is 1.0
6350	0.178	0.920	0.443	0.395
6360	0.180	0.923	0.446	0.394
6370	0.186	0.911	0.453	0.392
6380	0.184	0.911	0.451	0.399
6390	0.175	0.925	0.442	0.403
eigenvalues:  tensor([32.5218, 31.5238])
hess item is 1.0
6400	0.178	0.923	0.444	0.406
6410	0.180	0.922	0.447	0.393
6420	0.178	0.924	0.446	0.401
6430	0.176	0.923	0.446	0.394
6440	0.178	0.923	0.445	0.399
eigenvalues:  tensor([32.3744, 31.8941])
hess item is 1.0
6450	0.176	0.927	0.443	0.402
6460	0.183	0.911	0.452	0.394
6470	0.177	0.925	0.445	0.396
6480	0.176	0.925	0.444	0.405
6490	0.178	0.921	0.448	0.396
eigenvalues:  tensor([32.3935, 31.8707])
hess item is 1.0
6500	0.172	0.929	0.442	0.401
6510	0.174	0.930	0.443	0.400
6520	0.176	0.922	0.446	0.402
6530	0.179	0.923	0.448	0.400
6540	0.179	0.920	0.448	0.398
eigenvalues:  tensor([32.7488, 31.7086])
hess item is 1.0
6550	0.180	0.922	0.450	0.395
6560	0.176	0.927	0.446	0.401
6570	0.175	0.928	0.446	0.399
6580	0.178	0.922	0.448	0.402
6590	0.173	0.924	0.444	0.403
eigenvalues:  tensor([32.5423, 31.8414])
hess item is 1.0
6600	0.179	0.924	0.451	0.396
6610	0.177	0.925	0.449	0.397
6620	0.173	0.924	0.446	0.405
6630	0.179	0.921	0.450	0.397
6640	0.180	0.926	0.451	0.396
eigenvalues:  tensor([31.4652, 30.9246])
hess item is 1.0
6650	0.181	0.921	0.453	0.397
6660	0.172	0.929	0.445	0.401
6670	0.172	0.933	0.445	0.395
6680	0.171	0.930	0.445	0.403
6690	0.183	0.915	0.456	0.397
eigenvalues:  tensor([31.7728, 31.3398])
hess item is 1.0
6700	0.172	0.933	0.447	0.395
6710	0.175	0.925	0.450	0.400
6720	0.176	0.929	0.451	0.395
6730	0.179	0.918	0.454	0.398
6740	0.175	0.923	0.451	0.395
eigenvalues:  tensor([31.9053, 30.9071])
hess item is 1.0
6750	0.176	0.929	0.453	0.390
6760	0.170	0.933	0.447	0.401
6770	0.174	0.932	0.452	0.391
6780	0.171	0.928	0.449	0.403
6790	0.175	0.924	0.452	0.391
eigenvalues:  tensor([31.9261, 31.5430])
hess item is 1.0
6800	0.167	0.938	0.445	0.402
6810	0.175	0.920	0.453	0.395
6820	0.168	0.937	0.445	0.398
6830	0.182	0.914	0.460	0.393
6840	0.169	0.933	0.446	0.404
eigenvalues:  tensor([32.4825, 31.5050])
hess item is 1.0
6850	0.167	0.934	0.445	0.403
6860	0.168	0.934	0.446	0.404
6870	0.170	0.928	0.449	0.401
6880	0.178	0.921	0.457	0.394
6890	0.175	0.930	0.453	0.398
eigenvalues:  tensor([32.5333, 31.4797])
hess item is 1.0
6900	0.172	0.934	0.451	0.394
6910	0.171	0.929	0.451	0.401
6920	0.165	0.939	0.446	0.399
6930	0.177	0.923	0.457	0.391
6940	0.163	0.943	0.445	0.398
eigenvalues:  tensor([32.5204, 31.7449])
hess item is 1.0
6950	0.171	0.930	0.453	0.396
6960	0.172	0.930	0.453	0.401
6970	0.176	0.920	0.458	0.394
6980	0.171	0.934	0.450	0.400
6990	0.165	0.938	0.447	0.399
eigenvalues:  tensor([31.7381, 31.0973])
hess item is 1.0
7000	0.169	0.934	0.451	0.395
7010	0.172	0.928	0.453	0.397
7020	0.164	0.942	0.446	0.400
7030	0.169	0.935	0.452	0.395
7040	0.173	0.931	0.454	0.393
eigenvalues:  tensor([31.9380, 30.3636])
hess item is 1.0
7050	0.165	0.939	0.449	0.399
7060	0.168	0.939	0.452	0.396
7070	0.168	0.940	0.453	0.392
7080	0.166	0.934	0.450	0.398
7090	0.169	0.936	0.455	0.395
eigenvalues:  tensor([31.6464, 30.4692])
hess item is 1.0
7100	0.170	0.933	0.455	0.390
7110	0.164	0.945	0.449	0.393
7120	0.168	0.937	0.454	0.394
7130	0.163	0.942	0.449	0.399
7140	0.167	0.931	0.453	0.398
eigenvalues:  tensor([32.3983, 30.6987])
hess item is 1.0
7150	0.168	0.937	0.455	0.398
7160	0.164	0.942	0.451	0.396
7170	0.163	0.940	0.451	0.397
7180	0.168	0.940	0.455	0.389
7190	0.165	0.939	0.452	0.400
eigenvalues:  tensor([32.3989, 31.7207])
hess item is 1.0
7200	0.159	0.942	0.448	0.399
7210	0.161	0.939	0.449	0.401
7220	0.165	0.939	0.454	0.392
7230	0.167	0.936	0.456	0.392
7240	0.161	0.937	0.450	0.400
eigenvalues:  tensor([32.3131, 31.9780])
hess item is 1.0
7250	0.167	0.937	0.457	0.391
7260	0.178	0.918	0.465	0.394
7270	0.161	0.943	0.449	0.398
7280	0.164	0.934	0.453	0.396
7290	0.169	0.934	0.458	0.394
eigenvalues:  tensor([32.2922, 31.5306])
hess item is 1.0
7300	0.164	0.940	0.454	0.396
7310	0.165	0.941	0.455	0.398
7320	0.161	0.948	0.452	0.391
7330	0.163	0.939	0.456	0.395
7340	0.159	0.946	0.450	0.399
eigenvalues:  tensor([32.4418, 31.5897])
hess item is 1.0
7350	0.164	0.939	0.456	0.395
7360	0.161	0.944	0.452	0.396
7370	0.160	0.942	0.451	0.400
7380	0.172	0.933	0.464	0.390
7390	0.163	0.938	0.454	0.398
eigenvalues:  tensor([32.7043, 31.1918])
hess item is 1.0
7400	0.168	0.932	0.459	0.394
7410	0.163	0.937	0.456	0.395
7420	0.154	0.947	0.447	0.404
7430	0.169	0.927	0.462	0.399
7440	0.165	0.936	0.458	0.392
eigenvalues:  tensor([33.0534, 31.1650])
hess item is 1.0
7450	0.158	0.943	0.451	0.397
7460	0.162	0.943	0.456	0.393
7470	0.163	0.940	0.456	0.394
7480	0.158	0.943	0.452	0.394
7490	0.159	0.945	0.453	0.400
eigenvalues:  tensor([32.2741, 31.1564])
hess item is 1.0
7500	0.157	0.945	0.452	0.396
7510	0.159	0.941	0.454	0.402
7520	0.169	0.933	0.463	0.393
7530	0.162	0.941	0.456	0.396
7540	0.160	0.943	0.455	0.394
eigenvalues:  tensor([32.7378, 31.2012])
hess item is 1.0
7550	0.166	0.932	0.462	0.390
7560	0.155	0.946	0.450	0.396
7570	0.154	0.946	0.450	0.400
7580	0.164	0.932	0.460	0.393
7590	0.158	0.944	0.455	0.394
eigenvalues:  tensor([32.5717, 31.4672])
hess item is 1.0
7600	0.157	0.949	0.455	0.392
7610	0.157	0.947	0.456	0.393
7620	0.161	0.942	0.460	0.398
7630	0.160	0.942	0.460	0.396
7640	0.156	0.948	0.455	0.397
eigenvalues:  tensor([33.0405, 31.4963])
hess item is 1.0
7650	0.158	0.948	0.458	0.394
7660	0.153	0.950	0.453	0.399
7670	0.168	0.934	0.468	0.386
7680	0.161	0.944	0.461	0.396
7690	0.157	0.949	0.458	0.390
eigenvalues:  tensor([32.6822, 31.5300])
hess item is 1.0
7700	0.152	0.951	0.453	0.395
7710	0.158	0.945	0.458	0.395
7720	0.154	0.951	0.454	0.397
7730	0.174	0.933	0.471	0.384
7740	0.159	0.940	0.460	0.390
eigenvalues:  tensor([32.6090, 31.0449])
hess item is 1.0
7750	0.155	0.947	0.455	0.399
7760	0.152	0.952	0.453	0.394
7770	0.156	0.947	0.456	0.395
7780	0.153	0.950	0.454	0.395
7790	0.155	0.951	0.456	0.396
eigenvalues:  tensor([31.5624, 30.9246])
hess item is 1.0
7800	0.158	0.947	0.457	0.395
7810	0.157	0.946	0.459	0.393
7820	0.155	0.947	0.457	0.396
7830	0.153	0.951	0.455	0.394
7840	0.150	0.951	0.453	0.400
eigenvalues:  tensor([32.0775, 31.3609])
hess item is 1.0
7850	0.157	0.945	0.460	0.390
7860	0.159	0.949	0.462	0.390
7870	0.157	0.947	0.460	0.393
7880	0.158	0.946	0.463	0.393
7890	0.162	0.937	0.465	0.393
eigenvalues:  tensor([32.1139, 31.1211])
hess item is 1.0
7900	0.161	0.939	0.465	0.394
7910	0.156	0.945	0.460	0.393
7920	0.152	0.948	0.457	0.392
7930	0.157	0.945	0.462	0.396
7940	0.153	0.950	0.459	0.397
eigenvalues:  tensor([32.6083, 31.9103])
hess item is 1.0
7950	0.153	0.949	0.460	0.392
7960	0.148	0.957	0.454	0.400
7970	0.155	0.945	0.461	0.391
7980	0.158	0.947	0.465	0.393
7990	0.149	0.954	0.456	0.398
eigenvalues:  tensor([32.4662, 31.8885])
hess item is 1.0
8000	0.153	0.954	0.460	0.392
8010	0.146	0.954	0.454	0.396
8020	0.148	0.956	0.455	0.398
8030	0.155	0.945	0.464	0.396
8040	0.146	0.954	0.455	0.400
eigenvalues:  tensor([32.3294, 31.9142])
hess item is 1.0
8050	0.158	0.942	0.467	0.396
8060	0.149	0.956	0.459	0.391
8070	0.160	0.948	0.469	0.386
8080	0.150	0.948	0.459	0.397
8090	0.149	0.947	0.458	0.397
eigenvalues:  tensor([32.7379, 31.4646])
hess item is 1.0
8100	0.151	0.956	0.461	0.391
8110	0.153	0.948	0.462	0.390
8120	0.156	0.950	0.467	0.386
8130	0.149	0.953	0.460	0.398
8140	0.149	0.951	0.459	0.394
eigenvalues:  tensor([33.4976, 31.5649])
hess item is 1.0
8150	0.147	0.956	0.458	0.398
8160	0.149	0.957	0.461	0.392
8170	0.150	0.953	0.462	0.393
8180	0.150	0.950	0.462	0.395
8190	0.154	0.946	0.467	0.390
eigenvalues:  tensor([32.8641, 31.7015])
hess item is 1.0
8200	0.149	0.953	0.461	0.396
8210	0.149	0.955	0.462	0.390
8220	0.152	0.948	0.466	0.396
8230	0.147	0.956	0.462	0.400
8240	0.154	0.944	0.469	0.388
eigenvalues:  tensor([32.6835, 32.0253])
hess item is 1.0
8250	0.149	0.951	0.464	0.399
8260	0.146	0.959	0.460	0.394
8270	0.145	0.955	0.460	0.394
8280	0.151	0.946	0.465	0.394
8290	0.152	0.952	0.467	0.395
eigenvalues:  tensor([33.1110, 32.1605])
hess item is 1.0
8300	0.149	0.956	0.464	0.392
8310	0.149	0.953	0.465	0.398
8320	0.146	0.954	0.461	0.395
8330	0.149	0.956	0.464	0.398
8340	0.151	0.950	0.466	0.395
eigenvalues:  tensor([33.1113, 31.3994])
hess item is 1.0
8350	0.153	0.949	0.468	0.388
8360	0.145	0.955	0.461	0.391
8370	0.150	0.949	0.467	0.388
8380	0.147	0.955	0.463	0.388
8390	0.148	0.955	0.464	0.394
eigenvalues:  tensor([33.2569, 31.4779])
hess item is 1.0
8400	0.153	0.957	0.469	0.387
8410	0.145	0.962	0.463	0.388
8420	0.146	0.955	0.464	0.391
8430	0.142	0.959	0.460	0.392
8440	0.146	0.953	0.464	0.389
eigenvalues:  tensor([32.3804, 31.1247])
hess item is 1.0
8450	0.143	0.956	0.461	0.399
8460	0.156	0.943	0.472	0.386
8470	0.155	0.946	0.472	0.385
8480	0.147	0.953	0.465	0.393
8490	0.145	0.959	0.463	0.397
eigenvalues:  tensor([32.2666, 31.1963])
hess item is 1.0
8500	0.148	0.956	0.466	0.396
8510	0.150	0.956	0.468	0.387
8520	0.152	0.955	0.470	0.387
8530	0.149	0.953	0.468	0.389
8540	0.147	0.951	0.465	0.390
eigenvalues:  tensor([32.0607, 31.5205])
hess item is 1.0
8550	0.140	0.961	0.460	0.391
8560	0.139	0.962	0.459	0.394
8570	0.148	0.953	0.467	0.393
8580	0.142	0.960	0.462	0.394
8590	0.149	0.952	0.468	0.389
eigenvalues:  tensor([32.2491, 30.9790])
hess item is 1.0
8600	0.143	0.956	0.462	0.393
8610	0.141	0.959	0.461	0.395
8620	0.146	0.957	0.465	0.390
8630	0.139	0.961	0.459	0.395
8640	0.144	0.960	0.463	0.396
eigenvalues:  tensor([32.3594, 31.2719])
hess item is 1.0
8650	0.140	0.961	0.462	0.390
8660	0.160	0.944	0.483	0.383
8670	0.147	0.951	0.468	0.389
8680	0.158	0.936	0.479	0.384
8690	0.149	0.956	0.469	0.394
eigenvalues:  tensor([32.5539, 30.9671])
hess item is 1.0
8700	0.144	0.959	0.466	0.389
8710	0.141	0.963	0.464	0.391
8720	0.141	0.958	0.464	0.391
8730	0.136	0.963	0.459	0.397
8740	0.141	0.958	0.464	0.395
eigenvalues:  tensor([32.1357, 31.3707])
hess item is 1.0
8750	0.138	0.965	0.461	0.393
8760	0.145	0.953	0.467	0.390
8770	0.139	0.963	0.464	0.390
8780	0.143	0.957	0.468	0.390
8790	0.140	0.957	0.465	0.398
eigenvalues:  tensor([32.6074, 31.6119])
hess item is 1.0
8800	0.139	0.959	0.465	0.395
8810	0.142	0.958	0.467	0.390
8820	0.139	0.962	0.465	0.397
8830	0.140	0.956	0.467	0.394
8840	0.145	0.954	0.470	0.394
eigenvalues:  tensor([32.8725, 31.0289])
hess item is 1.0
8850	0.144	0.955	0.471	0.391
8860	0.141	0.960	0.469	0.386
8870	0.154	0.946	0.481	0.387
8880	0.141	0.962	0.469	0.389
8890	0.139	0.962	0.467	0.386
eigenvalues:  tensor([32.9960, 32.1256])
hess item is 1.0
8900	0.135	0.962	0.463	0.398
8910	0.135	0.966	0.463	0.394
8920	0.136	0.963	0.465	0.390
8930	0.140	0.959	0.470	0.395
8940	0.140	0.961	0.470	0.388
eigenvalues:  tensor([32.9015, 32.0638])
hess item is 1.0
8950	0.145	0.954	0.475	0.391
8960	0.138	0.963	0.467	0.393
8970	0.143	0.962	0.473	0.391
8980	0.136	0.963	0.467	0.389
8990	0.139	0.961	0.469	0.392
eigenvalues:  tensor([32.9358, 31.2574])
hess item is 1.0
9000	0.137	0.964	0.468	0.388
9010	0.136	0.964	0.466	0.392
9020	0.138	0.966	0.469	0.389
9030	0.135	0.966	0.465	0.394
9040	0.142	0.959	0.471	0.395
eigenvalues:  tensor([32.9405, 31.3436])
hess item is 1.0
9050	0.143	0.957	0.473	0.395
9060	0.140	0.959	0.471	0.392
9070	0.134	0.963	0.465	0.400
9080	0.139	0.959	0.470	0.394
9090	0.135	0.963	0.467	0.393
eigenvalues:  tensor([32.0686, 31.4339])
hess item is 1.0
9100	0.142	0.958	0.474	0.388
9110	0.136	0.967	0.466	0.392
9120	0.136	0.961	0.466	0.387
9130	0.136	0.966	0.467	0.391
9140	0.137	0.964	0.467	0.399
eigenvalues:  tensor([31.1729, 31.0068])
hess item is 1.0
9150	0.142	0.957	0.472	0.387
9160	0.133	0.967	0.463	0.397
9170	0.133	0.965	0.465	0.389
9180	0.139	0.957	0.471	0.389
9190	0.139	0.965	0.473	0.387
eigenvalues:  tensor([32.1842, 31.3654])
hess item is 1.0
9200	0.139	0.962	0.472	0.384
9210	0.143	0.956	0.475	0.386
9220	0.132	0.968	0.465	0.391
9230	0.139	0.960	0.473	0.390
9240	0.146	0.955	0.476	0.393
eigenvalues:  tensor([31.5775, 31.0362])
hess item is 1.0
9250	0.133	0.969	0.466	0.394
9260	0.133	0.966	0.467	0.389
9270	0.139	0.967	0.474	0.386
9280	0.143	0.954	0.477	0.382
9290	0.135	0.962	0.470	0.389
eigenvalues:  tensor([32.2551, 30.8695])
hess item is 1.0
9300	0.139	0.963	0.474	0.382
9310	0.137	0.961	0.471	0.390
9320	0.143	0.955	0.478	0.389
9330	0.141	0.955	0.475	0.385
9340	0.132	0.965	0.467	0.390
eigenvalues:  tensor([31.9750, 30.7356])
hess item is 1.0
9350	0.146	0.956	0.480	0.384
9360	0.137	0.962	0.471	0.390
9370	0.138	0.964	0.473	0.387
9380	0.131	0.969	0.466	0.388
9390	0.131	0.968	0.466	0.387
eigenvalues:  tensor([31.2333, 30.6535])
hess item is 1.0
9400	0.135	0.965	0.471	0.387
9410	0.131	0.967	0.468	0.386
9420	0.134	0.963	0.470	0.395
9430	0.133	0.968	0.469	0.389
9440	0.134	0.966	0.468	0.397
eigenvalues:  tensor([31.6413, 31.0130])
hess item is 1.0
9450	0.140	0.962	0.476	0.387
9460	0.134	0.965	0.470	0.394
9470	0.132	0.966	0.468	0.396
9480	0.129	0.968	0.466	0.391
9490	0.132	0.964	0.470	0.394
eigenvalues:  tensor([32.4410, 31.1412])
hess item is 1.0
9500	0.138	0.962	0.477	0.380
9510	0.139	0.961	0.478	0.384
9520	0.128	0.970	0.466	0.396
9530	0.144	0.955	0.481	0.389
9540	0.139	0.958	0.477	0.387
eigenvalues:  tensor([32.6007, 31.3419])
hess item is 1.0
9550	0.130	0.970	0.468	0.390
9560	0.134	0.965	0.473	0.390
9570	0.129	0.971	0.469	0.391
9580	0.130	0.972	0.469	0.390
9590	0.135	0.960	0.474	0.385
eigenvalues:  tensor([32.2057, 30.7696])
hess item is 1.0
9600	0.130	0.970	0.471	0.388
9610	0.134	0.965	0.474	0.390
9620	0.136	0.965	0.475	0.394
9630	0.143	0.957	0.482	0.387
9640	0.132	0.967	0.470	0.394
eigenvalues:  tensor([31.5509, 30.1638])
hess item is 1.0
9650	0.145	0.953	0.482	0.379
9660	0.127	0.968	0.465	0.393
9670	0.128	0.969	0.467	0.396
9680	0.129	0.969	0.468	0.396
9690	0.133	0.967	0.472	0.391
eigenvalues:  tensor([30.9805, 30.3439])
hess item is 1.0
9700	0.126	0.970	0.466	0.395
9710	0.131	0.965	0.470	0.394
9720	0.129	0.967	0.470	0.392
9730	0.130	0.968	0.472	0.390
9740	0.132	0.966	0.472	0.391
eigenvalues:  tensor([30.7835, 30.4214])
hess item is 1.0
9750	0.138	0.961	0.479	0.386
9760	0.129	0.969	0.470	0.391
9770	0.127	0.970	0.469	0.393
9780	0.125	0.973	0.467	0.393
9790	0.136	0.963	0.478	0.390
eigenvalues:  tensor([31.2177, 30.1351])
hess item is 1.0
9800	0.126	0.973	0.469	0.390
9810	0.128	0.966	0.471	0.396
9820	0.135	0.960	0.477	0.392
9830	0.125	0.969	0.468	0.394
9840	0.130	0.971	0.474	0.387
eigenvalues:  tensor([31.3315, 30.0494])
hess item is 1.0
9850	0.136	0.966	0.481	0.377
9860	0.131	0.968	0.473	0.393
9870	0.128	0.971	0.473	0.386
9880	0.136	0.965	0.480	0.388
9890	0.125	0.972	0.470	0.390
eigenvalues:  tensor([31.1617, 30.7034])
hess item is 1.0
9900	0.129	0.969	0.475	0.387
9910	0.134	0.962	0.480	0.391
9920	0.129	0.968	0.474	0.384
9930	0.128	0.969	0.473	0.388
9940	0.125	0.970	0.470	0.390
eigenvalues:  tensor([31.5532, 30.7266])
hess item is 1.0
9950	0.129	0.967	0.476	0.384
9960	0.130	0.965	0.476	0.386
9970	0.133	0.965	0.479	0.384
9980	0.122	0.972	0.469	0.393
9990	0.128	0.968	0.475	0.393
