device: cuda:5
output directory: RESULTS/cifar10-10k/fc-tanh/seed_0/mse/ivon/lr_0.05_h0_0.1_post_10_alpha_10_ivon
Files already downloaded and verified
Files already downloaded and verified
0	0.597	0.131	0.597	0.131
10	0.444	0.279	0.449	0.263
20	0.427	0.320	0.432	0.306
30	0.413	0.352	0.419	0.325
40	0.411	0.362	0.417	0.336
eigenvalues:  tensor([26.2879, 23.6893])
50	0.407	0.368	0.414	0.343
60	0.404	0.374	0.411	0.354
70	0.403	0.373	0.410	0.349
80	0.401	0.381	0.409	0.358
90	0.399	0.386	0.407	0.361
eigenvalues:  tensor([16.2957, 15.6294])
100	0.398	0.390	0.405	0.363
110	0.399	0.386	0.406	0.366
120	0.397	0.393	0.404	0.371
130	0.397	0.393	0.405	0.368
140	0.397	0.396	0.405	0.370
eigenvalues:  tensor([13.1505, 12.2393])
150	0.396	0.395	0.404	0.375
160	0.396	0.397	0.403	0.373
170	0.395	0.396	0.403	0.370
180	0.396	0.394	0.403	0.373
190	0.395	0.399	0.403	0.376
eigenvalues:  tensor([11.1914, 10.3578])
200	0.394	0.403	0.402	0.379
210	0.394	0.401	0.402	0.377
220	0.395	0.400	0.403	0.375
230	0.394	0.404	0.402	0.376
240	0.393	0.409	0.401	0.380
eigenvalues:  tensor([10.0897,  9.4898])
250	0.393	0.408	0.401	0.377
260	0.393	0.411	0.401	0.380
270	0.393	0.404	0.401	0.381
280	0.393	0.404	0.401	0.379
290	0.392	0.411	0.400	0.381
eigenvalues:  tensor([9.3634, 8.6457])
300	0.393	0.407	0.401	0.380
310	0.393	0.405	0.401	0.379
320	0.392	0.409	0.400	0.380
330	0.392	0.408	0.400	0.379
340	0.391	0.408	0.400	0.382
eigenvalues:  tensor([9.0256, 8.0957])
350	0.391	0.412	0.400	0.381
360	0.391	0.414	0.400	0.383
370	0.391	0.413	0.400	0.385
380	0.391	0.412	0.399	0.380
390	0.390	0.417	0.399	0.382
eigenvalues:  tensor([8.7291, 7.7394])
400	0.391	0.414	0.400	0.380
410	0.390	0.417	0.399	0.384
420	0.390	0.419	0.399	0.383
430	0.391	0.413	0.400	0.383
440	0.391	0.412	0.400	0.381
eigenvalues:  tensor([8.3301, 7.4601])
450	0.390	0.415	0.399	0.381
460	0.389	0.418	0.398	0.384
470	0.390	0.414	0.399	0.380
480	0.389	0.417	0.399	0.383
490	0.389	0.415	0.398	0.382
eigenvalues:  tensor([8.2427, 7.1472])
500	0.390	0.416	0.399	0.383
510	0.389	0.420	0.399	0.385
520	0.389	0.418	0.399	0.384
530	0.389	0.419	0.398	0.384
540	0.388	0.421	0.398	0.385
eigenvalues:  tensor([7.8226, 6.8105])
550	0.388	0.418	0.398	0.387
560	0.388	0.419	0.398	0.387
570	0.388	0.421	0.397	0.385
580	0.388	0.421	0.397	0.383
590	0.387	0.422	0.397	0.386
eigenvalues:  tensor([7.8205, 6.5467])
600	0.388	0.419	0.398	0.384
610	0.387	0.421	0.397	0.387
620	0.387	0.419	0.397	0.386
630	0.387	0.420	0.397	0.384
640	0.387	0.419	0.397	0.385
eigenvalues:  tensor([7.6639, 6.4752])
650	0.387	0.419	0.397	0.386
660	0.387	0.420	0.397	0.384
670	0.387	0.423	0.397	0.386
680	0.386	0.424	0.396	0.389
690	0.386	0.421	0.397	0.388
eigenvalues:  tensor([7.4366, 6.3357])
700	0.386	0.422	0.397	0.387
710	0.386	0.423	0.397	0.387
720	0.386	0.423	0.396	0.389
730	0.386	0.420	0.396	0.386
740	0.386	0.421	0.396	0.389
eigenvalues:  tensor([7.1162, 6.0647])
750	0.386	0.422	0.396	0.388
760	0.385	0.426	0.396	0.388
770	0.386	0.424	0.396	0.387
780	0.385	0.424	0.396	0.387
790	0.385	0.424	0.396	0.389
eigenvalues:  tensor([7.0457, 5.9485])
800	0.385	0.425	0.396	0.390
810	0.385	0.428	0.396	0.391
820	0.385	0.429	0.396	0.391
830	0.384	0.430	0.395	0.390
840	0.385	0.426	0.396	0.389
eigenvalues:  tensor([6.7854, 5.8116])
850	0.384	0.424	0.396	0.390
860	0.384	0.427	0.395	0.391
870	0.384	0.428	0.395	0.391
880	0.384	0.426	0.395	0.392
890	0.384	0.430	0.395	0.392
eigenvalues:  tensor([6.8102, 5.6695])
900	0.384	0.426	0.396	0.390
910	0.384	0.427	0.395	0.392
920	0.383	0.428	0.395	0.391
930	0.383	0.430	0.395	0.392
940	0.383	0.428	0.395	0.391
eigenvalues:  tensor([6.8219, 5.5744])
950	0.383	0.428	0.395	0.390
960	0.383	0.430	0.395	0.391
970	0.383	0.430	0.395	0.393
980	0.383	0.432	0.395	0.393
990	0.383	0.431	0.395	0.393
