device: cuda:2
output directory: RESULTS/cifar10-10k/fc-tanh/seed_0/mse/ivon/lr_0.05_h0_0.07_post_10_alpha_10_ivon
Files already downloaded and verified
Files already downloaded and verified
0	0.597	0.131	0.597	0.131
10	0.448	0.278	0.452	0.266
20	0.427	0.318	0.432	0.306
30	0.418	0.341	0.423	0.322
40	0.414	0.357	0.419	0.332
eigenvalues:  tensor([23.8226, 21.3347])
50	0.410	0.365	0.416	0.344
60	0.409	0.365	0.415	0.345
70	0.406	0.368	0.412	0.350
80	0.404	0.374	0.410	0.354
90	0.403	0.377	0.409	0.358
eigenvalues:  tensor([13.8122, 13.4093])
100	0.402	0.380	0.408	0.357
110	0.403	0.380	0.409	0.359
120	0.401	0.384	0.407	0.362
130	0.401	0.383	0.408	0.362
140	0.401	0.384	0.408	0.364
eigenvalues:  tensor([11.1760, 10.2161])
150	0.400	0.388	0.406	0.368
160	0.400	0.388	0.406	0.367
170	0.400	0.383	0.406	0.365
180	0.400	0.383	0.406	0.363
190	0.399	0.389	0.405	0.372
eigenvalues:  tensor([9.4263, 8.6237])
200	0.398	0.391	0.404	0.372
210	0.399	0.391	0.405	0.371
220	0.401	0.386	0.407	0.369
230	0.398	0.390	0.405	0.374
240	0.398	0.393	0.404	0.374
eigenvalues:  tensor([8.5395, 7.9324])
250	0.398	0.393	0.404	0.373
260	0.397	0.394	0.404	0.373
270	0.398	0.390	0.404	0.372
280	0.398	0.392	0.404	0.372
290	0.397	0.393	0.403	0.376
eigenvalues:  tensor([7.7315, 7.3780])
300	0.397	0.392	0.404	0.373
310	0.397	0.389	0.404	0.369
320	0.397	0.389	0.404	0.372
330	0.397	0.390	0.404	0.373
340	0.396	0.388	0.403	0.373
eigenvalues:  tensor([7.3668, 6.9609])
350	0.396	0.391	0.403	0.374
360	0.396	0.395	0.403	0.375
370	0.396	0.395	0.403	0.373
380	0.396	0.395	0.403	0.371
390	0.395	0.398	0.402	0.373
eigenvalues:  tensor([6.9733, 6.6056])
400	0.396	0.396	0.403	0.371
410	0.396	0.399	0.403	0.376
420	0.395	0.399	0.402	0.373
430	0.396	0.395	0.403	0.372
440	0.396	0.396	0.403	0.373
eigenvalues:  tensor([6.7559, 6.4619])
450	0.395	0.396	0.402	0.374
460	0.395	0.397	0.402	0.377
470	0.395	0.393	0.402	0.373
480	0.395	0.397	0.402	0.374
490	0.394	0.399	0.402	0.374
eigenvalues:  tensor([6.6063, 6.1210])
500	0.394	0.398	0.402	0.373
510	0.394	0.398	0.402	0.374
520	0.394	0.399	0.402	0.376
530	0.394	0.398	0.401	0.377
540	0.393	0.401	0.401	0.378
eigenvalues:  tensor([6.2007, 5.8194])
550	0.393	0.401	0.401	0.380
560	0.393	0.402	0.401	0.381
570	0.393	0.403	0.400	0.378
580	0.392	0.405	0.400	0.378
590	0.393	0.403	0.400	0.378
eigenvalues:  tensor([6.2074, 5.5590])
600	0.393	0.402	0.400	0.378
610	0.392	0.405	0.400	0.378
620	0.392	0.405	0.400	0.377
630	0.392	0.404	0.400	0.378
640	0.393	0.402	0.401	0.377
eigenvalues:  tensor([6.0294, 5.5440])
650	0.393	0.401	0.401	0.377
660	0.392	0.404	0.400	0.377
670	0.392	0.406	0.400	0.379
680	0.391	0.409	0.399	0.381
690	0.392	0.403	0.400	0.381
eigenvalues:  tensor([5.8068, 5.3760])
700	0.391	0.406	0.400	0.382
710	0.391	0.403	0.400	0.380
720	0.391	0.406	0.399	0.380
730	0.391	0.404	0.400	0.376
740	0.391	0.403	0.399	0.381
eigenvalues:  tensor([5.6022, 5.1334])
750	0.391	0.402	0.399	0.379
760	0.391	0.406	0.399	0.383
770	0.391	0.404	0.400	0.380
780	0.391	0.403	0.400	0.378
790	0.390	0.406	0.399	0.380
eigenvalues:  tensor([5.6787, 5.1546])
800	0.391	0.405	0.399	0.379
810	0.390	0.410	0.399	0.382
820	0.390	0.410	0.399	0.381
830	0.390	0.412	0.398	0.384
840	0.390	0.409	0.399	0.382
eigenvalues:  tensor([5.4231, 5.0647])
850	0.390	0.405	0.399	0.379
860	0.390	0.408	0.399	0.381
870	0.389	0.413	0.398	0.382
880	0.390	0.408	0.399	0.383
890	0.389	0.408	0.398	0.382
eigenvalues:  tensor([5.4665, 4.9491])
900	0.390	0.405	0.399	0.379
910	0.389	0.408	0.399	0.382
920	0.389	0.410	0.398	0.384
930	0.389	0.409	0.398	0.382
940	0.389	0.408	0.398	0.381
eigenvalues:  tensor([5.3241, 4.8801])
950	0.389	0.407	0.398	0.381
960	0.389	0.410	0.398	0.381
970	0.389	0.410	0.398	0.384
980	0.388	0.413	0.398	0.384
990	0.388	0.413	0.398	0.384
