device: cuda:6
output directory: RESULTS/cifar10-10k/fc-tanh/seed_0/mse/ivon/lr_0.05_h0_1.0_post_1_alpha_100.0_beta2_1.0_beta_0.0_ess_100000.0_ivon
Files already downloaded and verified
Files already downloaded and verified
optimizer is IVON
0	0.597	0.131	0.597	0.131
10	0.502	0.251	0.506	0.242
20	0.415	0.333	0.421	0.308
30	0.408	0.355	0.416	0.327
40	0.402	0.380	0.411	0.343
eigenvalues:  tensor([35.8894, 34.0757])
hess item is 1.0
50	0.402	0.375	0.412	0.347
60	0.400	0.372	0.411	0.341
70	0.396	0.396	0.408	0.360
80	0.392	0.408	0.404	0.363
90	0.393	0.400	0.408	0.355
eigenvalues:  tensor([31.9082, 30.8589])
hess item is 1.0
100	0.387	0.422	0.402	0.375
110	0.386	0.427	0.401	0.371
120	0.386	0.423	0.402	0.369
130	0.384	0.436	0.401	0.374
140	0.383	0.436	0.400	0.377
eigenvalues:  tensor([31.8347, 29.6826])
hess item is 1.0
150	0.382	0.435	0.401	0.374
160	0.381	0.448	0.399	0.382
170	0.381	0.438	0.401	0.373
180	0.379	0.449	0.399	0.381
190	0.380	0.434	0.401	0.373
eigenvalues:  tensor([31.1774, 29.2481])
hess item is 1.0
200	0.376	0.465	0.397	0.391
210	0.376	0.462	0.397	0.393
220	0.374	0.460	0.397	0.389
230	0.375	0.464	0.398	0.386
240	0.373	0.462	0.397	0.386
eigenvalues:  tensor([32.1206, 28.7343])
hess item is 1.0
250	0.375	0.460	0.400	0.378
260	0.375	0.456	0.400	0.380
270	0.370	0.472	0.396	0.391
280	0.369	0.481	0.395	0.399
290	0.368	0.488	0.394	0.397
eigenvalues:  tensor([32.2185, 28.4140])
hess item is 1.0
300	0.367	0.492	0.394	0.399
310	0.367	0.487	0.395	0.396
320	0.367	0.492	0.395	0.395
330	0.365	0.498	0.393	0.399
340	0.364	0.495	0.393	0.400
eigenvalues:  tensor([32.4803, 29.0441])
hess item is 1.0
350	0.363	0.498	0.393	0.404
360	0.363	0.501	0.393	0.402
370	0.361	0.508	0.392	0.405
380	0.361	0.505	0.392	0.405
390	0.361	0.511	0.392	0.401
eigenvalues:  tensor([33.0347, 29.5174])
hess item is 1.0
400	0.362	0.503	0.394	0.401
410	0.362	0.501	0.395	0.395
420	0.358	0.515	0.392	0.406
430	0.360	0.509	0.394	0.401
440	0.358	0.519	0.393	0.400
eigenvalues:  tensor([33.7702, 30.8678])
hess item is 1.0
450	0.357	0.524	0.392	0.409
460	0.357	0.506	0.394	0.401
470	0.355	0.522	0.392	0.406
480	0.355	0.518	0.392	0.402
490	0.355	0.530	0.392	0.407
eigenvalues:  tensor([33.2826, 31.2363])
hess item is 1.0
500	0.354	0.523	0.393	0.407
510	0.353	0.531	0.392	0.404
520	0.351	0.535	0.390	0.410
530	0.355	0.521	0.394	0.404
540	0.351	0.531	0.392	0.403
eigenvalues:  tensor([34.3292, 31.1903])
hess item is 1.0
550	0.352	0.528	0.393	0.401
560	0.350	0.548	0.391	0.409
570	0.349	0.539	0.392	0.407
580	0.349	0.532	0.391	0.407
590	0.347	0.543	0.391	0.407
eigenvalues:  tensor([33.8122, 31.2564])
hess item is 1.0
600	0.348	0.540	0.392	0.405
610	0.348	0.538	0.393	0.402
620	0.347	0.545	0.392	0.410
630	0.346	0.550	0.391	0.409
640	0.346	0.557	0.392	0.412
eigenvalues:  tensor([33.9616, 32.2057])
hess item is 1.0
650	0.344	0.553	0.391	0.412
660	0.343	0.556	0.391	0.415
670	0.341	0.564	0.390	0.414
680	0.342	0.558	0.391	0.410
690	0.341	0.564	0.390	0.412
eigenvalues:  tensor([34.0042, 32.5557])
hess item is 1.0
700	0.345	0.550	0.396	0.398
710	0.340	0.571	0.392	0.411
720	0.344	0.560	0.396	0.399
730	0.342	0.563	0.393	0.408
740	0.338	0.574	0.390	0.416
eigenvalues:  tensor([34.5573, 33.0502])
hess item is 1.0
750	0.339	0.571	0.392	0.408
760	0.338	0.566	0.392	0.414
770	0.338	0.571	0.392	0.409
780	0.341	0.552	0.396	0.398
790	0.336	0.582	0.392	0.415
eigenvalues:  tensor([35.7466, 33.7877])
hess item is 1.0
800	0.335	0.586	0.391	0.414
810	0.333	0.586	0.390	0.415
820	0.336	0.581	0.393	0.404
830	0.340	0.565	0.399	0.395
840	0.332	0.586	0.391	0.414
eigenvalues:  tensor([36.0282, 34.2857])
hess item is 1.0
850	0.331	0.590	0.390	0.418
860	0.335	0.571	0.395	0.400
870	0.330	0.594	0.391	0.412
880	0.331	0.597	0.392	0.412
890	0.331	0.597	0.392	0.414
eigenvalues:  tensor([36.0093, 35.1186])
hess item is 1.0
900	0.329	0.596	0.392	0.414
910	0.335	0.581	0.398	0.403
920	0.329	0.594	0.393	0.414
930	0.329	0.596	0.394	0.414
940	0.339	0.572	0.404	0.398
eigenvalues:  tensor([37.2058, 34.7585])
hess item is 1.0
950	0.326	0.607	0.392	0.413
960	0.325	0.603	0.392	0.410
970	0.326	0.600	0.393	0.412
980	0.330	0.592	0.398	0.405
990	0.324	0.609	0.393	0.413
eigenvalues:  tensor([37.4424, 36.4844])
hess item is 1.0
1000	0.327	0.598	0.397	0.405
1010	0.323	0.609	0.393	0.412
1020	0.323	0.618	0.394	0.409
1030	0.324	0.616	0.396	0.408
1040	0.323	0.612	0.395	0.406
eigenvalues:  tensor([38.1761, 35.7835])
hess item is 1.0
1050	0.320	0.621	0.394	0.411
1060	0.325	0.615	0.399	0.403
1070	0.320	0.623	0.394	0.409
1080	0.322	0.616	0.397	0.407
1090	0.327	0.599	0.402	0.394
eigenvalues:  tensor([37.1207, 36.9230])
hess item is 1.0
1100	0.318	0.630	0.395	0.410
1110	0.319	0.624	0.396	0.408
1120	0.322	0.618	0.400	0.400
1130	0.316	0.636	0.395	0.412
1140	0.326	0.603	0.405	0.395
eigenvalues:  tensor([37.2447, 35.8064])
hess item is 1.0
1150	0.313	0.644	0.392	0.412
1160	0.313	0.647	0.393	0.412
1170	0.319	0.619	0.399	0.407
1180	0.315	0.643	0.395	0.406
1190	0.325	0.613	0.407	0.402
eigenvalues:  tensor([37.2160, 36.5473])
hess item is 1.0
1200	0.311	0.647	0.393	0.417
1210	0.313	0.645	0.395	0.409
1220	0.316	0.634	0.400	0.405
1230	0.314	0.638	0.399	0.410
1240	0.315	0.643	0.400	0.403
eigenvalues:  tensor([37.8751, 37.0590])
hess item is 1.0
1250	0.316	0.630	0.402	0.403
1260	0.307	0.659	0.394	0.416
1270	0.310	0.651	0.398	0.409
1280	0.311	0.637	0.400	0.406
1290	0.314	0.641	0.403	0.393
eigenvalues:  tensor([39.4869, 38.5581])
hess item is 1.0
1300	0.305	0.662	0.395	0.415
1310	0.333	0.602	0.424	0.387
1320	0.309	0.648	0.399	0.411
1330	0.305	0.657	0.397	0.406
1340	0.305	0.660	0.397	0.411
eigenvalues:  tensor([38.8223, 37.7437])
hess item is 1.0
1350	0.303	0.671	0.395	0.415
1360	0.311	0.654	0.404	0.407
1370	0.305	0.666	0.399	0.405
1380	0.306	0.650	0.401	0.411
1390	0.303	0.657	0.400	0.405
eigenvalues:  tensor([39.0720, 38.1596])
hess item is 1.0
1400	0.327	0.624	0.423	0.392
1410	0.316	0.634	0.412	0.386
1420	0.303	0.669	0.399	0.410
1430	0.303	0.675	0.400	0.407
1440	0.301	0.670	0.400	0.409
eigenvalues:  tensor([38.7731, 37.8549])
hess item is 1.0
1450	0.302	0.676	0.401	0.409
1460	0.298	0.688	0.398	0.413
1470	0.295	0.685	0.397	0.413
1480	0.304	0.665	0.405	0.407
1490	0.298	0.690	0.400	0.407
eigenvalues:  tensor([39.9959, 37.3832])
hess item is 1.0
1500	0.300	0.675	0.403	0.410
1510	0.307	0.659	0.411	0.405
1520	0.297	0.689	0.399	0.411
1530	0.314	0.655	0.418	0.391
1540	0.295	0.688	0.400	0.407
eigenvalues:  tensor([38.4165, 37.4591])
hess item is 1.0
1550	0.294	0.690	0.399	0.420
1560	0.297	0.689	0.403	0.413
1570	0.300	0.678	0.406	0.403
1580	0.293	0.695	0.400	0.412
1590	0.297	0.688	0.404	0.411
eigenvalues:  tensor([38.8472, 36.8003])
hess item is 1.0
1600	0.298	0.685	0.405	0.411
1610	0.306	0.669	0.414	0.400
1620	0.297	0.684	0.409	0.402
1630	0.297	0.687	0.407	0.402
1640	0.286	0.712	0.398	0.407
eigenvalues:  tensor([40.9789, 37.4388])
hess item is 1.0
1650	0.293	0.694	0.406	0.410
1660	0.302	0.676	0.415	0.401
1670	0.323	0.646	0.437	0.372
1680	0.297	0.692	0.410	0.400
1690	0.288	0.709	0.402	0.409
eigenvalues:  tensor([39.5275, 38.7336])
hess item is 1.0
1700	0.308	0.665	0.424	0.382
1710	0.293	0.692	0.408	0.406
1720	0.284	0.718	0.399	0.413
1730	0.291	0.695	0.408	0.399
1740	0.292	0.691	0.409	0.405
eigenvalues:  tensor([37.8914, 37.6743])
hess item is 1.0
1750	0.287	0.712	0.404	0.406
1760	0.289	0.708	0.408	0.405
1770	0.282	0.724	0.402	0.407
1780	0.281	0.722	0.401	0.411
1790	0.286	0.711	0.408	0.407
eigenvalues:  tensor([38.9241, 38.3933])
hess item is 1.0
1800	0.283	0.722	0.405	0.412
1810	0.291	0.701	0.413	0.403
1820	0.287	0.711	0.410	0.405
1830	0.288	0.709	0.412	0.400
1840	0.290	0.710	0.413	0.395
eigenvalues:  tensor([39.8468, 38.5620])
hess item is 1.0
1850	0.281	0.729	0.405	0.413
1860	0.292	0.706	0.417	0.395
1870	0.298	0.697	0.425	0.391
1880	0.284	0.722	0.410	0.402
1890	0.282	0.723	0.409	0.404
eigenvalues:  tensor([40.1168, 39.2507])
hess item is 1.0
1900	0.275	0.748	0.403	0.411
1910	0.296	0.703	0.423	0.393
1920	0.277	0.739	0.406	0.409
1930	0.287	0.717	0.416	0.396
1940	0.277	0.746	0.407	0.408
eigenvalues:  tensor([39.8500, 38.7753])
hess item is 1.0
1950	0.278	0.740	0.408	0.401
1960	0.279	0.739	0.410	0.406
1970	0.274	0.745	0.406	0.414
1980	0.277	0.741	0.410	0.400
1990	0.280	0.727	0.414	0.404
eigenvalues:  tensor([40.1325, 39.4050])
hess item is 1.0
2000	0.278	0.733	0.413	0.400
2010	0.273	0.745	0.408	0.404
2020	0.276	0.750	0.412	0.403
2030	0.270	0.756	0.408	0.407
2040	0.275	0.744	0.412	0.406
eigenvalues:  tensor([42.0873, 40.2318])
hess item is 1.0
2050	0.277	0.739	0.416	0.405
2060	0.277	0.737	0.416	0.403
2070	0.272	0.747	0.410	0.406
2080	0.282	0.730	0.420	0.392
2090	0.298	0.704	0.435	0.385
eigenvalues:  tensor([39.2057, 38.4538])
hess item is 1.0
2100	0.273	0.747	0.413	0.400
2110	0.272	0.752	0.412	0.409
2120	0.281	0.736	0.422	0.396
2130	0.275	0.754	0.416	0.405
2140	0.273	0.752	0.414	0.403
eigenvalues:  tensor([40.4365, 39.6567])
hess item is 1.0
2150	0.270	0.753	0.412	0.405
2160	0.272	0.751	0.414	0.404
2170	0.289	0.720	0.433	0.387
2180	0.267	0.773	0.411	0.406
2190	0.272	0.753	0.416	0.405
eigenvalues:  tensor([39.3880, 38.4627])
hess item is 1.0
2200	0.265	0.766	0.409	0.411
2210	0.263	0.782	0.409	0.405
2220	0.270	0.759	0.417	0.407
2230	0.286	0.728	0.434	0.382
2240	0.274	0.747	0.423	0.405
eigenvalues:  tensor([40.1923, 39.5174])
hess item is 1.0
2250	0.262	0.775	0.411	0.409
2260	0.260	0.780	0.410	0.409
2270	0.264	0.778	0.415	0.400
2280	0.259	0.781	0.411	0.408
2290	0.270	0.760	0.422	0.401
eigenvalues:  tensor([42.0956, 40.3507])
hess item is 1.0
2300	0.267	0.761	0.419	0.402
2310	0.295	0.728	0.449	0.383
2320	0.274	0.753	0.425	0.393
2330	0.268	0.754	0.422	0.405
2340	0.263	0.774	0.417	0.400
eigenvalues:  tensor([41.5744, 39.4909])
hess item is 1.0
2350	0.277	0.747	0.433	0.386
2360	0.262	0.780	0.416	0.407
2370	0.272	0.753	0.426	0.398
2380	0.290	0.709	0.444	0.375
2390	0.262	0.772	0.418	0.409
eigenvalues:  tensor([39.1459, 38.9395])
hess item is 1.0
2400	0.263	0.778	0.419	0.402
2410	0.265	0.763	0.423	0.399
2420	0.267	0.761	0.425	0.394
2430	0.264	0.779	0.423	0.396
2440	0.271	0.754	0.428	0.401
eigenvalues:  tensor([40.0483, 38.6632])
hess item is 1.0
2450	0.265	0.769	0.424	0.392
2460	0.258	0.789	0.419	0.399
2470	0.247	0.805	0.409	0.413
2480	0.289	0.725	0.450	0.383
2490	0.269	0.770	0.431	0.393
eigenvalues:  tensor([40.3138, 39.5811])
hess item is 1.0
2500	0.258	0.781	0.419	0.404
2510	0.252	0.796	0.414	0.407
2520	0.252	0.794	0.417	0.401
2530	0.257	0.779	0.422	0.404
2540	0.250	0.804	0.416	0.409
eigenvalues:  tensor([42.0152, 40.2565])
hess item is 1.0
2550	0.267	0.765	0.436	0.385
2560	0.260	0.771	0.428	0.391
2570	0.270	0.772	0.438	0.389
2580	0.252	0.789	0.419	0.401
2590	0.243	0.820	0.411	0.409
eigenvalues:  tensor([41.2119, 39.8430])
hess item is 1.0
2600	0.254	0.781	0.423	0.399
2610	0.253	0.802	0.422	0.402
2620	0.258	0.784	0.427	0.394
2630	0.264	0.780	0.434	0.389
2640	0.271	0.771	0.442	0.382
eigenvalues:  tensor([40.4171, 39.0649])
hess item is 1.0
2650	0.259	0.784	0.428	0.396
2660	0.260	0.779	0.430	0.395
2670	0.250	0.800	0.421	0.401
2680	0.246	0.810	0.418	0.404
2690	0.243	0.818	0.416	0.407
eigenvalues:  tensor([41.7848, 40.1957])
hess item is 1.0
2700	0.246	0.809	0.421	0.407
2710	0.240	0.824	0.415	0.410
2720	0.264	0.778	0.438	0.401
2730	0.252	0.793	0.429	0.401
2740	0.270	0.765	0.445	0.382
eigenvalues:  tensor([41.2323, 39.7161])
hess item is 1.0
2750	0.260	0.778	0.434	0.394
2760	0.255	0.788	0.432	0.400
2770	0.258	0.783	0.435	0.390
2780	0.250	0.809	0.429	0.393
2790	0.270	0.773	0.449	0.380
eigenvalues:  tensor([40.8127, 39.6951])
hess item is 1.0
2800	0.243	0.813	0.423	0.398
2810	0.245	0.812	0.426	0.407
2820	0.244	0.823	0.424	0.397
2830	0.251	0.799	0.431	0.389
2840	0.249	0.816	0.429	0.396
eigenvalues:  tensor([41.1918, 40.1239])
hess item is 1.0
2850	0.255	0.803	0.437	0.392
2860	0.248	0.806	0.430	0.395
2870	0.248	0.809	0.430	0.400
2880	0.252	0.798	0.436	0.392
2890	0.236	0.824	0.419	0.413
eigenvalues:  tensor([41.8002, 40.6687])
hess item is 1.0
2900	0.246	0.812	0.429	0.403
2910	0.260	0.785	0.443	0.390
2920	0.252	0.799	0.436	0.394
2930	0.247	0.815	0.432	0.392
2940	0.250	0.807	0.434	0.395
eigenvalues:  tensor([40.0429, 38.9797])
hess item is 1.0
2950	0.255	0.795	0.443	0.392
2960	0.240	0.826	0.427	0.407
2970	0.238	0.827	0.426	0.404
2980	0.242	0.818	0.431	0.393
2990	0.243	0.823	0.433	0.393
eigenvalues:  tensor([41.2974, 39.9593])
hess item is 1.0
3000	0.253	0.803	0.441	0.391
3010	0.243	0.827	0.432	0.403
3020	0.244	0.823	0.432	0.405
3030	0.252	0.806	0.442	0.384
3040	0.224	0.852	0.416	0.407
eigenvalues:  tensor([40.6088, 39.6242])
hess item is 1.0
3050	0.242	0.814	0.434	0.398
3060	0.235	0.841	0.428	0.395
3070	0.261	0.798	0.451	0.388
3080	0.232	0.841	0.425	0.405
3090	0.252	0.810	0.445	0.386
eigenvalues:  tensor([41.1545, 40.2152])
hess item is 1.0
3100	0.235	0.836	0.428	0.400
3110	0.237	0.824	0.432	0.399
3120	0.241	0.825	0.436	0.393
3130	0.234	0.835	0.430	0.398
3140	0.231	0.845	0.427	0.403
eigenvalues:  tensor([41.2815, 39.5352])
hess item is 1.0
3150	0.239	0.826	0.438	0.390
3160	0.244	0.818	0.441	0.391
3170	0.230	0.848	0.429	0.403
3180	0.240	0.829	0.439	0.384
3190	0.236	0.833	0.436	0.390
eigenvalues:  tensor([41.6605, 40.4224])
hess item is 1.0
3200	0.225	0.856	0.427	0.396
3210	0.240	0.824	0.442	0.393
3220	0.243	0.819	0.445	0.393
3230	0.242	0.811	0.443	0.382
3240	0.224	0.855	0.426	0.405
eigenvalues:  tensor([43.3445, 40.8103])
hess item is 1.0
3250	0.232	0.831	0.436	0.396
3260	0.244	0.807	0.449	0.389
3270	0.241	0.823	0.444	0.389
3280	0.231	0.842	0.434	0.396
3290	0.253	0.809	0.454	0.388
eigenvalues:  tensor([41.0705, 40.0651])
hess item is 1.0
3300	0.241	0.823	0.444	0.385
3310	0.225	0.849	0.430	0.403
3320	0.226	0.853	0.430	0.403
3330	0.248	0.807	0.454	0.388
3340	0.223	0.855	0.428	0.404
eigenvalues:  tensor([40.3036, 39.8046])
hess item is 1.0
3350	0.231	0.837	0.437	0.396
3360	0.234	0.841	0.441	0.386
3370	0.231	0.848	0.440	0.392
3380	0.220	0.856	0.429	0.404
3390	0.244	0.820	0.453	0.382
eigenvalues:  tensor([41.9264, 39.7736])
hess item is 1.0
3400	0.228	0.846	0.437	0.392
3410	0.241	0.823	0.450	0.394
3420	0.231	0.844	0.441	0.397
3430	0.223	0.852	0.434	0.397
3440	0.233	0.839	0.444	0.389
eigenvalues:  tensor([40.7401, 39.1119])
hess item is 1.0
3450	0.222	0.854	0.433	0.403
3460	0.215	0.874	0.426	0.404
3470	0.246	0.818	0.459	0.372
3480	0.221	0.858	0.434	0.396
3490	0.219	0.865	0.434	0.396
eigenvalues:  tensor([40.6717, 39.9812])
hess item is 1.0
3500	0.226	0.843	0.440	0.401
3510	0.225	0.848	0.440	0.400
3520	0.238	0.829	0.452	0.390
3530	0.214	0.874	0.429	0.404
3540	0.221	0.870	0.437	0.402
eigenvalues:  tensor([41.5168, 39.8960])
hess item is 1.0
3550	0.233	0.840	0.449	0.389
3560	0.226	0.854	0.442	0.397
3570	0.212	0.882	0.430	0.404
3580	0.240	0.826	0.459	0.375
3590	0.221	0.861	0.440	0.399
eigenvalues:  tensor([42.2061, 39.9844])
hess item is 1.0
3600	0.213	0.871	0.433	0.400
3610	0.223	0.852	0.443	0.396
3620	0.229	0.841	0.447	0.390
3630	0.223	0.857	0.443	0.392
3640	0.250	0.822	0.469	0.375
eigenvalues:  tensor([41.3244, 40.2453])
hess item is 1.0
3650	0.225	0.858	0.445	0.397
3660	0.237	0.827	0.458	0.378
3670	0.234	0.849	0.452	0.393
3680	0.219	0.862	0.441	0.397
3690	0.207	0.892	0.430	0.400
eigenvalues:  tensor([41.5024, 40.7040])
hess item is 1.0
3700	0.217	0.866	0.441	0.395
3710	0.219	0.869	0.442	0.391
3720	0.216	0.875	0.440	0.398
3730	0.210	0.880	0.434	0.401
3740	0.210	0.882	0.436	0.400
eigenvalues:  tensor([41.8065, 41.4656])
hess item is 1.0
3750	0.222	0.858	0.448	0.396
3760	0.223	0.858	0.450	0.394
3770	0.207	0.887	0.434	0.401
3780	0.222	0.866	0.450	0.381
3790	0.226	0.853	0.452	0.395
eigenvalues:  tensor([42.9867, 40.7205])
hess item is 1.0
3800	0.228	0.848	0.457	0.394
3810	0.217	0.869	0.447	0.393
3820	0.209	0.879	0.439	0.400
3830	0.279	0.789	0.511	0.369
3840	0.215	0.875	0.444	0.395
eigenvalues:  tensor([42.2869, 40.4884])
hess item is 1.0
3850	0.207	0.882	0.438	0.397
3860	0.220	0.869	0.450	0.381
3870	0.229	0.845	0.458	0.387
3880	0.210	0.877	0.440	0.396
3890	0.216	0.871	0.449	0.384
eigenvalues:  tensor([42.2791, 40.5222])
hess item is 1.0
3900	0.224	0.860	0.455	0.385
3910	0.213	0.872	0.444	0.390
3920	0.220	0.864	0.451	0.395
3930	0.241	0.822	0.473	0.379
3940	0.218	0.859	0.449	0.400
eigenvalues:  tensor([41.3547, 40.3586])
hess item is 1.0
3950	0.218	0.859	0.452	0.389
3960	0.210	0.876	0.444	0.394
3970	0.205	0.884	0.439	0.403
3980	0.202	0.890	0.437	0.394
3990	0.214	0.870	0.450	0.385
eigenvalues:  tensor([40.6644, 39.5655])
hess item is 1.0
4000	0.210	0.875	0.447	0.393
4010	0.204	0.890	0.440	0.396
4020	0.209	0.885	0.446	0.391
4030	0.225	0.859	0.462	0.387
4040	0.214	0.873	0.449	0.394
eigenvalues:  tensor([40.9250, 40.1138])
hess item is 1.0
4050	0.206	0.883	0.445	0.401
4060	0.206	0.891	0.446	0.389
4070	0.239	0.835	0.479	0.377
4080	0.216	0.881	0.455	0.393
4090	0.210	0.880	0.452	0.388
eigenvalues:  tensor([40.8561, 40.3188])
hess item is 1.0
4100	0.202	0.897	0.443	0.394
4110	0.198	0.902	0.440	0.398
4120	0.198	0.908	0.442	0.389
4130	0.199	0.906	0.443	0.396
4140	0.223	0.861	0.464	0.385
eigenvalues:  tensor([41.9818, 41.3519])
hess item is 1.0
4150	0.197	0.896	0.442	0.399
4160	0.238	0.842	0.481	0.380
4170	0.206	0.889	0.449	0.393
4180	0.201	0.887	0.446	0.394
4190	0.205	0.886	0.448	0.393
eigenvalues:  tensor([42.1173, 40.5692])
hess item is 1.0
4200	0.204	0.884	0.449	0.395
4210	0.216	0.869	0.460	0.388
4220	0.205	0.884	0.451	0.392
4230	0.234	0.848	0.480	0.373
4240	0.199	0.896	0.445	0.397
eigenvalues:  tensor([42.2974, 40.5517])
hess item is 1.0
4250	0.223	0.861	0.468	0.392
4260	0.196	0.905	0.443	0.397
4270	0.205	0.888	0.454	0.391
4280	0.212	0.876	0.462	0.380
4290	0.225	0.847	0.473	0.381
eigenvalues:  tensor([40.5392, 39.9331])
hess item is 1.0
4300	0.220	0.862	0.468	0.389
4310	0.194	0.902	0.444	0.396
4320	0.204	0.883	0.456	0.386
4330	0.200	0.888	0.450	0.393
4340	0.202	0.900	0.454	0.382
eigenvalues:  tensor([40.8359, 40.7006])
hess item is 1.0
4350	0.201	0.898	0.453	0.386
4360	0.206	0.888	0.457	0.391
4370	0.196	0.901	0.448	0.401
4380	0.192	0.910	0.444	0.394
4390	0.206	0.894	0.461	0.380
eigenvalues:  tensor([41.0790, 40.2075])
hess item is 1.0
4400	0.233	0.846	0.485	0.364
4410	0.196	0.906	0.449	0.390
4420	0.193	0.910	0.446	0.401
4430	0.217	0.872	0.469	0.379
4440	0.197	0.899	0.451	0.388
eigenvalues:  tensor([40.6741, 40.0183])
hess item is 1.0
4450	0.216	0.872	0.469	0.384
4460	0.194	0.908	0.449	0.393
4470	0.192	0.906	0.449	0.393
4480	0.198	0.897	0.455	0.391
4490	0.195	0.906	0.453	0.385
eigenvalues:  tensor([41.5346, 40.4143])
hess item is 1.0
4500	0.195	0.903	0.453	0.396
4510	0.201	0.897	0.459	0.390
4520	0.211	0.882	0.469	0.383
4530	0.190	0.910	0.448	0.395
4540	0.200	0.904	0.458	0.383
eigenvalues:  tensor([40.7814, 40.1565])
hess item is 1.0
4550	0.193	0.905	0.450	0.405
4560	0.206	0.882	0.467	0.382
4570	0.205	0.891	0.463	0.390
4580	0.200	0.897	0.459	0.389
4590	0.199	0.899	0.460	0.389
eigenvalues:  tensor([41.4025, 39.5947])
hess item is 1.0
4600	0.183	0.922	0.443	0.398
4610	0.190	0.912	0.452	0.384
4620	0.221	0.862	0.480	0.373
4630	0.186	0.918	0.447	0.397
4640	0.210	0.881	0.468	0.386
eigenvalues:  tensor([40.1401, 39.0786])
hess item is 1.0
4650	0.196	0.899	0.457	0.395
4660	0.203	0.885	0.464	0.389
4670	0.190	0.910	0.453	0.394
4680	0.189	0.908	0.453	0.395
4690	0.201	0.896	0.466	0.397
eigenvalues:  tensor([40.1862, 39.9422])
hess item is 1.0
4700	0.186	0.910	0.450	0.401
4710	0.211	0.881	0.476	0.376
4720	0.194	0.901	0.458	0.396
4730	0.212	0.883	0.479	0.376
4740	0.198	0.904	0.462	0.385
eigenvalues:  tensor([40.4803, 39.5419])
hess item is 1.0
4750	0.185	0.918	0.450	0.393
4760	0.184	0.921	0.449	0.396
4770	0.193	0.908	0.460	0.385
4780	0.190	0.903	0.457	0.384
4790	0.183	0.917	0.450	0.399
eigenvalues:  tensor([40.2731, 39.8191])
hess item is 1.0
4800	0.190	0.909	0.459	0.393
4810	0.187	0.915	0.457	0.389
4820	0.188	0.907	0.458	0.381
4830	0.191	0.900	0.461	0.395
4840	0.176	0.928	0.447	0.400
eigenvalues:  tensor([42.1289, 40.9280])
hess item is 1.0
4850	0.215	0.884	0.485	0.373
4860	0.194	0.905	0.465	0.395
4870	0.201	0.901	0.470	0.388
4880	0.179	0.927	0.451	0.394
4890	0.198	0.896	0.468	0.388
eigenvalues:  tensor([40.8595, 39.6188])
hess item is 1.0
4900	0.200	0.896	0.472	0.387
4910	0.197	0.903	0.468	0.387
4920	0.192	0.910	0.465	0.388
4930	0.204	0.891	0.476	0.381
4940	0.186	0.915	0.458	0.393
eigenvalues:  tensor([40.8413, 38.8321])
hess item is 1.0
4950	0.189	0.918	0.461	0.390
4960	0.195	0.909	0.469	0.387
4970	0.188	0.907	0.463	0.394
4980	0.180	0.922	0.455	0.392
4990	0.189	0.903	0.465	0.386
eigenvalues:  tensor([42.2838, 40.2592])
hess item is 1.0
5000	0.187	0.908	0.463	0.393
5010	0.187	0.912	0.465	0.388
5020	0.181	0.924	0.457	0.391
5030	0.206	0.890	0.485	0.370
5040	0.173	0.928	0.451	0.399
eigenvalues:  tensor([41.4318, 39.8414])
hess item is 1.0
5050	0.181	0.924	0.460	0.390
5060	0.188	0.908	0.466	0.387
5070	0.187	0.914	0.466	0.396
5080	0.182	0.919	0.460	0.396
5090	0.181	0.918	0.461	0.388
eigenvalues:  tensor([41.0551, 40.5477])
hess item is 1.0
5100	0.175	0.930	0.455	0.394
5110	0.174	0.926	0.456	0.395
5120	0.174	0.927	0.456	0.394
5130	0.195	0.903	0.478	0.376
5140	0.179	0.921	0.463	0.390
eigenvalues:  tensor([41.1375, 40.7240])
hess item is 1.0
5150	0.193	0.902	0.476	0.381
5160	0.179	0.922	0.460	0.384
5170	0.177	0.933	0.459	0.389
5180	0.175	0.924	0.459	0.387
5190	0.186	0.911	0.469	0.388
eigenvalues:  tensor([41.7430, 40.4968])
hess item is 1.0
5200	0.180	0.920	0.466	0.385
5210	0.185	0.911	0.470	0.383
5220	0.188	0.905	0.473	0.391
5230	0.182	0.917	0.467	0.389
5240	0.176	0.929	0.459	0.391
eigenvalues:  tensor([40.4861, 39.7505])
hess item is 1.0
5250	0.183	0.909	0.467	0.392
5260	0.170	0.934	0.456	0.400
5270	0.216	0.888	0.501	0.370
5280	0.175	0.925	0.461	0.390
5290	0.170	0.932	0.457	0.388
eigenvalues:  tensor([41.1025, 40.1645])
hess item is 1.0
5300	0.178	0.929	0.466	0.382
5310	0.198	0.900	0.485	0.364
5320	0.174	0.927	0.461	0.388
5330	0.175	0.936	0.463	0.394
5340	0.202	0.902	0.487	0.374
eigenvalues:  tensor([41.7506, 40.0538])
hess item is 1.0
5350	0.172	0.929	0.460	0.395
5360	0.176	0.926	0.466	0.395
5370	0.179	0.926	0.470	0.382
5380	0.167	0.942	0.457	0.393
5390	0.170	0.931	0.462	0.389
eigenvalues:  tensor([43.2181, 40.6207])
hess item is 1.0
5400	0.210	0.881	0.502	0.368
5410	0.179	0.930	0.469	0.389
5420	0.171	0.933	0.462	0.390
5430	0.178	0.924	0.468	0.389
5440	0.177	0.925	0.470	0.383
eigenvalues:  tensor([41.5434, 40.0791])
hess item is 1.0
5450	0.186	0.922	0.478	0.383
5460	0.181	0.923	0.474	0.380
5470	0.196	0.913	0.490	0.364
5480	0.175	0.927	0.469	0.382
5490	0.191	0.899	0.484	0.374
eigenvalues:  tensor([42.0149, 40.7387])
hess item is 1.0
5500	0.179	0.931	0.474	0.386
5510	0.170	0.938	0.464	0.394
5520	0.191	0.903	0.488	0.380
5530	0.168	0.931	0.462	0.388
5540	0.165	0.944	0.460	0.395
eigenvalues:  tensor([41.0332, 40.0432])
hess item is 1.0
5550	0.183	0.923	0.479	0.383
5560	0.165	0.940	0.464	0.388
5570	0.171	0.932	0.470	0.387
5580	0.184	0.917	0.480	0.391
5590	0.176	0.933	0.471	0.386
eigenvalues:  tensor([40.8766, 40.2108])
hess item is 1.0
5600	0.174	0.930	0.469	0.390
5610	0.180	0.918	0.475	0.389
5620	0.180	0.929	0.477	0.384
5630	0.167	0.936	0.464	0.390
5640	0.176	0.930	0.472	0.384
eigenvalues:  tensor([41.0359, 39.7373])
hess item is 1.0
5650	0.174	0.934	0.470	0.388
5660	0.181	0.923	0.478	0.381
5670	0.173	0.937	0.472	0.382
5680	0.170	0.935	0.467	0.393
5690	0.177	0.922	0.478	0.377
eigenvalues:  tensor([40.5339, 39.4933])
hess item is 1.0
5700	0.178	0.912	0.478	0.380
5710	0.155	0.954	0.456	0.394
5720	0.191	0.907	0.490	0.386
5730	0.175	0.931	0.475	0.377
5740	0.187	0.913	0.487	0.377
eigenvalues:  tensor([40.6846, 39.0732])
hess item is 1.0
5750	0.179	0.922	0.477	0.387
5760	0.163	0.940	0.465	0.389
5770	0.163	0.947	0.466	0.392
5780	0.196	0.905	0.498	0.380
5790	0.158	0.947	0.459	0.397
eigenvalues:  tensor([41.7126, 38.8905])
hess item is 1.0
5800	0.186	0.910	0.490	0.379
5810	0.167	0.938	0.472	0.382
5820	0.178	0.920	0.481	0.385
5830	0.164	0.937	0.471	0.387
5840	0.158	0.953	0.465	0.390
eigenvalues:  tensor([42.1452, 40.1622])
hess item is 1.0
5850	0.200	0.905	0.505	0.371
5860	0.166	0.942	0.471	0.388
5870	0.158	0.952	0.465	0.386
5880	0.176	0.921	0.484	0.380
5890	0.164	0.944	0.471	0.378
eigenvalues:  tensor([41.8675, 40.5324])
hess item is 1.0
5900	0.177	0.932	0.483	0.391
5910	0.157	0.944	0.466	0.389
5920	0.166	0.928	0.476	0.386
5930	0.169	0.932	0.478	0.381
5940	0.159	0.943	0.467	0.393
eigenvalues:  tensor([40.3554, 39.4502])
hess item is 1.0
5950	0.178	0.926	0.486	0.381
5960	0.162	0.942	0.469	0.393
5970	0.159	0.950	0.468	0.392
5980	0.164	0.940	0.473	0.389
5990	0.163	0.941	0.473	0.393
eigenvalues:  tensor([41.5866, 39.5045])
hess item is 1.0
6000	0.172	0.928	0.482	0.379
6010	0.165	0.948	0.476	0.381
6020	0.156	0.950	0.469	0.389
6030	0.162	0.947	0.476	0.382
6040	0.159	0.945	0.472	0.384
eigenvalues:  tensor([41.4379, 39.9409])
hess item is 1.0
6050	0.159	0.950	0.474	0.386
6060	0.156	0.945	0.472	0.383
6070	0.180	0.927	0.491	0.373
6080	0.176	0.924	0.488	0.378
6090	0.158	0.944	0.471	0.393
eigenvalues:  tensor([41.9077, 40.6208])
hess item is 1.0
6100	0.152	0.951	0.468	0.394
6110	0.184	0.912	0.500	0.370
6120	0.182	0.920	0.494	0.387
6130	0.157	0.944	0.472	0.390
6140	0.157	0.948	0.473	0.391
eigenvalues:  tensor([41.7014, 41.1271])
hess item is 1.0
6150	0.162	0.946	0.478	0.383
6160	0.176	0.923	0.493	0.382
6170	0.157	0.951	0.474	0.387
6180	0.170	0.931	0.485	0.379
6190	0.173	0.930	0.486	0.384
eigenvalues:  tensor([41.9890, 39.5834])
hess item is 1.0
6200	0.170	0.939	0.485	0.372
6210	0.156	0.949	0.473	0.384
6220	0.161	0.952	0.478	0.382
6230	0.169	0.932	0.487	0.382
6240	0.164	0.939	0.481	0.380
eigenvalues:  tensor([39.9402, 39.5634])
hess item is 1.0
6250	0.157	0.955	0.475	0.383
6260	0.154	0.954	0.474	0.382
6270	0.166	0.945	0.484	0.379
6280	0.162	0.944	0.481	0.384
6290	0.176	0.931	0.493	0.386
eigenvalues:  tensor([40.1780, 39.0457])
hess item is 1.0
6300	0.165	0.943	0.483	0.378
6310	0.164	0.941	0.480	0.392
6320	0.147	0.956	0.466	0.394
6330	0.147	0.959	0.468	0.387
6340	0.166	0.942	0.487	0.377
eigenvalues:  tensor([40.7723, 39.6760])
hess item is 1.0
6350	0.154	0.950	0.476	0.384
6360	0.153	0.954	0.477	0.382
6370	0.172	0.932	0.496	0.383
6380	0.173	0.925	0.496	0.385
6390	0.154	0.951	0.478	0.390
eigenvalues:  tensor([41.1385, 40.4332])
hess item is 1.0
6400	0.154	0.952	0.477	0.390
6410	0.192	0.913	0.514	0.356
6420	0.145	0.958	0.468	0.395
6430	0.154	0.956	0.477	0.382
6440	0.153	0.946	0.476	0.385
eigenvalues:  tensor([40.6138, 39.3215])
hess item is 1.0
6450	0.158	0.949	0.482	0.378
6460	0.156	0.946	0.482	0.387
6470	0.151	0.957	0.476	0.386
6480	0.166	0.937	0.489	0.382
6490	0.170	0.921	0.495	0.371
eigenvalues:  tensor([40.6422, 38.8968])
hess item is 1.0
6500	0.147	0.959	0.472	0.389
6510	0.151	0.955	0.476	0.389
6520	0.151	0.949	0.479	0.389
6530	0.140	0.961	0.469	0.396
6540	0.158	0.945	0.486	0.392
eigenvalues:  tensor([40.7288, 40.0666])
hess item is 1.0
6550	0.174	0.928	0.501	0.373
6560	0.165	0.936	0.491	0.372
6570	0.150	0.955	0.476	0.380
6580	0.159	0.952	0.485	0.386
6590	0.156	0.943	0.483	0.381
eigenvalues:  tensor([40.9070, 39.5327])
hess item is 1.0
6600	0.149	0.952	0.477	0.386
6610	0.155	0.949	0.483	0.384
6620	0.151	0.957	0.479	0.386
6630	0.151	0.951	0.478	0.395
6640	0.150	0.961	0.479	0.377
eigenvalues:  tensor([41.5012, 39.3725])
hess item is 1.0
6650	0.143	0.961	0.472	0.390
6660	0.153	0.952	0.483	0.379
6670	0.149	0.954	0.480	0.379
6680	0.143	0.959	0.473	0.390
6690	0.145	0.960	0.475	0.390
eigenvalues:  tensor([40.7066, 39.2245])
hess item is 1.0
6700	0.177	0.925	0.509	0.375
6710	0.141	0.962	0.473	0.388
6720	0.145	0.958	0.479	0.382
6730	0.150	0.948	0.484	0.382
6740	0.153	0.950	0.487	0.383
eigenvalues:  tensor([41.1338, 39.8440])
hess item is 1.0
6750	0.143	0.963	0.478	0.387
6760	0.148	0.959	0.484	0.387
6770	0.146	0.965	0.483	0.376
6780	0.158	0.941	0.491	0.392
6790	0.148	0.957	0.481	0.382
eigenvalues:  tensor([40.6479, 39.4993])
hess item is 1.0
6800	0.151	0.951	0.484	0.383
6810	0.148	0.956	0.483	0.375
6820	0.152	0.954	0.486	0.380
6830	0.173	0.934	0.508	0.368
6840	0.148	0.957	0.482	0.385
eigenvalues:  tensor([40.0602, 38.4364])
hess item is 1.0
6850	0.147	0.958	0.483	0.385
6860	0.148	0.958	0.486	0.382
6870	0.139	0.962	0.476	0.385
6880	0.149	0.958	0.487	0.373
6890	0.144	0.958	0.480	0.385
eigenvalues:  tensor([41.0702, 40.2189])
hess item is 1.0
6900	0.157	0.946	0.494	0.375
6910	0.152	0.949	0.490	0.388
6920	0.147	0.956	0.483	0.377
6930	0.181	0.911	0.516	0.365
6940	0.151	0.960	0.488	0.375
eigenvalues:  tensor([39.9536, 38.4819])
hess item is 1.0
6950	0.144	0.961	0.480	0.384
6960	0.146	0.959	0.482	0.386
6970	0.166	0.938	0.503	0.382
6980	0.142	0.962	0.478	0.391
6990	0.138	0.968	0.476	0.388
eigenvalues:  tensor([39.5431, 38.6252])
hess item is 1.0
7000	0.156	0.949	0.492	0.379
7010	0.165	0.936	0.503	0.378
7020	0.149	0.957	0.489	0.379
7030	0.150	0.956	0.488	0.377
7040	0.184	0.920	0.518	0.367
eigenvalues:  tensor([39.7695, 38.0097])
hess item is 1.0
7050	0.146	0.961	0.484	0.384
7060	0.159	0.954	0.498	0.366
7070	0.137	0.965	0.478	0.383
7080	0.141	0.958	0.482	0.383
7090	0.133	0.968	0.476	0.389
eigenvalues:  tensor([40.0020, 38.5832])
hess item is 1.0
7100	0.153	0.949	0.492	0.381
7110	0.140	0.966	0.482	0.376
7120	0.141	0.962	0.483	0.382
7130	0.135	0.967	0.480	0.387
7140	0.140	0.965	0.485	0.375
eigenvalues:  tensor([40.9671, 38.8437])
hess item is 1.0
7150	0.142	0.961	0.485	0.384
7160	0.177	0.923	0.519	0.364
7170	0.140	0.960	0.484	0.382
7180	0.135	0.965	0.477	0.388
7190	0.136	0.965	0.480	0.385
eigenvalues:  tensor([39.9396, 38.7913])
hess item is 1.0
7200	0.150	0.954	0.495	0.373
7210	0.134	0.969	0.479	0.390
7220	0.146	0.953	0.492	0.376
7230	0.171	0.933	0.515	0.366
7240	0.135	0.964	0.481	0.390
eigenvalues:  tensor([39.6302, 38.9623])
hess item is 1.0
7250	0.133	0.969	0.480	0.384
7260	0.160	0.941	0.508	0.375
7270	0.138	0.968	0.484	0.380
7280	0.136	0.965	0.484	0.382
7290	0.144	0.955	0.492	0.386
eigenvalues:  tensor([40.2274, 39.7464])
hess item is 1.0
7300	0.144	0.959	0.492	0.379
7310	0.148	0.958	0.496	0.372
7320	0.134	0.965	0.483	0.385
7330	0.153	0.950	0.502	0.375
7340	0.160	0.949	0.509	0.368
eigenvalues:  tensor([40.9459, 38.5024])
hess item is 1.0
7350	0.145	0.964	0.494	0.383
7360	0.144	0.957	0.495	0.374
7370	0.154	0.953	0.502	0.381
7380	0.141	0.966	0.491	0.382
7390	0.141	0.964	0.491	0.389
eigenvalues:  tensor([39.9933, 39.4805])
hess item is 1.0
7400	0.143	0.964	0.494	0.376
7410	0.139	0.968	0.492	0.384
7420	0.152	0.945	0.503	0.377
7430	0.153	0.947	0.504	0.383
7440	0.137	0.962	0.488	0.384
eigenvalues:  tensor([39.8606, 38.3529])
hess item is 1.0
7450	0.138	0.962	0.490	0.381
7460	0.136	0.963	0.488	0.382
7470	0.144	0.953	0.496	0.384
7480	0.143	0.960	0.498	0.371
7490	0.140	0.963	0.490	0.378
eigenvalues:  tensor([39.9352, 38.2321])
hess item is 1.0
7500	0.134	0.967	0.485	0.385
7510	0.127	0.970	0.482	0.390
7520	0.152	0.962	0.505	0.369
7530	0.133	0.971	0.488	0.382
7540	0.136	0.966	0.490	0.388
eigenvalues:  tensor([40.4680, 39.9291])
hess item is 1.0
7550	0.147	0.953	0.501	0.375
7560	0.145	0.958	0.497	0.376
7570	0.134	0.971	0.489	0.380
7580	0.136	0.964	0.491	0.382
7590	0.126	0.973	0.483	0.382
eigenvalues:  tensor([40.7206, 39.3362])
hess item is 1.0
7600	0.130	0.970	0.488	0.384
7610	0.136	0.966	0.494	0.379
7620	0.138	0.962	0.496	0.380
7630	0.135	0.964	0.494	0.381
7640	0.138	0.962	0.495	0.379
eigenvalues:  tensor([40.0161, 38.5843])
hess item is 1.0
7650	0.144	0.956	0.499	0.374
7660	0.128	0.967	0.484	0.392
7670	0.128	0.972	0.488	0.379
7680	0.147	0.958	0.507	0.372
7690	0.129	0.973	0.489	0.377
eigenvalues:  tensor([40.2848, 39.3358])
hess item is 1.0
7700	0.135	0.966	0.497	0.373
7710	0.143	0.956	0.502	0.376
7720	0.127	0.973	0.485	0.383
7730	0.152	0.955	0.508	0.370
7740	0.131	0.969	0.489	0.387
eigenvalues:  tensor([39.9566, 39.1113])
hess item is 1.0
7750	0.128	0.975	0.488	0.383
7760	0.140	0.964	0.499	0.380
7770	0.138	0.962	0.497	0.386
7780	0.146	0.956	0.505	0.378
7790	0.137	0.964	0.497	0.380
eigenvalues:  tensor([39.7382, 38.8621])
hess item is 1.0
7800	0.131	0.973	0.492	0.376
7810	0.139	0.962	0.501	0.375
7820	0.146	0.949	0.507	0.377
7830	0.127	0.973	0.489	0.387
7840	0.134	0.970	0.496	0.372
eigenvalues:  tensor([39.8201, 39.2054])
hess item is 1.0
7850	0.128	0.970	0.490	0.379
7860	0.133	0.968	0.496	0.378
7870	0.136	0.967	0.499	0.377
7880	0.137	0.967	0.501	0.377
7890	0.133	0.962	0.497	0.383
eigenvalues:  tensor([41.0269, 39.3609])
hess item is 1.0
7900	0.122	0.975	0.488	0.382
7910	0.148	0.952	0.515	0.368
7920	0.148	0.955	0.513	0.374
7930	0.128	0.969	0.492	0.386
7940	0.137	0.965	0.503	0.376
eigenvalues:  tensor([40.3632, 39.5162])
hess item is 1.0
7950	0.128	0.974	0.494	0.375
7960	0.139	0.967	0.504	0.370
7970	0.128	0.972	0.493	0.375
7980	0.126	0.974	0.493	0.380
7990	0.122	0.972	0.490	0.388
eigenvalues:  tensor([40.1198, 39.6571])
hess item is 1.0
8000	0.132	0.968	0.500	0.374
8010	0.148	0.953	0.515	0.375
8020	0.119	0.978	0.486	0.385
8030	0.136	0.970	0.507	0.371
8040	0.146	0.954	0.516	0.369
eigenvalues:  tensor([41.2692, 40.1248])
hess item is 1.0
8050	0.123	0.972	0.492	0.381
8060	0.141	0.955	0.511	0.364
8070	0.142	0.960	0.511	0.366
8080	0.129	0.969	0.497	0.380
8090	0.120	0.974	0.490	0.380
eigenvalues:  tensor([41.5884, 39.3656])
hess item is 1.0
8100	0.139	0.962	0.510	0.371
8110	0.126	0.973	0.497	0.378
8120	0.139	0.961	0.507	0.375
8130	0.120	0.977	0.493	0.380
8140	0.130	0.961	0.502	0.379
eigenvalues:  tensor([42.0329, 39.8249])
hess item is 1.0
8150	0.123	0.978	0.495	0.378
8160	0.142	0.956	0.514	0.370
8170	0.128	0.971	0.498	0.372
8180	0.127	0.974	0.496	0.381
8190	0.120	0.977	0.492	0.378
eigenvalues:  tensor([40.4328, 39.2333])
hess item is 1.0
8200	0.119	0.976	0.491	0.387
8210	0.135	0.963	0.508	0.372
8220	0.128	0.970	0.501	0.379
8230	0.142	0.958	0.515	0.370
8240	0.127	0.972	0.499	0.374
eigenvalues:  tensor([40.0431, 39.4461])
hess item is 1.0
8250	0.125	0.970	0.497	0.380
8260	0.125	0.974	0.499	0.375
8270	0.124	0.975	0.498	0.377
8280	0.123	0.971	0.498	0.375
8290	0.146	0.963	0.521	0.370
eigenvalues:  tensor([39.9346, 39.1401])
hess item is 1.0
8300	0.141	0.958	0.514	0.374
8310	0.133	0.965	0.506	0.382
8320	0.123	0.975	0.496	0.379
8330	0.120	0.979	0.496	0.372
8340	0.147	0.954	0.522	0.363
eigenvalues:  tensor([39.8373, 39.1547])
hess item is 1.0
8350	0.134	0.964	0.509	0.367
8360	0.130	0.968	0.506	0.368
8370	0.126	0.970	0.502	0.377
8380	0.135	0.966	0.509	0.366
8390	0.119	0.978	0.495	0.379
eigenvalues:  tensor([39.9224, 38.6831])
hess item is 1.0
8400	0.132	0.973	0.507	0.373
8410	0.123	0.976	0.499	0.376
8420	0.137	0.957	0.513	0.373
8430	0.123	0.974	0.499	0.376
8440	0.138	0.963	0.516	0.368
eigenvalues:  tensor([40.6033, 39.3864])
hess item is 1.0
8450	0.125	0.972	0.503	0.373
8460	0.121	0.976	0.498	0.377
8470	0.127	0.974	0.506	0.363
8480	0.144	0.957	0.522	0.370
8490	0.128	0.973	0.503	0.374
eigenvalues:  tensor([39.4424, 38.8956])
hess item is 1.0
8500	0.124	0.972	0.500	0.386
8510	0.129	0.970	0.507	0.371
8520	0.129	0.966	0.506	0.370
8530	0.125	0.972	0.502	0.382
8540	0.123	0.972	0.502	0.374
eigenvalues:  tensor([40.0491, 39.2499])
hess item is 1.0
8550	0.120	0.975	0.501	0.375
8560	0.135	0.964	0.514	0.371
8570	0.126	0.973	0.505	0.379
8580	0.133	0.960	0.513	0.365
8590	0.127	0.971	0.508	0.373
eigenvalues:  tensor([40.8716, 38.7808])
hess item is 1.0
8600	0.129	0.966	0.510	0.373
8610	0.133	0.965	0.512	0.374
8620	0.117	0.981	0.497	0.374
8630	0.122	0.972	0.502	0.380
8640	0.118	0.977	0.498	0.378
eigenvalues:  tensor([40.0756, 39.3111])
hess item is 1.0
8650	0.124	0.975	0.504	0.377
8660	0.147	0.959	0.528	0.364
8670	0.149	0.956	0.527	0.366
8680	0.127	0.974	0.507	0.373
8690	0.122	0.975	0.502	0.384
eigenvalues:  tensor([40.8393, 38.9924])
hess item is 1.0
8700	0.113	0.980	0.496	0.384
8710	0.133	0.962	0.513	0.373
8720	0.111	0.978	0.493	0.381
8730	0.113	0.983	0.497	0.378
8740	0.112	0.982	0.497	0.379
eigenvalues:  tensor([40.0746, 39.6042])
hess item is 1.0
8750	0.129	0.974	0.514	0.368
8760	0.127	0.968	0.511	0.376
8770	0.116	0.980	0.501	0.383
8780	0.112	0.981	0.498	0.372
8790	0.111	0.981	0.497	0.379
eigenvalues:  tensor([40.5329, 39.1515])
hess item is 1.0
8800	0.125	0.968	0.512	0.368
8810	0.120	0.975	0.504	0.380
8820	0.123	0.977	0.509	0.377
8830	0.148	0.949	0.535	0.368
8840	0.131	0.967	0.516	0.375
eigenvalues:  tensor([40.5905, 39.0649])
hess item is 1.0
8850	0.122	0.971	0.509	0.376
8860	0.113	0.976	0.500	0.382
8870	0.118	0.978	0.505	0.378
8880	0.124	0.975	0.513	0.374
8890	0.139	0.956	0.527	0.362
eigenvalues:  tensor([39.9011, 39.6555])
hess item is 1.0
8900	0.113	0.980	0.500	0.381
8910	0.114	0.978	0.502	0.384
8920	0.154	0.946	0.538	0.367
8930	0.118	0.974	0.507	0.380
8940	0.120	0.976	0.509	0.377
eigenvalues:  tensor([40.7642, 39.9754])
hess item is 1.0
8950	0.125	0.973	0.515	0.369
8960	0.127	0.973	0.516	0.370
8970	0.112	0.981	0.501	0.381
8980	0.120	0.979	0.509	0.366
8990	0.118	0.976	0.507	0.377
eigenvalues:  tensor([40.1746, 39.8766])
hess item is 1.0
9000	0.116	0.976	0.506	0.372
9010	0.122	0.974	0.513	0.375
9020	0.113	0.982	0.504	0.377
9030	0.127	0.970	0.519	0.370
9040	0.127	0.970	0.516	0.376
eigenvalues:  tensor([40.3151, 39.2967])
hess item is 1.0
9050	0.126	0.969	0.516	0.375
9060	0.113	0.981	0.506	0.371
9070	0.124	0.971	0.514	0.374
9080	0.110	0.983	0.502	0.375
9090	0.129	0.970	0.522	0.363
eigenvalues:  tensor([40.7787, 39.3087])
hess item is 1.0
9100	0.131	0.963	0.523	0.373
9110	0.109	0.978	0.499	0.379
9120	0.110	0.982	0.502	0.379
9130	0.113	0.977	0.506	0.375
9140	0.110	0.980	0.501	0.382
eigenvalues:  tensor([41.2515, 39.1456])
hess item is 1.0
9150	0.123	0.975	0.514	0.371
9160	0.119	0.977	0.512	0.370
9170	0.110	0.981	0.503	0.378
9180	0.119	0.972	0.514	0.372
9190	0.110	0.978	0.504	0.382
eigenvalues:  tensor([41.9485, 39.1869])
hess item is 1.0
9200	0.130	0.967	0.525	0.359
9210	0.130	0.972	0.524	0.366
9220	0.111	0.981	0.504	0.376
9230	0.135	0.968	0.531	0.357
9240	0.116	0.978	0.510	0.377
eigenvalues:  tensor([40.0208, 39.4298])
hess item is 1.0
9250	0.116	0.976	0.511	0.375
9260	0.108	0.981	0.503	0.379
9270	0.116	0.978	0.512	0.374
9280	0.115	0.979	0.512	0.371
9290	0.118	0.978	0.515	0.367
eigenvalues:  tensor([40.1319, 39.0990])
hess item is 1.0
9300	0.117	0.978	0.513	0.370
9310	0.110	0.982	0.507	0.377
9320	0.117	0.977	0.513	0.374
9330	0.115	0.976	0.512	0.375
9340	0.121	0.971	0.516	0.373
eigenvalues:  tensor([40.7208, 39.1751])
hess item is 1.0
9350	0.122	0.977	0.516	0.380
9360	0.123	0.973	0.518	0.372
9370	0.132	0.968	0.530	0.363
9380	0.113	0.980	0.508	0.373
9390	0.112	0.982	0.506	0.378
eigenvalues:  tensor([39.1196, 38.8294])
hess item is 1.0
9400	0.114	0.976	0.510	0.373
9410	0.115	0.975	0.511	0.373
9420	0.113	0.981	0.512	0.371
9430	0.110	0.984	0.507	0.374
9440	0.111	0.979	0.507	0.378
eigenvalues:  tensor([40.2332, 39.1144])
hess item is 1.0
9450	0.119	0.978	0.518	0.369
9460	0.123	0.975	0.519	0.373
9470	0.117	0.978	0.515	0.371
9480	0.108	0.981	0.508	0.376
9490	0.106	0.982	0.506	0.379
eigenvalues:  tensor([39.5414, 39.3441])
hess item is 1.0
9500	0.123	0.970	0.520	0.367
9510	0.117	0.973	0.517	0.374
9520	0.118	0.975	0.516	0.370
9530	0.144	0.961	0.540	0.364
9540	0.120	0.973	0.518	0.373
eigenvalues:  tensor([40.7970, 38.4532])
hess item is 1.0
9550	0.113	0.978	0.512	0.373
9560	0.107	0.984	0.508	0.375
9570	0.113	0.980	0.513	0.376
9580	0.120	0.970	0.518	0.376
9590	0.115	0.980	0.516	0.367
eigenvalues:  tensor([40.4928, 39.3379])
hess item is 1.0
9600	0.106	0.982	0.507	0.374
9610	0.105	0.984	0.507	0.371
9620	0.114	0.978	0.514	0.376
9630	0.131	0.965	0.533	0.362
9640	0.110	0.983	0.511	0.378
eigenvalues:  tensor([40.3634, 38.8365])
hess item is 1.0
9650	0.137	0.965	0.539	0.356
9660	0.108	0.980	0.507	0.380
9670	0.108	0.982	0.508	0.378
9680	0.113	0.976	0.513	0.379
9690	0.106	0.984	0.506	0.373
eigenvalues:  tensor([38.4513, 37.3314])
hess item is 1.0
9700	0.116	0.978	0.516	0.373
9710	0.106	0.984	0.506	0.373
9720	0.129	0.965	0.528	0.375
9730	0.108	0.982	0.509	0.376
9740	0.120	0.974	0.522	0.370
eigenvalues:  tensor([39.5296, 39.0907])
hess item is 1.0
9750	0.127	0.971	0.528	0.369
9760	0.109	0.980	0.512	0.377
9770	0.103	0.984	0.508	0.377
9780	0.105	0.981	0.511	0.378
9790	0.119	0.974	0.524	0.371
eigenvalues:  tensor([39.6738, 39.2911])
hess item is 1.0
9800	0.115	0.978	0.519	0.370
9810	0.112	0.978	0.515	0.381
9820	0.104	0.982	0.511	0.377
9830	0.115	0.979	0.520	0.373
9840	0.113	0.978	0.518	0.367
eigenvalues:  tensor([40.0221, 38.2478])
hess item is 1.0
9850	0.105	0.985	0.512	0.369
9860	0.112	0.978	0.517	0.376
9870	0.105	0.987	0.512	0.367
9880	0.119	0.978	0.527	0.367
9890	0.109	0.984	0.515	0.368
eigenvalues:  tensor([40.8925, 39.4522])
hess item is 1.0
9900	0.107	0.982	0.515	0.375
9910	0.100	0.986	0.510	0.373
9920	0.104	0.986	0.512	0.372
9930	0.109	0.979	0.517	0.369
9940	0.112	0.979	0.519	0.365
eigenvalues:  tensor([39.4769, 39.1205])
hess item is 1.0
9950	0.109	0.980	0.518	0.367
9960	0.105	0.981	0.514	0.369
9970	0.111	0.984	0.521	0.372
9980	0.117	0.973	0.525	0.371
9990	0.106	0.984	0.516	0.375
