device: cuda:3
output directory: RESULTS/cifar10-10k/fc-tanh/seed_0/mse/ivon/lr_0.05_h0_1.0_post_1_alpha_2.5_beta2_1.0_beta_0.0_ess_100000.0_ivon
Files already downloaded and verified
Files already downloaded and verified
optimizer is IVON
0	0.597	0.131	0.597	0.131
10	0.462	0.262	0.466	0.243
20	0.425	0.311	0.432	0.292
30	0.414	0.349	0.421	0.321
40	0.418	0.330	0.425	0.299
eigenvalues:  tensor([32.0148, 31.3933])
hess item is 1.0
50	0.415	0.339	0.424	0.307
60	0.401	0.373	0.410	0.339
70	0.398	0.391	0.408	0.357
80	0.404	0.372	0.414	0.335
90	0.404	0.387	0.416	0.346
eigenvalues:  tensor([26.1690, 25.8483])
hess item is 1.0
100	0.395	0.400	0.406	0.363
110	0.395	0.399	0.407	0.359
120	0.393	0.400	0.406	0.357
130	0.393	0.400	0.406	0.362
140	0.390	0.411	0.404	0.371
eigenvalues:  tensor([24.5042, 21.9437])
hess item is 1.0
150	0.386	0.423	0.400	0.375
160	0.388	0.426	0.402	0.376
170	0.387	0.418	0.402	0.369
180	0.385	0.428	0.400	0.379
190	0.386	0.423	0.401	0.372
eigenvalues:  tensor([23.1822, 21.0337])
hess item is 1.0
200	0.384	0.439	0.399	0.386
210	0.385	0.434	0.400	0.385
220	0.383	0.430	0.399	0.376
230	0.382	0.440	0.397	0.385
240	0.381	0.441	0.397	0.380
eigenvalues:  tensor([22.4558, 19.5901])
hess item is 1.0
250	0.379	0.448	0.396	0.387
260	0.379	0.445	0.396	0.385
270	0.382	0.435	0.399	0.375
280	0.379	0.448	0.396	0.392
290	0.376	0.456	0.395	0.391
eigenvalues:  tensor([21.9521, 18.8118])
hess item is 1.0
300	0.376	0.456	0.394	0.395
310	0.378	0.453	0.397	0.385
320	0.377	0.457	0.397	0.382
330	0.376	0.462	0.395	0.397
340	0.377	0.452	0.396	0.384
eigenvalues:  tensor([20.8011, 18.3681])
hess item is 1.0
350	0.376	0.459	0.395	0.395
360	0.373	0.467	0.393	0.400
370	0.375	0.459	0.395	0.397
380	0.373	0.467	0.394	0.399
390	0.373	0.469	0.394	0.391
eigenvalues:  tensor([20.3604, 17.8538])
hess item is 1.0
400	0.374	0.464	0.394	0.400
410	0.373	0.464	0.394	0.397
420	0.372	0.468	0.393	0.400
430	0.372	0.471	0.393	0.402
440	0.370	0.476	0.392	0.401
eigenvalues:  tensor([19.6777, 17.5221])
hess item is 1.0
450	0.372	0.470	0.394	0.400
460	0.370	0.475	0.392	0.401
470	0.370	0.475	0.393	0.400
480	0.369	0.474	0.392	0.400
490	0.369	0.478	0.392	0.400
eigenvalues:  tensor([19.5273, 17.4135])
hess item is 1.0
500	0.370	0.479	0.394	0.404
510	0.369	0.481	0.393	0.399
520	0.368	0.478	0.392	0.402
530	0.367	0.483	0.391	0.406
540	0.368	0.475	0.393	0.400
eigenvalues:  tensor([19.6446, 17.2027])
hess item is 1.0
550	0.367	0.477	0.392	0.403
560	0.367	0.475	0.392	0.403
570	0.365	0.486	0.391	0.404
580	0.366	0.480	0.392	0.402
590	0.364	0.490	0.390	0.409
eigenvalues:  tensor([19.1350, 17.1185])
hess item is 1.0
600	0.364	0.485	0.391	0.409
610	0.364	0.487	0.391	0.405
620	0.363	0.496	0.390	0.412
630	0.364	0.488	0.391	0.411
640	0.362	0.498	0.389	0.411
eigenvalues:  tensor([19.1628, 17.1876])
hess item is 1.0
650	0.362	0.495	0.390	0.410
660	0.364	0.491	0.392	0.407
670	0.363	0.501	0.391	0.409
680	0.362	0.491	0.391	0.403
690	0.360	0.503	0.389	0.411
eigenvalues:  tensor([19.1218, 17.2310])
hess item is 1.0
700	0.360	0.502	0.389	0.408
710	0.361	0.503	0.390	0.407
720	0.361	0.507	0.390	0.407
730	0.361	0.494	0.391	0.407
740	0.361	0.499	0.391	0.408
eigenvalues:  tensor([19.0403, 16.5664])
hess item is 1.0
750	0.359	0.507	0.389	0.414
760	0.359	0.501	0.389	0.411
770	0.358	0.500	0.389	0.413
780	0.359	0.492	0.390	0.407
790	0.357	0.510	0.388	0.416
eigenvalues:  tensor([19.0178, 16.9178])
hess item is 1.0
800	0.357	0.511	0.388	0.412
810	0.357	0.509	0.389	0.408
820	0.357	0.510	0.388	0.410
830	0.357	0.508	0.390	0.410
840	0.355	0.512	0.388	0.412
eigenvalues:  tensor([19.0886, 16.6473])
hess item is 1.0
850	0.355	0.515	0.387	0.415
860	0.355	0.514	0.388	0.415
870	0.355	0.519	0.388	0.412
880	0.355	0.521	0.388	0.418
890	0.353	0.516	0.387	0.414
eigenvalues:  tensor([18.9126, 16.6519])
hess item is 1.0
900	0.353	0.521	0.387	0.416
910	0.353	0.521	0.387	0.415
920	0.352	0.522	0.387	0.414
930	0.352	0.523	0.388	0.411
940	0.352	0.522	0.388	0.415
eigenvalues:  tensor([19.0400, 17.0397])
hess item is 1.0
950	0.352	0.528	0.387	0.416
960	0.353	0.519	0.389	0.407
970	0.353	0.521	0.389	0.413
980	0.351	0.528	0.388	0.416
990	0.352	0.527	0.388	0.414
eigenvalues:  tensor([18.8891, 16.8982])
hess item is 1.0
1000	0.350	0.526	0.387	0.412
1010	0.350	0.527	0.388	0.415
1020	0.350	0.532	0.388	0.417
1030	0.349	0.526	0.387	0.412
1040	0.349	0.525	0.388	0.409
eigenvalues:  tensor([19.1838, 16.8156])
hess item is 1.0
1050	0.350	0.529	0.389	0.411
1060	0.348	0.535	0.387	0.421
1070	0.348	0.541	0.387	0.423
1080	0.347	0.541	0.386	0.416
1090	0.348	0.534	0.388	0.412
eigenvalues:  tensor([19.2808, 17.1255])
hess item is 1.0
1100	0.347	0.539	0.386	0.420
1110	0.348	0.533	0.388	0.414
1120	0.347	0.544	0.387	0.419
1130	0.347	0.539	0.388	0.417
1140	0.345	0.546	0.386	0.420
eigenvalues:  tensor([19.2012, 17.0655])
hess item is 1.0
1150	0.345	0.547	0.387	0.419
1160	0.345	0.543	0.387	0.415
1170	0.346	0.539	0.388	0.413
1180	0.345	0.551	0.387	0.421
1190	0.344	0.549	0.387	0.421
eigenvalues:  tensor([19.0430, 17.3618])
hess item is 1.0
1200	0.344	0.545	0.387	0.416
1210	0.344	0.548	0.387	0.411
1220	0.343	0.549	0.387	0.417
1230	0.344	0.540	0.388	0.413
1240	0.343	0.553	0.388	0.415
eigenvalues:  tensor([19.2707, 17.1832])
hess item is 1.0
1250	0.342	0.555	0.387	0.418
1260	0.342	0.557	0.387	0.421
1270	0.341	0.562	0.386	0.419
1280	0.342	0.550	0.387	0.419
1290	0.342	0.550	0.388	0.416
eigenvalues:  tensor([19.0058, 17.4125])
hess item is 1.0
1300	0.341	0.550	0.387	0.417
1310	0.341	0.560	0.388	0.416
1320	0.340	0.557	0.387	0.420
1330	0.339	0.554	0.387	0.417
1340	0.338	0.559	0.386	0.421
eigenvalues:  tensor([18.7310, 17.4979])
hess item is 1.0
1350	0.340	0.560	0.387	0.418
1360	0.340	0.564	0.388	0.419
1370	0.339	0.559	0.388	0.414
1380	0.340	0.564	0.388	0.415
1390	0.338	0.563	0.387	0.420
eigenvalues:  tensor([19.2112, 17.9170])
hess item is 1.0
1400	0.338	0.562	0.387	0.418
1410	0.337	0.570	0.386	0.421
1420	0.337	0.566	0.387	0.424
1430	0.337	0.564	0.386	0.420
1440	0.337	0.569	0.386	0.423
eigenvalues:  tensor([19.1188, 17.8102])
hess item is 1.0
1450	0.336	0.569	0.386	0.423
1460	0.336	0.569	0.387	0.421
1470	0.335	0.573	0.387	0.417
1480	0.335	0.574	0.387	0.424
1490	0.334	0.573	0.386	0.418
eigenvalues:  tensor([18.8881, 17.5217])
hess item is 1.0
1500	0.335	0.575	0.387	0.421
1510	0.334	0.572	0.388	0.420
1520	0.335	0.569	0.388	0.418
1530	0.334	0.582	0.387	0.423
1540	0.332	0.576	0.386	0.421
eigenvalues:  tensor([19.1632, 17.8294])
hess item is 1.0
1550	0.331	0.577	0.385	0.424
1560	0.339	0.566	0.392	0.408
1570	0.333	0.576	0.388	0.415
1580	0.332	0.576	0.387	0.420
1590	0.332	0.582	0.387	0.421
eigenvalues:  tensor([19.4187, 17.8654])
hess item is 1.0
1600	0.333	0.573	0.389	0.422
1610	0.330	0.583	0.387	0.423
1620	0.331	0.586	0.387	0.423
1630	0.330	0.583	0.387	0.420
1640	0.330	0.589	0.387	0.420
eigenvalues:  tensor([19.6728, 17.9303])
hess item is 1.0
1650	0.328	0.592	0.386	0.423
1660	0.329	0.593	0.388	0.420
1670	0.329	0.592	0.387	0.421
1680	0.330	0.593	0.389	0.419
1690	0.342	0.551	0.394	0.405
eigenvalues:  tensor([22.4136, 20.4384])
hess item is 1.0
1700	0.340	0.561	0.393	0.407
1710	0.338	0.562	0.393	0.407
1720	0.333	0.580	0.388	0.412
1730	0.332	0.582	0.388	0.418
1740	0.333	0.577	0.389	0.419
eigenvalues:  tensor([21.2175, 19.1853])
hess item is 1.0
1750	0.331	0.585	0.388	0.417
1760	0.333	0.578	0.390	0.418
1770	0.328	0.588	0.387	0.421
1780	0.330	0.580	0.390	0.417
1790	0.328	0.588	0.388	0.418
eigenvalues:  tensor([20.4430, 18.7966])
hess item is 1.0
1800	0.328	0.589	0.388	0.419
1810	0.328	0.590	0.388	0.419
1820	0.327	0.587	0.389	0.418
1830	0.328	0.591	0.390	0.422
1840	0.325	0.602	0.387	0.421
eigenvalues:  tensor([20.1562, 18.5503])
hess item is 1.0
1850	0.326	0.605	0.389	0.417
1860	0.323	0.601	0.387	0.422
1870	0.324	0.598	0.388	0.421
1880	0.323	0.600	0.387	0.421
1890	0.322	0.603	0.386	0.424
eigenvalues:  tensor([20.0181, 18.9694])
hess item is 1.0
1900	0.325	0.606	0.390	0.421
1910	0.323	0.602	0.388	0.427
1920	0.323	0.611	0.389	0.423
1930	0.321	0.611	0.387	0.426
1940	0.320	0.617	0.386	0.424
eigenvalues:  tensor([20.2225, 18.6525])
hess item is 1.0
1950	0.321	0.614	0.388	0.419
1960	0.320	0.613	0.387	0.423
1970	0.320	0.613	0.388	0.423
1980	0.320	0.614	0.388	0.421
1990	0.319	0.611	0.387	0.425
eigenvalues:  tensor([20.4431, 18.9622])
hess item is 1.0
2000	0.319	0.614	0.388	0.420
2010	0.320	0.608	0.389	0.422
2020	0.319	0.620	0.389	0.420
2030	0.318	0.614	0.388	0.424
2040	0.318	0.614	0.388	0.426
eigenvalues:  tensor([20.5894, 19.2206])
hess item is 1.0
2050	0.319	0.609	0.389	0.423
2060	0.318	0.609	0.389	0.422
2070	0.319	0.615	0.391	0.421
2080	0.317	0.622	0.389	0.421
2090	0.316	0.631	0.388	0.421
eigenvalues:  tensor([20.7585, 19.6685])
hess item is 1.0
2100	0.316	0.622	0.389	0.422
2110	0.315	0.617	0.389	0.417
2120	0.316	0.629	0.389	0.421
2130	0.315	0.621	0.389	0.423
2140	0.314	0.623	0.389	0.422
eigenvalues:  tensor([20.7797, 19.8206])
hess item is 1.0
2150	0.314	0.632	0.388	0.425
2160	0.313	0.627	0.388	0.422
2170	0.316	0.621	0.392	0.417
2180	0.313	0.625	0.389	0.421
2190	0.317	0.614	0.393	0.417
eigenvalues:  tensor([20.3132, 19.6302])
hess item is 1.0
2200	0.313	0.632	0.389	0.420
2210	0.315	0.629	0.392	0.417
2220	0.315	0.623	0.393	0.415
2230	0.315	0.631	0.391	0.421
2240	0.310	0.637	0.387	0.426
eigenvalues:  tensor([20.7160, 20.2974])
hess item is 1.0
2250	0.313	0.628	0.392	0.417
2260	0.311	0.634	0.390	0.419
2270	0.313	0.632	0.392	0.419
2280	0.311	0.637	0.390	0.426
2290	0.309	0.644	0.388	0.424
eigenvalues:  tensor([20.7619, 20.3890])
hess item is 1.0
2300	0.309	0.636	0.389	0.423
2310	0.309	0.641	0.389	0.422
2320	0.307	0.643	0.388	0.426
2330	0.311	0.635	0.392	0.423
2340	0.309	0.644	0.390	0.424
eigenvalues:  tensor([20.4631, 20.0844])
hess item is 1.0
2350	0.308	0.645	0.390	0.422
2360	0.309	0.641	0.391	0.422
2370	0.310	0.639	0.392	0.423
2380	0.309	0.647	0.392	0.418
2390	0.306	0.650	0.389	0.423
eigenvalues:  tensor([20.9598, 20.4427])
hess item is 1.0
2400	0.307	0.651	0.390	0.420
2410	0.305	0.659	0.388	0.425
2420	0.306	0.640	0.390	0.419
2430	0.305	0.647	0.390	0.420
2440	0.305	0.647	0.391	0.423
eigenvalues:  tensor([20.7289, 20.3607])
hess item is 1.0
2450	0.304	0.653	0.390	0.421
2460	0.303	0.655	0.388	0.426
2470	0.304	0.653	0.391	0.422
2480	0.302	0.657	0.389	0.425
2490	0.306	0.648	0.394	0.419
eigenvalues:  tensor([21.0624, 20.7157])
hess item is 1.0
2500	0.305	0.649	0.392	0.417
2510	0.303	0.656	0.390	0.423
2520	0.302	0.662	0.391	0.416
2530	0.306	0.656	0.394	0.420
2540	0.302	0.655	0.391	0.421
eigenvalues:  tensor([21.5410, 20.7830])
hess item is 1.0
2550	0.301	0.665	0.390	0.420
2560	0.299	0.674	0.389	0.424
2570	0.301	0.667	0.391	0.423
2580	0.300	0.664	0.391	0.424
2590	0.302	0.666	0.393	0.420
eigenvalues:  tensor([21.6674, 20.4659])
hess item is 1.0
2600	0.301	0.662	0.393	0.414
2610	0.300	0.665	0.392	0.423
2620	0.299	0.670	0.391	0.424
2630	0.302	0.670	0.394	0.418
2640	0.300	0.670	0.393	0.417
eigenvalues:  tensor([21.5583, 20.5785])
hess item is 1.0
2650	0.298	0.668	0.391	0.418
2660	0.300	0.667	0.392	0.421
2670	0.297	0.670	0.391	0.423
2680	0.300	0.657	0.395	0.415
2690	0.297	0.671	0.392	0.417
eigenvalues:  tensor([21.5603, 20.6230])
hess item is 1.0
2700	0.296	0.677	0.391	0.420
2710	0.311	0.631	0.406	0.412
2720	0.298	0.667	0.392	0.419
2730	0.296	0.678	0.391	0.427
2740	0.304	0.660	0.399	0.419
eigenvalues:  tensor([21.5112, 20.9526])
hess item is 1.0
2750	0.295	0.682	0.391	0.421
2760	0.299	0.673	0.395	0.416
2770	0.295	0.680	0.391	0.422
2780	0.294	0.679	0.392	0.419
2790	0.296	0.671	0.394	0.417
eigenvalues:  tensor([21.8959, 20.7266])
hess item is 1.0
2800	0.294	0.678	0.392	0.424
2810	0.292	0.685	0.391	0.424
2820	0.293	0.687	0.393	0.422
2830	0.296	0.670	0.395	0.420
2840	0.301	0.657	0.401	0.412
eigenvalues:  tensor([22.1537, 20.7509])
hess item is 1.0
2850	0.294	0.682	0.394	0.421
2860	0.294	0.689	0.395	0.416
2870	0.292	0.685	0.393	0.420
2880	0.291	0.690	0.392	0.423
2890	0.291	0.692	0.392	0.427
eigenvalues:  tensor([22.3501, 20.8772])
hess item is 1.0
2900	0.290	0.685	0.392	0.419
2910	0.291	0.687	0.393	0.419
2920	0.293	0.691	0.396	0.417
2930	0.289	0.691	0.393	0.420
2940	0.291	0.694	0.394	0.421
eigenvalues:  tensor([22.4229, 20.9971])
hess item is 1.0
2950	0.291	0.688	0.395	0.417
2960	0.288	0.698	0.393	0.424
2970	0.289	0.698	0.394	0.422
2980	0.289	0.700	0.394	0.421
2990	0.288	0.702	0.394	0.425
eigenvalues:  tensor([22.0833, 20.8110])
hess item is 1.0
3000	0.288	0.698	0.394	0.422
3010	0.288	0.698	0.395	0.422
3020	0.286	0.706	0.393	0.419
3030	0.286	0.700	0.393	0.423
3040	0.289	0.696	0.396	0.418
eigenvalues:  tensor([22.4672, 21.0593])
hess item is 1.0
3050	0.287	0.698	0.395	0.421
3060	0.285	0.710	0.394	0.421
3070	0.287	0.698	0.396	0.422
3080	0.287	0.698	0.394	0.420
3090	0.295	0.680	0.401	0.409
eigenvalues:  tensor([23.2824, 22.4167])
hess item is 1.0
3100	0.287	0.687	0.395	0.421
3110	0.284	0.702	0.393	0.424
3120	0.286	0.695	0.395	0.422
3130	0.284	0.706	0.393	0.425
3140	0.287	0.701	0.396	0.418
eigenvalues:  tensor([23.1804, 22.1133])
hess item is 1.0
3150	0.283	0.707	0.394	0.423
3160	0.294	0.683	0.405	0.406
3170	0.283	0.714	0.395	0.421
3180	0.283	0.708	0.395	0.422
3190	0.285	0.705	0.397	0.417
eigenvalues:  tensor([22.7010, 21.7236])
hess item is 1.0
3200	0.283	0.715	0.395	0.421
3210	0.284	0.698	0.397	0.422
3220	0.287	0.694	0.400	0.414
3230	0.280	0.723	0.393	0.423
3240	0.281	0.717	0.395	0.420
eigenvalues:  tensor([22.4686, 21.7027])
hess item is 1.0
3250	0.282	0.710	0.397	0.415
3260	0.281	0.712	0.397	0.417
3270	0.279	0.719	0.395	0.418
3280	0.279	0.723	0.394	0.422
3290	0.279	0.723	0.394	0.422
eigenvalues:  tensor([22.5880, 21.5329])
hess item is 1.0
3300	0.282	0.715	0.398	0.422
3310	0.279	0.713	0.396	0.421
3320	0.281	0.712	0.398	0.420
3330	0.281	0.717	0.399	0.413
3340	0.277	0.721	0.395	0.421
eigenvalues:  tensor([23.0744, 21.4984])
hess item is 1.0
3350	0.279	0.716	0.397	0.416
3360	0.279	0.721	0.398	0.418
3370	0.279	0.718	0.397	0.419
3380	0.276	0.726	0.395	0.423
3390	0.276	0.725	0.396	0.419
eigenvalues:  tensor([22.6043, 21.3678])
hess item is 1.0
3400	0.278	0.721	0.397	0.420
3410	0.280	0.710	0.400	0.414
3420	0.276	0.720	0.397	0.420
3430	0.275	0.735	0.396	0.419
3440	0.276	0.730	0.397	0.417
eigenvalues:  tensor([23.1098, 21.4991])
hess item is 1.0
3450	0.273	0.731	0.395	0.425
3460	0.294	0.691	0.416	0.398
3470	0.275	0.729	0.398	0.419
3480	0.273	0.738	0.396	0.424
3490	0.276	0.730	0.400	0.420
eigenvalues:  tensor([23.1180, 21.8409])
hess item is 1.0
3500	0.272	0.735	0.396	0.422
3510	0.273	0.740	0.398	0.420
3520	0.275	0.736	0.400	0.415
3530	0.272	0.737	0.397	0.420
3540	0.274	0.734	0.400	0.417
eigenvalues:  tensor([23.7542, 21.9266])
hess item is 1.0
3550	0.270	0.739	0.397	0.420
3560	0.274	0.733	0.400	0.421
3570	0.270	0.740	0.397	0.421
3580	0.274	0.741	0.401	0.415
3590	0.275	0.742	0.402	0.416
eigenvalues:  tensor([23.4010, 21.7129])
hess item is 1.0
3600	0.270	0.740	0.398	0.418
3610	0.270	0.743	0.398	0.420
3620	0.269	0.744	0.398	0.421
3630	0.272	0.741	0.401	0.413
3640	0.271	0.740	0.400	0.417
eigenvalues:  tensor([23.2644, 22.1682])
hess item is 1.0
3650	0.269	0.745	0.399	0.419
3660	0.268	0.748	0.398	0.422
3670	0.268	0.745	0.398	0.424
3680	0.268	0.749	0.398	0.420
3690	0.269	0.750	0.400	0.417
eigenvalues:  tensor([23.6063, 21.6328])
hess item is 1.0
3700	0.273	0.744	0.403	0.418
3710	0.269	0.747	0.401	0.414
3720	0.268	0.742	0.401	0.420
3730	0.266	0.752	0.400	0.418
3740	0.268	0.749	0.401	0.416
eigenvalues:  tensor([23.1611, 21.4315])
hess item is 1.0
3750	0.266	0.753	0.400	0.416
3760	0.265	0.751	0.398	0.423
3770	0.265	0.753	0.398	0.421
3780	0.271	0.741	0.404	0.415
3790	0.265	0.757	0.399	0.422
eigenvalues:  tensor([23.3701, 21.4737])
hess item is 1.0
3800	0.265	0.749	0.401	0.421
3810	0.265	0.759	0.399	0.421
3820	0.264	0.760	0.399	0.419
3830	0.269	0.743	0.405	0.417
3840	0.264	0.756	0.400	0.417
eigenvalues:  tensor([23.3717, 21.6497])
hess item is 1.0
3850	0.263	0.761	0.400	0.419
3860	0.265	0.760	0.401	0.418
3870	0.264	0.754	0.400	0.414
3880	0.264	0.762	0.401	0.420
3890	0.262	0.760	0.400	0.418
eigenvalues:  tensor([22.8278, 22.2171])
hess item is 1.0
3900	0.263	0.764	0.400	0.420
3910	0.264	0.753	0.404	0.417
3920	0.259	0.767	0.398	0.423
3930	0.261	0.768	0.400	0.420
3940	0.262	0.762	0.400	0.420
eigenvalues:  tensor([23.1818, 22.2177])
hess item is 1.0
3950	0.266	0.758	0.406	0.413
3960	0.261	0.767	0.401	0.418
3970	0.265	0.756	0.405	0.414
3980	0.257	0.773	0.398	0.423
3990	0.263	0.759	0.404	0.419
eigenvalues:  tensor([23.2917, 22.1497])
hess item is 1.0
4000	0.259	0.772	0.400	0.420
4010	0.260	0.770	0.402	0.414
4020	0.260	0.762	0.402	0.420
4030	0.259	0.768	0.401	0.422
4040	0.259	0.774	0.402	0.416
eigenvalues:  tensor([22.9681, 22.1463])
hess item is 1.0
4050	0.258	0.773	0.401	0.420
4060	0.259	0.768	0.401	0.420
4070	0.260	0.766	0.403	0.417
4080	0.255	0.773	0.400	0.421
4090	0.261	0.768	0.405	0.413
eigenvalues:  tensor([23.2568, 22.0594])
hess item is 1.0
4100	0.258	0.769	0.403	0.416
4110	0.256	0.780	0.402	0.419
4120	0.255	0.775	0.401	0.415
4130	0.254	0.784	0.401	0.421
4140	0.255	0.783	0.401	0.422
eigenvalues:  tensor([23.1339, 22.4065])
hess item is 1.0
4150	0.257	0.779	0.404	0.414
4160	0.255	0.778	0.403	0.416
4170	0.256	0.772	0.402	0.421
4180	0.253	0.787	0.401	0.422
4190	0.254	0.785	0.403	0.420
eigenvalues:  tensor([23.0965, 22.2514])
hess item is 1.0
4200	0.254	0.783	0.402	0.418
4210	0.253	0.786	0.402	0.417
4220	0.253	0.782	0.402	0.419
4230	0.256	0.776	0.406	0.411
4240	0.252	0.788	0.402	0.420
eigenvalues:  tensor([23.4249, 22.3573])
hess item is 1.0
4250	0.253	0.787	0.403	0.417
4260	0.256	0.785	0.407	0.411
4270	0.252	0.788	0.402	0.424
4280	0.255	0.775	0.407	0.416
4290	0.252	0.783	0.404	0.413
eigenvalues:  tensor([23.9615, 21.9741])
hess item is 1.0
4300	0.254	0.783	0.406	0.417
4310	0.253	0.782	0.405	0.420
4320	0.249	0.793	0.402	0.420
4330	0.250	0.791	0.403	0.418
4340	0.249	0.796	0.403	0.418
eigenvalues:  tensor([23.8592, 21.9087])
hess item is 1.0
4350	0.250	0.792	0.404	0.418
4360	0.252	0.786	0.406	0.417
4370	0.249	0.795	0.404	0.416
4380	0.249	0.792	0.404	0.415
4390	0.249	0.793	0.405	0.420
eigenvalues:  tensor([23.4614, 22.1809])
hess item is 1.0
4400	0.248	0.799	0.403	0.418
4410	0.251	0.789	0.407	0.415
4420	0.250	0.790	0.406	0.415
4430	0.252	0.790	0.408	0.414
4440	0.255	0.780	0.407	0.413
eigenvalues:  tensor([23.7354, 22.1573])
hess item is 1.0
4450	0.252	0.789	0.404	0.413
4460	0.256	0.770	0.410	0.409
4470	0.252	0.784	0.407	0.413
4480	0.254	0.783	0.410	0.411
4490	0.248	0.792	0.405	0.414
eigenvalues:  tensor([23.6854, 22.3341])
hess item is 1.0
4500	0.251	0.794	0.408	0.409
4510	0.249	0.795	0.407	0.413
4520	0.247	0.800	0.406	0.420
4530	0.248	0.801	0.407	0.414
4540	0.247	0.800	0.407	0.414
eigenvalues:  tensor([23.5283, 22.4355])
hess item is 1.0
4550	0.248	0.792	0.407	0.416
4560	0.245	0.799	0.405	0.416
4570	0.250	0.797	0.410	0.410
4580	0.245	0.808	0.406	0.417
4590	0.244	0.802	0.406	0.414
eigenvalues:  tensor([23.5724, 22.2656])
hess item is 1.0
4600	0.244	0.805	0.406	0.416
4610	0.248	0.799	0.410	0.413
4620	0.265	0.765	0.420	0.399
4630	0.257	0.776	0.416	0.406
4640	0.247	0.798	0.408	0.410
eigenvalues:  tensor([23.0731, 22.2336])
hess item is 1.0
4650	0.251	0.789	0.412	0.407
4660	0.246	0.802	0.408	0.415
4670	0.243	0.807	0.406	0.414
4680	0.243	0.805	0.406	0.415
4690	0.246	0.798	0.410	0.412
eigenvalues:  tensor([22.8632, 22.2709])
hess item is 1.0
4700	0.244	0.806	0.408	0.413
4710	0.244	0.802	0.410	0.412
4720	0.243	0.805	0.408	0.417
4730	0.244	0.806	0.411	0.415
4740	0.244	0.803	0.410	0.412
eigenvalues:  tensor([23.0149, 22.4258])
hess item is 1.0
4750	0.243	0.804	0.409	0.413
4760	0.239	0.816	0.406	0.418
4770	0.239	0.815	0.407	0.419
4780	0.245	0.808	0.411	0.413
4790	0.241	0.809	0.408	0.416
eigenvalues:  tensor([23.5768, 22.4462])
hess item is 1.0
4800	0.239	0.814	0.408	0.417
4810	0.242	0.799	0.411	0.417
4820	0.239	0.818	0.408	0.411
4830	0.239	0.812	0.408	0.416
4840	0.238	0.819	0.408	0.415
eigenvalues:  tensor([23.7496, 22.2059])
hess item is 1.0
4850	0.240	0.815	0.410	0.412
4860	0.238	0.817	0.408	0.414
4870	0.239	0.814	0.409	0.413
4880	0.239	0.815	0.410	0.412
4890	0.239	0.812	0.410	0.416
eigenvalues:  tensor([24.1577, 22.5149])
hess item is 1.0
4900	0.237	0.821	0.409	0.415
4910	0.240	0.813	0.411	0.410
4920	0.240	0.810	0.412	0.414
4930	0.237	0.822	0.409	0.415
4940	0.237	0.822	0.410	0.414
eigenvalues:  tensor([24.2238, 22.9035])
hess item is 1.0
4950	0.238	0.815	0.412	0.407
4960	0.237	0.812	0.411	0.418
4970	0.245	0.809	0.418	0.409
4980	0.236	0.819	0.410	0.415
4990	0.239	0.811	0.414	0.408
eigenvalues:  tensor([24.4065, 22.3145])
hess item is 1.0
5000	0.236	0.821	0.410	0.415
5010	0.234	0.825	0.410	0.415
5020	0.238	0.809	0.414	0.413
5030	0.234	0.826	0.411	0.415
5040	0.238	0.818	0.415	0.410
eigenvalues:  tensor([24.2684, 22.8861])
hess item is 1.0
5050	0.234	0.827	0.411	0.412
5060	0.237	0.828	0.413	0.417
5070	0.232	0.822	0.410	0.418
5080	0.232	0.825	0.409	0.414
5090	0.235	0.819	0.413	0.413
eigenvalues:  tensor([23.9641, 22.7960])
hess item is 1.0
5100	0.238	0.819	0.414	0.411
5110	0.234	0.827	0.413	0.410
5120	0.230	0.829	0.409	0.419
5130	0.232	0.834	0.412	0.412
5140	0.234	0.824	0.414	0.410
eigenvalues:  tensor([24.0320, 23.5870])
hess item is 1.0
5150	0.233	0.829	0.413	0.410
5160	0.233	0.828	0.413	0.410
5170	0.232	0.830	0.413	0.411
5180	0.233	0.830	0.413	0.411
5190	0.230	0.832	0.412	0.414
eigenvalues:  tensor([23.8301, 23.7310])
hess item is 1.0
5200	0.233	0.833	0.414	0.409
5210	0.233	0.826	0.415	0.417
5220	0.232	0.825	0.414	0.412
5230	0.228	0.840	0.411	0.414
5240	0.228	0.831	0.411	0.416
eigenvalues:  tensor([24.0430, 22.7185])
hess item is 1.0
5250	0.231	0.825	0.414	0.417
5260	0.232	0.829	0.415	0.415
5270	0.239	0.823	0.422	0.405
5280	0.231	0.829	0.415	0.412
5290	0.229	0.836	0.413	0.411
eigenvalues:  tensor([23.7586, 23.1029])
hess item is 1.0
5300	0.229	0.830	0.414	0.414
5310	0.232	0.832	0.416	0.410
5320	0.227	0.837	0.412	0.414
5330	0.229	0.833	0.414	0.413
5340	0.230	0.834	0.414	0.416
eigenvalues:  tensor([23.7052, 22.4643])
hess item is 1.0
5350	0.228	0.836	0.414	0.411
5360	0.229	0.842	0.414	0.411
5370	0.225	0.850	0.411	0.414
5380	0.231	0.834	0.417	0.403
5390	0.226	0.843	0.413	0.414
eigenvalues:  tensor([23.7348, 22.5688])
hess item is 1.0
5400	0.230	0.833	0.417	0.404
5410	0.224	0.842	0.412	0.414
5420	0.226	0.843	0.414	0.411
5430	0.224	0.841	0.412	0.412
5440	0.227	0.841	0.415	0.409
eigenvalues:  tensor([23.6619, 22.8508])
hess item is 1.0
5450	0.225	0.838	0.413	0.417
5460	0.225	0.841	0.413	0.413
5470	0.235	0.821	0.426	0.409
5480	0.225	0.845	0.415	0.406
5490	0.226	0.843	0.416	0.411
eigenvalues:  tensor([23.4872, 23.0486])
hess item is 1.0
5500	0.227	0.838	0.418	0.407
5510	0.222	0.851	0.413	0.414
5520	0.223	0.845	0.415	0.410
5530	0.225	0.846	0.416	0.407
5540	0.225	0.841	0.416	0.417
eigenvalues:  tensor([23.7142, 23.2562])
hess item is 1.0
5550	0.220	0.848	0.412	0.417
5560	0.225	0.839	0.418	0.408
5570	0.223	0.846	0.416	0.408
5580	0.221	0.852	0.414	0.413
5590	0.224	0.844	0.417	0.416
eigenvalues:  tensor([23.9453, 23.3696])
hess item is 1.0
5600	0.223	0.841	0.417	0.414
5610	0.223	0.846	0.416	0.412
5620	0.220	0.849	0.415	0.413
5630	0.220	0.851	0.415	0.411
5640	0.222	0.848	0.417	0.416
eigenvalues:  tensor([24.0510, 22.7376])
hess item is 1.0
5650	0.219	0.856	0.414	0.414
5660	0.219	0.857	0.414	0.413
5670	0.223	0.854	0.419	0.401
5680	0.220	0.852	0.416	0.414
5690	0.232	0.822	0.427	0.402
eigenvalues:  tensor([24.1372, 23.3407])
hess item is 1.0
5700	0.220	0.851	0.415	0.410
5710	0.219	0.853	0.416	0.415
5720	0.219	0.857	0.416	0.410
5730	0.220	0.851	0.419	0.406
5740	0.221	0.853	0.419	0.410
eigenvalues:  tensor([24.3491, 23.4717])
hess item is 1.0
5750	0.221	0.849	0.419	0.409
5760	0.216	0.856	0.415	0.416
5770	0.217	0.859	0.416	0.411
5780	0.215	0.858	0.415	0.412
5790	0.220	0.853	0.419	0.412
eigenvalues:  tensor([24.2547, 23.2108])
hess item is 1.0
5800	0.218	0.854	0.418	0.413
5810	0.219	0.856	0.419	0.407
5820	0.218	0.855	0.419	0.407
5830	0.217	0.859	0.418	0.416
5840	0.214	0.863	0.415	0.413
eigenvalues:  tensor([24.7208, 23.3895])
hess item is 1.0
5850	0.219	0.857	0.420	0.406
5860	0.214	0.862	0.417	0.412
5870	0.215	0.860	0.417	0.412
5880	0.213	0.864	0.416	0.415
5890	0.213	0.863	0.417	0.414
eigenvalues:  tensor([24.7364, 23.4294])
hess item is 1.0
5900	0.219	0.857	0.422	0.407
5910	0.213	0.868	0.416	0.411
5920	0.213	0.868	0.416	0.410
5930	0.214	0.864	0.418	0.409
5940	0.213	0.868	0.418	0.412
eigenvalues:  tensor([25.0060, 23.4457])
hess item is 1.0
5950	0.216	0.859	0.420	0.409
5960	0.220	0.851	0.424	0.410
5970	0.223	0.854	0.429	0.398
5980	0.217	0.859	0.421	0.410
5990	0.215	0.865	0.420	0.407
eigenvalues:  tensor([32.4933, 29.6291])
hess item is 1.0
6000	0.302	0.688	0.443	0.366
6010	0.282	0.719	0.431	0.381
6020	0.276	0.741	0.430	0.381
6030	0.262	0.766	0.419	0.398
6040	0.261	0.773	0.422	0.396
eigenvalues:  tensor([28.1772, 25.7458])
hess item is 1.0
6050	0.257	0.773	0.422	0.390
6060	0.251	0.794	0.419	0.400
6070	0.248	0.800	0.418	0.398
6080	0.243	0.804	0.416	0.406
6090	0.241	0.818	0.416	0.404
eigenvalues:  tensor([26.1227, 24.5470])
hess item is 1.0
6100	0.244	0.810	0.421	0.402
6110	0.236	0.817	0.415	0.405
6120	0.237	0.820	0.418	0.410
6130	0.235	0.821	0.417	0.406
6140	0.234	0.832	0.418	0.405
eigenvalues:  tensor([25.3925, 24.0822])
hess item is 1.0
6150	0.231	0.835	0.416	0.406
6160	0.234	0.822	0.422	0.405
6170	0.227	0.840	0.416	0.409
6180	0.226	0.838	0.415	0.412
6190	0.225	0.845	0.415	0.411
eigenvalues:  tensor([25.4993, 24.8632])
hess item is 1.0
6200	0.228	0.838	0.419	0.410
6210	0.226	0.839	0.418	0.408
6220	0.222	0.855	0.417	0.405
6230	0.226	0.841	0.423	0.404
6240	0.223	0.842	0.420	0.412
eigenvalues:  tensor([25.8439, 24.5662])
hess item is 1.0
6250	0.221	0.847	0.418	0.410
6260	0.224	0.845	0.421	0.412
6270	0.227	0.836	0.426	0.407
6280	0.219	0.857	0.419	0.408
6290	0.230	0.835	0.429	0.405
eigenvalues:  tensor([25.5663, 24.3448])
hess item is 1.0
6300	0.217	0.855	0.418	0.413
6310	0.231	0.830	0.424	0.407
6320	0.223	0.843	0.420	0.414
6330	0.228	0.841	0.427	0.404
6340	0.217	0.858	0.418	0.412
eigenvalues:  tensor([25.1980, 24.2086])
hess item is 1.0
6350	0.221	0.849	0.422	0.408
6360	0.218	0.857	0.421	0.403
6370	0.215	0.859	0.417	0.415
6380	0.217	0.854	0.421	0.405
6390	0.220	0.858	0.425	0.406
eigenvalues:  tensor([24.9792, 24.8612])
hess item is 1.0
6400	0.212	0.869	0.417	0.414
6410	0.217	0.860	0.423	0.408
6420	0.212	0.873	0.418	0.407
6430	0.212	0.864	0.419	0.413
6440	0.214	0.861	0.420	0.411
eigenvalues:  tensor([24.8974, 24.5966])
hess item is 1.0
6450	0.220	0.845	0.427	0.403
6460	0.210	0.870	0.419	0.414
6470	0.217	0.858	0.425	0.403
6480	0.210	0.870	0.419	0.414
6490	0.220	0.853	0.431	0.397
eigenvalues:  tensor([25.3290, 24.4376])
hess item is 1.0
6500	0.209	0.876	0.419	0.411
6510	0.212	0.869	0.421	0.410
6520	0.211	0.874	0.422	0.407
6530	0.211	0.869	0.423	0.405
6540	0.210	0.865	0.422	0.411
eigenvalues:  tensor([25.4203, 24.9887])
hess item is 1.0
6550	0.209	0.875	0.422	0.408
6560	0.213	0.865	0.426	0.400
6570	0.211	0.868	0.425	0.403
6580	0.208	0.872	0.422	0.406
6590	0.210	0.870	0.425	0.406
eigenvalues:  tensor([25.5015, 24.6601])
hess item is 1.0
6600	0.210	0.868	0.424	0.404
6610	0.208	0.877	0.423	0.408
6620	0.215	0.862	0.431	0.399
6630	0.208	0.873	0.424	0.407
6640	0.212	0.868	0.426	0.406
eigenvalues:  tensor([25.6333, 24.5869])
hess item is 1.0
6650	0.204	0.878	0.420	0.410
6660	0.209	0.867	0.425	0.409
6670	0.207	0.871	0.424	0.408
6680	0.209	0.868	0.426	0.408
6690	0.210	0.869	0.428	0.404
eigenvalues:  tensor([25.4863, 24.6726])
hess item is 1.0
6700	0.205	0.875	0.424	0.412
6710	0.204	0.884	0.422	0.405
6720	0.205	0.872	0.424	0.408
6730	0.205	0.875	0.424	0.408
6740	0.205	0.874	0.424	0.409
eigenvalues:  tensor([25.2337, 24.5028])
hess item is 1.0
6750	0.209	0.866	0.429	0.402
6760	0.205	0.875	0.427	0.406
6770	0.204	0.881	0.425	0.404
6780	0.204	0.882	0.425	0.408
6790	0.204	0.879	0.425	0.405
eigenvalues:  tensor([25.0449, 24.2907])
hess item is 1.0
6800	0.202	0.882	0.424	0.405
6810	0.202	0.882	0.424	0.407
6820	0.203	0.881	0.426	0.405
6830	0.205	0.875	0.428	0.405
6840	0.203	0.880	0.426	0.406
eigenvalues:  tensor([25.4661, 24.3190])
hess item is 1.0
6850	0.205	0.877	0.427	0.408
6860	0.199	0.887	0.422	0.407
6870	0.201	0.879	0.424	0.406
6880	0.209	0.869	0.432	0.400
6890	0.201	0.889	0.424	0.408
eigenvalues:  tensor([25.0994, 24.2484])
hess item is 1.0
6900	0.200	0.884	0.424	0.411
6910	0.199	0.890	0.424	0.410
6920	0.200	0.886	0.425	0.407
6930	0.202	0.881	0.427	0.403
6940	0.202	0.886	0.427	0.405
eigenvalues:  tensor([24.8686, 24.3415])
hess item is 1.0
6950	0.202	0.886	0.428	0.400
6960	0.204	0.885	0.431	0.401
6970	0.208	0.870	0.435	0.397
6980	0.199	0.888	0.425	0.408
6990	0.201	0.883	0.427	0.409
eigenvalues:  tensor([25.1475, 23.5242])
hess item is 1.0
7000	0.199	0.885	0.425	0.408
7010	0.197	0.886	0.424	0.409
7020	0.197	0.892	0.425	0.405
7030	0.209	0.874	0.437	0.392
7040	0.200	0.890	0.426	0.412
eigenvalues:  tensor([24.9676, 23.5983])
hess item is 1.0
7050	0.196	0.895	0.424	0.407
7060	0.198	0.888	0.427	0.405
7070	0.196	0.889	0.425	0.409
7080	0.198	0.887	0.428	0.405
7090	0.197	0.889	0.427	0.404
eigenvalues:  tensor([25.4322, 24.1201])
hess item is 1.0
7100	0.201	0.888	0.431	0.404
7110	0.196	0.893	0.425	0.406
7120	0.197	0.892	0.427	0.403
7130	0.199	0.889	0.430	0.403
7140	0.199	0.890	0.431	0.400
eigenvalues:  tensor([25.4537, 24.3215])
hess item is 1.0
7150	0.197	0.891	0.430	0.400
7160	0.197	0.887	0.429	0.406
7170	0.194	0.894	0.426	0.403
7180	0.198	0.891	0.431	0.404
7190	0.200	0.884	0.432	0.403
eigenvalues:  tensor([25.2649, 24.3269])
hess item is 1.0
7200	0.195	0.892	0.428	0.404
7210	0.197	0.893	0.430	0.405
7220	0.195	0.892	0.428	0.402
7230	0.196	0.890	0.429	0.409
7240	0.193	0.892	0.428	0.407
eigenvalues:  tensor([25.2056, 23.8984])
hess item is 1.0
7250	0.195	0.895	0.428	0.403
7260	0.198	0.884	0.432	0.403
7270	0.192	0.903	0.426	0.405
7280	0.194	0.893	0.428	0.407
7290	0.200	0.882	0.435	0.400
eigenvalues:  tensor([24.7674, 24.0444])
hess item is 1.0
7300	0.192	0.898	0.427	0.408
7310	0.193	0.895	0.428	0.401
7320	0.195	0.894	0.432	0.405
7330	0.199	0.890	0.437	0.397
7340	0.192	0.902	0.429	0.402
eigenvalues:  tensor([24.9855, 24.1047])
hess item is 1.0
7350	0.191	0.900	0.428	0.409
7360	0.191	0.895	0.428	0.407
7370	0.195	0.888	0.430	0.407
7380	0.191	0.898	0.429	0.409
7390	0.189	0.902	0.427	0.404
eigenvalues:  tensor([24.8480, 24.3744])
hess item is 1.0
7400	0.192	0.896	0.429	0.407
7410	0.194	0.890	0.434	0.401
7420	0.193	0.894	0.432	0.405
7430	0.192	0.894	0.431	0.409
7440	0.188	0.899	0.427	0.410
eigenvalues:  tensor([25.1570, 23.9851])
hess item is 1.0
7450	0.189	0.903	0.429	0.403
7460	0.189	0.903	0.429	0.404
7470	0.191	0.897	0.431	0.401
7480	0.190	0.898	0.432	0.403
7490	0.188	0.904	0.429	0.406
eigenvalues:  tensor([25.2501, 24.0235])
hess item is 1.0
7500	0.190	0.898	0.431	0.406
7510	0.187	0.903	0.429	0.404
7520	0.189	0.905	0.431	0.406
7530	0.188	0.904	0.429	0.401
7540	0.189	0.901	0.431	0.403
eigenvalues:  tensor([25.1691, 23.4978])
hess item is 1.0
7550	0.189	0.901	0.432	0.398
7560	0.189	0.901	0.431	0.403
7570	0.190	0.898	0.432	0.407
7580	0.186	0.910	0.430	0.403
7590	0.185	0.907	0.428	0.407
eigenvalues:  tensor([25.3989, 23.9432])
hess item is 1.0
7600	0.187	0.906	0.430	0.405
7610	0.187	0.906	0.431	0.400
7620	0.188	0.901	0.432	0.403
7630	0.187	0.904	0.432	0.406
7640	0.197	0.888	0.441	0.396
eigenvalues:  tensor([25.3055, 24.1106])
hess item is 1.0
7650	0.189	0.900	0.433	0.402
7660	0.188	0.899	0.432	0.407
7670	0.186	0.908	0.432	0.400
7680	0.188	0.903	0.434	0.404
7690	0.187	0.906	0.434	0.401
eigenvalues:  tensor([25.5120, 24.3423])
hess item is 1.0
7700	0.186	0.909	0.432	0.406
7710	0.185	0.909	0.432	0.405
7720	0.190	0.900	0.438	0.400
7730	0.188	0.903	0.434	0.401
7740	0.182	0.913	0.430	0.405
eigenvalues:  tensor([25.3180, 24.5013])
hess item is 1.0
7750	0.185	0.905	0.431	0.405
7760	0.185	0.903	0.434	0.399
7770	0.184	0.907	0.432	0.400
7780	0.184	0.903	0.433	0.401
7790	0.184	0.905	0.432	0.403
eigenvalues:  tensor([25.5995, 24.2026])
hess item is 1.0
7800	0.190	0.898	0.437	0.393
7810	0.188	0.900	0.437	0.398
7820	0.182	0.908	0.433	0.404
7830	0.181	0.910	0.430	0.405
7840	0.181	0.910	0.430	0.405
eigenvalues:  tensor([25.8655, 24.1422])
hess item is 1.0
7850	0.189	0.904	0.438	0.399
7860	0.181	0.913	0.430	0.407
7870	0.184	0.904	0.433	0.402
7880	0.184	0.910	0.435	0.400
7890	0.183	0.905	0.434	0.403
eigenvalues:  tensor([26.1706, 24.4226])
hess item is 1.0
7900	0.190	0.899	0.442	0.405
7910	0.186	0.899	0.438	0.401
7920	0.184	0.910	0.435	0.398
7930	0.181	0.911	0.433	0.402
7940	0.181	0.910	0.435	0.404
eigenvalues:  tensor([25.9132, 24.6600])
hess item is 1.0
7950	0.184	0.909	0.437	0.399
7960	0.183	0.913	0.435	0.405
7970	0.182	0.913	0.434	0.401
7980	0.184	0.907	0.436	0.403
7990	0.185	0.904	0.436	0.408
eigenvalues:  tensor([25.5861, 24.2067])
hess item is 1.0
8000	0.179	0.917	0.431	0.399
8010	0.184	0.907	0.436	0.403
8020	0.181	0.913	0.433	0.404
8030	0.181	0.911	0.436	0.403
8040	0.183	0.910	0.437	0.402
eigenvalues:  tensor([25.4698, 24.3548])
hess item is 1.0
8050	0.182	0.914	0.436	0.404
8060	0.180	0.916	0.434	0.401
8070	0.180	0.913	0.434	0.407
8080	0.178	0.915	0.433	0.404
8090	0.191	0.893	0.445	0.400
eigenvalues:  tensor([25.1357, 24.0000])
hess item is 1.0
8100	0.178	0.916	0.433	0.407
8110	0.179	0.915	0.434	0.407
8120	0.182	0.916	0.438	0.399
8130	0.177	0.917	0.432	0.404
8140	0.184	0.910	0.436	0.405
eigenvalues:  tensor([24.8805, 24.0562])
hess item is 1.0
8150	0.177	0.920	0.433	0.403
8160	0.186	0.905	0.441	0.397
8170	0.178	0.916	0.434	0.403
8180	0.178	0.914	0.434	0.405
8190	0.186	0.907	0.443	0.394
eigenvalues:  tensor([24.9202, 24.3153])
hess item is 1.0
8200	0.181	0.911	0.437	0.398
8210	0.181	0.915	0.439	0.399
8220	0.180	0.910	0.437	0.407
8230	0.180	0.912	0.437	0.404
8240	0.176	0.921	0.433	0.402
eigenvalues:  tensor([24.5121, 23.9177])
hess item is 1.0
8250	0.176	0.920	0.433	0.406
8260	0.177	0.917	0.435	0.397
8270	0.174	0.922	0.433	0.406
8280	0.177	0.918	0.437	0.400
8290	0.174	0.921	0.434	0.401
eigenvalues:  tensor([25.6453, 23.8191])
hess item is 1.0
8300	0.175	0.918	0.434	0.406
8310	0.180	0.912	0.441	0.401
8320	0.173	0.919	0.433	0.408
8330	0.181	0.913	0.441	0.401
8340	0.180	0.916	0.439	0.401
eigenvalues:  tensor([25.4051, 23.7251])
hess item is 1.0
8350	0.179	0.916	0.438	0.402
8360	0.177	0.916	0.440	0.399
8370	0.173	0.923	0.434	0.401
8380	0.173	0.926	0.435	0.405
8390	0.192	0.899	0.453	0.397
eigenvalues:  tensor([25.5166, 24.0813])
hess item is 1.0
8400	0.175	0.924	0.437	0.398
8410	0.172	0.924	0.435	0.403
8420	0.175	0.914	0.438	0.400
8430	0.174	0.921	0.438	0.401
8440	0.174	0.918	0.438	0.396
eigenvalues:  tensor([25.7994, 24.5046])
hess item is 1.0
8450	0.182	0.912	0.439	0.403
8460	0.178	0.916	0.439	0.395
8470	0.176	0.918	0.437	0.403
8480	0.174	0.922	0.436	0.403
8490	0.177	0.919	0.438	0.403
eigenvalues:  tensor([25.0671, 23.7802])
hess item is 1.0
8500	0.181	0.914	0.441	0.404
8510	0.173	0.920	0.437	0.403
8520	0.174	0.920	0.436	0.407
8530	0.175	0.924	0.438	0.402
8540	0.182	0.910	0.446	0.391
eigenvalues:  tensor([25.2578, 23.6396])
hess item is 1.0
8550	0.176	0.916	0.441	0.400
8560	0.171	0.923	0.436	0.404
8570	0.172	0.924	0.437	0.396
8580	0.176	0.918	0.441	0.402
8590	0.172	0.923	0.437	0.402
eigenvalues:  tensor([25.2776, 24.1670])
hess item is 1.0
8600	0.174	0.922	0.440	0.400
8610	0.172	0.924	0.438	0.397
8620	0.175	0.925	0.441	0.397
8630	0.173	0.922	0.440	0.397
8640	0.170	0.924	0.437	0.398
eigenvalues:  tensor([25.3970, 24.3087])
hess item is 1.0
8650	0.172	0.924	0.439	0.400
8660	0.176	0.915	0.443	0.394
8670	0.171	0.926	0.439	0.398
8680	0.172	0.922	0.440	0.402
8690	0.175	0.914	0.442	0.405
eigenvalues:  tensor([24.5090, 24.0867])
hess item is 1.0
8700	0.208	0.868	0.444	0.393
8710	0.205	0.874	0.444	0.394
8720	0.201	0.885	0.442	0.396
8730	0.193	0.895	0.437	0.399
8740	0.188	0.905	0.435	0.398
eigenvalues:  tensor([23.8217, 23.5862])
hess item is 1.0
8750	0.187	0.902	0.434	0.401
8760	0.184	0.906	0.434	0.403
8770	0.186	0.904	0.438	0.399
8780	0.180	0.912	0.434	0.405
8790	0.182	0.909	0.437	0.403
eigenvalues:  tensor([24.5987, 23.6343])
hess item is 1.0
8800	0.181	0.911	0.436	0.402
8810	0.177	0.915	0.435	0.403
8820	0.176	0.920	0.435	0.405
8830	0.177	0.918	0.438	0.401
8840	0.175	0.920	0.436	0.404
eigenvalues:  tensor([25.3722, 24.0138])
hess item is 1.0
8850	0.175	0.920	0.438	0.395
8860	0.175	0.923	0.439	0.398
8870	0.174	0.922	0.438	0.400
8880	0.170	0.927	0.434	0.403
8890	0.171	0.920	0.437	0.401
eigenvalues:  tensor([25.6945, 23.4829])
hess item is 1.0
8900	0.177	0.919	0.443	0.400
8910	0.172	0.925	0.438	0.400
8920	0.173	0.920	0.440	0.403
8930	0.172	0.920	0.442	0.396
8940	0.169	0.928	0.438	0.401
eigenvalues:  tensor([25.4815, 23.4769])
hess item is 1.0
8950	0.171	0.923	0.440	0.401
8960	0.171	0.923	0.439	0.405
8970	0.171	0.925	0.442	0.400
8980	0.172	0.926	0.442	0.403
8990	0.169	0.923	0.440	0.401
eigenvalues:  tensor([25.5623, 24.0600])
hess item is 1.0
9000	0.170	0.926	0.441	0.400
9010	0.173	0.923	0.444	0.403
9020	0.172	0.923	0.443	0.401
9030	0.167	0.925	0.439	0.402
9040	0.166	0.931	0.438	0.401
eigenvalues:  tensor([25.1174, 23.9417])
hess item is 1.0
9050	0.168	0.924	0.440	0.405
9060	0.164	0.932	0.438	0.402
9070	0.167	0.926	0.441	0.401
9080	0.166	0.932	0.441	0.402
9090	0.169	0.924	0.443	0.401
eigenvalues:  tensor([25.4847, 24.2435])
hess item is 1.0
9100	0.168	0.928	0.443	0.398
9110	0.169	0.927	0.442	0.402
9120	0.164	0.932	0.440	0.400
9130	0.165	0.929	0.440	0.400
9140	0.165	0.932	0.439	0.404
eigenvalues:  tensor([25.1773, 23.8513])
hess item is 1.0
9150	0.163	0.931	0.438	0.404
9160	0.164	0.929	0.440	0.399
9170	0.165	0.928	0.441	0.402
9180	0.164	0.931	0.440	0.397
9190	0.167	0.930	0.443	0.402
eigenvalues:  tensor([24.9948, 24.1852])
hess item is 1.0
9200	0.164	0.934	0.440	0.398
9210	0.169	0.929	0.446	0.397
9220	0.164	0.930	0.441	0.398
9230	0.164	0.930	0.442	0.399
9240	0.163	0.935	0.440	0.400
eigenvalues:  tensor([25.2513, 24.2400])
hess item is 1.0
9250	0.162	0.936	0.441	0.397
9260	0.168	0.920	0.448	0.396
9270	0.165	0.934	0.444	0.395
9280	0.165	0.929	0.445	0.396
9290	0.161	0.934	0.441	0.403
eigenvalues:  tensor([25.5706, 24.7043])
hess item is 1.0
9300	0.168	0.930	0.448	0.391
9310	0.167	0.926	0.448	0.400
9320	0.160	0.940	0.440	0.401
9330	0.163	0.933	0.443	0.399
9340	0.165	0.925	0.446	0.395
eigenvalues:  tensor([25.1585, 24.0042])
hess item is 1.0
9350	0.161	0.935	0.440	0.405
9360	0.163	0.932	0.443	0.403
9370	0.165	0.927	0.447	0.394
9380	0.166	0.930	0.448	0.394
9390	0.162	0.933	0.443	0.399
eigenvalues:  tensor([25.2246, 23.7502])
hess item is 1.0
9400	0.160	0.938	0.443	0.401
9410	0.158	0.940	0.440	0.401
9420	0.160	0.936	0.441	0.398
9430	0.164	0.932	0.445	0.397
9440	0.161	0.932	0.444	0.402
eigenvalues:  tensor([25.5489, 24.0294])
hess item is 1.0
9450	0.162	0.935	0.444	0.401
9460	0.162	0.932	0.445	0.399
9470	0.161	0.936	0.445	0.399
9480	0.161	0.933	0.443	0.398
9490	0.162	0.934	0.444	0.399
eigenvalues:  tensor([25.1668, 24.0283])
hess item is 1.0
9500	0.158	0.938	0.441	0.399
9510	0.155	0.941	0.439	0.400
9520	0.160	0.936	0.443	0.404
9530	0.157	0.941	0.440	0.399
9540	0.165	0.926	0.449	0.392
eigenvalues:  tensor([25.4599, 24.0774])
hess item is 1.0
9550	0.158	0.934	0.443	0.401
9560	0.158	0.935	0.443	0.403
9570	0.155	0.940	0.441	0.399
9580	0.155	0.944	0.441	0.401
9590	0.155	0.941	0.441	0.405
eigenvalues:  tensor([25.8845, 24.2553])
hess item is 1.0
9600	0.167	0.926	0.453	0.393
9610	0.159	0.935	0.445	0.400
9620	0.157	0.938	0.444	0.404
9630	0.163	0.937	0.450	0.387
9640	0.156	0.942	0.443	0.396
eigenvalues:  tensor([25.5063, 24.0787])
hess item is 1.0
9650	0.157	0.938	0.444	0.396
9660	0.159	0.937	0.446	0.403
9670	0.159	0.938	0.445	0.396
9680	0.159	0.936	0.446	0.393
9690	0.155	0.942	0.443	0.401
eigenvalues:  tensor([25.9358, 24.0074])
hess item is 1.0
9700	0.155	0.940	0.443	0.402
9710	0.154	0.943	0.442	0.402
9720	0.155	0.941	0.444	0.400
9730	0.156	0.936	0.446	0.401
9740	0.157	0.937	0.448	0.395
eigenvalues:  tensor([25.8961, 24.4260])
hess item is 1.0
9750	0.153	0.940	0.444	0.402
9760	0.156	0.941	0.447	0.396
9770	0.157	0.943	0.447	0.395
9780	0.156	0.942	0.447	0.402
9790	0.156	0.942	0.445	0.401
eigenvalues:  tensor([24.4667, 23.7579])
hess item is 1.0
9800	0.154	0.940	0.443	0.397
9810	0.154	0.939	0.443	0.397
9820	0.153	0.943	0.444	0.399
9830	0.155	0.940	0.444	0.397
9840	0.154	0.940	0.445	0.399
eigenvalues:  tensor([25.3711, 24.2468])
hess item is 1.0
9850	0.153	0.947	0.444	0.396
9860	0.153	0.940	0.444	0.397
9870	0.157	0.938	0.451	0.390
9880	0.161	0.933	0.453	0.394
9890	0.157	0.938	0.449	0.394
eigenvalues:  tensor([25.8998, 24.2141])
hess item is 1.0
9900	0.152	0.939	0.445	0.402
9910	0.153	0.941	0.446	0.399
9920	0.156	0.942	0.449	0.395
9930	0.158	0.935	0.450	0.397
9940	0.152	0.942	0.445	0.402
eigenvalues:  tensor([25.1822, 23.9082])
hess item is 1.0
9950	0.155	0.940	0.447	0.396
9960	0.150	0.949	0.443	0.398
9970	0.155	0.936	0.449	0.400
9980	0.151	0.942	0.444	0.395
9990	0.156	0.941	0.451	0.393
