device: cuda:1
output directory: RESULTS/cifar10-10k/fc-tanh/seed_0/mse/ivon/lr_0.05_h0_1.0_post_10_alpha_10_ivon
Files already downloaded and verified
Files already downloaded and verified
0	0.597	0.131	0.597	0.131
10	0.471	0.249	0.475	0.236
20	0.418	0.330	0.424	0.305
30	0.405	0.368	0.413	0.334
40	0.403	0.379	0.412	0.343
eigenvalues:  tensor([35.7806, 34.5022])
50	0.399	0.389	0.408	0.352
60	0.395	0.402	0.406	0.359
70	0.392	0.405	0.404	0.364
80	0.390	0.410	0.403	0.368
90	0.390	0.414	0.403	0.371
eigenvalues:  tensor([32.3598, 31.0431])
100	0.387	0.424	0.401	0.377
110	0.385	0.428	0.400	0.375
120	0.385	0.427	0.400	0.380
130	0.383	0.433	0.399	0.381
140	0.382	0.435	0.398	0.380
eigenvalues:  tensor([31.7092, 28.7319])
150	0.381	0.444	0.398	0.384
160	0.379	0.442	0.397	0.388
170	0.379	0.447	0.397	0.387
180	0.378	0.454	0.396	0.389
190	0.377	0.453	0.397	0.386
eigenvalues:  tensor([31.0092, 27.1887])
200	0.376	0.457	0.396	0.391
210	0.375	0.461	0.395	0.393
220	0.374	0.462	0.395	0.391
230	0.373	0.467	0.394	0.394
240	0.372	0.470	0.394	0.396
eigenvalues:  tensor([30.6260, 26.6390])
250	0.372	0.468	0.394	0.396
260	0.371	0.475	0.393	0.397
270	0.370	0.480	0.393	0.398
280	0.370	0.479	0.393	0.399
290	0.369	0.479	0.393	0.398
eigenvalues:  tensor([30.1691, 26.3679])
300	0.368	0.480	0.392	0.399
310	0.368	0.481	0.392	0.399
320	0.367	0.487	0.392	0.400
330	0.366	0.486	0.392	0.402
340	0.366	0.485	0.392	0.403
eigenvalues:  tensor([30.0512, 26.2905])
350	0.365	0.489	0.391	0.404
360	0.365	0.491	0.391	0.403
370	0.364	0.496	0.391	0.404
380	0.363	0.495	0.391	0.403
390	0.363	0.498	0.391	0.405
eigenvalues:  tensor([29.8783, 26.3060])
400	0.362	0.495	0.390	0.407
410	0.362	0.501	0.390	0.406
420	0.361	0.504	0.390	0.410
430	0.361	0.502	0.390	0.406
440	0.360	0.508	0.390	0.410
eigenvalues:  tensor([29.8005, 26.5160])
450	0.359	0.507	0.390	0.410
460	0.359	0.506	0.389	0.411
470	0.358	0.512	0.390	0.410
480	0.358	0.511	0.389	0.409
490	0.357	0.515	0.389	0.409
eigenvalues:  tensor([29.8456, 26.7576])
500	0.357	0.517	0.389	0.414
510	0.356	0.517	0.389	0.415
520	0.356	0.515	0.389	0.410
530	0.355	0.522	0.389	0.414
540	0.354	0.521	0.388	0.412
eigenvalues:  tensor([29.8555, 26.8443])
550	0.354	0.519	0.389	0.411
560	0.353	0.524	0.388	0.414
570	0.353	0.530	0.388	0.414
580	0.352	0.529	0.388	0.414
590	0.352	0.529	0.388	0.416
eigenvalues:  tensor([30.1430, 27.1868])
600	0.351	0.529	0.388	0.417
610	0.351	0.531	0.388	0.414
620	0.350	0.530	0.388	0.414
630	0.350	0.536	0.388	0.416
640	0.349	0.535	0.388	0.413
eigenvalues:  tensor([30.1827, 27.3776])
650	0.349	0.538	0.388	0.415
660	0.348	0.534	0.388	0.411
670	0.347	0.545	0.388	0.416
680	0.347	0.544	0.388	0.414
690	0.346	0.542	0.387	0.416
eigenvalues:  tensor([30.5738, 27.5641])
700	0.346	0.545	0.387	0.414
710	0.345	0.548	0.388	0.416
720	0.345	0.549	0.387	0.417
730	0.344	0.549	0.387	0.415
740	0.344	0.553	0.388	0.418
eigenvalues:  tensor([30.8657, 28.0031])
750	0.343	0.551	0.387	0.417
760	0.343	0.555	0.387	0.419
770	0.342	0.556	0.388	0.416
780	0.342	0.557	0.387	0.420
790	0.341	0.561	0.387	0.419
eigenvalues:  tensor([31.1644, 28.2468])
800	0.341	0.560	0.387	0.419
810	0.340	0.559	0.387	0.413
820	0.340	0.565	0.387	0.417
830	0.339	0.568	0.387	0.420
840	0.338	0.569	0.387	0.420
eigenvalues:  tensor([31.5839, 28.8010])
850	0.338	0.563	0.387	0.419
860	0.337	0.571	0.387	0.418
870	0.337	0.569	0.387	0.417
880	0.336	0.573	0.387	0.418
890	0.336	0.578	0.387	0.420
eigenvalues:  tensor([31.9865, 29.2102])
900	0.335	0.576	0.387	0.417
910	0.335	0.575	0.387	0.419
920	0.335	0.579	0.387	0.421
930	0.334	0.583	0.387	0.419
940	0.334	0.579	0.387	0.417
eigenvalues:  tensor([32.3379, 29.7671])
950	0.333	0.584	0.387	0.422
960	0.332	0.582	0.387	0.420
970	0.332	0.586	0.387	0.423
980	0.331	0.589	0.387	0.421
990	0.331	0.586	0.387	0.419
