device: cuda:1
output directory: RESULTS/cifar10-10k/fc-tanh/seed_0/mse/ivon/lr_0.05_h0_10.0_post_10_alpha_5_ivon
Files already downloaded and verified
Files already downloaded and verified
0	0.597	0.131	0.597	0.131
10	0.484	0.237	0.488	0.226
20	0.412	0.346	0.419	0.317
30	0.408	0.356	0.416	0.326
40	0.400	0.385	0.409	0.348
eigenvalues:  tensor([37.2643, 35.7843])
50	0.396	0.396	0.407	0.357
60	0.393	0.403	0.405	0.360
70	0.391	0.412	0.404	0.367
80	0.389	0.415	0.402	0.373
90	0.387	0.425	0.402	0.375
eigenvalues:  tensor([36.3566, 35.6910])
100	0.385	0.434	0.400	0.377
110	0.383	0.435	0.400	0.378
120	0.382	0.442	0.399	0.381
130	0.380	0.445	0.398	0.382
140	0.379	0.451	0.398	0.382
eigenvalues:  tensor([37.5970, 36.0003])
150	0.378	0.456	0.397	0.386
160	0.376	0.458	0.397	0.386
170	0.375	0.459	0.397	0.385
180	0.374	0.468	0.396	0.389
190	0.373	0.469	0.396	0.390
eigenvalues:  tensor([39.2601, 36.1420])
200	0.372	0.475	0.395	0.392
210	0.371	0.474	0.396	0.393
220	0.371	0.476	0.396	0.394
230	0.368	0.484	0.394	0.396
240	0.368	0.485	0.394	0.396
eigenvalues:  tensor([39.7636, 37.1413])
250	0.367	0.490	0.394	0.397
260	0.366	0.486	0.394	0.393
270	0.365	0.490	0.393	0.396
280	0.365	0.491	0.394	0.395
290	0.363	0.495	0.394	0.397
eigenvalues:  tensor([40.0803, 38.6176])
300	0.362	0.498	0.393	0.398
310	0.361	0.502	0.392	0.402
320	0.360	0.510	0.392	0.405
330	0.360	0.513	0.393	0.407
340	0.359	0.510	0.393	0.405
eigenvalues:  tensor([41.9854, 39.6074])
350	0.359	0.515	0.393	0.404
360	0.362	0.503	0.397	0.391
370	0.359	0.516	0.395	0.401
380	0.357	0.516	0.393	0.404
390	0.355	0.524	0.392	0.408
eigenvalues:  tensor([40.5791, 39.2499])
400	0.353	0.528	0.391	0.408
410	0.353	0.533	0.391	0.408
420	0.352	0.536	0.391	0.407
430	0.352	0.535	0.393	0.404
440	0.353	0.535	0.394	0.404
eigenvalues:  tensor([41.9811, 41.6109])
450	0.349	0.541	0.391	0.407
460	0.350	0.539	0.392	0.403
470	0.352	0.533	0.395	0.398
480	0.350	0.536	0.394	0.400
490	0.347	0.549	0.392	0.406
eigenvalues:  tensor([43.2152, 41.5715])
500	0.348	0.550	0.393	0.407
510	0.354	0.535	0.400	0.393
520	0.346	0.553	0.393	0.406
530	0.349	0.540	0.396	0.401
540	0.348	0.544	0.396	0.402
eigenvalues:  tensor([43.1503, 41.3570])
550	0.342	0.558	0.391	0.413
560	0.351	0.538	0.399	0.399
570	0.342	0.555	0.392	0.407
580	0.340	0.569	0.391	0.410
590	0.344	0.558	0.395	0.405
eigenvalues:  tensor([42.6717, 41.5184])
600	0.339	0.572	0.392	0.410
610	0.339	0.572	0.393	0.411
620	0.340	0.571	0.395	0.409
630	0.348	0.551	0.402	0.399
640	0.337	0.580	0.393	0.412
eigenvalues:  tensor([42.6774, 41.8801])
650	0.344	0.557	0.400	0.396
660	0.340	0.569	0.397	0.405
670	0.336	0.578	0.394	0.407
680	0.344	0.565	0.402	0.384
690	0.332	0.594	0.392	0.411
eigenvalues:  tensor([43.2049, 41.8299])
700	0.334	0.589	0.393	0.410
710	0.339	0.574	0.399	0.403
720	0.332	0.588	0.394	0.412
730	0.338	0.571	0.401	0.398
740	0.332	0.594	0.395	0.409
eigenvalues:  tensor([43.8275, 42.5098])
750	0.336	0.582	0.400	0.403
760	0.331	0.595	0.396	0.408
770	0.329	0.601	0.394	0.409
780	0.331	0.592	0.396	0.407
790	0.335	0.579	0.401	0.401
eigenvalues:  tensor([43.6871, 43.4310])
800	0.331	0.593	0.399	0.407
810	0.332	0.590	0.401	0.393
820	0.330	0.601	0.398	0.402
830	0.336	0.585	0.404	0.395
840	0.325	0.612	0.396	0.408
eigenvalues:  tensor([43.6344, 43.2605])
850	0.324	0.615	0.395	0.414
860	0.329	0.601	0.401	0.400
870	0.324	0.614	0.397	0.407
880	0.337	0.583	0.410	0.390
890	0.327	0.603	0.401	0.404
eigenvalues:  tensor([43.9799, 43.4374])
900	0.326	0.611	0.400	0.404
910	0.332	0.588	0.407	0.394
920	0.329	0.598	0.405	0.396
930	0.319	0.628	0.396	0.411
940	0.323	0.622	0.400	0.402
eigenvalues:  tensor([44.3082, 42.6515])
950	0.318	0.635	0.396	0.412
960	0.321	0.623	0.400	0.402
970	0.324	0.617	0.404	0.398
980	0.320	0.626	0.401	0.399
990	0.317	0.637	0.399	0.404
