device: cuda:5
output directory: RESULTS/cifar10-10k/fc-tanh/seed_0/mse/ivon/lr_0.05_h0_0.07_post_10_alpha_100_ivon
Files already downloaded and verified
Files already downloaded and verified
0	0.597	0.131	0.597	0.131
10	0.446	0.279	0.450	0.266
20	0.428	0.317	0.433	0.303
30	0.415	0.347	0.421	0.324
40	0.412	0.358	0.418	0.335
eigenvalues:  tensor([25.1472, 22.3663])
50	0.408	0.367	0.415	0.346
60	0.406	0.371	0.412	0.349
70	0.404	0.372	0.410	0.352
80	0.402	0.378	0.409	0.354
90	0.401	0.384	0.408	0.363
eigenvalues:  tensor([15.1108, 14.5301])
100	0.400	0.387	0.406	0.363
110	0.400	0.384	0.407	0.366
120	0.399	0.391	0.405	0.368
130	0.399	0.389	0.406	0.365
140	0.399	0.392	0.406	0.368
eigenvalues:  tensor([12.2169, 11.3678])
150	0.398	0.394	0.405	0.372
160	0.397	0.393	0.404	0.370
170	0.397	0.391	0.404	0.368
180	0.398	0.389	0.405	0.368
190	0.397	0.394	0.404	0.375
eigenvalues:  tensor([10.3208,  9.5183])
200	0.396	0.400	0.403	0.378
210	0.396	0.395	0.403	0.373
220	0.398	0.395	0.405	0.375
230	0.396	0.399	0.403	0.375
240	0.395	0.402	0.402	0.379
eigenvalues:  tensor([9.3774, 8.8006])
250	0.395	0.399	0.402	0.377
260	0.395	0.404	0.402	0.376
270	0.395	0.400	0.402	0.379
280	0.395	0.400	0.403	0.377
290	0.394	0.403	0.401	0.380
eigenvalues:  tensor([8.5833, 8.0883])
300	0.395	0.401	0.402	0.380
310	0.394	0.400	0.402	0.376
320	0.394	0.401	0.402	0.377
330	0.394	0.399	0.402	0.377
340	0.393	0.400	0.401	0.378
eigenvalues:  tensor([8.2214, 7.5976])
350	0.393	0.404	0.401	0.379
360	0.393	0.410	0.401	0.381
370	0.393	0.408	0.401	0.379
380	0.393	0.407	0.401	0.378
390	0.392	0.410	0.400	0.378
eigenvalues:  tensor([7.9012, 7.2628])
400	0.393	0.406	0.401	0.377
410	0.393	0.410	0.401	0.380
420	0.392	0.411	0.400	0.377
430	0.393	0.407	0.401	0.378
440	0.393	0.407	0.401	0.378
eigenvalues:  tensor([7.6412, 6.9871])
450	0.392	0.406	0.400	0.376
460	0.392	0.408	0.400	0.381
470	0.392	0.407	0.400	0.377
480	0.392	0.410	0.400	0.380
490	0.391	0.409	0.400	0.378
eigenvalues:  tensor([7.4597, 6.6690])
500	0.392	0.408	0.400	0.378
510	0.391	0.411	0.400	0.381
520	0.391	0.412	0.400	0.380
530	0.391	0.410	0.400	0.381
540	0.390	0.412	0.399	0.381
eigenvalues:  tensor([7.0412, 6.3535])
550	0.390	0.412	0.399	0.382
560	0.390	0.411	0.399	0.385
570	0.390	0.414	0.399	0.381
580	0.390	0.417	0.398	0.382
590	0.390	0.416	0.398	0.382
eigenvalues:  tensor([7.0696, 6.1233])
600	0.390	0.414	0.399	0.381
610	0.390	0.414	0.399	0.382
620	0.390	0.414	0.399	0.382
630	0.389	0.413	0.398	0.383
640	0.390	0.411	0.399	0.382
eigenvalues:  tensor([6.8947, 6.0381])
650	0.390	0.412	0.399	0.382
660	0.389	0.412	0.398	0.383
670	0.389	0.415	0.398	0.384
680	0.388	0.421	0.398	0.387
690	0.389	0.414	0.398	0.386
eigenvalues:  tensor([6.6276, 5.8550])
700	0.388	0.416	0.398	0.387
710	0.388	0.416	0.398	0.384
720	0.388	0.417	0.398	0.386
730	0.388	0.415	0.398	0.384
740	0.388	0.416	0.398	0.385
eigenvalues:  tensor([6.4068, 5.5925])
750	0.388	0.415	0.398	0.385
760	0.388	0.418	0.397	0.385
770	0.388	0.418	0.398	0.385
780	0.388	0.418	0.398	0.384
790	0.387	0.417	0.397	0.385
eigenvalues:  tensor([6.4357, 5.5447])
800	0.388	0.418	0.398	0.385
810	0.387	0.420	0.397	0.387
820	0.387	0.421	0.397	0.387
830	0.387	0.421	0.397	0.387
840	0.387	0.420	0.397	0.385
eigenvalues:  tensor([6.1834, 5.4635])
850	0.387	0.416	0.397	0.386
860	0.387	0.418	0.397	0.387
870	0.386	0.421	0.396	0.388
880	0.387	0.419	0.397	0.389
890	0.386	0.420	0.397	0.387
eigenvalues:  tensor([6.2028, 5.3823])
900	0.387	0.418	0.397	0.386
910	0.386	0.420	0.397	0.388
920	0.386	0.421	0.396	0.387
930	0.386	0.423	0.396	0.388
940	0.386	0.420	0.397	0.387
eigenvalues:  tensor([6.0769, 5.2472])
950	0.386	0.419	0.396	0.386
960	0.386	0.423	0.396	0.387
970	0.385	0.423	0.396	0.390
980	0.385	0.425	0.396	0.391
990	0.385	0.424	0.396	0.389
