device: cuda:2
output directory: RESULTS/cifar10-10k/fc-tanh/seed_0/mse/ivon/lr_0.05_h0_10.0_post_10_alpha_10_ivon
Files already downloaded and verified
Files already downloaded and verified
0	0.597	0.131	0.597	0.131
10	0.488	0.233	0.492	0.221
20	0.412	0.347	0.419	0.316
30	0.407	0.360	0.415	0.327
40	0.400	0.382	0.410	0.347
eigenvalues:  tensor([37.7391, 35.8855])
50	0.396	0.395	0.407	0.357
60	0.393	0.404	0.405	0.360
70	0.391	0.412	0.404	0.367
80	0.389	0.418	0.402	0.371
90	0.387	0.424	0.401	0.374
eigenvalues:  tensor([36.9355, 36.1002])
100	0.385	0.434	0.400	0.375
110	0.383	0.437	0.400	0.377
120	0.382	0.444	0.399	0.382
130	0.380	0.447	0.399	0.382
140	0.379	0.454	0.398	0.382
eigenvalues:  tensor([37.9914, 36.9011])
150	0.377	0.457	0.397	0.387
160	0.376	0.458	0.397	0.385
170	0.375	0.459	0.396	0.386
180	0.374	0.467	0.396	0.387
190	0.373	0.468	0.396	0.389
eigenvalues:  tensor([39.7815, 37.0840])
200	0.371	0.474	0.395	0.392
210	0.371	0.479	0.395	0.394
220	0.370	0.480	0.395	0.393
230	0.369	0.482	0.394	0.395
240	0.368	0.486	0.395	0.395
eigenvalues:  tensor([39.7972, 37.9740])
250	0.367	0.491	0.394	0.397
260	0.365	0.496	0.394	0.399
270	0.364	0.496	0.393	0.400
280	0.363	0.501	0.393	0.400
290	0.363	0.499	0.393	0.398
eigenvalues:  tensor([41.8214, 39.6039])
300	0.362	0.497	0.393	0.396
310	0.363	0.492	0.395	0.395
320	0.361	0.499	0.394	0.395
330	0.362	0.498	0.395	0.395
340	0.358	0.512	0.392	0.403
eigenvalues:  tensor([41.5412, 40.2648])
350	0.357	0.516	0.392	0.405
360	0.357	0.518	0.392	0.404
370	0.355	0.524	0.392	0.405
380	0.357	0.512	0.394	0.400
390	0.355	0.521	0.393	0.406
eigenvalues:  tensor([42.7394, 40.7179])
400	0.356	0.523	0.394	0.402
410	0.359	0.511	0.398	0.394
420	0.353	0.529	0.393	0.409
430	0.354	0.526	0.395	0.402
440	0.351	0.532	0.392	0.406
eigenvalues:  tensor([42.2695, 40.6320])
450	0.350	0.535	0.392	0.407
460	0.350	0.534	0.392	0.405
470	0.352	0.529	0.395	0.402
480	0.350	0.534	0.394	0.403
490	0.347	0.549	0.392	0.409
eigenvalues:  tensor([43.1139, 41.6223])
500	0.347	0.546	0.393	0.411
510	0.354	0.524	0.400	0.395
520	0.344	0.557	0.392	0.411
530	0.345	0.555	0.393	0.412
540	0.344	0.554	0.393	0.410
eigenvalues:  tensor([43.9229, 41.7081])
550	0.347	0.541	0.397	0.399
560	0.353	0.530	0.403	0.393
570	0.344	0.559	0.395	0.401
580	0.343	0.559	0.395	0.403
590	0.342	0.564	0.394	0.409
eigenvalues:  tensor([43.0463, 41.6445])
600	0.341	0.566	0.394	0.409
610	0.341	0.564	0.395	0.410
620	0.344	0.557	0.399	0.402
630	0.339	0.571	0.395	0.407
640	0.336	0.578	0.393	0.411
eigenvalues:  tensor([43.1021, 42.4361])
650	0.342	0.561	0.399	0.398
660	0.335	0.585	0.393	0.412
670	0.344	0.557	0.404	0.385
680	0.339	0.575	0.398	0.400
690	0.337	0.579	0.397	0.403
eigenvalues:  tensor([43.7169, 42.1435])
700	0.337	0.579	0.397	0.406
710	0.341	0.567	0.402	0.398
720	0.331	0.593	0.394	0.410
730	0.336	0.574	0.400	0.403
740	0.331	0.595	0.395	0.410
eigenvalues:  tensor([45.1262, 42.4129])
750	0.334	0.584	0.399	0.400
760	0.339	0.569	0.404	0.393
770	0.338	0.573	0.403	0.394
780	0.327	0.610	0.393	0.412
790	0.329	0.603	0.395	0.411
eigenvalues:  tensor([44.2267, 42.4869])
800	0.332	0.592	0.401	0.399
810	0.331	0.590	0.401	0.398
820	0.336	0.590	0.405	0.390
830	0.329	0.598	0.399	0.401
840	0.324	0.611	0.396	0.408
eigenvalues:  tensor([43.8840, 43.1499])
850	0.328	0.605	0.401	0.403
860	0.329	0.604	0.401	0.401
870	0.325	0.614	0.398	0.407
880	0.341	0.576	0.415	0.387
890	0.325	0.612	0.399	0.408
eigenvalues:  tensor([44.2313, 43.1979])
900	0.324	0.614	0.399	0.410
910	0.327	0.608	0.403	0.403
920	0.321	0.621	0.398	0.410
930	0.319	0.628	0.398	0.412
940	0.335	0.587	0.413	0.384
eigenvalues:  tensor([45.5501, 43.7880])
950	0.326	0.613	0.404	0.405
960	0.322	0.625	0.402	0.405
970	0.333	0.600	0.413	0.399
980	0.320	0.621	0.401	0.404
990	0.316	0.632	0.398	0.405
