device: cuda:2
output directory: RESULTS/cifar10-10k/fc-tanh/seed_0/mse/ivon/lr_0.05_h0_0.5_post_10_alpha_1000_ivon
Files already downloaded and verified
Files already downloaded and verified
0	0.597	0.131	0.597	0.131
10	0.455	0.266	0.459	0.250
20	0.416	0.334	0.423	0.308
30	0.406	0.364	0.413	0.335
40	0.405	0.373	0.413	0.342
eigenvalues:  tensor([38.0567, 33.6788])
50	0.400	0.385	0.409	0.350
60	0.396	0.397	0.406	0.356
70	0.393	0.403	0.405	0.362
80	0.391	0.408	0.403	0.366
90	0.391	0.407	0.404	0.371
eigenvalues:  tensor([31.6249, 28.7996])
100	0.388	0.420	0.401	0.374
110	0.386	0.424	0.400	0.375
120	0.386	0.425	0.400	0.378
130	0.384	0.428	0.399	0.384
140	0.384	0.431	0.399	0.380
eigenvalues:  tensor([29.3158, 26.0062])
150	0.382	0.438	0.398	0.384
160	0.381	0.435	0.397	0.386
170	0.381	0.441	0.397	0.387
180	0.380	0.445	0.397	0.386
190	0.379	0.446	0.397	0.387
eigenvalues:  tensor([27.5485, 24.1453])
200	0.378	0.447	0.396	0.390
210	0.378	0.453	0.396	0.390
220	0.377	0.453	0.395	0.391
230	0.376	0.458	0.395	0.395
240	0.375	0.462	0.394	0.394
eigenvalues:  tensor([26.4739, 23.2017])
250	0.375	0.459	0.394	0.394
260	0.374	0.464	0.394	0.395
270	0.374	0.465	0.393	0.397
280	0.373	0.467	0.393	0.397
290	0.372	0.470	0.393	0.397
eigenvalues:  tensor([25.6144, 22.5795])
300	0.372	0.469	0.393	0.399
310	0.371	0.472	0.392	0.397
320	0.370	0.475	0.392	0.401
330	0.370	0.471	0.392	0.400
340	0.370	0.474	0.392	0.400
eigenvalues:  tensor([25.1008, 22.0641])
350	0.369	0.474	0.392	0.401
360	0.369	0.479	0.392	0.402
370	0.368	0.482	0.391	0.403
380	0.367	0.481	0.391	0.405
390	0.367	0.485	0.391	0.404
eigenvalues:  tensor([24.6198, 21.7521])
400	0.367	0.482	0.391	0.405
410	0.366	0.486	0.390	0.405
420	0.366	0.489	0.390	0.408
430	0.365	0.485	0.390	0.404
440	0.365	0.490	0.390	0.408
eigenvalues:  tensor([24.3031, 21.5770])
450	0.364	0.490	0.390	0.406
460	0.364	0.490	0.390	0.409
470	0.363	0.495	0.389	0.411
480	0.363	0.493	0.390	0.406
490	0.363	0.493	0.389	0.408
eigenvalues:  tensor([24.1043, 21.5243])
500	0.362	0.497	0.389	0.410
510	0.362	0.501	0.389	0.414
520	0.361	0.497	0.389	0.408
530	0.361	0.501	0.389	0.412
540	0.360	0.500	0.388	0.410
eigenvalues:  tensor([23.8686, 21.3968])
550	0.360	0.500	0.389	0.411
560	0.359	0.503	0.388	0.412
570	0.359	0.508	0.388	0.413
580	0.359	0.507	0.388	0.412
590	0.358	0.508	0.388	0.413
eigenvalues:  tensor([23.8951, 21.5204])
600	0.358	0.508	0.388	0.415
610	0.357	0.510	0.388	0.414
620	0.357	0.510	0.388	0.411
630	0.357	0.510	0.388	0.417
640	0.356	0.512	0.388	0.413
eigenvalues:  tensor([23.8189, 21.4536])
650	0.356	0.513	0.387	0.416
660	0.355	0.511	0.388	0.414
670	0.355	0.520	0.387	0.418
680	0.355	0.519	0.387	0.417
690	0.354	0.517	0.387	0.417
eigenvalues:  tensor([23.8504, 21.3719])
700	0.354	0.515	0.387	0.413
710	0.353	0.523	0.387	0.415
720	0.353	0.523	0.387	0.419
730	0.352	0.522	0.387	0.417
740	0.352	0.524	0.387	0.419
eigenvalues:  tensor([23.8819, 21.5102])
750	0.352	0.524	0.387	0.414
760	0.351	0.528	0.387	0.419
770	0.351	0.530	0.387	0.418
780	0.350	0.530	0.387	0.419
790	0.350	0.528	0.387	0.419
eigenvalues:  tensor([23.9389, 21.4967])
800	0.350	0.533	0.386	0.420
810	0.349	0.529	0.386	0.416
820	0.349	0.534	0.387	0.420
830	0.348	0.535	0.386	0.420
840	0.348	0.534	0.386	0.416
eigenvalues:  tensor([24.0592, 21.7969])
850	0.348	0.534	0.386	0.421
860	0.347	0.540	0.386	0.419
870	0.347	0.540	0.386	0.419
880	0.346	0.542	0.386	0.419
890	0.346	0.544	0.386	0.421
eigenvalues:  tensor([24.1684, 21.9183])
900	0.346	0.542	0.386	0.419
910	0.345	0.543	0.386	0.420
920	0.345	0.548	0.386	0.424
930	0.344	0.549	0.385	0.421
940	0.344	0.545	0.386	0.417
eigenvalues:  tensor([24.3261, 22.1150])
950	0.343	0.551	0.386	0.419
960	0.343	0.548	0.386	0.420
970	0.343	0.552	0.386	0.420
980	0.342	0.553	0.386	0.423
990	0.342	0.554	0.386	0.420
