device: cuda:2
output directory: RESULTS/cifar10-10k/fc-tanh/seed_0/mse/ivon/lr_0.05_h0_1.0_post_1_alpha_2.0_beta2_1.0_beta_0.0_ess_100000.0_ivon
Files already downloaded and verified
Files already downloaded and verified
optimizer is IVON
0	0.597	0.131	0.597	0.131
10	0.466	0.258	0.469	0.249
20	0.451	0.285	0.456	0.267
30	0.481	0.241	0.485	0.232
40	0.421	0.310	0.426	0.293
eigenvalues:  tensor([37.5270, 35.1066])
hess item is 1.0
50	0.457	0.306	0.463	0.290
60	0.417	0.352	0.423	0.323
70	0.417	0.342	0.424	0.319
80	0.438	0.320	0.445	0.300
90	0.416	0.340	0.424	0.316
eigenvalues:  tensor([26.7478, 25.2278])
hess item is 1.0
100	0.422	0.338	0.430	0.312
110	0.403	0.373	0.412	0.346
120	0.403	0.380	0.411	0.357
130	0.403	0.379	0.413	0.343
140	0.407	0.357	0.418	0.322
eigenvalues:  tensor([21.9718, 21.2202])
hess item is 1.0
150	0.398	0.389	0.408	0.358
160	0.394	0.404	0.404	0.365
170	0.396	0.396	0.406	0.365
180	0.395	0.403	0.405	0.369
190	0.395	0.388	0.405	0.359
eigenvalues:  tensor([20.0881, 19.9199])
hess item is 1.0
200	0.394	0.403	0.404	0.370
210	0.396	0.396	0.407	0.361
220	0.392	0.401	0.403	0.368
230	0.401	0.372	0.411	0.342
240	0.410	0.342	0.420	0.310
eigenvalues:  tensor([23.4663, 23.2591])
hess item is 1.0
250	0.398	0.387	0.408	0.355
260	0.395	0.383	0.405	0.354
270	0.398	0.380	0.408	0.347
280	0.397	0.389	0.408	0.347
290	0.404	0.368	0.416	0.328
eigenvalues:  tensor([20.6312, 19.9950])
hess item is 1.0
300	0.395	0.404	0.406	0.362
310	0.392	0.412	0.403	0.373
320	0.392	0.416	0.403	0.375
330	0.392	0.410	0.403	0.371
340	0.391	0.403	0.402	0.372
eigenvalues:  tensor([19.2079, 18.2953])
hess item is 1.0
350	0.389	0.412	0.400	0.381
360	0.393	0.412	0.404	0.374
370	0.387	0.417	0.399	0.381
380	0.389	0.408	0.400	0.372
390	0.387	0.414	0.399	0.371
eigenvalues:  tensor([18.5787, 17.2259])
hess item is 1.0
400	0.390	0.410	0.402	0.376
410	0.386	0.426	0.398	0.380
420	0.392	0.420	0.405	0.373
430	0.387	0.423	0.399	0.383
440	0.386	0.423	0.399	0.383
eigenvalues:  tensor([17.7062, 16.4120])
hess item is 1.0
450	0.389	0.421	0.402	0.379
460	0.386	0.427	0.399	0.380
470	0.383	0.438	0.396	0.392
480	0.386	0.430	0.399	0.389
490	0.383	0.444	0.396	0.395
eigenvalues:  tensor([16.8628, 15.2457])
hess item is 1.0
500	0.385	0.433	0.399	0.390
510	0.383	0.428	0.397	0.383
520	0.384	0.419	0.398	0.379
530	0.383	0.432	0.397	0.384
540	0.383	0.430	0.397	0.384
eigenvalues:  tensor([16.2444, 14.7558])
hess item is 1.0
550	0.383	0.428	0.397	0.386
560	0.382	0.436	0.396	0.394
570	0.380	0.446	0.395	0.392
580	0.381	0.437	0.396	0.390
590	0.382	0.441	0.397	0.391
eigenvalues:  tensor([15.5733, 13.5963])
hess item is 1.0
600	0.380	0.433	0.395	0.386
610	0.378	0.442	0.393	0.394
620	0.379	0.440	0.394	0.392
630	0.380	0.441	0.396	0.388
640	0.379	0.443	0.395	0.386
eigenvalues:  tensor([15.4564, 14.1719])
hess item is 1.0
650	0.380	0.447	0.395	0.392
660	0.382	0.435	0.397	0.388
670	0.381	0.438	0.397	0.394
680	0.378	0.451	0.394	0.397
690	0.378	0.449	0.394	0.393
eigenvalues:  tensor([15.7653, 14.2830])
hess item is 1.0
700	0.380	0.449	0.395	0.394
710	0.377	0.452	0.393	0.394
720	0.379	0.444	0.395	0.387
730	0.377	0.452	0.394	0.397
740	0.378	0.451	0.395	0.391
eigenvalues:  tensor([14.6951, 13.2751])
hess item is 1.0
750	0.381	0.437	0.399	0.385
760	0.378	0.443	0.395	0.386
770	0.376	0.457	0.393	0.400
780	0.376	0.451	0.393	0.392
790	0.377	0.445	0.394	0.394
eigenvalues:  tensor([14.2021, 12.6445])
hess item is 1.0
800	0.375	0.457	0.393	0.401
810	0.375	0.459	0.392	0.400
820	0.381	0.441	0.398	0.384
830	0.376	0.459	0.393	0.400
840	0.375	0.448	0.392	0.394
eigenvalues:  tensor([14.2619, 12.6010])
hess item is 1.0
850	0.375	0.463	0.392	0.404
860	0.380	0.441	0.396	0.386
870	0.379	0.447	0.395	0.388
880	0.379	0.452	0.395	0.396
890	0.380	0.438	0.396	0.389
eigenvalues:  tensor([14.5936, 13.4420])
hess item is 1.0
900	0.377	0.454	0.394	0.400
910	0.384	0.438	0.400	0.384
920	0.379	0.443	0.395	0.388
930	0.378	0.441	0.395	0.388
940	0.375	0.454	0.393	0.391
eigenvalues:  tensor([14.3183, 12.9186])
hess item is 1.0
950	0.376	0.457	0.393	0.397
960	0.375	0.457	0.393	0.400
970	0.374	0.465	0.392	0.404
980	0.374	0.459	0.392	0.404
990	0.374	0.456	0.392	0.399
eigenvalues:  tensor([33.4481, 32.7547])
hess item is 1.0
1000	0.509	0.173	0.510	0.169
1010	0.531	0.170	0.533	0.167
1020	0.501	0.234	0.504	0.224
1030	0.426	0.250	0.431	0.237
1040	0.435	0.242	0.441	0.230
eigenvalues:  tensor([22.9735, 22.2124])
hess item is 1.0
1050	0.423	0.273	0.427	0.271
1060	0.422	0.311	0.428	0.292
1070	0.413	0.324	0.419	0.310
1080	0.420	0.325	0.427	0.299
1090	0.413	0.319	0.417	0.299
eigenvalues:  tensor([20.2098, 18.3056])
hess item is 1.0
1100	0.407	0.336	0.413	0.310
1110	0.404	0.363	0.410	0.345
1120	0.404	0.359	0.411	0.334
1130	0.403	0.364	0.411	0.334
1140	0.407	0.348	0.415	0.325
eigenvalues:  tensor([19.1632, 17.0604])
hess item is 1.0
1150	0.401	0.368	0.409	0.339
1160	0.402	0.363	0.410	0.330
1170	0.402	0.364	0.410	0.330
1180	0.402	0.363	0.410	0.331
1190	0.400	0.368	0.408	0.338
eigenvalues:  tensor([18.1384, 15.9496])
hess item is 1.0
1200	0.400	0.376	0.410	0.346
1210	0.398	0.378	0.407	0.346
1220	0.395	0.389	0.403	0.355
1230	0.396	0.386	0.405	0.352
1240	0.394	0.387	0.404	0.357
eigenvalues:  tensor([17.2209, 15.5552])
hess item is 1.0
1250	0.394	0.388	0.403	0.362
1260	0.394	0.383	0.403	0.356
1270	0.393	0.394	0.403	0.359
1280	0.393	0.389	0.403	0.354
1290	0.392	0.402	0.402	0.365
eigenvalues:  tensor([16.4984, 15.1181])
hess item is 1.0
1300	0.391	0.397	0.401	0.368
1310	0.392	0.395	0.402	0.364
1320	0.392	0.403	0.403	0.368
1330	0.394	0.399	0.405	0.361
1340	0.390	0.401	0.402	0.367
eigenvalues:  tensor([16.4634, 15.2120])
hess item is 1.0
1350	0.389	0.412	0.401	0.370
1360	0.388	0.404	0.400	0.364
1370	0.415	0.322	0.426	0.300
1380	0.388	0.399	0.400	0.361
1390	0.389	0.408	0.401	0.370
eigenvalues:  tensor([16.7824, 15.1951])
hess item is 1.0
1400	0.388	0.410	0.400	0.372
1410	0.388	0.408	0.401	0.367
1420	0.388	0.405	0.400	0.366
1430	0.387	0.411	0.399	0.369
1440	0.390	0.400	0.404	0.356
eigenvalues:  tensor([16.4241, 14.8009])
hess item is 1.0
1450	0.385	0.416	0.399	0.371
1460	0.384	0.420	0.397	0.378
1470	0.385	0.421	0.399	0.376
1480	0.386	0.412	0.400	0.373
1490	0.385	0.420	0.399	0.373
eigenvalues:  tensor([15.9168, 14.5112])
hess item is 1.0
1500	0.385	0.420	0.398	0.381
1510	0.384	0.417	0.398	0.375
1520	0.384	0.425	0.398	0.375
1530	0.384	0.417	0.398	0.368
1540	0.382	0.427	0.397	0.373
eigenvalues:  tensor([15.9392, 14.8848])
hess item is 1.0
1550	0.386	0.417	0.401	0.367
1560	0.382	0.426	0.397	0.381
1570	0.382	0.423	0.397	0.376
1580	0.382	0.428	0.397	0.378
1590	0.382	0.429	0.397	0.382
eigenvalues:  tensor([15.8928, 14.2242])
hess item is 1.0
1600	0.381	0.429	0.397	0.379
1610	0.383	0.421	0.398	0.372
1620	0.383	0.421	0.399	0.368
1630	0.383	0.413	0.399	0.366
1640	0.384	0.421	0.399	0.376
eigenvalues:  tensor([15.9786, 14.5167])
hess item is 1.0
1650	0.382	0.430	0.398	0.376
1660	0.380	0.436	0.397	0.381
1670	0.382	0.430	0.397	0.378
1680	0.382	0.423	0.399	0.370
1690	0.380	0.437	0.397	0.385
eigenvalues:  tensor([16.3520, 15.0412])
hess item is 1.0
1700	0.379	0.432	0.396	0.381
1710	0.379	0.432	0.396	0.373
1720	0.381	0.436	0.398	0.381
1730	0.380	0.440	0.397	0.383
1740	0.378	0.444	0.395	0.388
eigenvalues:  tensor([16.6982, 15.1825])
hess item is 1.0
1750	0.380	0.430	0.397	0.374
1760	0.378	0.436	0.395	0.383
1770	0.378	0.449	0.396	0.386
1780	0.377	0.445	0.396	0.379
1790	0.382	0.435	0.400	0.373
eigenvalues:  tensor([17.5386, 16.1284])
hess item is 1.0
1800	0.377	0.444	0.395	0.383
1810	0.377	0.442	0.395	0.386
1820	0.378	0.436	0.397	0.376
1830	0.377	0.443	0.396	0.388
1840	0.378	0.444	0.398	0.375
eigenvalues:  tensor([17.0122, 15.1994])
hess item is 1.0
1850	0.376	0.444	0.395	0.383
1860	0.382	0.431	0.400	0.376
1870	0.377	0.445	0.396	0.381
1880	0.377	0.444	0.396	0.381
1890	0.375	0.455	0.395	0.386
eigenvalues:  tensor([16.9979, 15.2692])
hess item is 1.0
1900	0.375	0.445	0.395	0.378
1910	0.375	0.451	0.395	0.385
1920	0.379	0.430	0.399	0.377
1930	0.374	0.450	0.394	0.387
1940	0.375	0.450	0.395	0.383
eigenvalues:  tensor([17.2162, 15.7139])
hess item is 1.0
1950	0.373	0.460	0.393	0.390
1960	0.375	0.448	0.395	0.385
1970	0.374	0.448	0.395	0.384
1980	0.374	0.451	0.394	0.390
1990	0.384	0.431	0.405	0.373
eigenvalues:  tensor([17.9461, 16.3390])
hess item is 1.0
2000	0.376	0.439	0.397	0.376
2010	0.377	0.445	0.398	0.382
2020	0.380	0.436	0.400	0.378
2030	0.375	0.450	0.395	0.385
2040	0.378	0.446	0.398	0.378
eigenvalues:  tensor([19.2130, 17.7881])
hess item is 1.0
2050	0.378	0.441	0.399	0.380
2060	0.374	0.453	0.395	0.387
2070	0.375	0.453	0.395	0.388
2080	0.374	0.456	0.395	0.389
2090	0.376	0.437	0.398	0.370
eigenvalues:  tensor([18.6557, 17.9502])
hess item is 1.0
2100	0.376	0.442	0.397	0.376
2110	0.375	0.445	0.396	0.384
2120	0.374	0.456	0.396	0.388
2130	0.374	0.452	0.397	0.384
2140	0.374	0.443	0.396	0.378
eigenvalues:  tensor([19.1865, 18.3095])
hess item is 1.0
2150	0.376	0.442	0.399	0.371
2160	0.373	0.451	0.395	0.382
2170	0.373	0.455	0.396	0.377
2180	0.373	0.456	0.397	0.382
2190	0.377	0.445	0.401	0.373
eigenvalues:  tensor([18.7229, 17.8999])
hess item is 1.0
2200	0.372	0.460	0.395	0.384
2210	0.372	0.454	0.395	0.386
2220	0.377	0.440	0.401	0.371
2230	0.374	0.452	0.397	0.378
2240	0.372	0.461	0.396	0.389
eigenvalues:  tensor([18.0925, 17.4126])
hess item is 1.0
2250	0.371	0.467	0.395	0.393
2260	0.369	0.464	0.393	0.390
2270	0.370	0.460	0.394	0.386
2280	0.370	0.465	0.394	0.389
2290	0.370	0.467	0.395	0.384
eigenvalues:  tensor([18.4442, 17.6112])
hess item is 1.0
2300	0.370	0.462	0.394	0.398
2310	0.368	0.465	0.393	0.393
2320	0.370	0.462	0.394	0.390
2330	0.368	0.477	0.393	0.392
2340	0.370	0.473	0.395	0.389
eigenvalues:  tensor([19.2660, 18.2159])
hess item is 1.0
2350	0.378	0.438	0.402	0.375
2360	0.369	0.461	0.394	0.391
2370	0.369	0.468	0.395	0.391
2380	0.376	0.442	0.402	0.368
2390	0.375	0.447	0.402	0.366
eigenvalues:  tensor([18.4496, 17.6906])
hess item is 1.0
2400	0.369	0.467	0.395	0.391
2410	0.368	0.469	0.394	0.391
2420	0.369	0.467	0.395	0.387
2430	0.366	0.478	0.392	0.394
2440	0.366	0.478	0.392	0.397
eigenvalues:  tensor([19.0005, 17.7955])
hess item is 1.0
2450	0.367	0.471	0.393	0.394
2460	0.369	0.471	0.396	0.383
2470	0.368	0.474	0.395	0.388
2480	0.366	0.478	0.394	0.399
2490	0.367	0.477	0.395	0.389
eigenvalues:  tensor([17.9865, 17.3910])
hess item is 1.0
2500	0.366	0.472	0.393	0.393
2510	0.364	0.484	0.392	0.394
2520	0.365	0.477	0.392	0.394
2530	0.365	0.477	0.393	0.395
2540	0.364	0.479	0.392	0.396
eigenvalues:  tensor([17.2914, 17.0519])
hess item is 1.0
2550	0.367	0.471	0.395	0.384
2560	0.364	0.480	0.392	0.400
2570	0.366	0.479	0.395	0.396
2580	0.363	0.489	0.392	0.397
2590	0.364	0.486	0.392	0.399
eigenvalues:  tensor([17.0000, 16.6727])
hess item is 1.0
2600	0.363	0.484	0.392	0.400
2610	0.364	0.480	0.393	0.392
2620	0.365	0.482	0.394	0.391
2630	0.362	0.484	0.392	0.395
2640	0.364	0.473	0.394	0.393
eigenvalues:  tensor([16.7847, 16.2931])
hess item is 1.0
2650	0.365	0.477	0.395	0.387
2660	0.367	0.474	0.397	0.389
2670	0.362	0.486	0.392	0.397
2680	0.363	0.480	0.393	0.398
2690	0.361	0.488	0.392	0.400
eigenvalues:  tensor([16.6739, 15.7311])
hess item is 1.0
2700	0.364	0.483	0.395	0.394
2710	0.362	0.482	0.392	0.396
2720	0.364	0.484	0.395	0.393
2730	0.364	0.475	0.394	0.393
2740	0.364	0.484	0.396	0.387
eigenvalues:  tensor([19.3594, 18.5044])
hess item is 1.0
2750	0.492	0.322	0.521	0.268
2760	0.363	0.488	0.393	0.398
2770	0.360	0.492	0.391	0.399
2780	0.362	0.493	0.393	0.395
2790	0.363	0.484	0.393	0.393
eigenvalues:  tensor([16.1611, 15.6546])
hess item is 1.0
2800	0.360	0.493	0.390	0.402
2810	0.361	0.488	0.392	0.398
2820	0.362	0.481	0.394	0.391
2830	0.365	0.471	0.396	0.385
2840	0.363	0.481	0.394	0.390
eigenvalues:  tensor([16.3001, 15.8071])
hess item is 1.0
2850	0.363	0.487	0.394	0.394
2860	0.361	0.483	0.393	0.396
2870	0.365	0.479	0.398	0.384
2880	0.360	0.495	0.392	0.400
2890	0.362	0.485	0.394	0.389
eigenvalues:  tensor([17.1075, 16.3975])
hess item is 1.0
2900	0.359	0.497	0.392	0.400
2910	0.361	0.492	0.393	0.398
2920	0.361	0.490	0.393	0.397
2930	0.358	0.501	0.391	0.405
2940	0.358	0.502	0.392	0.401
eigenvalues:  tensor([17.6360, 16.8200])
hess item is 1.0
2950	0.359	0.494	0.393	0.394
2960	0.358	0.498	0.392	0.401
2970	0.359	0.501	0.393	0.401
2980	0.358	0.501	0.392	0.403
2990	0.360	0.488	0.394	0.396
eigenvalues:  tensor([16.8385, 16.2570])
hess item is 1.0
3000	0.357	0.507	0.391	0.401
3010	0.358	0.505	0.392	0.398
3020	0.361	0.484	0.394	0.391
3030	0.359	0.499	0.392	0.397
3040	0.358	0.498	0.392	0.400
eigenvalues:  tensor([17.6735, 17.2528])
hess item is 1.0
3050	0.363	0.484	0.397	0.393
3060	0.361	0.487	0.396	0.383
3070	0.359	0.491	0.393	0.397
3080	0.356	0.503	0.391	0.402
3090	0.359	0.495	0.394	0.395
eigenvalues:  tensor([18.1029, 17.6241])
hess item is 1.0
3100	0.363	0.485	0.399	0.384
3110	0.357	0.503	0.392	0.397
3120	0.360	0.498	0.395	0.393
3130	0.358	0.494	0.394	0.396
3140	0.357	0.504	0.392	0.400
eigenvalues:  tensor([18.0748, 17.8834])
hess item is 1.0
3150	0.357	0.508	0.393	0.403
3160	0.360	0.493	0.396	0.388
3170	0.359	0.500	0.396	0.391
3180	0.385	0.432	0.420	0.347
3190	0.374	0.463	0.408	0.363
eigenvalues:  tensor([19.9815, 19.2957])
hess item is 1.0
3200	0.362	0.496	0.395	0.396
3210	0.367	0.482	0.400	0.390
3220	0.360	0.495	0.395	0.400
3230	0.361	0.494	0.397	0.384
3240	0.372	0.449	0.407	0.361
eigenvalues:  tensor([20.8106, 20.1732])
hess item is 1.0
3250	0.382	0.443	0.417	0.357
3260	0.359	0.495	0.394	0.397
3270	0.359	0.499	0.395	0.394
3280	0.358	0.496	0.394	0.392
3290	0.356	0.503	0.393	0.402
eigenvalues:  tensor([20.2134, 19.8368])
hess item is 1.0
3300	0.356	0.499	0.393	0.398
3310	0.356	0.502	0.393	0.393
3320	0.358	0.499	0.395	0.394
3330	0.355	0.499	0.392	0.398
3340	0.360	0.498	0.398	0.390
eigenvalues:  tensor([20.4873, 20.1113])
hess item is 1.0
3350	0.366	0.486	0.403	0.385
3360	0.358	0.501	0.396	0.390
3370	0.356	0.502	0.393	0.394
3380	0.354	0.511	0.392	0.398
3390	0.355	0.501	0.394	0.392
eigenvalues:  tensor([20.9139, 20.5383])
hess item is 1.0
3400	0.368	0.470	0.407	0.371
3410	0.365	0.486	0.402	0.383
3420	0.357	0.503	0.395	0.396
3430	0.357	0.498	0.395	0.397
3440	0.375	0.455	0.414	0.358
eigenvalues:  tensor([21.5205, 21.2547])
hess item is 1.0
3450	0.358	0.503	0.397	0.392
3460	0.358	0.504	0.396	0.392
3470	0.354	0.514	0.392	0.402
3480	0.361	0.496	0.401	0.388
3490	0.356	0.511	0.396	0.395
eigenvalues:  tensor([21.8056, 21.1400])
hess item is 1.0
3500	0.358	0.499	0.397	0.394
3510	0.355	0.503	0.395	0.396
3520	0.356	0.510	0.395	0.401
3530	0.352	0.511	0.393	0.397
3540	0.377	0.457	0.419	0.354
eigenvalues:  tensor([21.7266, 20.9997])
hess item is 1.0
3550	0.356	0.506	0.397	0.394
3560	0.355	0.510	0.397	0.394
3570	0.356	0.502	0.397	0.391
3580	0.353	0.519	0.394	0.399
3590	0.355	0.506	0.397	0.391
eigenvalues:  tensor([21.4917, 20.5254])
hess item is 1.0
3600	0.352	0.512	0.395	0.399
3610	0.358	0.505	0.401	0.385
3620	0.352	0.520	0.394	0.401
3630	0.355	0.509	0.399	0.389
3640	0.354	0.509	0.396	0.393
eigenvalues:  tensor([21.3515, 20.5299])
hess item is 1.0
3650	0.352	0.513	0.392	0.404
3660	0.355	0.510	0.396	0.389
3670	0.362	0.491	0.403	0.380
3680	0.354	0.511	0.395	0.394
3690	0.361	0.491	0.403	0.374
eigenvalues:  tensor([21.6569, 20.6199])
hess item is 1.0
3700	0.358	0.505	0.401	0.382
3710	0.355	0.503	0.397	0.384
3720	0.349	0.522	0.392	0.402
3730	0.350	0.517	0.393	0.402
3740	0.351	0.514	0.394	0.398
eigenvalues:  tensor([21.5383, 20.7973])
hess item is 1.0
3750	0.350	0.525	0.393	0.397
3760	0.349	0.528	0.392	0.399
3770	0.349	0.520	0.393	0.401
3780	0.353	0.512	0.397	0.395
3790	0.351	0.511	0.395	0.395
eigenvalues:  tensor([21.2799, 20.5024])
hess item is 1.0
3800	0.350	0.524	0.394	0.402
3810	0.360	0.496	0.405	0.378
3820	0.351	0.528	0.395	0.396
3830	0.366	0.477	0.412	0.370
3840	0.353	0.512	0.397	0.395
eigenvalues:  tensor([21.2545, 20.3393])
hess item is 1.0
3850	0.351	0.516	0.397	0.394
3860	0.349	0.523	0.394	0.400
3870	0.373	0.476	0.417	0.367
3880	0.351	0.523	0.397	0.399
3890	0.347	0.522	0.393	0.400
eigenvalues:  tensor([21.9779, 21.4613])
hess item is 1.0
3900	0.363	0.489	0.402	0.377
3910	0.366	0.481	0.407	0.378
3920	0.354	0.510	0.395	0.395
3930	0.374	0.454	0.408	0.349
3940	0.367	0.478	0.402	0.378
eigenvalues:  tensor([22.5331, 21.9453])
hess item is 1.0
3950	0.371	0.472	0.407	0.366
3960	0.376	0.460	0.413	0.353
3970	0.366	0.482	0.403	0.377
3980	0.372	0.469	0.410	0.371
3990	0.363	0.494	0.402	0.385
eigenvalues:  tensor([22.8404, 21.5142])
hess item is 1.0
4000	0.355	0.501	0.395	0.388
4010	0.362	0.495	0.402	0.384
4020	0.368	0.477	0.407	0.372
4030	0.354	0.502	0.395	0.394
4040	0.357	0.503	0.399	0.393
eigenvalues:  tensor([23.0851, 21.3971])
hess item is 1.0
4050	0.364	0.490	0.408	0.367
4060	0.353	0.515	0.395	0.395
4070	0.365	0.484	0.409	0.370
4080	0.359	0.507	0.404	0.383
4090	0.355	0.509	0.398	0.389
eigenvalues:  tensor([22.8064, 21.4699])
hess item is 1.0
4100	0.365	0.482	0.407	0.364
4110	0.356	0.517	0.399	0.389
4120	0.373	0.468	0.414	0.353
4130	0.362	0.491	0.404	0.376
4140	0.354	0.525	0.397	0.398
eigenvalues:  tensor([22.6530, 21.6873])
hess item is 1.0
4150	0.353	0.513	0.398	0.387
4160	0.357	0.504	0.400	0.385
4170	0.365	0.477	0.410	0.359
4180	0.353	0.519	0.396	0.399
4190	0.356	0.516	0.400	0.387
eigenvalues:  tensor([22.7056, 21.7180])
hess item is 1.0
4200	0.347	0.532	0.392	0.405
4210	0.352	0.521	0.399	0.387
4220	0.357	0.517	0.402	0.394
4230	0.357	0.505	0.402	0.379
4240	0.354	0.516	0.400	0.386
eigenvalues:  tensor([24.4590, 23.5581])
hess item is 1.0
4250	0.353	0.511	0.400	0.384
4260	0.358	0.503	0.405	0.378
4270	0.348	0.528	0.395	0.396
4280	0.351	0.524	0.398	0.396
4290	0.356	0.510	0.403	0.384
eigenvalues:  tensor([24.0383, 23.3535])
hess item is 1.0
4300	0.352	0.522	0.399	0.397
4310	0.353	0.523	0.403	0.387
4320	0.364	0.480	0.409	0.369
4330	0.363	0.492	0.410	0.367
4340	0.358	0.499	0.404	0.378
eigenvalues:  tensor([24.8636, 24.6573])
hess item is 1.0
4350	0.352	0.517	0.400	0.387
4360	0.362	0.491	0.410	0.371
4370	0.349	0.527	0.396	0.404
4380	0.346	0.532	0.395	0.394
4390	0.351	0.532	0.400	0.386
eigenvalues:  tensor([24.5934, 23.9835])
hess item is 1.0
4400	0.373	0.473	0.422	0.355
4410	0.356	0.508	0.406	0.380
4420	0.346	0.535	0.398	0.392
4430	0.347	0.538	0.398	0.389
4440	0.354	0.512	0.405	0.383
eigenvalues:  tensor([23.6934, 22.9872])
hess item is 1.0
4450	0.346	0.530	0.397	0.397
4460	0.348	0.531	0.398	0.394
4470	0.354	0.509	0.402	0.380
4480	0.358	0.502	0.407	0.375
4490	0.360	0.505	0.409	0.364
eigenvalues:  tensor([25.0673, 24.4556])
hess item is 1.0
4500	0.348	0.534	0.397	0.393
4510	0.350	0.535	0.400	0.400
4520	0.345	0.538	0.396	0.397
4530	0.358	0.505	0.409	0.377
4540	0.357	0.503	0.407	0.370
eigenvalues:  tensor([24.7706, 24.5375])
hess item is 1.0
4550	0.377	0.461	0.428	0.338
4560	0.351	0.527	0.402	0.393
4570	0.347	0.539	0.399	0.396
4580	0.357	0.510	0.410	0.372
4590	0.342	0.542	0.395	0.398
eigenvalues:  tensor([24.3771, 23.6699])
hess item is 1.0
4600	0.353	0.518	0.407	0.375
4610	0.349	0.533	0.402	0.399
4620	0.349	0.533	0.402	0.392
4630	0.343	0.539	0.397	0.397
4640	0.350	0.525	0.404	0.379
eigenvalues:  tensor([24.1301, 23.2324])
hess item is 1.0
4650	0.351	0.521	0.405	0.382
4660	0.347	0.530	0.401	0.394
4670	0.340	0.549	0.394	0.401
4680	0.342	0.534	0.396	0.396
4690	0.339	0.549	0.394	0.398
eigenvalues:  tensor([23.5635, 22.7878])
hess item is 1.0
4700	0.344	0.539	0.398	0.391
4710	0.347	0.543	0.402	0.393
4720	0.344	0.549	0.399	0.394
4730	0.343	0.546	0.399	0.395
4740	0.345	0.538	0.400	0.392
eigenvalues:  tensor([24.1468, 23.2115])
hess item is 1.0
4750	0.341	0.553	0.396	0.395
4760	0.343	0.547	0.398	0.391
4770	0.343	0.545	0.398	0.393
4780	0.346	0.535	0.401	0.385
4790	0.345	0.545	0.400	0.396
eigenvalues:  tensor([25.4795, 24.5210])
hess item is 1.0
4800	0.345	0.541	0.400	0.391
4810	0.349	0.530	0.406	0.379
4820	0.351	0.533	0.406	0.392
4830	0.339	0.551	0.395	0.401
4840	0.353	0.521	0.410	0.370
eigenvalues:  tensor([25.2656, 24.2297])
hess item is 1.0
4850	0.338	0.558	0.396	0.392
4860	0.348	0.526	0.404	0.388
4870	0.366	0.489	0.426	0.352
4880	0.348	0.536	0.405	0.386
4890	0.345	0.542	0.402	0.388
eigenvalues:  tensor([25.0272, 23.9252])
hess item is 1.0
4900	0.344	0.543	0.403	0.395
4910	0.343	0.547	0.399	0.395
4920	0.355	0.517	0.413	0.375
4930	0.339	0.557	0.396	0.396
4940	0.341	0.551	0.397	0.400
eigenvalues:  tensor([24.6168, 24.0122])
hess item is 1.0
4950	0.343	0.552	0.400	0.395
4960	0.346	0.532	0.404	0.379
4970	0.342	0.551	0.399	0.388
4980	0.357	0.500	0.415	0.361
4990	0.358	0.513	0.417	0.373
eigenvalues:  tensor([24.8307, 23.7804])
hess item is 1.0
5000	0.337	0.564	0.396	0.398
5010	0.337	0.562	0.396	0.397
5020	0.339	0.561	0.399	0.391
5030	0.349	0.535	0.409	0.380
5040	0.336	0.561	0.397	0.394
eigenvalues:  tensor([24.7250, 23.4031])
hess item is 1.0
5050	0.336	0.564	0.397	0.394
5060	0.338	0.560	0.399	0.393
5070	0.337	0.558	0.398	0.397
5080	0.337	0.564	0.397	0.395
5090	0.338	0.557	0.397	0.403
eigenvalues:  tensor([24.1182, 23.1216])
hess item is 1.0
5100	0.335	0.564	0.395	0.405
5110	0.341	0.550	0.402	0.387
5120	0.335	0.569	0.397	0.398
5130	0.336	0.553	0.398	0.394
5140	0.336	0.565	0.399	0.395
eigenvalues:  tensor([23.7963, 22.8166])
hess item is 1.0
5150	0.340	0.548	0.402	0.388
5160	0.343	0.541	0.406	0.384
5170	0.340	0.550	0.402	0.391
5180	0.342	0.548	0.404	0.386
5190	0.352	0.533	0.414	0.377
eigenvalues:  tensor([23.6412, 22.5388])
hess item is 1.0
5200	0.340	0.549	0.404	0.389
5210	0.416	0.402	0.479	0.281
5220	0.340	0.554	0.403	0.384
5230	0.332	0.578	0.396	0.398
5240	0.337	0.564	0.402	0.397
eigenvalues:  tensor([23.1285, 22.0402])
hess item is 1.0
5250	0.331	0.573	0.395	0.405
5260	0.337	0.564	0.402	0.386
5270	0.333	0.572	0.398	0.396
5280	0.337	0.562	0.401	0.393
5290	0.339	0.558	0.403	0.391
eigenvalues:  tensor([23.1120, 21.7969])
hess item is 1.0
5300	0.331	0.575	0.396	0.401
5310	0.426	0.433	0.492	0.312
5320	0.336	0.566	0.402	0.392
5330	0.329	0.575	0.395	0.402
5340	0.331	0.578	0.397	0.394
eigenvalues:  tensor([22.9990, 21.7039])
hess item is 1.0
5350	0.333	0.568	0.399	0.396
5360	0.363	0.496	0.431	0.351
5370	0.335	0.571	0.400	0.393
5380	0.349	0.528	0.417	0.370
5390	0.332	0.573	0.399	0.398
eigenvalues:  tensor([23.0027, 21.8218])
hess item is 1.0
5400	0.332	0.573	0.399	0.395
5410	0.341	0.551	0.406	0.390
5420	0.349	0.537	0.406	0.381
5430	0.363	0.495	0.421	0.342
5440	0.405	0.429	0.468	0.311
eigenvalues:  tensor([23.1141, 22.3170])
hess item is 1.0
5450	0.342	0.548	0.403	0.389
5460	0.352	0.529	0.415	0.380
5470	0.352	0.531	0.416	0.370
5480	0.352	0.526	0.414	0.374
5490	0.334	0.565	0.396	0.392
eigenvalues:  tensor([24.1423, 23.1261])
hess item is 1.0
5500	0.343	0.550	0.408	0.379
5510	0.341	0.553	0.406	0.378
5520	0.339	0.569	0.404	0.385
5530	0.337	0.571	0.401	0.394
5540	0.333	0.574	0.398	0.401
eigenvalues:  tensor([23.1472, 22.9976])
hess item is 1.0
5550	0.330	0.574	0.396	0.396
5560	0.337	0.562	0.401	0.391
5570	0.329	0.577	0.394	0.402
5580	0.336	0.569	0.401	0.394
5590	0.337	0.566	0.404	0.390
eigenvalues:  tensor([23.3572, 22.8721])
hess item is 1.0
5600	0.332	0.574	0.398	0.401
5610	0.331	0.582	0.399	0.400
5620	0.335	0.568	0.403	0.385
5630	0.339	0.549	0.409	0.376
5640	0.332	0.573	0.401	0.391
eigenvalues:  tensor([23.1090, 22.5882])
hess item is 1.0
5650	0.332	0.575	0.400	0.400
5660	0.329	0.583	0.398	0.397
5670	0.333	0.574	0.403	0.389
5680	0.329	0.579	0.399	0.394
5690	0.328	0.585	0.397	0.403
eigenvalues:  tensor([24.7180, 24.5891])
hess item is 1.0
5700	0.376	0.477	0.433	0.335
5710	0.349	0.528	0.407	0.365
5720	0.345	0.539	0.406	0.374
5730	0.340	0.557	0.403	0.380
5740	0.339	0.562	0.403	0.389
eigenvalues:  tensor([23.9421, 23.5595])
hess item is 1.0
5750	0.344	0.550	0.408	0.379
5760	0.344	0.540	0.409	0.378
5770	0.335	0.565	0.401	0.399
5780	0.333	0.564	0.400	0.396
5790	0.331	0.580	0.398	0.398
eigenvalues:  tensor([24.0947, 23.7219])
hess item is 1.0
5800	0.337	0.567	0.404	0.390
5810	0.333	0.574	0.402	0.389
5820	0.339	0.558	0.409	0.385
5830	0.331	0.580	0.401	0.395
5840	0.346	0.550	0.416	0.371
eigenvalues:  tensor([24.7908, 23.8547])
hess item is 1.0
5850	0.329	0.592	0.399	0.399
5860	0.340	0.556	0.410	0.380
5870	0.337	0.556	0.408	0.386
5880	0.340	0.556	0.412	0.374
5890	0.354	0.521	0.427	0.348
eigenvalues:  tensor([24.6250, 24.0464])
hess item is 1.0
5900	0.338	0.566	0.409	0.383
5910	0.329	0.581	0.402	0.392
5920	0.329	0.573	0.402	0.396
5930	0.367	0.506	0.441	0.350
5940	0.353	0.533	0.422	0.380
eigenvalues:  tensor([24.0040, 22.8730])
hess item is 1.0
5950	0.332	0.582	0.403	0.396
5960	0.330	0.580	0.400	0.393
5970	0.329	0.582	0.400	0.397
5980	0.329	0.581	0.400	0.391
5990	0.336	0.559	0.407	0.377
eigenvalues:  tensor([23.9340, 22.9300])
hess item is 1.0
6000	0.333	0.566	0.404	0.392
6010	0.329	0.585	0.401	0.396
6020	0.326	0.589	0.399	0.396
6030	0.353	0.523	0.426	0.356
6040	0.334	0.571	0.406	0.387
eigenvalues:  tensor([23.4211, 22.6799])
hess item is 1.0
6050	0.338	0.570	0.412	0.379
6060	0.337	0.563	0.412	0.379
6070	0.335	0.574	0.409	0.382
6080	0.324	0.596	0.397	0.407
6090	0.324	0.583	0.399	0.397
eigenvalues:  tensor([22.7568, 21.9654])
hess item is 1.0
6100	0.326	0.590	0.400	0.399
6110	0.325	0.590	0.399	0.400
6120	0.326	0.584	0.402	0.397
6130	0.334	0.577	0.412	0.388
6140	0.323	0.595	0.400	0.393
eigenvalues:  tensor([22.7997, 21.6314])
hess item is 1.0
6150	0.333	0.575	0.410	0.381
6160	0.337	0.566	0.414	0.376
6170	0.330	0.589	0.407	0.389
6180	0.324	0.597	0.400	0.397
6190	0.320	0.602	0.398	0.398
eigenvalues:  tensor([22.9075, 21.7186])
hess item is 1.0
6200	0.320	0.602	0.398	0.401
6210	0.324	0.590	0.402	0.398
6220	0.322	0.601	0.400	0.399
6230	0.330	0.584	0.410	0.382
6240	0.322	0.604	0.400	0.400
eigenvalues:  tensor([22.9597, 22.0132])
hess item is 1.0
6250	0.322	0.597	0.402	0.392
6260	0.319	0.613	0.397	0.404
6270	0.329	0.587	0.409	0.387
6280	0.322	0.595	0.400	0.400
6290	0.320	0.613	0.400	0.398
eigenvalues:  tensor([22.6939, 21.8185])
hess item is 1.0
6300	0.330	0.578	0.411	0.381
6310	0.321	0.608	0.402	0.394
6320	0.327	0.598	0.407	0.392
6330	0.335	0.571	0.416	0.369
6340	0.327	0.600	0.406	0.399
eigenvalues:  tensor([22.0484, 21.3536])
hess item is 1.0
6350	0.323	0.603	0.402	0.392
6360	0.323	0.589	0.403	0.392
6370	0.321	0.600	0.402	0.394
6380	0.329	0.590	0.411	0.377
6390	0.317	0.618	0.397	0.402
eigenvalues:  tensor([22.1759, 21.6228])
hess item is 1.0
6400	0.332	0.595	0.413	0.375
6410	0.321	0.608	0.401	0.396
6420	0.317	0.621	0.397	0.403
6430	0.319	0.613	0.401	0.395
6440	0.328	0.585	0.409	0.386
eigenvalues:  tensor([21.9765, 21.3551])
hess item is 1.0
6450	0.317	0.616	0.399	0.398
6460	0.327	0.602	0.411	0.378
6470	0.323	0.592	0.405	0.393
6480	0.324	0.599	0.406	0.391
6490	0.323	0.601	0.405	0.396
eigenvalues:  tensor([22.6096, 21.8986])
hess item is 1.0
6500	0.316	0.617	0.399	0.401
6510	0.317	0.612	0.401	0.401
6520	0.329	0.578	0.411	0.386
6530	0.315	0.619	0.399	0.400
6540	0.317	0.615	0.402	0.393
eigenvalues:  tensor([23.0091, 22.0813])
hess item is 1.0
6550	0.314	0.621	0.399	0.399
6560	0.320	0.604	0.405	0.390
6570	0.316	0.618	0.401	0.394
6580	0.333	0.576	0.418	0.371
6590	0.329	0.596	0.415	0.374
eigenvalues:  tensor([22.9660, 22.2206])
hess item is 1.0
6600	0.319	0.605	0.404	0.387
6610	0.323	0.609	0.407	0.390
6620	0.319	0.612	0.404	0.392
6630	0.317	0.618	0.402	0.396
6640	0.316	0.615	0.400	0.395
eigenvalues:  tensor([22.3860, 21.9370])
hess item is 1.0
6650	0.313	0.627	0.398	0.396
6660	0.322	0.611	0.409	0.383
6670	0.316	0.625	0.401	0.399
6680	0.324	0.597	0.411	0.384
6690	0.317	0.614	0.404	0.386
eigenvalues:  tensor([22.0508, 21.6577])
hess item is 1.0
6700	0.314	0.621	0.400	0.399
6710	0.330	0.578	0.416	0.375
6720	0.331	0.592	0.417	0.378
6730	0.322	0.610	0.407	0.389
6740	0.332	0.584	0.418	0.377
eigenvalues:  tensor([22.4221, 21.7095])
hess item is 1.0
6750	0.325	0.601	0.411	0.383
6760	0.348	0.549	0.437	0.350
6770	0.495	0.377	0.567	0.267
6780	0.337	0.550	0.410	0.361
6790	0.337	0.549	0.414	0.359
eigenvalues:  tensor([24.0107, 23.0772])
hess item is 1.0
6800	0.360	0.514	0.440	0.333
6810	0.322	0.606	0.402	0.387
6820	0.318	0.619	0.400	0.391
6830	0.322	0.607	0.404	0.391
6840	0.326	0.607	0.409	0.387
eigenvalues:  tensor([22.2631, 21.6936])
hess item is 1.0
6850	0.321	0.610	0.407	0.382
6860	0.317	0.613	0.401	0.396
6870	0.320	0.613	0.405	0.389
6880	0.323	0.610	0.403	0.385
6890	0.321	0.613	0.402	0.391
eigenvalues:  tensor([22.9031, 22.3290])
hess item is 1.0
6900	0.319	0.613	0.402	0.392
6910	0.316	0.621	0.400	0.395
6920	0.413	0.433	0.502	0.281
6930	0.321	0.622	0.408	0.391
6940	0.313	0.627	0.399	0.400
eigenvalues:  tensor([23.0792, 21.6330])
hess item is 1.0
6950	0.322	0.607	0.409	0.386
6960	0.320	0.608	0.408	0.393
6970	0.321	0.607	0.410	0.389
6980	0.314	0.626	0.402	0.400
6990	0.315	0.622	0.403	0.396
eigenvalues:  tensor([23.5750, 22.5548])
hess item is 1.0
7000	0.315	0.623	0.404	0.393
7010	0.312	0.636	0.401	0.398
7020	0.323	0.613	0.407	0.387
7030	0.334	0.575	0.421	0.372
7040	0.319	0.614	0.406	0.395
eigenvalues:  tensor([23.2984, 22.3805])
hess item is 1.0
7050	0.316	0.616	0.405	0.391
7060	0.315	0.619	0.404	0.394
7070	0.316	0.627	0.405	0.393
7080	0.326	0.600	0.414	0.379
7090	0.320	0.616	0.409	0.396
eigenvalues:  tensor([23.8703, 23.0364])
hess item is 1.0
7100	0.315	0.626	0.406	0.391
7110	0.320	0.611	0.411	0.388
7120	0.312	0.636	0.404	0.396
7130	0.329	0.602	0.421	0.370
7140	0.315	0.626	0.407	0.386
eigenvalues:  tensor([23.4091, 22.3479])
hess item is 1.0
7150	0.315	0.619	0.406	0.391
7160	0.309	0.642	0.403	0.393
7170	0.317	0.626	0.411	0.386
7180	0.325	0.601	0.417	0.374
7190	0.315	0.630	0.408	0.387
eigenvalues:  tensor([23.6071, 22.8597])
hess item is 1.0
7200	0.306	0.645	0.399	0.398
7210	0.317	0.616	0.409	0.384
7220	0.311	0.636	0.403	0.397
7230	0.317	0.620	0.410	0.384
7240	0.311	0.629	0.405	0.396
eigenvalues:  tensor([23.3621, 22.8986])
hess item is 1.0
7250	0.314	0.618	0.409	0.392
7260	0.312	0.635	0.406	0.398
7270	0.318	0.620	0.415	0.378
7280	0.323	0.592	0.418	0.379
7290	0.310	0.640	0.406	0.391
eigenvalues:  tensor([23.5370, 22.6653])
hess item is 1.0
7300	0.320	0.604	0.415	0.378
7310	0.309	0.636	0.405	0.393
7320	0.306	0.646	0.402	0.399
7330	0.312	0.635	0.406	0.393
7340	0.320	0.611	0.414	0.382
eigenvalues:  tensor([24.5469, 23.5920])
hess item is 1.0
7350	0.334	0.582	0.428	0.372
7360	0.307	0.647	0.403	0.396
7370	0.312	0.629	0.407	0.391
7380	0.315	0.621	0.410	0.385
7390	0.305	0.645	0.401	0.395
eigenvalues:  tensor([25.2169, 24.8372])
hess item is 1.0
7400	0.312	0.637	0.410	0.387
7410	0.320	0.618	0.407	0.392
7420	0.324	0.606	0.413	0.383
7430	0.329	0.607	0.419	0.373
7440	0.329	0.595	0.423	0.360
eigenvalues:  tensor([28.4369, 27.7379])
hess item is 1.0
7450	0.342	0.556	0.429	0.367
7460	0.327	0.596	0.417	0.379
7470	0.325	0.614	0.416	0.381
7480	0.398	0.458	0.488	0.298
7490	0.342	0.572	0.432	0.365
eigenvalues:  tensor([28.9605, 28.1782])
hess item is 1.0
7500	0.347	0.567	0.435	0.378
7510	0.315	0.629	0.407	0.388
7520	0.320	0.604	0.413	0.380
7530	0.311	0.635	0.404	0.388
7540	0.320	0.616	0.413	0.388
eigenvalues:  tensor([28.3682, 27.0804])
hess item is 1.0
7550	0.332	0.594	0.425	0.369
7560	0.320	0.617	0.413	0.384
7570	0.324	0.605	0.414	0.384
7580	0.311	0.636	0.403	0.391
7590	0.331	0.601	0.416	0.376
eigenvalues:  tensor([28.0482, 27.4083])
hess item is 1.0
7600	0.379	0.505	0.469	0.320
7610	0.315	0.626	0.404	0.396
7620	0.318	0.627	0.409	0.396
7630	0.314	0.620	0.407	0.385
7640	0.323	0.604	0.415	0.376
eigenvalues:  tensor([27.2823, 26.7303])
hess item is 1.0
7650	0.310	0.642	0.405	0.395
7660	0.309	0.642	0.405	0.391
7670	0.316	0.635	0.411	0.390
7680	0.334	0.589	0.430	0.363
7690	0.308	0.643	0.405	0.390
eigenvalues:  tensor([26.7750, 26.1907])
hess item is 1.0
7700	0.348	0.566	0.445	0.351
7710	0.327	0.596	0.424	0.371
7720	0.321	0.613	0.417	0.388
7730	0.350	0.538	0.444	0.345
7740	0.309	0.643	0.408	0.391
eigenvalues:  tensor([25.5181, 24.6541])
hess item is 1.0
7750	0.316	0.623	0.411	0.387
7760	0.312	0.636	0.408	0.384
7770	0.344	0.558	0.440	0.353
7780	0.321	0.622	0.419	0.380
7790	0.316	0.622	0.415	0.388
eigenvalues:  tensor([25.4354, 24.8661])
hess item is 1.0
7800	0.332	0.591	0.429	0.371
7810	0.303	0.660	0.402	0.394
7820	0.333	0.588	0.431	0.374
7830	0.353	0.543	0.453	0.345
7840	0.698	0.387	0.793	0.252
eigenvalues:  tensor([26.2551, 25.4176])
hess item is 1.0
7850	0.317	0.625	0.414	0.382
7860	0.524	0.437	0.618	0.288
7870	0.314	0.629	0.413	0.388
7880	0.302	0.660	0.401	0.398
7890	0.306	0.645	0.406	0.395
eigenvalues:  tensor([25.7536, 24.9627])
hess item is 1.0
7900	0.313	0.641	0.415	0.373
7910	0.306	0.648	0.408	0.394
7920	0.304	0.660	0.408	0.392
7930	0.338	0.589	0.443	0.357
7940	0.301	0.664	0.406	0.390
eigenvalues:  tensor([25.3590, 24.8382])
hess item is 1.0
7950	0.309	0.647	0.414	0.380
7960	0.309	0.637	0.413	0.386
7970	0.304	0.656	0.409	0.391
7980	0.303	0.660	0.408	0.391
7990	0.324	0.614	0.428	0.379
eigenvalues:  tensor([26.0613, 25.0845])
hess item is 1.0
8000	0.303	0.655	0.408	0.398
8010	0.300	0.670	0.406	0.391
8020	0.307	0.653	0.412	0.388
8030	0.308	0.642	0.414	0.379
8040	0.311	0.635	0.415	0.377
eigenvalues:  tensor([25.6371, 25.4452])
hess item is 1.0
8050	0.304	0.652	0.409	0.389
8060	0.321	0.621	0.427	0.380
8070	0.314	0.645	0.421	0.375
8080	0.301	0.666	0.408	0.390
8090	0.308	0.639	0.413	0.389
eigenvalues:  tensor([26.3568, 25.5002])
hess item is 1.0
8100	0.310	0.635	0.417	0.380
8110	0.316	0.639	0.424	0.373
8120	0.316	0.625	0.423	0.377
8130	0.318	0.634	0.425	0.369
8140	0.340	0.582	0.445	0.349
eigenvalues:  tensor([26.5856, 25.6328])
hess item is 1.0
8150	0.326	0.612	0.434	0.356
8160	0.327	0.614	0.434	0.381
8170	0.327	0.618	0.437	0.357
8180	0.307	0.643	0.417	0.381
8190	0.309	0.645	0.418	0.374
eigenvalues:  tensor([25.9441, 25.1094])
hess item is 1.0
8200	0.299	0.672	0.408	0.391
8210	0.307	0.654	0.415	0.387
8220	0.306	0.656	0.416	0.384
8230	0.303	0.657	0.412	0.382
8240	0.300	0.661	0.408	0.386
eigenvalues:  tensor([25.7821, 24.7639])
hess item is 1.0
8250	0.299	0.664	0.408	0.388
8260	0.296	0.678	0.405	0.394
8270	0.304	0.648	0.413	0.390
8280	0.325	0.613	0.434	0.375
8290	0.299	0.665	0.407	0.399
eigenvalues:  tensor([26.0932, 25.4751])
hess item is 1.0
8300	0.302	0.666	0.413	0.386
8310	0.542	0.382	0.652	0.240
8320	0.304	0.655	0.412	0.385
8330	0.307	0.635	0.416	0.383
8340	0.303	0.659	0.414	0.390
eigenvalues:  tensor([25.8123, 25.6324])
hess item is 1.0
8350	0.301	0.662	0.412	0.382
8360	0.300	0.667	0.410	0.393
8370	0.308	0.643	0.418	0.378
8380	0.298	0.664	0.408	0.396
8390	0.300	0.666	0.412	0.385
eigenvalues:  tensor([26.0357, 25.5824])
hess item is 1.0
8400	0.299	0.672	0.410	0.387
8410	0.303	0.662	0.414	0.383
8420	0.306	0.650	0.420	0.379
8430	0.312	0.642	0.426	0.366
8440	0.295	0.677	0.408	0.390
eigenvalues:  tensor([26.3308, 25.6254])
hess item is 1.0
8450	0.307	0.649	0.420	0.381
8460	0.324	0.614	0.437	0.361
8470	0.380	0.530	0.491	0.322
8480	0.313	0.641	0.427	0.371
8490	0.308	0.641	0.424	0.376
eigenvalues:  tensor([26.0301, 25.6176])
hess item is 1.0
8500	0.314	0.643	0.428	0.371
8510	0.301	0.666	0.416	0.380
8520	0.306	0.660	0.421	0.387
8530	0.297	0.678	0.412	0.384
8540	0.303	0.661	0.419	0.378
eigenvalues:  tensor([25.7160, 25.3984])
hess item is 1.0
8550	0.297	0.677	0.412	0.385
8560	0.298	0.678	0.410	0.392
8570	0.303	0.673	0.416	0.381
8580	0.299	0.678	0.412	0.392
8590	0.301	0.664	0.416	0.382
eigenvalues:  tensor([26.5260, 26.2443])
hess item is 1.0
8600	0.306	0.655	0.420	0.377
8610	0.311	0.642	0.426	0.377
8620	0.295	0.680	0.411	0.390
8630	0.295	0.682	0.410	0.396
8640	0.300	0.677	0.413	0.394
eigenvalues:  tensor([26.2125, 26.0305])
hess item is 1.0
8650	0.297	0.678	0.412	0.387
8660	0.349	0.563	0.466	0.331
8670	0.307	0.655	0.422	0.377
8680	0.318	0.656	0.434	0.379
8690	0.295	0.680	0.410	0.386
eigenvalues:  tensor([27.6175, 27.1695])
hess item is 1.0
8700	0.364	0.552	0.480	0.336
8710	0.304	0.656	0.420	0.374
8720	0.297	0.687	0.412	0.391
8730	0.297	0.677	0.414	0.382
8740	0.297	0.682	0.413	0.391
eigenvalues:  tensor([26.7035, 26.4457])
hess item is 1.0
8750	0.305	0.661	0.422	0.377
8760	0.306	0.657	0.421	0.384
8770	0.311	0.645	0.429	0.376
8780	0.297	0.680	0.414	0.385
8790	0.302	0.670	0.416	0.384
eigenvalues:  tensor([26.5099, 26.3662])
hess item is 1.0
8800	0.302	0.669	0.419	0.388
8810	0.317	0.629	0.435	0.366
8820	0.296	0.683	0.412	0.383
8830	0.289	0.698	0.405	0.396
8840	0.297	0.674	0.413	0.388
eigenvalues:  tensor([26.8570, 26.5340])
hess item is 1.0
8850	0.297	0.677	0.413	0.391
8860	0.294	0.688	0.410	0.392
8870	0.296	0.680	0.412	0.391
8880	0.290	0.693	0.407	0.393
8890	0.307	0.663	0.424	0.382
eigenvalues:  tensor([26.8832, 26.2240])
hess item is 1.0
8900	0.312	0.650	0.430	0.367
8910	0.312	0.651	0.431	0.362
8920	0.301	0.665	0.419	0.381
8930	0.290	0.696	0.409	0.392
8940	0.295	0.672	0.412	0.391
eigenvalues:  tensor([26.9101, 26.2697])
hess item is 1.0
8950	0.306	0.662	0.425	0.364
8960	0.295	0.682	0.415	0.387
8970	0.302	0.663	0.422	0.381
8980	0.298	0.675	0.417	0.379
8990	0.304	0.650	0.420	0.384
eigenvalues:  tensor([26.3203, 25.7984])
hess item is 1.0
9000	0.314	0.637	0.431	0.372
9010	0.295	0.677	0.412	0.391
9020	0.304	0.656	0.423	0.378
9030	0.297	0.677	0.416	0.384
9040	0.295	0.680	0.415	0.387
eigenvalues:  tensor([ 3326.7893, -3528.3647])
hess item is 1.0
9050	14595.200	0.067	14719.774	0.074
9060	325106466816.000	0.098	325004328960.000	0.099
9070	22293412630634768105472.000	0.104	22375132697673219440640.000	0.104
9080	nan	0.101	nan	0.100
9090	nan	0.101	nan	0.100
eigenvalues:  tensor([nan, nan])
hess item is nan
9100	nan	0.101	nan	0.100
9110	nan	0.101	nan	0.100
9120	nan	0.101	nan	0.100
9130	nan	0.101	nan	0.100
9140	nan	0.101	nan	0.100
eigenvalues:  tensor([nan, nan])
hess item is nan
9150	nan	0.101	nan	0.100
9160	nan	0.101	nan	0.100
9170	nan	0.101	nan	0.100
9180	nan	0.101	nan	0.100
9190	nan	0.101	nan	0.100
eigenvalues:  tensor([nan, nan])
hess item is nan
9200	nan	0.101	nan	0.100
9210	nan	0.101	nan	0.100
9220	nan	0.101	nan	0.100
9230	nan	0.101	nan	0.100
9240	nan	0.101	nan	0.100
eigenvalues:  tensor([nan, nan])
hess item is nan
9250	nan	0.101	nan	0.100
9260	nan	0.101	nan	0.100
9270	nan	0.101	nan	0.100
9280	nan	0.101	nan	0.100
9290	nan	0.101	nan	0.100
eigenvalues:  tensor([nan, nan])
hess item is nan
9300	nan	0.101	nan	0.100
9310	nan	0.101	nan	0.100
9320	nan	0.101	nan	0.100
9330	nan	0.101	nan	0.100
9340	nan	0.101	nan	0.100
eigenvalues:  tensor([nan, nan])
hess item is nan
9350	nan	0.101	nan	0.100
9360	nan	0.101	nan	0.100
9370	nan	0.101	nan	0.100
9380	nan	0.101	nan	0.100
9390	nan	0.101	nan	0.100
eigenvalues:  tensor([nan, nan])
hess item is nan
9400	nan	0.101	nan	0.100
9410	nan	0.101	nan	0.100
9420	nan	0.101	nan	0.100
9430	nan	0.101	nan	0.100
9440	nan	0.101	nan	0.100
eigenvalues:  tensor([nan, nan])
hess item is nan
9450	nan	0.101	nan	0.100
9460	nan	0.101	nan	0.100
9470	nan	0.101	nan	0.100
9480	nan	0.101	nan	0.100
9490	nan	0.101	nan	0.100
eigenvalues:  tensor([nan, nan])
hess item is nan
9500	nan	0.101	nan	0.100
9510	nan	0.101	nan	0.100
9520	nan	0.101	nan	0.100
9530	nan	0.101	nan	0.100
9540	nan	0.101	nan	0.100
eigenvalues:  tensor([nan, nan])
hess item is nan
9550	nan	0.101	nan	0.100
9560	nan	0.101	nan	0.100
9570	nan	0.101	nan	0.100
9580	nan	0.101	nan	0.100
9590	nan	0.101	nan	0.100
eigenvalues:  tensor([nan, nan])
hess item is nan
9600	nan	0.101	nan	0.100
9610	nan	0.101	nan	0.100
9620	nan	0.101	nan	0.100
9630	nan	0.101	nan	0.100
9640	nan	0.101	nan	0.100
eigenvalues:  tensor([nan, nan])
hess item is nan
9650	nan	0.101	nan	0.100
9660	nan	0.101	nan	0.100
9670	nan	0.101	nan	0.100
9680	nan	0.101	nan	0.100
9690	nan	0.101	nan	0.100
eigenvalues:  tensor([nan, nan])
hess item is nan
9700	nan	0.101	nan	0.100
9710	nan	0.101	nan	0.100
9720	nan	0.101	nan	0.100
9730	nan	0.101	nan	0.100
9740	nan	0.101	nan	0.100
eigenvalues:  tensor([nan, nan])
hess item is nan
9750	nan	0.101	nan	0.100
9760	nan	0.101	nan	0.100
9770	nan	0.101	nan	0.100
9780	nan	0.101	nan	0.100
9790	nan	0.101	nan	0.100
eigenvalues:  tensor([nan, nan])
hess item is nan
9800	nan	0.101	nan	0.100
9810	nan	0.101	nan	0.100
9820	nan	0.101	nan	0.100
9830	nan	0.101	nan	0.100
9840	nan	0.101	nan	0.100
eigenvalues:  tensor([nan, nan])
hess item is nan
9850	nan	0.101	nan	0.100
9860	nan	0.101	nan	0.100
9870	nan	0.101	nan	0.100
9880	nan	0.101	nan	0.100
9890	nan	0.101	nan	0.100
eigenvalues:  tensor([nan, nan])
hess item is nan
9900	nan	0.101	nan	0.100
9910	nan	0.101	nan	0.100
9920	nan	0.101	nan	0.100
9930	nan	0.101	nan	0.100
9940	nan	0.101	nan	0.100
eigenvalues:  tensor([nan, nan])
hess item is nan
9950	nan	0.101	nan	0.100
9960	nan	0.101	nan	0.100
9970	nan	0.101	nan	0.100
9980	nan	0.101	nan	0.100
9990	nan	0.101	nan	0.100
