device: cuda:6
output directory: RESULTS/cifar10-10k/fc-tanh/seed_0/mse/ivon/lr_0.05_h0_0.5_post_10_alpha_10_ivon
Files already downloaded and verified
Files already downloaded and verified
0	0.597	0.131	0.597	0.131
10	0.449	0.278	0.453	0.258
20	0.421	0.320	0.428	0.291
30	0.406	0.363	0.414	0.336
40	0.404	0.374	0.412	0.342
eigenvalues:  tensor([35.8213, 32.9736])
50	0.400	0.386	0.409	0.352
60	0.396	0.397	0.406	0.358
70	0.394	0.400	0.405	0.362
80	0.392	0.406	0.403	0.364
90	0.392	0.405	0.404	0.371
eigenvalues:  tensor([29.2671, 27.8847])
100	0.389	0.419	0.401	0.375
110	0.387	0.421	0.400	0.375
120	0.387	0.420	0.400	0.376
130	0.385	0.424	0.399	0.383
140	0.385	0.428	0.399	0.380
eigenvalues:  tensor([26.6772, 24.8833])
150	0.383	0.434	0.398	0.384
160	0.382	0.430	0.397	0.384
170	0.382	0.437	0.397	0.385
180	0.381	0.440	0.397	0.386
190	0.381	0.440	0.397	0.384
eigenvalues:  tensor([24.8881, 22.7373])
200	0.380	0.442	0.396	0.391
210	0.379	0.448	0.396	0.388
220	0.379	0.447	0.396	0.393
230	0.378	0.452	0.395	0.393
240	0.377	0.456	0.394	0.394
eigenvalues:  tensor([23.8511, 21.5763])
250	0.377	0.453	0.395	0.394
260	0.376	0.459	0.394	0.394
270	0.376	0.458	0.394	0.396
280	0.375	0.460	0.393	0.399
290	0.374	0.466	0.393	0.398
eigenvalues:  tensor([22.8864, 20.7864])
300	0.374	0.463	0.393	0.397
310	0.373	0.464	0.393	0.398
320	0.373	0.467	0.392	0.399
330	0.372	0.465	0.392	0.399
340	0.372	0.468	0.392	0.400
eigenvalues:  tensor([22.3720, 20.0709])
350	0.371	0.471	0.392	0.400
360	0.371	0.475	0.392	0.400
370	0.370	0.476	0.392	0.401
380	0.370	0.473	0.391	0.402
390	0.369	0.476	0.391	0.403
eigenvalues:  tensor([21.8935, 19.6616])
400	0.369	0.475	0.391	0.404
410	0.369	0.478	0.391	0.404
420	0.368	0.480	0.391	0.404
430	0.368	0.476	0.391	0.404
440	0.367	0.481	0.390	0.407
eigenvalues:  tensor([21.5084, 19.2786])
450	0.367	0.481	0.390	0.405
460	0.367	0.480	0.390	0.405
470	0.366	0.483	0.390	0.407
480	0.366	0.485	0.390	0.405
490	0.366	0.484	0.390	0.408
eigenvalues:  tensor([21.2579, 19.1876])
500	0.365	0.484	0.390	0.408
510	0.365	0.489	0.389	0.410
520	0.365	0.488	0.389	0.406
530	0.364	0.490	0.389	0.409
540	0.364	0.489	0.389	0.408
eigenvalues:  tensor([20.9722, 18.9562])
550	0.363	0.490	0.389	0.408
560	0.363	0.493	0.389	0.411
570	0.362	0.498	0.389	0.411
580	0.362	0.497	0.389	0.412
590	0.362	0.496	0.388	0.413
eigenvalues:  tensor([20.9283, 18.9238])
600	0.362	0.495	0.388	0.410
610	0.361	0.499	0.388	0.413
620	0.361	0.497	0.388	0.409
630	0.360	0.500	0.388	0.413
640	0.360	0.503	0.388	0.412
eigenvalues:  tensor([20.8034, 18.8162])
650	0.360	0.501	0.388	0.415
660	0.359	0.500	0.388	0.410
670	0.359	0.506	0.388	0.417
680	0.359	0.507	0.388	0.416
690	0.358	0.504	0.388	0.413
eigenvalues:  tensor([20.6591, 18.6766])
700	0.358	0.503	0.387	0.413
710	0.357	0.510	0.387	0.413
720	0.357	0.510	0.387	0.416
730	0.357	0.507	0.387	0.416
740	0.357	0.509	0.387	0.416
eigenvalues:  tensor([20.5955, 18.5986])
750	0.356	0.510	0.387	0.412
760	0.356	0.514	0.387	0.416
770	0.355	0.511	0.387	0.416
780	0.355	0.515	0.387	0.417
790	0.355	0.514	0.387	0.416
eigenvalues:  tensor([20.5190, 18.5452])
800	0.354	0.518	0.387	0.417
810	0.354	0.511	0.387	0.414
820	0.354	0.520	0.387	0.420
830	0.353	0.518	0.386	0.419
840	0.353	0.518	0.387	0.414
eigenvalues:  tensor([20.5057, 18.7211])
850	0.353	0.520	0.386	0.418
860	0.352	0.521	0.386	0.418
870	0.352	0.521	0.386	0.417
880	0.351	0.525	0.386	0.420
890	0.351	0.526	0.386	0.419
eigenvalues:  tensor([20.5449, 18.7540])
900	0.351	0.524	0.386	0.416
910	0.350	0.524	0.386	0.418
920	0.350	0.529	0.386	0.421
930	0.350	0.531	0.386	0.420
940	0.350	0.526	0.386	0.414
eigenvalues:  tensor([20.5543, 18.8458])
950	0.349	0.531	0.386	0.419
960	0.349	0.527	0.386	0.418
970	0.348	0.531	0.386	0.419
980	0.348	0.534	0.386	0.422
990	0.348	0.533	0.386	0.420
