device: cuda:6
output directory: RESULTS/cifar10-10k/fc-tanh/seed_0/mse/ivon/lr_0.05_h0_10.0_post_10_alpha_1000_ivon
Files already downloaded and verified
Files already downloaded and verified
0	0.597	0.131	0.597	0.131
10	0.486	0.233	0.490	0.222
20	0.412	0.347	0.419	0.317
30	0.408	0.357	0.416	0.325
40	0.400	0.381	0.410	0.347
eigenvalues:  tensor([37.2594, 35.9789])
50	0.396	0.395	0.407	0.358
60	0.393	0.403	0.405	0.361
70	0.391	0.412	0.404	0.367
80	0.389	0.418	0.402	0.372
90	0.387	0.426	0.401	0.375
eigenvalues:  tensor([36.7096, 36.2634])
100	0.385	0.433	0.400	0.375
110	0.383	0.437	0.400	0.377
120	0.382	0.444	0.399	0.381
130	0.380	0.447	0.398	0.382
140	0.379	0.452	0.398	0.382
eigenvalues:  tensor([38.2339, 36.9059])
150	0.377	0.456	0.397	0.387
160	0.376	0.458	0.397	0.384
170	0.375	0.460	0.396	0.386
180	0.374	0.468	0.396	0.387
190	0.373	0.469	0.396	0.388
eigenvalues:  tensor([40.1120, 37.2961])
200	0.371	0.474	0.395	0.392
210	0.371	0.478	0.395	0.394
220	0.371	0.478	0.396	0.393
230	0.369	0.483	0.395	0.397
240	0.368	0.487	0.395	0.395
eigenvalues:  tensor([39.7878, 38.5517])
250	0.366	0.493	0.394	0.398
260	0.365	0.495	0.394	0.397
270	0.364	0.497	0.393	0.398
280	0.363	0.500	0.393	0.399
290	0.363	0.496	0.394	0.397
eigenvalues:  tensor([41.2864, 40.3100])
300	0.363	0.493	0.394	0.394
310	0.363	0.491	0.395	0.394
320	0.361	0.501	0.393	0.398
330	0.361	0.506	0.394	0.399
340	0.360	0.507	0.394	0.403
eigenvalues:  tensor([41.2876, 40.0614])
350	0.358	0.513	0.393	0.407
360	0.358	0.519	0.394	0.403
370	0.360	0.513	0.396	0.400
380	0.356	0.521	0.393	0.405
390	0.354	0.528	0.392	0.408
eigenvalues:  tensor([42.4870, 41.0535])
400	0.353	0.532	0.392	0.406
410	0.357	0.520	0.397	0.393
420	0.352	0.536	0.393	0.406
430	0.351	0.537	0.392	0.406
440	0.355	0.523	0.396	0.395
eigenvalues:  tensor([42.6842, 41.6300])
450	0.351	0.529	0.394	0.400
460	0.353	0.527	0.396	0.394
470	0.351	0.539	0.395	0.401
480	0.347	0.547	0.392	0.405
490	0.349	0.546	0.394	0.404
eigenvalues:  tensor([43.4557, 41.4682])
500	0.347	0.547	0.393	0.409
510	0.348	0.544	0.395	0.405
520	0.351	0.528	0.399	0.394
530	0.344	0.558	0.392	0.409
540	0.343	0.559	0.392	0.409
eigenvalues:  tensor([43.5891, 41.1527])
550	0.351	0.540	0.401	0.395
560	0.348	0.544	0.398	0.401
570	0.347	0.542	0.398	0.399
580	0.343	0.556	0.395	0.406
590	0.339	0.569	0.392	0.410
eigenvalues:  tensor([42.4009, 41.6942])
600	0.339	0.571	0.392	0.409
610	0.338	0.574	0.393	0.410
620	0.342	0.563	0.399	0.401
630	0.346	0.546	0.402	0.391
640	0.341	0.564	0.398	0.401
eigenvalues:  tensor([44.4144, 42.2072])
650	0.344	0.554	0.400	0.394
660	0.334	0.582	0.393	0.407
670	0.351	0.538	0.411	0.383
680	0.334	0.589	0.394	0.406
690	0.336	0.579	0.396	0.402
eigenvalues:  tensor([44.0893, 42.6340])
700	0.333	0.588	0.394	0.406
710	0.343	0.566	0.405	0.390
720	0.331	0.596	0.394	0.407
730	0.336	0.582	0.399	0.398
740	0.331	0.595	0.394	0.407
eigenvalues:  tensor([45.6797, 43.4157])
750	0.331	0.596	0.396	0.412
760	0.330	0.599	0.395	0.410
770	0.354	0.541	0.421	0.371
780	0.327	0.606	0.394	0.412
790	0.335	0.582	0.402	0.401
eigenvalues:  tensor([45.1304, 42.8933])
800	0.342	0.565	0.410	0.391
810	0.330	0.592	0.399	0.400
820	0.331	0.593	0.401	0.396
830	0.324	0.617	0.395	0.411
840	0.325	0.616	0.397	0.410
eigenvalues:  tensor([44.3739, 43.3026])
850	0.334	0.589	0.406	0.403
860	0.324	0.613	0.398	0.404
870	0.325	0.613	0.400	0.400
880	0.327	0.600	0.402	0.402
890	0.331	0.599	0.406	0.398
eigenvalues:  tensor([44.6236, 43.5557])
900	0.321	0.621	0.398	0.409
910	0.330	0.590	0.407	0.391
920	0.324	0.617	0.400	0.402
930	0.329	0.605	0.407	0.397
940	0.327	0.612	0.405	0.397
eigenvalues:  tensor([44.1422, 43.3685])
950	0.320	0.627	0.399	0.405
960	0.326	0.607	0.406	0.389
970	0.315	0.640	0.396	0.408
980	0.324	0.619	0.406	0.397
990	0.315	0.644	0.397	0.414
