device: cuda:6
output directory: RESULTS/cifar10-10k/fc-tanh/seed_0/mse/ivon/lr_0.05_h0_0.07_post_10_alpha_1000_ivon
Files already downloaded and verified
Files already downloaded and verified
0	0.597	0.131	0.597	0.131
10	0.445	0.279	0.450	0.269
20	0.428	0.317	0.433	0.302
30	0.415	0.348	0.421	0.326
40	0.412	0.359	0.417	0.334
eigenvalues:  tensor([25.3827, 22.4336])
50	0.408	0.368	0.415	0.344
60	0.406	0.371	0.412	0.350
70	0.404	0.372	0.410	0.352
80	0.402	0.379	0.409	0.354
90	0.401	0.384	0.408	0.362
eigenvalues:  tensor([15.2754, 14.6497])
100	0.399	0.387	0.406	0.364
110	0.400	0.385	0.407	0.367
120	0.398	0.390	0.405	0.367
130	0.399	0.389	0.406	0.365
140	0.399	0.392	0.406	0.368
eigenvalues:  tensor([12.3275, 11.4785])
150	0.398	0.395	0.405	0.373
160	0.397	0.393	0.404	0.371
170	0.397	0.390	0.404	0.368
180	0.397	0.390	0.405	0.369
190	0.396	0.394	0.404	0.373
eigenvalues:  tensor([10.4629,  9.6161])
200	0.396	0.399	0.403	0.378
210	0.396	0.395	0.403	0.373
220	0.397	0.396	0.404	0.375
230	0.396	0.400	0.403	0.376
240	0.395	0.403	0.402	0.380
eigenvalues:  tensor([9.4940, 8.8558])
250	0.395	0.402	0.402	0.377
260	0.394	0.405	0.402	0.377
270	0.395	0.400	0.402	0.379
280	0.395	0.399	0.403	0.377
290	0.394	0.404	0.401	0.380
eigenvalues:  tensor([8.7092, 8.1707])
300	0.394	0.401	0.402	0.380
310	0.394	0.400	0.402	0.377
320	0.394	0.402	0.402	0.377
330	0.394	0.401	0.401	0.377
340	0.393	0.401	0.401	0.378
eigenvalues:  tensor([8.3064, 7.6446])
350	0.393	0.404	0.401	0.380
360	0.393	0.410	0.401	0.381
370	0.393	0.410	0.401	0.380
380	0.392	0.407	0.400	0.378
390	0.392	0.410	0.400	0.378
eigenvalues:  tensor([8.0191, 7.3355])
400	0.393	0.406	0.401	0.377
410	0.392	0.410	0.400	0.380
420	0.392	0.412	0.400	0.378
430	0.393	0.408	0.401	0.377
440	0.393	0.408	0.401	0.378
eigenvalues:  tensor([7.7552, 7.0516])
450	0.392	0.407	0.400	0.376
460	0.391	0.409	0.400	0.381
470	0.392	0.407	0.400	0.377
480	0.391	0.411	0.400	0.378
490	0.391	0.410	0.400	0.378
eigenvalues:  tensor([7.5806, 6.7232])
500	0.391	0.410	0.400	0.378
510	0.391	0.412	0.400	0.381
520	0.391	0.413	0.400	0.380
530	0.391	0.411	0.399	0.381
540	0.390	0.414	0.399	0.382
eigenvalues:  tensor([7.1743, 6.4040])
550	0.390	0.412	0.399	0.382
560	0.390	0.412	0.399	0.384
570	0.390	0.414	0.399	0.381
580	0.389	0.417	0.398	0.382
590	0.389	0.417	0.398	0.382
eigenvalues:  tensor([7.1978, 6.1788])
600	0.390	0.414	0.399	0.382
610	0.389	0.414	0.398	0.383
620	0.389	0.415	0.398	0.382
630	0.389	0.415	0.398	0.383
640	0.389	0.413	0.399	0.382
eigenvalues:  tensor([6.9996, 6.0982])
650	0.389	0.412	0.399	0.383
660	0.389	0.414	0.398	0.383
670	0.389	0.417	0.398	0.384
680	0.388	0.421	0.397	0.387
690	0.388	0.415	0.398	0.386
eigenvalues:  tensor([6.7434, 5.9157])
700	0.388	0.417	0.398	0.387
710	0.388	0.417	0.398	0.385
720	0.388	0.417	0.397	0.386
730	0.388	0.416	0.398	0.385
740	0.388	0.418	0.397	0.386
eigenvalues:  tensor([6.5145, 5.6451])
750	0.388	0.416	0.398	0.385
760	0.387	0.419	0.397	0.387
770	0.388	0.418	0.397	0.385
780	0.388	0.417	0.397	0.386
790	0.387	0.417	0.397	0.386
eigenvalues:  tensor([6.5423, 5.5984])
800	0.387	0.418	0.397	0.386
810	0.387	0.421	0.397	0.388
820	0.387	0.422	0.397	0.387
830	0.386	0.422	0.397	0.387
840	0.387	0.419	0.397	0.385
eigenvalues:  tensor([6.2855, 5.5190])
850	0.387	0.417	0.397	0.386
860	0.386	0.419	0.397	0.387
870	0.386	0.422	0.396	0.388
880	0.386	0.420	0.397	0.388
890	0.386	0.421	0.396	0.388
eigenvalues:  tensor([6.2971, 5.4229])
900	0.386	0.419	0.397	0.387
910	0.386	0.421	0.397	0.388
920	0.386	0.422	0.396	0.388
930	0.386	0.423	0.396	0.389
940	0.386	0.420	0.396	0.387
eigenvalues:  tensor([6.1883, 5.2954])
950	0.386	0.421	0.396	0.386
960	0.385	0.424	0.396	0.387
970	0.385	0.423	0.396	0.391
980	0.385	0.426	0.396	0.392
990	0.385	0.424	0.396	0.389
