device: cuda:6
output directory: RESULTS/cifar10-10k/fc-tanh/seed_0/mse/ivon/lr_0.05_h0_1.0_post_10_alpha_5_ivon
Files already downloaded and verified
Files already downloaded and verified
0	0.597	0.131	0.597	0.131
10	0.448	0.271	0.453	0.252
20	0.426	0.315	0.432	0.289
30	0.406	0.369	0.413	0.332
40	0.404	0.374	0.413	0.341
eigenvalues:  tensor([36.9296, 34.3776])
50	0.400	0.385	0.409	0.347
60	0.395	0.401	0.406	0.358
70	0.393	0.401	0.405	0.359
80	0.391	0.410	0.403	0.367
90	0.390	0.410	0.403	0.371
eigenvalues:  tensor([32.3232, 29.6581])
100	0.388	0.424	0.401	0.375
110	0.386	0.428	0.400	0.377
120	0.385	0.426	0.400	0.379
130	0.384	0.431	0.399	0.382
140	0.383	0.434	0.399	0.380
eigenvalues:  tensor([30.5064, 26.9855])
150	0.382	0.441	0.398	0.384
160	0.380	0.441	0.397	0.386
170	0.380	0.444	0.397	0.388
180	0.379	0.449	0.396	0.388
190	0.379	0.452	0.397	0.386
eigenvalues:  tensor([29.0330, 25.3344])
200	0.377	0.451	0.396	0.388
210	0.377	0.456	0.395	0.392
220	0.376	0.458	0.395	0.393
230	0.375	0.462	0.395	0.394
240	0.374	0.465	0.394	0.395
eigenvalues:  tensor([28.2523, 24.5792])
250	0.374	0.464	0.394	0.395
260	0.373	0.468	0.394	0.395
270	0.372	0.470	0.393	0.397
280	0.372	0.471	0.393	0.396
290	0.371	0.474	0.393	0.397
eigenvalues:  tensor([27.6003, 24.1243])
300	0.370	0.475	0.393	0.398
310	0.370	0.477	0.392	0.399
320	0.369	0.482	0.392	0.400
330	0.369	0.479	0.392	0.400
340	0.368	0.480	0.392	0.401
eigenvalues:  tensor([27.1969, 23.8435])
350	0.367	0.481	0.391	0.402
360	0.367	0.484	0.391	0.401
370	0.366	0.489	0.391	0.402
380	0.366	0.488	0.391	0.403
390	0.365	0.490	0.391	0.404
eigenvalues:  tensor([26.7878, 23.5861])
400	0.365	0.487	0.391	0.406
410	0.364	0.492	0.390	0.405
420	0.364	0.494	0.390	0.408
430	0.364	0.491	0.390	0.403
440	0.363	0.498	0.390	0.407
eigenvalues:  tensor([26.4636, 23.4651])
450	0.362	0.498	0.390	0.406
460	0.362	0.497	0.389	0.409
470	0.361	0.500	0.389	0.411
480	0.361	0.499	0.390	0.407
490	0.361	0.501	0.389	0.410
eigenvalues:  tensor([26.3466, 23.4741])
500	0.360	0.505	0.389	0.410
510	0.359	0.509	0.389	0.414
520	0.359	0.505	0.389	0.409
530	0.358	0.509	0.389	0.413
540	0.358	0.509	0.389	0.409
eigenvalues:  tensor([26.2621, 23.4011])
550	0.357	0.511	0.388	0.414
560	0.357	0.512	0.388	0.413
570	0.357	0.516	0.388	0.413
580	0.356	0.517	0.388	0.414
590	0.355	0.517	0.388	0.414
eigenvalues:  tensor([26.3010, 23.5798])
600	0.355	0.516	0.388	0.414
610	0.355	0.517	0.388	0.414
620	0.354	0.517	0.388	0.414
630	0.354	0.518	0.388	0.415
640	0.353	0.523	0.388	0.413
eigenvalues:  tensor([26.2975, 23.5823])
650	0.353	0.523	0.387	0.417
660	0.352	0.521	0.387	0.414
670	0.352	0.529	0.388	0.417
680	0.351	0.529	0.387	0.418
690	0.351	0.527	0.387	0.417
eigenvalues:  tensor([26.4272, 23.6319])
700	0.351	0.527	0.387	0.415
710	0.350	0.532	0.387	0.417
720	0.350	0.533	0.387	0.418
730	0.349	0.532	0.387	0.417
740	0.349	0.536	0.387	0.419
eigenvalues:  tensor([26.6206, 23.9378])
750	0.348	0.536	0.387	0.415
760	0.348	0.538	0.387	0.418
770	0.347	0.538	0.387	0.419
780	0.347	0.543	0.387	0.420
790	0.347	0.542	0.387	0.419
eigenvalues:  tensor([26.7545, 24.0421])
800	0.346	0.543	0.387	0.421
810	0.346	0.541	0.387	0.414
820	0.345	0.546	0.387	0.420
830	0.344	0.548	0.386	0.421
840	0.344	0.546	0.387	0.418
eigenvalues:  tensor([26.9796, 24.4353])
850	0.344	0.549	0.386	0.421
860	0.343	0.551	0.386	0.421
870	0.343	0.552	0.386	0.419
880	0.342	0.554	0.386	0.418
890	0.342	0.558	0.386	0.420
eigenvalues:  tensor([27.1995, 24.6277])
900	0.341	0.554	0.386	0.418
910	0.341	0.556	0.387	0.421
920	0.341	0.559	0.387	0.423
930	0.340	0.560	0.386	0.422
940	0.340	0.561	0.386	0.418
eigenvalues:  tensor([27.5173, 24.9301])
950	0.339	0.564	0.386	0.422
960	0.339	0.559	0.387	0.419
970	0.338	0.565	0.386	0.422
980	0.338	0.565	0.386	0.423
990	0.338	0.565	0.386	0.420
