device: cuda:1
output directory: RESULTS/cifar10-10k/fc-tanh/seed_0/mse/ivon/lr_0.05_h0_1.0_post_1_alpha_1.0_beta2_1.0_beta_0.0_ess_100000.0_ivon
Files already downloaded and verified
Files already downloaded and verified
optimizer is IVON
0	0.597	0.131	0.597	0.131
10	20109696.000	0.068	20270318.000	0.067
20	1860065034240.000	0.093	1861437620224.000	0.092
30	nan	0.101	nan	0.100
40	nan	0.101	nan	0.100
eigenvalues:  tensor([nan, nan])
hess item is nan
50	nan	0.101	nan	0.100
60	nan	0.101	nan	0.100
70	nan	0.101	nan	0.100
80	nan	0.101	nan	0.100
90	nan	0.101	nan	0.100
eigenvalues:  tensor([nan, nan])
hess item is nan
100	nan	0.101	nan	0.100
110	nan	0.101	nan	0.100
120	nan	0.101	nan	0.100
130	nan	0.101	nan	0.100
140	nan	0.101	nan	0.100
eigenvalues:  tensor([nan, nan])
hess item is nan
150	nan	0.101	nan	0.100
160	nan	0.101	nan	0.100
170	nan	0.101	nan	0.100
180	nan	0.101	nan	0.100
190	nan	0.101	nan	0.100
eigenvalues:  tensor([nan, nan])
hess item is nan
200	nan	0.101	nan	0.100
210	nan	0.101	nan	0.100
220	nan	0.101	nan	0.100
230	nan	0.101	nan	0.100
240	nan	0.101	nan	0.100
eigenvalues:  tensor([nan, nan])
hess item is nan
250	nan	0.101	nan	0.100
260	nan	0.101	nan	0.100
270	nan	0.101	nan	0.100
280	nan	0.101	nan	0.100
290	nan	0.101	nan	0.100
eigenvalues:  tensor([nan, nan])
hess item is nan
300	nan	0.101	nan	0.100
310	nan	0.101	nan	0.100
320	nan	0.101	nan	0.100
330	nan	0.101	nan	0.100
340	nan	0.101	nan	0.100
eigenvalues:  tensor([nan, nan])
hess item is nan
350	nan	0.101	nan	0.100
360	nan	0.101	nan	0.100
370	nan	0.101	nan	0.100
380	nan	0.101	nan	0.100
390	nan	0.101	nan	0.100
eigenvalues:  tensor([nan, nan])
hess item is nan
400	nan	0.101	nan	0.100
410	nan	0.101	nan	0.100
420	nan	0.101	nan	0.100
430	nan	0.101	nan	0.100
440	nan	0.101	nan	0.100
eigenvalues:  tensor([nan, nan])
hess item is nan
450	nan	0.101	nan	0.100
460	nan	0.101	nan	0.100
470	nan	0.101	nan	0.100
480	nan	0.101	nan	0.100
490	nan	0.101	nan	0.100
eigenvalues:  tensor([nan, nan])
hess item is nan
500	nan	0.101	nan	0.100
510	nan	0.101	nan	0.100
520	nan	0.101	nan	0.100
530	nan	0.101	nan	0.100
540	nan	0.101	nan	0.100
eigenvalues:  tensor([nan, nan])
hess item is nan
550	nan	0.101	nan	0.100
560	nan	0.101	nan	0.100
570	nan	0.101	nan	0.100
580	nan	0.101	nan	0.100
590	nan	0.101	nan	0.100
eigenvalues:  tensor([nan, nan])
hess item is nan
600	nan	0.101	nan	0.100
610	nan	0.101	nan	0.100
620	nan	0.101	nan	0.100
630	nan	0.101	nan	0.100
640	nan	0.101	nan	0.100
eigenvalues:  tensor([nan, nan])
hess item is nan
650	nan	0.101	nan	0.100
660	nan	0.101	nan	0.100
670	nan	0.101	nan	0.100
680	nan	0.101	nan	0.100
690	nan	0.101	nan	0.100
eigenvalues:  tensor([nan, nan])
hess item is nan
700	nan	0.101	nan	0.100
710	nan	0.101	nan	0.100
720	nan	0.101	nan	0.100
730	nan	0.101	nan	0.100
740	nan	0.101	nan	0.100
eigenvalues:  tensor([nan, nan])
hess item is nan
750	nan	0.101	nan	0.100
760	nan	0.101	nan	0.100
770	nan	0.101	nan	0.100
780	nan	0.101	nan	0.100
790	nan	0.101	nan	0.100
eigenvalues:  tensor([nan, nan])
hess item is nan
800	nan	0.101	nan	0.100
810	nan	0.101	nan	0.100
820	nan	0.101	nan	0.100
830	nan	0.101	nan	0.100
840	nan	0.101	nan	0.100
eigenvalues:  tensor([nan, nan])
hess item is nan
850	nan	0.101	nan	0.100
860	nan	0.101	nan	0.100
870	nan	0.101	nan	0.100
880	nan	0.101	nan	0.100
890	nan	0.101	nan	0.100
eigenvalues:  tensor([nan, nan])
hess item is nan
900	nan	0.101	nan	0.100
910	nan	0.101	nan	0.100
920	nan	0.101	nan	0.100
930	nan	0.101	nan	0.100
940	nan	0.101	nan	0.100
eigenvalues:  tensor([nan, nan])
hess item is nan
950	nan	0.101	nan	0.100
960	nan	0.101	nan	0.100
970	nan	0.101	nan	0.100
980	nan	0.101	nan	0.100
990	nan	0.101	nan	0.100
eigenvalues:  tensor([nan, nan])
hess item is nan
1000	nan	0.101	nan	0.100
1010	nan	0.101	nan	0.100
1020	nan	0.101	nan	0.100
1030	nan	0.101	nan	0.100
1040	nan	0.101	nan	0.100
eigenvalues:  tensor([nan, nan])
hess item is nan
1050	nan	0.101	nan	0.100
1060	nan	0.101	nan	0.100
1070	nan	0.101	nan	0.100
1080	nan	0.101	nan	0.100
1090	nan	0.101	nan	0.100
eigenvalues:  tensor([nan, nan])
hess item is nan
1100	nan	0.101	nan	0.100
1110	nan	0.101	nan	0.100
1120	nan	0.101	nan	0.100
1130	nan	0.101	nan	0.100
1140	nan	0.101	nan	0.100
eigenvalues:  tensor([nan, nan])
hess item is nan
1150	nan	0.101	nan	0.100
1160	nan	0.101	nan	0.100
1170	nan	0.101	nan	0.100
1180	nan	0.101	nan	0.100
1190	nan	0.101	nan	0.100
eigenvalues:  tensor([nan, nan])
hess item is nan
1200	nan	0.101	nan	0.100
1210	nan	0.101	nan	0.100
1220	nan	0.101	nan	0.100
1230	nan	0.101	nan	0.100
1240	nan	0.101	nan	0.100
eigenvalues:  tensor([nan, nan])
hess item is nan
1250	nan	0.101	nan	0.100
1260	nan	0.101	nan	0.100
1270	nan	0.101	nan	0.100
1280	nan	0.101	nan	0.100
1290	nan	0.101	nan	0.100
eigenvalues:  tensor([nan, nan])
hess item is nan
1300	nan	0.101	nan	0.100
1310	nan	0.101	nan	0.100
1320	nan	0.101	nan	0.100
1330	nan	0.101	nan	0.100
1340	nan	0.101	nan	0.100
eigenvalues:  tensor([nan, nan])
hess item is nan
1350	nan	0.101	nan	0.100
1360	nan	0.101	nan	0.100
1370	nan	0.101	nan	0.100
1380	nan	0.101	nan	0.100
1390	nan	0.101	nan	0.100
eigenvalues:  tensor([nan, nan])
hess item is nan
1400	nan	0.101	nan	0.100
1410	nan	0.101	nan	0.100
1420	nan	0.101	nan	0.100
1430	nan	0.101	nan	0.100
1440	nan	0.101	nan	0.100
eigenvalues:  tensor([nan, nan])
hess item is nan
1450	nan	0.101	nan	0.100
1460	nan	0.101	nan	0.100
1470	nan	0.101	nan	0.100
1480	nan	0.101	nan	0.100
1490	nan	0.101	nan	0.100
eigenvalues:  tensor([nan, nan])
hess item is nan
1500	nan	0.101	nan	0.100
1510	nan	0.101	nan	0.100
1520	nan	0.101	nan	0.100
1530	nan	0.101	nan	0.100
1540	nan	0.101	nan	0.100
eigenvalues:  tensor([nan, nan])
hess item is nan
1550	nan	0.101	nan	0.100
1560	nan	0.101	nan	0.100
1570	nan	0.101	nan	0.100
1580	nan	0.101	nan	0.100
1590	nan	0.101	nan	0.100
eigenvalues:  tensor([nan, nan])
hess item is nan
1600	nan	0.101	nan	0.100
1610	nan	0.101	nan	0.100
1620	nan	0.101	nan	0.100
1630	nan	0.101	nan	0.100
1640	nan	0.101	nan	0.100
eigenvalues:  tensor([nan, nan])
hess item is nan
1650	nan	0.101	nan	0.100
1660	nan	0.101	nan	0.100
1670	nan	0.101	nan	0.100
1680	nan	0.101	nan	0.100
1690	nan	0.101	nan	0.100
eigenvalues:  tensor([nan, nan])
hess item is nan
1700	nan	0.101	nan	0.100
1710	nan	0.101	nan	0.100
1720	nan	0.101	nan	0.100
1730	nan	0.101	nan	0.100
1740	nan	0.101	nan	0.100
eigenvalues:  tensor([nan, nan])
hess item is nan
1750	nan	0.101	nan	0.100
1760	nan	0.101	nan	0.100
1770	nan	0.101	nan	0.100
1780	nan	0.101	nan	0.100
1790	nan	0.101	nan	0.100
eigenvalues:  tensor([nan, nan])
hess item is nan
1800	nan	0.101	nan	0.100
1810	nan	0.101	nan	0.100
1820	nan	0.101	nan	0.100
1830	nan	0.101	nan	0.100
1840	nan	0.101	nan	0.100
eigenvalues:  tensor([nan, nan])
hess item is nan
1850	nan	0.101	nan	0.100
1860	nan	0.101	nan	0.100
1870	nan	0.101	nan	0.100
1880	nan	0.101	nan	0.100
1890	nan	0.101	nan	0.100
eigenvalues:  tensor([nan, nan])
hess item is nan
1900	nan	0.101	nan	0.100
1910	nan	0.101	nan	0.100
1920	nan	0.101	nan	0.100
1930	nan	0.101	nan	0.100
1940	nan	0.101	nan	0.100
eigenvalues:  tensor([nan, nan])
hess item is nan
1950	nan	0.101	nan	0.100
1960	nan	0.101	nan	0.100
1970	nan	0.101	nan	0.100
1980	nan	0.101	nan	0.100
1990	nan	0.101	nan	0.100
eigenvalues:  tensor([nan, nan])
hess item is nan
2000	nan	0.101	nan	0.100
2010	nan	0.101	nan	0.100
2020	nan	0.101	nan	0.100
2030	nan	0.101	nan	0.100
2040	nan	0.101	nan	0.100
eigenvalues:  tensor([nan, nan])
hess item is nan
2050	nan	0.101	nan	0.100
2060	nan	0.101	nan	0.100
2070	nan	0.101	nan	0.100
2080	nan	0.101	nan	0.100
2090	nan	0.101	nan	0.100
eigenvalues:  tensor([nan, nan])
hess item is nan
2100	nan	0.101	nan	0.100
2110	nan	0.101	nan	0.100
2120	nan	0.101	nan	0.100
2130	nan	0.101	nan	0.100
2140	nan	0.101	nan	0.100
eigenvalues:  tensor([nan, nan])
hess item is nan
2150	nan	0.101	nan	0.100
2160	nan	0.101	nan	0.100
2170	nan	0.101	nan	0.100
2180	nan	0.101	nan	0.100
2190	nan	0.101	nan	0.100
eigenvalues:  tensor([nan, nan])
hess item is nan
2200	nan	0.101	nan	0.100
2210	nan	0.101	nan	0.100
2220	nan	0.101	nan	0.100
2230	nan	0.101	nan	0.100
2240	nan	0.101	nan	0.100
eigenvalues:  tensor([nan, nan])
hess item is nan
2250	nan	0.101	nan	0.100
2260	nan	0.101	nan	0.100
2270	nan	0.101	nan	0.100
2280	nan	0.101	nan	0.100
2290	nan	0.101	nan	0.100
eigenvalues:  tensor([nan, nan])
hess item is nan
2300	nan	0.101	nan	0.100
2310	nan	0.101	nan	0.100
2320	nan	0.101	nan	0.100
2330	nan	0.101	nan	0.100
2340	nan	0.101	nan	0.100
eigenvalues:  tensor([nan, nan])
hess item is nan
2350	nan	0.101	nan	0.100
2360	nan	0.101	nan	0.100
2370	nan	0.101	nan	0.100
2380	nan	0.101	nan	0.100
2390	nan	0.101	nan	0.100
eigenvalues:  tensor([nan, nan])
hess item is nan
2400	nan	0.101	nan	0.100
2410	nan	0.101	nan	0.100
2420	nan	0.101	nan	0.100
2430	nan	0.101	nan	0.100
2440	nan	0.101	nan	0.100
eigenvalues:  tensor([nan, nan])
hess item is nan
2450	nan	0.101	nan	0.100
2460	nan	0.101	nan	0.100
2470	nan	0.101	nan	0.100
2480	nan	0.101	nan	0.100
2490	nan	0.101	nan	0.100
eigenvalues:  tensor([nan, nan])
hess item is nan
2500	nan	0.101	nan	0.100
2510	nan	0.101	nan	0.100
2520	nan	0.101	nan	0.100
2530	nan	0.101	nan	0.100
2540	nan	0.101	nan	0.100
eigenvalues:  tensor([nan, nan])
hess item is nan
2550	nan	0.101	nan	0.100
2560	nan	0.101	nan	0.100
2570	nan	0.101	nan	0.100
2580	nan	0.101	nan	0.100
2590	nan	0.101	nan	0.100
eigenvalues:  tensor([nan, nan])
hess item is nan
2600	nan	0.101	nan	0.100
2610	nan	0.101	nan	0.100
2620	nan	0.101	nan	0.100
2630	nan	0.101	nan	0.100
2640	nan	0.101	nan	0.100
eigenvalues:  tensor([nan, nan])
hess item is nan
2650	nan	0.101	nan	0.100
2660	nan	0.101	nan	0.100
2670	nan	0.101	nan	0.100
2680	nan	0.101	nan	0.100
2690	nan	0.101	nan	0.100
eigenvalues:  tensor([nan, nan])
hess item is nan
2700	nan	0.101	nan	0.100
2710	nan	0.101	nan	0.100
2720	nan	0.101	nan	0.100
2730	nan	0.101	nan	0.100
2740	nan	0.101	nan	0.100
eigenvalues:  tensor([nan, nan])
hess item is nan
2750	nan	0.101	nan	0.100
2760	nan	0.101	nan	0.100
2770	nan	0.101	nan	0.100
2780	nan	0.101	nan	0.100
2790	nan	0.101	nan	0.100
eigenvalues:  tensor([nan, nan])
hess item is nan
2800	nan	0.101	nan	0.100
2810	nan	0.101	nan	0.100
2820	nan	0.101	nan	0.100
2830	nan	0.101	nan	0.100
2840	nan	0.101	nan	0.100
eigenvalues:  tensor([nan, nan])
hess item is nan
2850	nan	0.101	nan	0.100
2860	nan	0.101	nan	0.100
2870	nan	0.101	nan	0.100
2880	nan	0.101	nan	0.100
2890	nan	0.101	nan	0.100
eigenvalues:  tensor([nan, nan])
hess item is nan
2900	nan	0.101	nan	0.100
2910	nan	0.101	nan	0.100
2920	nan	0.101	nan	0.100
2930	nan	0.101	nan	0.100
2940	nan	0.101	nan	0.100
eigenvalues:  tensor([nan, nan])
hess item is nan
2950	nan	0.101	nan	0.100
2960	nan	0.101	nan	0.100
2970	nan	0.101	nan	0.100
2980	nan	0.101	nan	0.100
2990	nan	0.101	nan	0.100
eigenvalues:  tensor([nan, nan])
hess item is nan
3000	nan	0.101	nan	0.100
3010	nan	0.101	nan	0.100
3020	nan	0.101	nan	0.100
3030	nan	0.101	nan	0.100
3040	nan	0.101	nan	0.100
eigenvalues:  tensor([nan, nan])
hess item is nan
3050	nan	0.101	nan	0.100
3060	nan	0.101	nan	0.100
3070	nan	0.101	nan	0.100
3080	nan	0.101	nan	0.100
3090	nan	0.101	nan	0.100
eigenvalues:  tensor([nan, nan])
hess item is nan
3100	nan	0.101	nan	0.100
3110	nan	0.101	nan	0.100
3120	nan	0.101	nan	0.100
3130	nan	0.101	nan	0.100
3140	nan	0.101	nan	0.100
eigenvalues:  tensor([nan, nan])
hess item is nan
3150	nan	0.101	nan	0.100
3160	nan	0.101	nan	0.100
3170	nan	0.101	nan	0.100
3180	nan	0.101	nan	0.100
3190	nan	0.101	nan	0.100
eigenvalues:  tensor([nan, nan])
hess item is nan
3200	nan	0.101	nan	0.100
3210	nan	0.101	nan	0.100
3220	nan	0.101	nan	0.100
3230	nan	0.101	nan	0.100
3240	nan	0.101	nan	0.100
eigenvalues:  tensor([nan, nan])
hess item is nan
3250	nan	0.101	nan	0.100
3260	nan	0.101	nan	0.100
3270	nan	0.101	nan	0.100
3280	nan	0.101	nan	0.100
3290	nan	0.101	nan	0.100
eigenvalues:  tensor([nan, nan])
hess item is nan
3300	nan	0.101	nan	0.100
3310	nan	0.101	nan	0.100
3320	nan	0.101	nan	0.100
3330	nan	0.101	nan	0.100
3340	nan	0.101	nan	0.100
eigenvalues:  tensor([nan, nan])
hess item is nan
3350	nan	0.101	nan	0.100
3360	nan	0.101	nan	0.100
3370	nan	0.101	nan	0.100
3380	nan	0.101	nan	0.100
3390	nan	0.101	nan	0.100
eigenvalues:  tensor([nan, nan])
hess item is nan
3400	nan	0.101	nan	0.100
3410	nan	0.101	nan	0.100
3420	nan	0.101	nan	0.100
3430	nan	0.101	nan	0.100
3440	nan	0.101	nan	0.100
eigenvalues:  tensor([nan, nan])
hess item is nan
3450	nan	0.101	nan	0.100
3460	nan	0.101	nan	0.100
3470	nan	0.101	nan	0.100
3480	nan	0.101	nan	0.100
3490	nan	0.101	nan	0.100
eigenvalues:  tensor([nan, nan])
hess item is nan
3500	nan	0.101	nan	0.100
3510	nan	0.101	nan	0.100
3520	nan	0.101	nan	0.100
3530	nan	0.101	nan	0.100
3540	nan	0.101	nan	0.100
eigenvalues:  tensor([nan, nan])
hess item is nan
3550	nan	0.101	nan	0.100
3560	nan	0.101	nan	0.100
3570	nan	0.101	nan	0.100
3580	nan	0.101	nan	0.100
3590	nan	0.101	nan	0.100
eigenvalues:  tensor([nan, nan])
hess item is nan
3600	nan	0.101	nan	0.100
3610	nan	0.101	nan	0.100
3620	nan	0.101	nan	0.100
3630	nan	0.101	nan	0.100
3640	nan	0.101	nan	0.100
eigenvalues:  tensor([nan, nan])
hess item is nan
3650	nan	0.101	nan	0.100
3660	nan	0.101	nan	0.100
3670	nan	0.101	nan	0.100
3680	nan	0.101	nan	0.100
3690	nan	0.101	nan	0.100
eigenvalues:  tensor([nan, nan])
hess item is nan
3700	nan	0.101	nan	0.100
3710	nan	0.101	nan	0.100
3720	nan	0.101	nan	0.100
3730	nan	0.101	nan	0.100
3740	nan	0.101	nan	0.100
eigenvalues:  tensor([nan, nan])
hess item is nan
3750	nan	0.101	nan	0.100
3760	nan	0.101	nan	0.100
3770	nan	0.101	nan	0.100
3780	nan	0.101	nan	0.100
3790	nan	0.101	nan	0.100
eigenvalues:  tensor([nan, nan])
hess item is nan
3800	nan	0.101	nan	0.100
3810	nan	0.101	nan	0.100
3820	nan	0.101	nan	0.100
3830	nan	0.101	nan	0.100
3840	nan	0.101	nan	0.100
eigenvalues:  tensor([nan, nan])
hess item is nan
3850	nan	0.101	nan	0.100
3860	nan	0.101	nan	0.100
3870	nan	0.101	nan	0.100
3880	nan	0.101	nan	0.100
3890	nan	0.101	nan	0.100
eigenvalues:  tensor([nan, nan])
hess item is nan
3900	nan	0.101	nan	0.100
3910	nan	0.101	nan	0.100
3920	nan	0.101	nan	0.100
3930	nan	0.101	nan	0.100
3940	nan	0.101	nan	0.100
eigenvalues:  tensor([nan, nan])
hess item is nan
3950	nan	0.101	nan	0.100
3960	nan	0.101	nan	0.100
3970	nan	0.101	nan	0.100
3980	nan	0.101	nan	0.100
3990	nan	0.101	nan	0.100
eigenvalues:  tensor([nan, nan])
hess item is nan
4000	nan	0.101	nan	0.100
4010	nan	0.101	nan	0.100
4020	nan	0.101	nan	0.100
4030	nan	0.101	nan	0.100
4040	nan	0.101	nan	0.100
eigenvalues:  tensor([nan, nan])
hess item is nan
4050	nan	0.101	nan	0.100
4060	nan	0.101	nan	0.100
4070	nan	0.101	nan	0.100
4080	nan	0.101	nan	0.100
4090	nan	0.101	nan	0.100
eigenvalues:  tensor([nan, nan])
hess item is nan
4100	nan	0.101	nan	0.100
4110	nan	0.101	nan	0.100
4120	nan	0.101	nan	0.100
4130	nan	0.101	nan	0.100
4140	nan	0.101	nan	0.100
eigenvalues:  tensor([nan, nan])
hess item is nan
4150	nan	0.101	nan	0.100
4160	nan	0.101	nan	0.100
4170	nan	0.101	nan	0.100
4180	nan	0.101	nan	0.100
4190	nan	0.101	nan	0.100
eigenvalues:  tensor([nan, nan])
hess item is nan
4200	nan	0.101	nan	0.100
4210	nan	0.101	nan	0.100
4220	nan	0.101	nan	0.100
4230	nan	0.101	nan	0.100
4240	nan	0.101	nan	0.100
eigenvalues:  tensor([nan, nan])
hess item is nan
4250	nan	0.101	nan	0.100
4260	nan	0.101	nan	0.100
4270	nan	0.101	nan	0.100
4280	nan	0.101	nan	0.100
4290	nan	0.101	nan	0.100
eigenvalues:  tensor([nan, nan])
hess item is nan
4300	nan	0.101	nan	0.100
4310	nan	0.101	nan	0.100
4320	nan	0.101	nan	0.100
4330	nan	0.101	nan	0.100
4340	nan	0.101	nan	0.100
eigenvalues:  tensor([nan, nan])
hess item is nan
4350	nan	0.101	nan	0.100
4360	nan	0.101	nan	0.100
4370	nan	0.101	nan	0.100
4380	nan	0.101	nan	0.100
4390	nan	0.101	nan	0.100
eigenvalues:  tensor([nan, nan])
hess item is nan
4400	nan	0.101	nan	0.100
4410	nan	0.101	nan	0.100
4420	nan	0.101	nan	0.100
4430	nan	0.101	nan	0.100
4440	nan	0.101	nan	0.100
eigenvalues:  tensor([nan, nan])
hess item is nan
4450	nan	0.101	nan	0.100
4460	nan	0.101	nan	0.100
4470	nan	0.101	nan	0.100
4480	nan	0.101	nan	0.100
4490	nan	0.101	nan	0.100
eigenvalues:  tensor([nan, nan])
hess item is nan
4500	nan	0.101	nan	0.100
4510	nan	0.101	nan	0.100
4520	nan	0.101	nan	0.100
4530	nan	0.101	nan	0.100
4540	nan	0.101	nan	0.100
eigenvalues:  tensor([nan, nan])
hess item is nan
4550	nan	0.101	nan	0.100
4560	nan	0.101	nan	0.100
4570	nan	0.101	nan	0.100
4580	nan	0.101	nan	0.100
4590	nan	0.101	nan	0.100
eigenvalues:  tensor([nan, nan])
hess item is nan
4600	nan	0.101	nan	0.100
4610	nan	0.101	nan	0.100
4620	nan	0.101	nan	0.100
4630	nan	0.101	nan	0.100
4640	nan	0.101	nan	0.100
eigenvalues:  tensor([nan, nan])
hess item is nan
4650	nan	0.101	nan	0.100
4660	nan	0.101	nan	0.100
4670	nan	0.101	nan	0.100
4680	nan	0.101	nan	0.100
4690	nan	0.101	nan	0.100
eigenvalues:  tensor([nan, nan])
hess item is nan
4700	nan	0.101	nan	0.100
4710	nan	0.101	nan	0.100
4720	nan	0.101	nan	0.100
4730	nan	0.101	nan	0.100
4740	nan	0.101	nan	0.100
eigenvalues:  tensor([nan, nan])
hess item is nan
4750	nan	0.101	nan	0.100
4760	nan	0.101	nan	0.100
4770	nan	0.101	nan	0.100
4780	nan	0.101	nan	0.100
4790	nan	0.101	nan	0.100
eigenvalues:  tensor([nan, nan])
hess item is nan
4800	nan	0.101	nan	0.100
4810	nan	0.101	nan	0.100
4820	nan	0.101	nan	0.100
4830	nan	0.101	nan	0.100
4840	nan	0.101	nan	0.100
eigenvalues:  tensor([nan, nan])
hess item is nan
4850	nan	0.101	nan	0.100
4860	nan	0.101	nan	0.100
4870	nan	0.101	nan	0.100
4880	nan	0.101	nan	0.100
4890	nan	0.101	nan	0.100
eigenvalues:  tensor([nan, nan])
hess item is nan
4900	nan	0.101	nan	0.100
4910	nan	0.101	nan	0.100
4920	nan	0.101	nan	0.100
4930	nan	0.101	nan	0.100
4940	nan	0.101	nan	0.100
eigenvalues:  tensor([nan, nan])
hess item is nan
4950	nan	0.101	nan	0.100
4960	nan	0.101	nan	0.100
4970	nan	0.101	nan	0.100
4980	nan	0.101	nan	0.100
4990	nan	0.101	nan	0.100
eigenvalues:  tensor([nan, nan])
hess item is nan
5000	nan	0.101	nan	0.100
5010	nan	0.101	nan	0.100
5020	nan	0.101	nan	0.100
5030	nan	0.101	nan	0.100
5040	nan	0.101	nan	0.100
eigenvalues:  tensor([nan, nan])
hess item is nan
5050	nan	0.101	nan	0.100
5060	nan	0.101	nan	0.100
5070	nan	0.101	nan	0.100
5080	nan	0.101	nan	0.100
5090	nan	0.101	nan	0.100
eigenvalues:  tensor([nan, nan])
hess item is nan
5100	nan	0.101	nan	0.100
5110	nan	0.101	nan	0.100
5120	nan	0.101	nan	0.100
5130	nan	0.101	nan	0.100
5140	nan	0.101	nan	0.100
eigenvalues:  tensor([nan, nan])
hess item is nan
5150	nan	0.101	nan	0.100
5160	nan	0.101	nan	0.100
5170	nan	0.101	nan	0.100
5180	nan	0.101	nan	0.100
5190	nan	0.101	nan	0.100
eigenvalues:  tensor([nan, nan])
hess item is nan
5200	nan	0.101	nan	0.100
5210	nan	0.101	nan	0.100
5220	nan	0.101	nan	0.100
5230	nan	0.101	nan	0.100
5240	nan	0.101	nan	0.100
eigenvalues:  tensor([nan, nan])
hess item is nan
5250	nan	0.101	nan	0.100
5260	nan	0.101	nan	0.100
5270	nan	0.101	nan	0.100
5280	nan	0.101	nan	0.100
5290	nan	0.101	nan	0.100
eigenvalues:  tensor([nan, nan])
hess item is nan
5300	nan	0.101	nan	0.100
5310	nan	0.101	nan	0.100
5320	nan	0.101	nan	0.100
5330	nan	0.101	nan	0.100
5340	nan	0.101	nan	0.100
eigenvalues:  tensor([nan, nan])
hess item is nan
5350	nan	0.101	nan	0.100
5360	nan	0.101	nan	0.100
5370	nan	0.101	nan	0.100
5380	nan	0.101	nan	0.100
5390	nan	0.101	nan	0.100
eigenvalues:  tensor([nan, nan])
hess item is nan
5400	nan	0.101	nan	0.100
5410	nan	0.101	nan	0.100
5420	nan	0.101	nan	0.100
5430	nan	0.101	nan	0.100
5440	nan	0.101	nan	0.100
eigenvalues:  tensor([nan, nan])
hess item is nan
5450	nan	0.101	nan	0.100
5460	nan	0.101	nan	0.100
5470	nan	0.101	nan	0.100
5480	nan	0.101	nan	0.100
5490	nan	0.101	nan	0.100
eigenvalues:  tensor([nan, nan])
hess item is nan
5500	nan	0.101	nan	0.100
5510	nan	0.101	nan	0.100
5520	nan	0.101	nan	0.100
5530	nan	0.101	nan	0.100
5540	nan	0.101	nan	0.100
eigenvalues:  tensor([nan, nan])
hess item is nan
5550	nan	0.101	nan	0.100
5560	nan	0.101	nan	0.100
5570	nan	0.101	nan	0.100
5580	nan	0.101	nan	0.100
5590	nan	0.101	nan	0.100
eigenvalues:  tensor([nan, nan])
hess item is nan
5600	nan	0.101	nan	0.100
5610	nan	0.101	nan	0.100
5620	nan	0.101	nan	0.100
5630	nan	0.101	nan	0.100
5640	nan	0.101	nan	0.100
eigenvalues:  tensor([nan, nan])
hess item is nan
5650	nan	0.101	nan	0.100
5660	nan	0.101	nan	0.100
5670	nan	0.101	nan	0.100
5680	nan	0.101	nan	0.100
5690	nan	0.101	nan	0.100
eigenvalues:  tensor([nan, nan])
hess item is nan
5700	nan	0.101	nan	0.100
5710	nan	0.101	nan	0.100
5720	nan	0.101	nan	0.100
5730	nan	0.101	nan	0.100
5740	nan	0.101	nan	0.100
eigenvalues:  tensor([nan, nan])
hess item is nan
5750	nan	0.101	nan	0.100
5760	nan	0.101	nan	0.100
5770	nan	0.101	nan	0.100
5780	nan	0.101	nan	0.100
5790	nan	0.101	nan	0.100
eigenvalues:  tensor([nan, nan])
hess item is nan
5800	nan	0.101	nan	0.100
5810	nan	0.101	nan	0.100
5820	nan	0.101	nan	0.100
5830	nan	0.101	nan	0.100
5840	nan	0.101	nan	0.100
eigenvalues:  tensor([nan, nan])
hess item is nan
5850	nan	0.101	nan	0.100
5860	nan	0.101	nan	0.100
5870	nan	0.101	nan	0.100
5880	nan	0.101	nan	0.100
5890	nan	0.101	nan	0.100
eigenvalues:  tensor([nan, nan])
hess item is nan
5900	nan	0.101	nan	0.100
5910	nan	0.101	nan	0.100
5920	nan	0.101	nan	0.100
5930	nan	0.101	nan	0.100
5940	nan	0.101	nan	0.100
eigenvalues:  tensor([nan, nan])
hess item is nan
5950	nan	0.101	nan	0.100
5960	nan	0.101	nan	0.100
5970	nan	0.101	nan	0.100
5980	nan	0.101	nan	0.100
5990	nan	0.101	nan	0.100
eigenvalues:  tensor([nan, nan])
hess item is nan
6000	nan	0.101	nan	0.100
6010	nan	0.101	nan	0.100
6020	nan	0.101	nan	0.100
6030	nan	0.101	nan	0.100
6040	nan	0.101	nan	0.100
eigenvalues:  tensor([nan, nan])
hess item is nan
6050	nan	0.101	nan	0.100
6060	nan	0.101	nan	0.100
6070	nan	0.101	nan	0.100
6080	nan	0.101	nan	0.100
6090	nan	0.101	nan	0.100
eigenvalues:  tensor([nan, nan])
hess item is nan
6100	nan	0.101	nan	0.100
6110	nan	0.101	nan	0.100
6120	nan	0.101	nan	0.100
6130	nan	0.101	nan	0.100
6140	nan	0.101	nan	0.100
eigenvalues:  tensor([nan, nan])
hess item is nan
6150	nan	0.101	nan	0.100
6160	nan	0.101	nan	0.100
6170	nan	0.101	nan	0.100
6180	nan	0.101	nan	0.100
6190	nan	0.101	nan	0.100
eigenvalues:  tensor([nan, nan])
hess item is nan
6200	nan	0.101	nan	0.100
6210	nan	0.101	nan	0.100
6220	nan	0.101	nan	0.100
6230	nan	0.101	nan	0.100
6240	nan	0.101	nan	0.100
eigenvalues:  tensor([nan, nan])
hess item is nan
6250	nan	0.101	nan	0.100
6260	nan	0.101	nan	0.100
6270	nan	0.101	nan	0.100
6280	nan	0.101	nan	0.100
6290	nan	0.101	nan	0.100
eigenvalues:  tensor([nan, nan])
hess item is nan
6300	nan	0.101	nan	0.100
6310	nan	0.101	nan	0.100
6320	nan	0.101	nan	0.100
6330	nan	0.101	nan	0.100
6340	nan	0.101	nan	0.100
eigenvalues:  tensor([nan, nan])
hess item is nan
6350	nan	0.101	nan	0.100
6360	nan	0.101	nan	0.100
6370	nan	0.101	nan	0.100
6380	nan	0.101	nan	0.100
6390	nan	0.101	nan	0.100
eigenvalues:  tensor([nan, nan])
hess item is nan
6400	nan	0.101	nan	0.100
6410	nan	0.101	nan	0.100
6420	nan	0.101	nan	0.100
6430	nan	0.101	nan	0.100
6440	nan	0.101	nan	0.100
eigenvalues:  tensor([nan, nan])
hess item is nan
6450	nan	0.101	nan	0.100
6460	nan	0.101	nan	0.100
6470	nan	0.101	nan	0.100
6480	nan	0.101	nan	0.100
6490	nan	0.101	nan	0.100
eigenvalues:  tensor([nan, nan])
hess item is nan
6500	nan	0.101	nan	0.100
6510	nan	0.101	nan	0.100
6520	nan	0.101	nan	0.100
6530	nan	0.101	nan	0.100
6540	nan	0.101	nan	0.100
eigenvalues:  tensor([nan, nan])
hess item is nan
6550	nan	0.101	nan	0.100
6560	nan	0.101	nan	0.100
6570	nan	0.101	nan	0.100
6580	nan	0.101	nan	0.100
6590	nan	0.101	nan	0.100
eigenvalues:  tensor([nan, nan])
hess item is nan
6600	nan	0.101	nan	0.100
6610	nan	0.101	nan	0.100
6620	nan	0.101	nan	0.100
6630	nan	0.101	nan	0.100
6640	nan	0.101	nan	0.100
eigenvalues:  tensor([nan, nan])
hess item is nan
6650	nan	0.101	nan	0.100
6660	nan	0.101	nan	0.100
6670	nan	0.101	nan	0.100
6680	nan	0.101	nan	0.100
6690	nan	0.101	nan	0.100
eigenvalues:  tensor([nan, nan])
hess item is nan
6700	nan	0.101	nan	0.100
6710	nan	0.101	nan	0.100
6720	nan	0.101	nan	0.100
6730	nan	0.101	nan	0.100
6740	nan	0.101	nan	0.100
eigenvalues:  tensor([nan, nan])
hess item is nan
6750	nan	0.101	nan	0.100
6760	nan	0.101	nan	0.100
6770	nan	0.101	nan	0.100
6780	nan	0.101	nan	0.100
6790	nan	0.101	nan	0.100
eigenvalues:  tensor([nan, nan])
hess item is nan
6800	nan	0.101	nan	0.100
6810	nan	0.101	nan	0.100
6820	nan	0.101	nan	0.100
6830	nan	0.101	nan	0.100
6840	nan	0.101	nan	0.100
eigenvalues:  tensor([nan, nan])
hess item is nan
6850	nan	0.101	nan	0.100
6860	nan	0.101	nan	0.100
6870	nan	0.101	nan	0.100
6880	nan	0.101	nan	0.100
6890	nan	0.101	nan	0.100
eigenvalues:  tensor([nan, nan])
hess item is nan
6900	nan	0.101	nan	0.100
6910	nan	0.101	nan	0.100
6920	nan	0.101	nan	0.100
6930	nan	0.101	nan	0.100
6940	nan	0.101	nan	0.100
eigenvalues:  tensor([nan, nan])
hess item is nan
6950	nan	0.101	nan	0.100
6960	nan	0.101	nan	0.100
6970	nan	0.101	nan	0.100
6980	nan	0.101	nan	0.100
6990	nan	0.101	nan	0.100
eigenvalues:  tensor([nan, nan])
hess item is nan
7000	nan	0.101	nan	0.100
7010	nan	0.101	nan	0.100
7020	nan	0.101	nan	0.100
7030	nan	0.101	nan	0.100
7040	nan	0.101	nan	0.100
eigenvalues:  tensor([nan, nan])
hess item is nan
7050	nan	0.101	nan	0.100
7060	nan	0.101	nan	0.100
7070	nan	0.101	nan	0.100
7080	nan	0.101	nan	0.100
7090	nan	0.101	nan	0.100
eigenvalues:  tensor([nan, nan])
hess item is nan
7100	nan	0.101	nan	0.100
7110	nan	0.101	nan	0.100
7120	nan	0.101	nan	0.100
7130	nan	0.101	nan	0.100
7140	nan	0.101	nan	0.100
eigenvalues:  tensor([nan, nan])
hess item is nan
7150	nan	0.101	nan	0.100
7160	nan	0.101	nan	0.100
7170	nan	0.101	nan	0.100
7180	nan	0.101	nan	0.100
7190	nan	0.101	nan	0.100
eigenvalues:  tensor([nan, nan])
hess item is nan
7200	nan	0.101	nan	0.100
7210	nan	0.101	nan	0.100
7220	nan	0.101	nan	0.100
7230	nan	0.101	nan	0.100
7240	nan	0.101	nan	0.100
eigenvalues:  tensor([nan, nan])
hess item is nan
7250	nan	0.101	nan	0.100
7260	nan	0.101	nan	0.100
7270	nan	0.101	nan	0.100
7280	nan	0.101	nan	0.100
7290	nan	0.101	nan	0.100
eigenvalues:  tensor([nan, nan])
hess item is nan
7300	nan	0.101	nan	0.100
7310	nan	0.101	nan	0.100
7320	nan	0.101	nan	0.100
7330	nan	0.101	nan	0.100
7340	nan	0.101	nan	0.100
eigenvalues:  tensor([nan, nan])
hess item is nan
7350	nan	0.101	nan	0.100
7360	nan	0.101	nan	0.100
7370	nan	0.101	nan	0.100
7380	nan	0.101	nan	0.100
7390	nan	0.101	nan	0.100
eigenvalues:  tensor([nan, nan])
hess item is nan
7400	nan	0.101	nan	0.100
7410	nan	0.101	nan	0.100
7420	nan	0.101	nan	0.100
7430	nan	0.101	nan	0.100
7440	nan	0.101	nan	0.100
eigenvalues:  tensor([nan, nan])
hess item is nan
7450	nan	0.101	nan	0.100
7460	nan	0.101	nan	0.100
7470	nan	0.101	nan	0.100
7480	nan	0.101	nan	0.100
7490	nan	0.101	nan	0.100
eigenvalues:  tensor([nan, nan])
hess item is nan
7500	nan	0.101	nan	0.100
7510	nan	0.101	nan	0.100
7520	nan	0.101	nan	0.100
7530	nan	0.101	nan	0.100
7540	nan	0.101	nan	0.100
eigenvalues:  tensor([nan, nan])
hess item is nan
7550	nan	0.101	nan	0.100
7560	nan	0.101	nan	0.100
7570	nan	0.101	nan	0.100
7580	nan	0.101	nan	0.100
7590	nan	0.101	nan	0.100
eigenvalues:  tensor([nan, nan])
hess item is nan
7600	nan	0.101	nan	0.100
7610	nan	0.101	nan	0.100
7620	nan	0.101	nan	0.100
7630	nan	0.101	nan	0.100
7640	nan	0.101	nan	0.100
eigenvalues:  tensor([nan, nan])
hess item is nan
7650	nan	0.101	nan	0.100
7660	nan	0.101	nan	0.100
7670	nan	0.101	nan	0.100
7680	nan	0.101	nan	0.100
7690	nan	0.101	nan	0.100
eigenvalues:  tensor([nan, nan])
hess item is nan
7700	nan	0.101	nan	0.100
7710	nan	0.101	nan	0.100
7720	nan	0.101	nan	0.100
7730	nan	0.101	nan	0.100
7740	nan	0.101	nan	0.100
eigenvalues:  tensor([nan, nan])
hess item is nan
7750	nan	0.101	nan	0.100
7760	nan	0.101	nan	0.100
7770	nan	0.101	nan	0.100
7780	nan	0.101	nan	0.100
7790	nan	0.101	nan	0.100
eigenvalues:  tensor([nan, nan])
hess item is nan
7800	nan	0.101	nan	0.100
7810	nan	0.101	nan	0.100
7820	nan	0.101	nan	0.100
7830	nan	0.101	nan	0.100
7840	nan	0.101	nan	0.100
eigenvalues:  tensor([nan, nan])
hess item is nan
7850	nan	0.101	nan	0.100
7860	nan	0.101	nan	0.100
7870	nan	0.101	nan	0.100
7880	nan	0.101	nan	0.100
7890	nan	0.101	nan	0.100
eigenvalues:  tensor([nan, nan])
hess item is nan
7900	nan	0.101	nan	0.100
7910	nan	0.101	nan	0.100
7920	nan	0.101	nan	0.100
7930	nan	0.101	nan	0.100
7940	nan	0.101	nan	0.100
eigenvalues:  tensor([nan, nan])
hess item is nan
7950	nan	0.101	nan	0.100
7960	nan	0.101	nan	0.100
7970	nan	0.101	nan	0.100
7980	nan	0.101	nan	0.100
7990	nan	0.101	nan	0.100
eigenvalues:  tensor([nan, nan])
hess item is nan
8000	nan	0.101	nan	0.100
8010	nan	0.101	nan	0.100
8020	nan	0.101	nan	0.100
8030	nan	0.101	nan	0.100
8040	nan	0.101	nan	0.100
eigenvalues:  tensor([nan, nan])
hess item is nan
8050	nan	0.101	nan	0.100
8060	nan	0.101	nan	0.100
8070	nan	0.101	nan	0.100
8080	nan	0.101	nan	0.100
8090	nan	0.101	nan	0.100
eigenvalues:  tensor([nan, nan])
hess item is nan
8100	nan	0.101	nan	0.100
8110	nan	0.101	nan	0.100
8120	nan	0.101	nan	0.100
8130	nan	0.101	nan	0.100
8140	nan	0.101	nan	0.100
eigenvalues:  tensor([nan, nan])
hess item is nan
8150	nan	0.101	nan	0.100
8160	nan	0.101	nan	0.100
8170	nan	0.101	nan	0.100
8180	nan	0.101	nan	0.100
8190	nan	0.101	nan	0.100
eigenvalues:  tensor([nan, nan])
hess item is nan
8200	nan	0.101	nan	0.100
8210	nan	0.101	nan	0.100
8220	nan	0.101	nan	0.100
8230	nan	0.101	nan	0.100
8240	nan	0.101	nan	0.100
eigenvalues:  tensor([nan, nan])
hess item is nan
8250	nan	0.101	nan	0.100
8260	nan	0.101	nan	0.100
8270	nan	0.101	nan	0.100
8280	nan	0.101	nan	0.100
8290	nan	0.101	nan	0.100
eigenvalues:  tensor([nan, nan])
hess item is nan
8300	nan	0.101	nan	0.100
8310	nan	0.101	nan	0.100
8320	nan	0.101	nan	0.100
8330	nan	0.101	nan	0.100
8340	nan	0.101	nan	0.100
eigenvalues:  tensor([nan, nan])
hess item is nan
8350	nan	0.101	nan	0.100
8360	nan	0.101	nan	0.100
8370	nan	0.101	nan	0.100
8380	nan	0.101	nan	0.100
8390	nan	0.101	nan	0.100
eigenvalues:  tensor([nan, nan])
hess item is nan
8400	nan	0.101	nan	0.100
8410	nan	0.101	nan	0.100
8420	nan	0.101	nan	0.100
8430	nan	0.101	nan	0.100
8440	nan	0.101	nan	0.100
eigenvalues:  tensor([nan, nan])
hess item is nan
8450	nan	0.101	nan	0.100
8460	nan	0.101	nan	0.100
8470	nan	0.101	nan	0.100
8480	nan	0.101	nan	0.100
8490	nan	0.101	nan	0.100
eigenvalues:  tensor([nan, nan])
hess item is nan
8500	nan	0.101	nan	0.100
8510	nan	0.101	nan	0.100
8520	nan	0.101	nan	0.100
8530	nan	0.101	nan	0.100
8540	nan	0.101	nan	0.100
eigenvalues:  tensor([nan, nan])
hess item is nan
8550	nan	0.101	nan	0.100
8560	nan	0.101	nan	0.100
8570	nan	0.101	nan	0.100
8580	nan	0.101	nan	0.100
8590	nan	0.101	nan	0.100
eigenvalues:  tensor([nan, nan])
hess item is nan
8600	nan	0.101	nan	0.100
8610	nan	0.101	nan	0.100
8620	nan	0.101	nan	0.100
8630	nan	0.101	nan	0.100
8640	nan	0.101	nan	0.100
eigenvalues:  tensor([nan, nan])
hess item is nan
8650	nan	0.101	nan	0.100
8660	nan	0.101	nan	0.100
8670	nan	0.101	nan	0.100
8680	nan	0.101	nan	0.100
8690	nan	0.101	nan	0.100
eigenvalues:  tensor([nan, nan])
hess item is nan
8700	nan	0.101	nan	0.100
8710	nan	0.101	nan	0.100
8720	nan	0.101	nan	0.100
8730	nan	0.101	nan	0.100
8740	nan	0.101	nan	0.100
eigenvalues:  tensor([nan, nan])
hess item is nan
8750	nan	0.101	nan	0.100
8760	nan	0.101	nan	0.100
8770	nan	0.101	nan	0.100
8780	nan	0.101	nan	0.100
8790	nan	0.101	nan	0.100
eigenvalues:  tensor([nan, nan])
hess item is nan
8800	nan	0.101	nan	0.100
8810	nan	0.101	nan	0.100
8820	nan	0.101	nan	0.100
8830	nan	0.101	nan	0.100
8840	nan	0.101	nan	0.100
eigenvalues:  tensor([nan, nan])
hess item is nan
8850	nan	0.101	nan	0.100
8860	nan	0.101	nan	0.100
8870	nan	0.101	nan	0.100
8880	nan	0.101	nan	0.100
8890	nan	0.101	nan	0.100
eigenvalues:  tensor([nan, nan])
hess item is nan
8900	nan	0.101	nan	0.100
8910	nan	0.101	nan	0.100
8920	nan	0.101	nan	0.100
8930	nan	0.101	nan	0.100
8940	nan	0.101	nan	0.100
eigenvalues:  tensor([nan, nan])
hess item is nan
8950	nan	0.101	nan	0.100
8960	nan	0.101	nan	0.100
8970	nan	0.101	nan	0.100
8980	nan	0.101	nan	0.100
8990	nan	0.101	nan	0.100
eigenvalues:  tensor([nan, nan])
hess item is nan
9000	nan	0.101	nan	0.100
9010	nan	0.101	nan	0.100
9020	nan	0.101	nan	0.100
9030	nan	0.101	nan	0.100
9040	nan	0.101	nan	0.100
eigenvalues:  tensor([nan, nan])
hess item is nan
9050	nan	0.101	nan	0.100
9060	nan	0.101	nan	0.100
9070	nan	0.101	nan	0.100
9080	nan	0.101	nan	0.100
9090	nan	0.101	nan	0.100
eigenvalues:  tensor([nan, nan])
hess item is nan
9100	nan	0.101	nan	0.100
9110	nan	0.101	nan	0.100
9120	nan	0.101	nan	0.100
9130	nan	0.101	nan	0.100
9140	nan	0.101	nan	0.100
eigenvalues:  tensor([nan, nan])
hess item is nan
9150	nan	0.101	nan	0.100
9160	nan	0.101	nan	0.100
9170	nan	0.101	nan	0.100
9180	nan	0.101	nan	0.100
9190	nan	0.101	nan	0.100
eigenvalues:  tensor([nan, nan])
hess item is nan
9200	nan	0.101	nan	0.100
9210	nan	0.101	nan	0.100
9220	nan	0.101	nan	0.100
9230	nan	0.101	nan	0.100
9240	nan	0.101	nan	0.100
eigenvalues:  tensor([nan, nan])
hess item is nan
9250	nan	0.101	nan	0.100
9260	nan	0.101	nan	0.100
9270	nan	0.101	nan	0.100
9280	nan	0.101	nan	0.100
9290	nan	0.101	nan	0.100
eigenvalues:  tensor([nan, nan])
hess item is nan
9300	nan	0.101	nan	0.100
9310	nan	0.101	nan	0.100
9320	nan	0.101	nan	0.100
9330	nan	0.101	nan	0.100
9340	nan	0.101	nan	0.100
eigenvalues:  tensor([nan, nan])
hess item is nan
9350	nan	0.101	nan	0.100
9360	nan	0.101	nan	0.100
9370	nan	0.101	nan	0.100
9380	nan	0.101	nan	0.100
9390	nan	0.101	nan	0.100
eigenvalues:  tensor([nan, nan])
hess item is nan
9400	nan	0.101	nan	0.100
9410	nan	0.101	nan	0.100
9420	nan	0.101	nan	0.100
9430	nan	0.101	nan	0.100
9440	nan	0.101	nan	0.100
eigenvalues:  tensor([nan, nan])
hess item is nan
9450	nan	0.101	nan	0.100
9460	nan	0.101	nan	0.100
9470	nan	0.101	nan	0.100
9480	nan	0.101	nan	0.100
9490	nan	0.101	nan	0.100
eigenvalues:  tensor([nan, nan])
hess item is nan
9500	nan	0.101	nan	0.100
9510	nan	0.101	nan	0.100
9520	nan	0.101	nan	0.100
9530	nan	0.101	nan	0.100
9540	nan	0.101	nan	0.100
eigenvalues:  tensor([nan, nan])
hess item is nan
9550	nan	0.101	nan	0.100
9560	nan	0.101	nan	0.100
9570	nan	0.101	nan	0.100
9580	nan	0.101	nan	0.100
9590	nan	0.101	nan	0.100
eigenvalues:  tensor([nan, nan])
hess item is nan
9600	nan	0.101	nan	0.100
9610	nan	0.101	nan	0.100
9620	nan	0.101	nan	0.100
9630	nan	0.101	nan	0.100
9640	nan	0.101	nan	0.100
eigenvalues:  tensor([nan, nan])
hess item is nan
9650	nan	0.101	nan	0.100
9660	nan	0.101	nan	0.100
9670	nan	0.101	nan	0.100
9680	nan	0.101	nan	0.100
9690	nan	0.101	nan	0.100
eigenvalues:  tensor([nan, nan])
hess item is nan
9700	nan	0.101	nan	0.100
9710	nan	0.101	nan	0.100
9720	nan	0.101	nan	0.100
9730	nan	0.101	nan	0.100
9740	nan	0.101	nan	0.100
eigenvalues:  tensor([nan, nan])
hess item is nan
9750	nan	0.101	nan	0.100
9760	nan	0.101	nan	0.100
9770	nan	0.101	nan	0.100
9780	nan	0.101	nan	0.100
9790	nan	0.101	nan	0.100
eigenvalues:  tensor([nan, nan])
hess item is nan
9800	nan	0.101	nan	0.100
9810	nan	0.101	nan	0.100
9820	nan	0.101	nan	0.100
9830	nan	0.101	nan	0.100
9840	nan	0.101	nan	0.100
eigenvalues:  tensor([nan, nan])
hess item is nan
9850	nan	0.101	nan	0.100
9860	nan	0.101	nan	0.100
9870	nan	0.101	nan	0.100
9880	nan	0.101	nan	0.100
9890	nan	0.101	nan	0.100
eigenvalues:  tensor([nan, nan])
hess item is nan
9900	nan	0.101	nan	0.100
9910	nan	0.101	nan	0.100
9920	nan	0.101	nan	0.100
9930	nan	0.101	nan	0.100
9940	nan	0.101	nan	0.100
eigenvalues:  tensor([nan, nan])
hess item is nan
9950	nan	0.101	nan	0.100
9960	nan	0.101	nan	0.100
9970	nan	0.101	nan	0.100
9980	nan	0.101	nan	0.100
9990	nan	0.101	nan	0.100
