device: cuda:5
output directory: RESULTS/cifar10-10k/fc-tanh/seed_0/mse/ivon/lr_0.05_h0_1.0_post_10_alpha_1000_ivon
Files already downloaded and verified
Files already downloaded and verified
0	0.597	0.131	0.597	0.131
10	0.484	0.242	0.488	0.231
20	0.414	0.342	0.421	0.312
30	0.405	0.367	0.413	0.334
40	0.403	0.379	0.411	0.342
eigenvalues:  tensor([36.8160, 34.1457])
50	0.399	0.391	0.409	0.354
60	0.395	0.402	0.406	0.358
70	0.392	0.406	0.404	0.363
80	0.390	0.412	0.403	0.369
90	0.389	0.415	0.403	0.372
eigenvalues:  tensor([32.8054, 32.1263])
100	0.386	0.425	0.401	0.377
110	0.385	0.429	0.400	0.377
120	0.384	0.433	0.400	0.381
130	0.382	0.436	0.399	0.382
140	0.381	0.439	0.398	0.380
eigenvalues:  tensor([32.5980, 29.9113])
150	0.380	0.446	0.397	0.385
160	0.379	0.446	0.397	0.388
170	0.378	0.450	0.397	0.386
180	0.377	0.457	0.396	0.390
190	0.376	0.459	0.396	0.389
eigenvalues:  tensor([32.2420, 28.5042])
200	0.375	0.461	0.396	0.391
210	0.374	0.465	0.395	0.394
220	0.374	0.466	0.395	0.391
230	0.372	0.471	0.394	0.396
240	0.372	0.474	0.394	0.396
eigenvalues:  tensor([32.1345, 28.2629])
250	0.371	0.473	0.394	0.397
260	0.370	0.479	0.393	0.397
270	0.369	0.482	0.393	0.399
280	0.369	0.483	0.393	0.399
290	0.368	0.484	0.393	0.399
eigenvalues:  tensor([31.9113, 28.1885])
300	0.367	0.485	0.392	0.400
310	0.366	0.485	0.392	0.400
320	0.366	0.492	0.392	0.400
330	0.365	0.491	0.392	0.402
340	0.365	0.491	0.392	0.404
eigenvalues:  tensor([32.0155, 28.2659])
350	0.364	0.493	0.391	0.404
360	0.363	0.496	0.391	0.407
370	0.362	0.500	0.391	0.407
380	0.362	0.500	0.391	0.404
390	0.361	0.505	0.391	0.409
eigenvalues:  tensor([31.9804, 28.4345])
400	0.360	0.503	0.390	0.407
410	0.360	0.507	0.390	0.405
420	0.359	0.510	0.390	0.410
430	0.359	0.507	0.390	0.406
440	0.358	0.513	0.390	0.412
eigenvalues:  tensor([32.0852, 28.7520])
450	0.357	0.512	0.390	0.410
460	0.357	0.515	0.389	0.413
470	0.356	0.519	0.389	0.409
480	0.355	0.518	0.389	0.411
490	0.355	0.521	0.389	0.410
eigenvalues:  tensor([32.3123, 29.1603])
500	0.355	0.526	0.389	0.416
510	0.354	0.525	0.389	0.412
520	0.353	0.524	0.389	0.410
530	0.353	0.528	0.389	0.413
540	0.352	0.529	0.389	0.412
eigenvalues:  tensor([32.4556, 29.4802])
550	0.352	0.528	0.389	0.411
560	0.351	0.533	0.388	0.415
570	0.350	0.539	0.388	0.412
580	0.349	0.537	0.388	0.414
590	0.349	0.537	0.388	0.414
eigenvalues:  tensor([32.9006, 29.9287])
600	0.348	0.540	0.388	0.417
610	0.348	0.543	0.388	0.414
620	0.347	0.543	0.388	0.414
630	0.347	0.545	0.388	0.416
640	0.346	0.545	0.388	0.414
eigenvalues:  tensor([33.0249, 30.2211])
650	0.346	0.546	0.388	0.416
660	0.345	0.544	0.388	0.413
670	0.344	0.554	0.388	0.415
680	0.344	0.552	0.388	0.414
690	0.343	0.554	0.388	0.418
eigenvalues:  tensor([33.5341, 30.6149])
700	0.343	0.554	0.388	0.414
710	0.343	0.559	0.388	0.416
720	0.341	0.561	0.388	0.416
730	0.341	0.561	0.387	0.416
740	0.341	0.563	0.388	0.419
eigenvalues:  tensor([33.9590, 31.2827])
750	0.340	0.562	0.388	0.417
760	0.339	0.567	0.387	0.418
770	0.339	0.568	0.388	0.417
780	0.338	0.570	0.388	0.419
790	0.338	0.572	0.387	0.420
eigenvalues:  tensor([34.3754, 31.7118])
800	0.337	0.572	0.388	0.417
810	0.336	0.572	0.387	0.416
820	0.336	0.578	0.387	0.418
830	0.335	0.580	0.387	0.420
840	0.335	0.583	0.387	0.421
eigenvalues:  tensor([34.9022, 32.5237])
850	0.334	0.578	0.388	0.418
860	0.334	0.585	0.388	0.417
870	0.333	0.582	0.388	0.418
880	0.333	0.584	0.388	0.418
890	0.332	0.591	0.388	0.419
eigenvalues:  tensor([35.4703, 33.0315])
900	0.331	0.590	0.388	0.419
910	0.331	0.591	0.388	0.419
920	0.330	0.593	0.388	0.421
930	0.329	0.598	0.387	0.421
940	0.330	0.592	0.389	0.416
eigenvalues:  tensor([36.0610, 33.8868])
950	0.329	0.597	0.388	0.422
960	0.329	0.596	0.388	0.419
970	0.327	0.600	0.388	0.422
980	0.327	0.604	0.388	0.422
990	0.327	0.600	0.389	0.418
