device: cuda:1
output directory: RESULTS/mnist-whole/fc-tanh/seed_0/ce/ivon/lr_0.05_h0_0.1_post_10_ivon
0	2.305	0.097	2.305	0.101
10	2.085	0.675	2.080	0.687
20	1.751	0.697	1.739	0.712
30	1.356	0.715	1.337	0.731
40	1.064	0.759	1.042	0.773
eigenvalues:  tensor([4.5999, 4.4833])
0.10000000149011612
50	0.876	0.797	0.854	0.808
60	0.753	0.823	0.730	0.833
70	0.668	0.837	0.644	0.848
80	0.606	0.848	0.582	0.859
90	0.559	0.858	0.535	0.868
eigenvalues:  tensor([5.3409, 4.6855])
0.10000000149011612
100	0.522	0.865	0.499	0.874
110	0.493	0.871	0.470	0.880
120	0.469	0.876	0.447	0.886
130	0.450	0.879	0.428	0.888
140	0.434	0.883	0.412	0.893
eigenvalues:  tensor([5.5655, 4.5973])
0.10000000149011612
150	0.420	0.885	0.399	0.894
160	0.408	0.888	0.388	0.895
170	0.398	0.891	0.378	0.898
180	0.389	0.892	0.369	0.899
190	0.381	0.893	0.362	0.899
eigenvalues:  tensor([5.5562, 4.5283])
0.10000000149011612
200	0.374	0.895	0.355	0.900
210	0.368	0.897	0.349	0.903
220	0.362	0.898	0.344	0.903
230	0.357	0.899	0.340	0.903
240	0.352	0.900	0.335	0.906
eigenvalues:  tensor([5.5593, 4.4792])
0.10000000149011612
250	0.347	0.901	0.330	0.907
260	0.343	0.902	0.327	0.908
270	0.340	0.903	0.323	0.908
280	0.336	0.904	0.320	0.909
290	0.332	0.905	0.316	0.911
eigenvalues:  tensor([5.5222, 4.5296])
0.10000000149011612
300	0.329	0.906	0.314	0.911
310	0.326	0.906	0.312	0.911
320	0.323	0.907	0.309	0.912
330	0.320	0.908	0.306	0.913
340	0.318	0.909	0.304	0.913
eigenvalues:  tensor([5.5257, 4.5900])
0.10000000149011612
350	0.315	0.909	0.302	0.914
360	0.313	0.910	0.300	0.914
370	0.311	0.910	0.297	0.915
380	0.308	0.911	0.295	0.915
390	0.306	0.912	0.293	0.916
eigenvalues:  tensor([5.4824, 4.6500])
0.10000000149011612
400	0.304	0.912	0.292	0.916
410	0.303	0.913	0.290	0.916
420	0.300	0.914	0.289	0.917
430	0.298	0.914	0.287	0.917
440	0.297	0.915	0.285	0.917
eigenvalues:  tensor([5.5645, 4.6746])
0.10000000149011612
450	0.295	0.915	0.284	0.919
460	0.293	0.915	0.282	0.918
470	0.292	0.916	0.280	0.920
480	0.291	0.916	0.281	0.919
490	0.288	0.917	0.278	0.920
eigenvalues:  tensor([5.5242, 4.7807])
0.10000000149011612
500	0.287	0.918	0.277	0.920
510	0.285	0.918	0.275	0.922
520	0.284	0.918	0.275	0.921
530	0.282	0.919	0.273	0.921
540	0.281	0.920	0.272	0.923
eigenvalues:  tensor([5.5463, 4.8402])
0.10000000149011612
550	0.280	0.918	0.271	0.923
560	0.278	0.920	0.269	0.923
570	0.277	0.920	0.269	0.923
580	0.275	0.921	0.267	0.924
590	0.274	0.921	0.266	0.925
eigenvalues:  tensor([5.5603, 4.8090])
0.10000000149011612
600	0.273	0.921	0.265	0.925
610	0.272	0.922	0.265	0.923
620	0.270	0.922	0.263	0.925
630	0.269	0.923	0.262	0.925
640	0.268	0.923	0.261	0.925
eigenvalues:  tensor([5.5573, 4.8625])
0.10000000149011612
650	0.267	0.923	0.260	0.925
660	0.266	0.924	0.260	0.926
670	0.264	0.924	0.258	0.926
680	0.264	0.924	0.257	0.926
690	0.262	0.924	0.256	0.927
eigenvalues:  tensor([5.6168, 4.8706])
0.10000000149011612
700	0.261	0.924	0.255	0.926
710	0.260	0.925	0.254	0.927
720	0.259	0.925	0.253	0.926
730	0.258	0.925	0.252	0.927
740	0.256	0.926	0.251	0.928
eigenvalues:  tensor([5.5812, 4.8646])
0.10000000149011612
750	0.255	0.926	0.250	0.928
760	0.255	0.927	0.249	0.928
770	0.253	0.926	0.248	0.929
780	0.252	0.927	0.247	0.928
790	0.251	0.927	0.246	0.928
eigenvalues:  tensor([5.6010, 4.8959])
0.10000000149011612
800	0.250	0.928	0.245	0.929
810	0.249	0.928	0.244	0.929
820	0.248	0.929	0.244	0.930
830	0.247	0.928	0.243	0.929
840	0.245	0.929	0.242	0.930
eigenvalues:  tensor([5.6331, 4.8956])
0.10000000149011612
850	0.245	0.929	0.241	0.930
860	0.243	0.930	0.240	0.930
870	0.242	0.930	0.239	0.931
880	0.241	0.930	0.238	0.930
890	0.241	0.931	0.238	0.931
eigenvalues:  tensor([5.6243, 4.9051])
0.10000000149011612
900	0.239	0.930	0.236	0.932
910	0.238	0.932	0.236	0.932
920	0.237	0.932	0.234	0.932
930	0.236	0.932	0.233	0.932
940	0.236	0.931	0.233	0.933
eigenvalues:  tensor([5.5392, 4.9161])
0.10000000149011612
950	0.234	0.932	0.231	0.932
960	0.233	0.933	0.231	0.933
970	0.232	0.933	0.230	0.933
980	0.231	0.933	0.229	0.934
990	0.230	0.933	0.228	0.934
