device: cuda:6
output directory: RESULTS/cifar10-10k/fc-tanh/seed_0/mse/ivon/lr_0.05_h0_0.1_post_10_ivon
Files already downloaded and verified
Files already downloaded and verified
0	0.597	0.131	0.597	0.131
10	0.630	0.226	0.630	0.219
20	0.429	0.303	0.433	0.282
30	0.406	0.359	0.412	0.338
40	0.409	0.353	0.415	0.334
eigenvalues:  tensor([14.4779, 12.8579])
0.09999999403953552
50	0.401	0.385	0.407	0.357
60	0.400	0.375	0.407	0.355
70	0.398	0.390	0.405	0.362
80	0.399	0.395	0.406	0.372
90	0.396	0.391	0.403	0.371
eigenvalues:  tensor([11.1442,  9.5792])
0.09999999403953552
100	0.395	0.395	0.403	0.365
110	0.395	0.401	0.403	0.377
120	0.394	0.397	0.402	0.375
130	0.393	0.405	0.401	0.377
140	0.394	0.396	0.402	0.370
eigenvalues:  tensor([9.4063, 8.4183])
0.09999999403953552
150	0.392	0.409	0.401	0.378
160	0.393	0.415	0.402	0.386
170	0.389	0.415	0.398	0.385
180	0.390	0.411	0.399	0.383
190	0.389	0.418	0.398	0.386
eigenvalues:  tensor([9.0378, 7.9217])
0.09999999403953552
200	0.388	0.419	0.398	0.383
210	0.390	0.406	0.400	0.374
220	0.387	0.418	0.397	0.382
230	0.388	0.427	0.398	0.382
240	0.387	0.417	0.397	0.381
eigenvalues:  tensor([8.3089, 7.1923])
0.09999999403953552
250	0.386	0.419	0.397	0.382
260	0.386	0.422	0.396	0.382
270	0.387	0.416	0.397	0.386
280	0.385	0.425	0.396	0.389
290	0.386	0.422	0.397	0.386
eigenvalues:  tensor([7.7537, 6.7330])
0.09999999403953552
300	0.384	0.429	0.395	0.388
310	0.384	0.427	0.396	0.384
320	0.384	0.427	0.396	0.384
330	0.383	0.433	0.395	0.389
340	0.383	0.430	0.395	0.388
eigenvalues:  tensor([7.6129, 6.6319])
0.09999999403953552
350	0.383	0.428	0.396	0.385
360	0.383	0.433	0.395	0.388
370	0.383	0.431	0.395	0.384
380	0.381	0.437	0.394	0.394
390	0.381	0.437	0.394	0.390
eigenvalues:  tensor([7.3338, 6.2821])
0.09999999403953552
400	0.381	0.433	0.395	0.387
410	0.380	0.437	0.394	0.393
420	0.380	0.437	0.394	0.388
430	0.380	0.438	0.394	0.391
440	0.379	0.442	0.393	0.393
eigenvalues:  tensor([7.2108, 5.7817])
0.09999999403953552
450	0.380	0.432	0.394	0.388
460	0.379	0.437	0.394	0.394
470	0.378	0.444	0.392	0.396
480	0.379	0.443	0.393	0.395
490	0.379	0.442	0.393	0.393
eigenvalues:  tensor([7.2742, 5.9208])
0.09999999403953552
500	0.378	0.445	0.393	0.396
510	0.377	0.444	0.393	0.394
520	0.377	0.449	0.393	0.398
530	0.377	0.447	0.392	0.394
540	0.377	0.445	0.393	0.391
eigenvalues:  tensor([7.1573, 5.9736])
0.09999999403953552
550	0.377	0.452	0.393	0.393
560	0.376	0.448	0.392	0.398
570	0.376	0.453	0.392	0.400
580	0.376	0.449	0.392	0.395
590	0.375	0.450	0.392	0.396
eigenvalues:  tensor([6.7848, 5.6209])
0.09999999403953552
600	0.375	0.459	0.391	0.401
610	0.374	0.458	0.391	0.401
620	0.374	0.457	0.392	0.398
630	0.373	0.458	0.391	0.400
640	0.374	0.460	0.391	0.400
eigenvalues:  tensor([6.5366, 5.5227])
0.09999999403953552
650	0.373	0.458	0.390	0.396
660	0.374	0.455	0.392	0.397
670	0.374	0.451	0.391	0.396
680	0.373	0.461	0.391	0.400
690	0.372	0.460	0.390	0.398
eigenvalues:  tensor([6.4665, 5.3401])
0.09999999403953552
700	0.372	0.461	0.391	0.399
710	0.372	0.461	0.391	0.401
720	0.371	0.469	0.390	0.405
730	0.370	0.467	0.389	0.404
740	0.371	0.465	0.390	0.402
eigenvalues:  tensor([6.5895, 5.4637])
0.09999999403953552
750	0.371	0.467	0.390	0.403
760	0.371	0.461	0.390	0.397
770	0.371	0.464	0.391	0.402
780	0.370	0.467	0.390	0.402
790	0.371	0.470	0.391	0.403
eigenvalues:  tensor([6.5627, 5.4646])
0.09999999403953552
800	0.370	0.466	0.390	0.401
810	0.370	0.468	0.390	0.403
820	0.368	0.471	0.389	0.405
830	0.368	0.474	0.389	0.405
840	0.368	0.474	0.389	0.406
eigenvalues:  tensor([6.5174, 5.4136])
0.09999999403953552
850	0.368	0.475	0.390	0.403
860	0.368	0.472	0.389	0.406
870	0.367	0.473	0.389	0.403
880	0.367	0.480	0.388	0.408
890	0.367	0.477	0.389	0.408
eigenvalues:  tensor([6.3970, 5.3288])
0.09999999403953552
900	0.367	0.480	0.389	0.409
910	0.367	0.475	0.390	0.403
920	0.366	0.484	0.389	0.408
930	0.365	0.483	0.389	0.410
940	0.365	0.481	0.388	0.407
eigenvalues:  tensor([6.3692, 5.4935])
0.09999999403953552
950	0.367	0.477	0.390	0.403
960	0.365	0.481	0.388	0.409
970	0.365	0.481	0.388	0.404
980	0.364	0.484	0.388	0.407
990	0.365	0.483	0.388	0.406
