device: cuda:4
output directory: RESULTS/mnist-whole/fc-tanh/seed_0/ce/ivon/lr_0.05_h0_0.01_post_10_ivon
0	2.305	0.097	2.305	0.101
10	2.131	0.655	2.127	0.667
20	1.887	0.685	1.878	0.694
30	1.546	0.678	1.530	0.690
40	1.231	0.702	1.211	0.716
eigenvalues:  tensor([4.6094, 4.2902])
0.009999999776482582
50	1.009	0.735	0.988	0.747
60	0.853	0.780	0.831	0.793
70	0.751	0.803	0.728	0.812
80	0.675	0.819	0.652	0.828
90	0.615	0.832	0.592	0.842
eigenvalues:  tensor([4.9497, 4.3293])
0.009999999776482582
100	0.572	0.842	0.549	0.853
110	0.539	0.846	0.516	0.856
120	0.508	0.858	0.486	0.866
130	0.486	0.862	0.463	0.871
140	0.466	0.867	0.444	0.878
eigenvalues:  tensor([4.9556, 4.2502])
0.009999999776482582
150	0.450	0.871	0.429	0.882
160	0.438	0.874	0.417	0.882
170	0.425	0.878	0.403	0.886
180	0.416	0.881	0.394	0.888
190	0.406	0.882	0.386	0.891
eigenvalues:  tensor([4.7439, 4.1012])
0.009999999776482582
200	0.399	0.883	0.377	0.892
210	0.390	0.887	0.370	0.895
220	0.386	0.888	0.367	0.894
230	0.379	0.890	0.361	0.896
240	0.375	0.891	0.356	0.896
eigenvalues:  tensor([4.6043, 3.7486])
0.009999999776482582
250	0.369	0.892	0.350	0.898
260	0.364	0.894	0.346	0.900
270	0.363	0.894	0.345	0.901
280	0.359	0.895	0.341	0.901
290	0.354	0.896	0.335	0.903
eigenvalues:  tensor([4.3834, 3.6106])
0.009999999776482582
300	0.351	0.897	0.335	0.904
310	0.351	0.898	0.336	0.903
320	0.345	0.899	0.328	0.905
330	0.343	0.900	0.327	0.906
340	0.342	0.900	0.327	0.906
eigenvalues:  tensor([4.2030, 3.5981])
0.009999999776482582
350	0.337	0.901	0.322	0.907
360	0.337	0.902	0.321	0.907
370	0.332	0.903	0.317	0.908
380	0.330	0.904	0.314	0.909
390	0.331	0.904	0.315	0.909
eigenvalues:  tensor([4.0220, 3.4811])
0.009999999776482582
400	0.328	0.904	0.313	0.910
410	0.325	0.905	0.309	0.910
420	0.321	0.906	0.308	0.911
430	0.318	0.907	0.305	0.912
440	0.319	0.908	0.305	0.911
eigenvalues:  tensor([3.9898, 3.2983])
0.009999999776482582
450	0.317	0.907	0.303	0.914
460	0.316	0.907	0.302	0.911
470	0.315	0.908	0.300	0.914
480	0.314	0.907	0.301	0.913
490	0.310	0.909	0.298	0.914
eigenvalues:  tensor([3.8377, 3.3410])
0.009999999776482582
500	0.307	0.910	0.295	0.914
510	0.308	0.910	0.295	0.915
520	0.306	0.911	0.294	0.914
530	0.304	0.911	0.292	0.914
540	0.302	0.912	0.291	0.917
eigenvalues:  tensor([3.7393, 3.3605])
0.009999999776482582
550	0.303	0.911	0.291	0.915
560	0.302	0.912	0.290	0.915
570	0.303	0.911	0.291	0.916
580	0.296	0.914	0.285	0.918
590	0.297	0.913	0.285	0.918
eigenvalues:  tensor([3.6424, 3.2420])
0.009999999776482582
600	0.294	0.914	0.283	0.918
610	0.294	0.914	0.285	0.917
620	0.292	0.915	0.282	0.919
630	0.290	0.916	0.280	0.919
640	0.290	0.915	0.280	0.919
eigenvalues:  tensor([3.5620, 3.1447])
0.009999999776482582
650	0.288	0.916	0.278	0.919
660	0.290	0.916	0.281	0.920
670	0.286	0.917	0.277	0.921
680	0.286	0.917	0.276	0.921
690	0.284	0.917	0.274	0.922
eigenvalues:  tensor([3.5343, 3.1292])
0.009999999776482582
700	0.283	0.917	0.274	0.921
710	0.282	0.918	0.273	0.922
720	0.283	0.918	0.273	0.922
730	0.282	0.918	0.272	0.922
740	0.281	0.918	0.272	0.921
eigenvalues:  tensor([3.4724, 2.9806])
0.009999999776482582
750	0.280	0.918	0.271	0.921
760	0.278	0.919	0.269	0.923
770	0.279	0.919	0.269	0.923
780	0.276	0.919	0.267	0.925
790	0.276	0.920	0.267	0.925
eigenvalues:  tensor([3.4020, 3.0366])
0.009999999776482582
800	0.274	0.920	0.267	0.924
810	0.272	0.920	0.264	0.925
820	0.272	0.921	0.264	0.925
830	0.271	0.920	0.264	0.925
840	0.269	0.922	0.263	0.924
eigenvalues:  tensor([3.3129, 3.0104])
0.009999999776482582
850	0.269	0.922	0.261	0.926
860	0.267	0.922	0.260	0.926
870	0.267	0.922	0.259	0.924
880	0.268	0.921	0.261	0.926
890	0.266	0.924	0.260	0.924
eigenvalues:  tensor([3.2902, 2.9366])
0.009999999776482582
900	0.263	0.923	0.257	0.927
910	0.264	0.924	0.257	0.926
920	0.261	0.924	0.255	0.927
930	0.262	0.924	0.255	0.926
940	0.264	0.923	0.256	0.926
eigenvalues:  tensor([3.1367, 2.9321])
0.009999999776482582
950	0.260	0.923	0.254	0.925
960	0.258	0.925	0.252	0.928
970	0.259	0.924	0.252	0.927
980	0.256	0.925	0.250	0.928
990	0.256	0.925	0.251	0.928
