device: cuda:7
output directory: RESULTS/cifar10/resnet32/seed_0/ce/ivon/lr_0.05_h0_0.1_post_10_ivon
Files already downloaded and verified
Files already downloaded and verified
device: cuda:7
output directory: RESULTS/cifar10/resnet32/seed_0/ce/ivon/lr_0.05_h0_0.1_post_10_ivon
Files already downloaded and verified
Files already downloaded and verified
0	2.309	0.101	2.310	0.098
10	2.221	0.206	2.220	0.206
20	2.169	0.224	2.167	0.224
30	2.124	0.232	2.121	0.234
40	2.087	0.243	2.082	0.245
eigenvalues:  tensor([7.8922, 6.4005])
tensor([0.1000, 0.1000, 0.1000,  ..., 0.1000, 0.1000, 0.1000], device='cuda:7')
50	2.054	0.258	2.049	0.258
60	2.025	0.266	2.020	0.267
70	1.997	0.277	1.992	0.278
80	1.972	0.283	1.967	0.289
90	1.948	0.294	1.942	0.299
eigenvalues:  tensor([12.1468,  9.3117])
tensor([0.1000, 0.1000, 0.1000,  ..., 0.1000, 0.1000, 0.1000], device='cuda:7')
100	1.924	0.302	1.918	0.309
110	1.901	0.308	1.896	0.311
120	1.881	0.311	1.875	0.315
130	1.859	0.319	1.854	0.323
140	1.840	0.326	1.835	0.330
eigenvalues:  tensor([30.2635, 12.0834])
tensor([0.1000, 0.1000, 0.1000,  ..., 0.1000, 0.1000, 0.1000], device='cuda:7')
150	1.827	0.329	1.824	0.332
160	1.805	0.334	1.801	0.336
170	1.789	0.341	1.785	0.342
180	1.770	0.344	1.766	0.350
190	1.755	0.349	1.750	0.353
eigenvalues:  tensor([17.4544, 11.5312])
tensor([0.1000, 0.1000, 0.1000,  ..., 0.1000, 0.1000, 0.1000], device='cuda:7')
200	1.745	0.349	1.740	0.352
210	1.726	0.357	1.722	0.361
220	1.715	0.363	1.711	0.366
230	1.719	0.361	1.713	0.362
240	1.696	0.370	1.690	0.371
eigenvalues:  tensor([15.9645,  8.6845])
tensor([0.1000, 0.1000, 0.1000,  ..., 0.1000, 0.1000, 0.1000], device='cuda:7')
250	1.675	0.375	1.671	0.378
260	1.660	0.379	1.657	0.382
270	1.648	0.383	1.645	0.387
280	1.637	0.385	1.635	0.389
290	1.642	0.386	1.639	0.389
eigenvalues:  tensor([13.7655,  9.9683])
tensor([0.1000, 0.1000, 0.1000,  ..., 0.1000, 0.1000, 0.1000], device='cuda:7')
300	1.628	0.389	1.625	0.393
310	1.606	0.396	1.605	0.398
320	1.596	0.398	1.594	0.400
330	1.588	0.403	1.587	0.405
340	1.588	0.400	1.586	0.402
eigenvalues:  tensor([16.8528, 11.6927])
tensor([0.1000, 0.1000, 0.1000,  ..., 0.1000, 0.1000, 0.1000], device='cuda:7')
350	1.568	0.409	1.566	0.413
360	1.598	0.401	1.595	0.405
370	1.570	0.407	1.567	0.412
380	1.561	0.414	1.559	0.417
390	1.541	0.419	1.537	0.425
eigenvalues:  tensor([15.0176, 12.5218])
tensor([0.1000, 0.1000, 0.1000,  ..., 0.1000, 0.1000, 0.1000], device='cuda:7')
400	1.532	0.423	1.530	0.425
410	1.522	0.427	1.522	0.431
420	1.518	0.427	1.517	0.428
430	1.507	0.430	1.506	0.435
440	1.503	0.435	1.505	0.443
eigenvalues:  tensor([18.2914, 13.4947])
tensor([0.1000, 0.1000, 0.1000,  ..., 0.1000, 0.1000, 0.1000], device='cuda:7')
450	1.498	0.436	1.497	0.441
460	1.488	0.440	1.488	0.444
470	1.496	0.439	1.496	0.442
480	1.552	0.417	1.548	0.421
490	1.467	0.448	1.468	0.453
eigenvalues:  tensor([18.0748, 13.4398])
tensor([0.1000, 0.1000, 0.1000,  ..., 0.1000, 0.1000, 0.1000], device='cuda:7')
500	1.464	0.453	1.469	0.455
510	1.450	0.458	1.452	0.462
520	1.442	0.462	1.444	0.461
530	1.437	0.463	1.440	0.467
540	1.431	0.467	1.434	0.467
eigenvalues:  tensor([13.7351, 12.7090])
tensor([0.1000, 0.1000, 0.1000,  ..., 0.1000, 0.1000, 0.1000], device='cuda:7')
550	1.421	0.471	1.425	0.471
560	1.412	0.476	1.416	0.475
570	1.404	0.476	1.409	0.474
580	1.397	0.481	1.402	0.484
590	1.387	0.483	1.393	0.483
eigenvalues:  tensor([17.4652, 13.7058])
tensor([0.1000, 0.1000, 0.1000,  ..., 0.1000, 0.1000, 0.1000], device='cuda:7')
600	1.404	0.479	1.411	0.476
610	1.379	0.489	1.386	0.487
620	1.366	0.492	1.374	0.493
630	1.374	0.489	1.377	0.493
640	1.361	0.496	1.369	0.496
eigenvalues:  tensor([16.7384, 15.0143])
tensor([0.1000, 0.1000, 0.1000,  ..., 0.1000, 0.1000, 0.1000], device='cuda:7')
650	1.353	0.497	1.359	0.500
660	1.336	0.505	1.347	0.505
670	1.323	0.510	1.335	0.508
680	1.319	0.512	1.329	0.511
690	1.320	0.513	1.331	0.512
eigenvalues:  tensor([16.0818, 15.2765])
tensor([0.1000, 0.1000, 0.1000,  ..., 0.1000, 0.1000, 0.1000], device='cuda:7')
700	1.300	0.519	1.312	0.515
710	1.294	0.522	1.307	0.518
720	1.293	0.522	1.307	0.517
730	1.278	0.527	1.293	0.525
740	1.292	0.524	1.303	0.520
eigenvalues:  tensor([17.7704, 15.2287])
tensor([0.1000, 0.1000, 0.1000,  ..., 0.1000, 0.1000, 0.1000], device='cuda:7')
750	1.267	0.531	1.280	0.528
760	1.271	0.532	1.286	0.526
770	1.260	0.535	1.278	0.532
780	1.241	0.541	1.257	0.537
790	1.247	0.540	1.268	0.536
eigenvalues:  tensor([16.8379, 15.2079])
tensor([0.1000, 0.1000, 0.1000,  ..., 0.1000, 0.1000, 0.1000], device='cuda:7')
800	1.234	0.543	1.250	0.542
810	1.226	0.546	1.246	0.540
820	1.218	0.550	1.235	0.547
830	1.212	0.553	1.230	0.547
840	1.210	0.555	1.231	0.549
eigenvalues:  tensor([17.5188, 14.5484])
tensor([0.1000, 0.1000, 0.1000,  ..., 0.1000, 0.1000, 0.1000], device='cuda:7')
850	1.207	0.557	1.229	0.552
860	1.197	0.561	1.217	0.555
870	1.199	0.559	1.225	0.552
880	1.178	0.567	1.201	0.560
890	1.196	0.560	1.223	0.554
eigenvalues:  tensor([17.5462, 15.3015])
tensor([0.1000, 0.1000, 0.1000,  ..., 0.1000, 0.1000, 0.1000], device='cuda:7')
900	1.175	0.570	1.196	0.562
910	1.167	0.569	1.194	0.561
920	1.189	0.564	1.211	0.556
930	1.166	0.571	1.195	0.566
940	1.145	0.579	1.172	0.573
eigenvalues:  tensor([15.8653, 15.0109])
tensor([0.1000, 0.1000, 0.1000,  ..., 0.1000, 0.1000, 0.1000], device='cuda:7')
950	1.144	0.580	1.175	0.573
960	1.137	0.580	1.168	0.570
970	1.130	0.586	1.158	0.576
980	1.128	0.587	1.160	0.578
990	1.118	0.591	1.153	0.581
