device: cuda:2
output directory: RESULTS/cifar10/resnet32/seed_0/ce/ivon/lr_0.1_h0_0.1_post_10_ivon
Files already downloaded and verified
Files already downloaded and verified
device: cuda:2
output directory: RESULTS/cifar10/resnet32/seed_0/ce/ivon/lr_0.1_h0_0.1_post_10_ivon
Files already downloaded and verified
Files already downloaded and verified
0	2.309	0.101	2.310	0.098
10	2.174	0.222	2.171	0.225
20	2.089	0.244	2.085	0.246
30	2.027	0.265	2.022	0.266
40	1.976	0.279	1.970	0.282
eigenvalues:  tensor([9.8848, 7.1382])
tensor([0.1000, 0.1000, 0.1000,  ..., 0.1000, 0.1000, 0.1000], device='cuda:2')
50	1.929	0.299	1.925	0.303
60	1.887	0.310	1.881	0.313
70	1.852	0.319	1.849	0.323
80	1.815	0.331	1.811	0.335
90	1.782	0.343	1.776	0.346
eigenvalues:  tensor([9.2429, 8.0629])
tensor([0.1000, 0.1000, 0.1000,  ..., 0.1000, 0.1000, 0.1000], device='cuda:2')
100	1.757	0.346	1.752	0.350
110	1.729	0.356	1.725	0.360
120	1.705	0.363	1.700	0.362
130	1.682	0.372	1.678	0.376
140	1.663	0.376	1.660	0.383
eigenvalues:  tensor([11.3321,  7.2787])
tensor([0.1000, 0.1000, 0.1000,  ..., 0.1000, 0.1000, 0.1000], device='cuda:2')
150	1.656	0.378	1.654	0.381
160	1.620	0.392	1.616	0.395
170	1.604	0.397	1.602	0.403
180	1.583	0.407	1.579	0.411
190	1.570	0.411	1.567	0.414
eigenvalues:  tensor([9.3171, 8.8698])
tensor([0.1000, 0.1000, 0.1000,  ..., 0.1000, 0.1000, 0.1000], device='cuda:2')
200	1.559	0.414	1.555	0.416
210	1.541	0.418	1.538	0.421
220	1.519	0.430	1.518	0.432
230	1.503	0.436	1.501	0.441
240	1.490	0.441	1.487	0.442
eigenvalues:  tensor([9.1732, 8.6063])
tensor([0.1000, 0.1000, 0.1000,  ..., 0.1000, 0.1000, 0.1000], device='cuda:2')
250	1.475	0.450	1.476	0.451
260	1.464	0.455	1.464	0.456
270	1.439	0.464	1.442	0.465
280	1.429	0.466	1.432	0.464
290	1.424	0.472	1.430	0.470
eigenvalues:  tensor([9.5186, 8.5870])
tensor([0.1000, 0.1000, 0.1000,  ..., 0.1000, 0.1000, 0.1000], device='cuda:2')
300	1.401	0.481	1.407	0.480
310	1.410	0.478	1.421	0.478
320	1.365	0.495	1.370	0.495
330	1.387	0.488	1.392	0.489
340	1.342	0.505	1.348	0.504
eigenvalues:  tensor([11.0501,  9.5488])
tensor([0.1000, 0.1000, 0.1000,  ..., 0.1000, 0.1000, 0.1000], device='cuda:2')
350	1.328	0.506	1.338	0.509
360	1.433	0.474	1.445	0.468
370	1.300	0.520	1.315	0.516
380	1.335	0.507	1.354	0.501
390	1.279	0.529	1.290	0.525
eigenvalues:  tensor([10.2748,  9.6040])
tensor([0.1000, 0.1000, 0.1000,  ..., 0.1000, 0.1000, 0.1000], device='cuda:2')
400	1.257	0.536	1.276	0.530
410	1.250	0.539	1.269	0.534
420	1.264	0.531	1.280	0.527
430	1.259	0.536	1.277	0.531
440	1.260	0.537	1.272	0.532
eigenvalues:  tensor([10.8158,  9.2526])
tensor([0.1000, 0.1000, 0.1000,  ..., 0.1000, 0.1000, 0.1000], device='cuda:2')
450	1.206	0.550	1.233	0.545
460	1.187	0.563	1.215	0.558
470	1.214	0.554	1.238	0.543
480	1.227	0.550	1.252	0.542
490	1.157	0.575	1.185	0.567
eigenvalues:  tensor([10.5914,  9.2278])
tensor([0.1000, 0.1000, 0.1000,  ..., 0.1000, 0.1000, 0.1000], device='cuda:2')
500	1.151	0.575	1.185	0.563
510	1.140	0.583	1.174	0.573
520	1.132	0.585	1.167	0.571
530	1.107	0.595	1.143	0.586
540	1.134	0.587	1.168	0.577
eigenvalues:  tensor([11.2907,  9.6711])
tensor([0.1000, 0.1000, 0.1000,  ..., 0.1000, 0.1000, 0.1000], device='cuda:2')
550	1.142	0.580	1.171	0.570
560	1.074	0.608	1.116	0.593
570	1.078	0.605	1.118	0.589
580	1.077	0.607	1.119	0.593
590	1.059	0.613	1.105	0.596
eigenvalues:  tensor([11.6183,  9.4111])
tensor([0.1000, 0.1000, 0.1000,  ..., 0.1000, 0.1000, 0.1000], device='cuda:2')
600	1.084	0.603	1.136	0.585
610	1.046	0.617	1.095	0.601
620	1.034	0.623	1.084	0.603
630	1.056	0.610	1.106	0.592
640	1.027	0.623	1.083	0.606
eigenvalues:  tensor([10.1588,  9.2169])
tensor([0.1000, 0.1000, 0.1000,  ..., 0.1000, 0.1000, 0.1000], device='cuda:2')
650	1.028	0.623	1.074	0.606
660	1.001	0.635	1.057	0.614
670	0.992	0.640	1.051	0.615
680	0.990	0.638	1.047	0.618
690	0.973	0.645	1.029	0.622
eigenvalues:  tensor([11.1332,  9.7388])
tensor([0.1000, 0.1000, 0.1000,  ..., 0.1000, 0.1000, 0.1000], device='cuda:2')
700	0.976	0.643	1.039	0.616
710	0.962	0.647	1.028	0.623
720	0.994	0.635	1.056	0.616
730	0.949	0.655	1.013	0.627
740	0.935	0.658	1.001	0.631
eigenvalues:  tensor([10.9144,  9.5536])
tensor([0.1000, 0.1000, 0.1000,  ..., 0.1000, 0.1000, 0.1000], device='cuda:2')
750	0.932	0.661	0.999	0.636
760	0.925	0.663	0.993	0.637
770	0.915	0.667	0.988	0.637
780	0.922	0.663	0.990	0.637
790	0.934	0.658	1.011	0.631
eigenvalues:  tensor([11.6337, 10.0466])
tensor([0.1000, 0.1000, 0.1000,  ..., 0.1000, 0.1000, 0.1000], device='cuda:2')
800	0.908	0.669	0.980	0.641
810	0.906	0.669	0.981	0.643
820	0.909	0.668	0.987	0.641
830	0.872	0.682	0.949	0.652
840	0.875	0.681	0.959	0.654
eigenvalues:  tensor([9.8725, 8.7729])
tensor([0.1000, 0.1000, 0.1000,  ..., 0.1000, 0.1000, 0.1000], device='cuda:2')
850	0.879	0.680	0.960	0.651
860	0.866	0.684	0.951	0.655
870	0.882	0.679	0.973	0.642
880	0.846	0.691	0.933	0.662
890	0.856	0.687	0.947	0.659
eigenvalues:  tensor([9.1333, 8.8054])
tensor([0.1000, 0.1000, 0.1000,  ..., 0.1000, 0.1000, 0.1000], device='cuda:2')
900	0.849	0.692	0.941	0.662
910	0.865	0.683	0.959	0.653
920	0.882	0.679	0.973	0.648
930	0.816	0.703	0.912	0.665
940	0.808	0.705	0.908	0.669
eigenvalues:  tensor([10.6658,  9.2637])
tensor([0.1000, 0.1000, 0.1000,  ..., 0.1000, 0.1000, 0.1000], device='cuda:2')
950	0.859	0.688	0.965	0.653
960	0.805	0.707	0.907	0.672
970	0.809	0.707	0.909	0.673
980	0.823	0.701	0.929	0.664
990	0.789	0.712	0.897	0.675
