device: cuda:2
output directory: RESULTS/cifar10-10k/resnet32/seed_0/mse/ivon/lr_0.1_h0_0.1_post_10_ivon
Files already downloaded and verified
Files already downloaded and verified
device: cuda:2
output directory: RESULTS/cifar10-10k/resnet32/seed_0/mse/ivon/lr_0.1_h0_0.1_post_10_ivon
Files already downloaded and verified
Files already downloaded and verified
0	0.621	0.101	0.620	0.098
10	0.431	0.225	0.431	0.222
20	0.421	0.246	0.423	0.243
30	0.418	0.271	0.420	0.269
40	0.410	0.290	0.411	0.278
eigenvalues:  tensor([5.4371, 5.3627])
tensor([0.1000, 0.1000, 0.1000,  ..., 0.1000, 0.1000, 0.1000], device='cuda:2')
50	0.407	0.307	0.409	0.304
60	0.406	0.314	0.407	0.303
70	0.402	0.327	0.403	0.313
80	0.402	0.310	0.404	0.309
90	0.398	0.345	0.400	0.333
eigenvalues:  tensor([5.4416, 4.9793])
tensor([0.1000, 0.1000, 0.1000,  ..., 0.1000, 0.1000, 0.1000], device='cuda:2')
100	0.396	0.342	0.398	0.331
110	0.396	0.357	0.398	0.338
120	0.394	0.346	0.396	0.343
130	0.393	0.362	0.395	0.355
140	0.392	0.368	0.394	0.354
eigenvalues:  tensor([4.9048, 4.7324])
tensor([0.1000, 0.1000, 0.1000,  ..., 0.1000, 0.1000, 0.1000], device='cuda:2')
150	0.391	0.356	0.394	0.340
160	0.391	0.369	0.393	0.363
170	0.388	0.370	0.391	0.362
180	0.387	0.377	0.390	0.361
190	0.387	0.382	0.389	0.369
eigenvalues:  tensor([4.6215, 4.4708])
tensor([0.1000, 0.1000, 0.1000,  ..., 0.1000, 0.1000, 0.1000], device='cuda:2')
200	0.387	0.369	0.390	0.353
210	0.386	0.391	0.389	0.379
220	0.385	0.391	0.388	0.377
230	0.384	0.384	0.387	0.373
240	0.382	0.391	0.385	0.378
eigenvalues:  tensor([4.4234, 4.3401])
tensor([0.1000, 0.1000, 0.1000,  ..., 0.1000, 0.1000, 0.1000], device='cuda:2')
250	0.381	0.402	0.384	0.388
260	0.380	0.404	0.383	0.392
270	0.379	0.408	0.382	0.392
280	0.379	0.406	0.382	0.391
290	0.378	0.410	0.381	0.396
eigenvalues:  tensor([4.2843, 4.2012])
tensor([0.1000, 0.1000, 0.1000,  ..., 0.1000, 0.1000, 0.1000], device='cuda:2')
300	0.377	0.407	0.380	0.396
310	0.376	0.415	0.380	0.399
320	0.375	0.419	0.379	0.400
330	0.375	0.418	0.378	0.403
340	0.374	0.421	0.378	0.402
eigenvalues:  tensor([4.1777, 4.1452])
tensor([0.1000, 0.1000, 0.1000,  ..., 0.1000, 0.1000, 0.1000], device='cuda:2')
350	0.373	0.431	0.377	0.410
360	0.373	0.414	0.377	0.401
370	0.372	0.429	0.377	0.409
380	0.372	0.424	0.377	0.406
390	0.371	0.437	0.376	0.416
eigenvalues:  tensor([4.1040, 4.0082])
tensor([0.1000, 0.1000, 0.1000,  ..., 0.1000, 0.1000, 0.1000], device='cuda:2')
400	0.369	0.434	0.374	0.416
410	0.368	0.438	0.373	0.418
420	0.368	0.435	0.373	0.416
430	0.367	0.440	0.372	0.417
440	0.367	0.441	0.372	0.419
eigenvalues:  tensor([4.0962, 3.9839])
tensor([0.1000, 0.1000, 0.1000,  ..., 0.1000, 0.1000, 0.1000], device='cuda:2')
450	0.366	0.445	0.372	0.420
460	0.366	0.448	0.371	0.424
470	0.364	0.447	0.370	0.428
480	0.364	0.449	0.369	0.426
490	0.363	0.453	0.369	0.425
eigenvalues:  tensor([4.0620, 3.9261])
tensor([0.1000, 0.1000, 0.1000,  ..., 0.1000, 0.1000, 0.1000], device='cuda:2')
500	0.362	0.457	0.368	0.429
510	0.362	0.452	0.368	0.427
520	0.361	0.460	0.367	0.435
530	0.361	0.456	0.367	0.437
540	0.360	0.462	0.366	0.435
eigenvalues:  tensor([4.0292, 3.8955])
tensor([0.1000, 0.1000, 0.1000,  ..., 0.1000, 0.1000, 0.1000], device='cuda:2')
550	0.359	0.469	0.365	0.440
560	0.359	0.465	0.366	0.436
570	0.358	0.466	0.365	0.444
580	0.358	0.470	0.365	0.440
590	0.357	0.470	0.364	0.446
eigenvalues:  tensor([4.0497, 3.9004])
tensor([0.1000, 0.1000, 0.1000,  ..., 0.1000, 0.1000, 0.1000], device='cuda:2')
600	0.359	0.466	0.366	0.436
610	0.356	0.476	0.363	0.445
620	0.355	0.478	0.363	0.447
630	0.354	0.479	0.362	0.451
640	0.354	0.475	0.362	0.444
eigenvalues:  tensor([4.0069, 3.8453])
tensor([0.1000, 0.1000, 0.1000,  ..., 0.1000, 0.1000, 0.1000], device='cuda:2')
650	0.354	0.480	0.362	0.447
660	0.354	0.477	0.362	0.449
670	0.352	0.477	0.360	0.449
680	0.351	0.481	0.359	0.453
690	0.351	0.487	0.360	0.457
eigenvalues:  tensor([3.9459, 3.8619])
tensor([0.1000, 0.1000, 0.1000,  ..., 0.1000, 0.1000, 0.1000], device='cuda:2')
700	0.351	0.488	0.359	0.458
710	0.350	0.486	0.359	0.455
720	0.350	0.489	0.359	0.453
730	0.349	0.491	0.358	0.456
740	0.348	0.484	0.357	0.458
eigenvalues:  tensor([3.9869, 3.7972])
tensor([0.1000, 0.1000, 0.1000,  ..., 0.1000, 0.1000, 0.1000], device='cuda:2')
750	0.349	0.490	0.358	0.456
760	0.347	0.493	0.356	0.463
770	0.346	0.490	0.356	0.459
780	0.346	0.495	0.356	0.459
790	0.345	0.497	0.355	0.459
eigenvalues:  tensor([3.9743, 3.8875])
tensor([0.1000, 0.1000, 0.1000,  ..., 0.1000, 0.1000, 0.1000], device='cuda:2')
800	0.345	0.494	0.355	0.457
810	0.344	0.500	0.355	0.462
820	0.344	0.501	0.354	0.466
830	0.344	0.499	0.355	0.466
840	0.343	0.502	0.354	0.468
eigenvalues:  tensor([4.1715, 3.9071])
tensor([0.1000, 0.1000, 0.1000,  ..., 0.1000, 0.1000, 0.1000], device='cuda:2')
850	0.344	0.503	0.355	0.466
860	0.342	0.502	0.353	0.474
870	0.342	0.505	0.353	0.467
880	0.340	0.508	0.351	0.472
890	0.341	0.497	0.353	0.465
eigenvalues:  tensor([3.8438, 3.7711])
tensor([0.1000, 0.1000, 0.1000,  ..., 0.1000, 0.1000, 0.1000], device='cuda:2')
900	0.339	0.509	0.351	0.475
910	0.339	0.512	0.351	0.475
920	0.338	0.512	0.350	0.474
930	0.338	0.512	0.350	0.475
940	0.337	0.517	0.350	0.478
eigenvalues:  tensor([3.9331, 3.7133])
tensor([0.1000, 0.1000, 0.1000,  ..., 0.1000, 0.1000, 0.1000], device='cuda:2')
950	0.337	0.513	0.350	0.476
960	0.336	0.516	0.349	0.478
970	0.336	0.518	0.349	0.478
980	0.336	0.516	0.348	0.478
990	0.335	0.521	0.348	0.479
