device: cuda:2
output directory: RESULTS/cifar10-10k/resnet32/seed_0/ce/ivon/lr_0.1_h0_0.01_post_10_ivon
Files already downloaded and verified
Files already downloaded and verified
0	2.310	0.101	2.310	0.098
10	2.224	0.207	2.226	0.200
20	2.175	0.210	2.177	0.206
30	2.119	0.225	2.122	0.219
40	2.077	0.234	2.081	0.230
eigenvalues:  tensor([7.6390, 3.5489])
0.009999999776482582
50	2.040	0.243	2.045	0.238
60	2.010	0.262	2.014	0.261
70	1.977	0.271	1.983	0.266
80	1.953	0.269	1.958	0.266
90	1.922	0.279	1.926	0.282
eigenvalues:  tensor([5.5575, 2.6095])
0.009999999776482582
100	1.893	0.294	1.899	0.290
110	1.870	0.299	1.876	0.296
120	1.851	0.304	1.856	0.295
130	1.828	0.313	1.835	0.307
140	1.812	0.320	1.818	0.312
eigenvalues:  tensor([4.8456, 4.0503])
0.009999999776482582
150	1.799	0.326	1.806	0.315
160	1.783	0.324	1.790	0.317
170	1.772	0.335	1.781	0.326
180	1.752	0.343	1.761	0.331
190	1.742	0.339	1.752	0.334
eigenvalues:  tensor([4.9173, 3.1449])
0.009999999776482582
200	1.725	0.350	1.733	0.338
210	1.715	0.353	1.726	0.340
220	1.701	0.358	1.712	0.352
230	1.699	0.355	1.711	0.350
240	1.676	0.374	1.689	0.362
eigenvalues:  tensor([5.2402, 3.5700])
0.009999999776482582
250	1.670	0.371	1.684	0.361
260	1.654	0.380	1.670	0.369
270	1.645	0.385	1.662	0.369
280	1.638	0.388	1.656	0.373
290	1.652	0.388	1.672	0.371
eigenvalues:  tensor([4.9297, 4.0232])
0.009999999776482582
300	1.622	0.392	1.643	0.379
310	1.610	0.397	1.631	0.383
320	1.612	0.392	1.632	0.380
330	1.594	0.404	1.617	0.387
340	1.585	0.408	1.610	0.390
eigenvalues:  tensor([4.6701, 3.6668])
0.009999999776482582
350	1.577	0.408	1.601	0.398
360	1.593	0.399	1.620	0.385
370	1.563	0.415	1.591	0.400
380	1.554	0.415	1.582	0.400
390	1.549	0.423	1.576	0.406
eigenvalues:  tensor([4.1569, 3.4809])
0.009999999776482582
400	1.542	0.423	1.571	0.408
410	1.529	0.428	1.559	0.409
420	1.525	0.429	1.557	0.410
430	1.519	0.430	1.552	0.411
440	1.518	0.430	1.552	0.411
eigenvalues:  tensor([4.2777, 3.3314])
0.009999999776482582
450	1.503	0.440	1.538	0.424
460	1.496	0.443	1.531	0.425
470	1.492	0.443	1.528	0.426
480	1.488	0.442	1.524	0.422
490	1.471	0.448	1.510	0.430
eigenvalues:  tensor([4.4928, 3.4591])
0.009999999776482582
500	1.468	0.454	1.509	0.435
510	1.457	0.458	1.498	0.438
520	1.453	0.458	1.495	0.443
530	1.448	0.459	1.492	0.441
540	1.437	0.464	1.481	0.444
eigenvalues:  tensor([4.4097, 3.4926])
0.009999999776482582
550	1.435	0.466	1.481	0.446
560	1.417	0.473	1.464	0.453
570	1.416	0.474	1.463	0.452
580	1.405	0.478	1.455	0.459
590	1.401	0.475	1.450	0.457
eigenvalues:  tensor([4.5306, 3.4291])
0.009999999776482582
600	1.396	0.479	1.451	0.461
610	1.389	0.479	1.444	0.458
620	1.382	0.487	1.438	0.467
630	1.373	0.489	1.429	0.466
640	1.360	0.497	1.419	0.474
eigenvalues:  tensor([4.4710, 3.4045])
0.009999999776482582
650	1.349	0.501	1.410	0.475
660	1.343	0.502	1.407	0.479
670	1.344	0.503	1.408	0.475
680	1.336	0.504	1.402	0.479
690	1.325	0.510	1.393	0.483
eigenvalues:  tensor([4.3244, 3.2903])
0.009999999776482582
700	1.321	0.510	1.387	0.481
710	1.313	0.511	1.381	0.488
720	1.302	0.513	1.375	0.486
730	1.305	0.515	1.377	0.492
740	1.292	0.521	1.363	0.494
eigenvalues:  tensor([4.4790, 3.3852])
0.009999999776482582
750	1.281	0.529	1.356	0.496
760	1.279	0.527	1.356	0.495
770	1.290	0.520	1.363	0.495
780	1.262	0.532	1.339	0.502
790	1.256	0.536	1.339	0.501
eigenvalues:  tensor([4.6142, 3.4806])
0.009999999776482582
800	1.252	0.536	1.336	0.505
810	1.243	0.538	1.327	0.509
820	1.238	0.542	1.322	0.514
830	1.232	0.542	1.315	0.515
840	1.238	0.544	1.321	0.514
eigenvalues:  tensor([4.8349, 3.5392])
0.009999999776482582
850	1.218	0.551	1.308	0.517
860	1.218	0.548	1.305	0.519
870	1.213	0.551	1.304	0.522
880	1.200	0.554	1.294	0.524
890	1.198	0.554	1.290	0.525
eigenvalues:  tensor([4.6781, 3.9414])
0.009999999776482582
900	1.191	0.560	1.287	0.528
910	1.182	0.564	1.279	0.531
920	1.187	0.561	1.284	0.530
930	1.182	0.562	1.284	0.524
940	1.167	0.567	1.267	0.536
eigenvalues:  tensor([4.8521, 3.8611])
0.009999999776482582
950	1.167	0.567	1.271	0.534
960	1.158	0.572	1.264	0.539
970	1.152	0.576	1.259	0.538
980	1.155	0.569	1.260	0.537
990	1.150	0.572	1.258	0.539
