device: cuda:6
output directory: RESULTS/cifar10/fc-tanh/seed_0/mse/ivon/lr_0.1_h0_0.01_post_10_ivon
Files already downloaded and verified
Files already downloaded and verified
0	0.596	0.127	0.597	0.131
10	72838.172	0.093	72749.727	0.092
20	34050356841283584.000	0.122	34063458639020032.000	0.123
30	20301807897018368.000	0.119	20170188624232448.000	0.119
40	15783189842755584.000	0.134	15632444006858752.000	0.132
eigenvalues:  tensor([116.9685, 116.9685])
431759104.0
50	13713519190999040.000	0.133	13573329310973952.000	0.132
60	12111048639250432.000	0.132	11977433280413696.000	0.131
70	11109845591654400.000	0.132	10983679853592576.000	0.132
80	10368447263277056.000	0.131	10248486679216128.000	0.133
90	8809771956174848.000	0.121	8728241665736704.000	0.120
eigenvalues:  tensor([113.8302, 113.8302])
434081056.0
100	7989159935344640.000	0.117	7894426378567680.000	0.116
110	7668466538512384.000	0.117	7570086017630208.000	0.116
120	7755694639939584.000	0.112	7643581497999360.000	0.111
130	8653665464221696.000	0.101	8691708137046016.000	0.099
140	8009628675735552.000	0.102	8041164473106432.000	0.101
eigenvalues:  tensor([110.7955, 110.7955])
842940800.0
150	7527753746219008.000	0.101	7556280382128128.000	0.101
160	7185552763781120.000	0.100	7211862122823680.000	0.101
170	6883772792307712.000	0.100	6907292570091520.000	0.099
180	6677169296113664.000	0.099	6700895769198592.000	0.096
190	6525744855384064.000	0.099	6547145066807296.000	0.097
eigenvalues:  tensor([111.9007, 111.9006])
942875904.0
200	6411362360098816.000	0.100	6431539579584512.000	0.097
210	6321107380469760.000	0.099	6340101336465408.000	0.097
220	6235233804353536.000	0.099	6253135228043264.000	0.096
230	6144545033027584.000	0.100	6160483119792128.000	0.097
240	6044844883443712.000	0.100	6057713142333440.000	0.099
eigenvalues:  tensor([ 1.1104e+02, -2.6501e+06])
942979520.0
250	6407404547735552.000	0.092	6431091292372992.000	0.093
260	6201631590842368.000	0.098	6229017912934400.000	0.099
270	6229227829460992.000	0.106	6242273255751680.000	0.105
280	6052844260032512.000	0.108	6064042850385920.000	0.106
290	5976428201902080.000	0.109	5985322005430272.000	0.105
eigenvalues:  tensor([110.5358, 110.5358])
945273088.0
300	5920269893894144.000	0.108	5927833331302400.000	0.105
310	5865677101465600.000	0.109	5872919490068480.000	0.105
320	5819860537835520.000	0.108	5827971046703104.000	0.105
330	5760028959047680.000	0.108	5768742373949440.000	0.105
340	5701146031161344.000	0.108	5709710195949568.000	0.106
eigenvalues:  tensor([110.5359, 110.5359])
945273088.0
350	5655503950577664.000	0.108	5664919055761408.000	0.105
360	5624549584404480.000	0.108	5634971859419136.000	0.105
370	5590639743860736.000	0.108	5601935507849216.000	0.104
380	5556086195093504.000	0.108	5568018687983616.000	0.104
390	5526186780262400.000	0.108	5538701241221120.000	0.104
eigenvalues:  tensor([110.5359, 110.5359])
945273088.0
400	5503779935879168.000	0.108	5516815161622528.000	0.105
410	5482814053023744.000	0.108	5496423193772032.000	0.104
420	5463043244818432.000	0.108	5477205362606080.000	0.105
430	5444675817177088.000	0.108	5459368900296704.000	0.104
440	5426888210120704.000	0.108	5442063403319296.000	0.104
eigenvalues:  tensor([108.0677, 108.0677])
945278272.0
450	5504380694429696.000	0.108	5517024541278208.000	0.107
460	5473060719165440.000	0.108	5486882460794880.000	0.106
470	5450296855625728.000	0.108	5465157442469888.000	0.106
480	5429278896291840.000	0.107	5445088670908416.000	0.105
490	5409969797070848.000	0.107	5426581119959040.000	0.105
eigenvalues:  tensor([108.0677, 108.0677])
945278272.0
500	5388657632477184.000	0.107	5406254113488896.000	0.106
510	5366991669952512.000	0.107	5385471303614464.000	0.105
520	5414928873684992.000	0.107	5436933601755136.000	0.104
530	5388271622291456.000	0.108	5410069118189568.000	0.107
540	5357435904589824.000	0.107	5380568061575168.000	0.107
eigenvalues:  tensor([107.1054, 107.1054])
945278272.0
550	5399575976214528.000	0.108	5431931575468032.000	0.109
560	5378667538546688.000	0.108	5411342575992832.000	0.109
570	5491639137075200.000	0.104	5508158655037440.000	0.105
580	5462538586161152.000	0.104	5478981331582976.000	0.106
590	5442681878609920.000	0.105	5459374805876736.000	0.106
eigenvalues:  tensor([106.2649, 106.2649])
1784255872.0
600	5424405182152704.000	0.104	5441324668944384.000	0.107
610	5406384573120512.000	0.104	5423488743505920.000	0.107
620	5565101331447808.000	0.109	5598847426363392.000	0.109
630	5500494822768640.000	0.108	5537109418967040.000	0.108
640	12846810896793600.000	0.093	13051558430244864.000	0.093
eigenvalues:  tensor([103.3051, 103.3051])
1784267136.0
650	12345767528235008.000	0.093	12565036346114048.000	0.092
660	11896469925658624.000	0.093	12109186770927616.000	0.091
670	11601972608106496.000	0.092	11809733061115904.000	0.090
680	11366584777965568.000	0.091	11569762500870144.000	0.089
690	11186189709082624.000	0.090	11386181639995392.000	0.089
eigenvalues:  tensor([103.1125, 103.1125])
1784267136.0
700	11304933743656960.000	0.090	11466392301731840.000	0.090
710	11180198229704704.000	0.089	11340768803291136.000	0.090
720	11062948843749376.000	0.089	11222831148826624.000	0.090
730	10965224379121664.000	0.089	11125776699097088.000	0.090
740	10833169167155200.000	0.089	10990262964715520.000	0.090
eigenvalues:  tensor([103.1125, 103.1125])
1784267136.0
750	10744657407377408.000	0.089	10900433723719680.000	0.090
760	10664597069496320.000	0.089	10819379100909568.000	0.089
770	10580460807651328.000	0.089	10734150843629568.000	0.089
780	18888845261012992.000	0.108	19343817589129216.000	0.109
790	17840339591102464.000	0.106	18274067937230848.000	0.107
eigenvalues:  tensor([100.5765, 100.5765])
1790091648.0
800	17376956643278848.000	0.105	17784066929590272.000	0.106
810	16763503243165696.000	0.104	17158745461096448.000	0.104
820	16175972118167552.000	0.102	16559245335986176.000	0.102
830	15685905612275712.000	0.102	16058972914057216.000	0.101
840	15318960786374656.000	0.101	15684061997563904.000	0.101
eigenvalues:  tensor([100.4628, 100.4628])
1790091776.0
850	14640817662590976.000	0.103	14995589477433344.000	0.101
860	14340797017096192.000	0.102	14689200469180416.000	0.100
870	14107162607353856.000	0.102	14450243521216512.000	0.099
880	13916385528774656.000	0.101	14255977855451136.000	0.099
890	13693870789361664.000	0.101	14030969887522816.000	0.099
eigenvalues:  tensor([100.4628, 100.4628])
1790091776.0
900	13464001992196096.000	0.101	13794692999151616.000	0.098
910	13268335093350400.000	0.101	13592976638869504.000	0.098
920	12961109640216576.000	0.099	13311333084692480.000	0.098
930	12788688178118656.000	0.099	13134123807801344.000	0.097
940	12621831919894528.000	0.099	12962126473723904.000	0.098
eigenvalues:  tensor([101.0658, 101.0658])
111901261824.0
950	14063176773533696.000	0.084	14163078786580480.000	0.085
960	13921391313158144.000	0.083	14019172686102528.000	0.085
970	13739619707256832.000	0.084	13834745716670464.000	0.084
980	13611112138276864.000	0.083	13704705918107648.000	0.085
990	13513949240623104.000	0.084	13608152905809920.000	0.085
