device: cuda:1
output directory: RESULTS/cifar10/fc-tanh/seed_0/ce/ivon/lr_0.1_h0_0.1_post_10_ivon
Files already downloaded and verified
Files already downloaded and verified
0	2.301	0.127	2.302	0.131
10	1.894	0.337	1.896	0.335
20	1.825	0.364	1.828	0.363
30	1.792	0.376	1.794	0.375
40	1.799	0.379	1.802	0.376
eigenvalues:  tensor([12.3325, 11.2189])
tensor([0.1000, 0.1000, 0.1000,  ..., 0.1000, 0.1000, 0.1000], device='cuda:1')
50	1.734	0.397	1.741	0.395
60	1.745	0.395	1.751	0.389
70	1.731	0.401	1.738	0.395
80	1.715	0.406	1.725	0.400
90	1.714	0.405	1.727	0.400
eigenvalues:  tensor([14.4041, 11.5863])
tensor([0.1000, 0.1000, 0.1000,  ..., 0.1000, 0.1000, 0.1000], device='cuda:1')
100	1.662	0.427	1.681	0.416
110	1.666	0.426	1.685	0.414
120	1.647	0.432	1.668	0.424
130	1.645	0.432	1.672	0.420
140	1.634	0.436	1.659	0.428
eigenvalues:  tensor([11.0253,  9.0625])
tensor([0.1000, 0.1000, 0.1000,  ..., 0.1000, 0.1000, 0.1000], device='cuda:1')
150	1.630	0.439	1.659	0.424
160	1.613	0.443	1.645	0.432
170	1.628	0.440	1.663	0.428
180	1.613	0.445	1.649	0.425
190	1.590	0.453	1.631	0.440
eigenvalues:  tensor([11.1497,  9.7232])
tensor([0.1000, 0.1000, 0.1000,  ..., 0.1000, 0.1000, 0.1000], device='cuda:1')
200	1.583	0.456	1.624	0.441
210	1.583	0.456	1.628	0.439
220	1.587	0.454	1.631	0.443
230	1.574	0.461	1.624	0.440
240	1.612	0.446	1.669	0.426
eigenvalues:  tensor([11.2976,  9.8266])
tensor([0.1000, 0.1000, 0.1000,  ..., 0.1000, 0.1000, 0.1000], device='cuda:1')
250	1.555	0.467	1.615	0.444
260	1.539	0.474	1.599	0.452
270	1.576	0.459	1.638	0.442
280	1.556	0.467	1.623	0.447
290	1.538	0.473	1.603	0.455
eigenvalues:  tensor([10.4555,  9.2949])
tensor([0.1000, 0.1000, 0.1000,  ..., 0.1000, 0.1000, 0.1000], device='cuda:1')
300	1.514	0.483	1.584	0.458
310	1.556	0.468	1.630	0.444
320	1.526	0.479	1.600	0.460
330	1.500	0.487	1.578	0.459
340	1.492	0.492	1.577	0.465
eigenvalues:  tensor([12.4983, 11.0787])
tensor([0.1000, 0.1000, 0.1000,  ..., 0.1000, 0.1000, 0.1000], device='cuda:1')
350	1.511	0.483	1.598	0.456
360	1.489	0.492	1.577	0.459
370	1.503	0.490	1.599	0.456
380	1.489	0.492	1.587	0.460
390	1.492	0.491	1.588	0.457
eigenvalues:  tensor([10.3899,  9.3996])
tensor([0.1000, 0.1000, 0.1000,  ..., 0.1000, 0.1000, 0.1000], device='cuda:1')
400	1.468	0.500	1.571	0.464
410	1.472	0.501	1.579	0.464
420	1.476	0.497	1.585	0.459
430	1.446	0.508	1.560	0.469
440	1.461	0.502	1.582	0.462
eigenvalues:  tensor([10.0966,  9.7178])
tensor([0.1000, 0.1000, 0.1000,  ..., 0.1000, 0.1000, 0.1000], device='cuda:1')
450	1.435	0.513	1.556	0.468
460	1.469	0.500	1.589	0.458
470	1.454	0.506	1.587	0.457
480	1.457	0.508	1.579	0.461
490	1.424	0.516	1.554	0.469
eigenvalues:  tensor([9.8198, 9.5386])
tensor([0.1000, 0.1000, 0.1000,  ..., 0.1000, 0.1000, 0.1000], device='cuda:1')
500	1.429	0.515	1.566	0.472
510	1.431	0.514	1.574	0.468
520	1.413	0.520	1.560	0.469
530	1.409	0.522	1.568	0.465
540	1.401	0.524	1.550	0.477
eigenvalues:  tensor([11.3888,  9.7875])
tensor([0.1000, 0.1000, 0.1000,  ..., 0.1000, 0.1000, 0.1000], device='cuda:1')
550	1.467	0.504	1.618	0.454
560	1.379	0.531	1.539	0.477
570	1.379	0.531	1.536	0.479
580	1.392	0.530	1.558	0.470
590	1.363	0.536	1.533	0.481
eigenvalues:  tensor([9.9612, 9.2722])
tensor([0.1000, 0.1000, 0.1000,  ..., 0.1000, 0.1000, 0.1000], device='cuda:1')
600	1.376	0.532	1.545	0.477
610	1.351	0.543	1.536	0.482
620	1.363	0.539	1.546	0.480
630	1.352	0.541	1.544	0.477
640	1.351	0.543	1.542	0.473
eigenvalues:  tensor([10.7544, 10.0493])
tensor([0.1000, 0.1000, 0.1000,  ..., 0.1000, 0.1000, 0.1000], device='cuda:1')
650	1.426	0.522	1.627	0.456
660	1.357	0.542	1.551	0.470
670	1.349	0.543	1.555	0.477
680	1.392	0.534	1.591	0.470
690	1.335	0.548	1.541	0.479
eigenvalues:  tensor([11.2037,  9.8608])
tensor([0.1000, 0.1000, 0.1000,  ..., 0.1000, 0.1000, 0.1000], device='cuda:1')
700	1.321	0.554	1.536	0.475
710	1.322	0.552	1.537	0.478
720	1.313	0.555	1.540	0.478
730	1.356	0.540	1.583	0.462
740	1.309	0.559	1.544	0.478
eigenvalues:  tensor([10.9737, 10.0777])
tensor([0.1000, 0.1000, 0.1000,  ..., 0.1000, 0.1000, 0.1000], device='cuda:1')
750	1.320	0.554	1.564	0.473
760	1.282	0.569	1.526	0.484
770	1.285	0.566	1.537	0.477
780	1.340	0.546	1.581	0.470
790	1.269	0.574	1.530	0.481
eigenvalues:  tensor([10.6645,  9.5400])
tensor([0.1000, 0.1000, 0.1000,  ..., 0.1000, 0.1000, 0.1000], device='cuda:1')
800	1.272	0.572	1.532	0.481
810	1.264	0.573	1.535	0.478
820	1.305	0.559	1.569	0.470
830	1.310	0.564	1.578	0.469
840	1.270	0.573	1.550	0.478
eigenvalues:  tensor([10.9886,  9.7024])
tensor([0.1000, 0.1000, 0.1000,  ..., 0.1000, 0.1000, 0.1000], device='cuda:1')
850	1.291	0.571	1.573	0.479
860	1.272	0.572	1.565	0.472
870	1.271	0.570	1.572	0.471
880	1.243	0.582	1.540	0.477
890	1.247	0.581	1.551	0.478
eigenvalues:  tensor([10.6132, 10.0813])
tensor([0.1000, 0.1000, 0.1000,  ..., 0.1000, 0.1000, 0.1000], device='cuda:1')
900	1.264	0.576	1.567	0.476
910	1.242	0.583	1.547	0.476
920	1.206	0.596	1.528	0.484
930	1.226	0.590	1.546	0.482
940	1.290	0.566	1.624	0.459
eigenvalues:  tensor([10.8172, 10.3911])
tensor([0.1000, 0.1000, 0.1000,  ..., 0.1000, 0.1000, 0.1000], device='cuda:1')
950	1.205	0.594	1.540	0.481
960	1.210	0.596	1.548	0.479
970	1.190	0.601	1.532	0.487
980	1.187	0.602	1.534	0.482
990	1.196	0.599	1.541	0.482
