device: cuda:7
output directory: RESULTS/mnist-whole/fc-tanh/seed_0/mse/ivon/lr_0.1_h0_0.01_post_10_ivon
0	0.505	0.097	0.505	0.101
10	148.356	0.090	148.946	0.089
20	281212914986123264.000	0.097	281212914986123264.000	0.097
30	241029407123177472.000	0.097	241029407123177472.000	0.097
40	224040234487119872.000	0.097	224040234487119872.000	0.097
eigenvalues:  tensor([201.0007, 201.0004])
37363380125696.0
50	212628661000470528.000	0.097	212628661000470528.000	0.097
60	204035685571624960.000	0.097	204035685571624960.000	0.097
70	196896934529597440.000	0.097	196896934529597440.000	0.097
80	191013293190545408.000	0.097	191013293190545408.000	0.097
90	186100177021435904.000	0.097	186100177021435904.000	0.097
eigenvalues:  tensor([201.0008, 201.0005])
37363380125696.0
100	181804299192369152.000	0.097	181804299192369152.000	0.097
110	177601811132186624.000	0.097	177601811132186624.000	0.097
120	173827170534162432.000	0.097	173827170534162432.000	0.097
130	170537878420455424.000	0.097	170537878420455424.000	0.097
140	167547550390288384.000	0.097	167547550390288384.000	0.097
eigenvalues:  tensor([201.0006, 201.0006])
37363380125696.0
150	164722149104287744.000	0.097	164722149104287744.000	0.097
160	162247715365847040.000	0.097	162247715365847040.000	0.097
170	159953103318155264.000	0.097	159953103318155264.000	0.097
180	157845150549147648.000	0.097	157845150549147648.000	0.097
190	155952272562454528.000	0.097	155952272562454528.000	0.097
eigenvalues:  tensor([201.0004, 201.0004])
37363380125696.0
200	154136635267612672.000	0.097	154136635267612672.000	0.097
210	152588780593741824.000	0.097	152588780593741824.000	0.097
220	151098409762160640.000	0.097	151098409762160640.000	0.097
230	149363397593399296.000	0.097	149363397593399296.000	0.097
240	147884588813778944.000	0.097	147884588813778944.000	0.097
eigenvalues:  tensor([201.0005, 201.0001])
37363380125696.0
250	146596923258699776.000	0.097	146596923258699776.000	0.097
260	145192159715262464.000	0.097	145192159715262464.000	0.097
270	143991235319693312.000	0.097	143991235319693312.000	0.097
280	142729519957016576.000	0.097	142729519957016576.000	0.097
290	141521337066717184.000	0.097	141521337066717184.000	0.097
eigenvalues:  tensor([201.0005, 201.0005])
37363380125696.0
300	140388668291416064.000	0.097	140388668291416064.000	0.097
310	139422747326414848.000	0.097	139422747326414848.000	0.097
320	138467658268934144.000	0.097	138467658268934144.000	0.097
330	137554333473439744.000	0.097	137554333473439744.000	0.097
340	136531598681047040.000	0.097	136531598681047040.000	0.097
eigenvalues:  tensor([201.0005, 201.0005])
37363380125696.0
350	135650005103935488.000	0.097	135650005103935488.000	0.097
360	134823189539717120.000	0.097	134823189539717120.000	0.097
370	133947866614857728.000	0.097	133947866614857728.000	0.097
380	133060492011765760.000	0.097	133060492011765760.000	0.097
390	132222930439372800.000	0.097	132222930439372800.000	0.097
eigenvalues:  tensor([201.0006, 201.0005])
37363380125696.0
400	131338716932210688.000	0.097	131338716932210688.000	0.097
410	130456625138892800.000	0.097	130456625138892800.000	0.097
420	129530372491837440.000	0.097	129530372491837440.000	0.097
430	128795271659257856.000	0.097	128795271659257856.000	0.097
440	128052096288161792.000	0.097	128052096288161792.000	0.097
eigenvalues:  tensor([201.0006, 201.0005])
37363380125696.0
450	127195130053525504.000	0.097	127195130053525504.000	0.097
460	126488015227846656.000	0.097	126488015227846656.000	0.097
470	125760714055876608.000	0.097	125760714055876608.000	0.097
480	125110292798504960.000	0.097	125110292798504960.000	0.097
490	124457612388335616.000	0.097	124457612388335616.000	0.097
eigenvalues:  tensor([201.0006, 201.0003])
37363380125696.0
500	123810283507417088.000	0.097	123810283507417088.000	0.097
510	123058973468262400.000	0.097	123058973468262400.000	0.097
520	122416377641304064.000	0.097	122416377641304064.000	0.097
530	121746757880119296.000	0.097	121746757880119296.000	0.097
540	121154095342944256.000	0.097	121154095342944256.000	0.097
eigenvalues:  tensor([201.0005, 201.0004])
37363380125696.0
550	120605679558852608.000	0.097	120605679558852608.000	0.097
560	120027087334539264.000	0.097	120027087334539264.000	0.097
570	119556934444515328.000	0.097	119556934444515328.000	0.097
580	119098755923312640.000	0.097	119098755923312640.000	0.097
590	118669654330703872.000	0.097	118669654330703872.000	0.097
eigenvalues:  tensor([201.0007, 201.0005])
37363380125696.0
600	118168560496279552.000	0.097	118168560496279552.000	0.097
610	117718782931107840.000	0.097	117718782931107840.000	0.097
620	117222044193521664.000	0.097	117222044193521664.000	0.097
630	116860493846544384.000	0.097	116860493846544384.000	0.097
640	116489795219226624.000	0.097	116489795219226624.000	0.097
eigenvalues:  tensor([201.0004, 201.0003])
37363380125696.0
650	116044226722004992.000	0.097	116044226722004992.000	0.097
660	115557606927368192.000	0.097	115557606927368192.000	0.097
670	115039281684152320.000	0.097	115039281684152320.000	0.097
680	114582151134969856.000	0.097	114582151134969856.000	0.097
690	114180941059981312.000	0.097	114180941059981312.000	0.097
eigenvalues:  tensor([201.0005, 201.0003])
37363380125696.0
700	113744160065847296.000	0.097	113744160065847296.000	0.097
710	113320418592423936.000	0.097	113320418592423936.000	0.097
720	112940700533784576.000	0.097	112940700533784576.000	0.097
730	112511719200260096.000	0.097	112511719200260096.000	0.097
740	112188342522609664.000	0.097	112188342522609664.000	0.097
eigenvalues:  tensor([201.0005, 201.0005])
37363380125696.0
750	111727724459982848.000	0.097	111727724459982848.000	0.097
760	111395397070487552.000	0.097	111395397070487552.000	0.097
770	111123199223136256.000	0.097	111123199223136256.000	0.097
780	110798035839090688.000	0.097	110798035839090688.000	0.097
790	110335854408368128.000	0.097	110335854408368128.000	0.097
eigenvalues:  tensor([201.0004, 201.0004])
37363380125696.0
800	110039510254878720.000	0.097	110039510254878720.000	0.097
810	109669000606121984.000	0.097	109669000606121984.000	0.097
820	109408811487330304.000	0.097	109408811487330304.000	0.097
830	109172493796769792.000	0.097	109172493796769792.000	0.097
840	108923789420527616.000	0.097	108923789420527616.000	0.097
eigenvalues:  tensor([201.0005, 201.0005])
37363380125696.0
850	108685496045010944.000	0.097	108685496045010944.000	0.097
860	108413555895697408.000	0.097	108413555895697408.000	0.097
870	108187984213311488.000	0.097	108187984213311488.000	0.097
880	107931840953712640.000	0.097	107931840953712640.000	0.097
890	107698452430848000.000	0.097	107698452430848000.000	0.097
eigenvalues:  tensor([201.0005, 201.0005])
37363380125696.0
900	107421229471760384.000	0.097	107421229471760384.000	0.097
910	107132616259403776.000	0.097	107132616259403776.000	0.097
920	106767853276889088.000	0.097	106767853276889088.000	0.097
930	106491025454792704.000	0.097	106491025454792704.000	0.097
940	106196201719726080.000	0.097	106196201719726080.000	0.097
eigenvalues:  tensor([201.0005, 201.0004])
37363380125696.0
950	105910397415981056.000	0.097	105910397415981056.000	0.097
960	105645509602967552.000	0.097	105645509602967552.000	0.097
970	105292523420778496.000	0.097	105292523420778496.000	0.097
980	105010593177534464.000	0.097	105010593177534464.000	0.097
990	104744992399949824.000	0.097	104744992399949824.000	0.097
