device: cuda:1
output directory: RESULTS/cifar10-10k/fc-tanh/seed_0/ce/ivon/lr_0.1_h0_0.01_post_10_ivon
Files already downloaded and verified
Files already downloaded and verified
0	2.300	0.131	2.302	0.131
10	2.039	0.264	2.057	0.266
20	2.058	0.292	2.087	0.287
30	1.998	0.314	2.035	0.311
40	1.988	0.329	2.031	0.323
eigenvalues:  tensor([7.6995, 7.0571])
0.009999998845160007
50	1.944	0.343	1.993	0.335
60	1.925	0.355	1.974	0.345
70	1.916	0.355	1.971	0.345
80	1.916	0.358	1.978	0.350
90	1.882	0.366	1.945	0.354
eigenvalues:  tensor([7.7768, 6.7135])
0.009999998845160007
100	1.864	0.372	1.932	0.359
110	1.864	0.375	1.941	0.360
120	1.846	0.380	1.924	0.363
130	1.833	0.385	1.915	0.367
140	1.847	0.384	1.930	0.364
eigenvalues:  tensor([7.7125, 6.1627])
0.009999998845160007
150	1.811	0.389	1.898	0.368
160	1.793	0.395	1.883	0.376
170	1.810	0.394	1.906	0.370
180	1.779	0.402	1.877	0.374
190	1.780	0.403	1.884	0.379
eigenvalues:  tensor([7.5475, 5.3242])
0.009999998845160007
200	1.777	0.404	1.884	0.377
210	1.769	0.403	1.878	0.382
220	1.749	0.412	1.860	0.388
230	1.734	0.416	1.849	0.387
240	1.740	0.417	1.860	0.390
eigenvalues:  tensor([7.4090, 4.9433])
0.009999998845160007
250	1.736	0.417	1.859	0.388
260	1.719	0.419	1.847	0.390
270	1.713	0.419	1.841	0.393
280	1.698	0.426	1.834	0.397
290	1.700	0.427	1.840	0.395
eigenvalues:  tensor([7.0745, 5.4124])
0.009999998845160007
300	1.683	0.428	1.824	0.399
310	1.684	0.430	1.827	0.399
320	1.710	0.428	1.855	0.396
330	1.672	0.432	1.822	0.399
340	1.665	0.439	1.819	0.401
eigenvalues:  tensor([7.0003, 5.2294])
0.009999998845160007
350	1.662	0.437	1.821	0.400
360	1.648	0.438	1.810	0.403
370	1.639	0.443	1.804	0.402
380	1.639	0.445	1.806	0.403
390	1.631	0.448	1.804	0.405
eigenvalues:  tensor([6.7948, 4.7675])
0.009999998845160007
400	1.645	0.446	1.823	0.398
410	1.611	0.453	1.790	0.406
420	1.613	0.452	1.796	0.406
430	1.619	0.449	1.803	0.405
440	1.592	0.458	1.782	0.406
eigenvalues:  tensor([6.7278, 4.8465])
0.009999998845160007
450	1.599	0.458	1.795	0.406
460	1.596	0.463	1.795	0.407
470	1.574	0.468	1.772	0.414
480	1.581	0.465	1.785	0.410
490	1.579	0.463	1.783	0.408
eigenvalues:  tensor([6.2442, 4.8389])
0.009999998845160007
500	1.573	0.470	1.781	0.411
510	1.565	0.469	1.778	0.412
520	1.554	0.468	1.769	0.413
530	1.570	0.471	1.790	0.407
540	1.560	0.469	1.783	0.410
eigenvalues:  tensor([6.5169, 4.9847])
0.009999998845160007
550	1.551	0.474	1.776	0.411
560	1.536	0.479	1.767	0.413
570	1.544	0.479	1.777	0.412
580	1.533	0.477	1.768	0.415
590	1.533	0.482	1.777	0.414
eigenvalues:  tensor([6.0383, 4.9340])
0.009999998845160007
600	1.521	0.484	1.763	0.417
610	1.527	0.481	1.775	0.413
620	1.507	0.486	1.762	0.416
630	1.521	0.484	1.776	0.414
640	1.496	0.491	1.752	0.417
eigenvalues:  tensor([5.9196, 4.7361])
0.009999998845160007
650	1.497	0.492	1.761	0.416
660	1.498	0.492	1.765	0.416
670	1.509	0.487	1.779	0.414
680	1.491	0.494	1.764	0.415
690	1.482	0.498	1.761	0.419
eigenvalues:  tensor([6.4151, 4.6896])
0.009999998845160007
700	1.477	0.498	1.762	0.417
710	1.467	0.502	1.756	0.417
720	1.466	0.500	1.759	0.416
730	1.454	0.507	1.748	0.420
740	1.452	0.505	1.749	0.419
eigenvalues:  tensor([6.1364, 4.7926])
0.009999998845160007
750	1.453	0.505	1.759	0.418
760	1.442	0.511	1.752	0.419
770	1.436	0.512	1.748	0.421
780	1.440	0.508	1.754	0.417
790	1.437	0.510	1.757	0.419
eigenvalues:  tensor([5.7897, 4.6792])
0.009999998845160007
800	1.433	0.512	1.757	0.418
810	1.427	0.514	1.752	0.421
820	1.418	0.515	1.748	0.420
830	1.425	0.515	1.763	0.421
840	1.414	0.516	1.754	0.419
eigenvalues:  tensor([5.8292, 4.7792])
0.009999998845160007
850	1.415	0.517	1.761	0.423
860	1.400	0.524	1.752	0.421
870	1.396	0.523	1.757	0.422
880	1.385	0.523	1.745	0.420
890	1.387	0.524	1.749	0.421
eigenvalues:  tensor([5.8692, 4.6898])
0.009999998845160007
900	1.378	0.530	1.745	0.424
910	1.377	0.530	1.748	0.424
920	1.363	0.534	1.745	0.422
930	1.358	0.539	1.748	0.423
940	1.356	0.539	1.747	0.424
eigenvalues:  tensor([5.6421, 4.4184])
0.009999998845160007
950	1.369	0.533	1.762	0.423
960	1.348	0.543	1.748	0.422
970	1.339	0.542	1.744	0.421
980	1.342	0.543	1.752	0.421
990	1.334	0.544	1.745	0.424
