device: cuda:6
output directory: RESULTS/mnist-whole/fc-tanh/seed_0/ce/ivon/lr_0.1_h0_0.01_post_10_ivon
0	2.305	0.097	2.305	0.101
10	1.893	0.686	1.884	0.698
20	1.237	0.703	1.218	0.716
30	0.863	0.769	0.842	0.779
40	0.686	0.801	0.663	0.811
eigenvalues:  tensor([4.9553, 4.3271])
0.009999999776482582
50	0.584	0.831	0.562	0.842
60	0.512	0.856	0.489	0.865
70	0.480	0.862	0.456	0.873
80	0.443	0.872	0.420	0.883
90	0.423	0.878	0.402	0.885
eigenvalues:  tensor([4.8654, 4.0194])
0.009999999776482582
100	0.407	0.883	0.387	0.889
110	0.389	0.886	0.369	0.895
120	0.376	0.892	0.358	0.896
130	0.371	0.891	0.352	0.898
140	0.358	0.896	0.341	0.900
eigenvalues:  tensor([4.3209, 3.6797])
0.009999999776482582
150	0.354	0.895	0.337	0.900
160	0.347	0.899	0.331	0.904
170	0.342	0.900	0.325	0.906
180	0.338	0.902	0.321	0.908
190	0.333	0.903	0.319	0.905
eigenvalues:  tensor([3.9718, 3.5578])
0.009999999776482582
200	0.327	0.904	0.311	0.910
210	0.325	0.905	0.311	0.910
220	0.325	0.904	0.312	0.908
230	0.318	0.907	0.305	0.910
240	0.315	0.908	0.303	0.913
eigenvalues:  tensor([3.7791, 3.2409])
0.009999999776482582
250	0.309	0.909	0.297	0.912
260	0.309	0.909	0.297	0.916
270	0.308	0.909	0.296	0.914
280	0.306	0.909	0.294	0.914
290	0.300	0.911	0.286	0.916
eigenvalues:  tensor([3.5221, 3.1476])
0.009999999776482582
300	0.297	0.913	0.288	0.915
310	0.300	0.913	0.290	0.916
320	0.291	0.914	0.281	0.918
330	0.292	0.914	0.282	0.919
340	0.291	0.915	0.283	0.916
eigenvalues:  tensor([3.4796, 3.0388])
0.009999999776482582
350	0.288	0.916	0.279	0.920
360	0.287	0.917	0.278	0.919
370	0.279	0.919	0.270	0.922
380	0.278	0.919	0.270	0.923
390	0.279	0.918	0.269	0.922
eigenvalues:  tensor([3.1851, 2.9721])
0.009999999776482582
400	0.281	0.918	0.272	0.920
410	0.275	0.919	0.266	0.923
420	0.275	0.919	0.268	0.923
430	0.269	0.922	0.262	0.925
440	0.271	0.921	0.264	0.923
eigenvalues:  tensor([3.1706, 2.7535])
0.009999999776482582
450	0.267	0.922	0.259	0.926
460	0.267	0.921	0.260	0.922
470	0.265	0.923	0.256	0.929
480	0.267	0.921	0.262	0.924
490	0.260	0.924	0.254	0.927
eigenvalues:  tensor([2.9916, 2.8058])
0.009999999776482582
500	0.256	0.925	0.250	0.928
510	0.257	0.924	0.251	0.928
520	0.252	0.927	0.248	0.928
530	0.252	0.925	0.247	0.929
540	0.250	0.927	0.246	0.930
eigenvalues:  tensor([3.0137, 2.8418])
0.009999999776482582
550	0.252	0.925	0.248	0.927
560	0.249	0.926	0.245	0.929
570	0.251	0.925	0.245	0.928
580	0.242	0.929	0.238	0.933
590	0.243	0.929	0.238	0.933
eigenvalues:  tensor([2.8928, 2.6452])
0.009999999776482582
600	0.240	0.929	0.236	0.933
610	0.240	0.930	0.238	0.931
620	0.237	0.931	0.235	0.934
630	0.236	0.932	0.233	0.933
640	0.235	0.931	0.232	0.933
eigenvalues:  tensor([2.7482, 2.5479])
0.009999999776482582
650	0.232	0.932	0.229	0.933
660	0.234	0.932	0.233	0.935
670	0.228	0.933	0.226	0.935
680	0.229	0.933	0.227	0.937
690	0.226	0.932	0.224	0.935
eigenvalues:  tensor([2.7209, 2.5253])
0.009999999776482582
700	0.226	0.933	0.224	0.936
710	0.223	0.935	0.222	0.936
720	0.224	0.933	0.223	0.935
730	0.225	0.933	0.223	0.935
740	0.221	0.934	0.220	0.937
eigenvalues:  tensor([2.7394, 2.3683])
0.009999999776482582
750	0.219	0.934	0.219	0.937
760	0.216	0.936	0.214	0.938
770	0.216	0.936	0.214	0.938
780	0.214	0.937	0.213	0.938
790	0.214	0.936	0.214	0.938
eigenvalues:  tensor([2.5898, 2.3950])
0.009999999776482582
800	0.211	0.938	0.211	0.940
810	0.209	0.938	0.209	0.939
820	0.207	0.939	0.208	0.941
830	0.206	0.939	0.207	0.939
840	0.204	0.939	0.205	0.940
eigenvalues:  tensor([2.5301, 2.3199])
0.009999999776482582
850	0.203	0.940	0.204	0.941
860	0.202	0.940	0.201	0.941
870	0.201	0.940	0.200	0.940
880	0.202	0.939	0.203	0.941
890	0.201	0.940	0.203	0.942
eigenvalues:  tensor([2.4702, 2.3401])
0.009999999776482582
900	0.197	0.941	0.198	0.943
910	0.196	0.942	0.198	0.942
920	0.193	0.942	0.195	0.943
930	0.194	0.942	0.194	0.941
940	0.196	0.941	0.196	0.942
eigenvalues:  tensor([2.2611, 2.1906])
0.009999999776482582
950	0.191	0.942	0.192	0.942
960	0.189	0.944	0.190	0.943
970	0.188	0.943	0.189	0.943
980	0.186	0.944	0.188	0.944
990	0.186	0.944	0.188	0.944
