device: cuda:4
output directory: RESULTS/cifar10-10k/fc-tanh/seed_0/mse/ivon/lr_0.1_h0_0.01_post_10_ivon
Files already downloaded and verified
Files already downloaded and verified
0	0.597	0.131	0.597	0.131
10	589060.875	0.106	594775.062	0.107
20	61147002716553216.000	0.105	61745867186503680.000	0.113
30	26197745727438848.000	0.106	26445990542180352.000	0.108
40	20804647635648512.000	0.095	20979317513125888.000	0.105
eigenvalues:  tensor([97.1126, 97.1126])
3101.84912109375
50	19163753232728064.000	0.100	19312696256102400.000	0.107
60	18030807432036352.000	0.099	18161067347673088.000	0.105
70	17483068105293824.000	0.099	17629421263388672.000	0.105
80	17065977388728320.000	0.098	17143531613192192.000	0.102
90	15783443245826048.000	0.097	15874684457320448.000	0.101
eigenvalues:  tensor([94.6729, 94.6729])
35078.59765625
100	15001006504935424.000	0.094	15118374002491392.000	0.103
110	14351980038193152.000	0.093	14469870448017408.000	0.102
120	14785920985202688.000	0.097	14850316503613440.000	0.105
130	14499629202669568.000	0.095	14567439220080640.000	0.103
140	15907097501761536.000	0.093	15999683038019584.000	0.100
eigenvalues:  tensor([89.4929, 89.4929])
35473.75
150	15435453184344064.000	0.094	15536306532646912.000	0.101
160	15909365244493824.000	0.097	15968212738899968.000	0.103
170	15346768552132608.000	0.097	15397498558349312.000	0.104
180	14906712645435392.000	0.098	14958620546433024.000	0.105
190	13318527154913280.000	0.094	13405559298457600.000	0.104
eigenvalues:  tensor([87.3552, 87.3552])
16970337280.0
200	12871654061375488.000	0.095	12974038565519360.000	0.105
210	12979701479899136.000	0.096	13069462001418240.000	0.104
220	12728523202494464.000	0.097	12832167205797888.000	0.104
230	12493064505393152.000	0.097	12599723575738368.000	0.104
240	12333935967076352.000	0.098	12419218985189376.000	0.105
eigenvalues:  tensor([85.4363, 85.4363])
17112115200.0
250	12100770782511104.000	0.098	12184458220273664.000	0.104
260	11933494691233792.000	0.098	12019717233442816.000	0.104
270	11782273187708928.000	0.100	11870493963452416.000	0.104
280	11618331064795136.000	0.100	11708894745198592.000	0.104
290	11464934160334848.000	0.101	11559938836922368.000	0.105
eigenvalues:  tensor([85.4363, 85.4363])
17112115200.0
300	11334275886481408.000	0.102	11431884386992128.000	0.105
310	11247279176417280.000	0.102	11347399159054336.000	0.105
320	11149488139796480.000	0.102	11251558037585920.000	0.105
330	11061012887240704.000	0.102	11164721315053568.000	0.105
340	10971998616289280.000	0.101	11075621144756224.000	0.105
eigenvalues:  tensor([83.7232, 83.7232])
17113612288.0
350	11206266533707776.000	0.101	11348468605911040.000	0.105
360	11260082473926656.000	0.099	11398355724795904.000	0.104
370	11108889961431040.000	0.101	11250629250908160.000	0.105
380	11020570401439744.000	0.101	11162811128348672.000	0.105
390	12456248045731840.000	0.093	12709664001097728.000	0.095
eigenvalues:  tensor([83.7193, 83.7193])
17157044224.0
400	11949943342235648.000	0.095	12186594966503424.000	0.098
410	11761407162843136.000	0.096	11995623540654080.000	0.097
420	11639377478287360.000	0.096	11873341526769664.000	0.099
430	11557169656758272.000	0.097	11790602203037696.000	0.099
440	11483887851012096.000	0.097	11716637497491456.000	0.099
eigenvalues:  tensor([83.7194, 83.7194])
17157044224.0
450	11411871986876416.000	0.097	11644304879517696.000	0.098
460	11345422400356352.000	0.098	11578019575496704.000	0.098
470	11281503623315456.000	0.098	11514720347488256.000	0.098
480	11216658207080448.000	0.098	11450248593408000.000	0.098
490	11159631778807808.000	0.097	11393603343482880.000	0.098
eigenvalues:  tensor([83.7274, 83.7273])
17157044224.0
500	11107215997927424.000	0.097	11341723359772672.000	0.098
510	11024181395193856.000	0.098	11258170139738112.000	0.098
520	10959878218579968.000	0.098	11194219150442496.000	0.099
530	10893378166194176.000	0.098	11127701918187520.000	0.100
540	10833570746597376.000	0.098	11068264939520000.000	0.099
eigenvalues:  tensor([9.8131e+10, 8.1911e+03])
17157044224.0
550	10774290534236160.000	0.099	11005771017879552.000	0.100
560	10715609469812736.000	0.098	10948283954364416.000	0.100
570	10675409649664000.000	0.098	10907873680818176.000	0.100
580	10640044888948736.000	0.098	10872477781590016.000	0.099
590	10608030202724352.000	0.098	10840371827310592.000	0.099
eigenvalues:  tensor([84.3870, 84.3869])
17157044224.0
600	10575177997877248.000	0.097	10807463787888640.000	0.100
610	10541726645092352.000	0.098	10773941568143360.000	0.099
620	10509738802413568.000	0.098	10741867826118656.000	0.099
630	10479303590412288.000	0.098	10711325239934976.000	0.099
640	10446240932167680.000	0.098	10678071455645696.000	0.100
eigenvalues:  tensor([84.3869, 84.3869])
17157044224.0
650	10414737347051520.000	0.098	10645850610991104.000	0.100
660	10380471024222208.000	0.097	10612187731066880.000	0.100
670	10347217239932928.000	0.098	10579652280057856.000	0.100
680	10317399429480448.000	0.098	10549850575732736.000	0.100
690	10280873953853440.000	0.098	10515415675437056.000	0.101
eigenvalues:  tensor([84.4342, 84.4341])
17157044224.0
700	10250640605315072.000	0.098	10486945410973696.000	0.101
710	10224629209628672.000	0.098	10461180975906816.000	0.101
720	10199031204544512.000	0.098	10436011393810432.000	0.102
730	10104212285292544.000	0.098	10390491182923776.000	0.102
740	10056269712850944.000	0.098	10344137748381696.000	0.102
eigenvalues:  tensor([83.3013, 83.3013])
17157044224.0
750	10019059189940224.000	0.097	10306899308183552.000	0.102
760	9989361638572032.000	0.097	10277483077173248.000	0.102
770	9960113985028096.000	0.096	10248161335443456.000	0.103
780	9928998020710400.000	0.096	10216698552516608.000	0.102
790	9902464786497536.000	0.096	10190051501670400.000	0.102
eigenvalues:  tensor([83.3013, 83.3012])
17157044224.0
800	9879944125480960.000	0.096	10167628551159808.000	0.102
810	9856301404258304.000	0.096	10143760344154112.000	0.102
820	9833208438849536.000	0.096	10120305527750656.000	0.102
830	9814191397404672.000	0.096	10101143531159552.000	0.102
840	9796284605005824.000	0.096	10083483699380224.000	0.102
eigenvalues:  tensor([83.3013, 83.3012])
17157044224.0
850	9778522767753216.000	0.096	10066091229315072.000	0.102
860	9761337529860096.000	0.096	10049017660571648.000	0.102
870	10897742926708736.000	0.101	11235484122480640.000	0.105
880	10557624466538496.000	0.100	10873691109851136.000	0.104
890	10419588512612352.000	0.100	10727761006034944.000	0.103
eigenvalues:  tensor([83.2411, 83.2411])
17157045248.0
900	10262962866487296.000	0.100	10562693601689600.000	0.102
910	10141898475831296.000	0.099	10434737936007168.000	0.101
920	10098925180551168.000	0.100	10389012640432128.000	0.101
930	10067482798718976.000	0.100	10355635375833088.000	0.100
940	10033429076770816.000	0.099	10320008622112768.000	0.099
eigenvalues:  tensor([83.2411, 83.2411])
17157045248.0
950	9996835955408896.000	0.099	10281686776414208.000	0.100
960	9954061302366208.000	0.099	10236548817616896.000	0.100
970	9926458621296640.000	0.099	10208027013545984.000	0.100
980	9897868097748992.000	0.099	10178855595671552.000	0.101
990	9872624427466752.000	0.099	10153377849671680.000	0.100
