device: cuda:5
output directory: RESULTS/cifar10-10k/resnet32/seed_0/mse/ivon/lr_0.1_h0_0.01_post_10_ivon
Files already downloaded and verified
Files already downloaded and verified
0	0.621	0.101	0.620	0.098
10	0.468	0.164	0.469	0.161
20	0.450	0.175	0.451	0.171
30	0.447	0.199	0.448	0.198
40	0.431	0.213	0.432	0.209
eigenvalues:  tensor([3.3305, 3.2899])
0.009999999776482582
50	0.430	0.223	0.430	0.223
60	0.426	0.240	0.427	0.232
70	0.420	0.253	0.421	0.254
80	0.422	0.248	0.423	0.236
90	0.419	0.254	0.420	0.250
eigenvalues:  tensor([3.7478, 3.1078])
0.009999999776482582
100	0.415	0.273	0.416	0.271
110	0.415	0.275	0.416	0.274
120	0.416	0.260	0.418	0.256
130	0.412	0.288	0.413	0.283
140	0.414	0.283	0.415	0.279
eigenvalues:  tensor([2.4302, 2.1211])
0.009999999776482582
150	0.412	0.284	0.414	0.278
160	0.412	0.296	0.413	0.294
170	0.410	0.301	0.411	0.294
180	0.409	0.308	0.410	0.306
190	0.409	0.316	0.410	0.316
eigenvalues:  tensor([1.9125, 1.8887])
0.009999999776482582
200	0.408	0.305	0.409	0.299
210	0.408	0.311	0.409	0.301
220	0.410	0.300	0.411	0.295
230	0.406	0.320	0.407	0.309
240	0.406	0.306	0.407	0.299
eigenvalues:  tensor([1.7973, 1.7403])
0.009999999776482582
250	0.405	0.316	0.407	0.307
260	0.404	0.316	0.406	0.315
270	0.404	0.322	0.406	0.312
280	0.405	0.314	0.406	0.307
290	0.404	0.320	0.405	0.318
eigenvalues:  tensor([1.7251, 1.6527])
0.009999999776482582
300	0.403	0.318	0.405	0.319
310	0.403	0.320	0.405	0.312
320	0.403	0.323	0.405	0.310
330	0.403	0.331	0.404	0.327
340	0.402	0.324	0.404	0.322
eigenvalues:  tensor([1.6813, 1.6026])
0.009999999776482582
350	0.402	0.332	0.403	0.324
360	0.402	0.323	0.403	0.321
370	0.401	0.326	0.403	0.320
380	0.403	0.315	0.404	0.305
390	0.400	0.329	0.402	0.328
eigenvalues:  tensor([1.6301, 1.5541])
0.009999999776482582
400	0.399	0.334	0.401	0.329
410	0.400	0.327	0.401	0.323
420	0.400	0.331	0.402	0.323
430	0.399	0.327	0.400	0.328
440	0.399	0.330	0.401	0.323
eigenvalues:  tensor([1.5954, 1.5207])
0.009999999776482582
450	0.399	0.331	0.401	0.326
460	0.398	0.332	0.400	0.331
470	0.397	0.335	0.399	0.335
480	0.397	0.333	0.399	0.337
490	0.398	0.342	0.400	0.339
eigenvalues:  tensor([1.5802, 1.5059])
0.009999999776482582
500	0.396	0.338	0.398	0.332
510	0.396	0.340	0.398	0.332
520	0.396	0.338	0.398	0.338
530	0.396	0.343	0.398	0.337
540	0.395	0.342	0.397	0.341
eigenvalues:  tensor([1.5622, 1.4817])
0.009999999776482582
550	0.395	0.339	0.397	0.341
560	0.396	0.347	0.398	0.339
570	0.395	0.350	0.396	0.341
580	0.396	0.334	0.398	0.333
590	0.394	0.348	0.396	0.346
eigenvalues:  tensor([1.5356, 1.4636])
0.009999999776482582
600	0.394	0.343	0.396	0.338
610	0.394	0.347	0.396	0.343
620	0.393	0.348	0.395	0.346
630	0.393	0.349	0.395	0.348
640	0.393	0.346	0.395	0.342
eigenvalues:  tensor([1.5249, 1.4500])
0.009999999776482582
650	0.394	0.349	0.396	0.341
660	0.393	0.353	0.395	0.340
670	0.393	0.349	0.394	0.345
680	0.391	0.352	0.393	0.350
690	0.391	0.353	0.393	0.351
eigenvalues:  tensor([1.5035, 1.4349])
0.009999999776482582
700	0.392	0.358	0.393	0.349
710	0.391	0.353	0.393	0.347
720	0.391	0.350	0.393	0.347
730	0.391	0.352	0.393	0.350
740	0.390	0.361	0.392	0.357
eigenvalues:  tensor([1.5106, 1.4290])
0.009999999776482582
750	0.390	0.359	0.392	0.356
760	0.390	0.363	0.392	0.356
770	0.390	0.359	0.392	0.355
780	0.390	0.356	0.391	0.349
790	0.389	0.363	0.391	0.362
eigenvalues:  tensor([1.5039, 1.4352])
0.009999999776482582
800	0.389	0.367	0.391	0.360
810	0.389	0.358	0.391	0.356
820	0.389	0.359	0.390	0.356
830	0.390	0.352	0.391	0.350
840	0.388	0.360	0.390	0.356
eigenvalues:  tensor([1.4835, 1.4123])
0.009999999776482582
850	0.388	0.363	0.390	0.359
860	0.388	0.367	0.390	0.356
870	0.388	0.362	0.390	0.359
880	0.388	0.363	0.389	0.355
890	0.388	0.366	0.390	0.361
eigenvalues:  tensor([1.4847, 1.4086])
0.009999999776482582
900	0.387	0.370	0.389	0.364
910	0.388	0.361	0.390	0.355
920	0.387	0.362	0.389	0.357
930	0.388	0.360	0.389	0.354
940	0.387	0.366	0.388	0.366
eigenvalues:  tensor([1.4776, 1.4009])
0.009999999776482582
950	0.387	0.371	0.389	0.355
960	0.387	0.368	0.388	0.362
970	0.386	0.366	0.388	0.357
980	0.386	0.368	0.388	0.360
990	0.386	0.372	0.388	0.366
