device: cuda:7
output directory: RESULTS/cifar10-10k/resnet32/seed_0/mse/ivon/lr_0.05_h0_0.1_post_10_ivon
Files already downloaded and verified
Files already downloaded and verified
0	0.621	0.101	0.620	0.098
10	0.438	0.205	0.438	0.200
20	0.429	0.226	0.430	0.219
30	0.423	0.257	0.424	0.251
40	0.419	0.251	0.420	0.244
eigenvalues:  tensor([6.4641, 6.3784])
0.09999999403953552
50	0.416	0.275	0.417	0.265
60	0.413	0.285	0.414	0.274
70	0.410	0.297	0.411	0.286
80	0.409	0.299	0.411	0.292
90	0.407	0.311	0.409	0.293
eigenvalues:  tensor([6.1768, 5.9224])
0.09999999403953552
100	0.405	0.314	0.406	0.306
110	0.404	0.320	0.406	0.313
120	0.403	0.319	0.405	0.314
130	0.401	0.336	0.403	0.327
140	0.401	0.332	0.402	0.324
eigenvalues:  tensor([6.4083, 5.9263])
0.09999999403953552
150	0.399	0.335	0.401	0.323
160	0.399	0.342	0.401	0.337
170	0.397	0.350	0.399	0.342
180	0.396	0.348	0.398	0.340
190	0.396	0.355	0.398	0.348
eigenvalues:  tensor([5.6692, 5.3104])
0.09999999403953552
200	0.395	0.350	0.397	0.341
210	0.395	0.361	0.397	0.347
220	0.395	0.360	0.397	0.352
230	0.393	0.360	0.396	0.352
240	0.392	0.358	0.394	0.347
eigenvalues:  tensor([5.5769, 5.1682])
0.09999999403953552
250	0.391	0.370	0.393	0.358
260	0.391	0.370	0.393	0.358
270	0.390	0.375	0.392	0.359
280	0.391	0.369	0.393	0.356
290	0.390	0.371	0.392	0.361
eigenvalues:  tensor([5.4151, 5.0482])
0.09999999403953552
300	0.389	0.376	0.391	0.367
310	0.388	0.373	0.391	0.368
320	0.388	0.373	0.390	0.369
330	0.388	0.376	0.390	0.369
340	0.387	0.382	0.390	0.374
eigenvalues:  tensor([5.2698, 4.9478])
0.09999999403953552
350	0.387	0.387	0.389	0.375
360	0.387	0.377	0.389	0.364
370	0.386	0.385	0.389	0.376
380	0.386	0.387	0.389	0.370
390	0.386	0.392	0.388	0.374
eigenvalues:  tensor([4.9442, 4.8340])
0.09999999403953552
400	0.385	0.386	0.387	0.377
410	0.384	0.392	0.386	0.382
420	0.384	0.389	0.387	0.376
430	0.383	0.389	0.386	0.375
440	0.383	0.393	0.386	0.379
eigenvalues:  tensor([4.8938, 4.7547])
0.09999999403953552
450	0.382	0.400	0.385	0.382
460	0.382	0.398	0.385	0.383
470	0.382	0.394	0.385	0.383
480	0.381	0.393	0.384	0.384
490	0.381	0.407	0.384	0.389
eigenvalues:  tensor([4.7921, 4.6704])
0.09999999403953552
500	0.380	0.401	0.383	0.385
510	0.380	0.404	0.383	0.389
520	0.379	0.402	0.382	0.388
530	0.379	0.403	0.382	0.391
540	0.379	0.403	0.382	0.390
eigenvalues:  tensor([4.6853, 4.5757])
0.09999999403953552
550	0.378	0.403	0.381	0.391
560	0.378	0.411	0.382	0.394
570	0.377	0.413	0.380	0.396
580	0.378	0.405	0.381	0.391
590	0.377	0.412	0.380	0.397
eigenvalues:  tensor([4.6079, 4.5168])
0.09999999403953552
600	0.378	0.416	0.381	0.395
610	0.376	0.408	0.380	0.394
620	0.376	0.411	0.379	0.400
630	0.375	0.414	0.378	0.401
640	0.375	0.418	0.379	0.398
eigenvalues:  tensor([4.5457, 4.4478])
0.09999999403953552
650	0.375	0.417	0.378	0.401
660	0.374	0.412	0.378	0.401
670	0.374	0.415	0.377	0.401
680	0.373	0.422	0.377	0.410
690	0.373	0.421	0.377	0.405
eigenvalues:  tensor([4.4876, 4.3914])
0.09999999403953552
700	0.372	0.429	0.377	0.409
710	0.372	0.424	0.376	0.409
720	0.372	0.428	0.376	0.407
730	0.371	0.422	0.376	0.406
740	0.371	0.425	0.375	0.412
eigenvalues:  tensor([4.4434, 4.3464])
0.09999999403953552
750	0.371	0.428	0.375	0.407
760	0.370	0.433	0.374	0.417
770	0.370	0.435	0.375	0.413
780	0.369	0.432	0.374	0.413
790	0.369	0.430	0.374	0.414
eigenvalues:  tensor([4.4142, 4.3016])
0.09999999403953552
800	0.369	0.437	0.374	0.417
810	0.368	0.435	0.373	0.415
820	0.368	0.438	0.373	0.420
830	0.368	0.434	0.373	0.419
840	0.367	0.440	0.372	0.421
eigenvalues:  tensor([4.4168, 4.2680])
0.09999999403953552
850	0.367	0.440	0.372	0.418
860	0.367	0.444	0.372	0.426
870	0.366	0.433	0.371	0.420
880	0.366	0.441	0.371	0.424
890	0.366	0.441	0.371	0.424
eigenvalues:  tensor([4.3665, 4.2350])
0.09999999403953552
900	0.365	0.443	0.370	0.425
910	0.365	0.441	0.370	0.424
920	0.364	0.446	0.370	0.426
930	0.364	0.450	0.370	0.427
940	0.364	0.452	0.369	0.432
eigenvalues:  tensor([4.3619, 4.2121])
0.09999999403953552
950	0.364	0.451	0.369	0.433
960	0.363	0.443	0.369	0.427
970	0.363	0.453	0.369	0.432
980	0.362	0.454	0.368	0.434
990	0.362	0.459	0.368	0.430
