device: cuda:4
output directory: RESULTS/cifar10-10k/fc-tanh/seed_0/ce/ivon/lr_0.05_h0_0.1_post_10_ivon
Files already downloaded and verified
Files already downloaded and verified
0	2.300	0.131	2.302	0.131
10	1.956	0.310	1.973	0.301
20	1.868	0.341	1.896	0.330
30	1.814	0.366	1.852	0.351
40	1.777	0.382	1.823	0.363
eigenvalues:  tensor([14.5231, 12.0018])
tensor([0.1000, 0.1000, 0.1000,  ..., 0.1000, 0.1000, 0.1000], device='cuda:4')
50	1.746	0.390	1.801	0.373
60	1.724	0.397	1.786	0.377
70	1.705	0.404	1.776	0.380
80	1.688	0.409	1.767	0.385
90	1.670	0.418	1.757	0.389
eigenvalues:  tensor([18.5367, 17.7075])
tensor([0.1000, 0.1000, 0.1000,  ..., 0.1000, 0.1000, 0.1000], device='cuda:4')
100	1.648	0.426	1.743	0.397
110	1.638	0.429	1.743	0.400
120	1.621	0.436	1.734	0.402
130	1.618	0.438	1.741	0.400
140	1.602	0.439	1.731	0.399
eigenvalues:  tensor([21.7363, 18.3320])
tensor([0.1000, 0.1000, 0.1000,  ..., 0.1000, 0.1000, 0.1000], device='cuda:4')
150	1.580	0.452	1.717	0.408
160	1.567	0.458	1.714	0.408
170	1.575	0.451	1.731	0.403
180	1.544	0.468	1.707	0.408
190	1.535	0.472	1.708	0.411
eigenvalues:  tensor([20.3465, 17.1319])
tensor([0.1000, 0.1000, 0.1000,  ..., 0.1000, 0.1000, 0.1000], device='cuda:4')
200	1.523	0.477	1.706	0.411
210	1.510	0.481	1.702	0.414
220	1.497	0.485	1.697	0.415
230	1.506	0.483	1.715	0.410
240	1.472	0.495	1.694	0.416
eigenvalues:  tensor([21.5717, 19.3313])
tensor([0.1000, 0.1000, 0.1000,  ..., 0.1000, 0.1000, 0.1000], device='cuda:4')
250	1.464	0.499	1.693	0.418
260	1.451	0.507	1.691	0.419
270	1.486	0.490	1.732	0.405
280	1.437	0.509	1.695	0.419
290	1.426	0.512	1.693	0.422
eigenvalues:  tensor([18.2760, 17.5260])
tensor([0.1000, 0.1000, 0.1000,  ..., 0.1000, 0.1000, 0.1000], device='cuda:4')
300	1.415	0.519	1.694	0.417
310	1.447	0.503	1.735	0.411
320	1.393	0.528	1.694	0.419
330	1.379	0.535	1.691	0.423
340	1.366	0.543	1.689	0.423
eigenvalues:  tensor([19.7756, 18.6442])
tensor([0.1000, 0.1000, 0.1000,  ..., 0.1000, 0.1000, 0.1000], device='cuda:4')
350	1.345	0.548	1.684	0.423
360	1.344	0.543	1.695	0.423
370	1.364	0.543	1.727	0.412
380	1.326	0.555	1.698	0.424
390	1.303	0.564	1.688	0.422
eigenvalues:  tensor([20.7725, 16.6604])
tensor([0.1000, 0.1000, 0.1000,  ..., 0.1000, 0.1000, 0.1000], device='cuda:4')
400	1.299	0.566	1.699	0.419
410	1.276	0.576	1.690	0.424
420	1.273	0.575	1.703	0.427
430	1.241	0.586	1.690	0.427
440	1.240	0.588	1.700	0.423
eigenvalues:  tensor([18.8170, 17.3790])
tensor([0.1000, 0.1000, 0.1000,  ..., 0.1000, 0.1000, 0.1000], device='cuda:4')
450	1.225	0.595	1.695	0.427
460	1.231	0.591	1.719	0.419
470	1.216	0.596	1.718	0.420
480	1.193	0.604	1.709	0.423
490	1.195	0.604	1.718	0.423
eigenvalues:  tensor([19.0201, 17.7661])
tensor([0.1000, 0.1000, 0.1000,  ..., 0.1000, 0.1000, 0.1000], device='cuda:4')
500	1.160	0.617	1.707	0.427
510	1.154	0.619	1.723	0.426
520	1.127	0.630	1.713	0.429
530	1.115	0.634	1.726	0.421
540	1.125	0.634	1.738	0.420
eigenvalues:  tensor([19.3183, 18.4715])
tensor([0.1000, 0.1000, 0.1000,  ..., 0.1000, 0.1000, 0.1000], device='cuda:4')
550	1.095	0.646	1.730	0.417
560	1.075	0.652	1.735	0.420
570	1.061	0.659	1.734	0.424
580	1.111	0.636	1.813	0.409
590	1.017	0.677	1.733	0.425
eigenvalues:  tensor([19.9593, 18.8765])
tensor([0.1000, 0.1000, 0.1000,  ..., 0.1000, 0.1000, 0.1000], device='cuda:4')
600	1.078	0.650	1.805	0.413
610	1.044	0.663	1.787	0.412
620	1.006	0.677	1.772	0.422
630	0.973	0.695	1.761	0.422
640	0.958	0.698	1.765	0.426
eigenvalues:  tensor([19.6926, 18.4182])
tensor([0.1000, 0.1000, 0.1000,  ..., 0.1000, 0.1000, 0.1000], device='cuda:4')
650	0.996	0.684	1.833	0.409
660	0.960	0.697	1.798	0.414
670	0.901	0.721	1.771	0.425
680	0.921	0.708	1.813	0.414
690	0.886	0.725	1.801	0.419
eigenvalues:  tensor([20.3693, 19.1183])
tensor([0.1000, 0.1000, 0.1000,  ..., 0.1000, 0.1000, 0.1000], device='cuda:4')
700	0.903	0.714	1.849	0.404
710	0.920	0.707	1.852	0.407
720	0.839	0.741	1.820	0.420
730	0.848	0.734	1.825	0.410
740	0.834	0.738	1.842	0.420
eigenvalues:  tensor([21.8467, 18.8564])
tensor([0.1000, 0.1000, 0.1000,  ..., 0.1000, 0.1000, 0.1000], device='cuda:4')
750	0.844	0.736	1.883	0.415
760	0.820	0.750	1.871	0.412
770	0.797	0.755	1.870	0.410
780	0.817	0.747	1.915	0.416
790	0.764	0.772	1.882	0.409
eigenvalues:  tensor([22.6481, 17.9619])
tensor([0.1000, 0.1000, 0.1000,  ..., 0.1000, 0.1000, 0.1000], device='cuda:4')
800	0.781	0.757	1.908	0.410
810	0.710	0.791	1.877	0.421
820	0.734	0.776	1.916	0.413
830	0.795	0.758	2.020	0.404
840	0.744	0.769	1.989	0.403
eigenvalues:  tensor([22.2477, 21.9011])
tensor([0.1000, 0.1000, 0.1000,  ..., 0.1000, 0.1000, 0.1000], device='cuda:4')
850	0.782	0.763	2.016	0.403
860	0.680	0.805	1.966	0.401
870	0.672	0.804	1.957	0.405
880	0.655	0.807	1.986	0.403
890	0.630	0.822	1.967	0.403
eigenvalues:  tensor([19.2974, 18.6700])
tensor([0.1000, 0.1000, 0.1000,  ..., 0.1000, 0.1000, 0.1000], device='cuda:4')
900	0.648	0.807	2.002	0.410
910	0.635	0.816	2.001	0.401
920	0.566	0.847	1.964	0.412
930	0.565	0.845	2.002	0.407
940	0.619	0.817	2.072	0.406
eigenvalues:  tensor([21.1749, 18.5210])
tensor([0.1000, 0.1000, 0.1000,  ..., 0.1000, 0.1000, 0.1000], device='cuda:4')
950	0.550	0.847	2.028	0.409
960	0.660	0.797	2.140	0.391
970	0.539	0.848	2.051	0.404
980	0.509	0.864	2.035	0.408
990	0.578	0.831	2.131	0.400
