device: cuda:2
output directory: RESULTS/cifar10/resnet32/seed_0/ce/ivon/lr_0.05_h0_0.01_post_10_ivon
Files already downloaded and verified
Files already downloaded and verified
0	2.309	0.101	2.310	0.098
10	2.248	0.184	2.247	0.186
20	2.225	0.202	2.223	0.207
30	2.202	0.209	2.199	0.215
40	2.177	0.210	2.174	0.214
eigenvalues:  tensor([6.7395, 5.0302])
0.009999999776482582
50	2.151	0.216	2.147	0.218
60	2.128	0.222	2.124	0.222
70	2.107	0.225	2.102	0.227
80	2.089	0.226	2.083	0.230
90	2.071	0.234	2.065	0.236
eigenvalues:  tensor([12.4234,  5.7045])
0.009999999776482582
100	2.052	0.247	2.045	0.248
110	2.035	0.247	2.029	0.249
120	2.020	0.252	2.014	0.255
130	2.005	0.260	1.998	0.268
140	1.988	0.266	1.981	0.269
eigenvalues:  tensor([4.5570, 2.7196])
0.009999999776482582
150	1.974	0.269	1.967	0.271
160	1.962	0.274	1.956	0.273
170	1.947	0.281	1.940	0.281
180	1.933	0.284	1.926	0.287
190	1.924	0.287	1.916	0.286
eigenvalues:  tensor([4.6177, 2.7240])
0.009999999776482582
200	1.905	0.290	1.898	0.292
210	1.894	0.294	1.887	0.298
220	1.882	0.299	1.875	0.302
230	1.872	0.302	1.864	0.307
240	1.859	0.310	1.852	0.311
eigenvalues:  tensor([4.8743, 2.7446])
0.009999999776482582
250	1.849	0.310	1.841	0.312
260	1.838	0.313	1.831	0.317
270	1.829	0.315	1.822	0.317
280	1.821	0.316	1.813	0.318
290	1.823	0.317	1.814	0.320
eigenvalues:  tensor([4.9812, 3.1987])
0.009999999776482582
300	1.802	0.324	1.796	0.325
310	1.796	0.327	1.789	0.328
320	1.790	0.325	1.785	0.327
330	1.778	0.330	1.772	0.330
340	1.771	0.334	1.765	0.333
eigenvalues:  tensor([5.8634, 3.4639])
0.009999999776482582
350	1.765	0.337	1.760	0.335
360	1.770	0.333	1.761	0.335
370	1.758	0.341	1.751	0.340
380	1.747	0.343	1.741	0.342
390	1.748	0.343	1.740	0.343
eigenvalues:  tensor([5.7828, 3.4087])
0.009999999776482582
400	1.735	0.347	1.731	0.346
410	1.732	0.348	1.725	0.348
420	1.728	0.347	1.721	0.346
430	1.725	0.348	1.719	0.350
440	1.715	0.354	1.711	0.352
eigenvalues:  tensor([5.8660, 3.7202])
0.009999999776482582
450	1.709	0.358	1.704	0.356
460	1.707	0.359	1.702	0.357
470	1.700	0.361	1.695	0.361
480	1.693	0.360	1.690	0.359
490	1.688	0.364	1.684	0.364
eigenvalues:  tensor([5.5421, 4.1076])
0.009999999776482582
500	1.685	0.366	1.681	0.365
510	1.676	0.369	1.673	0.367
520	1.672	0.370	1.669	0.371
530	1.667	0.372	1.664	0.371
540	1.664	0.371	1.661	0.374
eigenvalues:  tensor([5.4873, 4.3207])
0.009999999776482582
550	1.662	0.373	1.659	0.375
560	1.652	0.376	1.650	0.377
570	1.650	0.378	1.647	0.378
580	1.646	0.377	1.643	0.380
590	1.641	0.380	1.638	0.380
eigenvalues:  tensor([5.7725, 4.5806])
0.009999999776482582
600	1.637	0.382	1.634	0.385
610	1.633	0.383	1.630	0.386
620	1.627	0.386	1.625	0.386
630	1.627	0.385	1.625	0.384
640	1.621	0.387	1.620	0.387
eigenvalues:  tensor([5.2463, 4.4418])
0.009999999776482582
650	1.615	0.390	1.614	0.388
660	1.613	0.390	1.612	0.391
670	1.611	0.394	1.610	0.392
680	1.609	0.394	1.610	0.393
690	1.604	0.394	1.604	0.394
eigenvalues:  tensor([4.8839, 4.1013])
0.009999999776482582
700	1.599	0.397	1.599	0.397
710	1.597	0.399	1.595	0.399
720	1.595	0.398	1.593	0.397
730	1.594	0.400	1.593	0.397
740	1.585	0.402	1.584	0.401
eigenvalues:  tensor([4.7726, 3.9726])
0.009999999776482582
750	1.581	0.405	1.581	0.402
760	1.581	0.407	1.582	0.404
770	1.575	0.407	1.574	0.406
780	1.573	0.408	1.573	0.405
790	1.570	0.408	1.570	0.408
eigenvalues:  tensor([4.9798, 4.0351])
0.009999999776482582
800	1.567	0.411	1.567	0.410
810	1.564	0.411	1.563	0.411
820	1.558	0.412	1.556	0.412
830	1.558	0.415	1.557	0.413
840	1.553	0.414	1.553	0.411
eigenvalues:  tensor([4.9271, 3.9074])
0.009999999776482582
850	1.549	0.418	1.548	0.417
860	1.545	0.421	1.545	0.421
870	1.544	0.419	1.543	0.417
880	1.541	0.421	1.540	0.420
890	1.537	0.421	1.535	0.422
eigenvalues:  tensor([4.7429, 3.8221])
0.009999999776482582
900	1.533	0.424	1.531	0.425
910	1.532	0.425	1.530	0.422
920	1.534	0.423	1.533	0.420
930	1.525	0.428	1.524	0.427
940	1.521	0.431	1.519	0.432
eigenvalues:  tensor([4.3985, 3.4376])
0.009999999776482582
950	1.522	0.432	1.522	0.430
960	1.516	0.429	1.514	0.429
970	1.511	0.433	1.510	0.434
980	1.512	0.433	1.511	0.433
990	1.510	0.434	1.510	0.434
