device: cuda:5
output directory: RESULTS/cifar10/resnet32/seed_0/mse/ivon/lr_0.05_h0_0.01_post_10_ivon
Files already downloaded and verified
Files already downloaded and verified
0	0.620	0.101	0.620	0.098
10	0.466	0.163	0.466	0.161
20	0.456	0.184	0.455	0.187
30	0.443	0.213	0.442	0.214
40	0.441	0.186	0.440	0.188
eigenvalues:  tensor([5.6693, 5.1926])
0.009999999776482582
50	0.440	0.204	0.439	0.205
60	0.433	0.202	0.432	0.204
70	0.430	0.213	0.429	0.215
80	0.431	0.218	0.430	0.221
90	0.428	0.236	0.427	0.240
eigenvalues:  tensor([3.5494, 3.4482])
0.009999999776482582
100	0.424	0.246	0.423	0.250
110	0.423	0.235	0.423	0.235
120	0.425	0.237	0.425	0.238
130	0.420	0.252	0.419	0.256
140	0.421	0.251	0.420	0.254
eigenvalues:  tensor([2.9119, 2.9005])
0.009999999776482582
150	0.419	0.251	0.418	0.253
160	0.420	0.262	0.419	0.260
170	0.418	0.257	0.417	0.256
180	0.417	0.263	0.416	0.264
190	0.417	0.281	0.416	0.282
eigenvalues:  tensor([2.5778, 2.5551])
0.009999999776482582
200	0.415	0.275	0.415	0.271
210	0.416	0.273	0.415	0.279
220	0.418	0.265	0.417	0.267
230	0.414	0.289	0.413	0.287
240	0.414	0.279	0.413	0.280
eigenvalues:  tensor([2.3532, 2.3256])
0.009999999776482582
250	0.413	0.276	0.412	0.280
260	0.413	0.284	0.412	0.285
270	0.412	0.287	0.412	0.293
280	0.412	0.281	0.412	0.284
290	0.412	0.289	0.411	0.293
eigenvalues:  tensor([2.1940, 2.1551])
0.009999999776482582
300	0.412	0.296	0.411	0.300
310	0.412	0.289	0.411	0.294
320	0.412	0.293	0.411	0.298
330	0.412	0.302	0.411	0.305
340	0.411	0.299	0.410	0.305
eigenvalues:  tensor([2.0769, 2.0348])
0.009999999776482582
350	0.411	0.299	0.410	0.303
360	0.411	0.292	0.410	0.300
370	0.410	0.298	0.410	0.303
380	0.411	0.288	0.411	0.288
390	0.410	0.302	0.409	0.303
eigenvalues:  tensor([1.9767, 1.9283])
0.009999999776482582
400	0.409	0.301	0.408	0.306
410	0.410	0.294	0.409	0.295
420	0.410	0.294	0.409	0.299
430	0.409	0.298	0.408	0.303
440	0.409	0.300	0.408	0.303
eigenvalues:  tensor([1.8981, 1.8445])
0.009999999776482582
450	0.409	0.305	0.408	0.307
460	0.408	0.297	0.408	0.300
470	0.408	0.308	0.408	0.312
480	0.408	0.309	0.407	0.313
490	0.408	0.313	0.408	0.321
eigenvalues:  tensor([1.8469, 1.7872])
0.009999999776482582
500	0.407	0.311	0.406	0.314
510	0.407	0.308	0.406	0.310
520	0.406	0.318	0.406	0.321
530	0.406	0.313	0.406	0.317
540	0.406	0.321	0.405	0.324
eigenvalues:  tensor([1.7990, 1.7347])
0.009999999776482582
550	0.407	0.318	0.406	0.324
560	0.407	0.314	0.406	0.317
570	0.406	0.323	0.405	0.326
580	0.407	0.312	0.406	0.319
590	0.405	0.318	0.405	0.321
eigenvalues:  tensor([1.7582, 1.6887])
0.009999999776482582
600	0.406	0.317	0.406	0.321
610	0.405	0.319	0.405	0.319
620	0.405	0.317	0.405	0.322
630	0.404	0.321	0.404	0.323
640	0.405	0.313	0.404	0.316
eigenvalues:  tensor([1.7292, 1.6566])
0.009999999776482582
650	0.405	0.317	0.405	0.318
660	0.405	0.316	0.404	0.316
670	0.404	0.323	0.404	0.325
680	0.404	0.323	0.403	0.323
690	0.403	0.323	0.403	0.326
eigenvalues:  tensor([1.7042, 1.6279])
0.009999999776482582
700	0.403	0.325	0.403	0.328
710	0.403	0.328	0.403	0.327
720	0.403	0.320	0.403	0.323
730	0.403	0.326	0.403	0.327
740	0.403	0.325	0.402	0.330
eigenvalues:  tensor([1.6836, 1.5995])
0.009999999776482582
750	0.403	0.325	0.402	0.327
760	0.402	0.329	0.402	0.331
770	0.403	0.326	0.402	0.331
780	0.403	0.326	0.402	0.329
790	0.402	0.329	0.402	0.333
eigenvalues:  tensor([1.6689, 1.5775])
0.009999999776482582
800	0.402	0.326	0.402	0.330
810	0.402	0.323	0.401	0.325
820	0.402	0.327	0.401	0.330
830	0.402	0.326	0.402	0.331
840	0.402	0.326	0.401	0.329
eigenvalues:  tensor([1.6480, 1.5543])
0.009999999776482582
850	0.401	0.327	0.401	0.330
860	0.401	0.331	0.401	0.334
870	0.401	0.330	0.401	0.332
880	0.401	0.328	0.400	0.329
890	0.401	0.332	0.401	0.340
eigenvalues:  tensor([1.6365, 1.5406])
0.009999999776482582
900	0.401	0.333	0.400	0.338
910	0.401	0.329	0.400	0.329
920	0.400	0.328	0.400	0.333
930	0.400	0.330	0.400	0.334
940	0.400	0.332	0.400	0.335
eigenvalues:  tensor([1.6212, 1.5216])
0.009999999776482582
950	0.400	0.336	0.400	0.339
960	0.400	0.332	0.400	0.336
970	0.400	0.333	0.399	0.336
980	0.399	0.332	0.399	0.332
990	0.400	0.340	0.399	0.343
