device: cuda:7
output directory: RESULTS/cifar10-10k/resnet32/seed_0/ce/ivon/lr_0.05_h0_0.01_post_10_ivon
Files already downloaded and verified
Files already downloaded and verified
0	2.310	0.101	2.310	0.098
10	2.245	0.193	2.247	0.190
20	2.221	0.201	2.223	0.201
30	2.197	0.211	2.198	0.208
40	2.170	0.211	2.172	0.209
eigenvalues:  tensor([  4.7305, -32.0690])
0.009999999776482582
50	2.141	0.219	2.144	0.213
60	2.118	0.225	2.120	0.221
70	2.096	0.230	2.099	0.224
80	2.077	0.230	2.080	0.226
90	2.058	0.240	2.062	0.235
eigenvalues:  tensor([23.1034, 10.0634])
0.009999999776482582
100	2.038	0.254	2.042	0.249
110	2.021	0.254	2.027	0.250
120	2.006	0.259	2.011	0.255
130	1.990	0.266	1.995	0.266
140	1.973	0.272	1.979	0.267
eigenvalues:  tensor([4.4875, 2.7927])
0.009999999776482582
150	1.959	0.273	1.965	0.271
160	1.947	0.278	1.954	0.273
170	1.932	0.285	1.939	0.279
180	1.918	0.288	1.925	0.285
190	1.909	0.287	1.915	0.282
eigenvalues:  tensor([4.4708, 2.8216])
0.009999999776482582
200	1.891	0.294	1.896	0.293
210	1.881	0.297	1.887	0.293
220	1.869	0.300	1.875	0.295
230	1.859	0.305	1.864	0.300
240	1.847	0.309	1.852	0.305
eigenvalues:  tensor([4.6160, 2.6956])
0.009999999776482582
250	1.836	0.313	1.842	0.306
260	1.826	0.317	1.832	0.312
270	1.817	0.317	1.823	0.313
280	1.809	0.319	1.815	0.312
290	1.809	0.319	1.814	0.314
eigenvalues:  tensor([4.6537, 3.1417])
0.009999999776482582
300	1.791	0.328	1.797	0.320
310	1.784	0.330	1.791	0.324
320	1.778	0.331	1.784	0.322
330	1.767	0.338	1.774	0.327
340	1.760	0.337	1.767	0.331
eigenvalues:  tensor([5.4149, 3.4089])
0.009999999776482582
350	1.754	0.340	1.761	0.334
360	1.757	0.336	1.764	0.330
370	1.746	0.347	1.754	0.335
380	1.735	0.345	1.743	0.334
390	1.734	0.347	1.741	0.340
eigenvalues:  tensor([5.5528, 3.4112])
0.009999999776482582
400	1.722	0.351	1.732	0.339
410	1.718	0.354	1.726	0.344
420	1.713	0.353	1.723	0.341
430	1.711	0.352	1.721	0.342
440	1.700	0.360	1.711	0.348
eigenvalues:  tensor([5.6259, 3.6364])
0.009999999776482582
450	1.694	0.363	1.706	0.355
460	1.692	0.363	1.704	0.356
470	1.684	0.365	1.697	0.361
480	1.676	0.366	1.690	0.358
490	1.671	0.371	1.684	0.361
eigenvalues:  tensor([5.4886, 3.9834])
0.009999999776482582
500	1.667	0.375	1.682	0.366
510	1.657	0.376	1.672	0.370
520	1.654	0.378	1.670	0.368
530	1.648	0.377	1.665	0.371
540	1.646	0.381	1.663	0.371
eigenvalues:  tensor([5.4368, 4.1591])
0.009999999776482582
550	1.643	0.384	1.661	0.376
560	1.633	0.389	1.651	0.375
570	1.631	0.387	1.649	0.375
580	1.627	0.389	1.646	0.377
590	1.623	0.387	1.642	0.379
eigenvalues:  tensor([5.6320, 4.3543])
0.009999999776482582
600	1.617	0.389	1.636	0.383
610	1.613	0.395	1.633	0.383
620	1.607	0.396	1.628	0.388
630	1.605	0.394	1.626	0.384
640	1.601	0.400	1.623	0.384
eigenvalues:  tensor([5.3622, 4.3170])
0.009999999776482582
650	1.593	0.403	1.616	0.387
660	1.590	0.403	1.614	0.386
670	1.588	0.402	1.612	0.392
680	1.585	0.404	1.611	0.390
690	1.580	0.404	1.606	0.392
eigenvalues:  tensor([5.0035, 3.9904])
0.009999999776482582
700	1.576	0.407	1.601	0.396
710	1.572	0.413	1.597	0.395
720	1.572	0.410	1.599	0.396
730	1.569	0.411	1.597	0.397
740	1.560	0.417	1.586	0.399
eigenvalues:  tensor([4.8481, 3.8541])
0.009999999776482582
750	1.556	0.421	1.583	0.400
760	1.554	0.422	1.582	0.402
770	1.548	0.421	1.576	0.404
780	1.547	0.421	1.577	0.403
790	1.544	0.422	1.575	0.407
eigenvalues:  tensor([5.0085, 3.8879])
0.009999999776482582
800	1.540	0.426	1.570	0.407
810	1.535	0.425	1.566	0.408
820	1.530	0.425	1.560	0.412
830	1.528	0.434	1.559	0.410
840	1.523	0.430	1.556	0.413
eigenvalues:  tensor([5.0863, 3.9372])
0.009999999776482582
850	1.518	0.432	1.550	0.415
860	1.514	0.434	1.547	0.416
870	1.512	0.435	1.546	0.415
880	1.509	0.434	1.544	0.419
890	1.503	0.437	1.537	0.420
eigenvalues:  tensor([4.8168, 3.8689])
0.009999999776482582
900	1.502	0.436	1.537	0.422
910	1.499	0.438	1.534	0.420
920	1.498	0.437	1.533	0.425
930	1.490	0.441	1.527	0.426
940	1.486	0.447	1.522	0.428
eigenvalues:  tensor([4.5210, 3.5848])
0.009999999776482582
950	1.486	0.445	1.524	0.431
960	1.478	0.444	1.516	0.431
970	1.474	0.447	1.514	0.435
980	1.472	0.444	1.510	0.433
990	1.470	0.447	1.510	0.434
