device: cuda:6
output directory: RESULTS/cifar10-10k/fc-tanh/seed_0/ce/ivon/lr_0.1_h0_0.1_post_10_ivon
Files already downloaded and verified
Files already downloaded and verified
0	2.300	0.131	2.302	0.131
10	1.869	0.345	1.898	0.334
20	1.786	0.375	1.831	0.358
30	1.747	0.390	1.806	0.368
40	1.736	0.398	1.811	0.370
eigenvalues:  tensor([13.5926,  9.7781])
tensor([0.1000, 0.1000, 0.1000,  ..., 0.1000, 0.1000, 0.1000], device='cuda:6')
50	1.686	0.410	1.776	0.386
60	1.686	0.409	1.790	0.381
70	1.659	0.425	1.774	0.389
80	1.616	0.439	1.745	0.399
90	1.600	0.444	1.746	0.398
eigenvalues:  tensor([11.6198,  9.9150])
tensor([0.1000, 0.1000, 0.1000,  ..., 0.1000, 0.1000, 0.1000], device='cuda:6')
100	1.596	0.447	1.758	0.393
110	1.569	0.458	1.745	0.398
120	1.551	0.463	1.737	0.400
130	1.515	0.479	1.729	0.408
140	1.492	0.486	1.718	0.406
eigenvalues:  tensor([14.6290, 10.3618])
tensor([0.1000, 0.1000, 0.1000,  ..., 0.1000, 0.1000, 0.1000], device='cuda:6')
150	1.473	0.494	1.715	0.407
160	1.447	0.511	1.702	0.415
170	1.413	0.520	1.695	0.419
180	1.462	0.504	1.753	0.398
190	1.400	0.520	1.713	0.413
eigenvalues:  tensor([15.3596, 10.7548])
tensor([0.1000, 0.1000, 0.1000,  ..., 0.1000, 0.1000, 0.1000], device='cuda:6')
200	1.407	0.527	1.745	0.406
210	1.387	0.531	1.743	0.412
220	1.368	0.540	1.737	0.413
230	1.338	0.547	1.723	0.412
240	1.292	0.568	1.717	0.412
eigenvalues:  tensor([14.1652, 11.6536])
tensor([0.1000, 0.1000, 0.1000,  ..., 0.1000, 0.1000, 0.1000], device='cuda:6')
250	1.276	0.569	1.726	0.413
260	1.282	0.575	1.746	0.405
270	1.313	0.566	1.790	0.402
280	1.222	0.592	1.747	0.413
290	1.249	0.586	1.784	0.411
eigenvalues:  tensor([12.1841, 11.1471])
tensor([0.1000, 0.1000, 0.1000,  ..., 0.1000, 0.1000, 0.1000], device='cuda:6')
300	1.216	0.595	1.779	0.412
310	1.158	0.618	1.753	0.417
320	1.491	0.523	2.064	0.364
330	1.153	0.624	1.779	0.407
340	1.152	0.615	1.816	0.407
eigenvalues:  tensor([12.7057, 11.1586])
tensor([0.1000, 0.1000, 0.1000,  ..., 0.1000, 0.1000, 0.1000], device='cuda:6')
350	1.086	0.644	1.776	0.420
360	1.089	0.656	1.815	0.403
370	1.091	0.637	1.835	0.402
380	1.071	0.656	1.854	0.405
390	1.095	0.641	1.884	0.405
eigenvalues:  tensor([13.9488, 10.6650])
tensor([0.1000, 0.1000, 0.1000,  ..., 0.1000, 0.1000, 0.1000], device='cuda:6')
400	1.054	0.655	1.881	0.399
410	1.079	0.654	1.913	0.394
420	0.992	0.681	1.904	0.393
430	0.903	0.715	1.833	0.408
440	1.014	0.674	1.951	0.393
eigenvalues:  tensor([12.1849, 11.9979])
tensor([0.1000, 0.1000, 0.1000,  ..., 0.1000, 0.1000, 0.1000], device='cuda:6')
450	1.083	0.656	2.023	0.387
460	0.917	0.712	1.915	0.394
470	0.964	0.697	2.000	0.378
480	0.916	0.721	2.016	0.392
490	1.342	0.604	2.387	0.357
eigenvalues:  tensor([12.2911, 10.1329])
tensor([0.1000, 0.1000, 0.1000,  ..., 0.1000, 0.1000, 0.1000], device='cuda:6')
500	0.869	0.720	1.964	0.403
510	0.777	0.763	1.922	0.411
520	0.950	0.697	2.068	0.376
530	0.757	0.765	1.946	0.401
540	0.752	0.764	1.982	0.397
eigenvalues:  tensor([11.9360, 11.4847])
tensor([0.1000, 0.1000, 0.1000,  ..., 0.1000, 0.1000, 0.1000], device='cuda:6')
550	0.749	0.770	2.030	0.405
560	0.873	0.732	2.132	0.388
570	0.636	0.816	1.967	0.410
580	0.736	0.781	2.101	0.396
590	0.734	0.773	2.121	0.384
eigenvalues:  tensor([14.2629, 12.7550])
tensor([0.1000, 0.1000, 0.1000,  ..., 0.1000, 0.1000, 0.1000], device='cuda:6')
600	0.980	0.699	2.331	0.360
610	0.757	0.771	2.171	0.385
620	0.732	0.782	2.187	0.392
630	0.571	0.833	2.071	0.399
640	0.652	0.802	2.182	0.388
eigenvalues:  tensor([13.7292, 11.8524])
tensor([0.1000, 0.1000, 0.1000,  ..., 0.1000, 0.1000, 0.1000], device='cuda:6')
650	0.651	0.805	2.211	0.393
660	0.550	0.841	2.160	0.397
670	0.812	0.750	2.432	0.382
680	0.567	0.840	2.202	0.398
690	0.583	0.829	2.299	0.380
eigenvalues:  tensor([12.8723, 11.0460])
tensor([0.1000, 0.1000, 0.1000,  ..., 0.1000, 0.1000, 0.1000], device='cuda:6')
700	0.437	0.887	2.170	0.396
710	0.551	0.834	2.325	0.381
720	0.681	0.791	2.453	0.389
730	0.465	0.871	2.266	0.390
740	0.472	0.867	2.281	0.396
eigenvalues:  tensor([12.9000, 10.6979])
tensor([0.1000, 0.1000, 0.1000,  ..., 0.1000, 0.1000, 0.1000], device='cuda:6')
750	0.525	0.850	2.421	0.382
760	0.527	0.849	2.421	0.389
770	0.383	0.896	2.297	0.400
780	0.466	0.862	2.417	0.401
790	0.486	0.858	2.474	0.390
eigenvalues:  tensor([15.0178, 11.8089])
tensor([0.1000, 0.1000, 0.1000,  ..., 0.1000, 0.1000, 0.1000], device='cuda:6')
800	0.408	0.880	2.437	0.386
810	0.318	0.917	2.372	0.403
820	0.354	0.898	2.436	0.385
830	0.348	0.904	2.501	0.388
840	1.921	0.632	3.976	0.309
eigenvalues:  tensor([9.6507, 9.3633])
tensor([0.1000, 0.1000, 0.1000,  ..., 0.1000, 0.1000, 0.1000], device='cuda:6')
850	0.373	0.895	2.479	0.397
860	0.274	0.932	2.416	0.394
870	0.370	0.891	2.567	0.390
880	0.362	0.892	2.622	0.379
890	0.240	0.942	2.453	0.393
eigenvalues:  tensor([12.4485,  9.1447])
tensor([0.1000, 0.1000, 0.1000,  ..., 0.1000, 0.1000, 0.1000], device='cuda:6')
900	0.311	0.906	2.592	0.391
910	0.343	0.900	2.683	0.382
920	0.356	0.886	2.677	0.374
930	0.257	0.929	2.597	0.396
940	0.171	0.964	2.534	0.400
eigenvalues:  tensor([10.1624,  7.6138])
tensor([0.1000, 0.1000, 0.1000,  ..., 0.1000, 0.1000, 0.1000], device='cuda:6')
950	0.193	0.953	2.580	0.398
960	0.473	0.865	2.818	0.375
970	0.175	0.961	2.600	0.392
980	0.583	0.835	3.102	0.364
990	0.229	0.941	2.671	0.393
device: cuda:6
output directory: RESULTS/cifar10-10k/fc-tanh/seed_0/ce/ivon/lr_0.1_h0_0.1_post_10_ivon
Files already downloaded and verified
Files already downloaded and verified
0	2.300	0.131	2.302	0.131
10	1.869	0.345	1.898	0.334
20	1.786	0.375	1.831	0.358
30	1.747	0.390	1.806	0.368
40	1.736	0.398	1.811	0.370
eigenvalues:  tensor([13.5926,  9.7781])
tensor([0.1000, 0.1000, 0.1000,  ..., 0.1000, 0.1000, 0.1000], device='cuda:6')
50	1.686	0.410	1.776	0.386
60	1.686	0.409	1.790	0.381
70	1.659	0.425	1.774	0.389
80	1.616	0.439	1.745	0.399
90	1.600	0.444	1.746	0.398
eigenvalues:  tensor([11.6198,  9.9150])
tensor([0.1000, 0.1000, 0.1000,  ..., 0.1000, 0.1000, 0.1000], device='cuda:6')
100	1.596	0.447	1.758	0.393
110	1.569	0.458	1.745	0.398
120	1.551	0.463	1.737	0.400
130	1.515	0.479	1.729	0.408
140	1.492	0.486	1.718	0.406
eigenvalues:  tensor([14.6290, 10.3618])
tensor([0.1000, 0.1000, 0.1000,  ..., 0.1000, 0.1000, 0.1000], device='cuda:6')
150	1.473	0.494	1.715	0.407
160	1.447	0.511	1.702	0.415
170	1.413	0.520	1.695	0.419
180	1.462	0.504	1.753	0.398
190	1.400	0.520	1.713	0.413
eigenvalues:  tensor([15.3596, 10.7548])
tensor([0.1000, 0.1000, 0.1000,  ..., 0.1000, 0.1000, 0.1000], device='cuda:6')
200	1.407	0.527	1.745	0.406
210	1.387	0.531	1.743	0.412
220	1.368	0.540	1.737	0.413
230	1.338	0.547	1.723	0.412
240	1.292	0.568	1.717	0.412
eigenvalues:  tensor([14.1652, 11.6536])
tensor([0.1000, 0.1000, 0.1000,  ..., 0.1000, 0.1000, 0.1000], device='cuda:6')
250	1.276	0.569	1.726	0.413
260	1.282	0.575	1.746	0.405
270	1.313	0.566	1.790	0.402
280	1.222	0.592	1.747	0.413
290	1.249	0.586	1.784	0.411
eigenvalues:  tensor([12.1841, 11.1471])
tensor([0.1000, 0.1000, 0.1000,  ..., 0.1000, 0.1000, 0.1000], device='cuda:6')
300	1.216	0.595	1.779	0.412
310	1.158	0.618	1.753	0.417
320	1.491	0.523	2.064	0.364
330	1.153	0.624	1.779	0.407
340	1.152	0.615	1.816	0.407
eigenvalues:  tensor([12.7057, 11.1586])
tensor([0.1000, 0.1000, 0.1000,  ..., 0.1000, 0.1000, 0.1000], device='cuda:6')
350	1.086	0.644	1.776	0.420
360	1.089	0.656	1.815	0.403
370	1.091	0.637	1.835	0.402
380	1.071	0.656	1.854	0.405
390	1.095	0.641	1.884	0.405
eigenvalues:  tensor([13.9488, 10.6650])
tensor([0.1000, 0.1000, 0.1000,  ..., 0.1000, 0.1000, 0.1000], device='cuda:6')
400	1.054	0.655	1.881	0.399
410	1.079	0.654	1.913	0.394
420	0.992	0.681	1.904	0.393
430	0.903	0.715	1.833	0.408
440	1.014	0.674	1.951	0.393
eigenvalues:  tensor([12.1849, 11.9979])
tensor([0.1000, 0.1000, 0.1000,  ..., 0.1000, 0.1000, 0.1000], device='cuda:6')
450	1.083	0.656	2.023	0.387
460	0.917	0.712	1.915	0.394
470	0.964	0.697	2.000	0.378
480	0.916	0.721	2.016	0.392
490	1.342	0.604	2.387	0.357
eigenvalues:  tensor([12.2911, 10.1329])
tensor([0.1000, 0.1000, 0.1000,  ..., 0.1000, 0.1000, 0.1000], device='cuda:6')
500	0.869	0.720	1.964	0.403
510	0.777	0.763	1.922	0.411
520	0.950	0.697	2.068	0.376
530	0.757	0.765	1.946	0.401
540	0.752	0.764	1.982	0.397
eigenvalues:  tensor([11.9360, 11.4847])
tensor([0.1000, 0.1000, 0.1000,  ..., 0.1000, 0.1000, 0.1000], device='cuda:6')
550	0.749	0.770	2.030	0.405
560	0.873	0.732	2.132	0.388
570	0.636	0.816	1.967	0.410
580	0.736	0.781	2.101	0.396
590	0.734	0.773	2.121	0.384
eigenvalues:  tensor([14.2629, 12.7550])
tensor([0.1000, 0.1000, 0.1000,  ..., 0.1000, 0.1000, 0.1000], device='cuda:6')
600	0.980	0.699	2.331	0.360
610	0.757	0.771	2.171	0.385
620	0.732	0.782	2.187	0.392
630	0.571	0.833	2.071	0.399
640	0.652	0.802	2.182	0.388
eigenvalues:  tensor([13.7292, 11.8524])
tensor([0.1000, 0.1000, 0.1000,  ..., 0.1000, 0.1000, 0.1000], device='cuda:6')
650	0.651	0.805	2.211	0.393
660	0.550	0.841	2.160	0.397
670	0.812	0.750	2.432	0.382
680	0.567	0.840	2.202	0.398
690	0.583	0.829	2.299	0.380
eigenvalues:  tensor([12.8723, 11.0460])
tensor([0.1000, 0.1000, 0.1000,  ..., 0.1000, 0.1000, 0.1000], device='cuda:6')
700	0.437	0.887	2.170	0.396
710	0.551	0.834	2.325	0.381
720	0.681	0.791	2.453	0.389
730	0.465	0.871	2.266	0.390
740	0.472	0.867	2.281	0.396
eigenvalues:  tensor([12.9000, 10.6979])
tensor([0.1000, 0.1000, 0.1000,  ..., 0.1000, 0.1000, 0.1000], device='cuda:6')
750	0.525	0.850	2.421	0.382
760	0.527	0.849	2.421	0.389
770	0.383	0.896	2.297	0.400
780	0.466	0.862	2.417	0.401
790	0.486	0.858	2.474	0.390
eigenvalues:  tensor([15.0178, 11.8089])
tensor([0.1000, 0.1000, 0.1000,  ..., 0.1000, 0.1000, 0.1000], device='cuda:6')
800	0.408	0.880	2.437	0.386
810	0.318	0.917	2.372	0.403
820	0.354	0.898	2.436	0.385
830	0.348	0.904	2.501	0.388
840	1.921	0.632	3.976	0.309
eigenvalues:  tensor([9.6507, 9.3633])
tensor([0.1000, 0.1000, 0.1000,  ..., 0.1000, 0.1000, 0.1000], device='cuda:6')
850	0.373	0.895	2.479	0.397
860	0.274	0.932	2.416	0.394
870	0.370	0.891	2.567	0.390
880	0.362	0.892	2.622	0.379
890	0.240	0.942	2.453	0.393
eigenvalues:  tensor([12.4485,  9.1447])
tensor([0.1000, 0.1000, 0.1000,  ..., 0.1000, 0.1000, 0.1000], device='cuda:6')
900	0.311	0.906	2.592	0.391
910	0.343	0.900	2.683	0.382
920	0.356	0.886	2.677	0.374
930	0.257	0.929	2.597	0.396
940	0.171	0.964	2.534	0.400
eigenvalues:  tensor([10.1624,  7.6138])
tensor([0.1000, 0.1000, 0.1000,  ..., 0.1000, 0.1000, 0.1000], device='cuda:6')
950	0.193	0.953	2.580	0.398
960	0.473	0.865	2.818	0.375
970	0.175	0.961	2.600	0.392
980	0.583	0.835	3.102	0.364
990	0.229	0.941	2.671	0.393
device: cuda:6
output directory: RESULTS/cifar10-10k/fc-tanh/seed_0/ce/ivon/lr_0.1_h0_0.1_post_10_ivon
Files already downloaded and verified
Files already downloaded and verified
0	2.300	0.131	2.302	0.131
10	1.869	0.345	1.898	0.334
20	1.786	0.375	1.831	0.358
30	1.747	0.390	1.806	0.368
40	1.736	0.398	1.811	0.370
eigenvalues:  tensor([13.5926,  9.7781])
tensor([0.1000, 0.1000, 0.1000,  ..., 0.1000, 0.1000, 0.1000], device='cuda:6')
50	1.686	0.410	1.776	0.386
60	1.686	0.409	1.790	0.381
70	1.659	0.425	1.774	0.389
80	1.616	0.439	1.745	0.399
90	1.600	0.444	1.746	0.398
eigenvalues:  tensor([11.6198,  9.9150])
tensor([0.1000, 0.1000, 0.1000,  ..., 0.1000, 0.1000, 0.1000], device='cuda:6')
100	1.596	0.447	1.758	0.393
110	1.569	0.458	1.745	0.398
120	1.551	0.463	1.737	0.400
130	1.515	0.479	1.729	0.408
140	1.492	0.486	1.718	0.406
eigenvalues:  tensor([14.6290, 10.3618])
tensor([0.1000, 0.1000, 0.1000,  ..., 0.1000, 0.1000, 0.1000], device='cuda:6')
150	1.473	0.494	1.715	0.407
160	1.447	0.511	1.702	0.415
170	1.413	0.520	1.695	0.419
180	1.462	0.504	1.753	0.398
190	1.400	0.520	1.713	0.413
eigenvalues:  tensor([15.3596, 10.7548])
tensor([0.1000, 0.1000, 0.1000,  ..., 0.1000, 0.1000, 0.1000], device='cuda:6')
200	1.407	0.527	1.745	0.406
210	1.387	0.531	1.743	0.412
220	1.368	0.540	1.737	0.413
230	1.338	0.547	1.723	0.412
240	1.292	0.568	1.717	0.412
eigenvalues:  tensor([14.1652, 11.6536])
tensor([0.1000, 0.1000, 0.1000,  ..., 0.1000, 0.1000, 0.1000], device='cuda:6')
250	1.276	0.569	1.726	0.413
260	1.282	0.575	1.746	0.405
270	1.313	0.566	1.790	0.402
280	1.222	0.592	1.747	0.413
290	1.249	0.586	1.784	0.411
eigenvalues:  tensor([12.1841, 11.1471])
tensor([0.1000, 0.1000, 0.1000,  ..., 0.1000, 0.1000, 0.1000], device='cuda:6')
300	1.216	0.595	1.779	0.412
310	1.158	0.618	1.753	0.417
320	1.491	0.523	2.064	0.364
330	1.153	0.624	1.779	0.407
340	1.152	0.615	1.816	0.407
eigenvalues:  tensor([12.7057, 11.1586])
tensor([0.1000, 0.1000, 0.1000,  ..., 0.1000, 0.1000, 0.1000], device='cuda:6')
350	1.086	0.644	1.776	0.420
360	1.089	0.656	1.815	0.403
370	1.091	0.637	1.835	0.402
380	1.071	0.656	1.854	0.405
390	1.095	0.641	1.884	0.405
eigenvalues:  tensor([13.9488, 10.6650])
tensor([0.1000, 0.1000, 0.1000,  ..., 0.1000, 0.1000, 0.1000], device='cuda:6')
400	1.054	0.655	1.881	0.399
410	1.079	0.654	1.913	0.394
420	0.992	0.681	1.904	0.393
430	0.903	0.715	1.833	0.408
440	1.014	0.674	1.951	0.393
eigenvalues:  tensor([12.1849, 11.9979])
tensor([0.1000, 0.1000, 0.1000,  ..., 0.1000, 0.1000, 0.1000], device='cuda:6')
450	1.083	0.656	2.023	0.387
460	0.917	0.712	1.915	0.394
470	0.964	0.697	2.000	0.378
480	0.916	0.721	2.016	0.392
490	1.342	0.604	2.387	0.357
eigenvalues:  tensor([12.2911, 10.1329])
tensor([0.1000, 0.1000, 0.1000,  ..., 0.1000, 0.1000, 0.1000], device='cuda:6')
500	0.869	0.720	1.964	0.403
510	0.777	0.763	1.922	0.411
520	0.950	0.697	2.068	0.376
530	0.757	0.765	1.946	0.401
540	0.752	0.764	1.982	0.397
eigenvalues:  tensor([11.9360, 11.4847])
tensor([0.1000, 0.1000, 0.1000,  ..., 0.1000, 0.1000, 0.1000], device='cuda:6')
550	0.749	0.770	2.030	0.405
560	0.873	0.732	2.132	0.388
570	0.636	0.816	1.967	0.410
580	0.736	0.781	2.101	0.396
590	0.734	0.773	2.121	0.384
eigenvalues:  tensor([14.2629, 12.7550])
tensor([0.1000, 0.1000, 0.1000,  ..., 0.1000, 0.1000, 0.1000], device='cuda:6')
600	0.980	0.699	2.331	0.360
610	0.757	0.771	2.171	0.385
620	0.732	0.782	2.187	0.392
630	0.571	0.833	2.071	0.399
640	0.652	0.802	2.182	0.388
eigenvalues:  tensor([13.7292, 11.8524])
tensor([0.1000, 0.1000, 0.1000,  ..., 0.1000, 0.1000, 0.1000], device='cuda:6')
650	0.651	0.805	2.211	0.393
660	0.550	0.841	2.160	0.397
670	0.812	0.750	2.432	0.382
680	0.567	0.840	2.202	0.398
690	0.583	0.829	2.299	0.380
eigenvalues:  tensor([12.8723, 11.0460])
tensor([0.1000, 0.1000, 0.1000,  ..., 0.1000, 0.1000, 0.1000], device='cuda:6')
700	0.437	0.887	2.170	0.396
710	0.551	0.834	2.325	0.381
720	0.681	0.791	2.453	0.389
730	0.465	0.871	2.266	0.390
740	0.472	0.867	2.281	0.396
eigenvalues:  tensor([12.9000, 10.6979])
tensor([0.1000, 0.1000, 0.1000,  ..., 0.1000, 0.1000, 0.1000], device='cuda:6')
750	0.525	0.850	2.421	0.382
760	0.527	0.849	2.421	0.389
770	0.383	0.896	2.297	0.400
780	0.466	0.862	2.417	0.401
790	0.486	0.858	2.474	0.390
eigenvalues:  tensor([15.0178, 11.8089])
tensor([0.1000, 0.1000, 0.1000,  ..., 0.1000, 0.1000, 0.1000], device='cuda:6')
800	0.408	0.880	2.437	0.386
810	0.318	0.917	2.372	0.403
820	0.354	0.898	2.436	0.385
830	0.348	0.904	2.501	0.388
840	1.921	0.632	3.976	0.309
eigenvalues:  tensor([9.6507, 9.3633])
tensor([0.1000, 0.1000, 0.1000,  ..., 0.1000, 0.1000, 0.1000], device='cuda:6')
850	0.373	0.895	2.479	0.397
860	0.274	0.932	2.416	0.394
870	0.370	0.891	2.567	0.390
880	0.362	0.892	2.622	0.379
890	0.240	0.942	2.453	0.393
eigenvalues:  tensor([12.4485,  9.1447])
tensor([0.1000, 0.1000, 0.1000,  ..., 0.1000, 0.1000, 0.1000], device='cuda:6')
900	0.311	0.906	2.592	0.391
910	0.343	0.900	2.683	0.382
920	0.356	0.886	2.677	0.374
930	0.257	0.929	2.597	0.396
940	0.171	0.964	2.534	0.400
eigenvalues:  tensor([10.1624,  7.6138])
tensor([0.1000, 0.1000, 0.1000,  ..., 0.1000, 0.1000, 0.1000], device='cuda:6')
950	0.193	0.953	2.580	0.398
960	0.473	0.865	2.818	0.375
970	0.175	0.961	2.600	0.392
980	0.583	0.835	3.102	0.364
990	0.229	0.941	2.671	0.393
