device: cuda:5
output directory: RESULTS/mnist-whole/fc-tanh/seed_0/mse/ivon/lr_0.1_h0_0.1_post_10_ivon
0	0.505	0.097	0.505	0.101
10	0.340	0.611	0.337	0.629
20	0.275	0.749	0.272	0.765
30	0.249	0.782	0.246	0.792
40	0.257	0.787	0.251	0.801
eigenvalues:  tensor([9.4087, 8.0137])
tensor([0.1000, 0.1000, 0.1000,  ..., 0.1000, 0.1000, 0.1000], device='cuda:5')
50	0.243	0.804	0.238	0.816
60	0.228	0.838	0.223	0.851
70	0.224	0.827	0.218	0.840
80	0.227	0.824	0.222	0.837
90	0.230	0.809	0.225	0.819
eigenvalues:  tensor([7.7498, 7.6208])
tensor([0.1000, 0.1000, 0.1000,  ..., 0.1000, 0.1000, 0.1000], device='cuda:5')
100	0.229	0.816	0.224	0.827
110	0.219	0.836	0.215	0.847
120	0.222	0.837	0.218	0.850
130	0.217	0.836	0.212	0.850
140	0.216	0.841	0.211	0.854
eigenvalues:  tensor([7.5099, 7.2793])
tensor([0.1000, 0.1000, 0.1000,  ..., 0.1000, 0.1000, 0.1000], device='cuda:5')
150	0.218	0.846	0.212	0.857
160	0.212	0.841	0.208	0.853
170	0.217	0.856	0.213	0.868
180	0.211	0.839	0.207	0.849
190	0.212	0.845	0.207	0.862
eigenvalues:  tensor([7.4366, 7.1496])
tensor([0.1000, 0.1000, 0.1000,  ..., 0.1000, 0.1000, 0.1000], device='cuda:5')
200	0.214	0.855	0.208	0.865
210	0.208	0.853	0.202	0.864
220	0.215	0.837	0.210	0.851
230	0.207	0.852	0.202	0.865
240	0.204	0.855	0.199	0.865
eigenvalues:  tensor([7.3887, 7.0389])
tensor([0.1000, 0.1000, 0.1000,  ..., 0.1000, 0.1000, 0.1000], device='cuda:5')
250	0.209	0.846	0.204	0.861
260	0.208	0.847	0.204	0.859
270	0.211	0.852	0.206	0.865
280	0.206	0.844	0.201	0.858
290	0.201	0.863	0.196	0.875
eigenvalues:  tensor([7.1818, 6.8249])
tensor([0.1000, 0.1000, 0.1000,  ..., 0.1000, 0.1000, 0.1000], device='cuda:5')
300	0.203	0.849	0.198	0.860
310	0.201	0.853	0.195	0.863
320	0.208	0.856	0.204	0.869
330	0.199	0.855	0.195	0.868
340	0.201	0.851	0.196	0.862
eigenvalues:  tensor([7.3902, 7.0800])
tensor([0.1000, 0.1000, 0.1000,  ..., 0.1000, 0.1000, 0.1000], device='cuda:5')
350	0.197	0.857	0.192	0.869
360	0.206	0.852	0.200	0.862
370	0.198	0.853	0.193	0.863
380	0.195	0.856	0.190	0.868
390	0.196	0.852	0.191	0.863
eigenvalues:  tensor([7.5428, 7.0591])
tensor([0.1000, 0.1000, 0.1000,  ..., 0.1000, 0.1000, 0.1000], device='cuda:5')
400	0.203	0.839	0.198	0.851
410	0.193	0.868	0.189	0.878
420	0.190	0.861	0.185	0.870
430	0.188	0.862	0.182	0.873
440	0.190	0.860	0.185	0.870
eigenvalues:  tensor([7.2767, 7.0636])
tensor([0.1000, 0.1000, 0.1000,  ..., 0.1000, 0.1000, 0.1000], device='cuda:5')
450	0.187	0.864	0.182	0.875
460	0.186	0.868	0.181	0.878
470	0.190	0.867	0.186	0.879
480	0.180	0.866	0.175	0.878
490	0.187	0.864	0.181	0.874
eigenvalues:  tensor([7.3140, 7.2580])
tensor([0.1000, 0.1000, 0.1000,  ..., 0.1000, 0.1000, 0.1000], device='cuda:5')
500	0.178	0.864	0.173	0.874
510	0.176	0.867	0.171	0.878
520	0.173	0.877	0.169	0.886
530	0.173	0.871	0.169	0.878
540	0.168	0.876	0.163	0.884
eigenvalues:  tensor([7.9093, 7.3754])
tensor([0.1000, 0.1000, 0.1000,  ..., 0.1000, 0.1000, 0.1000], device='cuda:5')
550	0.174	0.864	0.170	0.873
560	0.163	0.879	0.158	0.888
570	0.184	0.860	0.179	0.867
580	0.163	0.884	0.159	0.893
590	0.167	0.870	0.163	0.876
eigenvalues:  tensor([7.4317, 7.2026])
tensor([0.1000, 0.1000, 0.1000,  ..., 0.1000, 0.1000, 0.1000], device='cuda:5')
600	0.158	0.878	0.153	0.888
610	0.157	0.878	0.152	0.885
620	0.154	0.885	0.150	0.894
630	0.158	0.886	0.154	0.896
640	0.160	0.880	0.155	0.889
eigenvalues:  tensor([7.4303, 7.2159])
tensor([0.1000, 0.1000, 0.1000,  ..., 0.1000, 0.1000, 0.1000], device='cuda:5')
650	0.150	0.886	0.145	0.892
660	0.150	0.888	0.145	0.896
670	0.149	0.890	0.143	0.896
680	0.153	0.882	0.147	0.889
690	0.144	0.887	0.139	0.895
eigenvalues:  tensor([8.0245, 7.1702])
tensor([0.1000, 0.1000, 0.1000,  ..., 0.1000, 0.1000, 0.1000], device='cuda:5')
700	0.145	0.891	0.140	0.898
710	0.139	0.888	0.134	0.895
720	0.140	0.890	0.134	0.897
730	0.140	0.885	0.135	0.892
740	0.133	0.895	0.128	0.900
eigenvalues:  tensor([8.1956, 7.5697])
tensor([0.1000, 0.1000, 0.1000,  ..., 0.1000, 0.1000, 0.1000], device='cuda:5')
750	0.144	0.882	0.140	0.889
760	0.149	0.876	0.145	0.885
770	0.131	0.895	0.126	0.901
780	0.143	0.889	0.138	0.895
790	0.132	0.890	0.126	0.897
eigenvalues:  tensor([7.7814, 7.5322])
tensor([0.1000, 0.1000, 0.1000,  ..., 0.1000, 0.1000, 0.1000], device='cuda:5')
800	0.132	0.896	0.128	0.901
810	0.126	0.894	0.121	0.901
820	0.129	0.891	0.124	0.899
830	0.131	0.890	0.127	0.897
840	0.126	0.896	0.121	0.900
eigenvalues:  tensor([7.4512, 7.0029])
tensor([0.1000, 0.1000, 0.1000,  ..., 0.1000, 0.1000, 0.1000], device='cuda:5')
850	0.125	0.896	0.120	0.904
860	0.125	0.898	0.120	0.902
870	0.118	0.901	0.113	0.906
880	0.119	0.898	0.114	0.904
890	0.123	0.896	0.119	0.903
eigenvalues:  tensor([7.3505, 6.8684])
tensor([0.1000, 0.1000, 0.1000,  ..., 0.1000, 0.1000, 0.1000], device='cuda:5')
900	0.117	0.903	0.112	0.908
910	0.118	0.903	0.112	0.909
920	0.114	0.902	0.109	0.908
930	0.117	0.898	0.112	0.905
940	0.120	0.896	0.116	0.904
eigenvalues:  tensor([7.3301, 6.8907])
tensor([0.1000, 0.1000, 0.1000,  ..., 0.1000, 0.1000, 0.1000], device='cuda:5')
950	0.116	0.899	0.111	0.903
960	0.112	0.901	0.107	0.907
970	0.112	0.903	0.107	0.908
980	0.115	0.903	0.110	0.909
990	0.108	0.903	0.103	0.910
