device: cuda:1
output directory: RESULTS/cifar10-10k/fc-tanh/seed_0/mse/ivon/lr_0.1_h0_0.1_post_10_ivon
Files already downloaded and verified
Files already downloaded and verified
0	0.597	0.131	0.597	0.131
10	3350849732476928.000	0.079	3362209115668480.000	0.079
20	467526672141254656.000	0.130	472154138625441792.000	0.128
30	369461230059913216.000	0.134	372781102340767744.000	0.130
40	318833529964199936.000	0.128	322429791980486656.000	0.125
eigenvalues:  tensor([103.3935, 103.3935])
tensor([0.1000, 0.1000, 0.1000,  ..., 0.1179, 0.3956, 0.8902], device='cuda:1')
50	293491745449050112.000	0.126	296805604775690240.000	0.126
60	274281954461876224.000	0.126	277237974293282816.000	0.126
70	257682953834856448.000	0.125	260491295510757376.000	0.126
80	236299789136822272.000	0.133	238153668820467712.000	0.133
90	219172267014225920.000	0.127	220426311565312000.000	0.129
eigenvalues:  tensor([95.9906, 95.9905])
tensor([0.1000, 0.1000, 0.1000,  ..., 0.1471, 0.4137, 0.8088], device='cuda:1')
100	186586590657642496.000	0.123	186963723145969664.000	0.123
110	173322666495705088.000	0.129	173888141889896448.000	0.129
120	167669338482933760.000	0.126	168226412921094144.000	0.128
130	172453468194209792.000	0.126	172559571066290176.000	0.125
140	164525044465139712.000	0.126	164610273796161536.000	0.127
eigenvalues:  tensor([90.9609, 90.9609])
tensor([0.1000, 0.1000, 0.1000,  ..., 0.0784, 0.3718, 1.1855], device='cuda:1')
150	158752866117353472.000	0.127	158779958771056640.000	0.128
160	155573078489825280.000	0.123	155408478163173376.000	0.125
170	149508430049050624.000	0.125	149333624880103424.000	0.123
180	148168829749428224.000	0.122	148120760475451392.000	0.120
190	138919085101547520.000	0.117	138672004222943232.000	0.118
eigenvalues:  tensor([89.8755, 89.8755])
tensor([0.1000, 0.1000, 0.1000,  ..., 0.0770, 0.4290, 1.4102], device='cuda:1')
200	135244972508053504.000	0.115	135006378484826112.000	0.115
210	133029465168019456.000	0.114	132789144567939072.000	0.114
220	131316202713645056.000	0.116	131131510529982464.000	0.114
230	129055976174125056.000	0.116	128820672095846400.000	0.114
240	127376291774070784.000	0.115	127162127524823040.000	0.113
eigenvalues:  tensor([89.6991, 89.6991])
tensor([0.1000, 0.1000, 0.1000,  ..., 0.0831, 0.4011, 1.3476], device='cuda:1')
250	125786277701222400.000	0.115	125627338141466624.000	0.114
260	124403667599097856.000	0.114	124307297122910208.000	0.112
270	122388151116234752.000	0.112	122230113499611136.000	0.111
280	120710399451463680.000	0.112	120551021805043712.000	0.109
290	119367045350424576.000	0.112	119203510175662080.000	0.108
eigenvalues:  tensor([89.3439, 89.3439])
tensor([0.1000, 0.1000, 0.1000,  ..., 0.1026, 0.4357, 1.3122], device='cuda:1')
300	120007502283669504.000	0.116	120234826312712192.000	0.114
310	118422496142688256.000	0.115	118607351535108096.000	0.115
320	116943137607254016.000	0.114	117065234937544704.000	0.114
330	115980721335566336.000	0.114	116095895178575872.000	0.112
340	114435941858279424.000	0.110	114750058586439680.000	0.106
eigenvalues:  tensor([89.2409, 89.2409])
tensor([0.1000, 0.1000, 0.1000,  ..., 0.0982, 0.4543, 1.3543], device='cuda:1')
350	113628823014080512.000	0.109	113877020584181760.000	0.105
360	112892382151704576.000	0.108	113019032147329024.000	0.104
370	111505666060845056.000	0.108	111569875821920256.000	0.105
380	110731292047310848.000	0.108	110802665813835776.000	0.104
390	110054817518321664.000	0.108	110137409739423744.000	0.105
eigenvalues:  tensor([89.2129, 89.2129])
tensor([0.1000, 0.1000, 0.1000,  ..., 0.1055, 0.4483, 1.3972], device='cuda:1')
400	109594637542359040.000	0.107	109125042998083584.000	0.104
410	108708628738867200.000	0.106	108181086495834112.000	0.104
420	107572214752083968.000	0.104	107088927852068864.000	0.102
430	107105300267401216.000	0.104	106604275152453632.000	0.102
440	106689641922428928.000	0.104	106180250211188736.000	0.101
eigenvalues:  tensor([89.3623, 89.3623])
tensor([0.1000, 0.1000, 0.1000,  ..., 0.1140, 0.4411, 1.3763], device='cuda:1')
450	106238438428114944.000	0.103	105722681575342080.000	0.101
460	105858565750652928.000	0.103	105328661275607040.000	0.101
470	105511008407126016.000	0.103	104972075910823936.000	0.101
480	105161690127007744.000	0.103	104610242096005120.000	0.100
490	104838674226610176.000	0.103	104277416490303488.000	0.100
eigenvalues:  tensor([89.3624, 89.3623])
tensor([0.1000, 0.1000, 0.1000,  ..., 0.1132, 0.4368, 1.3817], device='cuda:1')
500	104542012245540864.000	0.103	103967191002513408.000	0.099
510	104252557219594240.000	0.103	103665813147353088.000	0.099
520	103970206069555200.000	0.103	103388890835976192.000	0.100
530	103702792815771648.000	0.102	103125016635244544.000	0.100
540	103444089755664384.000	0.102	102874843380187136.000	0.100
eigenvalues:  tensor([89.3634, 89.3633])
tensor([0.1000, 0.1000, 0.1000,  ..., 0.1093, 0.4351, 1.3602], device='cuda:1')
550	103214815811469312.000	0.102	102631997339336704.000	0.099
560	102987964228829184.000	0.102	102397586614255616.000	0.099
570	102764514260287488.000	0.102	102172203910430720.000	0.099
580	107071516054650880.000	0.105	106289033142861824.000	0.105
590	141258038391603200.000	0.104	140876653885652992.000	0.102
eigenvalues:  tensor([88.0420, 88.0419])
tensor([0.1000, 0.1000, 0.1000,  ..., 0.1230, 0.4777, 0.5245], device='cuda:1')
600	130150316661276672.000	0.109	129678540273614848.000	0.107
610	125590521681805312.000	0.109	125135418357186560.000	0.107
620	122357502229610496.000	0.106	121803709146464256.000	0.105
630	120494276697128960.000	0.105	119875852946112512.000	0.104
640	118233234113822720.000	0.106	117606581205467136.000	0.104
eigenvalues:  tensor([88.0353, 88.0353])
tensor([0.1000, 0.1000, 0.1000,  ..., 0.1237, 0.4603, 0.4325], device='cuda:1')
650	116426547530825728.000	0.107	115772475551252480.000	0.104
660	115112897423605760.000	0.107	114445356426592256.000	0.104
670	114985096376745984.000	0.108	114277552054337536.000	0.102
680	113988234467344384.000	0.106	113247137860419584.000	0.103
690	113217476816273408.000	0.105	112465651381043200.000	0.102
eigenvalues:  tensor([87.9334, 87.9334])
tensor([0.1000, 0.1000, 0.1000,  ..., 0.1225, 0.3879, 0.4590], device='cuda:1')
700	112546379586338816.000	0.105	111785972806451200.000	0.101
710	111770485154381824.000	0.104	111000921504219136.000	0.101
720	110853062960087040.000	0.103	110077434816102400.000	0.101
730	110223154466521088.000	0.103	109443282894848000.000	0.101
740	117531994803404800.000	0.110	117143566551089152.000	0.106
eigenvalues:  tensor([87.4230, 87.4230])
tensor([0.1000, 0.1000, 0.1000,  ..., 0.1250, 0.3947, 0.4168], device='cuda:1')
750	113422166367666176.000	0.107	112969176166957056.000	0.107
760	111646558168023040.000	0.105	111077234483134464.000	0.106
770	110539684966301696.000	0.104	109899889458020352.000	0.105
780	109783744952401920.000	0.103	109107906078572544.000	0.104
790	109151225118720000.000	0.103	108521505603715072.000	0.104
eigenvalues:  tensor([87.5166, 87.5166])
tensor([0.1000, 0.1000, 0.1000,  ..., 0.1251, 0.3880, 0.4545], device='cuda:1')
800	108543281087905792.000	0.103	107926025567993856.000	0.103
810	110153378427830272.000	0.101	108581729635139584.000	0.104
820	107795389842718720.000	0.104	106468614315442176.000	0.106
830	106848718921138176.000	0.106	105688081318805504.000	0.106
840	105494593042120704.000	0.107	104287148886196224.000	0.108
eigenvalues:  tensor([88.3154, 88.3154])
tensor([0.1000, 0.1000, 0.1000,  ..., 0.1251, 0.3876, 0.5378], device='cuda:1')
850	105439969648050176.000	0.108	104262616033001472.000	0.106
860	104743076844535808.000	0.107	103575051898454016.000	0.105
870	104269161563160576.000	0.107	103131665244618752.000	0.105
880	103214309005328384.000	0.089	102292402865176576.000	0.086
890	101672037788942336.000	0.091	100717764775247872.000	0.088
eigenvalues:  tensor([88.6844, 88.6844])
tensor([0.1000, 0.1000, 0.1000,  ..., 0.1344, 0.3826, 0.4773], device='cuda:1')
900	100873740807569408.000	0.093	99919003937406976.000	0.090
910	100138167528587264.000	0.094	99211751672774656.000	0.090
920	99689669863669760.000	0.094	98773725138124800.000	0.091
930	99237839304130560.000	0.094	98330484513177600.000	0.091
940	99017009265639424.000	0.096	98173967314976768.000	0.090
eigenvalues:  tensor([88.0789, 88.0789])
tensor([0.1000, 0.1000, 0.1000,  ..., 0.1355, 0.3701, 0.4907], device='cuda:1')
950	98735371080171520.000	0.096	97888884565737472.000	0.090
960	98454385729732608.000	0.096	97600005065408512.000	0.091
970	97832732163309568.000	0.097	97034572620890112.000	0.094
980	97478886987661312.000	0.098	96689463408721920.000	0.095
990	97208879573630976.000	0.097	96429480448360448.000	0.094
device: cuda:1
output directory: RESULTS/cifar10-10k/fc-tanh/seed_0/mse/ivon/lr_0.1_h0_0.1_post_10_ivon
Files already downloaded and verified
Files already downloaded and verified
0	0.597	0.131	0.597	0.131
10	3350849732476928.000	0.079	3362209115668480.000	0.079
20	467526672141254656.000	0.130	472154138625441792.000	0.128
30	369461230059913216.000	0.134	372781102340767744.000	0.130
40	318833529964199936.000	0.128	322429791980486656.000	0.125
eigenvalues:  tensor([103.3935, 103.3935])
tensor([0.1000, 0.1000, 0.1000,  ..., 0.1179, 0.3956, 0.8902], device='cuda:1')
50	293491745449050112.000	0.126	296805604775690240.000	0.126
60	274281954461876224.000	0.126	277237974293282816.000	0.126
70	257682953834856448.000	0.125	260491295510757376.000	0.126
80	236299789136822272.000	0.133	238153668820467712.000	0.133
90	219172267014225920.000	0.127	220426311565312000.000	0.129
eigenvalues:  tensor([95.9906, 95.9905])
tensor([0.1000, 0.1000, 0.1000,  ..., 0.1471, 0.4137, 0.8088], device='cuda:1')
100	186586590657642496.000	0.123	186963723145969664.000	0.123
110	173322666495705088.000	0.129	173888141889896448.000	0.129
120	167669338482933760.000	0.126	168226412921094144.000	0.128
130	172453468194209792.000	0.126	172559571066290176.000	0.125
140	164525044465139712.000	0.126	164610273796161536.000	0.127
eigenvalues:  tensor([90.9609, 90.9609])
tensor([0.1000, 0.1000, 0.1000,  ..., 0.0784, 0.3718, 1.1855], device='cuda:1')
150	158752866117353472.000	0.127	158779958771056640.000	0.128
160	155573078489825280.000	0.123	155408478163173376.000	0.125
170	149508430049050624.000	0.125	149333624880103424.000	0.123
180	148168829749428224.000	0.122	148120760475451392.000	0.120
190	138919085101547520.000	0.117	138672004222943232.000	0.118
eigenvalues:  tensor([89.8755, 89.8755])
tensor([0.1000, 0.1000, 0.1000,  ..., 0.0770, 0.4290, 1.4102], device='cuda:1')
200	135244972508053504.000	0.115	135006378484826112.000	0.115
210	133029465168019456.000	0.114	132789144567939072.000	0.114
220	131316202713645056.000	0.116	131131510529982464.000	0.114
230	129055976174125056.000	0.116	128820672095846400.000	0.114
240	127376291774070784.000	0.115	127162127524823040.000	0.113
eigenvalues:  tensor([89.6991, 89.6991])
tensor([0.1000, 0.1000, 0.1000,  ..., 0.0831, 0.4011, 1.3476], device='cuda:1')
250	125786277701222400.000	0.115	125627338141466624.000	0.114
260	124403667599097856.000	0.114	124307297122910208.000	0.112
270	122388151116234752.000	0.112	122230113499611136.000	0.111
280	120710399451463680.000	0.112	120551021805043712.000	0.109
290	119367045350424576.000	0.112	119203510175662080.000	0.108
eigenvalues:  tensor([89.3439, 89.3439])
tensor([0.1000, 0.1000, 0.1000,  ..., 0.1026, 0.4357, 1.3122], device='cuda:1')
300	120007502283669504.000	0.116	120234826312712192.000	0.114
310	118422496142688256.000	0.115	118607351535108096.000	0.115
320	116943137607254016.000	0.114	117065234937544704.000	0.114
330	115980721335566336.000	0.114	116095895178575872.000	0.112
340	114435941858279424.000	0.110	114750058586439680.000	0.106
eigenvalues:  tensor([89.2409, 89.2409])
tensor([0.1000, 0.1000, 0.1000,  ..., 0.0982, 0.4543, 1.3543], device='cuda:1')
350	113628823014080512.000	0.109	113877020584181760.000	0.105
360	112892382151704576.000	0.108	113019032147329024.000	0.104
370	111505666060845056.000	0.108	111569875821920256.000	0.105
380	110731292047310848.000	0.108	110802665813835776.000	0.104
390	110054817518321664.000	0.108	110137409739423744.000	0.105
eigenvalues:  tensor([89.2129, 89.2129])
tensor([0.1000, 0.1000, 0.1000,  ..., 0.1055, 0.4483, 1.3972], device='cuda:1')
400	109594637542359040.000	0.107	109125042998083584.000	0.104
410	108708628738867200.000	0.106	108181086495834112.000	0.104
420	107572214752083968.000	0.104	107088927852068864.000	0.102
430	107105300267401216.000	0.104	106604275152453632.000	0.102
440	106689641922428928.000	0.104	106180250211188736.000	0.101
eigenvalues:  tensor([89.3623, 89.3623])
tensor([0.1000, 0.1000, 0.1000,  ..., 0.1140, 0.4411, 1.3763], device='cuda:1')
450	106238438428114944.000	0.103	105722681575342080.000	0.101
460	105858565750652928.000	0.103	105328661275607040.000	0.101
470	105511008407126016.000	0.103	104972075910823936.000	0.101
480	105161690127007744.000	0.103	104610242096005120.000	0.100
490	104838674226610176.000	0.103	104277416490303488.000	0.100
eigenvalues:  tensor([89.3624, 89.3623])
tensor([0.1000, 0.1000, 0.1000,  ..., 0.1132, 0.4368, 1.3817], device='cuda:1')
500	104542012245540864.000	0.103	103967191002513408.000	0.099
510	104252557219594240.000	0.103	103665813147353088.000	0.099
520	103970206069555200.000	0.103	103388890835976192.000	0.100
530	103702792815771648.000	0.102	103125016635244544.000	0.100
540	103444089755664384.000	0.102	102874843380187136.000	0.100
eigenvalues:  tensor([89.3634, 89.3633])
tensor([0.1000, 0.1000, 0.1000,  ..., 0.1093, 0.4351, 1.3602], device='cuda:1')
550	103214815811469312.000	0.102	102631997339336704.000	0.099
560	102987964228829184.000	0.102	102397586614255616.000	0.099
570	102764514260287488.000	0.102	102172203910430720.000	0.099
580	107071516054650880.000	0.105	106289033142861824.000	0.105
590	141258038391603200.000	0.104	140876653885652992.000	0.102
eigenvalues:  tensor([88.0420, 88.0419])
tensor([0.1000, 0.1000, 0.1000,  ..., 0.1230, 0.4777, 0.5245], device='cuda:1')
600	130150316661276672.000	0.109	129678540273614848.000	0.107
610	125590521681805312.000	0.109	125135418357186560.000	0.107
620	122357502229610496.000	0.106	121803709146464256.000	0.105
630	120494276697128960.000	0.105	119875852946112512.000	0.104
640	118233234113822720.000	0.106	117606581205467136.000	0.104
eigenvalues:  tensor([88.0353, 88.0353])
tensor([0.1000, 0.1000, 0.1000,  ..., 0.1237, 0.4603, 0.4325], device='cuda:1')
650	116426547530825728.000	0.107	115772475551252480.000	0.104
660	115112897423605760.000	0.107	114445356426592256.000	0.104
670	114985096376745984.000	0.108	114277552054337536.000	0.102
680	113988234467344384.000	0.106	113247137860419584.000	0.103
690	113217476816273408.000	0.105	112465651381043200.000	0.102
eigenvalues:  tensor([87.9334, 87.9334])
tensor([0.1000, 0.1000, 0.1000,  ..., 0.1225, 0.3879, 0.4590], device='cuda:1')
700	112546379586338816.000	0.105	111785972806451200.000	0.101
710	111770485154381824.000	0.104	111000921504219136.000	0.101
720	110853062960087040.000	0.103	110077434816102400.000	0.101
730	110223154466521088.000	0.103	109443282894848000.000	0.101
740	117531994803404800.000	0.110	117143566551089152.000	0.106
eigenvalues:  tensor([87.4230, 87.4230])
tensor([0.1000, 0.1000, 0.1000,  ..., 0.1250, 0.3947, 0.4168], device='cuda:1')
750	113422166367666176.000	0.107	112969176166957056.000	0.107
760	111646558168023040.000	0.105	111077234483134464.000	0.106
770	110539684966301696.000	0.104	109899889458020352.000	0.105
780	109783744952401920.000	0.103	109107906078572544.000	0.104
790	109151225118720000.000	0.103	108521505603715072.000	0.104
eigenvalues:  tensor([87.5166, 87.5166])
tensor([0.1000, 0.1000, 0.1000,  ..., 0.1251, 0.3880, 0.4545], device='cuda:1')
800	108543281087905792.000	0.103	107926025567993856.000	0.103
810	110153378427830272.000	0.101	108581729635139584.000	0.104
820	107795389842718720.000	0.104	106468614315442176.000	0.106
830	106848718921138176.000	0.106	105688081318805504.000	0.106
840	105494593042120704.000	0.107	104287148886196224.000	0.108
eigenvalues:  tensor([88.3154, 88.3154])
tensor([0.1000, 0.1000, 0.1000,  ..., 0.1251, 0.3876, 0.5378], device='cuda:1')
850	105439969648050176.000	0.108	104262616033001472.000	0.106
860	104743076844535808.000	0.107	103575051898454016.000	0.105
870	104269161563160576.000	0.107	103131665244618752.000	0.105
880	103214309005328384.000	0.089	102292402865176576.000	0.086
890	101672037788942336.000	0.091	100717764775247872.000	0.088
eigenvalues:  tensor([88.6844, 88.6844])
tensor([0.1000, 0.1000, 0.1000,  ..., 0.1344, 0.3826, 0.4773], device='cuda:1')
900	100873740807569408.000	0.093	99919003937406976.000	0.090
910	100138167528587264.000	0.094	99211751672774656.000	0.090
920	99689669863669760.000	0.094	98773725138124800.000	0.091
930	99237839304130560.000	0.094	98330484513177600.000	0.091
940	99017009265639424.000	0.096	98173967314976768.000	0.090
eigenvalues:  tensor([88.0789, 88.0789])
tensor([0.1000, 0.1000, 0.1000,  ..., 0.1355, 0.3701, 0.4907], device='cuda:1')
950	98735371080171520.000	0.096	97888884565737472.000	0.090
960	98454385729732608.000	0.096	97600005065408512.000	0.091
970	97832732163309568.000	0.097	97034572620890112.000	0.094
980	97478886987661312.000	0.098	96689463408721920.000	0.095
990	97208879573630976.000	0.097	96429480448360448.000	0.094
device: cuda:1
output directory: RESULTS/cifar10-10k/fc-tanh/seed_0/mse/ivon/lr_0.1_h0_0.1_post_10_ivon
Files already downloaded and verified
Files already downloaded and verified
0	0.597	0.131	0.597	0.131
10	3350849732476928.000	0.079	3362209115668480.000	0.079
20	467526672141254656.000	0.130	472154138625441792.000	0.128
30	369461230059913216.000	0.134	372781102340767744.000	0.130
40	318833529964199936.000	0.128	322429791980486656.000	0.125
eigenvalues:  tensor([103.3935, 103.3935])
tensor([0.1000, 0.1000, 0.1000,  ..., 0.1179, 0.3956, 0.8902], device='cuda:1')
50	293491745449050112.000	0.126	296805604775690240.000	0.126
60	274281954461876224.000	0.126	277237974293282816.000	0.126
70	257682953834856448.000	0.125	260491295510757376.000	0.126
80	236299789136822272.000	0.133	238153668820467712.000	0.133
90	219172267014225920.000	0.127	220426311565312000.000	0.129
eigenvalues:  tensor([95.9906, 95.9905])
tensor([0.1000, 0.1000, 0.1000,  ..., 0.1471, 0.4137, 0.8088], device='cuda:1')
100	186586590657642496.000	0.123	186963723145969664.000	0.123
110	173322666495705088.000	0.129	173888141889896448.000	0.129
120	167669338482933760.000	0.126	168226412921094144.000	0.128
130	172453468194209792.000	0.126	172559571066290176.000	0.125
140	164525044465139712.000	0.126	164610273796161536.000	0.127
eigenvalues:  tensor([90.9609, 90.9609])
tensor([0.1000, 0.1000, 0.1000,  ..., 0.0784, 0.3718, 1.1855], device='cuda:1')
150	158752866117353472.000	0.127	158779958771056640.000	0.128
160	155573078489825280.000	0.123	155408478163173376.000	0.125
170	149508430049050624.000	0.125	149333624880103424.000	0.123
180	148168829749428224.000	0.122	148120760475451392.000	0.120
190	138919085101547520.000	0.117	138672004222943232.000	0.118
eigenvalues:  tensor([89.8755, 89.8755])
tensor([0.1000, 0.1000, 0.1000,  ..., 0.0770, 0.4290, 1.4102], device='cuda:1')
200	135244972508053504.000	0.115	135006378484826112.000	0.115
210	133029465168019456.000	0.114	132789144567939072.000	0.114
220	131316202713645056.000	0.116	131131510529982464.000	0.114
230	129055976174125056.000	0.116	128820672095846400.000	0.114
240	127376291774070784.000	0.115	127162127524823040.000	0.113
eigenvalues:  tensor([89.6991, 89.6991])
tensor([0.1000, 0.1000, 0.1000,  ..., 0.0831, 0.4011, 1.3476], device='cuda:1')
250	125786277701222400.000	0.115	125627338141466624.000	0.114
260	124403667599097856.000	0.114	124307297122910208.000	0.112
270	122388151116234752.000	0.112	122230113499611136.000	0.111
280	120710399451463680.000	0.112	120551021805043712.000	0.109
290	119367045350424576.000	0.112	119203510175662080.000	0.108
eigenvalues:  tensor([89.3439, 89.3439])
tensor([0.1000, 0.1000, 0.1000,  ..., 0.1026, 0.4357, 1.3122], device='cuda:1')
300	120007502283669504.000	0.116	120234826312712192.000	0.114
310	118422496142688256.000	0.115	118607351535108096.000	0.115
320	116943137607254016.000	0.114	117065234937544704.000	0.114
330	115980721335566336.000	0.114	116095895178575872.000	0.112
340	114435941858279424.000	0.110	114750058586439680.000	0.106
eigenvalues:  tensor([89.2409, 89.2409])
tensor([0.1000, 0.1000, 0.1000,  ..., 0.0982, 0.4543, 1.3543], device='cuda:1')
350	113628823014080512.000	0.109	113877020584181760.000	0.105
360	112892382151704576.000	0.108	113019032147329024.000	0.104
370	111505666060845056.000	0.108	111569875821920256.000	0.105
380	110731292047310848.000	0.108	110802665813835776.000	0.104
390	110054817518321664.000	0.108	110137409739423744.000	0.105
eigenvalues:  tensor([89.2129, 89.2129])
tensor([0.1000, 0.1000, 0.1000,  ..., 0.1055, 0.4483, 1.3972], device='cuda:1')
400	109594637542359040.000	0.107	109125042998083584.000	0.104
410	108708628738867200.000	0.106	108181086495834112.000	0.104
420	107572214752083968.000	0.104	107088927852068864.000	0.102
430	107105300267401216.000	0.104	106604275152453632.000	0.102
440	106689641922428928.000	0.104	106180250211188736.000	0.101
eigenvalues:  tensor([89.3623, 89.3623])
tensor([0.1000, 0.1000, 0.1000,  ..., 0.1140, 0.4411, 1.3763], device='cuda:1')
450	106238438428114944.000	0.103	105722681575342080.000	0.101
460	105858565750652928.000	0.103	105328661275607040.000	0.101
470	105511008407126016.000	0.103	104972075910823936.000	0.101
480	105161690127007744.000	0.103	104610242096005120.000	0.100
490	104838674226610176.000	0.103	104277416490303488.000	0.100
eigenvalues:  tensor([89.3624, 89.3623])
tensor([0.1000, 0.1000, 0.1000,  ..., 0.1132, 0.4368, 1.3817], device='cuda:1')
500	104542012245540864.000	0.103	103967191002513408.000	0.099
510	104252557219594240.000	0.103	103665813147353088.000	0.099
520	103970206069555200.000	0.103	103388890835976192.000	0.100
530	103702792815771648.000	0.102	103125016635244544.000	0.100
540	103444089755664384.000	0.102	102874843380187136.000	0.100
eigenvalues:  tensor([89.3634, 89.3633])
tensor([0.1000, 0.1000, 0.1000,  ..., 0.1093, 0.4351, 1.3602], device='cuda:1')
550	103214815811469312.000	0.102	102631997339336704.000	0.099
560	102987964228829184.000	0.102	102397586614255616.000	0.099
570	102764514260287488.000	0.102	102172203910430720.000	0.099
580	107071516054650880.000	0.105	106289033142861824.000	0.105
590	141258038391603200.000	0.104	140876653885652992.000	0.102
eigenvalues:  tensor([88.0420, 88.0419])
tensor([0.1000, 0.1000, 0.1000,  ..., 0.1230, 0.4777, 0.5245], device='cuda:1')
600	130150316661276672.000	0.109	129678540273614848.000	0.107
610	125590521681805312.000	0.109	125135418357186560.000	0.107
620	122357502229610496.000	0.106	121803709146464256.000	0.105
630	120494276697128960.000	0.105	119875852946112512.000	0.104
640	118233234113822720.000	0.106	117606581205467136.000	0.104
eigenvalues:  tensor([88.0353, 88.0353])
tensor([0.1000, 0.1000, 0.1000,  ..., 0.1237, 0.4603, 0.4325], device='cuda:1')
650	116426547530825728.000	0.107	115772475551252480.000	0.104
660	115112897423605760.000	0.107	114445356426592256.000	0.104
670	114985096376745984.000	0.108	114277552054337536.000	0.102
680	113988234467344384.000	0.106	113247137860419584.000	0.103
690	113217476816273408.000	0.105	112465651381043200.000	0.102
eigenvalues:  tensor([87.9334, 87.9334])
tensor([0.1000, 0.1000, 0.1000,  ..., 0.1225, 0.3879, 0.4590], device='cuda:1')
700	112546379586338816.000	0.105	111785972806451200.000	0.101
710	111770485154381824.000	0.104	111000921504219136.000	0.101
720	110853062960087040.000	0.103	110077434816102400.000	0.101
730	110223154466521088.000	0.103	109443282894848000.000	0.101
740	117531994803404800.000	0.110	117143566551089152.000	0.106
eigenvalues:  tensor([87.4230, 87.4230])
tensor([0.1000, 0.1000, 0.1000,  ..., 0.1250, 0.3947, 0.4168], device='cuda:1')
750	113422166367666176.000	0.107	112969176166957056.000	0.107
760	111646558168023040.000	0.105	111077234483134464.000	0.106
770	110539684966301696.000	0.104	109899889458020352.000	0.105
780	109783744952401920.000	0.103	109107906078572544.000	0.104
790	109151225118720000.000	0.103	108521505603715072.000	0.104
eigenvalues:  tensor([87.5166, 87.5166])
tensor([0.1000, 0.1000, 0.1000,  ..., 0.1251, 0.3880, 0.4545], device='cuda:1')
800	108543281087905792.000	0.103	107926025567993856.000	0.103
810	110153378427830272.000	0.101	108581729635139584.000	0.104
820	107795389842718720.000	0.104	106468614315442176.000	0.106
830	106848718921138176.000	0.106	105688081318805504.000	0.106
840	105494593042120704.000	0.107	104287148886196224.000	0.108
eigenvalues:  tensor([88.3154, 88.3154])
tensor([0.1000, 0.1000, 0.1000,  ..., 0.1251, 0.3876, 0.5378], device='cuda:1')
850	105439969648050176.000	0.108	104262616033001472.000	0.106
860	104743076844535808.000	0.107	103575051898454016.000	0.105
870	104269161563160576.000	0.107	103131665244618752.000	0.105
880	103214309005328384.000	0.089	102292402865176576.000	0.086
890	101672037788942336.000	0.091	100717764775247872.000	0.088
eigenvalues:  tensor([88.6844, 88.6844])
tensor([0.1000, 0.1000, 0.1000,  ..., 0.1344, 0.3826, 0.4773], device='cuda:1')
900	100873740807569408.000	0.093	99919003937406976.000	0.090
910	100138167528587264.000	0.094	99211751672774656.000	0.090
920	99689669863669760.000	0.094	98773725138124800.000	0.091
930	99237839304130560.000	0.094	98330484513177600.000	0.091
940	99017009265639424.000	0.096	98173967314976768.000	0.090
eigenvalues:  tensor([88.0789, 88.0789])
tensor([0.1000, 0.1000, 0.1000,  ..., 0.1355, 0.3701, 0.4907], device='cuda:1')
950	98735371080171520.000	0.096	97888884565737472.000	0.090
960	98454385729732608.000	0.096	97600005065408512.000	0.091
970	97832732163309568.000	0.097	97034572620890112.000	0.094
980	97478886987661312.000	0.098	96689463408721920.000	0.095
990	97208879573630976.000	0.097	96429480448360448.000	0.094
