device: cuda:1
output directory: RESULTS/cifar10/fc-tanh/seed_0/mse/ivon/lr_0.05_h0_0.1_post_10_ivon
Files already downloaded and verified
Files already downloaded and verified
0	0.596	0.127	0.597	0.131
10	0.622	0.219	0.622	0.219
20	0.429	0.299	0.430	0.293
30	0.410	0.345	0.411	0.344
40	0.413	0.340	0.414	0.339
eigenvalues:  tensor([14.4223, 12.8014])
tensor([0.1000, 0.1000, 0.1000,  ..., 0.1000, 0.1000, 0.1000], device='cuda:1')
50	0.405	0.363	0.406	0.363
60	0.405	0.363	0.406	0.360
70	0.404	0.366	0.404	0.365
80	0.404	0.372	0.404	0.374
90	0.402	0.370	0.402	0.371
eigenvalues:  tensor([10.9097,  9.1141])
tensor([0.1000, 0.1000, 0.1000,  ..., 0.1000, 0.1000, 0.1000], device='cuda:1')
100	0.401	0.375	0.402	0.370
110	0.401	0.379	0.402	0.378
120	0.400	0.376	0.400	0.377
130	0.400	0.379	0.400	0.377
140	0.400	0.377	0.400	0.377
eigenvalues:  tensor([8.8991, 7.9537])
tensor([0.1000, 0.1000, 0.1000,  ..., 0.1000, 0.1000, 0.1000], device='cuda:1')
150	0.399	0.380	0.399	0.379
160	0.400	0.387	0.400	0.390
170	0.397	0.390	0.397	0.387
180	0.397	0.383	0.397	0.381
190	0.397	0.389	0.397	0.385
eigenvalues:  tensor([8.4434, 7.3010])
tensor([0.1000, 0.1000, 0.1000,  ..., 0.1000, 0.1000, 0.1000], device='cuda:1')
200	0.396	0.390	0.397	0.384
210	0.398	0.382	0.398	0.379
220	0.395	0.391	0.396	0.388
230	0.396	0.394	0.397	0.391
240	0.395	0.389	0.395	0.386
eigenvalues:  tensor([7.6445, 6.6958])
tensor([0.1000, 0.1000, 0.1000,  ..., 0.1000, 0.1000, 0.1000], device='cuda:1')
250	0.394	0.388	0.395	0.387
260	0.394	0.392	0.395	0.390
270	0.396	0.389	0.396	0.389
280	0.393	0.392	0.394	0.389
290	0.394	0.393	0.395	0.391
eigenvalues:  tensor([7.1876, 6.1380])
tensor([0.1000, 0.1000, 0.1000,  ..., 0.1000, 0.1000, 0.1000], device='cuda:1')
300	0.393	0.396	0.394	0.392
310	0.393	0.395	0.394	0.391
320	0.394	0.394	0.395	0.389
330	0.392	0.396	0.393	0.394
340	0.392	0.395	0.393	0.388
eigenvalues:  tensor([6.9376, 6.1123])
tensor([0.1000, 0.1000, 0.1000,  ..., 0.1000, 0.1000, 0.1000], device='cuda:1')
350	0.393	0.393	0.393	0.387
360	0.392	0.398	0.393	0.395
370	0.392	0.396	0.393	0.388
380	0.391	0.398	0.392	0.396
390	0.391	0.399	0.392	0.393
eigenvalues:  tensor([6.5981, 5.7760])
tensor([0.1000, 0.1000, 0.1000,  ..., 0.1000, 0.1000, 0.1000], device='cuda:1')
400	0.391	0.396	0.393	0.393
410	0.391	0.399	0.392	0.394
420	0.391	0.398	0.392	0.394
430	0.391	0.398	0.392	0.395
440	0.390	0.399	0.391	0.395
eigenvalues:  tensor([6.4768, 5.4059])
tensor([0.1000, 0.1000, 0.1000,  ..., 0.1000, 0.1000, 0.1000], device='cuda:1')
450	0.391	0.395	0.392	0.393
460	0.391	0.399	0.392	0.396
470	0.389	0.403	0.391	0.402
480	0.390	0.401	0.391	0.395
490	0.390	0.399	0.391	0.393
eigenvalues:  tensor([6.4206, 5.3812])
tensor([0.1000, 0.1000, 0.1000,  ..., 0.1000, 0.1000, 0.1000], device='cuda:1')
500	0.390	0.404	0.391	0.397
510	0.389	0.403	0.390	0.398
520	0.389	0.402	0.390	0.398
530	0.389	0.402	0.390	0.398
540	0.390	0.401	0.391	0.396
eigenvalues:  tensor([6.4235, 5.4830])
tensor([0.1000, 0.1000, 0.1000,  ..., 0.1000, 0.1000, 0.1000], device='cuda:1')
550	0.389	0.402	0.391	0.396
560	0.389	0.402	0.390	0.398
570	0.388	0.407	0.390	0.401
580	0.389	0.405	0.390	0.396
590	0.388	0.405	0.389	0.399
eigenvalues:  tensor([6.0367, 4.9591])
tensor([0.1000, 0.1000, 0.1000,  ..., 0.1000, 0.1000, 0.1000], device='cuda:1')
600	0.387	0.410	0.389	0.405
610	0.387	0.410	0.389	0.404
620	0.387	0.405	0.389	0.401
630	0.387	0.407	0.388	0.402
640	0.387	0.410	0.388	0.405
eigenvalues:  tensor([5.8141, 5.0067])
tensor([0.1000, 0.1000, 0.1000,  ..., 0.1000, 0.1000, 0.1000], device='cuda:1')
650	0.387	0.409	0.388	0.404
660	0.388	0.405	0.389	0.400
670	0.388	0.404	0.389	0.400
680	0.386	0.409	0.388	0.402
690	0.386	0.410	0.388	0.404
eigenvalues:  tensor([5.7880, 4.9836])
tensor([0.1000, 0.1000, 0.1000,  ..., 0.1000, 0.1000, 0.1000], device='cuda:1')
700	0.387	0.410	0.388	0.402
710	0.386	0.411	0.388	0.403
720	0.386	0.413	0.387	0.409
730	0.385	0.412	0.387	0.408
740	0.386	0.413	0.387	0.406
eigenvalues:  tensor([5.7433, 5.0274])
tensor([0.1000, 0.1000, 0.1000,  ..., 0.1000, 0.1000, 0.1000], device='cuda:1')
750	0.386	0.414	0.387	0.407
760	0.386	0.409	0.388	0.403
770	0.386	0.407	0.388	0.402
780	0.385	0.412	0.387	0.407
790	0.386	0.413	0.388	0.404
eigenvalues:  tensor([5.5782, 4.8839])
tensor([0.1000, 0.1000, 0.1000,  ..., 0.1000, 0.1000, 0.1000], device='cuda:1')
800	0.385	0.413	0.387	0.405
810	0.385	0.412	0.387	0.406
820	0.384	0.412	0.386	0.405
830	0.384	0.416	0.386	0.409
840	0.384	0.416	0.386	0.409
eigenvalues:  tensor([5.4856, 4.7868])
tensor([0.1000, 0.1000, 0.1000,  ..., 0.1000, 0.1000, 0.1000], device='cuda:1')
850	0.384	0.415	0.386	0.408
860	0.384	0.414	0.386	0.411
870	0.384	0.414	0.386	0.410
880	0.383	0.420	0.385	0.416
890	0.384	0.419	0.386	0.410
eigenvalues:  tensor([5.4051, 4.6694])
tensor([0.1000, 0.1000, 0.1000,  ..., 0.1000, 0.1000, 0.1000], device='cuda:1')
900	0.383	0.419	0.385	0.413
910	0.384	0.415	0.386	0.410
920	0.383	0.422	0.385	0.415
930	0.383	0.421	0.385	0.413
940	0.383	0.420	0.385	0.414
eigenvalues:  tensor([5.4614, 4.7697])
tensor([0.1000, 0.1000, 0.1000,  ..., 0.1000, 0.1000, 0.1000], device='cuda:1')
950	0.384	0.415	0.386	0.410
960	0.383	0.419	0.385	0.414
970	0.383	0.416	0.385	0.410
980	0.383	0.420	0.385	0.415
990	0.383	0.419	0.385	0.414
