device: cuda:4
output directory: RESULTS/cifar10/fc-tanh/seed_0/ce/ivon/lr_0.1_h0_0.01_post_10_ivon
Files already downloaded and verified
Files already downloaded and verified
0	2.301	0.127	2.302	0.131
10	2.045	0.262	2.043	0.271
20	2.071	0.287	2.070	0.290
30	2.022	0.309	2.023	0.312
40	2.016	0.324	2.017	0.326
eigenvalues:  tensor([7.7174, 6.6742])
0.009999998845160007
50	1.979	0.335	1.981	0.337
60	1.960	0.344	1.959	0.345
70	1.955	0.345	1.955	0.345
80	1.959	0.349	1.960	0.348
90	1.931	0.354	1.930	0.355
eigenvalues:  tensor([6.9525, 6.5603])
0.009999998845160007
100	1.917	0.358	1.917	0.359
110	1.919	0.363	1.922	0.361
120	1.908	0.364	1.908	0.364
130	1.897	0.366	1.900	0.366
140	1.903	0.366	1.904	0.365
eigenvalues:  tensor([6.8738, 5.8356])
0.009999998845160007
150	1.880	0.370	1.880	0.371
160	1.863	0.376	1.863	0.376
170	1.875	0.374	1.876	0.373
180	1.853	0.379	1.854	0.376
190	1.850	0.379	1.853	0.379
eigenvalues:  tensor([6.7644, 5.1852])
0.009999998845160007
200	1.850	0.382	1.852	0.377
210	1.845	0.383	1.848	0.381
220	1.833	0.385	1.835	0.384
230	1.817	0.391	1.819	0.388
240	1.825	0.389	1.828	0.386
eigenvalues:  tensor([6.6001, 4.7290])
0.009999998845160007
250	1.821	0.389	1.825	0.387
260	1.813	0.392	1.819	0.388
270	1.806	0.395	1.810	0.393
280	1.793	0.397	1.801	0.395
290	1.797	0.398	1.804	0.399
eigenvalues:  tensor([6.4558, 5.2739])
0.009999998845160007
300	1.784	0.398	1.791	0.396
310	1.783	0.400	1.790	0.398
320	1.802	0.397	1.807	0.396
330	1.778	0.399	1.785	0.398
340	1.776	0.402	1.786	0.400
eigenvalues:  tensor([6.0842, 5.0162])
0.009999998845160007
350	1.776	0.401	1.785	0.399
360	1.767	0.404	1.777	0.404
370	1.759	0.406	1.769	0.403
380	1.754	0.407	1.764	0.405
390	1.750	0.409	1.762	0.406
eigenvalues:  tensor([6.0381, 4.7245])
0.009999998845160007
400	1.764	0.407	1.776	0.404
410	1.738	0.412	1.751	0.412
420	1.736	0.412	1.749	0.408
430	1.747	0.410	1.760	0.408
440	1.726	0.414	1.742	0.408
eigenvalues:  tensor([5.8370, 4.5764])
0.009999998845160007
450	1.744	0.411	1.759	0.408
460	1.736	0.415	1.751	0.412
470	1.713	0.418	1.727	0.414
480	1.725	0.417	1.740	0.412
490	1.722	0.415	1.736	0.413
eigenvalues:  tensor([5.4998, 4.3113])
0.009999998845160007
500	1.717	0.418	1.732	0.415
510	1.717	0.418	1.733	0.417
520	1.708	0.419	1.724	0.417
530	1.719	0.419	1.734	0.414
540	1.714	0.418	1.730	0.413
eigenvalues:  tensor([5.3094, 4.5123])
0.009999998845160007
550	1.710	0.421	1.727	0.417
560	1.697	0.424	1.716	0.421
570	1.705	0.422	1.722	0.421
580	1.699	0.423	1.717	0.419
590	1.706	0.423	1.728	0.418
eigenvalues:  tensor([5.1821, 4.3582])
0.009999998845160007
600	1.694	0.425	1.712	0.423
610	1.695	0.425	1.715	0.423
620	1.691	0.427	1.713	0.421
630	1.695	0.424	1.717	0.421
640	1.676	0.430	1.698	0.425
eigenvalues:  tensor([4.9981, 4.3560])
0.009999998845160007
650	1.682	0.429	1.706	0.422
660	1.681	0.431	1.705	0.424
670	1.693	0.428	1.716	0.421
680	1.680	0.431	1.706	0.426
690	1.671	0.434	1.698	0.427
eigenvalues:  tensor([5.4103, 4.4094])
0.009999998845160007
700	1.677	0.430	1.704	0.427
710	1.668	0.433	1.696	0.428
720	1.663	0.435	1.691	0.426
730	1.660	0.437	1.688	0.427
740	1.659	0.437	1.688	0.428
eigenvalues:  tensor([5.1974, 4.1995])
0.009999998845160007
750	1.663	0.437	1.694	0.428
760	1.654	0.439	1.686	0.430
770	1.652	0.438	1.684	0.430
780	1.652	0.438	1.683	0.433
790	1.650	0.439	1.683	0.433
eigenvalues:  tensor([4.9719, 4.2189])
0.009999998845160007
800	1.651	0.439	1.683	0.433
810	1.650	0.440	1.681	0.434
820	1.643	0.439	1.675	0.431
830	1.650	0.440	1.682	0.433
840	1.641	0.442	1.673	0.433
eigenvalues:  tensor([4.7997, 4.1164])
0.009999998845160007
850	1.655	0.438	1.686	0.433
860	1.645	0.441	1.678	0.435
870	1.640	0.442	1.677	0.436
880	1.633	0.443	1.668	0.435
890	1.631	0.443	1.667	0.437
eigenvalues:  tensor([4.7986, 4.0473])
0.009999998845160007
900	1.630	0.445	1.665	0.438
910	1.632	0.444	1.667	0.435
920	1.624	0.448	1.661	0.439
930	1.624	0.447	1.662	0.438
940	1.623	0.448	1.661	0.439
eigenvalues:  tensor([4.6844, 3.8261])
0.009999998845160007
950	1.639	0.445	1.676	0.437
960	1.618	0.449	1.657	0.440
970	1.615	0.448	1.656	0.439
980	1.622	0.447	1.662	0.437
990	1.616	0.449	1.656	0.440
