device: cuda:1
output directory: RESULTS/cifar10-10k/fc-tanh/seed_0/mse/ivon/lr_0.05_h0_0.01_post_10_ivon
Files already downloaded and verified
Files already downloaded and verified
0	0.597	0.131	0.597	0.131
10	0.522	0.224	0.525	0.221
20	0.508	0.223	0.508	0.213
30	0.513	0.220	0.515	0.217
40	0.530	0.199	0.533	0.199
eigenvalues:  tensor([22.6945, 21.6057])
0.009999998845160007
50	0.499	0.190	0.501	0.197
60	0.523	0.199	0.521	0.198
70	0.495	0.237	0.497	0.226
80	0.512	0.213	0.512	0.210
90	0.484	0.210	0.485	0.202
eigenvalues:  tensor([19.4147, 18.9479])
0.009999998845160007
100	0.489	0.187	0.488	0.188
110	0.498	0.265	0.501	0.253
120	0.481	0.241	0.483	0.235
130	0.483	0.234	0.488	0.220
140	0.569	0.202	0.571	0.203
eigenvalues:  tensor([18.8187, 17.8412])
0.009999998845160007
150	0.490	0.170	0.494	0.166
160	0.520	0.190	0.521	0.184
170	0.460	0.244	0.462	0.240
180	0.492	0.193	0.495	0.185
190	0.507	0.247	0.511	0.242
eigenvalues:  tensor([19.9614, 19.3876])
0.009999998845160007
200	0.548	0.218	0.549	0.210
210	0.502	0.204	0.504	0.199
220	0.498	0.226	0.499	0.228
230	0.460	0.234	0.463	0.226
240	0.491	0.228	0.492	0.225
eigenvalues:  tensor([19.8540, 18.2044])
0.009999998845160007
250	0.554	0.192	0.555	0.195
260	0.476	0.220	0.480	0.207
270	0.496	0.226	0.499	0.225
280	0.549	0.189	0.554	0.190
290	0.570	0.174	0.572	0.177
eigenvalues:  tensor([20.3455, 19.8824])
0.009999998845160007
300	0.495	0.192	0.496	0.189
310	0.502	0.182	0.503	0.186
320	0.583	0.205	0.589	0.198
330	0.464	0.230	0.466	0.224
340	0.482	0.226	0.485	0.222
eigenvalues:  tensor([19.2273, 17.7709])
0.009999998845160007
350	0.527	0.206	0.530	0.208
360	0.468	0.269	0.469	0.260
370	0.485	0.266	0.488	0.257
380	0.468	0.208	0.471	0.199
390	0.505	0.200	0.505	0.204
eigenvalues:  tensor([19.0935, 18.0282])
0.009999998845160007
400	0.538	0.191	0.543	0.191
410	0.474	0.204	0.478	0.200
420	0.477	0.219	0.482	0.213
430	0.462	0.247	0.465	0.238
440	0.486	0.225	0.490	0.224
eigenvalues:  tensor([14.5935, 13.7521])
0.009999998845160007
450	0.466	0.245	0.468	0.238
460	0.481	0.214	0.485	0.214
470	0.446	0.243	0.449	0.239
480	0.475	0.261	0.478	0.266
490	0.478	0.209	0.479	0.205
eigenvalues:  tensor([14.3886, 13.2047])
0.009999998845160007
500	0.482	0.219	0.484	0.222
510	0.460	0.236	0.464	0.235
520	0.493	0.218	0.494	0.218
530	0.477	0.252	0.479	0.247
540	0.483	0.242	0.483	0.246
eigenvalues:  tensor([15.3800, 13.7775])
0.009999998845160007
550	0.498	0.223	0.498	0.222
560	0.456	0.227	0.458	0.235
570	0.468	0.271	0.471	0.262
580	0.484	0.245	0.487	0.240
590	0.486	0.234	0.486	0.234
eigenvalues:  tensor([15.4444, 14.3330])
0.009999998845160007
600	0.487	0.233	0.487	0.236
610	0.445	0.267	0.448	0.263
620	0.471	0.227	0.472	0.225
630	0.436	0.288	0.439	0.286
640	0.484	0.234	0.486	0.230
eigenvalues:  tensor([14.5503, 13.5445])
0.009999998845160007
650	0.492	0.241	0.495	0.226
660	0.449	0.246	0.451	0.240
670	0.514	0.239	0.514	0.239
680	0.478	0.224	0.482	0.220
690	0.450	0.228	0.452	0.221
eigenvalues:  tensor([12.7684, 12.5311])
0.009999998845160007
700	0.438	0.258	0.442	0.248
710	0.430	0.284	0.432	0.278
720	0.464	0.232	0.466	0.234
730	0.449	0.282	0.452	0.270
740	0.447	0.252	0.450	0.248
eigenvalues:  tensor([13.6886, 12.7383])
0.009999998845160007
750	0.461	0.267	0.464	0.258
760	0.458	0.269	0.461	0.260
770	0.493	0.246	0.495	0.251
780	0.454	0.243	0.456	0.242
790	0.445	0.238	0.448	0.242
eigenvalues:  tensor([12.9299, 12.0293])
0.009999998845160007
800	0.452	0.241	0.456	0.232
810	0.481	0.210	0.485	0.201
820	0.449	0.233	0.451	0.231
830	0.458	0.279	0.459	0.276
840	0.438	0.259	0.438	0.256
eigenvalues:  tensor([12.3783, 11.7881])
0.009999998845160007
850	0.436	0.292	0.439	0.287
860	0.437	0.261	0.439	0.257
870	0.463	0.252	0.466	0.242
880	0.449	0.220	0.451	0.226
890	0.490	0.253	0.491	0.247
eigenvalues:  tensor([10.5797, 10.5288])
0.009999998845160007
900	0.430	0.275	0.433	0.272
910	0.439	0.273	0.440	0.268
920	0.444	0.262	0.447	0.257
930	0.437	0.266	0.440	0.256
940	0.444	0.262	0.447	0.254
eigenvalues:  tensor([13.5236, 12.6490])
0.009999998845160007
950	0.466	0.282	0.467	0.273
960	0.445	0.282	0.448	0.274
970	0.443	0.260	0.446	0.247
980	0.458	0.238	0.459	0.231
990	0.459	0.266	0.461	0.254
