device: cuda:6
output directory: RESULTS/cifar10/fc-tanh/seed_0/ce/ivon/lr_0.05_h0_0.1_post_10_ivon
Files already downloaded and verified
Files already downloaded and verified
0	2.301	0.127	2.302	0.131
10	1.971	0.305	1.972	0.304
20	1.892	0.336	1.894	0.337
30	1.848	0.355	1.850	0.354
40	1.817	0.368	1.820	0.366
eigenvalues:  tensor([14.4218, 10.8671])
tensor([0.1000, 0.1000, 0.1000,  ..., 0.1000, 0.1000, 0.1000], device='cuda:6')
50	1.793	0.375	1.797	0.377
60	1.777	0.382	1.780	0.381
70	1.762	0.385	1.766	0.382
80	1.750	0.390	1.755	0.392
90	1.737	0.395	1.742	0.395
eigenvalues:  tensor([17.3615, 15.4223])
tensor([0.1000, 0.1000, 0.1000,  ..., 0.1000, 0.1000, 0.1000], device='cuda:6')
100	1.723	0.400	1.730	0.396
110	1.717	0.404	1.725	0.400
120	1.707	0.407	1.716	0.402
130	1.707	0.405	1.719	0.402
140	1.697	0.409	1.707	0.405
eigenvalues:  tensor([18.3454, 15.3999])
tensor([0.1000, 0.1000, 0.1000,  ..., 0.1000, 0.1000, 0.1000], device='cuda:6')
150	1.683	0.415	1.694	0.411
160	1.678	0.419	1.692	0.411
170	1.682	0.416	1.696	0.410
180	1.663	0.424	1.678	0.415
190	1.664	0.425	1.682	0.419
eigenvalues:  tensor([17.6620, 14.7931])
tensor([0.1000, 0.1000, 0.1000,  ..., 0.1000, 0.1000, 0.1000], device='cuda:6')
200	1.656	0.427	1.675	0.420
210	1.648	0.430	1.668	0.425
220	1.641	0.433	1.661	0.426
230	1.640	0.433	1.662	0.424
240	1.630	0.436	1.654	0.428
eigenvalues:  tensor([19.4727, 16.2292])
tensor([0.1000, 0.1000, 0.1000,  ..., 0.1000, 0.1000, 0.1000], device='cuda:6')
250	1.624	0.438	1.651	0.429
260	1.622	0.441	1.649	0.426
270	1.637	0.434	1.663	0.422
280	1.615	0.440	1.646	0.432
290	1.612	0.443	1.642	0.432
eigenvalues:  tensor([16.5329, 15.0812])
tensor([0.1000, 0.1000, 0.1000,  ..., 0.1000, 0.1000, 0.1000], device='cuda:6')
300	1.607	0.445	1.639	0.433
310	1.616	0.442	1.649	0.432
320	1.605	0.447	1.639	0.434
330	1.599	0.449	1.635	0.435
340	1.589	0.453	1.627	0.438
eigenvalues:  tensor([17.5629, 15.7888])
tensor([0.1000, 0.1000, 0.1000,  ..., 0.1000, 0.1000, 0.1000], device='cuda:6')
350	1.584	0.454	1.623	0.440
360	1.588	0.452	1.629	0.437
370	1.584	0.455	1.626	0.438
380	1.573	0.458	1.616	0.444
390	1.572	0.459	1.616	0.444
eigenvalues:  tensor([17.0371, 14.9018])
tensor([0.1000, 0.1000, 0.1000,  ..., 0.1000, 0.1000, 0.1000], device='cuda:6')
400	1.569	0.461	1.616	0.443
410	1.560	0.464	1.609	0.446
420	1.558	0.464	1.609	0.445
430	1.555	0.464	1.606	0.449
440	1.549	0.468	1.604	0.448
eigenvalues:  tensor([16.9287, 15.1102])
tensor([0.1000, 0.1000, 0.1000,  ..., 0.1000, 0.1000, 0.1000], device='cuda:6')
450	1.546	0.468	1.601	0.447
460	1.543	0.471	1.599	0.451
470	1.537	0.474	1.596	0.450
480	1.536	0.472	1.595	0.451
490	1.534	0.473	1.594	0.453
eigenvalues:  tensor([15.6762, 14.3441])
tensor([0.1000, 0.1000, 0.1000,  ..., 0.1000, 0.1000, 0.1000], device='cuda:6')
500	1.538	0.473	1.599	0.453
510	1.528	0.476	1.593	0.455
520	1.521	0.478	1.586	0.456
530	1.521	0.479	1.591	0.458
540	1.522	0.476	1.590	0.459
eigenvalues:  tensor([17.2003, 14.5301])
tensor([0.1000, 0.1000, 0.1000,  ..., 0.1000, 0.1000, 0.1000], device='cuda:6')
550	1.518	0.481	1.588	0.454
560	1.507	0.484	1.580	0.458
570	1.508	0.483	1.582	0.460
580	1.499	0.486	1.575	0.461
590	1.504	0.485	1.582	0.459
eigenvalues:  tensor([15.6045, 14.0221])
tensor([0.1000, 0.1000, 0.1000,  ..., 0.1000, 0.1000, 0.1000], device='cuda:6')
600	1.498	0.487	1.576	0.460
610	1.492	0.488	1.573	0.463
620	1.490	0.489	1.573	0.462
630	1.484	0.493	1.570	0.463
640	1.482	0.493	1.567	0.464
eigenvalues:  tensor([15.4528, 13.7110])
tensor([0.1000, 0.1000, 0.1000,  ..., 0.1000, 0.1000, 0.1000], device='cuda:6')
650	1.484	0.494	1.573	0.462
660	1.478	0.495	1.568	0.463
670	1.477	0.494	1.569	0.465
680	1.490	0.492	1.583	0.462
690	1.465	0.500	1.560	0.465
eigenvalues:  tensor([16.2771, 14.6388])
tensor([0.1000, 0.1000, 0.1000,  ..., 0.1000, 0.1000, 0.1000], device='cuda:6')
700	1.463	0.500	1.562	0.465
710	1.460	0.500	1.559	0.468
720	1.455	0.502	1.558	0.467
730	1.460	0.501	1.564	0.463
740	1.449	0.505	1.556	0.471
eigenvalues:  tensor([17.3743, 14.7549])
tensor([0.1000, 0.1000, 0.1000,  ..., 0.1000, 0.1000, 0.1000], device='cuda:6')
750	1.447	0.505	1.556	0.468
760	1.447	0.506	1.557	0.469
770	1.442	0.508	1.554	0.470
780	1.446	0.506	1.558	0.471
790	1.431	0.511	1.549	0.475
eigenvalues:  tensor([17.9415, 15.0645])
tensor([0.1000, 0.1000, 0.1000,  ..., 0.1000, 0.1000, 0.1000], device='cuda:6')
800	1.428	0.512	1.546	0.476
810	1.424	0.513	1.543	0.478
820	1.429	0.511	1.551	0.472
830	1.426	0.514	1.550	0.474
840	1.452	0.505	1.577	0.467
eigenvalues:  tensor([15.1577, 13.9758])
tensor([0.1000, 0.1000, 0.1000,  ..., 0.1000, 0.1000, 0.1000], device='cuda:6')
850	1.420	0.516	1.546	0.472
860	1.426	0.515	1.556	0.472
870	1.412	0.517	1.548	0.473
880	1.410	0.519	1.545	0.472
890	1.398	0.523	1.534	0.478
eigenvalues:  tensor([16.1296, 15.2179])
tensor([0.1000, 0.1000, 0.1000,  ..., 0.1000, 0.1000, 0.1000], device='cuda:6')
900	1.396	0.524	1.535	0.477
910	1.396	0.524	1.536	0.480
920	1.389	0.526	1.533	0.478
930	1.386	0.527	1.533	0.479
940	1.383	0.528	1.533	0.477
eigenvalues:  tensor([16.3101, 16.1650])
tensor([0.1000, 0.1000, 0.1000,  ..., 0.1000, 0.1000, 0.1000], device='cuda:6')
950	1.379	0.529	1.530	0.484
960	1.384	0.529	1.539	0.479
970	1.375	0.532	1.530	0.478
980	1.377	0.530	1.535	0.478
990	1.371	0.532	1.531	0.486
