device: cuda:1
output directory: RESULTS/cifar10/fc-tanh/seed_0/ce/ivon/lr_0.05_h0_0.01_post_10_ivon
Files already downloaded and verified
Files already downloaded and verified
0	2.301	0.127	2.302	0.131
10	2.076	0.252	2.074	0.259
20	2.062	0.263	2.060	0.266
30	2.050	0.280	2.048	0.286
40	2.057	0.289	2.055	0.296
eigenvalues:  tensor([6.8444, 5.9748])
0.009999998845160007
50	2.031	0.306	2.031	0.310
60	2.009	0.317	2.009	0.320
70	2.006	0.322	2.006	0.321
80	2.008	0.328	2.009	0.330
90	1.992	0.333	1.993	0.337
eigenvalues:  tensor([7.2848, 6.9076])
0.009999998845160007
100	1.986	0.336	1.988	0.335
110	1.989	0.339	1.992	0.339
120	1.984	0.343	1.986	0.341
130	1.969	0.345	1.973	0.344
140	1.977	0.346	1.980	0.345
eigenvalues:  tensor([7.0559, 6.3886])
0.009999998845160007
150	1.964	0.347	1.966	0.348
160	1.945	0.351	1.947	0.352
170	1.952	0.353	1.954	0.354
180	1.936	0.356	1.938	0.354
190	1.931	0.359	1.934	0.358
eigenvalues:  tensor([7.1215, 5.7456])
0.009999998845160007
200	1.939	0.358	1.941	0.359
210	1.935	0.360	1.937	0.359
220	1.930	0.361	1.930	0.361
230	1.906	0.366	1.906	0.365
240	1.912	0.364	1.912	0.365
eigenvalues:  tensor([6.8070, 6.1285])
0.009999998845160007
250	1.910	0.365	1.911	0.365
260	1.902	0.367	1.904	0.364
270	1.899	0.369	1.899	0.367
280	1.889	0.372	1.892	0.369
290	1.894	0.370	1.896	0.370
eigenvalues:  tensor([6.6936, 6.2745])
0.009999998845160007
300	1.881	0.374	1.882	0.371
310	1.875	0.376	1.876	0.374
320	1.890	0.374	1.891	0.371
330	1.874	0.375	1.876	0.373
340	1.874	0.377	1.875	0.373
eigenvalues:  tensor([6.6553, 6.0430])
0.009999998845160007
350	1.871	0.378	1.873	0.375
360	1.861	0.381	1.863	0.379
370	1.853	0.381	1.855	0.378
380	1.846	0.384	1.848	0.384
390	1.847	0.384	1.849	0.378
eigenvalues:  tensor([6.6801, 5.6828])
0.009999998845160007
400	1.853	0.383	1.856	0.379
410	1.833	0.387	1.837	0.384
420	1.831	0.388	1.834	0.383
430	1.845	0.385	1.848	0.381
440	1.830	0.387	1.835	0.386
eigenvalues:  tensor([6.7131, 5.4061])
0.009999998845160007
450	1.841	0.386	1.845	0.382
460	1.834	0.388	1.837	0.386
470	1.810	0.391	1.813	0.389
480	1.820	0.390	1.825	0.389
490	1.824	0.388	1.827	0.386
eigenvalues:  tensor([6.5552, 5.2955])
0.009999998845160007
500	1.812	0.391	1.815	0.390
510	1.818	0.392	1.821	0.390
520	1.808	0.393	1.811	0.392
530	1.814	0.392	1.817	0.389
540	1.814	0.392	1.817	0.391
eigenvalues:  tensor([6.4144, 5.2834])
0.009999998845160007
550	1.812	0.394	1.816	0.391
560	1.799	0.395	1.804	0.394
570	1.803	0.396	1.806	0.394
580	1.799	0.395	1.804	0.394
590	1.807	0.395	1.813	0.392
eigenvalues:  tensor([6.4779, 5.2722])
0.009999998845160007
600	1.792	0.398	1.797	0.398
610	1.793	0.398	1.798	0.398
620	1.791	0.397	1.799	0.398
630	1.796	0.397	1.803	0.397
640	1.782	0.399	1.789	0.399
eigenvalues:  tensor([6.4201, 5.4215])
0.009999998845160007
650	1.781	0.399	1.788	0.399
660	1.782	0.400	1.790	0.399
670	1.788	0.400	1.793	0.400
680	1.780	0.402	1.787	0.400
690	1.771	0.403	1.779	0.405
eigenvalues:  tensor([6.7652, 5.2344])
0.009999998845160007
700	1.782	0.401	1.790	0.403
710	1.770	0.404	1.779	0.404
720	1.766	0.405	1.776	0.401
730	1.759	0.406	1.768	0.403
740	1.761	0.406	1.769	0.403
eigenvalues:  tensor([6.5053, 4.9162])
0.009999998845160007
750	1.766	0.406	1.776	0.403
760	1.758	0.408	1.769	0.406
770	1.759	0.408	1.770	0.406
780	1.758	0.409	1.768	0.406
790	1.754	0.409	1.765	0.407
eigenvalues:  tensor([6.3824, 4.9475])
0.009999998845160007
800	1.752	0.411	1.763	0.408
810	1.753	0.409	1.763	0.407
820	1.750	0.409	1.761	0.407
830	1.751	0.409	1.762	0.408
840	1.745	0.410	1.756	0.409
eigenvalues:  tensor([6.1268, 4.9017])
0.009999998845160007
850	1.752	0.410	1.764	0.408
860	1.747	0.411	1.758	0.408
870	1.747	0.412	1.760	0.409
880	1.740	0.411	1.752	0.411
890	1.731	0.414	1.744	0.411
eigenvalues:  tensor([6.1144, 4.9665])
0.009999998845160007
900	1.735	0.413	1.748	0.411
910	1.739	0.412	1.751	0.411
920	1.729	0.416	1.743	0.413
930	1.728	0.415	1.743	0.413
940	1.725	0.416	1.740	0.413
eigenvalues:  tensor([6.0646, 4.6867])
0.009999998845160007
950	1.735	0.415	1.749	0.413
960	1.724	0.417	1.739	0.413
970	1.719	0.418	1.735	0.413
980	1.726	0.415	1.743	0.412
990	1.722	0.416	1.737	0.414
