device: cuda:7
output directory: RESULTS/cifar10-10k/resnet32/seed_0/ce/ivon/lr_0.1_h0_0.1_post_10_ivon
Files already downloaded and verified
Files already downloaded and verified
device: cuda:7
output directory: RESULTS/cifar10-10k/resnet32/seed_0/ce/ivon/lr_0.1_h0_0.1_post_10_ivon
Files already downloaded and verified
Files already downloaded and verified
0	2.310	0.101	2.310	0.098
10	2.167	0.223	2.169	0.221
20	2.079	0.244	2.083	0.239
30	2.016	0.269	2.021	0.263
40	1.965	0.283	1.970	0.280
eigenvalues:  tensor([8.4413, 6.4544])
tensor([0.1000, 0.1000, 0.1000,  ..., 0.1000, 0.1000, 0.1000], device='cuda:7')
50	1.919	0.301	1.925	0.298
60	1.877	0.314	1.883	0.310
70	1.838	0.325	1.845	0.319
80	1.805	0.337	1.812	0.329
90	1.770	0.349	1.777	0.343
eigenvalues:  tensor([9.3573, 7.2144])
tensor([0.1000, 0.1000, 0.1000,  ..., 0.1000, 0.1000, 0.1000], device='cuda:7')
100	1.743	0.355	1.752	0.348
110	1.712	0.365	1.723	0.359
120	1.689	0.372	1.700	0.363
130	1.668	0.378	1.682	0.371
140	1.645	0.386	1.661	0.376
eigenvalues:  tensor([13.2465,  8.0286])
tensor([0.1000, 0.1000, 0.1000,  ..., 0.1000, 0.1000, 0.1000], device='cuda:7')
150	1.653	0.380	1.670	0.373
160	1.597	0.401	1.618	0.397
170	1.575	0.412	1.600	0.407
180	1.568	0.413	1.592	0.405
190	1.544	0.421	1.571	0.410
eigenvalues:  tensor([11.0308,  9.5252])
tensor([0.1000, 0.1000, 0.1000,  ..., 0.1000, 0.1000, 0.1000], device='cuda:7')
200	1.513	0.434	1.547	0.423
210	1.533	0.428	1.571	0.415
220	1.478	0.446	1.519	0.435
230	1.469	0.452	1.513	0.430
240	1.457	0.452	1.499	0.437
eigenvalues:  tensor([9.1204, 8.5987])
tensor([0.1000, 0.1000, 0.1000,  ..., 0.1000, 0.1000, 0.1000], device='cuda:7')
250	1.430	0.468	1.482	0.448
260	1.410	0.478	1.466	0.454
270	1.392	0.484	1.450	0.458
280	1.389	0.483	1.450	0.455
290	1.351	0.501	1.420	0.467
eigenvalues:  tensor([8.9792, 8.6179])
tensor([0.1000, 0.1000, 0.1000,  ..., 0.1000, 0.1000, 0.1000], device='cuda:7')
300	1.343	0.503	1.415	0.477
310	1.324	0.513	1.405	0.484
320	1.299	0.520	1.385	0.481
330	1.322	0.515	1.413	0.477
340	1.258	0.537	1.355	0.499
eigenvalues:  tensor([11.8429, 10.4330])
tensor([0.1000, 0.1000, 0.1000,  ..., 0.1000, 0.1000, 0.1000], device='cuda:7')
350	1.289	0.525	1.395	0.486
360	1.251	0.540	1.360	0.496
370	1.243	0.547	1.362	0.499
380	1.217	0.556	1.344	0.502
390	1.200	0.553	1.328	0.509
eigenvalues:  tensor([10.3734,  9.4553])
tensor([0.1000, 0.1000, 0.1000,  ..., 0.1000, 0.1000, 0.1000], device='cuda:7')
400	1.164	0.568	1.309	0.515
410	1.149	0.573	1.308	0.516
420	1.137	0.583	1.294	0.525
430	1.203	0.558	1.357	0.511
440	1.087	0.599	1.267	0.535
eigenvalues:  tensor([11.4882,  9.9557])
tensor([0.1000, 0.1000, 0.1000,  ..., 0.1000, 0.1000, 0.1000], device='cuda:7')
450	1.124	0.581	1.315	0.518
460	1.092	0.595	1.297	0.532
470	1.057	0.609	1.266	0.543
480	1.086	0.596	1.305	0.526
490	1.027	0.626	1.266	0.539
eigenvalues:  tensor([11.6831, 11.0491])
tensor([0.1000, 0.1000, 0.1000,  ..., 0.1000, 0.1000, 0.1000], device='cuda:7')
500	0.991	0.635	1.246	0.545
510	0.995	0.633	1.262	0.541
520	1.022	0.622	1.294	0.537
530	0.975	0.634	1.263	0.550
540	0.917	0.665	1.226	0.558
eigenvalues:  tensor([12.6064, 10.7051])
tensor([0.1000, 0.1000, 0.1000,  ..., 0.1000, 0.1000, 0.1000], device='cuda:7')
550	0.926	0.660	1.251	0.552
560	0.937	0.650	1.282	0.539
570	0.910	0.663	1.262	0.547
580	0.912	0.665	1.289	0.544
590	0.834	0.696	1.239	0.563
eigenvalues:  tensor([11.9622, 11.9099])
tensor([0.1000, 0.1000, 0.1000,  ..., 0.1000, 0.1000, 0.1000], device='cuda:7')
600	0.912	0.667	1.321	0.540
610	0.867	0.677	1.290	0.552
620	0.802	0.710	1.256	0.559
630	0.798	0.701	1.277	0.555
640	0.785	0.713	1.291	0.553
eigenvalues:  tensor([10.1481,  9.7195])
tensor([0.1000, 0.1000, 0.1000,  ..., 0.1000, 0.1000, 0.1000], device='cuda:7')
650	0.712	0.745	1.255	0.566
660	0.738	0.729	1.290	0.554
670	0.725	0.734	1.318	0.550
680	0.665	0.766	1.271	0.567
690	0.678	0.756	1.306	0.552
eigenvalues:  tensor([11.1181, 10.3038])
tensor([0.1000, 0.1000, 0.1000,  ..., 0.1000, 0.1000, 0.1000], device='cuda:7')
700	0.604	0.790	1.266	0.569
710	0.640	0.772	1.316	0.562
720	0.598	0.788	1.306	0.568
730	0.551	0.808	1.309	0.566
740	0.615	0.772	1.392	0.546
eigenvalues:  tensor([12.1720, 11.3350])
tensor([0.1000, 0.1000, 0.1000,  ..., 0.1000, 0.1000, 0.1000], device='cuda:7')
750	0.588	0.788	1.427	0.542
760	0.523	0.814	1.371	0.563
770	0.552	0.800	1.411	0.558
780	0.543	0.798	1.457	0.552
790	0.460	0.845	1.401	0.556
eigenvalues:  tensor([11.1510, 10.5165])
tensor([0.1000, 0.1000, 0.1000,  ..., 0.1000, 0.1000, 0.1000], device='cuda:7')
800	0.473	0.833	1.442	0.557
810	0.419	0.853	1.426	0.565
820	0.393	0.866	1.471	0.558
830	0.442	0.842	1.537	0.549
840	0.378	0.869	1.508	0.561
eigenvalues:  tensor([13.2791, 11.6236])
tensor([0.1000, 0.1000, 0.1000,  ..., 0.1000, 0.1000, 0.1000], device='cuda:7')
850	0.426	0.848	1.598	0.538
860	0.342	0.887	1.520	0.560
870	0.330	0.892	1.560	0.551
880	0.299	0.906	1.567	0.560
890	0.296	0.907	1.617	0.548
eigenvalues:  tensor([8.2091, 7.9961])
tensor([0.1000, 0.1000, 0.1000,  ..., 0.1000, 0.1000, 0.1000], device='cuda:7')
900	0.250	0.926	1.590	0.559
910	0.234	0.930	1.630	0.556
920	0.302	0.900	1.724	0.542
930	0.201	0.948	1.665	0.556
940	0.230	0.925	1.741	0.550
eigenvalues:  tensor([9.6981, 8.3105])
tensor([0.1000, 0.1000, 0.1000,  ..., 0.1000, 0.1000, 0.1000], device='cuda:7')
950	0.195	0.946	1.766	0.547
960	0.215	0.930	1.821	0.540
970	0.216	0.934	1.852	0.538
980	0.151	0.965	1.754	0.554
990	0.126	0.974	1.811	0.553
