/egr/research-slim/ghoshavr/edge-of-stability/src/utilities.py:242: UserWarning: torch.linalg.svd: During SVD computation with the selected cusolver driver, batches 0 failed to converge. A more accurate method will be used to compute the SVD as a fallback. Check doc at https://pytorch.org/docs/stable/generated/torch.linalg.svd.html (Triggered internally at /opt/conda/conda-bld/pytorch_1670525541035/work/aten/src/ATen/native/cuda/linalg/BatchLinearAlgebraLib.cpp:869.)
  u, s, v = torch.svd(layer.weight.data)
device: cuda:0
output directory: RESULTS/cifar10-20k/fc-relu/seed_0/mse/gd//lr_0.27
Files already downloaded and verified
Files already downloaded and verified
eigenvalues:  tensor([15.4596, 14.0058])
0	0.519	0.084	0.518	0.090
10	0.417	0.326	0.418	0.319
20	0.382	0.407	0.387	0.394
30	0.374	0.427	0.380	0.409
40	0.367	0.445	0.375	0.420
50	0.362	0.458	0.373	0.425
60	0.356	0.473	0.369	0.437
70	0.354	0.479	0.369	0.440
80	0.353	0.468	0.370	0.426
90	0.345	0.501	0.363	0.452
eigenvalues:  tensor([8.7462, 8.5177])
100	0.338	0.514	0.358	0.459
110	0.338	0.520	0.361	0.452
120	0.344	0.492	0.369	0.429
130	0.331	0.534	0.358	0.457
140	0.329	0.529	0.357	0.456
150	0.329	0.534	0.359	0.448
160	0.329	0.531	0.361	0.445
170	0.319	0.563	0.353	0.466
180	0.315	0.564	0.351	0.468
190	0.321	0.550	0.358	0.459
eigenvalues:  tensor([10.8284,  9.6199])
200	0.323	0.550	0.360	0.456
210	0.315	0.568	0.354	0.471
220	0.316	0.565	0.356	0.457
230	0.306	0.585	0.351	0.468
240	0.308	0.576	0.355	0.461
250	0.306	0.590	0.353	0.466
260	0.298	0.612	0.348	0.481
270	0.311	0.577	0.361	0.461
280	0.301	0.593	0.353	0.466
290	0.302	0.602	0.356	0.468
eigenvalues:  tensor([10.3009,  9.6752])
300	0.295	0.619	0.352	0.477
310	0.297	0.602	0.357	0.459
320	0.301	0.598	0.360	0.459
330	0.299	0.600	0.359	0.462
340	0.284	0.629	0.350	0.476
350	0.288	0.634	0.354	0.477
360	0.287	0.639	0.353	0.473
370	0.285	0.654	0.353	0.477
380	0.284	0.639	0.354	0.468
390	0.282	0.633	0.357	0.464
eigenvalues:  tensor([11.5611, 10.2076])
400	0.277	0.652	0.352	0.475
410	0.279	0.651	0.354	0.477
420	0.283	0.636	0.358	0.470
430	0.276	0.652	0.355	0.470
440	0.293	0.618	0.371	0.450
450	0.276	0.651	0.359	0.465
460	0.271	0.670	0.354	0.478
470	0.271	0.667	0.359	0.464
480	0.267	0.679	0.357	0.465
490	0.268	0.674	0.359	0.465
eigenvalues:  tensor([11.3815, 10.7879])
500	0.264	0.680	0.354	0.474
510	0.262	0.688	0.357	0.468
520	0.259	0.696	0.356	0.475
530	0.258	0.689	0.356	0.479
540	0.262	0.684	0.360	0.463
550	0.257	0.692	0.359	0.472
560	0.258	0.693	0.358	0.468
570	0.251	0.707	0.352	0.486
580	0.249	0.724	0.355	0.481
590	0.253	0.705	0.360	0.468
eigenvalues:  tensor([10.5231,  9.6328])
600	0.251	0.714	0.355	0.472
610	0.256	0.708	0.364	0.463
620	0.267	0.675	0.373	0.449
630	0.244	0.729	0.356	0.480
640	0.244	0.720	0.359	0.476
650	0.249	0.710	0.367	0.467
660	0.237	0.740	0.356	0.481
670	0.257	0.694	0.376	0.464
680	0.245	0.721	0.362	0.471
690	0.237	0.738	0.361	0.479
eigenvalues:  tensor([12.5826, 12.1380])
700	0.251	0.709	0.373	0.449
710	0.235	0.738	0.364	0.475
720	0.921	0.516	1.023	0.349
Traceback (most recent call last):
  File "src/gd.py", line 126, in <module>
    seed=args.seed,device_id=args.device_id)
  File "src/gd.py", line 58, in main
    store_singular_values(network, singular_value_storage)
  File "/egr/research-slim/ghoshavr/edge-of-stability/src/utilities.py", line 242, in store_singular_values
    u, s, v = torch.svd(layer.weight.data)
torch._C._LinAlgError: linalg.svd: The algorithm failed to converge because the input matrix is ill-conditioned or has too many repeated singular values (error code: 199).
