/egr/research-slim/ghoshavr/edge-of-stability/src/utilities.py:242: UserWarning: torch.linalg.svd: During SVD computation with the selected cusolver driver, batches 0 failed to converge. A more accurate method will be used to compute the SVD as a fallback. Check doc at https://pytorch.org/docs/stable/generated/torch.linalg.svd.html (Triggered internally at /opt/conda/conda-bld/pytorch_1670525541035/work/aten/src/ATen/native/cuda/linalg/BatchLinearAlgebraLib.cpp:869.)
  u, s, v = torch.svd(layer.weight.data)
device: cuda:0
output directory: RESULTS/cifar10-20k/fc-relu/seed_0/mse/gd//lr_0.25
Files already downloaded and verified
Files already downloaded and verified
eigenvalues:  tensor([15.4596, 14.0058])
0	0.519	0.084	0.518	0.090
10	0.407	0.332	0.409	0.322
20	0.381	0.412	0.386	0.397
30	0.377	0.422	0.383	0.396
40	0.365	0.452	0.374	0.427
50	0.362	0.460	0.373	0.427
60	0.357	0.471	0.369	0.431
70	0.353	0.484	0.368	0.438
80	0.345	0.500	0.362	0.449
90	0.346	0.498	0.364	0.447
eigenvalues:  tensor([9.3631, 8.6327])
100	0.346	0.494	0.365	0.437
110	0.340	0.501	0.363	0.446
120	0.345	0.502	0.370	0.438
130	0.333	0.523	0.359	0.455
140	0.329	0.539	0.357	0.460
150	0.333	0.525	0.363	0.441
160	0.328	0.542	0.360	0.454
170	0.325	0.544	0.359	0.452
180	0.322	0.551	0.356	0.459
190	0.318	0.553	0.355	0.458
eigenvalues:  tensor([9.6361, 9.4066])
200	0.318	0.572	0.356	0.463
210	0.317	0.567	0.356	0.461
220	0.316	0.570	0.357	0.464
230	0.310	0.582	0.353	0.474
240	0.307	0.588	0.351	0.472
250	0.315	0.563	0.360	0.459
260	0.302	0.592	0.351	0.472
270	0.331	0.553	0.372	0.446
280	0.299	0.595	0.351	0.472
290	0.306	0.588	0.360	0.463
eigenvalues:  tensor([11.0455, 10.6440])
300	0.307	0.589	0.363	0.448
310	0.296	0.607	0.354	0.469
320	0.300	0.598	0.357	0.463
330	0.287	0.634	0.348	0.481
340	0.292	0.628	0.354	0.474
350	0.300	0.601	0.360	0.460
360	0.295	0.623	0.359	0.464
370	0.285	0.642	0.350	0.475
380	0.279	0.649	0.349	0.478
390	0.287	0.642	0.356	0.467
eigenvalues:  tensor([11.1776, 10.7499])
400	0.290	0.632	0.360	0.468
410	0.289	0.630	0.361	0.464
420	0.283	0.647	0.357	0.472
430	0.284	0.639	0.359	0.469
440	0.274	0.663	0.354	0.477
450	0.272	0.665	0.356	0.471
460	0.272	0.668	0.355	0.469
470	0.270	0.679	0.354	0.472
480	0.266	0.677	0.355	0.477
490	0.264	0.693	0.354	0.477
eigenvalues:  tensor([12.8922, 12.1192])
500	0.262	0.681	0.352	0.481
510	0.273	0.666	0.361	0.466
520	0.259	0.690	0.352	0.487
530	0.273	0.663	0.364	0.466
540	0.269	0.677	0.363	0.470
550	0.275	0.669	0.368	0.457
560	0.258	0.702	0.358	0.472
570	0.265	0.678	0.365	0.467
580	0.250	0.722	0.352	0.478
590	0.256	0.704	0.357	0.482
eigenvalues:  tensor([11.7167, 11.3195])
600	0.269	0.668	0.370	0.458
610	0.252	0.718	0.358	0.478
620	0.259	0.697	0.366	0.466
630	0.251	0.709	0.360	0.470
640	0.244	0.719	0.357	0.483
650	0.258	0.702	0.364	0.465
660	0.246	0.730	0.359	0.475
670	0.253	0.715	0.367	0.465
680	0.253	0.703	0.367	0.459
690	0.254	0.713	0.369	0.479
eigenvalues:  tensor([20.0394, 12.7964])
700	0.262	0.679	0.376	0.446
710	0.233	0.749	0.355	0.483
720	0.241	0.734	0.364	0.475
730	0.236	0.749	0.358	0.481
740	0.230	0.751	0.358	0.482
750	0.235	0.733	0.363	0.475
760	0.229	0.755	0.359	0.484
770	0.238	0.745	0.369	0.468
780	0.233	0.747	0.361	0.480
790	0.227	0.770	0.356	0.484
eigenvalues:  tensor([12.3328, 12.0240])
800	0.239	0.742	0.370	0.467
810	0.239	0.739	0.370	0.467
820	0.222	0.767	0.362	0.484
830	0.238	0.749	0.373	0.460
840	0.238	0.744	0.368	0.468
850	0.230	0.755	0.373	0.463
860	7.363	0.298	7.460	0.253
Traceback (most recent call last):
  File "src/gd.py", line 126, in <module>
    seed=args.seed,device_id=args.device_id)
  File "src/gd.py", line 58, in main
    store_singular_values(network, singular_value_storage)
  File "/egr/research-slim/ghoshavr/edge-of-stability/src/utilities.py", line 242, in store_singular_values
    u, s, v = torch.svd(layer.weight.data)
torch._C._LinAlgError: linalg.svd: The algorithm failed to converge because the input matrix is ill-conditioned or has too many repeated singular values (error code: 199).
