/egr/research-slim/ghoshavr/edge-of-stability/src/utilities.py:242: UserWarning: torch.linalg.svd: During SVD computation with the selected cusolver driver, batches 0 failed to converge. A more accurate method will be used to compute the SVD as a fallback. Check doc at https://pytorch.org/docs/stable/generated/torch.linalg.svd.html (Triggered internally at /opt/conda/conda-bld/pytorch_1670525541035/work/aten/src/ATen/native/cuda/linalg/BatchLinearAlgebraLib.cpp:869.)
  u, s, v = torch.svd(layer.weight.data)
device: cuda:0
output directory: RESULTS/cifar10-20k/fc-relu/seed_0/mse/gd//lr_0.22
Files already downloaded and verified
Files already downloaded and verified
eigenvalues:  tensor([15.4596, 14.0058])
0	0.519	0.084	0.518	0.090
10	0.409	0.348	0.412	0.340
20	0.383	0.410	0.388	0.389
30	0.376	0.429	0.383	0.410
40	0.368	0.447	0.377	0.419
50	0.365	0.450	0.376	0.416
60	0.355	0.480	0.368	0.438
70	0.365	0.462	0.380	0.422
80	0.351	0.489	0.367	0.441
90	0.347	0.489	0.365	0.444
eigenvalues:  tensor([10.2134,  9.7769])
100	0.343	0.508	0.362	0.455
110	0.343	0.503	0.364	0.444
120	0.340	0.515	0.364	0.445
130	0.338	0.518	0.363	0.446
140	0.333	0.529	0.360	0.454
150	0.338	0.523	0.366	0.440
160	0.333	0.525	0.364	0.446
170	0.325	0.548	0.357	0.459
180	0.325	0.548	0.358	0.458
190	0.320	0.557	0.355	0.461
eigenvalues:  tensor([11.9347, 11.5164])
200	0.323	0.555	0.359	0.457
210	0.325	0.553	0.363	0.450
220	0.314	0.571	0.355	0.466
230	0.320	0.556	0.363	0.451
240	0.313	0.574	0.356	0.466
250	0.307	0.576	0.352	0.468
260	0.308	0.592	0.355	0.472
270	0.308	0.584	0.355	0.466
280	0.305	0.590	0.356	0.463
290	0.299	0.610	0.351	0.479
eigenvalues:  tensor([13.0868, 11.2661])
300	0.310	0.585	0.360	0.455
310	0.299	0.616	0.354	0.470
320	0.299	0.610	0.355	0.471
330	0.296	0.613	0.355	0.470
340	0.297	0.616	0.354	0.473
350	0.290	0.637	0.349	0.480
360	0.297	0.605	0.360	0.460
370	0.297	0.611	0.358	0.464
380	0.286	0.632	0.352	0.475
390	0.282	0.647	0.348	0.486
eigenvalues:  tensor([12.6906, 12.2909])
400	0.295	0.612	0.360	0.465
410	0.293	0.623	0.361	0.464
420	0.294	0.625	0.364	0.463
430	0.279	0.652	0.351	0.480
440	0.307	0.603	0.377	0.444
450	0.281	0.646	0.357	0.470
460	0.282	0.654	0.359	0.468
470	0.273	0.664	0.351	0.482
480	0.285	0.643	0.364	0.458
490	0.279	0.658	0.360	0.467
eigenvalues:  tensor([13.4014, 12.1548])
500	0.275	0.665	0.358	0.469
510	0.277	0.657	0.360	0.462
520	0.275	0.663	0.361	0.472
530	0.267	0.688	0.356	0.478
540	0.288	0.639	0.376	0.449
550	0.263	0.690	0.353	0.482
560	0.272	0.670	0.364	0.465
570	0.259	0.705	0.352	0.482
580	0.270	0.674	0.365	0.462
590	0.276	0.665	0.371	0.455
eigenvalues:  tensor([12.9241, 12.6530])
600	0.250	0.720	0.350	0.486
610	0.263	0.697	0.361	0.481
620	0.263	0.686	0.365	0.468
630	0.255	0.715	0.356	0.481
640	0.265	0.695	0.367	0.455
650	0.259	0.709	0.364	0.467
660	0.243	0.741	0.351	0.488
670	0.261	0.700	0.366	0.460
680	0.249	0.729	0.359	0.481
690	0.264	0.690	0.372	0.455
eigenvalues:  tensor([13.2894, 12.7079])
700	0.244	0.733	0.356	0.478
710	0.257	0.705	0.372	0.455
720	0.251	0.718	0.364	0.470
730	0.246	0.736	0.362	0.475
740	0.257	0.713	0.370	0.458
750	0.246	0.737	0.361	0.477
760	0.246	0.735	0.358	0.477
770	0.247	0.726	0.368	0.466
780	0.235	0.756	0.359	0.477
790	0.240	0.735	0.367	0.472
eigenvalues:  tensor([13.9766, 13.7992])
800	0.254	0.707	0.380	0.454
810	0.240	0.747	0.369	0.463
820	0.231	0.767	0.359	0.483
830	0.238	0.746	0.365	0.466
840	0.228	0.765	0.361	0.481
850	0.241	0.740	0.374	0.458
860	0.228	0.766	0.364	0.474
870	0.240	0.740	0.374	0.450
880	0.229	0.773	0.363	0.479
890	0.233	0.750	0.369	0.474
eigenvalues:  tensor([16.2069, 15.0440])
900	0.236	0.744	0.373	0.462
910	0.228	0.764	0.368	0.470
920	0.232	0.766	0.369	0.468
930	0.220	0.789	0.362	0.475
940	0.225	0.778	0.369	0.471
950	0.219	0.792	0.363	0.476
960	0.216	0.782	0.364	0.483
970	0.213	0.796	0.364	0.484
980	0.212	0.799	0.360	0.482
990	0.224	0.784	0.372	0.468
eigenvalues:  tensor([22.1374, 14.7964])
1000	0.246	0.742	0.386	0.461
1010	0.226	0.771	0.375	0.463
1020	0.215	0.793	0.369	0.472
1030	0.233	0.761	0.388	0.456
1040	0.209	0.811	0.368	0.474
1050	0.217	0.789	0.373	0.477
1060	0.234	0.752	0.385	0.456
1070	0.212	0.796	0.371	0.471
1080	0.206	0.815	0.367	0.478
1090	0.217	0.794	0.366	0.472
eigenvalues:  tensor([13.9531, 13.3640])
1100	0.208	0.804	0.371	0.484
1110	0.216	0.790	0.382	0.467
Traceback (most recent call last):
  File "src/gd.py", line 126, in <module>
    seed=args.seed,device_id=args.device_id)
  File "src/gd.py", line 58, in main
    store_singular_values(network, singular_value_storage)
  File "/egr/research-slim/ghoshavr/edge-of-stability/src/utilities.py", line 242, in store_singular_values
    u, s, v = torch.svd(layer.weight.data)
torch._C._LinAlgError: linalg.svd: The algorithm failed to converge because the input matrix is ill-conditioned or has too many repeated singular values (error code: 199).
