device: cuda:1
output directory: RESULTS/cifar10-5k/fc-relu-depth6/seed_0/mse/gd//lr_0.1
Files already downloaded and verified
Files already downloaded and verified
eigenvalues:  tensor([1.6917, 1.6643])
0	0.501	0.103	0.501	0.097
10	0.451	0.102	0.452	0.097
20	0.450	0.138	0.450	0.130
30	0.449	0.163	0.450	0.153
40	0.449	0.173	0.449	0.162
50	0.449	0.179	0.449	0.166
60	0.449	0.182	0.449	0.169
70	0.449	0.184	0.449	0.170
80	0.448	0.187	0.449	0.172
90	0.448	0.187	0.448	0.172
eigenvalues:  tensor([1.7451, 1.6964])
100	0.447	0.188	0.448	0.174
110	0.447	0.191	0.448	0.176
120	0.446	0.188	0.447	0.176
130	0.446	0.188	0.446	0.175
140	0.445	0.185	0.446	0.174
150	0.444	0.185	0.445	0.174
160	0.443	0.186	0.444	0.175
170	0.442	0.187	0.443	0.178
180	0.440	0.188	0.441	0.178
190	0.439	0.191	0.440	0.179
eigenvalues:  tensor([2.0331, 1.8166])
200	0.437	0.191	0.438	0.180
210	0.435	0.191	0.436	0.183
220	0.433	0.194	0.434	0.185
230	0.431	0.199	0.433	0.189
240	0.430	0.205	0.431	0.193
250	0.428	0.210	0.430	0.198
260	0.427	0.218	0.428	0.203
270	0.425	0.224	0.427	0.209
280	0.424	0.225	0.426	0.214
290	0.423	0.233	0.425	0.220
eigenvalues:  tensor([3.1507, 2.1140])
300	0.422	0.237	0.424	0.226
310	0.421	0.244	0.423	0.233
320	0.419	0.249	0.422	0.240
330	0.418	0.257	0.421	0.248
340	0.417	0.263	0.420	0.253
350	0.416	0.269	0.418	0.259
360	0.414	0.275	0.417	0.262
370	0.413	0.275	0.416	0.264
380	0.411	0.280	0.415	0.268
390	0.410	0.286	0.414	0.271
eigenvalues:  tensor([4.1344, 3.1358])
400	0.409	0.291	0.413	0.275
410	0.408	0.296	0.412	0.277
420	0.406	0.301	0.411	0.279
430	0.405	0.305	0.410	0.283
440	0.404	0.309	0.409	0.289
450	0.403	0.315	0.408	0.293
460	0.402	0.318	0.407	0.295
470	0.401	0.324	0.406	0.299
480	0.400	0.330	0.406	0.305
490	0.398	0.335	0.405	0.308
eigenvalues:  tensor([5.1048, 4.6694])
500	0.397	0.339	0.404	0.313
510	0.396	0.347	0.403	0.318
520	0.395	0.351	0.402	0.322
530	0.394	0.356	0.401	0.324
540	0.393	0.360	0.401	0.328
550	0.391	0.367	0.400	0.332
560	0.390	0.368	0.399	0.333
570	0.389	0.373	0.398	0.334
580	0.388	0.380	0.397	0.339
590	0.386	0.384	0.396	0.342
eigenvalues:  tensor([7.2098, 5.6900])
600	0.385	0.387	0.395	0.345
610	0.384	0.390	0.395	0.348
620	0.382	0.394	0.394	0.350
630	0.381	0.395	0.393	0.349
640	0.379	0.397	0.392	0.352
650	0.378	0.402	0.391	0.353
660	0.377	0.404	0.390	0.354
670	0.375	0.407	0.390	0.356
680	0.374	0.410	0.389	0.359
690	0.372	0.413	0.388	0.361
eigenvalues:  tensor([9.9244, 7.4220])
700	0.371	0.416	0.387	0.361
710	0.369	0.420	0.386	0.362
720	0.368	0.426	0.386	0.365
730	0.366	0.428	0.385	0.368
740	0.365	0.432	0.384	0.369
750	0.363	0.436	0.383	0.371
760	0.361	0.440	0.383	0.372
770	0.360	0.447	0.382	0.375
780	0.358	0.451	0.381	0.377
790	0.356	0.453	0.381	0.378
eigenvalues:  tensor([13.1151, 10.5357])
800	0.355	0.458	0.380	0.380
810	0.353	0.463	0.379	0.383
820	0.351	0.469	0.379	0.384
830	0.349	0.474	0.378	0.385
840	0.347	0.476	0.377	0.388
850	0.346	0.480	0.377	0.389
860	0.344	0.484	0.376	0.391
870	0.342	0.489	0.376	0.393
880	0.340	0.493	0.375	0.394
890	0.338	0.499	0.375	0.395
eigenvalues:  tensor([17.4587, 16.1900])
900	0.336	0.505	0.374	0.397
910	0.334	0.509	0.375	0.399
920	0.334	0.512	0.376	0.399
930	0.332	0.519	0.375	0.402
940	0.330	0.523	0.375	0.401
950	0.328	0.528	0.375	0.403
960	0.326	0.533	0.374	0.404
970	0.324	0.536	0.374	0.404
980	0.322	0.541	0.374	0.405
990	0.320	0.550	0.374	0.405
eigenvalues:  tensor([19.2297, 16.3953])
1000	0.318	0.557	0.374	0.405
1010	0.316	0.561	0.373	0.408
1020	0.314	0.569	0.373	0.407
1030	0.311	0.576	0.372	0.409
1040	0.309	0.581	0.372	0.408
1050	0.320	0.546	0.381	0.395
1060	0.305	0.580	0.371	0.407
1070	0.304	0.582	0.372	0.405
1080	0.302	0.591	0.372	0.410
1090	0.303	0.594	0.375	0.407
eigenvalues:  tensor([20.0289, 17.8948])
1100	0.297	0.601	0.373	0.407
1110	0.302	0.567	0.380	0.395
1120	0.297	0.587	0.377	0.397
1130	0.290	0.610	0.372	0.409
1140	0.293	0.614	0.375	0.405
1150	0.291	0.621	0.376	0.405
1160	0.286	0.617	0.375	0.406
1170	0.284	0.609	0.377	0.401
1180	0.281	0.623	0.376	0.404
1190	0.279	0.636	0.375	0.406
eigenvalues:  tensor([20.6170, 18.1180])
1200	0.278	0.646	0.375	0.408
1210	0.268	0.665	0.371	0.418
1220	0.272	0.634	0.377	0.406
1230	0.272	0.634	0.381	0.401
1240	0.263	0.666	0.375	0.409
1250	0.263	0.666	0.375	0.409
1260	0.266	0.657	0.379	0.405
1270	0.259	0.668	0.378	0.415
1280	0.251	0.668	0.375	0.414
1290	0.259	0.665	0.384	0.401
eigenvalues:  tensor([21.6759, 19.9024])
1300	0.252	0.690	0.380	0.408
1310	0.248	0.696	0.376	0.408
1320	0.254	0.670	0.382	0.409
1330	0.244	0.689	0.377	0.413
1340	0.247	0.690	0.384	0.405
1350	0.235	0.714	0.377	0.413
1360	0.241	0.709	0.379	0.414
1370	0.235	0.698	0.378	0.419
1380	0.239	0.703	0.383	0.405
1390	0.233	0.723	0.381	0.410
eigenvalues:  tensor([22.7628, 21.9248])
1400	0.226	0.731	0.379	0.413
1410	0.221	0.727	0.381	0.414
1420	0.238	0.697	0.387	0.407
1430	0.219	0.738	0.380	0.423
1440	0.216	0.744	0.384	0.417
1450	0.199	0.771	0.374	0.421
1460	0.215	0.742	0.385	0.405
1470	0.212	0.753	0.385	0.406
1480	0.198	0.766	0.374	0.426
1490	0.224	0.723	0.392	0.405
eigenvalues:  tensor([25.7422, 22.3346])
1500	0.204	0.762	0.384	0.407
1510	0.201	0.760	0.386	0.417
1520	0.208	0.747	0.391	0.407
1530	0.180	0.801	0.371	0.434
1540	0.196	0.775	0.389	0.414
1550	0.205	0.757	0.393	0.395
1560	0.184	0.793	0.384	0.410
1570	0.207	0.753	0.404	0.398
1580	0.194	0.778	0.391	0.410
1590	0.191	0.779	0.393	0.402
eigenvalues:  tensor([25.4482, 21.0088])
1600	0.179	0.805	0.386	0.412
1610	0.176	0.802	0.388	0.413
1620	0.212	0.744	0.417	0.380
1630	0.203	0.746	0.410	0.382
1640	0.184	0.791	0.401	0.408
1650	0.171	0.819	0.390	0.409
1660	0.171	0.809	0.392	0.416
1670	0.168	0.825	0.393	0.404
1680	0.151	0.843	0.384	0.414
1690	0.156	0.837	0.388	0.413
eigenvalues:  tensor([22.7518, 21.0813])
1700	0.161	0.835	0.394	0.401
1710	0.157	0.837	0.387	0.423
1720	0.155	0.851	0.399	0.403
1730	0.180	0.799	0.413	0.405
1740	0.151	0.847	0.393	0.406
1750	0.157	0.834	0.403	0.396
1760	0.142	0.863	0.391	0.423
1770	0.153	0.843	0.405	0.398
1780	0.130	0.883	0.393	0.411
1790	0.130	0.878	0.388	0.413
eigenvalues:  tensor([27.6169, 23.2258])
1800	0.134	0.876	0.394	0.423
1810	0.149	0.842	0.409	0.395
1820	0.145	0.856	0.411	0.387
1830	0.139	0.856	0.410	0.412
1840	0.134	0.874	0.407	0.390
1850	0.127	0.878	0.402	0.407
1860	0.126	0.889	0.404	0.394
1870	0.157	0.830	0.425	0.398
1880	0.117	0.901	0.399	0.402
1890	0.126	0.882	0.409	0.404
eigenvalues:  tensor([29.2836, 26.4308])
1900	0.124	0.883	0.410	0.410
1910	0.118	0.899	0.405	0.403
1920	0.129	0.883	0.415	0.392
1930	0.150	0.833	0.423	0.394
1940	0.100	0.910	0.404	0.408
1950	0.106	0.907	0.408	0.399
1960	0.094	0.939	0.398	0.405
1970	0.103	0.905	0.405	0.410
1980	0.102	0.902	0.412	0.408
1990	0.097	0.914	0.411	0.402
eigenvalues:  tensor([26.4653, 25.3738])
2000	0.103	0.910	0.412	0.398
2010	0.071	0.952	0.396	0.420
2020	0.134	0.868	0.432	0.382
2030	0.107	0.895	0.421	0.410
2040	0.081	0.941	0.405	0.404
2050	0.097	0.913	0.415	0.401
2060	0.122	0.873	0.436	0.374
2070	0.069	0.951	0.402	0.409
2080	0.083	0.926	0.418	0.412
2090	0.094	0.922	0.422	0.387
eigenvalues:  tensor([35.8859, 24.4820])
2100	0.080	0.931	0.412	0.405
2110	0.078	0.934	0.418	0.407
2120	0.075	0.938	0.413	0.409
2130	0.072	0.944	0.412	0.407
2140	0.089	0.930	0.423	0.388
2150	0.057	0.958	0.401	0.415
2160	0.063	0.949	0.413	0.405
2170	0.064	0.952	0.419	0.390
