/egr/research-slim/ghoshavr/edge-of-stability/src/utilities.py:242: UserWarning: torch.linalg.svd: During SVD computation with the selected cusolver driver, batches 0 failed to converge. A more accurate method will be used to compute the SVD as a fallback. Check doc at https://pytorch.org/docs/stable/generated/torch.linalg.svd.html (Triggered internally at /opt/conda/conda-bld/pytorch_1670525541035/work/aten/src/ATen/native/cuda/linalg/BatchLinearAlgebraLib.cpp:869.)
  u, s, v = torch.svd(layer.weight.data)
device: cuda:7
output directory: RESULTS/cifar10-1k/fc-relu-depth6/seed_0/mse/gd//lr_1.5
Files already downloaded and verified
Files already downloaded and verified
eigenvalues:  tensor([1.6910, 1.6631])
0	0.500	0.093	0.501	0.097
10	0.447	0.156	0.448	0.149
20	0.456	0.099	0.460	0.100
30	0.461	0.157	0.470	0.144
40	0.436	0.236	0.446	0.207
50	0.464	0.121	0.469	0.102
60	0.493	0.246	0.501	0.205
70	0.417	0.249	0.437	0.203
80	0.424	0.238	0.450	0.185
90	0.465	0.299	0.505	0.215
eigenvalues:  tensor([1.4991, 1.2447])
100	0.435	0.241	0.452	0.188
110	0.446	0.266	0.473	0.172
120	0.444	0.220	0.475	0.173
130	0.421	0.202	0.457	0.136
140	0.390	0.221	0.456	0.161
150	0.385	0.366	0.461	0.244
160	0.364	0.370	0.469	0.216
170	0.347	0.446	0.434	0.252
180	0.395	0.339	0.499	0.195
190	0.294	0.471	0.437	0.260
eigenvalues:  tensor([2.9225, 1.5298])
200	0.351	0.394	0.441	0.223
210	0.355	0.511	0.490	0.269
220	0.503	0.408	0.620	0.204
230	0.329	0.429	0.447	0.228
240	0.303	0.471	0.440	0.237
250	0.284	0.563	0.459	0.267
260	0.288	0.490	0.487	0.237
270	0.278	0.522	0.478	0.257
280	0.318	0.526	0.476	0.261
290	0.255	0.575	0.440	0.287
eigenvalues:  tensor([1.5675, 1.4669])
300	0.240	0.531	0.450	0.263
310	0.347	0.470	0.514	0.238
320	0.222	0.614	0.463	0.308
330	0.212	0.644	0.462	0.316
340	0.232	0.596	0.485	0.290
350	0.263	0.609	0.520	0.266
Traceback (most recent call last):
  File "src/gd.py", line 126, in <module>
    seed=args.seed,device_id=args.device_id)
  File "src/gd.py", line 58, in main
    store_singular_values(network, singular_value_storage)
  File "/egr/research-slim/ghoshavr/edge-of-stability/src/utilities.py", line 242, in store_singular_values
    u, s, v = torch.svd(layer.weight.data)
torch._C._LinAlgError: linalg.svd: The algorithm failed to converge because the input matrix is ill-conditioned or has too many repeated singular values (error code: 199).
