/egr/research-slim/ghoshavr/edge-of-stability/src/utilities.py:242: UserWarning: torch.linalg.svd: During SVD computation with the selected cusolver driver, batches 0 failed to converge. A more accurate method will be used to compute the SVD as a fallback. Check doc at https://pytorch.org/docs/stable/generated/torch.linalg.svd.html (Triggered internally at /opt/conda/conda-bld/pytorch_1670525541035/work/aten/src/ATen/native/cuda/linalg/BatchLinearAlgebraLib.cpp:869.)
  u, s, v = torch.svd(layer.weight.data)
device: cuda:0
output directory: RESULTS/cifar10-5k/fc-relu/seed_0/mse/gd//lr_0.22
Files already downloaded and verified
Files already downloaded and verified
eigenvalues:  tensor([15.4596, 14.0058])
0	0.518	0.081	0.518	0.090
10	0.394	0.390	0.411	0.335
20	0.367	0.457	0.393	0.375
30	0.353	0.492	0.389	0.386
40	0.341	0.530	0.386	0.394
50	0.341	0.530	0.390	0.392
60	0.342	0.537	0.397	0.393
70	0.326	0.580	0.390	0.393
80	0.318	0.597	0.389	0.403
90	0.311	0.611	0.389	0.403
eigenvalues:  tensor([12.6750, 12.2451])
100	0.311	0.626	0.391	0.403
110	0.296	0.665	0.385	0.410
120	0.302	0.623	0.395	0.391
130	0.287	0.683	0.386	0.416
140	0.279	0.691	0.387	0.421
150	0.268	0.716	0.382	0.422
160	0.279	0.683	0.394	0.405
170	0.268	0.729	0.393	0.411
180	0.298	0.654	0.422	0.402
190	0.275	0.695	0.406	0.389
eigenvalues:  tensor([11.4242, 10.9262])
200	0.244	0.785	0.385	0.427
210	0.262	0.729	0.407	0.394
220	0.255	0.718	0.408	0.393
230	0.250	0.753	0.407	0.398
240	0.246	0.773	0.409	0.400
250	0.233	0.789	0.402	0.407
260	0.272	0.721	0.425	0.387
270	0.248	0.758	0.417	0.387
280	0.213	0.841	0.395	0.422
290	0.211	0.843	0.400	0.413
eigenvalues:  tensor([13.0563, 12.8137])
300	0.222	0.804	0.410	0.401
310	0.229	0.805	0.425	0.389
320	0.192	0.876	0.399	0.418
330	0.227	0.809	0.425	0.398
340	0.204	0.847	0.415	0.404
350	0.188	0.876	0.408	0.415
360	0.239	0.784	0.449	0.383
370	0.184	0.880	0.403	0.416
380	0.197	0.843	0.416	0.406
390	0.182	0.885	0.414	0.407
eigenvalues:  tensor([11.8089, 11.2835])
400	0.161	0.912	0.395	0.429
410	0.203	0.840	0.443	0.382
420	0.160	0.908	0.408	0.416
430	0.176	0.896	0.423	0.387
440	0.221	0.810	0.470	0.371
450	0.168	0.904	0.420	0.396
460	0.159	0.921	0.418	0.400
470	0.160	0.912	0.429	0.404
480	0.165	0.905	0.423	0.407
490	0.147	0.920	0.418	0.418
eigenvalues:  tensor([14.2844, 13.3450])
500	0.148	0.927	0.423	0.410
510	0.167	0.898	0.437	0.399
520	0.145	0.930	0.420	0.402
530	0.152	0.915	0.435	0.393
540	0.148	0.935	0.431	0.401
550	0.138	0.931	0.429	0.407
560	0.133	0.939	0.425	0.406
570	0.145	0.923	0.434	0.403
580	0.142	0.938	0.425	0.411
590	0.127	0.950	0.433	0.414
eigenvalues:  tensor([12.6968, 12.5149])
600	0.128	0.951	0.427	0.398
610	0.143	0.935	0.434	0.389
620	0.124	0.957	0.435	0.405
630	0.117	0.953	0.420	0.412
640	0.149	0.918	0.451	0.389
650	0.114	0.968	0.419	0.408
660	0.117	0.956	0.434	0.400
670	0.136	0.921	0.455	0.376
680	0.136	0.932	0.454	0.381
690	24092.600	0.101	22662.621	0.100
Traceback (most recent call last):
  File "src/gd.py", line 126, in <module>
    seed=args.seed,device_id=args.device_id)
  File "src/gd.py", line 58, in main
    store_singular_values(network, singular_value_storage)
  File "/egr/research-slim/ghoshavr/edge-of-stability/src/utilities.py", line 242, in store_singular_values
    u, s, v = torch.svd(layer.weight.data)
torch._C._LinAlgError: linalg.svd: The algorithm failed to converge because the input matrix is ill-conditioned or has too many repeated singular values (error code: 199).
