/egr/research-slim/ghoshavr/edge-of-stability/src/utilities.py:242: UserWarning: torch.linalg.svd: During SVD computation with the selected cusolver driver, batches 0 failed to converge. A more accurate method will be used to compute the SVD as a fallback. Check doc at https://pytorch.org/docs/stable/generated/torch.linalg.svd.html (Triggered internally at /opt/conda/conda-bld/pytorch_1670525541035/work/aten/src/ATen/native/cuda/linalg/BatchLinearAlgebraLib.cpp:869.)
  u, s, v = torch.svd(layer.weight.data)
device: cuda:7
output directory: RESULTS/cifar10-1k/fc-hardtanh/seed_0/mse/gd//lr_0.1
Files already downloaded and verified
Files already downloaded and verified
eigenvalues:  tensor([120.9108, 101.3162])
0	0.645	0.138	0.649	0.130
10	235419504.000	0.108	235332672.000	0.115
20	41204560121463216695809146880.000	0.100	40175343958354191869710172160.000	0.110
30	inf	0.100	inf	0.110
40	inf	0.100	inf	0.110
Traceback (most recent call last):
  File "src/gd.py", line 126, in <module>
    seed=args.seed,device_id=args.device_id)
  File "src/gd.py", line 58, in main
    store_singular_values(network, singular_value_storage)
  File "/egr/research-slim/ghoshavr/edge-of-stability/src/utilities.py", line 242, in store_singular_values
    u, s, v = torch.svd(layer.weight.data)
torch._C._LinAlgError: linalg.svd: The algorithm failed to converge because the input matrix is ill-conditioned or has too many repeated singular values (error code: 9).
