device: cuda:7
output directory: RESULTS/cifar10-20k/fc-relu-depth6/seed_0/mse/gd//lr_0.8
Files already downloaded and verified
Files already downloaded and verified
eigenvalues:  tensor([1.6917, 1.6643])
0	0.501	0.100	0.501	0.097
10	0.449	0.181	0.449	0.177
20	0.445	0.189	0.445	0.189
30	0.434	0.198	0.434	0.197
40	0.424	0.225	0.424	0.225
50	0.417	0.260	0.417	0.268
60	0.411	0.290	0.411	0.289
70	0.408	0.299	0.408	0.299
80	0.411	0.310	0.411	0.311
90	0.401	0.328	0.402	0.322
eigenvalues:  tensor([3.5217, 2.9545])
100	0.399	0.333	0.401	0.327
110	0.392	0.356	0.393	0.353
120	0.390	0.349	0.391	0.348
130	0.399	0.346	0.402	0.345
140	0.390	0.359	0.391	0.355
150	0.383	0.383	0.387	0.371
160	0.372	0.400	0.375	0.394
170	0.373	0.405	0.380	0.389
180	0.379	0.410	0.384	0.399
190	0.379	0.396	0.387	0.373
eigenvalues:  tensor([4.9012, 4.3198])
200	0.374	0.386	0.383	0.369
210	0.362	0.422	0.370	0.404
220	0.355	0.441	0.366	0.417
230	0.354	0.445	0.366	0.416
240	0.367	0.422	0.384	0.394
250	0.359	0.435	0.374	0.408
260	0.339	0.469	0.354	0.437
270	0.331	0.486	0.351	0.444
280	0.349	0.467	0.369	0.420
290	0.347	0.460	0.370	0.413
eigenvalues:  tensor([5.5871, 4.2401])
300	0.346	0.455	0.366	0.409
310	0.322	0.504	0.350	0.440
320	0.328	0.500	0.356	0.443
330	0.333	0.483	0.363	0.425
340	0.340	0.484	0.368	0.436
350	0.314	0.521	0.352	0.448
360	0.318	0.522	0.355	0.440
370	0.320	0.525	0.358	0.442
380	0.339	0.471	0.378	0.410
390	0.310	0.533	0.347	0.447
eigenvalues:  tensor([5.0790, 3.9895])
400	0.324	0.508	0.365	0.435
410	0.307	0.542	0.351	0.449
420	0.301	0.539	0.350	0.446
430	0.289	0.566	0.342	0.471
440	0.330	0.500	0.376	0.423
450	0.317	0.527	0.363	0.440
460	0.302	0.544	0.355	0.445
470	0.310	0.534	0.364	0.441
480	0.295	0.556	0.354	0.450
490	0.290	0.583	0.348	0.462
eigenvalues:  tensor([6.9913, 4.8704])
500	0.335	0.496	0.382	0.418
510	0.293	0.570	0.357	0.456
520	0.319	0.518	0.375	0.417
530	0.285	0.587	0.348	0.460
540	0.330	0.520	0.387	0.411
550	0.321	0.526	0.376	0.427
560	0.292	0.574	0.359	0.448
570	0.275	0.594	0.347	0.460
580	0.299	0.570	0.366	0.434
590	0.302	0.554	0.380	0.433
eigenvalues:  tensor([4.6202, 4.1345])
600	0.268	0.614	0.346	0.471
610	0.280	0.599	0.357	0.449
620	0.307	0.563	0.382	0.425
630	0.257	0.639	0.344	0.472
640	0.333	0.513	0.398	0.404
650	0.254	0.631	0.348	0.471
660	0.283	0.596	0.365	0.434
670	0.275	0.608	0.369	0.450
680	0.268	0.626	0.359	0.461
690	0.294	0.576	0.375	0.434
eigenvalues:  tensor([4.1874, 4.0838])
700	0.281	0.605	0.365	0.450
710	0.257	0.638	0.353	0.460
720	0.255	0.642	0.362	0.457
730	0.238	0.671	0.346	0.476
740	0.292	0.592	0.385	0.423
750	0.248	0.654	0.358	0.467
760	0.253	0.635	0.369	0.461
770	0.249	0.644	0.355	0.463
780	0.223	0.686	0.348	0.479
790	0.255	0.638	0.366	0.449
eigenvalues:  tensor([8.7554, 5.6973])
800	0.244	0.657	0.364	0.456
810	0.271	0.608	0.361	0.451
820	0.255	0.635	0.366	0.452
830	0.266	0.638	0.377	0.432
840	0.265	0.629	0.380	0.442
850	0.213	0.707	0.353	0.480
860	0.231	0.680	0.365	0.452
870	0.258	0.640	0.384	0.440
880	0.221	0.692	0.363	0.460
890	0.216	0.706	0.362	0.464
eigenvalues:  tensor([5.9867, 5.3419])
900	0.227	0.691	0.364	0.460
910	0.193	0.738	0.348	0.481
920	0.203	0.722	0.353	0.479
930	0.209	0.712	0.356	0.487
940	0.216	0.715	0.376	0.468
950	0.221	0.700	0.371	0.458
960	0.250	0.653	0.395	0.434
970	0.183	0.754	0.354	0.480
980	0.194	0.730	0.362	0.473
990	0.190	0.746	0.353	0.478
eigenvalues:  tensor([6.5894, 6.2161])
1000	0.230	0.684	0.381	0.444
1010	0.187	0.750	0.346	0.478
1020	0.253	0.653	0.397	0.445
1030	0.219	0.693	0.386	0.454
1040	0.235	0.680	0.389	0.441
1050	0.190	0.738	0.364	0.466
1060	0.155	0.797	0.350	0.494
1070	0.164	0.779	0.354	0.485
1080	0.185	0.755	0.369	0.469
1090	0.158	0.789	0.353	0.488
eigenvalues:  tensor([6.3121, 5.7418])
1100	0.181	0.757	0.370	0.472
1110	0.176	0.757	0.368	0.463
1120	0.220	0.699	0.384	0.452
1130	0.216	0.701	0.390	0.446
1140	0.196	0.729	0.385	0.458
1150	0.204	0.716	0.402	0.447
1160	0.187	0.736	0.371	0.459
1170	0.154	0.788	0.370	0.477
1180	0.192	0.756	0.379	0.477
1190	0.214	0.719	0.397	0.451
eigenvalues:  tensor([5.0840, 4.4770])
1200	0.147	0.809	0.365	0.488
1210	0.132	0.830	0.354	0.481
1220	0.140	0.810	0.372	0.476
1230	0.157	0.795	0.367	0.470
1240	0.172	0.770	0.381	0.467
1250	0.170	0.773	0.385	0.451
1260	0.127	0.827	0.366	0.483
1270	0.162	0.787	0.381	0.467
1280	0.129	0.830	0.363	0.489
1290	0.142	0.810	0.383	0.471
eigenvalues:  tensor([6.6607, 5.2044])
1300	0.148	0.799	0.385	0.469
1310	0.130	0.830	0.371	0.473
1320	0.114	0.852	0.376	0.473
1330	0.196	0.739	0.413	0.445
1340	0.195	0.730	0.413	0.436
1350	0.172	0.770	0.392	0.448
1360	0.127	0.833	0.383	0.476
1370	0.113	0.849	0.374	0.485
1380	0.153	0.796	0.391	0.461
1390	0.095	0.880	0.366	0.491
eigenvalues:  tensor([7.7422, 4.9823])
1400	0.220	0.710	0.421	0.413
1410	0.140	0.812	0.387	0.462
1420	0.083	0.896	0.357	0.500
1430	0.075	0.903	0.356	0.500
1440	0.143	0.809	0.412	0.449
1450	0.120	0.843	0.392	0.481
1460	0.155	0.798	0.408	0.448
1470	0.160	0.785	0.408	0.454
1480	0.129	0.825	0.387	0.474
1490	0.082	0.894	0.369	0.484
eigenvalues:  tensor([3.7604, 2.9156])
1500	0.053	0.931	0.358	0.505
1510	0.086	0.894	0.381	0.480
1520	0.163	0.789	0.393	0.454
1530	0.148	0.812	0.413	0.450
1540	0.080	0.895	0.375	0.489
1550	0.079	0.896	0.376	0.491
