/egr/research-slim/ghoshavr/edge-of-stability/src/utilities.py:242: UserWarning: torch.linalg.svd: During SVD computation with the selected cusolver driver, batches 0 failed to converge. A more accurate method will be used to compute the SVD as a fallback. Check doc at https://pytorch.org/docs/stable/generated/torch.linalg.svd.html (Triggered internally at /opt/conda/conda-bld/pytorch_1670525541035/work/aten/src/ATen/native/cuda/linalg/BatchLinearAlgebraLib.cpp:869.)
  u, s, v = torch.svd(layer.weight.data)
device: cuda:0
output directory: RESULTS/cifar10-10k/fc-relu/seed_0/mse/gd//lr_0.25
Files already downloaded and verified
Files already downloaded and verified
eigenvalues:  tensor([15.4596, 14.0058])
0	0.520	0.082	0.518	0.090
10	0.405	0.337	0.412	0.313
20	0.377	0.431	0.391	0.387
30	0.367	0.450	0.384	0.395
40	0.360	0.480	0.381	0.413
50	0.352	0.487	0.378	0.405
60	0.349	0.494	0.379	0.413
70	0.344	0.513	0.378	0.417
80	0.334	0.527	0.371	0.433
90	0.327	0.551	0.368	0.435
eigenvalues:  tensor([12.0410, 11.3075])
100	0.342	0.521	0.385	0.407
110	0.326	0.547	0.373	0.427
120	0.327	0.560	0.379	0.419
130	0.307	0.598	0.365	0.444
140	0.331	0.554	0.387	0.415
150	0.303	0.616	0.367	0.442
160	0.317	0.574	0.381	0.422
170	0.303	0.619	0.369	0.441
180	0.294	0.638	0.366	0.455
190	0.302	0.594	0.377	0.426
eigenvalues:  tensor([11.4716, 10.7917])
200	0.291	0.641	0.370	0.448
210	0.284	0.662	0.368	0.447
220	0.296	0.631	0.380	0.431
230	0.276	0.667	0.368	0.450
240	0.277	0.672	0.372	0.445
250	0.283	0.657	0.374	0.436
260	0.291	0.633	0.386	0.430
270	0.281	0.668	0.384	0.444
280	0.273	0.693	0.377	0.433
290	0.257	0.723	0.366	0.449
eigenvalues:  tensor([12.3484, 11.7810])
300	0.276	0.676	0.390	0.425
310	0.263	0.708	0.379	0.444
320	0.258	0.718	0.376	0.448
330	0.247	0.743	0.369	0.453
340	0.243	0.753	0.372	0.460
350	0.261	0.706	0.385	0.433
360	0.257	0.721	0.387	0.437
370	0.231	0.777	0.371	0.460
380	0.226	0.787	0.361	0.469
390	0.245	0.744	0.381	0.438
eigenvalues:  tensor([11.7059, 11.3571])
400	0.248	0.734	0.387	0.433
410	0.220	0.816	0.370	0.460
420	0.243	0.743	0.393	0.434
430	0.225	0.786	0.380	0.443
440	0.231	0.766	0.387	0.432
450	0.229	0.786	0.384	0.440
460	0.228	0.787	0.391	0.445
470	0.226	0.788	0.385	0.437
480	0.238	0.748	0.397	0.421
490	0.233	0.769	0.400	0.433
eigenvalues:  tensor([12.2374, 11.5696])
500	0.217	0.800	0.387	0.445
510	0.225	0.780	0.398	0.424
520	0.219	0.814	0.386	0.435
530	0.216	0.790	0.397	0.435
540	0.201	0.819	0.392	0.451
550	0.209	0.830	0.395	0.429
560	0.227	0.770	0.407	0.413
570	0.206	0.828	0.392	0.442
580	0.209	0.835	0.399	0.438
590	0.202	0.830	0.396	0.432
eigenvalues:  tensor([20.3191, 16.0712])
600	0.247	0.748	0.418	0.414
610	0.192	0.850	0.389	0.442
620	0.202	0.824	0.398	0.433
630	0.198	0.843	0.405	0.426
640	0.185	0.859	0.397	0.440
650	0.186	0.859	0.398	0.443
660	0.207	0.814	0.412	0.433
670	0.181	0.874	0.394	0.435
680	0.179	0.872	0.397	0.433
690	0.186	0.866	0.404	0.434
eigenvalues:  tensor([13.8658, 13.5152])
700	0.214	0.805	0.426	0.407
710	0.174	0.877	0.402	0.444
720	0.179	0.868	0.407	0.441
730	0.194	0.861	0.402	0.429
740	0.171	0.886	0.398	0.444
750	0.166	0.894	0.401	0.437
760	0.172	0.888	0.400	0.442
770	0.196	0.839	0.424	0.416
780	0.174	0.882	0.409	0.432
790	0.182	0.865	0.420	0.427
eigenvalues:  tensor([12.7328, 11.1614])
800	0.157	0.917	0.400	0.439
810	0.224	0.778	0.450	0.376
820	0.182	0.876	0.404	0.431
830	0.154	0.902	0.402	0.444
840	0.157	0.907	0.404	0.431
850	0.153	0.912	0.402	0.437
860	0.181	0.858	0.433	0.414
870	0.154	0.910	0.410	0.442
880	0.147	0.916	0.409	0.433
890	0.148	0.922	0.411	0.430
eigenvalues:  tensor([17.3972, 15.3566])
900	0.149	0.909	0.410	0.442
910	0.145	0.922	0.414	0.446
920	0.143	0.911	0.411	0.438
930	0.137	0.933	0.403	0.444
940	0.176	0.857	0.440	0.403
950	0.146	0.923	0.418	0.440
960	0.154	0.896	0.418	0.421
970	0.166	0.878	0.425	0.424
980	0.139	0.927	0.416	0.432
990	0.154	0.905	0.426	0.414
eigenvalues:  tensor([16.3640, 14.9658])
1000	0.159	0.903	0.426	0.406
1010	0.145	0.912	0.423	0.423
1020	0.136	0.928	0.414	0.433
1030	0.138	0.927	0.414	0.428
1040	0.149	0.908	0.433	0.413
1050	0.145	0.914	0.413	0.421
1060	0.127	0.942	0.416	0.435
1070	0.141	0.919	0.421	0.425
1080	0.218	0.813	0.421	0.405
1090	0.138	0.925	0.412	0.439
eigenvalues:  tensor([16.7045, 14.5151])
1100	0.139	0.923	0.430	0.422
1110	0.147	0.916	0.423	0.419
1120	0.128	0.938	0.425	0.427
1130	0.141	0.920	0.428	0.413
1140	0.124	0.936	0.420	0.444
1150	0.192	0.836	0.462	0.407
1160	0.121	0.950	0.413	0.435
1170	0.177	0.861	0.450	0.405
1180	0.125	0.942	0.424	0.427
1190	0.125	0.942	0.426	0.413
eigenvalues:  tensor([171.3742, 124.0003])
1200	0.510	0.556	0.657	0.314
Traceback (most recent call last):
  File "src/gd.py", line 126, in <module>
    seed=args.seed,device_id=args.device_id)
  File "src/gd.py", line 58, in main
    store_singular_values(network, singular_value_storage)
  File "/egr/research-slim/ghoshavr/edge-of-stability/src/utilities.py", line 242, in store_singular_values
    u, s, v = torch.svd(layer.weight.data)
torch._C._LinAlgError: linalg.svd: The algorithm failed to converge because the input matrix is ill-conditioned or has too many repeated singular values (error code: 199).
