/egr/research-slim/ghoshavr/edge-of-stability/src/utilities.py:242: UserWarning: torch.linalg.svd: During SVD computation with the selected cusolver driver, batches 0 failed to converge. A more accurate method will be used to compute the SVD as a fallback. Check doc at https://pytorch.org/docs/stable/generated/torch.linalg.svd.html (Triggered internally at /opt/conda/conda-bld/pytorch_1670525541035/work/aten/src/ATen/native/cuda/linalg/BatchLinearAlgebraLib.cpp:869.)
  u, s, v = torch.svd(layer.weight.data)
device: cuda:5
output directory: RESULTS/cifar10-5k/fc-relu-depth4/seed_0/mse/gd//lr_1.5
Files already downloaded and verified
Files already downloaded and verified
eigenvalues:  tensor([2.0080, 1.9982])
0	0.501	0.107	0.501	0.116
10	0.422	0.292	0.426	0.271
20	0.422	0.255	0.429	0.235
30	0.442	0.175	0.451	0.169
40	0.425	0.275	0.435	0.249
50	0.458	0.284	0.469	0.264
60	0.413	0.312	0.432	0.284
70	0.411	0.356	0.435	0.308
80	0.438	0.284	0.457	0.248
90	0.405	0.364	0.437	0.319
eigenvalues:  tensor([4.0314, 2.6206])
100	0.413	0.294	0.426	0.244
110	0.397	0.374	0.423	0.313
120	0.408	0.346	0.443	0.280
130	0.420	0.335	0.451	0.277
140	0.376	0.463	0.426	0.368
150	0.411	0.389	0.451	0.294
160	0.388	0.424	0.448	0.329
170	0.381	0.477	0.454	0.339
180	0.456	0.316	0.487	0.261
190	0.356	0.469	0.423	0.346
eigenvalues:  tensor([52.8591, 32.7250])
200	1.045	0.174	1.017	0.148
Traceback (most recent call last):
  File "src/gd.py", line 126, in <module>
    seed=args.seed,device_id=args.device_id)
  File "src/gd.py", line 58, in main
    store_singular_values(network, singular_value_storage)
  File "/egr/research-slim/ghoshavr/edge-of-stability/src/utilities.py", line 242, in store_singular_values
    u, s, v = torch.svd(layer.weight.data)
torch._C._LinAlgError: linalg.svd: The algorithm failed to converge because the input matrix is ill-conditioned or has too many repeated singular values (error code: 199).
