/egr/research-slim/ghoshavr/edge-of-stability/src/cifar.py:79: UserWarning: To copy construct from a tensor, it is recommended to use sourceTensor.clone().detach() or sourceTensor.clone().detach().requires_grad_(True), rather than torch.tensor(sourceTensor).
  y_train = torch.tensor(mnist_train.targets)
/egr/research-slim/ghoshavr/edge-of-stability/src/cifar.py:80: UserWarning: To copy construct from a tensor, it is recommended to use sourceTensor.clone().detach() or sourceTensor.clone().detach().requires_grad_(True), rather than torch.tensor(sourceTensor).
  y_test = torch.tensor(mnist_test.targets)
device: cuda:7
output directory: RESULTS/mnist-5k/fc-hardtanh/seed_0/mse/gd//lr_0.27
eigenvalues:  tensor([10.6110,  9.9855])
0	0.506	0.091	0.506	0.100
10	0.326	0.618	0.336	0.587
20	0.325	0.569	0.336	0.543
30	0.244	0.820	0.253	0.806
40	0.229	0.830	0.239	0.816
50	0.229	0.814	0.240	0.794
60	0.213	0.856	0.224	0.840
70	0.221	0.865	0.233	0.843
80	0.214	0.841	0.227	0.821
90	0.217	0.832	0.231	0.813
eigenvalues:  tensor([9.1134, 8.6687])
100	0.201	0.867	0.213	0.848
110	0.205	0.863	0.218	0.839
120	0.212	0.860	0.226	0.833
130	0.203	0.851	0.219	0.826
140	0.200	0.866	0.215	0.845
150	0.202	0.877	0.217	0.849
160	0.207	0.859	0.225	0.832
170	0.210	0.854	0.227	0.831
180	0.199	0.867	0.216	0.844
190	0.201	0.867	0.218	0.843
eigenvalues:  tensor([8.9566, 8.4926])
200	0.198	0.870	0.214	0.842
210	0.196	0.863	0.214	0.837
220	0.193	0.874	0.211	0.847
230	0.195	0.866	0.213	0.837
240	0.198	0.874	0.217	0.844
250	0.195	0.868	0.214	0.843
260	0.195	0.881	0.213	0.847
270	0.190	0.884	0.209	0.855
280	0.194	0.878	0.213	0.851
290	0.204	0.862	0.224	0.831
eigenvalues:  tensor([9.1902, 8.7521])
300	0.192	0.879	0.212	0.850
310	0.201	0.870	0.222	0.836
320	0.198	0.868	0.218	0.840
330	0.201	0.881	0.221	0.850
340	0.207	0.849	0.227	0.812
350	0.190	0.870	0.211	0.835
360	0.190	0.873	0.210	0.836
370	0.186	0.879	0.208	0.844
380	0.191	0.865	0.214	0.836
390	0.196	0.867	0.220	0.836
eigenvalues:  tensor([8.6870, 8.4389])
400	0.189	0.882	0.210	0.848
410	0.194	0.865	0.217	0.829
420	0.184	0.878	0.207	0.844
430	0.188	0.877	0.212	0.843
440	0.192	0.879	0.214	0.841
450	0.203	0.863	0.225	0.823
460	0.186	0.876	0.208	0.842
470	0.188	0.872	0.211	0.832
480	0.185	0.877	0.209	0.839
490	0.188	0.876	0.212	0.838
eigenvalues:  tensor([8.8677, 8.4709])
500	0.192	0.874	0.214	0.839
510	0.190	0.870	0.214	0.836
520	0.188	0.879	0.212	0.839
530	0.190	0.869	0.214	0.828
540	0.184	0.881	0.208	0.843
550	0.194	0.870	0.218	0.829
560	0.186	0.884	0.209	0.848
570	0.188	0.879	0.212	0.844
580	0.186	0.879	0.211	0.845
590	0.182	0.883	0.207	0.846
eigenvalues:  tensor([8.9408, 8.2796])
600	0.193	0.859	0.217	0.822
610	0.183	0.887	0.207	0.849
620	0.183	0.888	0.208	0.849
630	0.182	0.882	0.208	0.839
640	0.185	0.874	0.211	0.834
650	0.183	0.888	0.209	0.850
660	0.185	0.885	0.210	0.846
670	0.186	0.888	0.212	0.845
680	0.181	0.891	0.207	0.851
690	0.184	0.883	0.208	0.844
eigenvalues:  tensor([8.8109, 8.5195])
700	0.185	0.880	0.210	0.842
710	0.185	0.882	0.211	0.844
720	0.192	0.883	0.217	0.841
730	0.190	0.878	0.216	0.839
740	0.181	0.886	0.207	0.848
750	0.184	0.879	0.211	0.840
760	0.184	0.876	0.211	0.829
770	0.194	0.881	0.221	0.842
780	0.181	0.887	0.208	0.844
790	0.183	0.878	0.210	0.838
eigenvalues:  tensor([8.5457, 8.5090])
800	0.183	0.883	0.210	0.842
810	0.179	0.882	0.206	0.842
820	0.185	0.887	0.212	0.846
830	0.180	0.893	0.207	0.851
840	0.186	0.877	0.212	0.838
850	0.182	0.884	0.210	0.839
860	0.185	0.872	0.214	0.833
870	0.178	0.883	0.205	0.843
880	0.186	0.882	0.212	0.843
890	0.179	0.889	0.207	0.848
eigenvalues:  tensor([9.2446, 8.7027])
900	0.190	0.869	0.218	0.823
910	0.177	0.888	0.204	0.850
920	0.181	0.875	0.209	0.835
930	0.184	0.882	0.211	0.840
940	0.176	0.889	0.203	0.850
950	0.180	0.888	0.207	0.851
960	0.175	0.895	0.202	0.852
970	0.178	0.889	0.205	0.849
980	0.180	0.881	0.207	0.840
990	0.175	0.891	0.203	0.845
eigenvalues:  tensor([8.5005, 8.4359])
1000	0.173	0.893	0.200	0.851
1010	0.179	0.890	0.207	0.851
1020	0.172	0.895	0.200	0.849
1030	0.175	0.892	0.204	0.847
1040	0.175	0.889	0.203	0.846
1050	0.179	0.884	0.207	0.842
1060	0.176	0.891	0.204	0.843
1070	0.173	0.894	0.202	0.847
1080	0.173	0.885	0.202	0.844
1090	0.175	0.882	0.204	0.841
eigenvalues:  tensor([8.4882, 8.2017])
1100	0.170	0.892	0.199	0.850
1110	0.172	0.893	0.200	0.849
1120	0.173	0.892	0.202	0.846
1130	0.170	0.896	0.199	0.852
1140	0.175	0.891	0.204	0.851
1150	0.170	0.901	0.199	0.853
1160	0.172	0.900	0.200	0.854
1170	0.175	0.892	0.204	0.845
1180	0.174	0.894	0.202	0.852
1190	0.175	0.890	0.205	0.847
eigenvalues:  tensor([8.3057, 8.1760])
1200	0.169	0.895	0.198	0.851
1210	0.172	0.899	0.201	0.857
1220	0.173	0.900	0.203	0.853
1230	0.169	0.890	0.199	0.849
1240	0.172	0.892	0.202	0.852
1250	0.172	0.897	0.202	0.853
1260	0.169	0.893	0.199	0.851
1270	0.170	0.888	0.200	0.847
1280	0.171	0.891	0.201	0.846
1290	0.173	0.892	0.203	0.847
eigenvalues:  tensor([8.2852, 8.1898])
1300	0.170	0.892	0.201	0.843
1310	0.168	0.891	0.199	0.847
1320	0.168	0.893	0.199	0.853
1330	0.169	0.893	0.200	0.850
1340	0.169	0.895	0.199	0.852
1350	0.169	0.904	0.199	0.857
1360	0.176	0.898	0.207	0.847
1370	0.173	0.896	0.204	0.847
1380	0.170	0.897	0.200	0.854
1390	0.171	0.893	0.202	0.847
eigenvalues:  tensor([8.3270, 8.2917])
1400	0.168	0.895	0.200	0.850
1410	0.168	0.890	0.199	0.846
1420	0.169	0.890	0.200	0.848
1430	0.170	0.893	0.200	0.848
1440	0.169	0.891	0.201	0.845
1450	0.166	0.898	0.197	0.850
1460	0.174	0.893	0.205	0.846
1470	0.168	0.899	0.199	0.853
1480	0.170	0.893	0.202	0.843
1490	0.170	0.891	0.200	0.851
eigenvalues:  tensor([8.4197, 8.3147])
1500	0.170	0.895	0.200	0.852
1510	0.168	0.893	0.200	0.846
1520	0.167	0.892	0.199	0.848
1530	0.166	0.898	0.197	0.854
1540	0.171	0.894	0.202	0.846
1550	0.168	0.897	0.198	0.853
1560	0.166	0.893	0.197	0.851
1570	0.171	0.888	0.203	0.841
1580	0.169	0.902	0.199	0.853
1590	0.168	0.894	0.200	0.845
eigenvalues:  tensor([8.2838, 8.1474])
1600	0.163	0.898	0.194	0.851
1610	0.163	0.901	0.194	0.852
1620	0.165	0.901	0.196	0.855
1630	0.168	0.897	0.200	0.849
1640	0.162	0.898	0.194	0.851
1650	0.167	0.892	0.198	0.846
1660	0.170	0.894	0.200	0.851
1670	0.164	0.892	0.196	0.844
1680	0.170	0.887	0.202	0.844
1690	0.161	0.898	0.193	0.853
eigenvalues:  tensor([8.3467, 8.1148])
1700	0.163	0.896	0.195	0.849
1710	0.161	0.900	0.192	0.853
1720	0.162	0.899	0.194	0.852
1730	0.163	0.895	0.195	0.848
1740	0.163	0.891	0.195	0.847
1750	0.159	0.898	0.190	0.854
1760	0.161	0.901	0.192	0.857
1770	0.159	0.901	0.190	0.858
1780	0.157	0.903	0.188	0.856
1790	0.159	0.905	0.190	0.858
eigenvalues:  tensor([8.5853, 8.2244])
1800	0.157	0.904	0.188	0.858
1810	0.161	0.891	0.193	0.846
1820	0.157	0.893	0.189	0.850
1830	0.155	0.901	0.186	0.858
1840	0.155	0.903	0.186	0.861
1850	0.158	0.900	0.189	0.857
1860	0.153	0.905	0.185	0.856
1870	0.154	0.905	0.186	0.857
1880	0.154	0.908	0.186	0.860
1890	0.156	0.906	0.188	0.858
eigenvalues:  tensor([8.7137, 8.1728])
1900	0.152	0.908	0.184	0.858
1910	0.158	0.902	0.190	0.852
1920	0.156	0.898	0.187	0.854
1930	0.155	0.901	0.186	0.858
1940	0.152	0.907	0.183	0.860
1950	0.152	0.907	0.184	0.858
1960	0.150	0.908	0.182	0.859
1970	0.155	0.906	0.187	0.857
1980	0.150	0.906	0.182	0.857
1990	0.150	0.906	0.183	0.856
eigenvalues:  tensor([8.3434, 8.2075])
2000	0.154	0.901	0.186	0.855
2010	0.151	0.906	0.183	0.857
2020	0.152	0.905	0.184	0.861
2030	0.150	0.910	0.182	0.860
2040	0.151	0.906	0.183	0.857
2050	0.153	0.904	0.186	0.852
2060	0.151	0.903	0.183	0.852
2070	0.149	0.903	0.181	0.853
2080	0.151	0.900	0.184	0.851
2090	0.151	0.906	0.184	0.860
eigenvalues:  tensor([8.3980, 8.1343])
2100	0.149	0.909	0.181	0.861
2110	0.151	0.907	0.183	0.857
2120	0.149	0.908	0.182	0.862
2130	0.149	0.906	0.182	0.859
2140	0.152	0.898	0.185	0.853
2150	0.147	0.905	0.180	0.858
2160	0.148	0.909	0.181	0.861
2170	0.149	0.910	0.182	0.861
2180	0.149	0.907	0.182	0.859
2190	0.149	0.907	0.182	0.858
eigenvalues:  tensor([8.6477, 8.2938])
2200	0.153	0.905	0.186	0.856
2210	0.147	0.909	0.180	0.859
2220	0.151	0.908	0.184	0.858
2230	0.152	0.901	0.186	0.852
2240	0.147	0.906	0.180	0.857
2250	0.147	0.905	0.181	0.857
2260	0.148	0.901	0.182	0.853
2270	0.146	0.903	0.180	0.854
2280	0.150	0.897	0.184	0.850
2290	0.145	0.906	0.179	0.859
eigenvalues:  tensor([8.2752, 8.1843])
2300	0.150	0.906	0.184	0.856
2310	0.146	0.909	0.180	0.856
2320	0.147	0.905	0.181	0.856
2330	0.145	0.908	0.179	0.858
2340	0.152	0.902	0.187	0.851
2350	0.146	0.902	0.180	0.853
2360	0.148	0.903	0.182	0.855
2370	0.148	0.911	0.182	0.862
2380	0.145	0.909	0.179	0.859
2390	0.147	0.903	0.182	0.854
eigenvalues:  tensor([8.4097, 8.1903])
2400	0.145	0.902	0.180	0.854
2410	0.146	0.902	0.181	0.854
2420	0.147	0.903	0.182	0.855
2430	0.148	0.907	0.182	0.863
2440	0.147	0.904	0.181	0.855
2450	0.143	0.905	0.177	0.855
2460	0.144	0.909	0.178	0.859
2470	0.150	0.909	0.183	0.862
2480	0.143	0.911	0.177	0.859
2490	0.144	0.909	0.178	0.858
eigenvalues:  tensor([8.3223, 8.2307])
2500	0.141	0.912	0.175	0.863
2510	0.143	0.910	0.177	0.860
2520	0.142	0.913	0.176	0.864
2530	0.140	0.916	0.174	0.869
2540	0.144	0.909	0.177	0.864
2550	0.144	0.908	0.178	0.859
2560	0.138	0.917	0.172	0.865
2570	0.141	0.915	0.174	0.864
2580	0.137	0.916	0.170	0.867
2590	0.138	0.917	0.172	0.868
eigenvalues:  tensor([8.3916, 8.1076])
2600	0.139	0.914	0.173	0.865
2610	0.136	0.917	0.169	0.871
2620	0.138	0.918	0.171	0.873
2630	0.133	0.916	0.167	0.869
2640	0.138	0.911	0.172	0.862
2650	0.133	0.917	0.167	0.867
2660	0.134	0.912	0.168	0.865
2670	0.132	0.914	0.166	0.867
2680	0.133	0.919	0.167	0.869
2690	0.137	0.917	0.170	0.873
eigenvalues:  tensor([8.3414, 8.2990])
2700	0.136	0.915	0.169	0.871
2710	0.129	0.916	0.162	0.871
2720	0.131	0.913	0.164	0.867
2730	0.127	0.917	0.161	0.870
2740	0.138	0.910	0.172	0.865
2750	0.128	0.920	0.161	0.876
2760	0.129	0.921	0.162	0.877
2770	0.128	0.919	0.161	0.874
2780	0.128	0.917	0.162	0.871
2790	0.132	0.908	0.165	0.863
eigenvalues:  tensor([8.2669, 8.1248])
2800	0.125	0.918	0.158	0.876
2810	0.127	0.921	0.161	0.875
2820	0.127	0.919	0.161	0.872
2830	0.127	0.921	0.161	0.876
2840	0.126	0.923	0.160	0.876
2850	0.130	0.910	0.164	0.862
2860	0.124	0.920	0.158	0.874
2870	0.131	0.916	0.166	0.869
2880	0.123	0.918	0.157	0.872
2890	0.126	0.921	0.159	0.874
eigenvalues:  tensor([8.2621, 8.0504])
2900	0.126	0.922	0.160	0.878
2910	0.123	0.921	0.157	0.878
2920	0.121	0.922	0.155	0.876
2930	0.128	0.915	0.162	0.868
2940	0.120	0.922	0.153	0.874
2950	0.121	0.920	0.155	0.871
2960	0.121	0.921	0.155	0.868
2970	0.127	0.916	0.161	0.865
2980	0.124	0.924	0.158	0.876
2990	0.121	0.919	0.155	0.874
eigenvalues:  tensor([8.3686, 8.1055])
3000	0.125	0.916	0.160	0.870
3010	0.116	0.924	0.150	0.881
3020	0.123	0.920	0.157	0.876
3030	0.116	0.925	0.150	0.878
3040	0.126	0.917	0.160	0.874
3050	0.120	0.925	0.154	0.881
3060	0.116	0.925	0.150	0.881
3070	0.121	0.924	0.155	0.878
3080	0.115	0.923	0.149	0.877
3090	0.116	0.921	0.150	0.875
eigenvalues:  tensor([8.6840, 8.6022])
3100	0.119	0.921	0.153	0.873
3110	0.117	0.922	0.151	0.876
3120	0.123	0.921	0.158	0.876
3130	0.114	0.923	0.148	0.877
3140	0.115	0.924	0.149	0.877
3150	0.116	0.924	0.150	0.878
3160	0.115	0.922	0.149	0.875
3170	0.113	0.921	0.148	0.876
3180	0.116	0.921	0.151	0.873
3190	0.114	0.925	0.147	0.878
eigenvalues:  tensor([8.1923, 8.0174])
3200	0.112	0.923	0.146	0.877
3210	0.113	0.926	0.147	0.878
3220	0.110	0.927	0.145	0.879
3230	0.111	0.925	0.145	0.879
3240	0.112	0.927	0.146	0.883
3250	0.114	0.927	0.149	0.882
3260	0.112	0.925	0.147	0.879
3270	0.111	0.926	0.145	0.878
3280	0.112	0.924	0.147	0.879
3290	0.112	0.927	0.146	0.880
eigenvalues:  tensor([8.1760, 7.9549])
3300	0.108	0.928	0.142	0.884
3310	0.108	0.929	0.143	0.883
3320	0.114	0.924	0.148	0.876
3330	0.108	0.927	0.142	0.880
3340	0.107	0.926	0.141	0.881
3350	0.113	0.925	0.148	0.877
3360	0.107	0.928	0.142	0.881
3370	0.112	0.924	0.148	0.876
3380	0.111	0.928	0.147	0.880
3390	0.108	0.930	0.142	0.885
eigenvalues:  tensor([8.1760, 7.9497])
3400	0.109	0.929	0.143	0.886
3410	0.105	0.929	0.139	0.885
3420	0.106	0.928	0.141	0.882
3430	0.107	0.928	0.142	0.885
3440	0.105	0.932	0.140	0.887
3450	0.110	0.930	0.146	0.884
3460	0.105	0.930	0.140	0.883
3470	0.105	0.929	0.140	0.882
3480	0.109	0.928	0.143	0.886
3490	0.107	0.930	0.142	0.886
eigenvalues:  tensor([8.3309, 8.1601])
3500	0.102	0.933	0.137	0.885
3510	0.103	0.934	0.139	0.885
3520	0.108	0.930	0.143	0.884
3530	0.107	0.929	0.142	0.882
3540	0.102	0.932	0.137	0.885
3550	0.104	0.932	0.140	0.886
3560	0.101	0.934	0.136	0.891
3570	0.102	0.932	0.138	0.889
3580	0.104	0.931	0.138	0.887
3590	0.101	0.933	0.135	0.886
eigenvalues:  tensor([8.5065, 8.3571])
3600	0.110	0.930	0.146	0.882
3610	0.102	0.933	0.137	0.887
3620	0.101	0.932	0.136	0.887
3630	0.100	0.936	0.135	0.889
3640	0.104	0.934	0.139	0.887
3650	0.100	0.934	0.135	0.890
3660	0.101	0.934	0.136	0.889
3670	0.101	0.933	0.137	0.885
3680	0.101	0.934	0.136	0.885
3690	0.102	0.936	0.138	0.888
eigenvalues:  tensor([8.1897, 8.0455])
3700	0.098	0.936	0.133	0.891
3710	0.098	0.935	0.133	0.889
3720	0.100	0.933	0.136	0.888
3730	0.099	0.935	0.134	0.888
3740	0.098	0.937	0.134	0.889
3750	0.096	0.936	0.132	0.891
3760	0.098	0.933	0.133	0.888
3770	0.094	0.936	0.129	0.892
3780	0.097	0.935	0.133	0.892
3790	0.101	0.936	0.137	0.888
eigenvalues:  tensor([8.3137, 7.9935])
3800	0.098	0.936	0.133	0.887
3810	0.097	0.935	0.132	0.889
3820	0.096	0.937	0.131	0.889
3830	0.095	0.935	0.130	0.890
3840	0.094	0.935	0.129	0.892
3850	0.092	0.936	0.128	0.893
3860	0.104	0.935	0.141	0.889
3870	0.096	0.938	0.131	0.888
3880	0.094	0.937	0.129	0.890
3890	0.096	0.936	0.131	0.888
eigenvalues:  tensor([8.2277, 8.1108])
3900	0.095	0.935	0.131	0.887
3910	0.094	0.937	0.130	0.888
3920	0.091	0.937	0.126	0.888
3930	0.094	0.934	0.129	0.886
3940	0.094	0.936	0.129	0.888
3950	0.090	0.937	0.125	0.891
3960	0.089	0.938	0.125	0.891
3970	0.091	0.936	0.127	0.890
3980	0.094	0.935	0.129	0.891
3990	0.093	0.935	0.128	0.889
eigenvalues:  tensor([8.3238, 8.0283])
4000	0.094	0.937	0.129	0.888
4010	0.092	0.937	0.128	0.892
4020	0.092	0.937	0.128	0.891
4030	0.093	0.935	0.129	0.888
4040	0.092	0.935	0.128	0.890
4050	0.096	0.936	0.132	0.889
4060	0.087	0.937	0.122	0.893
4070	0.088	0.937	0.124	0.892
4080	0.092	0.940	0.128	0.892
4090	0.088	0.940	0.124	0.891
eigenvalues:  tensor([8.4122, 8.3305])
4100	0.094	0.935	0.129	0.889
4110	0.091	0.935	0.127	0.889
4120	0.093	0.937	0.129	0.889
4130	0.088	0.938	0.123	0.890
4140	0.087	0.939	0.123	0.890
4150	0.092	0.938	0.128	0.889
4160	0.087	0.939	0.123	0.891
4170	0.091	0.940	0.127	0.892
4180	0.086	0.941	0.123	0.890
4190	0.091	0.938	0.126	0.889
eigenvalues:  tensor([8.6104, 8.1561])
4200	0.090	0.941	0.126	0.894
4210	0.090	0.941	0.125	0.889
4220	0.090	0.937	0.126	0.890
4230	0.084	0.940	0.119	0.894
4240	0.082	0.940	0.118	0.895
4250	0.088	0.941	0.124	0.892
4260	0.091	0.936	0.126	0.891
4270	0.088	0.941	0.123	0.893
4280	0.083	0.942	0.119	0.894
4290	0.086	0.940	0.121	0.892
eigenvalues:  tensor([8.3455, 8.1629])
4300	0.090	0.938	0.126	0.892
4310	0.085	0.941	0.121	0.891
4320	0.083	0.943	0.118	0.894
4330	0.091	0.939	0.126	0.893
4340	0.081	0.942	0.116	0.896
4350	0.090	0.943	0.125	0.893
4360	0.081	0.944	0.117	0.895
4370	0.087	0.942	0.123	0.891
4380	0.085	0.943	0.121	0.894
4390	0.083	0.943	0.119	0.894
eigenvalues:  tensor([8.3510, 8.0903])
4400	0.083	0.945	0.120	0.896
4410	0.080	0.945	0.116	0.897
4420	0.093	0.944	0.129	0.895
4430	0.085	0.940	0.121	0.891
4440	0.086	0.942	0.123	0.891
4450	0.079	0.943	0.115	0.894
4460	0.082	0.944	0.118	0.895
4470	0.082	0.945	0.118	0.895
4480	0.081	0.943	0.117	0.891
4490	0.084	0.943	0.120	0.895
eigenvalues:  tensor([8.1370, 7.8040])
4500	0.080	0.945	0.116	0.897
4510	0.079	0.944	0.115	0.896
4520	0.078	0.944	0.114	0.896
4530	0.082	0.942	0.119	0.892
4540	0.087	0.941	0.123	0.890
4550	0.078	0.945	0.113	0.895
4560	0.079	0.944	0.114	0.896
4570	0.078	0.944	0.113	0.897
4580	0.079	0.944	0.115	0.895
4590	0.077	0.944	0.113	0.895
eigenvalues:  tensor([8.4219, 8.1266])
4600	0.078	0.943	0.114	0.894
4610	0.083	0.944	0.120	0.892
4620	0.078	0.948	0.114	0.896
4630	0.079	0.946	0.115	0.897
4640	0.077	0.946	0.114	0.897
4650	0.081	0.944	0.118	0.894
4660	0.078	0.945	0.114	0.897
4670	0.077	0.947	0.113	0.897
4680	0.079	0.946	0.115	0.896
4690	0.083	0.946	0.119	0.898
eigenvalues:  tensor([8.2516, 7.8954])
4700	0.075	0.947	0.111	0.900
4710	0.078	0.946	0.114	0.896
4720	0.077	0.946	0.114	0.896
4730	0.075	0.947	0.111	0.897
4740	0.078	0.945	0.115	0.896
4750	0.076	0.948	0.112	0.898
4760	0.076	0.949	0.112	0.899
4770	0.077	0.950	0.113	0.900
4780	0.073	0.951	0.109	0.899
4790	0.078	0.949	0.115	0.898
eigenvalues:  tensor([8.2187, 8.0878])
4800	0.073	0.949	0.110	0.898
4810	0.076	0.948	0.113	0.894
4820	0.077	0.949	0.112	0.896
4830	0.076	0.949	0.112	0.898
4840	0.072	0.950	0.109	0.899
4850	0.077	0.947	0.113	0.897
4860	0.075	0.948	0.111	0.899
4870	0.074	0.949	0.110	0.900
4880	0.077	0.947	0.114	0.896
4890	0.073	0.951	0.109	0.900
eigenvalues:  tensor([8.3399, 7.7895])
4900	0.077	0.953	0.113	0.900
4910	0.074	0.952	0.110	0.898
4920	0.072	0.951	0.109	0.898
4930	0.070	0.951	0.107	0.899
4940	0.072	0.950	0.108	0.897
4950	0.072	0.949	0.108	0.896
4960	0.073	0.951	0.109	0.897
4970	0.072	0.953	0.108	0.898
4980	0.072	0.950	0.109	0.897
4990	0.071	0.952	0.108	0.898
