/egr/research-slim/ghoshavr/edge-of-stability/src/cifar.py:79: UserWarning: To copy construct from a tensor, it is recommended to use sourceTensor.clone().detach() or sourceTensor.clone().detach().requires_grad_(True), rather than torch.tensor(sourceTensor).
  y_train = torch.tensor(mnist_train.targets)
/egr/research-slim/ghoshavr/edge-of-stability/src/cifar.py:80: UserWarning: To copy construct from a tensor, it is recommended to use sourceTensor.clone().detach() or sourceTensor.clone().detach().requires_grad_(True), rather than torch.tensor(sourceTensor).
  y_test = torch.tensor(mnist_test.targets)
device: cuda:7
output directory: RESULTS/mnist-1k/fc-hardtanh/seed_0/mse/gd//lr_0.15
eigenvalues:  tensor([10.4171,  9.8046])
0	0.509	0.077	0.506	0.100
10	0.304	0.723	0.317	0.686
20	0.253	0.777	0.275	0.730
30	0.229	0.815	0.257	0.759
40	0.215	0.837	0.247	0.779
50	0.206	0.851	0.241	0.790
60	0.199	0.859	0.237	0.796
70	0.193	0.862	0.234	0.804
80	0.190	0.871	0.235	0.807
90	0.188	0.878	0.233	0.811
eigenvalues:  tensor([14.7191, 14.2222])
100	0.183	0.876	0.230	0.811
110	0.193	0.868	0.243	0.791
120	0.181	0.887	0.233	0.811
130	0.190	0.901	0.244	0.809
140	0.201	0.867	0.258	0.778
150	0.172	0.898	0.229	0.814
160	0.173	0.899	0.233	0.808
170	0.176	0.893	0.238	0.803
180	0.182	0.897	0.244	0.811
190	0.171	0.889	0.232	0.811
eigenvalues:  tensor([14.8313, 14.1044])
200	0.173	0.886	0.236	0.797
210	0.167	0.905	0.232	0.807
220	0.171	0.903	0.239	0.806
230	0.190	0.878	0.256	0.785
240	0.169	0.901	0.235	0.811
250	0.171	0.899	0.239	0.811
260	0.167	0.909	0.237	0.814
270	0.174	0.897	0.245	0.794
280	0.168	0.903	0.242	0.796
290	0.171	0.918	0.245	0.812
eigenvalues:  tensor([14.8234, 14.4171])
300	0.160	0.917	0.234	0.821
310	0.160	0.912	0.235	0.813
320	0.172	0.897	0.247	0.798
330	0.169	0.903	0.246	0.800
340	0.156	0.918	0.234	0.815
350	0.170	0.924	0.252	0.801
360	0.176	0.912	0.257	0.785
370	0.180	0.900	0.259	0.783
380	0.154	0.919	0.235	0.812
390	0.170	0.917	0.253	0.779
eigenvalues:  tensor([15.0552, 14.3442])
400	0.160	0.910	0.242	0.792
410	0.167	0.900	0.251	0.788
420	0.152	0.923	0.236	0.813
430	0.157	0.927	0.244	0.807
440	0.162	0.921	0.250	0.791
450	0.156	0.924	0.243	0.798
460	0.173	0.914	0.262	0.781
470	0.150	0.930	0.236	0.814
480	0.150	0.935	0.237	0.814
490	0.163	0.922	0.252	0.800
eigenvalues:  tensor([16.3267, 15.0347])
500	0.166	0.912	0.254	0.792
510	0.163	0.937	0.253	0.803
520	0.155	0.927	0.244	0.800
530	0.165	0.925	0.252	0.809
540	0.150	0.924	0.241	0.797
550	0.158	0.909	0.250	0.783
560	0.156	0.932	0.249	0.799
570	0.147	0.931	0.241	0.803
580	0.153	0.931	0.248	0.795
590	0.158	0.937	0.254	0.792
eigenvalues:  tensor([16.0008, 15.2306])
600	0.148	0.940	0.245	0.799
610	0.148	0.936	0.242	0.809
620	0.161	0.935	0.258	0.798
630	0.161	0.933	0.256	0.807
640	0.162	0.916	0.260	0.768
650	0.151	0.936	0.248	0.796
660	0.154	0.936	0.252	0.797
670	0.153	0.942	0.250	0.797
680	0.143	0.944	0.241	0.806
690	0.146	0.937	0.247	0.802
eigenvalues:  tensor([15.3099, 14.6787])
700	0.173	0.905	0.274	0.765
710	0.155	0.930	0.254	0.790
720	0.148	0.942	0.247	0.808
730	0.157	0.926	0.256	0.792
740	0.145	0.937	0.247	0.787
750	0.142	0.941	0.244	0.795
760	0.149	0.933	0.250	0.795
770	0.144	0.942	0.248	0.800
780	0.157	0.927	0.261	0.787
790	0.151	0.937	0.255	0.781
eigenvalues:  tensor([15.5577, 14.9985])
800	0.147	0.941	0.252	0.788
810	0.149	0.953	0.254	0.800
820	0.151	0.953	0.256	0.797
830	0.149	0.935	0.256	0.781
840	0.144	0.943	0.251	0.789
850	0.145	0.941	0.252	0.788
860	0.144	0.936	0.252	0.787
870	0.152	0.948	0.258	0.800
880	0.158	0.927	0.263	0.780
890	0.150	0.947	0.257	0.795
eigenvalues:  tensor([14.8398, 14.5503])
900	0.138	0.954	0.245	0.806
910	0.137	0.949	0.245	0.804
920	0.147	0.946	0.257	0.788
930	0.151	0.933	0.262	0.776
940	0.139	0.945	0.246	0.803
950	0.152	0.926	0.260	0.789
960	0.138	0.940	0.248	0.791
970	0.162	0.930	0.274	0.783
980	0.143	0.955	0.254	0.794
990	0.141	0.942	0.254	0.785
eigenvalues:  tensor([15.3809, 15.0668])
1000	0.146	0.940	0.260	0.784
1010	0.148	0.948	0.258	0.796
1020	0.144	0.941	0.258	0.781
1030	0.149	0.955	0.264	0.776
1040	0.138	0.948	0.249	0.792
1050	0.141	0.935	0.254	0.779
1060	0.134	0.946	0.246	0.795
1070	0.138	0.944	0.253	0.792
1080	0.136	0.947	0.253	0.788
1090	0.156	0.941	0.271	0.784
eigenvalues:  tensor([15.4608, 14.7461])
1100	0.136	0.958	0.251	0.797
1110	0.151	0.946	0.265	0.786
1120	0.145	0.932	0.259	0.783
1130	0.130	0.954	0.247	0.794
1140	0.137	0.955	0.255	0.794
1150	0.149	0.959	0.267	0.800
1160	0.170	0.927	0.290	0.756
1170	0.140	0.952	0.259	0.781
1180	0.160	0.927	0.276	0.770
1190	0.135	0.949	0.251	0.797
eigenvalues:  tensor([15.1875, 14.5646])
1200	0.135	0.950	0.254	0.788
1210	0.143	0.957	0.261	0.792
1220	0.140	0.962	0.261	0.795
1230	0.131	0.962	0.252	0.792
1240	0.139	0.953	0.260	0.789
1250	0.138	0.962	0.260	0.796
1260	0.158	0.933	0.278	0.778
1270	0.138	0.949	0.256	0.799
1280	0.153	0.950	0.275	0.771
1290	0.140	0.956	0.261	0.790
eigenvalues:  tensor([15.7962, 14.7116])
1300	0.135	0.958	0.257	0.792
1310	0.152	0.937	0.274	0.774
1320	0.131	0.954	0.252	0.786
1330	0.137	0.948	0.259	0.780
1340	0.132	0.953	0.255	0.789
1350	0.146	0.945	0.272	0.762
1360	0.139	0.949	0.263	0.777
1370	0.133	0.954	0.255	0.790
1380	0.134	0.955	0.258	0.787
1390	0.134	0.944	0.259	0.784
eigenvalues:  tensor([15.6088, 15.0271])
1400	0.144	0.957	0.268	0.785
1410	0.139	0.961	0.265	0.783
1420	0.132	0.959	0.257	0.793
1430	0.137	0.961	0.261	0.794
1440	0.137	0.957	0.263	0.782
1450	0.141	0.956	0.267	0.778
1460	0.138	0.940	0.263	0.778
1470	0.137	0.957	0.265	0.780
1480	0.129	0.957	0.256	0.782
1490	0.142	0.954	0.270	0.769
eigenvalues:  tensor([15.1903, 14.9063])
1500	0.132	0.959	0.258	0.794
1510	0.137	0.957	0.266	0.787
1520	0.134	0.961	0.262	0.786
1530	0.134	0.967	0.264	0.789
1540	0.141	0.955	0.272	0.769
1550	0.142	0.944	0.268	0.776
1560	0.135	0.953	0.260	0.786
1570	0.128	0.959	0.255	0.789
1580	0.143	0.946	0.275	0.763
1590	0.128	0.968	0.257	0.791
eigenvalues:  tensor([15.3644, 14.9891])
1600	0.129	0.967	0.259	0.795
1610	0.140	0.960	0.272	0.777
1620	0.145	0.953	0.275	0.779
1630	0.134	0.959	0.265	0.781
1640	0.125	0.954	0.256	0.782
1650	0.146	0.949	0.275	0.783
1660	0.138	0.960	0.269	0.783
1670	0.150	0.947	0.280	0.770
1680	0.129	0.957	0.261	0.780
1690	0.127	0.959	0.259	0.782
eigenvalues:  tensor([15.4219, 15.0397])
1700	0.133	0.960	0.267	0.775
1710	0.141	0.952	0.277	0.761
1720	0.143	0.967	0.276	0.784
1730	0.133	0.953	0.266	0.777
1740	0.137	0.957	0.272	0.772
1750	0.134	0.970	0.267	0.786
1760	0.135	0.956	0.267	0.783
1770	0.133	0.963	0.266	0.779
1780	0.127	0.959	0.261	0.785
1790	0.132	0.957	0.267	0.778
eigenvalues:  tensor([15.1919, 14.7890])
1800	0.127	0.962	0.263	0.781
1810	0.131	0.962	0.266	0.780
1820	0.143	0.958	0.283	0.758
1830	0.144	0.953	0.281	0.760
1840	0.134	0.957	0.268	0.778
1850	0.126	0.961	0.261	0.780
1860	0.133	0.952	0.269	0.772
1870	0.130	0.958	0.269	0.772
1880	0.127	0.963	0.264	0.780
1890	0.129	0.964	0.267	0.780
eigenvalues:  tensor([15.8233, 15.3236])
1900	0.138	0.961	0.278	0.768
1910	0.144	0.954	0.280	0.777
1920	0.128	0.959	0.264	0.785
1930	0.137	0.959	0.272	0.777
1940	0.123	0.965	0.260	0.780
1950	0.128	0.956	0.268	0.772
1960	0.123	0.956	0.262	0.780
1970	0.136	0.957	0.274	0.768
1980	0.133	0.960	0.268	0.788
1990	0.120	0.968	0.258	0.788
eigenvalues:  tensor([15.3842, 14.9527])
2000	0.126	0.965	0.266	0.779
2010	0.129	0.961	0.269	0.777
2020	0.135	0.959	0.274	0.776
2030	0.127	0.954	0.266	0.779
2040	0.129	0.956	0.270	0.773
2050	0.141	0.963	0.283	0.765
2060	0.137	0.957	0.276	0.774
2070	0.119	0.970	0.259	0.785
2080	0.145	0.962	0.283	0.786
2090	0.132	0.969	0.274	0.780
eigenvalues:  tensor([15.0153, 14.8185])
2100	0.131	0.969	0.272	0.777
2110	0.128	0.957	0.268	0.780
2120	0.129	0.960	0.270	0.775
2130	0.122	0.964	0.264	0.782
2140	0.132	0.962	0.275	0.780
2150	0.129	0.968	0.270	0.775
2160	0.126	0.954	0.267	0.770
2170	0.127	0.964	0.268	0.777
2180	0.126	0.971	0.268	0.789
2190	0.132	0.968	0.278	0.769
eigenvalues:  tensor([15.1407, 15.0669])
2200	0.134	0.971	0.277	0.770
2210	0.127	0.978	0.271	0.779
2220	0.121	0.966	0.266	0.779
2230	0.125	0.962	0.268	0.784
2240	0.128	0.969	0.271	0.782
2250	0.129	0.965	0.273	0.777
2260	0.121	0.970	0.265	0.781
2270	0.136	0.954	0.283	0.756
2280	0.137	0.962	0.279	0.775
2290	0.126	0.967	0.272	0.774
eigenvalues:  tensor([15.6342, 15.0755])
2300	0.129	0.957	0.275	0.773
2310	0.135	0.968	0.280	0.775
2320	0.131	0.956	0.276	0.764
2330	0.119	0.971	0.264	0.779
2340	0.123	0.971	0.270	0.781
2350	0.128	0.963	0.274	0.778
2360	0.135	0.960	0.280	0.766
2370	0.126	0.972	0.271	0.782
2380	0.130	0.966	0.278	0.765
2390	0.119	0.968	0.267	0.770
eigenvalues:  tensor([15.3300, 14.7633])
2400	0.123	0.960	0.271	0.770
2410	0.127	0.971	0.274	0.776
2420	0.130	0.966	0.278	0.764
2430	0.127	0.965	0.275	0.771
2440	0.130	0.965	0.275	0.774
2450	0.128	0.960	0.274	0.771
2460	0.130	0.968	0.276	0.772
2470	0.121	0.964	0.269	0.772
2480	0.123	0.969	0.274	0.768
2490	0.122	0.972	0.273	0.772
eigenvalues:  tensor([15.4560, 15.0577])
2500	0.120	0.974	0.270	0.779
2510	0.134	0.968	0.283	0.774
2520	0.133	0.958	0.281	0.765
2530	0.120	0.969	0.269	0.780
2540	0.126	0.970	0.274	0.775
2550	0.124	0.966	0.274	0.772
2560	0.134	0.965	0.287	0.748
2570	0.119	0.964	0.269	0.772
2580	0.127	0.965	0.277	0.767
2590	0.119	0.972	0.270	0.780
eigenvalues:  tensor([15.6344, 15.1002])
2600	0.127	0.973	0.279	0.775
2610	0.125	0.975	0.278	0.771
2620	0.141	0.963	0.293	0.757
2630	0.127	0.968	0.278	0.774
2640	0.130	0.968	0.277	0.778
2650	0.120	0.957	0.269	0.775
2660	0.124	0.972	0.275	0.777
2670	0.122	0.975	0.273	0.784
2680	0.130	0.967	0.283	0.767
2690	0.121	0.968	0.273	0.776
eigenvalues:  tensor([15.3868, 14.8321])
2700	0.123	0.971	0.274	0.777
2710	0.126	0.969	0.278	0.779
2720	0.117	0.972	0.266	0.782
2730	0.118	0.970	0.271	0.776
2740	0.127	0.963	0.281	0.766
2750	0.119	0.975	0.272	0.783
2760	0.124	0.980	0.280	0.775
2770	0.138	0.965	0.295	0.761
2780	0.133	0.966	0.289	0.750
2790	0.135	0.965	0.286	0.771
eigenvalues:  tensor([15.6354, 14.8083])
2800	0.121	0.973	0.272	0.780
2810	0.120	0.970	0.273	0.770
2820	0.119	0.975	0.273	0.777
2830	0.124	0.979	0.280	0.781
2840	0.121	0.975	0.277	0.767
2850	0.116	0.970	0.272	0.775
2860	0.125	0.977	0.281	0.776
2870	0.134	0.965	0.291	0.757
2880	0.129	0.959	0.283	0.769
2890	0.122	0.969	0.273	0.776
eigenvalues:  tensor([15.1948, 14.6427])
2900	0.119	0.977	0.274	0.775
2910	0.119	0.981	0.275	0.776
2920	0.125	0.974	0.281	0.772
2930	0.123	0.978	0.280	0.772
2940	0.113	0.976	0.271	0.777
2950	0.137	0.969	0.297	0.762
2960	0.120	0.971	0.276	0.783
2970	0.126	0.970	0.282	0.768
2980	0.123	0.964	0.281	0.762
2990	0.134	0.980	0.290	0.771
eigenvalues:  tensor([15.2243, 14.8982])
3000	0.119	0.974	0.275	0.774
3010	0.118	0.978	0.277	0.771
3020	0.124	0.972	0.284	0.767
3030	0.116	0.973	0.274	0.771
3040	0.125	0.979	0.283	0.770
3050	0.116	0.978	0.275	0.778
3060	0.141	0.965	0.302	0.735
3070	0.118	0.981	0.273	0.772
3080	0.123	0.975	0.280	0.771
3090	0.116	0.970	0.274	0.769
eigenvalues:  tensor([15.2965, 14.6558])
3100	0.121	0.977	0.282	0.767
3110	0.117	0.978	0.277	0.771
3120	0.120	0.976	0.281	0.768
3130	0.120	0.974	0.279	0.772
3140	0.122	0.975	0.283	0.766
3150	0.123	0.972	0.285	0.757
3160	0.121	0.969	0.279	0.770
3170	0.118	0.978	0.278	0.770
3180	0.127	0.968	0.287	0.766
3190	0.122	0.968	0.283	0.760
eigenvalues:  tensor([15.6660, 14.6939])
3200	0.122	0.977	0.283	0.769
3210	0.120	0.975	0.278	0.780
3220	0.113	0.978	0.273	0.774
3230	0.116	0.977	0.279	0.774
3240	0.114	0.976	0.276	0.779
3250	0.137	0.963	0.298	0.763
3260	0.116	0.977	0.279	0.771
3270	0.146	0.963	0.305	0.749
3280	0.118	0.970	0.275	0.774
3290	0.115	0.974	0.273	0.779
eigenvalues:  tensor([15.3851, 15.0601])
3300	0.111	0.975	0.273	0.779
3310	0.124	0.971	0.288	0.770
3320	0.123	0.971	0.285	0.768
3330	0.123	0.982	0.285	0.777
3340	0.122	0.979	0.286	0.771
3350	0.126	0.973	0.288	0.764
3360	0.121	0.976	0.284	0.770
3370	0.112	0.980	0.275	0.774
3380	0.142	0.957	0.307	0.735
3390	0.122	0.973	0.282	0.772
eigenvalues:  tensor([15.1118, 14.8143])
3400	0.113	0.976	0.276	0.774
3410	0.122	0.977	0.288	0.760
3420	0.126	0.960	0.290	0.758
3430	0.124	0.977	0.287	0.770
3440	0.116	0.975	0.278	0.766
3450	0.119	0.972	0.283	0.759
3460	0.116	0.975	0.279	0.771
3470	0.123	0.966	0.283	0.771
3480	0.118	0.973	0.281	0.771
3490	0.113	0.976	0.277	0.772
eigenvalues:  tensor([15.3581, 14.7894])
3500	0.121	0.972	0.286	0.764
3510	0.118	0.976	0.283	0.763
3520	0.119	0.977	0.283	0.771
3530	0.122	0.978	0.289	0.764
3540	0.121	0.970	0.288	0.752
3550	0.121	0.970	0.286	0.760
3560	0.123	0.978	0.288	0.762
3570	0.125	0.969	0.289	0.758
3580	0.116	0.979	0.279	0.768
3590	0.115	0.979	0.280	0.768
eigenvalues:  tensor([15.4756, 14.6760])
3600	0.116	0.979	0.282	0.765
3610	0.119	0.979	0.284	0.772
3620	0.112	0.975	0.276	0.781
3630	0.129	0.966	0.293	0.765
3640	0.114	0.980	0.282	0.766
3650	0.112	0.982	0.280	0.772
3660	0.125	0.979	0.290	0.754
3670	0.124	0.963	0.290	0.756
3680	0.121	0.974	0.285	0.768
3690	0.127	0.970	0.292	0.749
eigenvalues:  tensor([15.1761, 14.5007])
3700	0.110	0.982	0.275	0.772
3710	0.111	0.983	0.279	0.771
3720	0.119	0.975	0.289	0.757
3730	0.113	0.975	0.277	0.773
3740	0.125	0.977	0.289	0.768
3750	0.120	0.977	0.286	0.775
3760	0.123	0.982	0.288	0.766
3770	0.122	0.979	0.290	0.763
3780	0.122	0.978	0.288	0.763
3790	0.113	0.978	0.280	0.763
eigenvalues:  tensor([15.2328, 14.7038])
3800	0.115	0.975	0.281	0.761
3810	0.111	0.977	0.278	0.772
3820	0.114	0.980	0.282	0.767
3830	0.120	0.976	0.283	0.774
3840	0.115	0.977	0.281	0.771
3850	0.120	0.968	0.285	0.760
3860	0.116	0.972	0.281	0.771
3870	0.111	0.977	0.278	0.769
3880	0.117	0.979	0.287	0.760
3890	0.122	0.976	0.290	0.754
eigenvalues:  tensor([15.4619, 14.7349])
3900	0.116	0.972	0.283	0.765
3910	0.127	0.975	0.295	0.759
3920	0.107	0.984	0.273	0.772
3930	0.116	0.981	0.285	0.766
3940	0.119	0.980	0.285	0.772
3950	0.108	0.981	0.274	0.769
3960	0.109	0.976	0.277	0.767
3970	0.124	0.971	0.291	0.772
3980	0.114	0.976	0.279	0.776
3990	0.118	0.980	0.281	0.776
eigenvalues:  tensor([15.1909, 15.0263])
4000	0.127	0.977	0.294	0.759
4010	0.108	0.977	0.273	0.775
4020	0.120	0.972	0.287	0.766
4030	0.115	0.973	0.281	0.769
4040	0.106	0.978	0.274	0.777
4050	0.112	0.980	0.282	0.771
4060	0.109	0.976	0.278	0.770
4070	0.123	0.971	0.291	0.759
4080	0.123	0.975	0.294	0.751
4090	0.113	0.974	0.275	0.769
eigenvalues:  tensor([15.0325, 14.5529])
4100	0.115	0.975	0.281	0.770
4110	0.108	0.982	0.275	0.774
4120	0.113	0.983	0.280	0.778
4130	0.111	0.986	0.279	0.771
4140	0.116	0.981	0.285	0.766
4150	0.110	0.985	0.278	0.773
4160	0.115	0.973	0.283	0.770
4170	0.119	0.976	0.282	0.775
4180	0.111	0.980	0.277	0.773
4190	0.117	0.981	0.285	0.767
eigenvalues:  tensor([14.8569, 14.7229])
4200	0.107	0.979	0.274	0.777
4210	0.115	0.974	0.284	0.764
4220	0.110	0.976	0.278	0.774
4230	0.111	0.979	0.279	0.775
4240	0.112	0.978	0.282	0.761
4250	0.119	0.979	0.288	0.762
4260	0.109	0.979	0.277	0.766
4270	0.112	0.976	0.281	0.762
4280	0.113	0.984	0.283	0.770
4290	0.106	0.981	0.277	0.769
eigenvalues:  tensor([15.2328, 14.7952])
4300	0.124	0.974	0.294	0.757
4310	0.114	0.974	0.282	0.773
4320	0.111	0.971	0.277	0.772
4330	0.111	0.978	0.276	0.780
4340	0.109	0.980	0.277	0.772
4350	0.108	0.981	0.279	0.769
4360	0.109	0.984	0.280	0.774
4370	0.113	0.984	0.284	0.770
4380	0.112	0.977	0.283	0.769
4390	0.115	0.979	0.285	0.774
eigenvalues:  tensor([15.5726, 14.8000])
4400	0.109	0.975	0.278	0.771
4410	0.119	0.978	0.287	0.773
4420	0.108	0.981	0.276	0.767
4430	0.113	0.980	0.283	0.764
4440	0.109	0.985	0.280	0.769
4450	0.109	0.983	0.281	0.766
4460	0.110	0.983	0.279	0.775
4470	0.109	0.986	0.280	0.767
4480	0.106	0.980	0.279	0.763
4490	0.121	0.977	0.294	0.757
eigenvalues:  tensor([15.0940, 14.6119])
4500	0.113	0.980	0.282	0.767
4510	0.112	0.977	0.283	0.768
4520	0.105	0.978	0.276	0.775
4530	0.114	0.974	0.284	0.765
4540	0.114	0.975	0.282	0.774
4550	0.103	0.985	0.274	0.773
4560	0.103	0.985	0.276	0.771
4570	0.113	0.978	0.285	0.777
4580	0.104	0.983	0.277	0.775
4590	0.126	0.977	0.298	0.759
eigenvalues:  tensor([15.4542, 14.8810])
4600	0.110	0.980	0.279	0.777
4610	0.112	0.988	0.284	0.763
4620	0.113	0.983	0.284	0.766
4630	0.107	0.985	0.277	0.773
4640	0.107	0.982	0.278	0.771
4650	0.111	0.979	0.282	0.774
4660	0.110	0.984	0.283	0.762
4670	0.106	0.981	0.279	0.761
4680	0.102	0.981	0.276	0.771
4690	0.132	0.968	0.308	0.739
eigenvalues:  tensor([15.3423, 14.9395])
4700	0.122	0.981	0.295	0.758
4710	0.105	0.984	0.274	0.775
4720	0.108	0.982	0.279	0.770
4730	0.105	0.980	0.277	0.771
4740	0.113	0.981	0.288	0.767
4750	0.106	0.983	0.279	0.764
4760	0.103	0.982	0.278	0.768
4770	0.104	0.977	0.280	0.776
4780	0.120	0.973	0.294	0.765
4790	0.108	0.982	0.280	0.776
eigenvalues:  tensor([15.4315, 14.9591])
4800	0.114	0.986	0.288	0.769
4810	0.107	0.981	0.279	0.767
4820	0.110	0.983	0.282	0.770
4830	0.107	0.982	0.279	0.765
4840	0.107	0.980	0.279	0.772
4850	0.104	0.982	0.279	0.776
4860	0.111	0.980	0.285	0.767
4870	0.108	0.979	0.280	0.771
4880	0.113	0.985	0.287	0.770
4890	0.106	0.982	0.280	0.765
eigenvalues:  tensor([15.3783, 14.6539])
4900	0.102	0.981	0.277	0.773
4910	0.119	0.981	0.294	0.762
4920	0.104	0.980	0.280	0.768
4930	0.106	0.982	0.283	0.772
4940	0.108	0.978	0.285	0.772
4950	0.107	0.979	0.277	0.773
4960	0.115	0.985	0.289	0.770
4970	0.105	0.984	0.279	0.764
4980	0.105	0.984	0.280	0.770
4990	0.106	0.985	0.282	0.772
