/egr/research-slim/ghoshavr/edge-of-stability/src/cifar.py:79: UserWarning: To copy construct from a tensor, it is recommended to use sourceTensor.clone().detach() or sourceTensor.clone().detach().requires_grad_(True), rather than torch.tensor(sourceTensor).
  y_train = torch.tensor(mnist_train.targets)
/egr/research-slim/ghoshavr/edge-of-stability/src/cifar.py:80: UserWarning: To copy construct from a tensor, it is recommended to use sourceTensor.clone().detach() or sourceTensor.clone().detach().requires_grad_(True), rather than torch.tensor(sourceTensor).
  y_test = torch.tensor(mnist_test.targets)
device: cuda:2
output directory: RESULTS/mnist-20k/fc-elu/seed_0/mse/gd//lr_0.3
eigenvalues:  tensor([8.8830, 8.3773])
0	0.505	0.098	0.505	0.101
10	0.325	0.643	0.325	0.640
20	0.273	0.723	0.271	0.734
30	0.244	0.815	0.242	0.818
40	0.236	0.821	0.234	0.830
50	0.233	0.799	0.233	0.803
60	0.234	0.836	0.234	0.846
70	0.224	0.851	0.223	0.854
80	0.212	0.850	0.210	0.859
90	0.216	0.850	0.214	0.856
eigenvalues:  tensor([8.0585, 7.3864])
100	0.208	0.858	0.206	0.862
110	0.205	0.840	0.204	0.844
120	0.199	0.858	0.199	0.860
130	0.205	0.850	0.203	0.853
140	0.195	0.859	0.194	0.864
150	0.202	0.866	0.201	0.870
160	0.199	0.856	0.198	0.861
170	0.192	0.865	0.192	0.869
180	0.192	0.858	0.192	0.863
190	0.193	0.871	0.192	0.875
eigenvalues:  tensor([7.9775, 7.5151])
200	0.199	0.858	0.198	0.858
210	0.192	0.860	0.192	0.865
220	0.179	0.871	0.180	0.873
230	0.185	0.871	0.184	0.873
240	0.171	0.881	0.170	0.882
250	0.180	0.864	0.180	0.868
260	0.190	0.866	0.191	0.871
270	0.169	0.881	0.169	0.882
280	0.191	0.864	0.190	0.863
290	0.156	0.883	0.156	0.887
eigenvalues:  tensor([7.9982, 7.2553])
300	0.165	0.877	0.166	0.878
310	0.162	0.878	0.162	0.877
320	0.165	0.867	0.167	0.867
330	0.145	0.895	0.145	0.897
340	0.153	0.889	0.153	0.888
350	0.147	0.892	0.147	0.891
360	0.163	0.871	0.164	0.868
370	0.163	0.885	0.162	0.887
380	0.138	0.900	0.138	0.901
390	0.134	0.897	0.134	0.900
eigenvalues:  tensor([7.4414, 7.2739])
400	0.139	0.894	0.139	0.897
410	0.131	0.904	0.131	0.905
420	0.139	0.898	0.139	0.899
430	0.140	0.901	0.141	0.900
440	0.130	0.901	0.130	0.900
450	0.149	0.885	0.151	0.880
460	0.132	0.901	0.133	0.901
470	0.120	0.907	0.120	0.907
480	0.130	0.896	0.132	0.893
490	0.123	0.905	0.124	0.904
eigenvalues:  tensor([7.5132, 7.3732])
500	0.141	0.895	0.141	0.890
510	0.118	0.912	0.119	0.908
520	0.116	0.912	0.117	0.909
530	0.114	0.915	0.115	0.913
540	0.127	0.908	0.128	0.906
550	0.131	0.896	0.132	0.899
560	0.111	0.913	0.112	0.913
570	0.130	0.909	0.131	0.906
580	0.109	0.918	0.110	0.915
590	0.108	0.919	0.110	0.915
eigenvalues:  tensor([7.2846, 7.1222])
600	0.113	0.919	0.115	0.914
610	0.113	0.917	0.114	0.917
620	0.107	0.918	0.108	0.919
630	0.105	0.920	0.106	0.918
640	0.112	0.918	0.114	0.914
650	0.116	0.913	0.118	0.909
660	0.108	0.918	0.109	0.918
670	0.107	0.920	0.109	0.918
680	0.103	0.921	0.105	0.918
690	0.104	0.918	0.105	0.915
eigenvalues:  tensor([7.7262, 7.2086])
700	0.110	0.910	0.112	0.907
710	0.105	0.919	0.107	0.915
720	0.111	0.916	0.113	0.913
730	0.106	0.918	0.108	0.914
740	0.099	0.922	0.101	0.921
750	0.104	0.921	0.105	0.920
760	0.098	0.925	0.100	0.924
770	0.107	0.922	0.109	0.919
780	0.105	0.920	0.107	0.917
790	0.101	0.919	0.103	0.915
eigenvalues:  tensor([7.2892, 7.1415])
800	0.102	0.921	0.104	0.915
810	0.099	0.928	0.101	0.923
820	0.100	0.928	0.102	0.924
830	0.104	0.923	0.105	0.921
840	0.095	0.926	0.097	0.925
850	0.098	0.926	0.100	0.921
860	0.099	0.927	0.101	0.924
870	0.105	0.923	0.107	0.922
880	0.102	0.918	0.104	0.915
890	0.097	0.923	0.099	0.920
eigenvalues:  tensor([7.0756, 6.8922])
900	0.097	0.928	0.099	0.924
910	0.093	0.931	0.095	0.926
920	0.095	0.929	0.097	0.927
930	0.093	0.928	0.096	0.925
940	0.095	0.925	0.097	0.921
950	0.093	0.927	0.096	0.923
960	0.097	0.927	0.099	0.926
970	0.091	0.931	0.094	0.928
980	0.094	0.928	0.097	0.923
990	0.101	0.922	0.104	0.915
eigenvalues:  tensor([7.5290, 7.1860])
1000	0.091	0.930	0.093	0.928
1010	0.093	0.930	0.096	0.927
1020	0.097	0.926	0.099	0.920
1030	0.097	0.923	0.100	0.918
1040	0.096	0.927	0.099	0.925
1050	0.089	0.933	0.092	0.930
1060	0.087	0.933	0.090	0.932
1070	0.089	0.932	0.091	0.930
1080	0.094	0.928	0.097	0.924
1090	0.094	0.927	0.097	0.923
eigenvalues:  tensor([7.1097, 7.0498])
1100	0.093	0.931	0.096	0.929
1110	0.087	0.935	0.090	0.933
1120	0.089	0.936	0.092	0.932
1130	0.093	0.934	0.097	0.929
1140	0.089	0.937	0.092	0.932
1150	0.089	0.936	0.092	0.928
1160	0.090	0.933	0.093	0.925
1170	0.088	0.932	0.091	0.928
1180	0.089	0.933	0.092	0.930
1190	0.093	0.934	0.096	0.931
eigenvalues:  tensor([7.0808, 7.0318])
1200	0.090	0.936	0.093	0.931
1210	0.088	0.935	0.091	0.930
1220	0.088	0.934	0.092	0.929
1230	0.085	0.937	0.089	0.931
1240	0.091	0.936	0.095	0.930
1250	0.089	0.938	0.093	0.931
1260	0.084	0.938	0.088	0.935
1270	0.084	0.939	0.088	0.935
1280	0.088	0.937	0.091	0.932
1290	0.084	0.935	0.087	0.931
eigenvalues:  tensor([7.3986, 7.0198])
1300	0.093	0.933	0.097	0.924
1310	0.090	0.939	0.093	0.930
1320	0.086	0.940	0.090	0.931
1330	0.085	0.940	0.089	0.935
1340	0.083	0.940	0.087	0.935
1350	0.083	0.939	0.086	0.936
1360	0.086	0.937	0.090	0.931
1370	0.085	0.938	0.089	0.933
1380	0.094	0.933	0.099	0.928
1390	0.079	0.940	0.083	0.934
eigenvalues:  tensor([7.6611, 7.0190])
1400	0.081	0.938	0.085	0.931
1410	0.091	0.932	0.095	0.923
1420	0.084	0.937	0.088	0.933
1430	0.081	0.941	0.085	0.937
1440	0.080	0.942	0.085	0.939
1450	0.084	0.942	0.088	0.935
1460	0.086	0.939	0.090	0.929
1470	0.082	0.940	0.087	0.933
1480	0.083	0.941	0.087	0.936
1490	0.083	0.942	0.088	0.935
eigenvalues:  tensor([7.0855, 7.0498])
1500	0.081	0.944	0.085	0.934
1510	0.082	0.942	0.086	0.932
1520	0.082	0.941	0.086	0.933
1530	0.081	0.941	0.085	0.935
1540	0.078	0.941	0.082	0.935
1550	0.091	0.932	0.095	0.923
1560	0.080	0.939	0.085	0.931
1570	0.080	0.940	0.085	0.935
1580	0.082	0.940	0.086	0.936
1590	0.081	0.942	0.085	0.938
eigenvalues:  tensor([7.1512, 7.0399])
1600	0.083	0.943	0.087	0.938
1610	0.079	0.943	0.084	0.937
1620	0.078	0.943	0.083	0.935
1630	0.079	0.943	0.084	0.935
1640	0.081	0.944	0.086	0.936
1650	0.083	0.943	0.087	0.936
1660	0.081	0.941	0.086	0.934
1670	0.081	0.940	0.086	0.934
1680	0.077	0.944	0.081	0.940
1690	0.077	0.946	0.081	0.942
eigenvalues:  tensor([7.3165, 7.1179])
1700	0.080	0.946	0.085	0.941
1710	0.080	0.946	0.085	0.938
1720	0.079	0.945	0.084	0.939
1730	0.078	0.942	0.083	0.936
1740	0.079	0.940	0.084	0.932
1750	0.077	0.943	0.082	0.937
1760	0.078	0.943	0.082	0.939
1770	0.077	0.944	0.081	0.940
1780	0.081	0.942	0.086	0.937
1790	0.078	0.945	0.083	0.940
eigenvalues:  tensor([7.3354, 7.2027])
1800	0.074	0.947	0.079	0.942
1810	0.078	0.947	0.082	0.940
1820	0.079	0.948	0.084	0.939
1830	0.080	0.948	0.085	0.939
1840	0.078	0.948	0.084	0.940
1850	0.081	0.944	0.086	0.934
1860	0.072	0.948	0.077	0.939
1870	0.073	0.948	0.078	0.939
1880	0.080	0.946	0.085	0.938
1890	0.078	0.948	0.084	0.940
eigenvalues:  tensor([7.4051, 7.0905])
1900	0.076	0.950	0.082	0.943
1910	0.077	0.951	0.083	0.942
1920	0.075	0.951	0.080	0.941
1930	0.072	0.951	0.077	0.940
1940	0.078	0.946	0.084	0.935
1950	0.073	0.947	0.078	0.939
1960	0.073	0.947	0.078	0.938
1970	0.080	0.943	0.086	0.934
1980	0.073	0.947	0.078	0.940
1990	0.072	0.949	0.078	0.941
eigenvalues:  tensor([7.2595, 7.1555])
2000	0.076	0.947	0.082	0.939
2010	0.071	0.949	0.077	0.941
2020	0.080	0.946	0.086	0.938
2030	0.076	0.947	0.082	0.939
2040	0.076	0.948	0.081	0.940
2050	0.073	0.949	0.078	0.942
2060	0.071	0.950	0.076	0.941
2070	0.072	0.951	0.077	0.941
2080	0.071	0.950	0.076	0.941
2090	0.073	0.948	0.079	0.940
eigenvalues:  tensor([7.5102, 7.4215])
2100	0.082	0.944	0.088	0.938
2110	0.081	0.948	0.086	0.942
2120	0.071	0.951	0.077	0.944
2130	0.070	0.949	0.076	0.943
2140	0.081	0.944	0.087	0.936
2150	0.075	0.946	0.080	0.939
2160	0.069	0.952	0.074	0.946
2170	0.070	0.952	0.076	0.947
2180	0.072	0.951	0.077	0.944
2190	0.074	0.948	0.079	0.940
eigenvalues:  tensor([7.2494, 7.0442])
2200	0.070	0.950	0.076	0.942
2210	0.070	0.951	0.076	0.942
2220	0.071	0.951	0.077	0.943
2230	0.078	0.950	0.085	0.943
2240	0.070	0.952	0.076	0.946
2250	0.069	0.952	0.075	0.944
2260	0.071	0.952	0.077	0.945
2270	0.078	0.953	0.084	0.942
2280	0.074	0.950	0.080	0.940
2290	0.073	0.950	0.079	0.940
eigenvalues:  tensor([7.2079, 7.1727])
2300	0.071	0.952	0.076	0.942
2310	0.072	0.953	0.078	0.943
2320	0.072	0.953	0.078	0.944
2330	0.070	0.954	0.076	0.945
2340	0.074	0.954	0.079	0.946
2350	0.071	0.955	0.076	0.947
2360	0.067	0.956	0.073	0.947
2370	0.069	0.956	0.075	0.948
2380	0.070	0.956	0.076	0.947
2390	0.067	0.957	0.073	0.946
eigenvalues:  tensor([7.3769, 7.1285])
2400	0.069	0.956	0.075	0.946
2410	0.075	0.954	0.081	0.942
2420	0.074	0.952	0.080	0.939
2430	0.070	0.954	0.075	0.941
2440	0.068	0.955	0.074	0.943
2450	0.071	0.953	0.077	0.942
2460	0.069	0.955	0.075	0.945
2470	0.073	0.955	0.079	0.945
2480	0.070	0.957	0.076	0.946
2490	0.069	0.957	0.075	0.947
eigenvalues:  tensor([7.1425, 7.0244])
2500	0.067	0.958	0.073	0.948
2510	0.068	0.955	0.074	0.949
2520	0.072	0.954	0.078	0.947
2530	0.065	0.957	0.071	0.949
2540	0.064	0.957	0.070	0.949
2550	0.070	0.954	0.076	0.944
2560	0.074	0.952	0.080	0.942
2570	0.070	0.953	0.076	0.943
2580	0.066	0.955	0.072	0.945
2590	0.067	0.955	0.073	0.946
eigenvalues:  tensor([7.2915, 7.1894])
2600	0.067	0.956	0.073	0.947
2610	0.066	0.958	0.072	0.947
2620	0.066	0.956	0.073	0.945
2630	0.069	0.955	0.075	0.943
2640	0.067	0.957	0.074	0.945
2650	0.071	0.956	0.078	0.945
2660	0.072	0.955	0.079	0.945
2670	0.068	0.957	0.075	0.946
2680	0.069	0.955	0.076	0.943
2690	0.067	0.955	0.074	0.944
eigenvalues:  tensor([7.2295, 7.1615])
2700	0.065	0.957	0.071	0.947
2710	0.070	0.956	0.076	0.947
2720	0.066	0.957	0.072	0.948
2730	0.066	0.958	0.073	0.947
2740	0.067	0.958	0.074	0.950
2750	0.068	0.958	0.075	0.949
2760	0.065	0.959	0.071	0.949
2770	0.065	0.958	0.071	0.947
2780	0.063	0.959	0.069	0.946
2790	0.061	0.960	0.067	0.948
eigenvalues:  tensor([7.3966, 7.1329])
2800	0.061	0.960	0.068	0.948
2810	0.066	0.957	0.072	0.947
2820	0.069	0.958	0.075	0.949
2830	0.069	0.958	0.076	0.949
2840	0.066	0.959	0.073	0.950
2850	0.066	0.959	0.072	0.950
2860	0.064	0.960	0.070	0.950
2870	0.071	0.958	0.078	0.947
2880	0.070	0.959	0.077	0.948
2890	0.067	0.960	0.073	0.949
eigenvalues:  tensor([7.2609, 7.2218])
2900	0.068	0.958	0.075	0.949
2910	0.062	0.960	0.069	0.951
2920	0.064	0.960	0.070	0.949
2930	0.064	0.960	0.071	0.949
2940	0.064	0.960	0.071	0.949
2950	0.064	0.961	0.071	0.950
2960	0.072	0.958	0.079	0.947
2970	0.064	0.960	0.071	0.949
2980	0.061	0.960	0.068	0.949
2990	0.063	0.958	0.070	0.947
eigenvalues:  tensor([7.4668, 7.2306])
3000	0.063	0.959	0.070	0.948
3010	0.066	0.959	0.073	0.950
3020	0.070	0.957	0.076	0.948
3030	0.064	0.960	0.071	0.951
3040	0.066	0.959	0.074	0.948
3050	0.064	0.960	0.070	0.948
3060	0.062	0.960	0.069	0.950
3070	0.066	0.959	0.072	0.951
3080	0.061	0.961	0.068	0.951
3090	0.060	0.961	0.067	0.951
eigenvalues:  tensor([7.2136, 7.1574])
3100	0.060	0.961	0.067	0.950
3110	0.061	0.961	0.068	0.949
3120	0.065	0.958	0.071	0.947
3130	0.061	0.960	0.068	0.949
3140	0.059	0.961	0.066	0.950
3150	0.066	0.960	0.073	0.947
3160	0.067	0.960	0.074	0.948
3170	0.062	0.961	0.069	0.950
3180	0.067	0.962	0.074	0.950
3190	0.067	0.961	0.074	0.950
eigenvalues:  tensor([7.1381, 7.0577])
3200	0.063	0.961	0.070	0.950
3210	0.061	0.962	0.068	0.951
3220	0.060	0.962	0.067	0.950
3230	0.062	0.961	0.069	0.949
3240	0.059	0.961	0.066	0.949
3250	0.062	0.960	0.069	0.949
3260	0.066	0.959	0.073	0.949
3270	0.060	0.963	0.067	0.951
3280	0.061	0.963	0.069	0.953
3290	0.061	0.962	0.068	0.952
eigenvalues:  tensor([7.3183, 7.1047])
3300	0.062	0.963	0.069	0.951
3310	0.065	0.962	0.072	0.949
3320	0.064	0.961	0.071	0.948
3330	0.062	0.961	0.069	0.947
3340	0.057	0.963	0.064	0.951
3350	0.060	0.962	0.067	0.951
3360	0.059	0.962	0.066	0.951
3370	0.058	0.963	0.065	0.951
3380	0.058	0.962	0.066	0.950
3390	0.062	0.961	0.069	0.948
eigenvalues:  tensor([7.4019, 7.2939])
3400	0.063	0.962	0.071	0.949
3410	0.062	0.963	0.069	0.953
3420	0.061	0.963	0.068	0.954
3430	0.059	0.964	0.066	0.953
3440	0.065	0.963	0.073	0.951
3450	0.070	0.962	0.077	0.951
3460	0.062	0.963	0.069	0.953
3470	0.061	0.963	0.068	0.953
3480	0.061	0.962	0.068	0.951
3490	0.056	0.964	0.063	0.952
eigenvalues:  tensor([7.2270, 7.0404])
3500	0.057	0.964	0.064	0.951
3510	0.060	0.963	0.067	0.951
3520	0.060	0.963	0.067	0.952
3530	0.061	0.963	0.069	0.951
3540	0.057	0.964	0.065	0.953
3550	0.058	0.964	0.066	0.954
3560	0.060	0.964	0.067	0.953
3570	0.059	0.963	0.066	0.953
3580	0.057	0.964	0.064	0.952
3590	0.059	0.965	0.066	0.952
eigenvalues:  tensor([7.2482, 7.0739])
3600	0.063	0.964	0.070	0.953
3610	0.066	0.962	0.074	0.951
3620	0.060	0.964	0.068	0.952
3630	0.058	0.965	0.066	0.953
3640	0.056	0.965	0.064	0.954
3650	0.059	0.964	0.067	0.954
3660	0.062	0.964	0.069	0.954
3670	0.057	0.964	0.065	0.951
3680	0.058	0.964	0.065	0.951
3690	0.057	0.964	0.065	0.950
eigenvalues:  tensor([7.2589, 7.2195])
3700	0.058	0.964	0.066	0.951
3710	0.060	0.964	0.068	0.952
3720	0.059	0.965	0.067	0.953
3730	0.058	0.965	0.066	0.953
3740	0.064	0.964	0.072	0.952
3750	0.059	0.965	0.067	0.953
3760	0.057	0.965	0.065	0.953
3770	0.056	0.966	0.063	0.953
3780	0.058	0.965	0.065	0.954
3790	0.059	0.965	0.066	0.954
eigenvalues:  tensor([7.2147, 7.0132])
3800	0.056	0.966	0.064	0.953
3810	0.057	0.965	0.065	0.953
3820	0.055	0.965	0.063	0.953
3830	0.058	0.964	0.065	0.952
3840	0.059	0.964	0.067	0.951
3850	0.058	0.965	0.066	0.953
3860	0.059	0.965	0.067	0.953
3870	0.055	0.966	0.063	0.953
3880	0.056	0.965	0.063	0.952
3890	0.057	0.965	0.065	0.952
eigenvalues:  tensor([7.3964, 7.3221])
3900	0.060	0.965	0.068	0.952
3910	0.061	0.965	0.069	0.952
3920	0.061	0.964	0.069	0.951
3930	0.060	0.963	0.068	0.949
3940	0.055	0.965	0.063	0.952
3950	0.054	0.966	0.062	0.953
3960	0.054	0.967	0.062	0.953
3970	0.055	0.967	0.063	0.954
3980	0.055	0.967	0.063	0.955
3990	0.056	0.967	0.064	0.955
eigenvalues:  tensor([7.4701, 7.3071])
4000	0.055	0.967	0.063	0.955
4010	0.063	0.964	0.071	0.950
4020	0.056	0.966	0.064	0.951
4030	0.055	0.966	0.063	0.953
4040	0.055	0.966	0.063	0.954
4050	0.060	0.965	0.068	0.954
4060	0.054	0.966	0.061	0.954
4070	0.054	0.967	0.062	0.955
4080	0.056	0.966	0.064	0.955
4090	0.057	0.966	0.065	0.954
eigenvalues:  tensor([7.1555, 7.1106])
4100	0.056	0.966	0.064	0.953
4110	0.055	0.967	0.063	0.954
4120	0.055	0.967	0.063	0.955
4130	0.054	0.967	0.062	0.956
4140	0.057	0.967	0.066	0.955
4150	0.061	0.965	0.069	0.955
4160	0.056	0.966	0.064	0.956
4170	0.052	0.967	0.061	0.956
4180	0.053	0.967	0.062	0.955
4190	0.059	0.966	0.068	0.952
eigenvalues:  tensor([7.4316, 7.2696])
4200	0.058	0.967	0.066	0.953
4210	0.056	0.967	0.064	0.954
4220	0.054	0.967	0.062	0.955
4230	0.058	0.966	0.066	0.953
4240	0.053	0.967	0.062	0.955
4250	0.052	0.968	0.060	0.954
4260	0.056	0.966	0.064	0.951
4270	0.057	0.966	0.065	0.953
4280	0.054	0.967	0.062	0.953
4290	0.054	0.967	0.063	0.955
eigenvalues:  tensor([7.2514, 7.1618])
4300	0.057	0.967	0.066	0.954
4310	0.052	0.969	0.061	0.955
4320	0.053	0.968	0.061	0.955
4330	0.053	0.968	0.061	0.956
4340	0.056	0.968	0.064	0.955
4350	0.060	0.968	0.068	0.955
4360	0.053	0.968	0.062	0.956
4370	0.053	0.968	0.061	0.955
4380	0.055	0.968	0.063	0.954
4390	0.055	0.968	0.064	0.955
eigenvalues:  tensor([7.2182, 7.1497])
4400	0.054	0.968	0.062	0.955
4410	0.056	0.967	0.064	0.953
4420	0.055	0.967	0.063	0.953
4430	0.052	0.968	0.060	0.954
4440	0.053	0.968	0.061	0.955
4450	0.053	0.969	0.061	0.956
4460	0.055	0.968	0.064	0.957
4470	0.056	0.968	0.065	0.956
4480	0.051	0.969	0.060	0.957
4490	0.054	0.969	0.062	0.957
eigenvalues:  tensor([7.1070, 7.0485])
4500	0.054	0.969	0.062	0.957
4510	0.054	0.968	0.062	0.957
4520	0.055	0.969	0.063	0.956
4530	0.054	0.968	0.063	0.956
4540	0.052	0.970	0.060	0.957
4550	0.054	0.969	0.063	0.958
4560	0.058	0.968	0.066	0.957
4570	0.055	0.968	0.063	0.956
4580	0.052	0.968	0.060	0.956
4590	0.050	0.969	0.059	0.955
eigenvalues:  tensor([7.2873, 7.1643])
4600	0.054	0.968	0.063	0.956
4610	0.054	0.969	0.063	0.955
4620	0.055	0.969	0.064	0.955
4630	0.054	0.968	0.063	0.957
4640	0.053	0.969	0.062	0.958
4650	0.054	0.969	0.063	0.959
4660	0.052	0.969	0.061	0.958
4670	0.051	0.969	0.059	0.957
