/egr/research-slim/ghoshavr/edge-of-stability/src/cifar.py:79: UserWarning: To copy construct from a tensor, it is recommended to use sourceTensor.clone().detach() or sourceTensor.clone().detach().requires_grad_(True), rather than torch.tensor(sourceTensor).
  y_train = torch.tensor(mnist_train.targets)
/egr/research-slim/ghoshavr/edge-of-stability/src/cifar.py:80: UserWarning: To copy construct from a tensor, it is recommended to use sourceTensor.clone().detach() or sourceTensor.clone().detach().requires_grad_(True), rather than torch.tensor(sourceTensor).
  y_test = torch.tensor(mnist_test.targets)
device: cuda:2
output directory: RESULTS/mnist-20k/fc-elu/seed_0/mse/gd//lr_0.27
eigenvalues:  tensor([8.8830, 8.3773])
0	0.505	0.098	0.505	0.101
10	0.318	0.712	0.317	0.715
20	0.298	0.660	0.299	0.658
30	0.242	0.813	0.242	0.819
40	0.230	0.827	0.229	0.831
50	0.239	0.836	0.237	0.842
60	0.227	0.810	0.227	0.820
70	0.220	0.829	0.218	0.835
80	0.214	0.840	0.213	0.845
90	0.207	0.853	0.205	0.859
eigenvalues:  tensor([8.6273, 8.2998])
100	0.217	0.842	0.215	0.850
110	0.209	0.863	0.208	0.870
120	0.208	0.844	0.206	0.849
130	0.213	0.844	0.212	0.846
140	0.203	0.847	0.203	0.851
150	0.199	0.843	0.199	0.849
160	0.194	0.858	0.194	0.861
170	0.209	0.827	0.208	0.831
180	0.197	0.859	0.196	0.863
190	0.199	0.858	0.198	0.856
eigenvalues:  tensor([8.3011, 8.1863])
200	0.209	0.822	0.211	0.826
210	0.182	0.868	0.182	0.869
220	0.185	0.862	0.184	0.863
230	0.188	0.859	0.188	0.858
240	0.199	0.841	0.201	0.838
250	0.176	0.867	0.176	0.868
260	0.180	0.861	0.181	0.865
270	0.176	0.869	0.176	0.874
280	0.171	0.881	0.172	0.882
290	0.189	0.850	0.191	0.850
eigenvalues:  tensor([8.4283, 7.8851])
300	0.162	0.882	0.162	0.882
310	0.168	0.879	0.168	0.879
320	0.169	0.877	0.170	0.881
330	0.156	0.888	0.156	0.889
340	0.166	0.870	0.168	0.867
350	0.148	0.887	0.149	0.890
360	0.159	0.874	0.160	0.879
370	0.159	0.884	0.160	0.883
380	0.154	0.892	0.154	0.895
390	0.142	0.902	0.142	0.902
eigenvalues:  tensor([8.7087, 8.1829])
400	0.145	0.897	0.145	0.898
410	0.143	0.894	0.143	0.896
420	0.153	0.878	0.154	0.881
430	0.141	0.892	0.142	0.891
440	0.132	0.902	0.133	0.900
450	0.131	0.901	0.132	0.902
460	0.134	0.900	0.135	0.900
470	0.146	0.891	0.147	0.889
480	0.137	0.893	0.139	0.891
490	0.129	0.903	0.130	0.900
eigenvalues:  tensor([7.6904, 7.4570])
500	0.124	0.907	0.125	0.905
510	0.122	0.907	0.123	0.908
520	0.127	0.901	0.128	0.904
530	0.124	0.905	0.125	0.902
540	0.127	0.901	0.128	0.898
550	0.118	0.910	0.120	0.908
560	0.121	0.907	0.123	0.906
570	0.126	0.904	0.128	0.904
580	0.118	0.910	0.119	0.907
590	0.117	0.911	0.119	0.907
eigenvalues:  tensor([8.2605, 7.8700])
600	0.111	0.915	0.113	0.914
610	0.118	0.914	0.119	0.910
620	0.123	0.913	0.125	0.910
630	0.113	0.912	0.114	0.913
640	0.108	0.917	0.109	0.917
650	0.120	0.914	0.121	0.910
660	0.109	0.920	0.110	0.915
670	0.111	0.917	0.112	0.912
680	0.107	0.919	0.109	0.917
690	0.111	0.918	0.112	0.918
eigenvalues:  tensor([8.5155, 7.8169])
700	0.112	0.916	0.114	0.916
710	0.111	0.912	0.113	0.910
720	0.119	0.906	0.120	0.903
730	0.104	0.921	0.106	0.918
740	0.102	0.924	0.104	0.920
750	0.104	0.923	0.106	0.918
760	0.103	0.922	0.105	0.919
770	0.108	0.916	0.110	0.912
780	0.103	0.921	0.105	0.919
790	0.100	0.924	0.102	0.922
eigenvalues:  tensor([8.3885, 8.2081])
800	0.109	0.920	0.112	0.917
810	0.112	0.918	0.115	0.913
820	0.102	0.924	0.105	0.919
830	0.099	0.924	0.101	0.921
840	0.100	0.921	0.102	0.917
850	0.107	0.913	0.109	0.910
860	0.099	0.924	0.102	0.920
870	0.099	0.924	0.102	0.921
880	0.102	0.924	0.104	0.918
890	0.096	0.927	0.098	0.926
eigenvalues:  tensor([8.0170, 7.9298])
900	0.095	0.928	0.097	0.927
910	0.103	0.927	0.105	0.924
920	0.098	0.928	0.101	0.925
930	0.097	0.929	0.100	0.926
940	0.102	0.925	0.104	0.918
950	0.099	0.924	0.101	0.918
960	0.094	0.925	0.097	0.923
970	0.100	0.921	0.103	0.916
980	0.095	0.928	0.098	0.924
990	0.094	0.931	0.096	0.929
eigenvalues:  tensor([8.0836, 7.8902])
1000	0.094	0.931	0.097	0.927
1010	0.098	0.927	0.101	0.922
1020	0.099	0.924	0.102	0.920
1030	0.093	0.929	0.095	0.925
1040	0.094	0.928	0.097	0.923
1050	0.094	0.927	0.097	0.922
1060	0.097	0.926	0.100	0.920
1070	0.096	0.933	0.098	0.925
1080	0.095	0.933	0.098	0.930
1090	0.091	0.932	0.095	0.927
eigenvalues:  tensor([8.0484, 7.6213])
1100	0.092	0.930	0.096	0.925
1110	0.090	0.931	0.093	0.926
1120	0.093	0.930	0.096	0.924
1130	0.092	0.929	0.095	0.925
1140	0.089	0.931	0.092	0.928
1150	0.091	0.930	0.095	0.925
1160	0.091	0.931	0.094	0.927
1170	0.089	0.932	0.092	0.929
1180	0.095	0.927	0.098	0.922
1190	0.092	0.931	0.096	0.924
eigenvalues:  tensor([7.9206, 7.7980])
1200	0.093	0.932	0.097	0.926
1210	0.092	0.936	0.096	0.930
1220	0.090	0.937	0.093	0.932
1230	0.087	0.937	0.090	0.933
1240	0.089	0.936	0.092	0.931
1250	0.088	0.936	0.091	0.934
1260	0.088	0.936	0.091	0.933
1270	0.086	0.934	0.089	0.930
1280	0.089	0.933	0.092	0.926
1290	0.086	0.934	0.090	0.928
eigenvalues:  tensor([8.0480, 7.8544])
1300	0.092	0.934	0.095	0.927
1310	0.088	0.936	0.092	0.930
1320	0.091	0.933	0.095	0.929
1330	0.087	0.933	0.091	0.926
1340	0.087	0.932	0.091	0.927
1350	0.086	0.934	0.089	0.930
1360	0.083	0.937	0.087	0.934
1370	0.082	0.938	0.086	0.935
1380	0.086	0.937	0.090	0.933
1390	0.087	0.936	0.092	0.930
eigenvalues:  tensor([8.3248, 7.8564])
1400	0.089	0.935	0.093	0.929
1410	0.088	0.935	0.092	0.931
1420	0.089	0.933	0.093	0.928
1430	0.085	0.935	0.089	0.928
1440	0.086	0.935	0.090	0.928
1450	0.084	0.937	0.088	0.931
1460	0.084	0.939	0.088	0.934
1470	0.086	0.939	0.089	0.935
1480	0.083	0.940	0.087	0.934
1490	0.084	0.939	0.088	0.933
eigenvalues:  tensor([8.0231, 7.8017])
1500	0.083	0.939	0.088	0.934
1510	0.084	0.941	0.089	0.934
1520	0.088	0.941	0.092	0.932
1530	0.080	0.943	0.084	0.939
1540	0.080	0.944	0.084	0.939
1550	0.087	0.941	0.091	0.936
1560	0.081	0.941	0.085	0.938
1570	0.083	0.940	0.087	0.936
1580	0.083	0.938	0.087	0.932
1590	0.086	0.937	0.091	0.930
eigenvalues:  tensor([7.9154, 7.8422])
1600	0.086	0.939	0.090	0.932
1610	0.081	0.941	0.085	0.936
1620	0.082	0.939	0.087	0.935
1630	0.083	0.940	0.087	0.935
1640	0.084	0.944	0.089	0.938
1650	0.080	0.946	0.084	0.940
1660	0.081	0.945	0.085	0.935
1670	0.080	0.944	0.085	0.934
1680	0.082	0.942	0.086	0.933
1690	0.084	0.940	0.088	0.930
eigenvalues:  tensor([7.9525, 7.8143])
1700	0.080	0.942	0.084	0.934
1710	0.077	0.942	0.082	0.937
1720	0.082	0.942	0.086	0.935
1730	0.081	0.941	0.085	0.935
1740	0.082	0.940	0.086	0.935
1750	0.078	0.942	0.083	0.937
1760	0.076	0.944	0.081	0.939
1770	0.078	0.945	0.082	0.939
1780	0.076	0.946	0.081	0.941
1790	0.078	0.947	0.083	0.942
eigenvalues:  tensor([8.0575, 7.8422])
1800	0.085	0.947	0.090	0.938
1810	0.082	0.947	0.087	0.938
1820	0.078	0.946	0.083	0.938
1830	0.080	0.944	0.084	0.935
1840	0.086	0.943	0.091	0.933
1850	0.079	0.947	0.084	0.938
1860	0.079	0.944	0.084	0.936
1870	0.078	0.944	0.083	0.936
1880	0.078	0.943	0.083	0.935
1890	0.076	0.944	0.081	0.937
eigenvalues:  tensor([8.2574, 7.7456])
1900	0.077	0.946	0.082	0.939
1910	0.081	0.945	0.086	0.941
1920	0.076	0.946	0.081	0.939
1930	0.075	0.945	0.080	0.937
1940	0.078	0.942	0.083	0.934
1950	0.077	0.942	0.082	0.936
1960	0.074	0.946	0.079	0.941
1970	0.075	0.946	0.080	0.943
1980	0.083	0.944	0.088	0.939
1990	0.075	0.944	0.081	0.937
eigenvalues:  tensor([7.9787, 7.8628])
2000	0.078	0.943	0.084	0.936
2010	0.075	0.947	0.081	0.942
2020	0.076	0.949	0.081	0.943
2030	0.078	0.948	0.083	0.944
2040	0.075	0.948	0.080	0.942
2050	0.076	0.945	0.081	0.939
2060	0.080	0.943	0.085	0.936
2070	0.079	0.947	0.084	0.940
2080	0.075	0.950	0.081	0.943
2090	0.071	0.950	0.077	0.942
eigenvalues:  tensor([7.9598, 7.7881])
2100	0.077	0.946	0.082	0.937
2110	0.072	0.947	0.077	0.939
2120	0.075	0.945	0.080	0.939
2130	0.081	0.944	0.086	0.937
2140	0.074	0.949	0.079	0.943
2150	0.070	0.952	0.075	0.944
2160	0.070	0.952	0.075	0.942
2170	0.076	0.949	0.081	0.938
2180	0.075	0.949	0.081	0.939
2190	0.071	0.952	0.076	0.943
eigenvalues:  tensor([8.0396, 7.8250])
2200	0.073	0.952	0.078	0.945
2210	0.078	0.952	0.084	0.943
2220	0.072	0.953	0.078	0.947
2230	0.074	0.952	0.079	0.944
2240	0.077	0.951	0.082	0.942
2250	0.078	0.950	0.084	0.943
2260	0.076	0.949	0.082	0.944
2270	0.074	0.947	0.079	0.941
2280	0.071	0.948	0.077	0.942
2290	0.070	0.950	0.075	0.943
eigenvalues:  tensor([7.9869, 7.8355])
2300	0.070	0.951	0.075	0.943
2310	0.071	0.950	0.077	0.940
2320	0.074	0.950	0.080	0.939
2330	0.071	0.953	0.076	0.942
2340	0.072	0.954	0.078	0.945
2350	0.071	0.954	0.077	0.946
2360	0.068	0.955	0.074	0.947
2370	0.076	0.952	0.082	0.944
2380	0.080	0.945	0.085	0.936
2390	0.073	0.949	0.079	0.942
eigenvalues:  tensor([7.9876, 7.8656])
2400	0.069	0.952	0.075	0.944
2410	0.069	0.953	0.075	0.945
2420	0.070	0.954	0.076	0.945
2430	0.074	0.954	0.080	0.946
2440	0.076	0.954	0.082	0.945
2450	0.069	0.955	0.075	0.946
2460	0.071	0.953	0.077	0.943
2470	0.073	0.952	0.078	0.941
2480	0.068	0.954	0.074	0.943
2490	0.067	0.955	0.073	0.944
eigenvalues:  tensor([8.0055, 7.8865])
2500	0.075	0.953	0.082	0.942
2510	0.070	0.956	0.076	0.946
2520	0.069	0.957	0.075	0.948
2530	0.068	0.956	0.074	0.949
2540	0.069	0.956	0.075	0.947
2550	0.074	0.954	0.079	0.944
2560	0.072	0.954	0.078	0.946
2570	0.069	0.956	0.076	0.946
2580	0.071	0.955	0.077	0.948
2590	0.067	0.955	0.073	0.948
eigenvalues:  tensor([8.0747, 7.9160])
2600	0.069	0.953	0.075	0.947
2610	0.071	0.953	0.077	0.946
2620	0.076	0.951	0.083	0.943
2630	0.072	0.953	0.078	0.945
2640	0.066	0.956	0.072	0.948
2650	0.069	0.955	0.075	0.948
2660	0.069	0.955	0.076	0.947
2670	0.066	0.956	0.072	0.948
2680	0.067	0.956	0.073	0.947
2690	0.070	0.954	0.076	0.944
eigenvalues:  tensor([7.9700, 7.8912])
2700	0.068	0.954	0.074	0.945
2710	0.070	0.953	0.077	0.945
2720	0.068	0.954	0.075	0.944
2730	0.069	0.954	0.076	0.944
2740	0.065	0.956	0.071	0.947
2750	0.064	0.956	0.070	0.947
2760	0.066	0.955	0.072	0.947
2770	0.071	0.954	0.077	0.946
2780	0.069	0.954	0.075	0.947
2790	0.073	0.954	0.079	0.946
eigenvalues:  tensor([8.0829, 7.9708])
2800	0.073	0.954	0.080	0.946
2810	0.067	0.956	0.074	0.949
2820	0.067	0.955	0.074	0.948
2830	0.067	0.955	0.073	0.947
2840	0.067	0.956	0.073	0.945
2850	0.068	0.956	0.074	0.945
2860	0.065	0.957	0.071	0.946
2870	0.066	0.957	0.072	0.947
2880	0.067	0.957	0.074	0.947
2890	0.065	0.958	0.071	0.949
eigenvalues:  tensor([7.9476, 7.9050])
2900	0.069	0.957	0.076	0.948
2910	0.065	0.957	0.071	0.947
2920	0.066	0.957	0.073	0.946
2930	0.068	0.956	0.075	0.945
2940	0.066	0.957	0.073	0.947
2950	0.067	0.957	0.074	0.947
2960	0.071	0.956	0.078	0.946
2970	0.071	0.957	0.077	0.948
2980	0.063	0.960	0.070	0.949
2990	0.063	0.959	0.070	0.949
eigenvalues:  tensor([8.1482, 7.9402])
3000	0.069	0.956	0.075	0.946
3010	0.067	0.956	0.073	0.946
3020	0.069	0.955	0.076	0.945
3030	0.065	0.957	0.072	0.946
3040	0.064	0.959	0.071	0.946
3050	0.062	0.960	0.069	0.947
3060	0.063	0.960	0.070	0.948
3070	0.067	0.959	0.074	0.949
3080	0.068	0.960	0.075	0.949
3090	0.067	0.960	0.073	0.950
eigenvalues:  tensor([8.0102, 7.8989])
3100	0.065	0.960	0.071	0.950
3110	0.065	0.958	0.072	0.946
3120	0.068	0.958	0.074	0.945
3130	0.064	0.961	0.070	0.948
3140	0.063	0.962	0.070	0.949
3150	0.063	0.961	0.070	0.950
3160	0.062	0.961	0.069	0.948
3170	0.065	0.958	0.072	0.945
3180	0.067	0.957	0.074	0.946
3190	0.064	0.961	0.071	0.948
eigenvalues:  tensor([7.8091, 7.7941])
3200	0.065	0.961	0.072	0.947
3210	0.063	0.961	0.070	0.949
3220	0.063	0.962	0.070	0.950
3230	0.063	0.961	0.070	0.950
3240	0.067	0.959	0.075	0.948
3250	0.068	0.960	0.075	0.948
3260	0.068	0.961	0.075	0.951
3270	0.064	0.961	0.071	0.951
3280	0.065	0.960	0.072	0.947
3290	0.062	0.960	0.069	0.947
eigenvalues:  tensor([8.0202, 7.8011])
3300	0.061	0.960	0.068	0.948
3310	0.066	0.959	0.073	0.946
3320	0.065	0.958	0.072	0.947
3330	0.062	0.960	0.069	0.949
3340	0.059	0.962	0.066	0.951
3350	0.060	0.962	0.067	0.953
3360	0.065	0.962	0.073	0.952
3370	0.061	0.961	0.069	0.952
3380	0.063	0.961	0.070	0.950
3390	0.063	0.961	0.070	0.949
eigenvalues:  tensor([8.0585, 7.8917])
3400	0.064	0.962	0.071	0.948
3410	0.069	0.960	0.076	0.947
3420	0.059	0.963	0.066	0.950
3430	0.058	0.963	0.065	0.950
3440	0.061	0.962	0.068	0.949
3450	0.063	0.961	0.070	0.949
3460	0.061	0.962	0.068	0.950
3470	0.061	0.962	0.068	0.951
3480	0.063	0.962	0.070	0.951
3490	0.065	0.962	0.072	0.951
eigenvalues:  tensor([7.9464, 7.8395])
3500	0.064	0.963	0.071	0.952
3510	0.064	0.964	0.071	0.952
3520	0.063	0.962	0.070	0.953
3530	0.062	0.963	0.069	0.952
3540	0.063	0.963	0.070	0.951
3550	0.060	0.964	0.067	0.952
3560	0.061	0.963	0.068	0.951
3570	0.063	0.962	0.070	0.948
3580	0.063	0.962	0.070	0.948
3590	0.060	0.963	0.067	0.951
eigenvalues:  tensor([8.0802, 7.8945])
3600	0.059	0.964	0.066	0.952
3610	0.064	0.962	0.072	0.951
3620	0.062	0.963	0.069	0.951
3630	0.059	0.963	0.067	0.950
3640	0.060	0.963	0.068	0.950
3650	0.064	0.964	0.072	0.951
3660	0.061	0.965	0.068	0.952
3670	0.065	0.963	0.072	0.950
3680	0.060	0.963	0.067	0.951
3690	0.059	0.962	0.066	0.951
eigenvalues:  tensor([8.1069, 7.9804])
3700	0.059	0.963	0.066	0.951
3710	0.060	0.963	0.067	0.951
3720	0.062	0.963	0.069	0.953
3730	0.065	0.963	0.072	0.952
3740	0.061	0.964	0.069	0.953
3750	0.059	0.964	0.067	0.953
3760	0.057	0.964	0.065	0.952
3770	0.058	0.964	0.066	0.952
3780	0.060	0.963	0.068	0.950
3790	0.059	0.964	0.067	0.952
eigenvalues:  tensor([7.9989, 7.9440])
3800	0.061	0.963	0.068	0.952
3810	0.061	0.963	0.068	0.951
3820	0.061	0.962	0.068	0.951
3830	0.056	0.965	0.064	0.952
3840	0.059	0.964	0.067	0.953
3850	0.059	0.965	0.067	0.953
3860	0.058	0.964	0.066	0.952
3870	0.060	0.964	0.068	0.951
3880	0.060	0.964	0.067	0.949
3890	0.060	0.964	0.068	0.949
eigenvalues:  tensor([8.0829, 7.9155])
3900	0.061	0.964	0.069	0.950
3910	0.063	0.962	0.071	0.949
3920	0.060	0.964	0.068	0.952
3930	0.062	0.964	0.070	0.952
3940	0.058	0.965	0.066	0.953
3950	0.056	0.965	0.064	0.953
3960	0.057	0.965	0.065	0.951
3970	0.065	0.963	0.072	0.949
3980	0.058	0.965	0.066	0.953
3990	0.058	0.965	0.066	0.954
eigenvalues:  tensor([7.8458, 7.7958])
4000	0.055	0.966	0.063	0.955
4010	0.054	0.967	0.061	0.955
4020	0.056	0.967	0.064	0.955
4030	0.061	0.966	0.068	0.956
4040	0.060	0.965	0.068	0.955
4050	0.058	0.965	0.066	0.954
4060	0.056	0.966	0.064	0.954
4070	0.061	0.965	0.069	0.953
4080	0.063	0.964	0.071	0.951
4090	0.056	0.965	0.064	0.952
eigenvalues:  tensor([7.8942, 7.8788])
4100	0.058	0.965	0.066	0.950
4110	0.054	0.966	0.062	0.952
4120	0.057	0.965	0.065	0.953
4130	0.057	0.966	0.065	0.953
4140	0.058	0.966	0.066	0.954
4150	0.055	0.966	0.064	0.955
4160	0.056	0.966	0.064	0.955
4170	0.061	0.966	0.069	0.955
4180	0.062	0.966	0.069	0.955
4190	0.058	0.965	0.066	0.953
eigenvalues:  tensor([8.2933, 8.0556])
4200	0.062	0.964	0.070	0.951
4210	0.059	0.966	0.068	0.953
4220	0.058	0.966	0.066	0.954
4230	0.055	0.966	0.063	0.954
4240	0.053	0.967	0.061	0.955
4250	0.054	0.967	0.062	0.953
4260	0.055	0.966	0.063	0.952
4270	0.060	0.965	0.068	0.950
4280	0.056	0.966	0.064	0.953
4290	0.054	0.967	0.062	0.955
eigenvalues:  tensor([8.1325, 7.9467])
4300	0.056	0.967	0.065	0.956
4310	0.058	0.966	0.067	0.955
4320	0.056	0.966	0.065	0.956
4330	0.055	0.967	0.063	0.954
4340	0.060	0.965	0.068	0.953
4350	0.055	0.967	0.064	0.954
4360	0.057	0.967	0.065	0.954
4370	0.062	0.966	0.071	0.954
4380	0.056	0.967	0.065	0.955
4390	0.054	0.967	0.062	0.954
eigenvalues:  tensor([7.9458, 7.8762])
4400	0.055	0.967	0.063	0.953
4410	0.054	0.967	0.063	0.952
4420	0.054	0.967	0.063	0.953
4430	0.055	0.967	0.063	0.953
4440	0.057	0.967	0.065	0.954
4450	0.057	0.967	0.065	0.956
4460	0.054	0.967	0.063	0.956
4470	0.056	0.967	0.065	0.955
4480	0.059	0.967	0.067	0.955
4490	0.059	0.966	0.067	0.954
eigenvalues:  tensor([7.9228, 7.8886])
4500	0.052	0.968	0.061	0.955
4510	0.051	0.968	0.060	0.954
4520	0.054	0.967	0.062	0.954
4530	0.056	0.967	0.064	0.955
4540	0.058	0.967	0.066	0.956
4550	0.059	0.967	0.067	0.956
4560	0.058	0.967	0.066	0.956
4570	0.058	0.967	0.066	0.956
4580	0.056	0.968	0.065	0.955
4590	0.054	0.968	0.062	0.956
eigenvalues:  tensor([7.9130, 7.7933])
4600	0.052	0.968	0.060	0.957
4610	0.056	0.967	0.064	0.957
4620	0.053	0.968	0.062	0.958
4630	0.053	0.968	0.061	0.956
4640	0.060	0.967	0.068	0.954
4650	0.053	0.968	0.061	0.955
4660	0.058	0.967	0.066	0.953
4670	0.052	0.968	0.060	0.955
4680	0.050	0.969	0.059	0.956
4690	0.053	0.969	0.062	0.957
eigenvalues:  tensor([8.3530, 7.9831])
4700	0.057	0.968	0.066	0.956
4710	0.059	0.968	0.067	0.954
4720	0.054	0.969	0.062	0.955
4730	0.055	0.969	0.064	0.955
4740	0.056	0.968	0.064	0.955
4750	0.053	0.969	0.062	0.955
4760	0.053	0.969	0.062	0.955
4770	0.053	0.969	0.062	0.955
4780	0.054	0.967	0.063	0.954
4790	0.053	0.968	0.061	0.954
eigenvalues:  tensor([8.0191, 7.9377])
4800	0.056	0.967	0.064	0.954
4810	0.057	0.968	0.065	0.954
4820	0.054	0.968	0.062	0.954
4830	0.053	0.968	0.061	0.955
4840	0.053	0.968	0.062	0.955
4850	0.054	0.969	0.062	0.955
4860	0.054	0.969	0.063	0.957
4870	0.056	0.969	0.064	0.956
4880	0.051	0.970	0.060	0.957
4890	0.051	0.970	0.059	0.957
eigenvalues:  tensor([8.0845, 7.8775])
4900	0.053	0.969	0.061	0.956
4910	0.051	0.969	0.059	0.956
4920	0.051	0.970	0.060	0.956
4930	0.053	0.970	0.062	0.956
4940	0.055	0.970	0.064	0.955
4950	0.054	0.969	0.062	0.955
4960	0.054	0.969	0.062	0.955
4970	0.053	0.969	0.062	0.956
4980	0.057	0.969	0.066	0.956
4990	0.056	0.969	0.065	0.957
