/egr/research-slim/ghoshavr/edge-of-stability/src/cifar.py:79: UserWarning: To copy construct from a tensor, it is recommended to use sourceTensor.clone().detach() or sourceTensor.clone().detach().requires_grad_(True), rather than torch.tensor(sourceTensor).
  y_train = torch.tensor(mnist_train.targets)
/egr/research-slim/ghoshavr/edge-of-stability/src/cifar.py:80: UserWarning: To copy construct from a tensor, it is recommended to use sourceTensor.clone().detach() or sourceTensor.clone().detach().requires_grad_(True), rather than torch.tensor(sourceTensor).
  y_test = torch.tensor(mnist_test.targets)
device: cuda:5
output directory: RESULTS/mnist-20k/fc-relu-depth4/seed_0/mse/gd//lr_1.0
eigenvalues:  tensor([1.5432, 1.4784])
0	0.508	0.099	0.509	0.096
eigenvalues:  tensor([1.4775, 1.4205])
eigenvalues:  tensor([1.6718, 1.5532])
10	0.434	0.432	0.434	0.430
eigenvalues:  tensor([2.9037, 2.0211])
eigenvalues:  tensor([4.2695, 3.2567])
20	0.409	0.339	0.408	0.340
eigenvalues:  tensor([1.3811, 1.2198])
eigenvalues:  tensor([1.7272, 1.4284])
30	0.438	0.239	0.438	0.248
eigenvalues:  tensor([2.5826, 1.6560])
eigenvalues:  tensor([1.5369, 1.2559])
40	0.452	0.105	0.452	0.103
eigenvalues:  tensor([1.8541, 1.7114])
eigenvalues:  tensor([2.1970, 1.8950])
50	0.433	0.229	0.432	0.227
eigenvalues:  tensor([2.7284, 2.0145])
eigenvalues:  tensor([2.6691, 2.1497])
60	0.365	0.531	0.364	0.537
eigenvalues:  tensor([1.5183, 1.3778])
eigenvalues:  tensor([6.2139, 4.5301])
70	0.392	0.430	0.393	0.433
eigenvalues:  tensor([4.9312, 2.1764])
eigenvalues:  tensor([4.5412, 3.6987])
80	0.326	0.508	0.326	0.494
eigenvalues:  tensor([2.1855, 1.7328])
eigenvalues:  tensor([4.3233, 3.6186])
90	0.439	0.403	0.440	0.400
eigenvalues:  tensor([3.4190, 2.7777])
eigenvalues:  tensor([3.9160, 2.5017])
100	0.255	0.641	0.255	0.636
eigenvalues:  tensor([2.7148, 2.2106])
eigenvalues:  tensor([3.4830, 2.8805])
110	0.267	0.632	0.265	0.639
eigenvalues:  tensor([3.3508, 2.8546])
eigenvalues:  tensor([2.8609, 2.5225])
120	0.234	0.672	0.235	0.666
eigenvalues:  tensor([2.8798, 2.6150])
eigenvalues:  tensor([2.8320, 2.3952])
130	0.205	0.713	0.205	0.705
eigenvalues:  tensor([3.5766, 2.6021])
eigenvalues:  tensor([3.0732, 2.8719])
140	0.201	0.750	0.201	0.752
eigenvalues:  tensor([3.0280, 2.7935])
eigenvalues:  tensor([3.0644, 2.7195])
150	0.183	0.809	0.182	0.810
eigenvalues:  tensor([3.8729, 2.9537])
eigenvalues:  tensor([3.3914, 3.2586])
160	0.180	0.787	0.180	0.791
eigenvalues:  tensor([3.1662, 2.5234])
eigenvalues:  tensor([4.7606, 2.9514])
170	0.178	0.798	0.179	0.799
eigenvalues:  tensor([3.0652, 2.3493])
eigenvalues:  tensor([3.5163, 3.1528])
180	0.165	0.839	0.167	0.833
eigenvalues:  tensor([3.3278, 2.6066])
eigenvalues:  tensor([3.2361, 2.8476])
190	0.135	0.865	0.137	0.859
eigenvalues:  tensor([2.8236, 2.6913])
eigenvalues:  tensor([3.1115, 2.9794])
200	0.137	0.879	0.136	0.879
eigenvalues:  tensor([3.0489, 2.8227])
eigenvalues:  tensor([3.1568, 2.8376])
210	0.122	0.887	0.122	0.887
eigenvalues:  tensor([3.1235, 2.7807])
eigenvalues:  tensor([2.7693, 2.4848])
220	0.124	0.870	0.127	0.865
eigenvalues:  tensor([2.6758, 2.4083])
eigenvalues:  tensor([2.2872, 2.1576])
230	0.110	0.888	0.113	0.884
eigenvalues:  tensor([2.7262, 2.6593])
eigenvalues:  tensor([2.3440, 2.0914])
240	0.090	0.909	0.092	0.905
eigenvalues:  tensor([2.5788, 2.5155])
eigenvalues:  tensor([2.4439, 2.1338])
250	0.082	0.916	0.084	0.911
eigenvalues:  tensor([2.4211, 2.3397])
eigenvalues:  tensor([2.4000, 2.1497])
260	0.072	0.924	0.075	0.918
eigenvalues:  tensor([2.5650, 2.3916])
eigenvalues:  tensor([2.3138, 2.2043])
270	0.072	0.924	0.076	0.916
eigenvalues:  tensor([2.6030, 2.2791])
eigenvalues:  tensor([2.2293, 2.1845])
280	0.067	0.929	0.071	0.922
eigenvalues:  tensor([2.5482, 2.4800])
eigenvalues:  tensor([2.5117, 2.2303])
290	0.072	0.929	0.077	0.920
eigenvalues:  tensor([2.3843, 2.1418])
eigenvalues:  tensor([2.5017, 2.2659])
300	0.065	0.937	0.069	0.928
eigenvalues:  tensor([2.4848, 2.3205])
eigenvalues:  tensor([2.3101, 2.2102])
310	0.065	0.934	0.070	0.925
eigenvalues:  tensor([2.6150, 2.4457])
eigenvalues:  tensor([2.1310, 2.0712])
320	0.056	0.942	0.060	0.935
eigenvalues:  tensor([2.1773, 2.1031])
eigenvalues:  tensor([2.1960, 2.1518])
330	0.053	0.945	0.058	0.938
eigenvalues:  tensor([2.2065, 2.1625])
eigenvalues:  tensor([2.2128, 2.0031])
340	0.051	0.948	0.056	0.939
Traceback (most recent call last):
  File "src/gd.py", line 130, in <module>
    seed=args.seed,device_id=args.device_id)
  File "src/gd.py", line 91, in main
    plot_singular_values(singular_value_storage, directory)    
  File "/egr/research-slim/ghoshavr/edge-of-stability/src/utilities.py", line 295, in plot_singular_values
    num_singular_values = all_singular_values.shape[1]  # Total number of singular values
IndexError: tuple index out of range
