/egr/research-slim/ghoshavr/edge-of-stability/src/cifar.py:79: UserWarning: To copy construct from a tensor, it is recommended to use sourceTensor.clone().detach() or sourceTensor.clone().detach().requires_grad_(True), rather than torch.tensor(sourceTensor).
  y_train = torch.tensor(mnist_train.targets)
/egr/research-slim/ghoshavr/edge-of-stability/src/cifar.py:80: UserWarning: To copy construct from a tensor, it is recommended to use sourceTensor.clone().detach() or sourceTensor.clone().detach().requires_grad_(True), rather than torch.tensor(sourceTensor).
  y_test = torch.tensor(mnist_test.targets)
device: cuda:2
output directory: RESULTS/mnist-whole/fc-elu/seed_0/mse/gd//lr_0.15
eigenvalues:  tensor([8.8830, 8.3773])
0	0.505	0.098	0.505	0.101
10	0.328	0.692	0.325	0.706
20	0.279	0.745	0.276	0.763
30	0.256	0.775	0.252	0.791
40	0.242	0.796	0.238	0.812
50	0.234	0.812	0.229	0.828
60	0.228	0.823	0.223	0.838
70	0.223	0.830	0.218	0.843
80	0.219	0.836	0.214	0.848
90	0.217	0.840	0.211	0.852
eigenvalues:  tensor([14.4466, 12.6191])
100	0.214	0.843	0.209	0.855
110	0.212	0.845	0.206	0.858
120	0.210	0.847	0.205	0.860
130	0.209	0.849	0.203	0.862
140	0.207	0.850	0.202	0.863
150	0.245	0.821	0.242	0.831
160	0.205	0.853	0.200	0.866
170	0.204	0.853	0.198	0.865
180	0.203	0.851	0.198	0.865
190	0.206	0.844	0.201	0.856
eigenvalues:  tensor([13.0878, 12.7960])
200	0.203	0.847	0.198	0.860
210	0.199	0.854	0.194	0.868
220	0.198	0.856	0.192	0.868
230	0.196	0.857	0.191	0.868
240	0.196	0.856	0.191	0.869
250	0.202	0.849	0.196	0.858
260	0.200	0.858	0.194	0.870
270	0.200	0.866	0.194	0.876
280	0.193	0.866	0.188	0.878
290	0.193	0.862	0.188	0.877
eigenvalues:  tensor([13.5467, 13.4178])
300	0.200	0.850	0.196	0.864
310	0.189	0.860	0.184	0.870
320	0.190	0.858	0.185	0.867
330	0.192	0.858	0.187	0.868
340	0.188	0.868	0.183	0.877
350	0.191	0.867	0.186	0.877
360	0.184	0.871	0.179	0.881
370	0.182	0.870	0.177	0.882
380	0.183	0.868	0.178	0.881
390	0.183	0.866	0.179	0.877
eigenvalues:  tensor([14.9184, 14.3939])
400	0.179	0.867	0.175	0.877
410	0.189	0.854	0.185	0.863
420	0.190	0.857	0.185	0.868
430	0.176	0.874	0.171	0.885
440	0.172	0.876	0.168	0.887
450	0.180	0.877	0.175	0.889
460	0.179	0.880	0.174	0.890
470	0.172	0.879	0.167	0.886
480	0.169	0.880	0.164	0.887
490	0.173	0.877	0.167	0.887
eigenvalues:  tensor([14.4771, 14.1923])
500	0.168	0.879	0.163	0.891
510	0.178	0.864	0.173	0.876
520	0.165	0.877	0.160	0.888
530	0.173	0.870	0.168	0.879
540	0.168	0.877	0.164	0.890
550	0.162	0.878	0.158	0.887
560	0.161	0.874	0.157	0.882
570	0.159	0.876	0.155	0.881
580	0.153	0.885	0.149	0.893
590	0.161	0.883	0.156	0.891
eigenvalues:  tensor([14.1198, 13.9737])
600	0.153	0.888	0.148	0.897
610	0.155	0.884	0.150	0.893
620	0.152	0.886	0.147	0.895
630	0.157	0.888	0.151	0.897
640	0.154	0.893	0.149	0.901
650	0.153	0.888	0.149	0.899
660	0.158	0.880	0.153	0.890
670	0.141	0.894	0.137	0.904
680	0.138	0.896	0.133	0.904
690	0.142	0.896	0.137	0.902
eigenvalues:  tensor([14.3637, 13.6808])
700	0.156	0.888	0.152	0.896
710	0.149	0.889	0.144	0.896
720	0.136	0.899	0.131	0.910
730	0.135	0.898	0.131	0.908
740	0.139	0.893	0.135	0.902
750	0.140	0.892	0.136	0.900
760	0.133	0.899	0.129	0.905
770	0.134	0.901	0.130	0.909
780	0.141	0.897	0.137	0.905
790	0.137	0.896	0.133	0.905
eigenvalues:  tensor([13.9055, 13.6180])
800	0.134	0.894	0.130	0.902
810	0.130	0.900	0.127	0.908
820	0.129	0.903	0.125	0.910
830	0.128	0.902	0.124	0.909
840	0.129	0.901	0.125	0.907
850	0.131	0.898	0.127	0.908
860	0.135	0.895	0.131	0.904
870	0.124	0.909	0.120	0.914
880	0.125	0.909	0.121	0.915
890	0.125	0.910	0.121	0.914
eigenvalues:  tensor([13.7690, 13.4585])
900	0.129	0.906	0.125	0.910
910	0.123	0.908	0.120	0.912
920	0.119	0.909	0.115	0.914
930	0.122	0.906	0.118	0.911
940	0.129	0.904	0.125	0.907
950	0.118	0.912	0.114	0.917
960	0.118	0.913	0.114	0.917
970	0.123	0.912	0.119	0.914
980	0.117	0.913	0.113	0.918
990	0.115	0.913	0.111	0.919
eigenvalues:  tensor([14.2477, 13.8533])
1000	0.116	0.912	0.112	0.917
1010	0.128	0.903	0.124	0.907
1020	0.118	0.912	0.114	0.914
1030	0.114	0.914	0.110	0.919
1040	0.121	0.911	0.117	0.917
1050	0.118	0.913	0.114	0.920
1060	0.113	0.914	0.108	0.921
1070	0.114	0.913	0.110	0.920
1080	0.114	0.914	0.109	0.921
1090	0.113	0.916	0.109	0.922
eigenvalues:  tensor([14.1456, 13.5790])
1100	0.121	0.915	0.117	0.918
1110	0.116	0.913	0.112	0.916
1120	0.120	0.904	0.117	0.908
1130	0.110	0.913	0.107	0.918
1140	0.108	0.916	0.104	0.922
1150	0.107	0.916	0.103	0.922
1160	0.107	0.916	0.104	0.922
1170	0.109	0.915	0.105	0.920
1180	0.114	0.914	0.110	0.919
1190	0.113	0.914	0.109	0.919
eigenvalues:  tensor([14.2435, 13.6812])
1200	0.109	0.916	0.105	0.922
1210	0.108	0.916	0.105	0.921
1220	0.121	0.905	0.118	0.911
1230	0.112	0.914	0.109	0.919
1240	0.110	0.918	0.107	0.922
1250	0.107	0.920	0.104	0.925
1260	0.105	0.921	0.101	0.926
1270	0.105	0.920	0.102	0.925
1280	0.106	0.919	0.103	0.924
1290	0.106	0.918	0.103	0.924
eigenvalues:  tensor([13.7931, 13.7363])
1300	0.104	0.919	0.101	0.925
1310	0.103	0.919	0.099	0.924
1320	0.103	0.919	0.100	0.924
1330	0.111	0.914	0.108	0.918
1340	0.112	0.915	0.109	0.922
1350	0.105	0.922	0.102	0.928
1360	0.106	0.922	0.103	0.926
1370	0.104	0.924	0.101	0.925
1380	0.108	0.921	0.105	0.925
1390	0.111	0.920	0.108	0.923
eigenvalues:  tensor([13.5890, 13.3450])
1400	0.103	0.922	0.099	0.928
1410	0.102	0.923	0.099	0.929
1420	0.103	0.922	0.100	0.928
1430	0.102	0.922	0.099	0.927
1440	0.102	0.922	0.099	0.926
1450	0.105	0.920	0.102	0.924
1460	0.106	0.918	0.103	0.924
1470	0.102	0.922	0.099	0.928
1480	0.101	0.923	0.098	0.928
1490	0.101	0.924	0.098	0.930
eigenvalues:  tensor([13.8510, 13.5191])
1500	0.102	0.925	0.099	0.930
1510	0.104	0.926	0.101	0.929
1520	0.103	0.925	0.100	0.928
1530	0.100	0.925	0.097	0.930
1540	0.099	0.925	0.095	0.931
1550	0.098	0.925	0.095	0.932
1560	0.097	0.925	0.094	0.931
1570	0.098	0.924	0.095	0.930
1580	0.107	0.920	0.104	0.923
1590	0.104	0.922	0.100	0.925
eigenvalues:  tensor([13.9548, 13.6686])
1600	0.099	0.925	0.096	0.929
1610	0.102	0.923	0.099	0.929
1620	0.100	0.923	0.097	0.930
1630	0.097	0.924	0.094	0.931
1640	0.098	0.923	0.095	0.928
1650	0.100	0.922	0.097	0.927
1660	0.098	0.923	0.095	0.928
1670	0.096	0.925	0.093	0.930
1680	0.096	0.924	0.093	0.929
1690	0.100	0.922	0.097	0.925
eigenvalues:  tensor([13.8493, 13.6778])
1700	0.104	0.919	0.101	0.922
1710	0.097	0.924	0.095	0.928
1720	0.095	0.927	0.092	0.931
1730	0.094	0.927	0.092	0.931
1740	0.095	0.926	0.092	0.932
1750	0.098	0.925	0.095	0.928
1760	0.104	0.924	0.101	0.927
1770	0.100	0.929	0.097	0.932
1780	0.101	0.928	0.099	0.930
1790	0.095	0.929	0.093	0.933
eigenvalues:  tensor([13.6651, 13.4019])
1800	0.093	0.928	0.091	0.934
1810	0.094	0.928	0.092	0.932
1820	0.096	0.927	0.093	0.932
1830	0.094	0.927	0.092	0.933
1840	0.093	0.926	0.091	0.932
1850	0.095	0.924	0.093	0.930
1860	0.098	0.924	0.095	0.928
1870	0.094	0.928	0.091	0.931
1880	0.092	0.930	0.090	0.934
1890	0.092	0.932	0.090	0.935
eigenvalues:  tensor([13.9841, 13.6667])
1900	0.094	0.932	0.091	0.936
1910	0.097	0.931	0.095	0.936
1920	0.099	0.930	0.097	0.934
1930	0.094	0.929	0.092	0.934
1940	0.092	0.929	0.089	0.934
1950	0.091	0.929	0.089	0.934
1960	0.093	0.929	0.090	0.933
1970	0.094	0.929	0.092	0.932
1980	0.093	0.930	0.090	0.934
1990	0.092	0.930	0.089	0.935
eigenvalues:  tensor([13.9212, 13.7079])
2000	0.094	0.926	0.092	0.930
2010	0.096	0.924	0.094	0.928
2020	0.092	0.927	0.090	0.932
2030	0.092	0.931	0.090	0.932
2040	0.095	0.931	0.093	0.933
2050	0.094	0.933	0.092	0.936
2060	0.091	0.934	0.089	0.937
2070	0.090	0.933	0.088	0.937
2080	0.091	0.932	0.088	0.936
2090	0.090	0.931	0.088	0.936
eigenvalues:  tensor([13.8104, 13.6224])
2100	0.091	0.931	0.089	0.936
2110	0.092	0.931	0.090	0.937
2120	0.092	0.933	0.090	0.937
2130	0.091	0.933	0.089	0.937
2140	0.091	0.933	0.089	0.937
2150	0.091	0.933	0.088	0.936
2160	0.090	0.932	0.088	0.936
2170	0.090	0.931	0.088	0.935
2180	0.092	0.930	0.090	0.935
2190	0.092	0.930	0.089	0.935
eigenvalues:  tensor([14.0823, 13.5731])
2200	0.091	0.930	0.089	0.934
2210	0.094	0.927	0.092	0.930
2220	0.093	0.927	0.091	0.930
2230	0.089	0.931	0.087	0.934
2240	0.088	0.933	0.085	0.936
2250	0.088	0.934	0.086	0.936
2260	0.090	0.934	0.088	0.936
2270	0.089	0.935	0.087	0.937
2280	0.087	0.935	0.084	0.939
2290	0.086	0.935	0.084	0.938
eigenvalues:  tensor([13.9677, 13.7996])
2300	0.087	0.935	0.085	0.937
2310	0.093	0.933	0.091	0.935
2320	0.090	0.935	0.088	0.937
2330	0.088	0.937	0.086	0.940
2340	0.096	0.935	0.094	0.939
2350	0.088	0.937	0.086	0.940
2360	0.085	0.936	0.083	0.940
2370	0.085	0.935	0.083	0.938
2380	0.088	0.932	0.087	0.934
2390	0.091	0.929	0.089	0.933
eigenvalues:  tensor([13.8129, 13.4783])
2400	0.087	0.934	0.085	0.936
2410	0.086	0.936	0.084	0.938
2420	0.088	0.936	0.086	0.938
2430	0.088	0.936	0.086	0.938
2440	0.086	0.937	0.083	0.940
2450	0.085	0.938	0.083	0.939
2460	0.086	0.938	0.084	0.939
2470	0.091	0.936	0.089	0.938
2480	0.090	0.937	0.088	0.939
2490	0.088	0.937	0.087	0.938
eigenvalues:  tensor([13.6957, 13.5595])
2500	0.087	0.938	0.085	0.940
2510	0.085	0.939	0.083	0.941
2520	0.084	0.939	0.082	0.943
2530	0.085	0.939	0.084	0.944
2540	0.087	0.939	0.085	0.944
2550	0.086	0.939	0.084	0.944
2560	0.087	0.939	0.085	0.942
2570	0.089	0.938	0.087	0.941
2580	0.085	0.939	0.083	0.942
2590	0.083	0.939	0.081	0.942
eigenvalues:  tensor([13.9910, 13.7456])
2600	0.084	0.940	0.083	0.942
2610	0.089	0.939	0.087	0.941
2620	0.087	0.939	0.085	0.942
2630	0.084	0.939	0.082	0.941
2640	0.087	0.938	0.085	0.940
2650	0.089	0.937	0.087	0.939
2660	0.084	0.939	0.082	0.940
2670	0.084	0.938	0.082	0.941
2680	0.085	0.937	0.083	0.939
2690	0.084	0.937	0.082	0.940
eigenvalues:  tensor([13.7012, 13.6118])
2700	0.082	0.938	0.081	0.940
2710	0.082	0.938	0.081	0.941
2720	0.083	0.938	0.081	0.940
2730	0.083	0.937	0.082	0.939
2740	0.084	0.938	0.082	0.939
2750	0.085	0.939	0.083	0.942
2760	0.084	0.939	0.082	0.943
2770	0.082	0.940	0.081	0.943
2780	0.087	0.937	0.085	0.940
2790	0.095	0.933	0.094	0.936
eigenvalues:  tensor([13.7308, 13.5018])
2800	0.082	0.938	0.081	0.942
2810	0.083	0.939	0.081	0.940
2820	0.083	0.939	0.082	0.940
2830	0.082	0.941	0.080	0.942
2840	0.080	0.941	0.079	0.943
2850	0.080	0.941	0.078	0.943
2860	0.080	0.941	0.078	0.943
2870	0.080	0.940	0.079	0.943
2880	0.081	0.939	0.080	0.941
2890	0.084	0.937	0.083	0.939
eigenvalues:  tensor([13.9774, 13.7683])
2900	0.085	0.937	0.084	0.939
2910	0.083	0.939	0.082	0.942
2920	0.082	0.940	0.081	0.943
2930	0.081	0.942	0.080	0.945
2940	0.081	0.943	0.080	0.945
2950	0.088	0.942	0.087	0.943
2960	0.086	0.942	0.085	0.943
2970	0.083	0.942	0.082	0.942
2980	0.085	0.941	0.084	0.940
2990	0.082	0.942	0.081	0.942
eigenvalues:  tensor([13.6710, 13.4115])
3000	0.081	0.942	0.080	0.942
3010	0.082	0.942	0.080	0.943
3020	0.080	0.942	0.079	0.944
3030	0.079	0.943	0.077	0.945
3040	0.078	0.944	0.077	0.946
3050	0.078	0.944	0.077	0.946
3060	0.079	0.945	0.078	0.946
3070	0.080	0.945	0.079	0.946
3080	0.080	0.946	0.079	0.946
3090	0.079	0.945	0.078	0.947
eigenvalues:  tensor([13.9148, 13.7933])
3100	0.082	0.944	0.081	0.945
3110	0.085	0.942	0.084	0.943
3120	0.080	0.944	0.079	0.945
3130	0.078	0.944	0.077	0.944
3140	0.081	0.943	0.080	0.942
3150	0.084	0.942	0.082	0.941
3160	0.079	0.944	0.078	0.943
3170	0.079	0.944	0.077	0.945
3180	0.080	0.943	0.079	0.945
3190	0.082	0.944	0.081	0.945
eigenvalues:  tensor([14.0531, 13.7984])
3200	0.080	0.946	0.079	0.947
3210	0.078	0.947	0.077	0.948
3220	0.079	0.947	0.078	0.947
3230	0.081	0.946	0.080	0.947
3240	0.082	0.944	0.081	0.945
3250	0.083	0.943	0.082	0.944
3260	0.082	0.943	0.081	0.946
3270	0.078	0.945	0.077	0.948
3280	0.078	0.946	0.077	0.948
3290	0.080	0.945	0.079	0.947
eigenvalues:  tensor([13.8224, 13.4793])
3300	0.079	0.945	0.078	0.946
3310	0.078	0.944	0.077	0.945
3320	0.080	0.944	0.079	0.943
3330	0.081	0.943	0.080	0.941
3340	0.077	0.945	0.076	0.944
3350	0.075	0.945	0.074	0.947
3360	0.076	0.945	0.075	0.947
3370	0.078	0.943	0.077	0.946
3380	0.080	0.941	0.079	0.944
3390	0.079	0.942	0.078	0.945
eigenvalues:  tensor([13.8181, 13.6399])
3400	0.079	0.943	0.079	0.946
3410	0.079	0.944	0.079	0.946
3420	0.076	0.946	0.075	0.948
3430	0.075	0.947	0.074	0.947
3440	0.074	0.947	0.073	0.948
3450	0.074	0.947	0.073	0.948
3460	0.075	0.947	0.074	0.948
3470	0.077	0.946	0.076	0.947
3480	0.085	0.943	0.084	0.945
3490	0.082	0.946	0.081	0.948
eigenvalues:  tensor([14.1714, 13.6684])
3500	0.084	0.946	0.083	0.947
3510	0.075	0.947	0.074	0.949
3520	0.074	0.947	0.073	0.950
3530	0.075	0.946	0.074	0.948
3540	0.081	0.942	0.081	0.943
3550	0.078	0.945	0.077	0.946
3560	0.076	0.947	0.075	0.950
3570	0.079	0.949	0.078	0.949
3580	0.078	0.949	0.077	0.951
3590	0.075	0.950	0.075	0.950
eigenvalues:  tensor([13.7985, 13.6711])
3600	0.075	0.949	0.075	0.950
3610	0.075	0.949	0.074	0.950
3620	0.075	0.948	0.075	0.950
3630	0.077	0.947	0.076	0.948
3640	0.077	0.947	0.076	0.947
3650	0.076	0.946	0.076	0.945
3660	0.079	0.945	0.078	0.944
3670	0.076	0.947	0.075	0.947
3680	0.074	0.947	0.073	0.948
3690	0.077	0.947	0.076	0.947
eigenvalues:  tensor([14.1724, 13.8634])
3700	0.078	0.947	0.078	0.947
3710	0.077	0.947	0.076	0.948
3720	0.079	0.946	0.079	0.947
3730	0.078	0.945	0.077	0.947
3740	0.076	0.945	0.075	0.947
3750	0.074	0.946	0.074	0.948
3760	0.074	0.947	0.073	0.948
3770	0.074	0.947	0.073	0.949
3780	0.074	0.948	0.074	0.948
3790	0.074	0.948	0.074	0.948
eigenvalues:  tensor([13.8898, 13.5839])
3800	0.074	0.949	0.073	0.948
3810	0.073	0.949	0.073	0.948
3820	0.073	0.949	0.073	0.949
3830	0.076	0.948	0.075	0.947
3840	0.080	0.945	0.080	0.943
3850	0.076	0.947	0.075	0.945
3860	0.074	0.949	0.073	0.949
3870	0.074	0.949	0.073	0.950
3880	0.074	0.949	0.074	0.950
3890	0.074	0.949	0.073	0.951
eigenvalues:  tensor([14.3587, 13.5921])
3900	0.074	0.949	0.074	0.949
3910	0.074	0.949	0.074	0.950
3920	0.077	0.949	0.077	0.948
3930	0.080	0.948	0.079	0.950
3940	0.073	0.951	0.073	0.951
3950	0.072	0.951	0.072	0.951
3960	0.074	0.950	0.074	0.951
3970	0.075	0.950	0.075	0.951
3980	0.073	0.950	0.072	0.950
3990	0.072	0.951	0.071	0.951
eigenvalues:  tensor([13.8876, 13.6144])
4000	0.073	0.951	0.073	0.951
4010	0.075	0.951	0.074	0.952
4020	0.072	0.952	0.072	0.952
4030	0.071	0.952	0.071	0.953
4040	0.073	0.951	0.072	0.950
4050	0.076	0.950	0.076	0.950
4060	0.073	0.950	0.073	0.949
4070	0.070	0.951	0.070	0.950
4080	0.071	0.950	0.070	0.950
4090	0.074	0.949	0.073	0.950
eigenvalues:  tensor([14.0330, 13.8044])
4100	0.075	0.949	0.075	0.951
4110	0.072	0.951	0.072	0.952
4120	0.073	0.952	0.072	0.953
4130	0.077	0.951	0.077	0.952
4140	0.074	0.952	0.073	0.952
4150	0.071	0.952	0.071	0.952
4160	0.071	0.952	0.071	0.951
4170	0.072	0.952	0.071	0.951
4180	0.071	0.952	0.071	0.952
4190	0.070	0.952	0.070	0.952
eigenvalues:  tensor([14.1918, 14.0888])
4200	0.071	0.952	0.070	0.953
4210	0.073	0.952	0.072	0.953
4220	0.075	0.951	0.075	0.952
4230	0.078	0.949	0.077	0.950
4240	0.075	0.950	0.075	0.950
4250	0.082	0.947	0.082	0.945
4260	0.073	0.950	0.072	0.950
4270	0.069	0.952	0.069	0.951
4280	0.070	0.952	0.070	0.951
4290	0.073	0.952	0.073	0.950
eigenvalues:  tensor([14.0037, 13.5841])
4300	0.073	0.952	0.073	0.950
4310	0.070	0.953	0.070	0.953
4320	0.070	0.953	0.070	0.954
4330	0.072	0.953	0.072	0.954
4340	0.077	0.952	0.077	0.953
4350	0.075	0.952	0.075	0.953
4360	0.070	0.953	0.070	0.953
4370	0.068	0.953	0.068	0.953
4380	0.068	0.953	0.068	0.953
4390	0.068	0.953	0.068	0.952
eigenvalues:  tensor([13.9192, 13.6032])
4400	0.069	0.953	0.069	0.954
4410	0.070	0.952	0.070	0.953
4420	0.071	0.952	0.071	0.953
4430	0.071	0.952	0.071	0.952
4440	0.071	0.952	0.071	0.952
4450	0.072	0.951	0.072	0.953
4460	0.071	0.952	0.071	0.953
4470	0.071	0.951	0.071	0.952
4480	0.072	0.950	0.072	0.950
4490	0.071	0.951	0.071	0.950
eigenvalues:  tensor([13.9024, 13.6875])
4500	0.070	0.951	0.070	0.950
4510	0.069	0.951	0.069	0.950
4520	0.070	0.951	0.070	0.950
4530	0.070	0.951	0.071	0.951
4540	0.071	0.951	0.072	0.951
4550	0.072	0.952	0.072	0.952
4560	0.073	0.953	0.073	0.952
4570	0.071	0.954	0.071	0.953
4580	0.069	0.954	0.069	0.954
4590	0.068	0.954	0.068	0.952
eigenvalues:  tensor([14.0799, 13.8902])
4600	0.069	0.953	0.070	0.952
4610	0.072	0.952	0.072	0.951
4620	0.071	0.952	0.071	0.953
4630	0.072	0.953	0.072	0.953
4640	0.072	0.953	0.072	0.953
4650	0.069	0.954	0.070	0.954
4660	0.072	0.952	0.073	0.952
4670	0.074	0.950	0.074	0.949
4680	0.068	0.953	0.068	0.953
4690	0.067	0.954	0.067	0.954
eigenvalues:  tensor([13.9607, 13.4488])
4700	0.069	0.954	0.069	0.954
4710	0.073	0.954	0.073	0.954
4720	0.072	0.955	0.072	0.954
4730	0.068	0.955	0.068	0.955
4740	0.066	0.955	0.066	0.956
4750	0.066	0.955	0.066	0.955
4760	0.067	0.955	0.067	0.955
4770	0.068	0.954	0.068	0.954
4780	0.067	0.955	0.067	0.954
4790	0.066	0.955	0.066	0.954
eigenvalues:  tensor([13.9430, 13.7996])
4800	0.067	0.954	0.067	0.953
4810	0.071	0.953	0.071	0.951
4820	0.070	0.953	0.070	0.951
4830	0.067	0.954	0.067	0.954
4840	0.069	0.954	0.070	0.953
4850	0.074	0.953	0.074	0.950
4860	0.069	0.955	0.069	0.953
4870	0.066	0.955	0.066	0.955
4880	0.067	0.955	0.067	0.955
4890	0.071	0.955	0.071	0.953
eigenvalues:  tensor([13.9417, 13.7684])
4900	0.071	0.955	0.071	0.954
4910	0.069	0.955	0.070	0.955
4920	0.071	0.955	0.071	0.955
4930	0.069	0.955	0.069	0.955
4940	0.068	0.956	0.068	0.955
4950	0.070	0.956	0.070	0.955
4960	0.069	0.956	0.069	0.956
4970	0.067	0.956	0.068	0.956
4980	0.067	0.957	0.067	0.956
4990	0.068	0.957	0.068	0.956
