/egr/research-slim/ghoshavr/edge-of-stability/src/cifar.py:79: UserWarning: To copy construct from a tensor, it is recommended to use sourceTensor.clone().detach() or sourceTensor.clone().detach().requires_grad_(True), rather than torch.tensor(sourceTensor).
  y_train = torch.tensor(mnist_train.targets)
/egr/research-slim/ghoshavr/edge-of-stability/src/cifar.py:80: UserWarning: To copy construct from a tensor, it is recommended to use sourceTensor.clone().detach() or sourceTensor.clone().detach().requires_grad_(True), rather than torch.tensor(sourceTensor).
  y_test = torch.tensor(mnist_test.targets)
device: cuda:7
output directory: RESULTS/mnist-whole/fc-hardtanh/seed_0/mse/gd//lr_0.2
eigenvalues:  tensor([10.6110,  9.9855])
0	0.506	0.097	0.506	0.100
10	0.303	0.722	0.300	0.735
20	0.268	0.770	0.264	0.780
30	0.247	0.790	0.242	0.805
40	0.269	0.763	0.263	0.779
50	0.232	0.827	0.228	0.838
60	0.232	0.806	0.227	0.817
70	0.223	0.823	0.218	0.835
80	0.221	0.833	0.216	0.845
90	0.223	0.839	0.219	0.852
eigenvalues:  tensor([11.2524, 10.8907])
100	0.216	0.846	0.211	0.860
110	0.223	0.836	0.217	0.849
120	0.227	0.821	0.222	0.833
130	0.218	0.831	0.213	0.842
140	0.212	0.842	0.207	0.856
150	0.211	0.845	0.206	0.859
160	0.220	0.845	0.216	0.857
170	0.212	0.852	0.208	0.865
180	0.212	0.850	0.207	0.861
190	0.213	0.844	0.207	0.857
eigenvalues:  tensor([10.9227, 10.5729])
200	0.215	0.835	0.211	0.844
210	0.210	0.842	0.206	0.854
220	0.213	0.844	0.209	0.856
230	0.209	0.851	0.205	0.863
240	0.208	0.848	0.203	0.861
250	0.208	0.844	0.203	0.857
260	0.207	0.845	0.202	0.857
270	0.207	0.846	0.203	0.858
280	0.215	0.836	0.210	0.847
290	0.207	0.851	0.202	0.862
eigenvalues:  tensor([11.0535, 10.6309])
300	0.212	0.854	0.206	0.863
310	0.210	0.849	0.204	0.862
320	0.205	0.848	0.200	0.860
330	0.208	0.845	0.204	0.854
340	0.207	0.853	0.203	0.863
350	0.205	0.858	0.201	0.869
360	0.213	0.846	0.209	0.861
370	0.204	0.850	0.200	0.862
380	0.206	0.846	0.202	0.857
390	0.206	0.849	0.202	0.859
eigenvalues:  tensor([10.7571, 10.6109])
400	0.202	0.853	0.198	0.863
410	0.204	0.848	0.200	0.858
420	0.208	0.843	0.204	0.852
430	0.207	0.849	0.203	0.861
440	0.206	0.853	0.202	0.864
450	0.203	0.854	0.199	0.864
460	0.202	0.853	0.198	0.866
470	0.205	0.846	0.202	0.860
480	0.205	0.846	0.202	0.857
490	0.204	0.845	0.200	0.854
eigenvalues:  tensor([10.6144, 10.4523])
500	0.206	0.845	0.202	0.852
510	0.201	0.855	0.197	0.865
520	0.202	0.857	0.198	0.865
530	0.205	0.856	0.202	0.865
540	0.203	0.851	0.199	0.861
550	0.205	0.846	0.201	0.859
560	0.204	0.850	0.201	0.861
570	0.206	0.848	0.202	0.860
580	0.203	0.850	0.199	0.861
590	0.201	0.852	0.196	0.863
eigenvalues:  tensor([11.0647, 10.4369])
600	0.208	0.838	0.203	0.848
610	0.204	0.847	0.201	0.857
620	0.203	0.849	0.200	0.859
630	0.202	0.848	0.198	0.860
640	0.204	0.846	0.200	0.859
650	0.200	0.851	0.196	0.862
660	0.201	0.850	0.197	0.861
670	0.204	0.848	0.199	0.857
680	0.201	0.852	0.197	0.861
690	0.201	0.854	0.197	0.864
eigenvalues:  tensor([10.9154, 10.5307])
700	0.200	0.856	0.196	0.867
710	0.202	0.857	0.198	0.867
720	0.205	0.855	0.200	0.865
730	0.202	0.857	0.198	0.866
740	0.205	0.853	0.202	0.866
750	0.205	0.845	0.201	0.858
760	0.201	0.856	0.197	0.865
770	0.199	0.861	0.196	0.871
780	0.198	0.859	0.195	0.869
790	0.198	0.858	0.194	0.868
eigenvalues:  tensor([10.9598, 10.7385])
800	0.200	0.853	0.197	0.863
810	0.198	0.855	0.194	0.867
820	0.197	0.858	0.193	0.868
830	0.206	0.858	0.202	0.868
840	0.196	0.858	0.192	0.865
850	0.195	0.857	0.191	0.864
860	0.194	0.859	0.191	0.867
870	0.194	0.861	0.190	0.870
880	0.207	0.853	0.205	0.863
890	0.193	0.858	0.189	0.868
eigenvalues:  tensor([10.6741, 10.4967])
900	0.192	0.858	0.188	0.865
910	0.193	0.855	0.191	0.862
920	0.195	0.853	0.192	0.860
930	0.193	0.856	0.190	0.864
940	0.193	0.857	0.190	0.864
950	0.194	0.859	0.192	0.867
960	0.196	0.858	0.193	0.868
970	0.192	0.861	0.189	0.868
980	0.191	0.861	0.187	0.868
990	0.192	0.860	0.189	0.866
eigenvalues:  tensor([10.7405, 10.4431])
1000	0.194	0.861	0.192	0.866
1010	0.191	0.865	0.188	0.872
1020	0.192	0.865	0.189	0.873
1030	0.194	0.865	0.190	0.872
1040	0.191	0.865	0.188	0.872
1050	0.197	0.862	0.193	0.868
1060	0.190	0.864	0.187	0.872
1070	0.192	0.863	0.189	0.873
1080	0.190	0.865	0.187	0.874
1090	0.189	0.866	0.186	0.873
eigenvalues:  tensor([10.6408, 10.3987])
1100	0.189	0.865	0.186	0.875
1110	0.190	0.865	0.187	0.874
1120	0.190	0.866	0.187	0.873
1130	0.191	0.865	0.187	0.872
1140	0.190	0.864	0.188	0.869
1150	0.191	0.861	0.189	0.868
1160	0.198	0.858	0.196	0.867
1170	0.189	0.867	0.186	0.874
1180	0.189	0.867	0.185	0.876
1190	0.189	0.868	0.186	0.876
eigenvalues:  tensor([10.5890, 10.2007])
1200	0.190	0.867	0.187	0.875
1210	0.189	0.866	0.186	0.874
1220	0.188	0.866	0.185	0.872
1230	0.190	0.864	0.188	0.871
1240	0.191	0.862	0.188	0.871
1250	0.188	0.865	0.186	0.873
1260	0.190	0.863	0.188	0.872
1270	0.189	0.864	0.186	0.871
1280	0.187	0.866	0.185	0.874
1290	0.188	0.865	0.185	0.873
eigenvalues:  tensor([10.7714, 10.4357])
1300	0.191	0.858	0.189	0.866
1310	0.189	0.860	0.187	0.866
1320	0.191	0.860	0.189	0.866
1330	0.189	0.865	0.186	0.871
1340	0.187	0.867	0.184	0.874
1350	0.187	0.867	0.184	0.874
1360	0.190	0.864	0.187	0.871
1370	0.190	0.862	0.188	0.867
1380	0.188	0.865	0.185	0.870
1390	0.188	0.866	0.185	0.871
eigenvalues:  tensor([10.5978, 10.4383])
1400	0.188	0.864	0.186	0.873
1410	0.189	0.861	0.187	0.870
1420	0.189	0.860	0.186	0.867
1430	0.190	0.858	0.188	0.864
1440	0.189	0.862	0.187	0.869
1450	0.189	0.864	0.187	0.873
1460	0.188	0.864	0.186	0.874
1470	0.188	0.864	0.186	0.872
1480	0.189	0.865	0.187	0.872
1490	0.186	0.868	0.184	0.874
eigenvalues:  tensor([10.5882, 10.4067])
1500	0.186	0.868	0.184	0.875
1510	0.188	0.865	0.185	0.873
1520	0.189	0.865	0.186	0.872
1530	0.187	0.868	0.184	0.876
1540	0.191	0.870	0.188	0.877
1550	0.187	0.870	0.184	0.877
1560	0.186	0.869	0.183	0.877
1570	0.186	0.868	0.184	0.875
1580	0.189	0.864	0.186	0.870
1590	0.188	0.865	0.185	0.870
eigenvalues:  tensor([10.3111, 10.2097])
1600	0.188	0.866	0.185	0.871
1610	0.188	0.867	0.186	0.873
1620	0.186	0.870	0.184	0.877
1630	0.186	0.869	0.184	0.877
1640	0.187	0.868	0.185	0.876
1650	0.187	0.867	0.184	0.875
1660	0.187	0.867	0.184	0.875
1670	0.189	0.868	0.186	0.875
1680	0.188	0.870	0.186	0.873
1690	0.188	0.868	0.186	0.875
eigenvalues:  tensor([10.6952, 10.2633])
1700	0.187	0.867	0.184	0.873
1710	0.186	0.867	0.183	0.873
1720	0.187	0.865	0.185	0.870
1730	0.190	0.863	0.188	0.869
1740	0.186	0.869	0.183	0.876
1750	0.186	0.869	0.184	0.877
1760	0.187	0.868	0.184	0.876
1770	0.186	0.868	0.184	0.875
1780	0.186	0.865	0.184	0.873
1790	0.188	0.860	0.186	0.866
eigenvalues:  tensor([10.4934, 10.3950])
1800	0.188	0.861	0.186	0.868
1810	0.188	0.865	0.186	0.873
1820	0.186	0.866	0.184	0.875
1830	0.186	0.866	0.184	0.875
1840	0.188	0.866	0.186	0.874
1850	0.187	0.868	0.184	0.875
1860	0.186	0.869	0.184	0.874
1870	0.187	0.868	0.185	0.873
1880	0.187	0.869	0.185	0.872
1890	0.186	0.870	0.184	0.874
eigenvalues:  tensor([10.4647, 10.2644])
1900	0.186	0.870	0.184	0.877
1910	0.187	0.871	0.184	0.878
1920	0.187	0.870	0.185	0.875
1930	0.186	0.868	0.184	0.873
1940	0.186	0.867	0.183	0.872
1950	0.186	0.865	0.184	0.869
1960	0.187	0.864	0.185	0.870
1970	0.186	0.867	0.183	0.875
1980	0.187	0.866	0.184	0.873
1990	0.187	0.865	0.185	0.871
eigenvalues:  tensor([10.4602, 10.2724])
2000	0.185	0.866	0.183	0.872
2010	0.185	0.866	0.183	0.872
2020	0.185	0.864	0.183	0.871
2030	0.187	0.861	0.186	0.869
2040	0.187	0.863	0.185	0.871
2050	0.185	0.866	0.183	0.873
2060	0.186	0.866	0.184	0.874
2070	0.186	0.865	0.184	0.872
2080	0.186	0.866	0.183	0.871
2090	0.186	0.866	0.183	0.871
eigenvalues:  tensor([10.5153, 10.3207])
2100	0.187	0.865	0.184	0.868
2110	0.188	0.865	0.186	0.869
2120	0.186	0.868	0.184	0.874
2130	0.186	0.869	0.183	0.876
2140	0.186	0.870	0.184	0.877
2150	0.186	0.871	0.184	0.877
2160	0.186	0.870	0.184	0.874
2170	0.186	0.868	0.183	0.874
2180	0.185	0.867	0.183	0.874
2190	0.186	0.867	0.184	0.873
eigenvalues:  tensor([10.5177, 10.2880])
2200	0.186	0.868	0.184	0.875
2210	0.185	0.869	0.182	0.877
2220	0.184	0.871	0.182	0.877
2230	0.185	0.871	0.182	0.878
2240	0.186	0.871	0.184	0.879
2250	0.188	0.867	0.186	0.875
2260	0.187	0.863	0.186	0.870
2270	0.186	0.864	0.184	0.870
2280	0.185	0.867	0.183	0.875
2290	0.186	0.866	0.184	0.874
eigenvalues:  tensor([10.5123, 10.2520])
2300	0.187	0.865	0.185	0.874
2310	0.186	0.866	0.184	0.874
2320	0.185	0.867	0.183	0.873
2330	0.185	0.868	0.182	0.874
2340	0.185	0.869	0.182	0.875
2350	0.185	0.868	0.183	0.873
2360	0.185	0.867	0.183	0.873
2370	0.186	0.868	0.183	0.873
2380	0.185	0.870	0.183	0.876
2390	0.185	0.873	0.183	0.882
eigenvalues:  tensor([10.4947, 10.3379])
2400	0.186	0.873	0.184	0.880
2410	0.184	0.870	0.182	0.878
2420	0.183	0.869	0.181	0.877
2430	0.183	0.869	0.181	0.875
2440	0.184	0.869	0.182	0.873
2450	0.185	0.869	0.182	0.874
2460	0.184	0.870	0.181	0.877
2470	0.184	0.870	0.182	0.878
2480	0.186	0.868	0.184	0.873
2490	0.184	0.869	0.182	0.875
eigenvalues:  tensor([10.7767, 10.5099])
2500	0.184	0.870	0.181	0.876
2510	0.183	0.870	0.181	0.877
2520	0.183	0.868	0.181	0.875
2530	0.184	0.867	0.182	0.875
2540	0.186	0.865	0.185	0.874
2550	0.185	0.871	0.182	0.878
2560	0.184	0.874	0.181	0.882
2570	0.182	0.873	0.179	0.880
2580	0.184	0.868	0.182	0.873
2590	0.181	0.871	0.179	0.877
eigenvalues:  tensor([10.2796, 10.1567])
2600	0.180	0.873	0.177	0.879
2610	0.180	0.873	0.177	0.880
2620	0.180	0.873	0.178	0.880
2630	0.182	0.872	0.179	0.878
2640	0.180	0.873	0.178	0.878
2650	0.180	0.874	0.178	0.877
2660	0.180	0.874	0.177	0.877
2670	0.178	0.875	0.176	0.879
2680	0.178	0.875	0.175	0.879
2690	0.178	0.874	0.176	0.879
eigenvalues:  tensor([10.5551, 10.4857])
2700	0.179	0.873	0.177	0.877
2710	0.180	0.872	0.178	0.875
2720	0.177	0.875	0.175	0.878
2730	0.176	0.876	0.174	0.880
2740	0.177	0.875	0.174	0.879
2750	0.179	0.877	0.176	0.881
2760	0.177	0.879	0.174	0.883
2770	0.177	0.878	0.174	0.884
2780	0.176	0.877	0.174	0.882
2790	0.176	0.874	0.174	0.881
eigenvalues:  tensor([10.6429, 10.4611])
2800	0.175	0.875	0.173	0.880
2810	0.176	0.876	0.173	0.880
2820	0.177	0.878	0.175	0.881
2830	0.174	0.879	0.171	0.881
2840	0.173	0.879	0.171	0.882
2850	0.175	0.878	0.173	0.882
2860	0.176	0.877	0.174	0.882
2870	0.173	0.878	0.171	0.882
2880	0.173	0.878	0.171	0.882
2890	0.173	0.877	0.171	0.881
eigenvalues:  tensor([10.6831, 10.4797])
2900	0.173	0.878	0.170	0.881
2910	0.173	0.878	0.170	0.881
2920	0.175	0.875	0.173	0.876
2930	0.175	0.877	0.172	0.879
2940	0.176	0.879	0.173	0.883
2950	0.173	0.881	0.171	0.884
2960	0.172	0.881	0.170	0.884
2970	0.172	0.881	0.170	0.884
2980	0.172	0.881	0.169	0.883
2990	0.172	0.881	0.169	0.883
eigenvalues:  tensor([10.3236, 10.1649])
3000	0.172	0.880	0.169	0.882
3010	0.172	0.879	0.169	0.881
3020	0.172	0.879	0.169	0.881
3030	0.171	0.879	0.169	0.881
3040	0.171	0.879	0.169	0.880
3050	0.173	0.879	0.170	0.879
3060	0.173	0.879	0.171	0.882
3070	0.172	0.880	0.169	0.882
3080	0.171	0.880	0.169	0.882
3090	0.171	0.879	0.169	0.881
eigenvalues:  tensor([10.3391, 10.2224])
3100	0.171	0.879	0.169	0.882
3110	0.171	0.880	0.169	0.882
3120	0.171	0.881	0.169	0.884
3130	0.171	0.882	0.168	0.886
3140	0.171	0.883	0.168	0.886
3150	0.171	0.883	0.168	0.885
3160	0.170	0.883	0.168	0.885
3170	0.170	0.882	0.168	0.885
3180	0.173	0.878	0.170	0.880
3190	0.172	0.878	0.170	0.880
eigenvalues:  tensor([10.3134, 10.1906])
3200	0.171	0.880	0.169	0.878
3210	0.171	0.880	0.169	0.879
3220	0.170	0.882	0.168	0.882
3230	0.170	0.882	0.168	0.884
3240	0.171	0.882	0.169	0.884
3250	0.171	0.881	0.168	0.883
3260	0.170	0.881	0.168	0.883
3270	0.170	0.881	0.167	0.883
3280	0.170	0.881	0.167	0.882
3290	0.171	0.881	0.168	0.881
eigenvalues:  tensor([10.4136, 10.3146])
3300	0.171	0.881	0.168	0.881
3310	0.170	0.881	0.168	0.882
3320	0.171	0.880	0.169	0.881
3330	0.170	0.880	0.168	0.882
3340	0.170	0.881	0.168	0.882
3350	0.170	0.880	0.168	0.882
3360	0.171	0.880	0.169	0.882
3370	0.170	0.881	0.168	0.882
3380	0.169	0.881	0.167	0.883
3390	0.169	0.882	0.167	0.883
eigenvalues:  tensor([10.3856, 10.2437])
3400	0.169	0.882	0.167	0.883
3410	0.171	0.881	0.168	0.882
3420	0.171	0.881	0.168	0.882
3430	0.169	0.882	0.167	0.883
3440	0.169	0.882	0.167	0.883
3450	0.169	0.882	0.167	0.884
3460	0.169	0.883	0.167	0.884
3470	0.169	0.883	0.167	0.885
3480	0.169	0.883	0.167	0.885
3490	0.170	0.884	0.168	0.887
eigenvalues:  tensor([10.5413, 10.4002])
3500	0.170	0.884	0.168	0.887
3510	0.170	0.883	0.168	0.886
3520	0.170	0.882	0.168	0.886
3530	0.170	0.882	0.168	0.885
3540	0.170	0.883	0.168	0.884
3550	0.170	0.882	0.169	0.885
3560	0.170	0.881	0.169	0.885
3570	0.171	0.879	0.170	0.882
3580	0.170	0.880	0.168	0.882
3590	0.169	0.882	0.167	0.882
eigenvalues:  tensor([10.2717, 10.1242])
3600	0.168	0.882	0.166	0.884
3610	0.168	0.883	0.166	0.884
3620	0.168	0.883	0.166	0.885
3630	0.168	0.882	0.167	0.884
3640	0.169	0.882	0.167	0.884
3650	0.169	0.881	0.167	0.884
3660	0.168	0.882	0.167	0.885
3670	0.168	0.881	0.167	0.884
3680	0.169	0.880	0.167	0.881
3690	0.171	0.880	0.169	0.878
eigenvalues:  tensor([10.3580, 10.1239])
3700	0.170	0.883	0.167	0.884
3710	0.169	0.884	0.167	0.885
3720	0.169	0.884	0.167	0.886
3730	0.169	0.884	0.167	0.886
3740	0.168	0.884	0.167	0.886
3750	0.168	0.883	0.166	0.886
3760	0.168	0.883	0.166	0.885
3770	0.168	0.882	0.167	0.885
3780	0.168	0.882	0.167	0.885
3790	0.168	0.883	0.167	0.886
eigenvalues:  tensor([10.4285, 10.1825])
3800	0.169	0.883	0.167	0.887
3810	0.169	0.883	0.168	0.886
3820	0.169	0.883	0.168	0.885
3830	0.168	0.883	0.167	0.886
3840	0.168	0.883	0.166	0.885
3850	0.168	0.883	0.166	0.884
3860	0.168	0.882	0.166	0.883
3870	0.168	0.882	0.166	0.883
3880	0.168	0.882	0.166	0.883
3890	0.168	0.882	0.166	0.884
eigenvalues:  tensor([10.3197, 10.2630])
3900	0.168	0.883	0.166	0.884
3910	0.169	0.884	0.167	0.885
3920	0.169	0.884	0.167	0.885
3930	0.168	0.884	0.166	0.885
3940	0.168	0.883	0.166	0.882
3950	0.168	0.881	0.167	0.880
3960	0.169	0.881	0.167	0.879
3970	0.168	0.882	0.167	0.881
3980	0.168	0.883	0.167	0.883
3990	0.168	0.884	0.167	0.885
eigenvalues:  tensor([10.3194, 10.2289])
4000	0.168	0.885	0.166	0.887
4010	0.167	0.885	0.166	0.888
4020	0.167	0.885	0.166	0.887
4030	0.167	0.885	0.166	0.886
4040	0.169	0.883	0.167	0.886
4050	0.169	0.881	0.168	0.885
4060	0.168	0.883	0.166	0.885
4070	0.167	0.885	0.166	0.885
4080	0.168	0.885	0.166	0.886
4090	0.168	0.886	0.166	0.886
eigenvalues:  tensor([10.2718, 10.1434])
4100	0.168	0.886	0.166	0.887
4110	0.167	0.886	0.165	0.886
4120	0.167	0.885	0.165	0.886
4130	0.167	0.884	0.166	0.884
4140	0.168	0.884	0.166	0.883
4150	0.168	0.884	0.166	0.883
4160	0.168	0.885	0.166	0.885
4170	0.167	0.885	0.166	0.885
4180	0.168	0.885	0.166	0.886
4190	0.169	0.883	0.167	0.883
eigenvalues:  tensor([10.3412, 10.2588])
4200	0.168	0.882	0.167	0.881
4210	0.168	0.881	0.166	0.881
4220	0.168	0.882	0.166	0.882
4230	0.168	0.882	0.166	0.882
4240	0.168	0.883	0.166	0.883
4250	0.168	0.884	0.166	0.884
4260	0.168	0.885	0.166	0.885
4270	0.167	0.885	0.166	0.886
4280	0.168	0.884	0.166	0.883
4290	0.168	0.883	0.166	0.882
eigenvalues:  tensor([10.3038, 10.1531])
4300	0.168	0.883	0.166	0.882
4310	0.168	0.883	0.166	0.884
4320	0.168	0.885	0.166	0.886
4330	0.167	0.886	0.166	0.886
4340	0.167	0.886	0.165	0.887
4350	0.167	0.886	0.165	0.887
4360	0.167	0.886	0.165	0.887
4370	0.168	0.885	0.166	0.886
4380	0.168	0.884	0.166	0.886
4390	0.167	0.884	0.165	0.886
eigenvalues:  tensor([10.4059, 10.2659])
4400	0.167	0.884	0.165	0.886
4410	0.167	0.884	0.166	0.886
4420	0.168	0.884	0.167	0.883
4430	0.168	0.883	0.167	0.882
4440	0.167	0.883	0.166	0.883
4450	0.167	0.883	0.166	0.883
4460	0.168	0.883	0.166	0.885
4470	0.168	0.883	0.167	0.886
4480	0.168	0.885	0.166	0.888
4490	0.167	0.885	0.166	0.886
eigenvalues:  tensor([10.6909, 10.4555])
4500	0.168	0.881	0.167	0.882
4510	0.167	0.881	0.165	0.882
4520	0.166	0.883	0.164	0.884
4530	0.166	0.883	0.164	0.885
4540	0.167	0.884	0.165	0.885
4550	0.167	0.885	0.165	0.885
4560	0.166	0.884	0.164	0.884
4570	0.170	0.879	0.169	0.881
4580	0.165	0.885	0.164	0.889
4590	0.165	0.885	0.164	0.889
eigenvalues:  tensor([10.2311, 10.1574])
4600	0.164	0.886	0.162	0.889
4610	0.162	0.888	0.160	0.889
4620	0.162	0.888	0.160	0.889
4630	0.161	0.888	0.159	0.889
4640	0.161	0.889	0.159	0.889
4650	0.161	0.889	0.159	0.889
4660	0.161	0.889	0.158	0.891
4670	0.161	0.888	0.159	0.889
4680	0.161	0.887	0.159	0.888
4690	0.160	0.887	0.158	0.888
eigenvalues:  tensor([10.2875, 10.1373])
4700	0.160	0.886	0.159	0.887
4710	0.159	0.887	0.158	0.888
4720	0.158	0.889	0.156	0.890
4730	0.157	0.890	0.155	0.891
4740	0.157	0.890	0.155	0.892
4750	0.158	0.889	0.156	0.893
4760	0.159	0.888	0.157	0.893
4770	0.157	0.890	0.155	0.892
4780	0.157	0.890	0.155	0.891
4790	0.157	0.890	0.156	0.891
eigenvalues:  tensor([10.3450, 10.2744])
4800	0.157	0.891	0.155	0.890
4810	0.156	0.891	0.155	0.891
4820	0.156	0.891	0.154	0.891
4830	0.156	0.890	0.155	0.891
4840	0.156	0.890	0.155	0.891
4850	0.156	0.890	0.154	0.891
4860	0.156	0.890	0.155	0.891
4870	0.157	0.890	0.155	0.893
4880	0.155	0.892	0.154	0.894
4890	0.155	0.892	0.153	0.895
eigenvalues:  tensor([10.3500, 10.2738])
4900	0.155	0.892	0.154	0.895
4910	0.155	0.891	0.154	0.894
4920	0.155	0.892	0.153	0.894
4930	0.154	0.892	0.153	0.893
4940	0.154	0.892	0.152	0.893
4950	0.154	0.892	0.152	0.892
4960	0.154	0.892	0.153	0.892
4970	0.155	0.891	0.154	0.890
4980	0.155	0.892	0.154	0.891
4990	0.154	0.892	0.153	0.892
