/egr/research-slim/ghoshavr/edge-of-stability/src/cifar.py:79: UserWarning: To copy construct from a tensor, it is recommended to use sourceTensor.clone().detach() or sourceTensor.clone().detach().requires_grad_(True), rather than torch.tensor(sourceTensor).
  y_train = torch.tensor(mnist_train.targets)
/egr/research-slim/ghoshavr/edge-of-stability/src/cifar.py:80: UserWarning: To copy construct from a tensor, it is recommended to use sourceTensor.clone().detach() or sourceTensor.clone().detach().requires_grad_(True), rather than torch.tensor(sourceTensor).
  y_test = torch.tensor(mnist_test.targets)
device: cuda:0
output directory: RESULTS/mnist-5k/fc-relu-depth4/seed_0/mse/gd//lr_0.1
eigenvalues:  tensor([1.5432, 1.4784])
0	0.508	0.100	0.509	0.096
10	0.451	0.134	0.451	0.122
20	0.448	0.193	0.448	0.181
30	0.446	0.254	0.447	0.245
40	0.445	0.314	0.446	0.301
50	0.444	0.371	0.444	0.357
60	0.442	0.421	0.442	0.401
70	0.440	0.453	0.440	0.433
80	0.437	0.476	0.437	0.457
90	0.433	0.485	0.434	0.468
eigenvalues:  tensor([1.8831, 1.7082])
100	0.429	0.484	0.430	0.475
110	0.423	0.483	0.424	0.477
120	0.417	0.485	0.417	0.472
130	0.409	0.485	0.409	0.471
140	0.399	0.488	0.400	0.473
150	0.389	0.497	0.390	0.484
160	0.379	0.513	0.380	0.499
170	0.368	0.535	0.370	0.520
180	0.356	0.563	0.358	0.545
190	0.344	0.589	0.346	0.573
eigenvalues:  tensor([7.5490, 6.2865])
200	0.331	0.611	0.335	0.596
210	0.320	0.630	0.324	0.613
220	0.310	0.644	0.314	0.630
230	0.301	0.660	0.306	0.645
240	0.292	0.673	0.298	0.661
250	0.284	0.683	0.289	0.677
260	0.275	0.700	0.281	0.692
270	0.267	0.711	0.273	0.706
280	0.258	0.723	0.264	0.715
290	0.250	0.733	0.256	0.725
eigenvalues:  tensor([13.7240, 13.2231])
300	0.242	0.744	0.248	0.736
310	0.234	0.755	0.241	0.745
320	0.227	0.764	0.234	0.754
330	0.220	0.773	0.227	0.764
340	0.213	0.780	0.220	0.771
350	0.207	0.787	0.214	0.779
360	0.201	0.796	0.209	0.787
370	0.195	0.804	0.203	0.793
380	0.190	0.812	0.199	0.801
390	0.185	0.821	0.194	0.809
eigenvalues:  tensor([18.2898, 15.5511])
400	0.181	0.831	0.190	0.817
410	0.177	0.837	0.185	0.825
420	0.172	0.846	0.181	0.831
430	0.168	0.853	0.178	0.839
440	0.164	0.860	0.174	0.845
450	0.161	0.866	0.170	0.851
460	0.157	0.871	0.167	0.856
470	0.153	0.875	0.164	0.862
480	0.150	0.881	0.160	0.867
490	0.146	0.886	0.157	0.871
eigenvalues:  tensor([19.9617, 15.8378])
500	0.143	0.890	0.154	0.875
510	0.139	0.894	0.150	0.879
520	0.136	0.897	0.147	0.881
530	0.132	0.899	0.144	0.884
540	0.129	0.901	0.141	0.886
550	0.127	0.903	0.139	0.887
560	0.125	0.904	0.137	0.889
570	0.122	0.906	0.135	0.890
580	0.119	0.909	0.132	0.890
590	0.116	0.912	0.129	0.892
eigenvalues:  tensor([19.0299, 18.4481])
600	0.113	0.915	0.127	0.893
610	0.111	0.916	0.125	0.894
620	0.109	0.918	0.123	0.895
630	0.107	0.919	0.121	0.896
640	0.105	0.920	0.119	0.897
650	0.103	0.921	0.118	0.897
660	0.101	0.922	0.116	0.898
670	0.100	0.922	0.115	0.898
680	0.098	0.923	0.113	0.899
690	0.097	0.924	0.112	0.900
eigenvalues:  tensor([18.9122, 18.6586])
700	0.095	0.925	0.111	0.900
710	0.094	0.926	0.110	0.900
720	0.093	0.927	0.108	0.901
730	0.091	0.927	0.107	0.901
740	0.090	0.928	0.106	0.902
750	0.089	0.929	0.105	0.904
760	0.088	0.931	0.104	0.904
770	0.087	0.931	0.103	0.905
780	0.086	0.933	0.103	0.905
790	0.085	0.933	0.102	0.906
eigenvalues:  tensor([18.5454, 17.9611])
800	0.084	0.934	0.101	0.907
810	0.083	0.935	0.100	0.908
820	0.082	0.935	0.099	0.908
830	0.081	0.936	0.099	0.909
840	0.081	0.936	0.098	0.910
850	0.080	0.937	0.097	0.910
860	0.079	0.938	0.097	0.910
870	0.078	0.938	0.096	0.911
880	0.077	0.939	0.095	0.912
890	0.077	0.939	0.095	0.912
eigenvalues:  tensor([18.0246, 17.0353])
900	0.076	0.940	0.094	0.912
910	0.075	0.940	0.093	0.913
920	0.074	0.941	0.093	0.913
930	0.074	0.941	0.092	0.913
940	0.073	0.941	0.092	0.914
950	0.072	0.942	0.091	0.915
960	0.072	0.943	0.090	0.915
970	0.071	0.943	0.090	0.916
980	0.071	0.944	0.089	0.916
990	0.070	0.944	0.089	0.916
eigenvalues:  tensor([17.7682, 16.4141])
1000	0.069	0.945	0.088	0.917
1010	0.069	0.945	0.088	0.917
1020	0.068	0.946	0.087	0.917
1030	0.067	0.946	0.087	0.918
1040	0.067	0.946	0.086	0.918
1050	0.066	0.947	0.086	0.918
1060	0.066	0.947	0.085	0.918
1070	0.065	0.947	0.085	0.918
1080	0.065	0.947	0.085	0.919
1090	0.064	0.948	0.084	0.919
eigenvalues:  tensor([17.5518, 15.8681])
1100	0.064	0.949	0.084	0.919
1110	0.063	0.949	0.083	0.920
1120	0.063	0.950	0.083	0.920
1130	0.062	0.951	0.082	0.920
1140	0.062	0.951	0.082	0.920
1150	0.061	0.952	0.082	0.921
1160	0.061	0.952	0.081	0.921
1170	0.060	0.953	0.081	0.922
1180	0.060	0.954	0.081	0.922
1190	0.059	0.954	0.080	0.922
eigenvalues:  tensor([17.3827, 15.6608])
1200	0.059	0.954	0.080	0.922
1210	0.058	0.954	0.079	0.922
1220	0.058	0.955	0.079	0.923
1230	0.057	0.955	0.079	0.923
1240	0.057	0.956	0.078	0.924
1250	0.056	0.956	0.078	0.924
1260	0.056	0.956	0.078	0.924
1270	0.056	0.957	0.077	0.925
1280	0.055	0.957	0.077	0.925
1290	0.055	0.957	0.077	0.925
eigenvalues:  tensor([17.4391, 15.6017])
1300	0.054	0.957	0.076	0.925
1310	0.054	0.958	0.076	0.926
1320	0.054	0.959	0.076	0.926
1330	0.053	0.959	0.076	0.926
1340	0.053	0.959	0.075	0.927
1350	0.052	0.960	0.075	0.927
1360	0.052	0.960	0.075	0.927
1370	0.052	0.961	0.074	0.928
1380	0.051	0.961	0.074	0.928
1390	0.051	0.961	0.074	0.928
eigenvalues:  tensor([17.4914, 15.5848])
1400	0.051	0.961	0.074	0.928
1410	0.050	0.961	0.073	0.928
