/egr/research-slim/ghoshavr/edge-of-stability/src/cifar.py:79: UserWarning: To copy construct from a tensor, it is recommended to use sourceTensor.clone().detach() or sourceTensor.clone().detach().requires_grad_(True), rather than torch.tensor(sourceTensor).
  y_train = torch.tensor(mnist_train.targets)
/egr/research-slim/ghoshavr/edge-of-stability/src/cifar.py:80: UserWarning: To copy construct from a tensor, it is recommended to use sourceTensor.clone().detach() or sourceTensor.clone().detach().requires_grad_(True), rather than torch.tensor(sourceTensor).
  y_test = torch.tensor(mnist_test.targets)
device: cuda:7
output directory: RESULTS/mnist-whole/fc-hardtanh/seed_0/mse/gd//lr_0.15
eigenvalues:  tensor([10.6110,  9.9855])
0	0.506	0.097	0.506	0.100
10	0.316	0.703	0.313	0.719
20	0.271	0.754	0.268	0.770
30	0.251	0.783	0.247	0.800
40	0.240	0.804	0.235	0.820
50	0.232	0.817	0.227	0.832
60	0.227	0.826	0.222	0.840
70	0.229	0.829	0.225	0.843
80	0.223	0.839	0.218	0.852
90	0.219	0.840	0.214	0.853
eigenvalues:  tensor([13.6301, 13.3757])
100	0.217	0.842	0.212	0.855
110	0.216	0.842	0.210	0.856
120	0.215	0.841	0.210	0.855
130	0.217	0.838	0.212	0.851
140	0.216	0.842	0.210	0.857
150	0.220	0.846	0.215	0.860
160	0.214	0.852	0.208	0.864
170	0.214	0.848	0.208	0.860
180	0.212	0.847	0.206	0.859
190	0.210	0.848	0.204	0.861
eigenvalues:  tensor([13.7536, 13.2231])
200	0.209	0.847	0.204	0.860
210	0.210	0.844	0.204	0.857
220	0.211	0.839	0.206	0.852
230	0.211	0.842	0.207	0.855
240	0.212	0.847	0.208	0.861
250	0.208	0.854	0.203	0.867
260	0.207	0.855	0.202	0.867
270	0.209	0.854	0.203	0.866
280	0.210	0.851	0.204	0.863
290	0.207	0.850	0.201	0.861
eigenvalues:  tensor([13.8232, 13.3975])
300	0.207	0.848	0.202	0.856
310	0.208	0.848	0.203	0.857
320	0.208	0.854	0.203	0.864
330	0.207	0.857	0.202	0.868
340	0.205	0.858	0.200	0.869
350	0.205	0.856	0.200	0.868
360	0.205	0.855	0.200	0.867
370	0.207	0.852	0.202	0.864
380	0.207	0.850	0.203	0.862
390	0.205	0.849	0.202	0.859
eigenvalues:  tensor([13.6321, 13.4002])
400	0.205	0.850	0.201	0.860
410	0.204	0.851	0.200	0.861
420	0.204	0.853	0.200	0.863
430	0.204	0.855	0.199	0.866
440	0.204	0.858	0.199	0.867
450	0.206	0.857	0.201	0.869
460	0.208	0.853	0.205	0.866
470	0.203	0.852	0.199	0.864
480	0.202	0.851	0.199	0.863
490	0.202	0.852	0.198	0.863
eigenvalues:  tensor([13.8957, 13.5819])
500	0.202	0.852	0.198	0.863
510	0.202	0.852	0.198	0.863
520	0.202	0.852	0.198	0.862
530	0.204	0.850	0.200	0.859
540	0.209	0.844	0.205	0.854
550	0.204	0.851	0.199	0.861
560	0.204	0.847	0.200	0.857
570	0.204	0.845	0.200	0.855
580	0.202	0.848	0.198	0.859
590	0.201	0.851	0.197	0.862
eigenvalues:  tensor([13.9661, 13.6418])
600	0.201	0.853	0.197	0.865
610	0.202	0.854	0.198	0.867
620	0.203	0.855	0.199	0.868
630	0.201	0.855	0.197	0.867
640	0.201	0.855	0.196	0.868
650	0.201	0.854	0.197	0.867
660	0.207	0.848	0.204	0.860
670	0.204	0.850	0.201	0.861
680	0.202	0.850	0.199	0.860
690	0.201	0.850	0.198	0.861
eigenvalues:  tensor([14.3170, 13.7631])
700	0.203	0.846	0.199	0.859
710	0.205	0.842	0.201	0.853
720	0.202	0.848	0.199	0.858
730	0.202	0.849	0.198	0.858
740	0.201	0.849	0.197	0.858
750	0.201	0.848	0.197	0.859
760	0.200	0.851	0.196	0.860
770	0.200	0.853	0.196	0.864
780	0.202	0.855	0.197	0.867
790	0.202	0.856	0.198	0.868
eigenvalues:  tensor([13.8991, 13.4870])
800	0.201	0.854	0.197	0.862
810	0.202	0.848	0.198	0.858
820	0.201	0.847	0.198	0.857
830	0.202	0.847	0.198	0.857
840	0.201	0.849	0.197	0.860
850	0.199	0.853	0.195	0.865
860	0.199	0.854	0.195	0.865
870	0.201	0.853	0.197	0.866
880	0.202	0.851	0.200	0.863
890	0.199	0.852	0.196	0.862
eigenvalues:  tensor([13.9602, 13.7238])
900	0.199	0.851	0.196	0.860
910	0.201	0.849	0.199	0.858
920	0.200	0.852	0.197	0.863
930	0.202	0.855	0.198	0.867
940	0.202	0.856	0.198	0.868
950	0.199	0.855	0.196	0.865
960	0.199	0.854	0.196	0.866
970	0.200	0.855	0.197	0.864
980	0.201	0.856	0.198	0.865
990	0.204	0.853	0.199	0.864
eigenvalues:  tensor([13.4906, 13.3668])
1000	0.199	0.852	0.195	0.862
1010	0.198	0.852	0.194	0.861
1020	0.198	0.851	0.194	0.860
1030	0.199	0.848	0.195	0.859
1040	0.200	0.846	0.197	0.855
1050	0.199	0.850	0.196	0.859
1060	0.199	0.853	0.195	0.862
1070	0.199	0.854	0.195	0.863
1080	0.200	0.855	0.196	0.865
1090	0.200	0.854	0.196	0.865
eigenvalues:  tensor([13.7255, 13.5951])
1100	0.201	0.853	0.197	0.863
1110	0.199	0.855	0.196	0.863
1120	0.198	0.855	0.195	0.865
1130	0.198	0.857	0.195	0.866
1140	0.200	0.857	0.197	0.868
1150	0.200	0.856	0.196	0.868
1160	0.198	0.856	0.195	0.868
1170	0.203	0.853	0.200	0.863
1180	0.199	0.854	0.196	0.863
1190	0.199	0.850	0.197	0.859
eigenvalues:  tensor([13.7898, 13.6451])
1200	0.199	0.849	0.197	0.858
1210	0.197	0.852	0.194	0.863
1220	0.197	0.854	0.193	0.865
1230	0.198	0.855	0.194	0.866
1240	0.197	0.858	0.194	0.869
1250	0.196	0.860	0.193	0.870
1260	0.200	0.859	0.197	0.868
1270	0.200	0.854	0.197	0.864
1280	0.196	0.856	0.193	0.866
1290	0.195	0.856	0.192	0.866
eigenvalues:  tensor([14.2883, 13.8556])
1300	0.196	0.854	0.194	0.863
1310	0.200	0.850	0.198	0.860
1320	0.194	0.855	0.191	0.863
1330	0.193	0.856	0.190	0.866
1340	0.193	0.855	0.190	0.865
1350	0.194	0.852	0.191	0.860
1360	0.199	0.847	0.195	0.855
1370	0.193	0.856	0.190	0.862
1380	0.192	0.858	0.189	0.866
1390	0.192	0.859	0.189	0.866
eigenvalues:  tensor([14.1560, 13.7530])
1400	0.193	0.858	0.190	0.865
1410	0.193	0.856	0.191	0.865
1420	0.193	0.855	0.191	0.866
1430	0.195	0.853	0.192	0.862
1440	0.194	0.856	0.191	0.865
1450	0.191	0.859	0.188	0.868
1460	0.190	0.860	0.187	0.868
1470	0.190	0.859	0.187	0.868
1480	0.195	0.853	0.192	0.859
1490	0.193	0.856	0.190	0.862
eigenvalues:  tensor([13.8236, 13.7443])
1500	0.190	0.861	0.187	0.867
1510	0.190	0.862	0.187	0.868
1520	0.190	0.861	0.188	0.868
1530	0.190	0.862	0.188	0.869
1540	0.191	0.863	0.188	0.869
1550	0.193	0.863	0.190	0.871
1560	0.191	0.864	0.187	0.870
1570	0.189	0.863	0.186	0.869
1580	0.189	0.863	0.186	0.871
1590	0.189	0.863	0.186	0.872
eigenvalues:  tensor([13.7210, 13.4779])
1600	0.189	0.864	0.186	0.873
1610	0.189	0.865	0.187	0.872
1620	0.189	0.866	0.186	0.873
1630	0.189	0.866	0.186	0.873
1640	0.188	0.866	0.185	0.873
1650	0.188	0.865	0.185	0.873
1660	0.188	0.865	0.185	0.872
1670	0.190	0.864	0.187	0.870
1680	0.192	0.863	0.189	0.870
1690	0.188	0.865	0.185	0.871
eigenvalues:  tensor([13.6690, 13.6157])
1700	0.187	0.865	0.185	0.872
1710	0.188	0.865	0.185	0.871
1720	0.188	0.864	0.186	0.870
1730	0.188	0.864	0.186	0.870
1740	0.188	0.864	0.185	0.870
1750	0.187	0.864	0.185	0.869
1760	0.188	0.862	0.186	0.868
1770	0.190	0.860	0.188	0.865
1780	0.190	0.861	0.188	0.865
1790	0.189	0.862	0.187	0.868
eigenvalues:  tensor([13.9340, 13.3901])
1800	0.188	0.864	0.185	0.870
1810	0.187	0.864	0.185	0.869
1820	0.187	0.864	0.185	0.868
1830	0.188	0.861	0.186	0.867
1840	0.193	0.855	0.192	0.862
1850	0.188	0.862	0.186	0.869
1860	0.187	0.865	0.184	0.872
1870	0.187	0.866	0.184	0.873
1880	0.187	0.866	0.184	0.873
1890	0.187	0.866	0.184	0.873
eigenvalues:  tensor([13.6806, 13.5767])
1900	0.188	0.866	0.185	0.873
1910	0.188	0.865	0.186	0.873
1920	0.187	0.865	0.185	0.871
1930	0.187	0.864	0.185	0.871
1940	0.188	0.863	0.186	0.871
1950	0.188	0.863	0.186	0.871
1960	0.187	0.864	0.185	0.872
1970	0.187	0.866	0.185	0.872
1980	0.189	0.866	0.186	0.874
1990	0.188	0.867	0.186	0.875
eigenvalues:  tensor([13.5750, 13.4301])
2000	0.187	0.869	0.184	0.875
2010	0.187	0.868	0.184	0.874
2020	0.187	0.867	0.184	0.873
2030	0.187	0.866	0.184	0.871
2040	0.186	0.865	0.184	0.871
2050	0.187	0.865	0.184	0.871
2060	0.187	0.864	0.185	0.869
2070	0.187	0.865	0.185	0.870
2080	0.187	0.866	0.185	0.871
2090	0.187	0.867	0.185	0.873
eigenvalues:  tensor([13.5078, 13.3408])
2100	0.187	0.868	0.184	0.874
2110	0.186	0.869	0.184	0.875
2120	0.186	0.869	0.184	0.875
2130	0.186	0.868	0.184	0.875
2140	0.187	0.868	0.184	0.875
2150	0.186	0.867	0.184	0.874
2160	0.186	0.867	0.184	0.873
2170	0.186	0.866	0.183	0.873
2180	0.185	0.866	0.183	0.873
2190	0.185	0.866	0.183	0.873
eigenvalues:  tensor([13.8592, 13.5702])
2200	0.186	0.866	0.184	0.873
2210	0.187	0.864	0.186	0.872
2220	0.188	0.864	0.186	0.872
2230	0.186	0.867	0.184	0.874
2240	0.186	0.868	0.184	0.873
2250	0.186	0.867	0.184	0.873
2260	0.186	0.868	0.184	0.873
2270	0.187	0.868	0.184	0.874
2280	0.188	0.868	0.185	0.875
2290	0.188	0.868	0.185	0.875
eigenvalues:  tensor([13.7052, 13.4692])
2300	0.186	0.869	0.184	0.875
2310	0.186	0.868	0.184	0.874
2320	0.186	0.868	0.184	0.874
2330	0.186	0.867	0.184	0.874
2340	0.186	0.867	0.184	0.873
2350	0.186	0.867	0.184	0.873
2360	0.186	0.867	0.184	0.874
2370	0.187	0.867	0.184	0.872
2380	0.187	0.867	0.185	0.872
2390	0.186	0.868	0.184	0.873
eigenvalues:  tensor([13.5727, 13.2533])
2400	0.185	0.869	0.183	0.873
2410	0.185	0.869	0.183	0.873
2420	0.185	0.868	0.183	0.874
2430	0.185	0.869	0.183	0.874
2440	0.185	0.870	0.183	0.875
2450	0.187	0.870	0.185	0.875
2460	0.186	0.869	0.184	0.877
2470	0.185	0.869	0.183	0.876
2480	0.185	0.868	0.183	0.876
2490	0.185	0.869	0.183	0.875
eigenvalues:  tensor([13.5869, 13.4462])
2500	0.186	0.868	0.183	0.874
2510	0.186	0.867	0.184	0.872
2520	0.186	0.867	0.183	0.872
2530	0.185	0.867	0.183	0.872
2540	0.185	0.867	0.183	0.872
2550	0.186	0.866	0.184	0.871
2560	0.186	0.866	0.184	0.872
2570	0.185	0.866	0.183	0.873
2580	0.185	0.867	0.183	0.873
2590	0.185	0.867	0.183	0.873
eigenvalues:  tensor([13.7386, 13.5654])
2600	0.185	0.866	0.183	0.872
2610	0.185	0.865	0.184	0.871
2620	0.186	0.864	0.184	0.870
2630	0.186	0.862	0.184	0.869
2640	0.186	0.863	0.184	0.868
2650	0.186	0.864	0.184	0.871
2660	0.185	0.866	0.183	0.874
2670	0.185	0.867	0.183	0.875
2680	0.185	0.867	0.183	0.875
2690	0.186	0.866	0.185	0.874
eigenvalues:  tensor([13.6228, 13.5609])
2700	0.187	0.865	0.186	0.872
2710	0.186	0.866	0.184	0.872
2720	0.185	0.866	0.183	0.872
2730	0.185	0.866	0.183	0.871
2740	0.185	0.866	0.183	0.872
2750	0.185	0.867	0.183	0.872
2760	0.185	0.867	0.183	0.873
2770	0.184	0.868	0.183	0.874
2780	0.184	0.868	0.183	0.874
2790	0.184	0.868	0.183	0.875
eigenvalues:  tensor([13.8124, 13.5332])
2800	0.184	0.868	0.183	0.874
2810	0.185	0.868	0.183	0.873
2820	0.185	0.866	0.183	0.872
2830	0.186	0.863	0.184	0.870
2840	0.187	0.861	0.185	0.868
2850	0.186	0.862	0.184	0.868
2860	0.185	0.866	0.183	0.870
2870	0.184	0.868	0.182	0.872
2880	0.184	0.868	0.182	0.873
2890	0.184	0.868	0.182	0.873
eigenvalues:  tensor([13.9177, 13.5064])
2900	0.185	0.867	0.183	0.871
2910	0.188	0.864	0.186	0.867
2920	0.186	0.865	0.184	0.870
2930	0.185	0.868	0.183	0.873
2940	0.185	0.868	0.183	0.876
2950	0.185	0.869	0.183	0.877
2960	0.185	0.870	0.183	0.877
2970	0.185	0.870	0.183	0.876
2980	0.185	0.870	0.183	0.875
2990	0.185	0.870	0.183	0.876
eigenvalues:  tensor([13.6108, 13.3584])
3000	0.185	0.871	0.183	0.874
3010	0.184	0.870	0.182	0.874
3020	0.185	0.870	0.182	0.875
3030	0.185	0.869	0.183	0.874
3040	0.185	0.869	0.183	0.875
3050	0.185	0.869	0.183	0.875
3060	0.184	0.869	0.182	0.874
3070	0.184	0.869	0.182	0.874
3080	0.184	0.868	0.182	0.873
3090	0.185	0.867	0.183	0.872
eigenvalues:  tensor([13.6582, 13.4140])
3100	0.186	0.865	0.184	0.869
3110	0.186	0.865	0.184	0.869
3120	0.185	0.868	0.183	0.873
3130	0.185	0.869	0.183	0.874
3140	0.185	0.870	0.183	0.876
3150	0.185	0.871	0.183	0.877
3160	0.184	0.871	0.182	0.877
3170	0.184	0.871	0.182	0.876
3180	0.184	0.871	0.182	0.875
3190	0.184	0.871	0.183	0.874
eigenvalues:  tensor([13.3966, 13.3577])
3200	0.185	0.870	0.183	0.873
3210	0.185	0.869	0.183	0.873
3220	0.184	0.869	0.182	0.873
3230	0.184	0.869	0.182	0.873
3240	0.184	0.868	0.182	0.874
3250	0.184	0.868	0.182	0.873
3260	0.184	0.867	0.183	0.873
3270	0.185	0.867	0.183	0.873
3280	0.184	0.868	0.182	0.873
3290	0.184	0.869	0.182	0.874
eigenvalues:  tensor([13.6391, 13.5479])
3300	0.184	0.869	0.182	0.874
3310	0.184	0.869	0.182	0.873
3320	0.184	0.869	0.182	0.873
3330	0.184	0.869	0.182	0.873
3340	0.184	0.869	0.182	0.874
3350	0.185	0.870	0.183	0.876
3360	0.185	0.871	0.183	0.876
3370	0.185	0.871	0.183	0.876
3380	0.184	0.871	0.182	0.877
3390	0.184	0.870	0.182	0.874
eigenvalues:  tensor([13.6151, 13.5201])
3400	0.185	0.868	0.183	0.871
3410	0.185	0.868	0.183	0.871
3420	0.184	0.867	0.182	0.871
3430	0.184	0.867	0.182	0.872
3440	0.185	0.866	0.183	0.871
3450	0.185	0.866	0.183	0.872
3460	0.184	0.868	0.182	0.874
3470	0.184	0.869	0.182	0.875
3480	0.184	0.870	0.182	0.875
3490	0.184	0.871	0.182	0.876
eigenvalues:  tensor([13.6533, 13.4981])
3500	0.184	0.871	0.182	0.874
3510	0.185	0.871	0.183	0.874
3520	0.185	0.870	0.183	0.874
3530	0.184	0.869	0.183	0.873
3540	0.184	0.868	0.182	0.874
3550	0.184	0.867	0.183	0.871
3560	0.185	0.865	0.184	0.869
3570	0.185	0.864	0.184	0.870
3580	0.184	0.866	0.183	0.871
3590	0.184	0.867	0.182	0.872
eigenvalues:  tensor([13.7369, 13.5042])
3600	0.184	0.867	0.182	0.872
3610	0.184	0.867	0.182	0.872
3620	0.184	0.868	0.183	0.873
3630	0.185	0.869	0.183	0.874
3640	0.185	0.869	0.184	0.875
3650	0.185	0.870	0.183	0.877
3660	0.184	0.870	0.183	0.876
3670	0.184	0.870	0.182	0.874
3680	0.183	0.869	0.182	0.874
3690	0.183	0.869	0.182	0.874
eigenvalues:  tensor([13.5502, 13.4130])
3700	0.183	0.869	0.182	0.873
3710	0.183	0.868	0.182	0.873
3720	0.183	0.868	0.182	0.872
3730	0.184	0.868	0.182	0.871
3740	0.184	0.868	0.182	0.871
3750	0.183	0.868	0.182	0.871
3760	0.183	0.868	0.182	0.872
3770	0.184	0.867	0.182	0.873
3780	0.184	0.866	0.183	0.871
3790	0.185	0.863	0.184	0.869
eigenvalues:  tensor([13.7338, 13.5132])
3800	0.185	0.863	0.184	0.870
3810	0.184	0.866	0.182	0.872
3820	0.183	0.867	0.182	0.873
3830	0.184	0.867	0.182	0.872
3840	0.185	0.865	0.183	0.870
3850	0.185	0.865	0.183	0.869
3860	0.184	0.868	0.182	0.873
3870	0.183	0.869	0.182	0.875
3880	0.183	0.870	0.182	0.875
3890	0.183	0.870	0.182	0.875
eigenvalues:  tensor([13.5241, 13.4694])
3900	0.183	0.870	0.182	0.875
3910	0.183	0.870	0.182	0.874
3920	0.183	0.869	0.182	0.874
3930	0.183	0.868	0.182	0.873
3940	0.184	0.867	0.182	0.871
3950	0.184	0.866	0.183	0.870
3960	0.184	0.866	0.183	0.869
3970	0.184	0.867	0.182	0.871
3980	0.183	0.868	0.182	0.874
3990	0.183	0.867	0.182	0.874
eigenvalues:  tensor([13.6733, 13.6544])
4000	0.184	0.867	0.182	0.873
4010	0.184	0.865	0.183	0.872
4020	0.184	0.866	0.183	0.872
4030	0.184	0.867	0.182	0.873
4040	0.183	0.869	0.182	0.873
4050	0.184	0.869	0.182	0.874
4060	0.185	0.870	0.183	0.874
4070	0.185	0.871	0.183	0.876
4080	0.184	0.871	0.182	0.877
4090	0.183	0.871	0.182	0.878
eigenvalues:  tensor([13.6672, 13.5030])
4100	0.184	0.871	0.182	0.878
4110	0.184	0.871	0.182	0.878
4120	0.184	0.871	0.182	0.877
4130	0.183	0.870	0.182	0.876
4140	0.183	0.870	0.182	0.875
4150	0.184	0.869	0.182	0.874
4160	0.184	0.868	0.183	0.873
4170	0.184	0.868	0.182	0.873
4180	0.184	0.867	0.182	0.872
4190	0.184	0.866	0.183	0.871
eigenvalues:  tensor([13.5711, 13.5028])
4200	0.184	0.865	0.183	0.871
4210	0.184	0.867	0.182	0.872
4220	0.183	0.867	0.182	0.873
4230	0.183	0.867	0.182	0.873
4240	0.183	0.867	0.182	0.873
4250	0.184	0.867	0.182	0.871
4260	0.184	0.867	0.182	0.871
4270	0.183	0.867	0.182	0.871
4280	0.183	0.868	0.182	0.873
4290	0.183	0.868	0.181	0.873
eigenvalues:  tensor([13.8130, 13.4694])
4300	0.183	0.867	0.182	0.874
4310	0.184	0.866	0.183	0.871
4320	0.185	0.865	0.184	0.869
4330	0.184	0.868	0.182	0.872
4340	0.183	0.870	0.182	0.873
4350	0.183	0.870	0.182	0.875
4360	0.183	0.871	0.182	0.875
4370	0.183	0.871	0.182	0.876
4380	0.184	0.871	0.182	0.876
4390	0.184	0.871	0.182	0.876
eigenvalues:  tensor([13.4473, 13.3060])
4400	0.184	0.871	0.182	0.876
4410	0.183	0.870	0.182	0.876
4420	0.183	0.870	0.181	0.875
4430	0.183	0.870	0.181	0.875
4440	0.183	0.869	0.181	0.874
4450	0.183	0.869	0.181	0.874
4460	0.183	0.868	0.181	0.874
4470	0.183	0.868	0.181	0.874
4480	0.183	0.869	0.181	0.874
4490	0.183	0.869	0.182	0.875
eigenvalues:  tensor([13.6607, 13.4453])
4500	0.183	0.869	0.182	0.876
4510	0.184	0.870	0.183	0.876
4520	0.184	0.871	0.183	0.875
4530	0.183	0.871	0.182	0.875
4540	0.183	0.871	0.181	0.875
4550	0.183	0.872	0.181	0.875
4560	0.183	0.872	0.181	0.876
4570	0.183	0.872	0.181	0.877
4580	0.184	0.872	0.182	0.877
4590	0.184	0.871	0.182	0.877
eigenvalues:  tensor([13.4860, 13.3702])
4600	0.183	0.871	0.182	0.876
4610	0.183	0.871	0.181	0.876
4620	0.183	0.870	0.181	0.875
4630	0.183	0.870	0.181	0.875
4640	0.183	0.870	0.181	0.875
4650	0.183	0.870	0.181	0.875
4660	0.183	0.869	0.181	0.875
4670	0.183	0.869	0.181	0.874
4680	0.183	0.869	0.181	0.874
4690	0.183	0.869	0.181	0.874
eigenvalues:  tensor([13.8041, 13.6024])
4700	0.183	0.869	0.182	0.873
4710	0.184	0.868	0.182	0.874
4720	0.184	0.869	0.183	0.875
4730	0.184	0.870	0.183	0.875
4740	0.184	0.870	0.182	0.874
4750	0.183	0.870	0.182	0.874
4760	0.183	0.871	0.182	0.875
4770	0.183	0.871	0.181	0.876
4780	0.183	0.870	0.182	0.876
4790	0.183	0.870	0.182	0.875
eigenvalues:  tensor([13.7134, 13.4519])
4800	0.183	0.870	0.182	0.876
4810	0.183	0.868	0.182	0.874
4820	0.183	0.866	0.182	0.873
4830	0.184	0.865	0.183	0.869
4840	0.184	0.864	0.183	0.867
4850	0.183	0.866	0.182	0.868
4860	0.183	0.867	0.182	0.870
4870	0.183	0.869	0.181	0.872
4880	0.183	0.870	0.181	0.874
4890	0.183	0.871	0.181	0.874
eigenvalues:  tensor([13.6217, 13.4982])
4900	0.183	0.871	0.182	0.875
4910	0.184	0.870	0.182	0.876
4920	0.183	0.870	0.182	0.876
4930	0.183	0.870	0.181	0.874
4940	0.183	0.870	0.181	0.875
4950	0.183	0.869	0.181	0.874
4960	0.183	0.869	0.181	0.874
4970	0.183	0.869	0.181	0.875
4980	0.183	0.870	0.181	0.875
4990	0.183	0.870	0.181	0.876
